2026-03-22 08:01:49,567 [INFO] GPU: NVIDIA H200
2026-03-22 08:01:49,568 [INFO] Config: {
  "data_dir": "/data/slr/track2_",
  "output_dir": "/data/slr/checkpoints_v54",
  "max_frames": 48,
  "img_size": 224,
  "n_classes": 126,
  "teacher_img_size": 224,
  "teacher_max_frames": 48,
  "channel_means": [
    -64.3217,
    -62.9119,
    -63.9254
  ],
  "channel_stds": [
    12.5721,
    11.662,
    11.7259
  ],
  "n_folds": 5,
  "batch_size": 48,
  "num_workers": 2,
  "stage1_epochs": 3,
  "stage1_lr": 0.0005,
  "stage2_epochs": 120,
  "stage2_lr": 0.0001,
  "swa_epochs": 15,
  "swa_lr": 2e-06,
  "weight_decay": 0.05,
  "warmup_pct": 0.1,
  "label_smoothing": 0.1,
  "early_stopping_patience": 30,
  "grad_clip_norm": 1.0,
  "llrd_decay": 0.9,
  "kd_alpha": 0.5,
  "kd_tau": 4.0,
  "mixup_alpha": 0.4,
  "cutmix_alpha": 1.0,
  "cutmix_prob": 0.5,
  "time_mask_max": 8,
  "range_mask_max": 30,
  "noise_std": 0.1,
  "time_warp_lo": 0.8,
  "time_warp_hi": 1.2,
  "time_reverse_prob": 0.5,
  "channel_shuffle_prob": 0.2,
  "channel_drop_prob": 0.1,
  "random_erase_prob": 0.2,
  "circ_shift_prob": 0.3,
  "circ_shift_max": 8,
  "amp_scale_prob": 0.5,
  "amp_scale_lo": 0.8,
  "amp_scale_hi": 1.2,
  "model_name": "vit_base_patch14_dinov2.lvd142m",
  "drop_path_rate": 0.1,
  "drop_rate": 0.3,
  "ms_dropout_samples": 5,
  "seed": 42
}
2026-03-22 08:01:49,568 [INFO] ★★★ DINOv2 ViT-B/14 @ 224 ★★★
2026-03-22 08:01:49,657 [INFO] Train: 14742 | Eval: 9828
2026-03-22 08:01:54,713 [INFO] Pre-computing teacher soft labels …
2026-03-22 08:01:58,399 [INFO]   Loaded 10 teachers
2026-03-22 08:03:55,713 [INFO]   Soft labels: 14742
2026-03-22 08:03:55,713 [INFO] KD α=0.50 τ=4.0 | DINOv2 ViT-B | No born-again
2026-03-22 08:03:55,718 [INFO] ================================================================
2026-03-22 08:03:55,718 [INFO] FOLD 1 / 5
2026-03-22 08:03:55,718 [INFO] ================================================================
2026-03-22 08:03:56,341 [INFO] Loading pretrained weights from Hugging Face hub (timm/vit_base_patch14_dinov2.lvd142m)
2026-03-22 08:04:01,424 [INFO] HTTP Request: HEAD https://huggingface.co/timm/vit_base_patch14_dinov2.lvd142m/resolve/main/model.safetensors "HTTP/1.1 302 Found"
2026-03-22 08:04:01,426 [INFO] [timm/vit_base_patch14_dinov2.lvd142m] Safe alternative available for 'pytorch_model.bin' (as 'model.safetensors'). Loading weights using safetensors.
2026-03-22 08:04:01,431 [INFO] Resized position embedding: (37, 37) to (16, 16).
2026-03-22 08:04:01,510 [INFO] ── Stage 1: head warmup (3 ep) ──
2026-03-22 08:04:23,999 [INFO]   S1 Ep 1/3  loss=2.8382 acc=0.7%  val=1.5%  22s
2026-03-22 08:04:24,417 [INFO]   ★ best 1.53%
2026-03-22 08:04:46,957 [INFO]   S1 Ep 2/3  loss=2.8029 acc=1.1%  val=1.9%  23s
2026-03-22 08:04:47,451 [INFO]   ★ best 1.90%
2026-03-22 08:05:09,734 [INFO]   S1 Ep 3/3  loss=2.7697 acc=1.2%  val=2.2%  22s
2026-03-22 08:05:10,227 [INFO]   ★ best 2.20%
2026-03-22 08:05:10,227 [INFO] ── Stage 2: full fine-tune (120 ep) ──
2026-03-22 08:05:10,229 [INFO] LLRD: 28 groups, LR [2.54e-05 … 1.00e-04]
2026-03-22 08:06:01,082 [INFO]   S2 Ep   1/120  loss=2.7671 acc=1.2%  val=3.0%  lr=5.64e-06    51s
2026-03-22 08:06:01,519 [INFO]   ★ best 2.95%
2026-03-22 08:06:51,586 [INFO]   S2 Ep   2/120  loss=2.7361 acc=1.5%  val=2.6%  lr=1.04e-05    50s
2026-03-22 08:07:42,301 [INFO]   S2 Ep   3/120  loss=2.6895 acc=2.6%  val=8.1%  lr=1.81e-05    51s
2026-03-22 08:07:42,802 [INFO]   ★ best 8.14%
2026-03-22 08:08:33,225 [INFO]   S2 Ep   4/120  loss=2.5996 acc=5.3%  val=13.3%  lr=2.80e-05    50s
2026-03-22 08:08:33,645 [INFO]   ★ best 13.26%
2026-03-22 08:09:24,171 [INFO]   S2 Ep   5/120  loss=2.5404 acc=7.3%  val=18.9%  lr=3.96e-05    51s
2026-03-22 08:09:24,608 [INFO]   ★ best 18.89%
2026-03-22 08:10:15,253 [INFO]   S2 Ep   6/120  loss=2.4386 acc=10.7%  val=26.0%  lr=5.20e-05    51s
2026-03-22 08:10:15,664 [INFO]   ★ best 26.01%
2026-03-22 08:11:06,266 [INFO]   S2 Ep   7/120  loss=2.3776 acc=13.4%  val=28.7%  lr=6.45e-05    51s
2026-03-22 08:11:06,686 [INFO]   ★ best 28.69%
2026-03-22 08:11:57,461 [INFO]   S2 Ep   8/120  loss=2.3445 acc=15.6%  val=31.8%  lr=7.60e-05    51s
2026-03-22 08:11:57,967 [INFO]   ★ best 31.84%
2026-03-22 08:12:48,673 [INFO]   S2 Ep   9/120  loss=2.2729 acc=18.7%  val=37.3%  lr=8.60e-05    51s
2026-03-22 08:12:49,179 [INFO]   ★ best 37.27%
2026-03-22 08:13:40,125 [INFO]   S2 Ep  10/120  loss=2.2366 acc=20.4%  val=43.9%  lr=9.36e-05    51s
2026-03-22 08:13:40,557 [INFO]   ★ best 43.95%
2026-03-22 08:14:31,434 [INFO]   S2 Ep  11/120  loss=2.1730 acc=23.3%  val=44.9%  lr=9.84e-05    51s
2026-03-22 08:14:31,872 [INFO]   ★ best 44.93%
2026-03-22 08:15:22,727 [INFO]   S2 Ep  12/120  loss=2.1399 acc=25.1%  val=44.3%  lr=1.00e-04    51s
2026-03-22 08:16:13,089 [INFO]   S2 Ep  13/120  loss=2.0549 acc=28.6%  val=50.7%  lr=1.00e-04    50s
2026-03-22 08:16:13,547 [INFO]   ★ best 50.66%
2026-03-22 08:17:04,061 [INFO]   S2 Ep  14/120  loss=1.9892 acc=32.2%  val=56.1%  lr=9.99e-05    51s
2026-03-22 08:17:04,525 [INFO]   ★ best 56.05%
2026-03-22 08:17:55,075 [INFO]   S2 Ep  15/120  loss=1.9832 acc=32.6%  val=58.5%  lr=9.98e-05    51s
2026-03-22 08:17:55,528 [INFO]   ★ best 58.49%
2026-03-22 08:18:46,082 [INFO]   S2 Ep  16/120  loss=1.9857 acc=32.3%  val=60.6%  lr=9.97e-05    51s
2026-03-22 08:18:46,582 [INFO]   ★ best 60.56%
2026-03-22 08:19:37,565 [INFO]   S2 Ep  17/120  loss=1.8538 acc=37.2%  val=63.1%  lr=9.95e-05    51s
2026-03-22 08:19:38,069 [INFO]   ★ best 63.07%
2026-03-22 08:20:28,245 [INFO]   S2 Ep  18/120  loss=1.8772 acc=37.5%  val=62.5%  lr=9.92e-05    50s
2026-03-22 08:21:19,246 [INFO]   S2 Ep  19/120  loss=1.8241 acc=39.8%  val=64.5%  lr=9.90e-05    51s
2026-03-22 08:21:19,709 [INFO]   ★ best 64.50%
2026-03-22 08:22:10,604 [INFO]   S2 Ep  20/120  loss=1.8226 acc=39.8%  val=67.7%  lr=9.87e-05    51s
2026-03-22 08:22:11,114 [INFO]   ★ best 67.68%
2026-03-22 08:23:01,999 [INFO]   S2 Ep  21/120  loss=1.7839 acc=42.0%  val=68.0%  lr=9.83e-05    51s
2026-03-22 08:23:02,430 [INFO]   ★ best 67.99%
2026-03-22 08:23:53,138 [INFO]   S2 Ep  22/120  loss=1.7400 acc=43.6%  val=68.4%  lr=9.79e-05    51s
2026-03-22 08:23:53,657 [INFO]   ★ best 68.43%
2026-03-22 08:24:44,666 [INFO]   S2 Ep  23/120  loss=1.7216 acc=44.6%  val=71.0%  lr=9.75e-05    51s
2026-03-22 08:24:45,105 [INFO]   ★ best 70.97%
2026-03-22 08:25:35,597 [INFO]   S2 Ep  24/120  loss=1.6915 acc=45.3%  val=71.2%  lr=9.70e-05    50s
2026-03-22 08:25:36,035 [INFO]   ★ best 71.18%
2026-03-22 08:26:27,091 [INFO]   S2 Ep  25/120  loss=1.6642 acc=47.7%  val=71.3%  lr=9.65e-05    51s
2026-03-22 08:26:27,550 [INFO]   ★ best 71.35%
2026-03-22 08:27:18,549 [INFO]   S2 Ep  26/120  loss=1.6393 acc=48.2%  val=71.7%  lr=9.59e-05    51s
2026-03-22 08:27:18,989 [INFO]   ★ best 71.72%
2026-03-22 08:28:09,969 [INFO]   S2 Ep  27/120  loss=1.6049 acc=49.8%  val=72.1%  lr=9.53e-05    51s
2026-03-22 08:28:10,389 [INFO]   ★ best 72.09%
2026-03-22 08:29:01,279 [INFO]   S2 Ep  28/120  loss=1.6117 acc=49.4%  val=74.2%  lr=9.47e-05    51s
2026-03-22 08:29:01,701 [INFO]   ★ best 74.16%
2026-03-22 08:29:52,391 [INFO]   S2 Ep  29/120  loss=1.6186 acc=48.8%  val=75.5%  lr=9.40e-05    51s
2026-03-22 08:29:52,887 [INFO]   ★ best 75.48%
2026-03-22 08:30:43,751 [INFO]   S2 Ep  30/120  loss=1.5429 acc=52.3%  val=71.7%  lr=9.33e-05    51s
2026-03-22 08:31:34,424 [INFO]   S2 Ep  31/120  loss=1.5878 acc=50.8%  val=75.0%  lr=9.26e-05    51s
2026-03-22 08:32:24,860 [INFO]   S2 Ep  32/120  loss=1.5059 acc=54.3%  val=76.9%  lr=9.18e-05    50s
2026-03-22 08:32:25,308 [INFO]   ★ best 76.94%
2026-03-22 08:33:16,249 [INFO]   S2 Ep  33/120  loss=1.5404 acc=53.1%  val=77.3%  lr=9.10e-05    51s
2026-03-22 08:33:16,703 [INFO]   ★ best 77.35%
2026-03-22 08:34:07,571 [INFO]   S2 Ep  34/120  loss=1.5331 acc=53.3%  val=77.4%  lr=9.01e-05    51s
2026-03-22 08:34:08,014 [INFO]   ★ best 77.42%
2026-03-22 08:34:58,939 [INFO]   S2 Ep  35/120  loss=1.5137 acc=54.1%  val=75.3%  lr=8.92e-05    51s
2026-03-22 08:35:49,874 [INFO]   S2 Ep  36/120  loss=1.4962 acc=54.9%  val=77.7%  lr=8.83e-05    51s
2026-03-22 08:35:50,400 [INFO]   ★ best 77.65%
2026-03-22 08:36:41,232 [INFO]   S2 Ep  37/120  loss=1.4595 acc=56.6%  val=76.9%  lr=8.73e-05    51s
2026-03-22 08:37:31,726 [INFO]   S2 Ep  38/120  loss=1.4496 acc=57.3%  val=77.1%  lr=8.64e-05    50s
2026-03-22 08:38:22,809 [INFO]   S2 Ep  39/120  loss=1.3821 acc=59.9%  val=78.9%  lr=8.54e-05    51s
2026-03-22 08:38:23,335 [INFO]   ★ best 78.91%
2026-03-22 08:39:14,349 [INFO]   S2 Ep  40/120  loss=1.4374 acc=57.8%  val=78.0%  lr=8.43e-05    51s
2026-03-22 08:40:05,138 [INFO]   S2 Ep  41/120  loss=1.4430 acc=57.4%  val=78.9%  lr=8.32e-05    51s
2026-03-22 08:40:05,665 [INFO]   ★ best 78.94%
2026-03-22 08:40:56,359 [INFO]   S2 Ep  42/120  loss=1.4014 acc=59.1%  val=79.9%  lr=8.21e-05    51s
2026-03-22 08:40:56,893 [INFO]   ★ best 79.93%
2026-03-22 08:41:48,031 [INFO]   S2 Ep  43/120  loss=1.3997 acc=59.1%  val=78.8%  lr=8.10e-05    51s
2026-03-22 08:42:38,930 [INFO]   S2 Ep  44/120  loss=1.3758 acc=60.9%  val=80.3%  lr=7.99e-05    51s
2026-03-22 08:42:39,427 [INFO]   ★ best 80.30%
2026-03-22 08:43:30,236 [INFO]   S2 Ep  45/120  loss=1.3928 acc=59.9%  val=79.5%  lr=7.87e-05    51s
2026-03-22 08:44:20,975 [INFO]   S2 Ep  46/120  loss=1.3430 acc=62.2%  val=79.6%  lr=7.75e-05    51s
2026-03-22 08:45:11,790 [INFO]   S2 Ep  47/120  loss=1.2840 acc=64.3%  val=80.3%  lr=7.62e-05    51s
2026-03-22 08:46:02,660 [INFO]   S2 Ep  48/120  loss=1.3680 acc=60.7%  val=80.6%  lr=7.50e-05    51s
2026-03-22 08:46:03,160 [INFO]   ★ best 80.57%
2026-03-22 08:46:53,580 [INFO]   S2 Ep  49/120  loss=1.3570 acc=61.5%  val=80.7%  lr=7.37e-05    50s
2026-03-22 08:46:54,110 [INFO]   ★ best 80.71%
2026-03-22 08:47:45,146 [INFO]   S2 Ep  50/120  loss=1.4045 acc=59.5%  val=82.6%  lr=7.24e-05    51s
2026-03-22 08:47:45,586 [INFO]   ★ best 82.57%
2026-03-22 08:48:36,032 [INFO]   S2 Ep  51/120  loss=1.2638 acc=65.6%  val=81.8%  lr=7.11e-05    50s
2026-03-22 08:49:26,110 [INFO]   S2 Ep  52/120  loss=1.2900 acc=64.0%  val=81.9%  lr=6.98e-05    50s
2026-03-22 08:50:16,703 [INFO]   S2 Ep  53/120  loss=1.3253 acc=62.8%  val=80.6%  lr=6.85e-05    51s
2026-03-22 08:51:07,551 [INFO]   S2 Ep  54/120  loss=1.3129 acc=63.3%  val=81.8%  lr=6.71e-05    51s
2026-03-22 08:51:58,157 [INFO]   S2 Ep  55/120  loss=1.2794 acc=64.6%  val=81.4%  lr=6.57e-05    51s
2026-03-22 08:52:49,165 [INFO]   S2 Ep  56/120  loss=1.2465 acc=66.1%  val=82.8%  lr=6.43e-05    51s
2026-03-22 08:52:49,653 [INFO]   ★ best 82.77%
2026-03-22 08:53:39,930 [INFO]   S2 Ep  57/120  loss=1.2478 acc=65.9%  val=82.2%  lr=6.29e-05    50s
2026-03-22 08:54:30,686 [INFO]   S2 Ep  58/120  loss=1.2444 acc=66.7%  val=82.5%  lr=6.15e-05    51s
2026-03-22 08:55:21,494 [INFO]   S2 Ep  59/120  loss=1.2363 acc=66.1%  val=81.8%  lr=6.01e-05    51s
2026-03-22 08:56:12,432 [INFO]   S2 Ep  60/120  loss=1.2264 acc=67.0%  val=82.1%  lr=5.87e-05    51s
2026-03-22 08:57:02,377 [INFO]   S2 Ep  61/120  loss=1.2320 acc=67.0%  val=82.5%  lr=5.72e-05    50s
2026-03-22 08:57:55,586 [INFO]   S2 Ep  62/120  loss=1.2348 acc=66.4%  val=82.5%  lr=5.58e-05    53s
2026-03-22 08:58:46,422 [INFO]   S2 Ep  63/120  loss=1.2590 acc=65.7%  val=82.2%  lr=5.44e-05    51s
2026-03-22 08:59:37,085 [INFO]   S2 Ep  64/120  loss=1.1822 acc=69.2%  val=83.2%  lr=5.29e-05    51s
2026-03-22 08:59:37,537 [INFO]   ★ best 83.21%
2026-03-22 09:00:27,942 [INFO]   S2 Ep  65/120  loss=1.2104 acc=68.0%  val=82.4%  lr=5.15e-05    50s
2026-03-22 09:01:18,653 [INFO]   S2 Ep  66/120  loss=1.2017 acc=67.8%  val=82.8%  lr=5.00e-05    51s
2026-03-22 09:02:09,426 [INFO]   S2 Ep  67/120  loss=1.2487 acc=65.4%  val=83.6%  lr=4.85e-05    51s
2026-03-22 09:02:09,850 [INFO]   ★ best 83.55%
2026-03-22 09:03:00,633 [INFO]   S2 Ep  68/120  loss=1.1857 acc=68.7%  val=83.9%  lr=4.71e-05    51s
2026-03-22 09:03:01,089 [INFO]   ★ best 83.93%
2026-03-22 09:03:51,902 [INFO]   S2 Ep  69/120  loss=1.1823 acc=68.8%  val=83.1%  lr=4.56e-05    51s
2026-03-22 09:04:42,676 [INFO]   S2 Ep  70/120  loss=1.1761 acc=69.0%  val=83.9%  lr=4.42e-05    51s
2026-03-22 09:05:32,891 [INFO]   S2 Ep  71/120  loss=1.1924 acc=68.6%  val=83.1%  lr=4.27e-05    50s
2026-03-22 09:06:23,583 [INFO]   S2 Ep  72/120  loss=1.1681 acc=68.9%  val=83.5%  lr=4.13e-05    51s
2026-03-22 09:07:14,269 [INFO]   S2 Ep  73/120  loss=1.1541 acc=69.9%  val=83.9%  lr=3.99e-05    51s
2026-03-22 09:08:04,958 [INFO]   S2 Ep  74/120  loss=1.1331 acc=70.9%  val=84.2%  lr=3.85e-05    51s
2026-03-22 09:08:05,386 [INFO]   ★ best 84.20%
2026-03-22 09:08:56,036 [INFO]   S2 Ep  75/120  loss=1.1382 acc=70.6%  val=83.7%  lr=3.71e-05    51s
2026-03-22 09:09:46,028 [INFO]   S2 Ep  76/120  loss=1.1458 acc=69.9%  val=83.9%  lr=3.57e-05    50s
2026-03-22 09:10:36,384 [INFO]   S2 Ep  77/120  loss=1.1547 acc=69.6%  val=84.0%  lr=3.43e-05    50s
2026-03-22 09:11:26,606 [INFO]   S2 Ep  78/120  loss=1.1424 acc=70.3%  val=84.8%  lr=3.29e-05    50s
2026-03-22 09:11:27,124 [INFO]   ★ best 84.77%
2026-03-22 09:12:17,945 [INFO]   S2 Ep  79/120  loss=1.1390 acc=70.2%  val=84.6%  lr=3.15e-05    51s
2026-03-22 09:13:08,681 [INFO]   S2 Ep  80/120  loss=1.1093 acc=71.6%  val=84.5%  lr=3.02e-05    51s
2026-03-22 09:13:58,878 [INFO]   S2 Ep  81/120  loss=1.1368 acc=70.0%  val=84.1%  lr=2.89e-05    50s
2026-03-22 09:14:49,622 [INFO]   S2 Ep  82/120  loss=1.1705 acc=68.6%  val=84.1%  lr=2.76e-05    51s
2026-03-22 09:15:40,367 [INFO]   S2 Ep  83/120  loss=1.0574 acc=73.6%  val=85.1%  lr=2.63e-05    51s
2026-03-22 09:15:40,849 [INFO]   ★ best 85.11%
2026-03-22 09:16:31,613 [INFO]   S2 Ep  84/120  loss=1.1207 acc=70.4%  val=84.6%  lr=2.50e-05    51s
2026-03-22 09:17:22,419 [INFO]   S2 Ep  85/120  loss=1.1141 acc=70.9%  val=84.7%  lr=2.37e-05    51s
2026-03-22 09:18:13,135 [INFO]   S2 Ep  86/120  loss=1.0777 acc=72.8%  val=84.7%  lr=2.25e-05    51s
2026-03-22 09:19:03,892 [INFO]   S2 Ep  87/120  loss=1.1281 acc=69.9%  val=84.9%  lr=2.13e-05    51s
2026-03-22 09:19:54,598 [INFO]   S2 Ep  88/120  loss=1.1108 acc=71.3%  val=84.3%  lr=2.01e-05    51s
2026-03-22 09:20:45,205 [INFO]   S2 Ep  89/120  loss=1.1076 acc=70.8%  val=84.4%  lr=1.90e-05    51s
2026-03-22 09:21:35,888 [INFO]   S2 Ep  90/120  loss=1.0690 acc=72.7%  val=85.0%  lr=1.79e-05    51s
2026-03-22 09:22:26,018 [INFO]   S2 Ep  91/120  loss=1.0766 acc=72.5%  val=84.6%  lr=1.68e-05    50s
2026-03-22 09:23:16,726 [INFO]   S2 Ep  92/120  loss=1.1051 acc=70.8%  val=85.3%  lr=1.57e-05    51s
2026-03-22 09:23:17,142 [INFO]   ★ best 85.28%
2026-03-22 09:24:07,654 [INFO]   S2 Ep  93/120  loss=1.0865 acc=72.3%  val=85.1%  lr=1.46e-05    51s
2026-03-22 09:24:58,314 [INFO]   S2 Ep  94/120  loss=1.0867 acc=71.9%  val=85.7%  lr=1.36e-05    51s
2026-03-22 09:24:58,803 [INFO]   ★ best 85.66%
2026-03-22 09:25:49,571 [INFO]   S2 Ep  95/120  loss=1.0991 acc=71.4%  val=85.2%  lr=1.26e-05    51s
2026-03-22 09:26:40,347 [INFO]   S2 Ep  96/120  loss=1.0375 acc=73.8%  val=85.2%  lr=1.17e-05    51s
2026-03-22 09:27:30,680 [INFO]   S2 Ep  97/120  loss=1.0981 acc=70.4%  val=85.6%  lr=1.08e-05    50s
2026-03-22 09:28:21,442 [INFO]   S2 Ep  98/120  loss=1.0917 acc=71.5%  val=85.6%  lr=9.89e-06    51s
2026-03-22 09:29:11,716 [INFO]   S2 Ep  99/120  loss=1.0701 acc=71.8%  val=86.0%  lr=9.04e-06    50s
2026-03-22 09:29:12,228 [INFO]   ★ best 86.00%
2026-03-22 09:30:02,572 [INFO]   S2 Ep 100/120  loss=1.0231 acc=74.7%  val=85.8%  lr=8.23e-06    50s
2026-03-22 09:30:53,361 [INFO]   S2 Ep 101/120  loss=1.0538 acc=72.7%  val=85.8%  lr=7.44e-06    51s
2026-03-22 09:31:44,092 [INFO]   S2 Ep 102/120  loss=1.0593 acc=72.4%  val=85.7%  lr=6.70e-06    51s
2026-03-22 09:32:34,081 [INFO]   S2 Ep 103/120  loss=1.0300 acc=74.7%  val=85.7%  lr=5.99e-06    50s
2026-03-22 09:33:24,787 [INFO]   S2 Ep 104/120  loss=1.0449 acc=73.3%  val=86.1%  lr=5.32e-06    51s
2026-03-22 09:33:25,217 [INFO]   ★ best 86.10%
2026-03-22 09:34:15,399 [INFO]   S2 Ep 105/120  loss=1.0329 acc=74.0%  val=86.2%  lr=4.69e-06    50s
2026-03-22 09:34:15,832 [INFO]   ★ best 86.20%
2026-03-22 09:35:06,114 [INFO]   S2 Ep 106/120  loss=1.0183 acc=74.4%  val=86.2%  lr=4.09e-06    50s
2026-03-22 09:35:56,555 [INFO]   S2 Ep 107/120  loss=1.0076 acc=75.0%  val=86.2%  lr=3.53e-06    50s
2026-03-22 09:36:47,261 [INFO]   S2 Ep 108/120  loss=1.0199 acc=74.9%  val=86.2%  lr=3.02e-06    51s
2026-03-22 09:37:37,158 [INFO]   S2 Ep 109/120  loss=1.0063 acc=75.1%  val=86.1%  lr=2.54e-06    50s
2026-03-22 09:38:27,942 [INFO]   S2 Ep 110/120  loss=1.0032 acc=74.7%  val=86.1%  lr=2.10e-06    51s
2026-03-22 09:39:18,559 [INFO]   S2 Ep 111/120  loss=1.0005 acc=74.6%  val=86.1%  lr=1.71e-06    51s
2026-03-22 09:40:09,315 [INFO]   S2 Ep 112/120  loss=1.0400 acc=73.2%  val=86.4%  lr=1.35e-06    51s
2026-03-22 09:40:09,806 [INFO]   ★ best 86.44%
2026-03-22 09:41:00,548 [INFO]   S2 Ep 113/120  loss=1.0530 acc=72.7%  val=86.2%  lr=1.04e-06    51s
2026-03-22 09:41:51,344 [INFO]   S2 Ep 114/120  loss=1.0542 acc=72.5%  val=86.1%  lr=7.63e-07    51s
2026-03-22 09:42:41,949 [INFO]   S2 Ep 115/120  loss=1.0512 acc=72.7%  val=86.1%  lr=5.31e-07    51s
2026-03-22 09:43:32,679 [INFO]   S2 Ep 116/120  loss=1.0123 acc=74.5%  val=85.9%  lr=3.41e-07    51s
2026-03-22 09:44:22,920 [INFO]   S2 Ep 117/120  loss=1.0327 acc=73.7%  val=86.0%  lr=1.94e-07    50s
2026-03-22 09:45:13,707 [INFO]   S2 Ep 118/120  loss=1.0699 acc=71.0%  val=86.0%  lr=8.82e-08    51s
2026-03-22 09:46:04,434 [INFO]   S2 Ep 119/120  loss=1.0479 acc=73.1%  val=86.0%  lr=2.50e-08    51s
2026-03-22 09:46:55,110 [INFO]   S2 Ep 120/120  loss=1.0804 acc=71.2%  val=86.0%  lr=4.00e-09    51s
2026-03-22 09:46:55,111 [INFO] ── Stage 3: SWA (15 ep) ──
2026-03-22 09:47:45,275 [INFO]   SWA Ep  1/15  loss=1.0600  swa_val=86.2%  50s
2026-03-22 09:48:35,768 [INFO]   SWA Ep  2/15  loss=1.0640  swa_val=86.0%  50s
2026-03-22 09:49:26,335 [INFO]   SWA Ep  3/15  loss=1.0162  swa_val=85.8%  51s
2026-03-22 09:50:17,186 [INFO]   SWA Ep  4/15  loss=1.0418  swa_val=86.0%  51s
2026-03-22 09:51:07,709 [INFO]   SWA Ep  5/15  loss=1.0428  swa_val=86.1%  51s
2026-03-22 09:51:57,669 [INFO]   SWA Ep  6/15  loss=1.0327  swa_val=86.1%  50s
2026-03-22 09:52:48,249 [INFO]   SWA Ep  7/15  loss=1.0104  swa_val=86.1%  51s
2026-03-22 09:53:38,298 [INFO]   SWA Ep  8/15  loss=1.0280  swa_val=86.2%  50s
2026-03-22 09:54:28,494 [INFO]   SWA Ep  9/15  loss=1.0322  swa_val=86.1%  50s
2026-03-22 09:55:19,050 [INFO]   SWA Ep 10/15  loss=1.0360  swa_val=86.1%  51s
2026-03-22 09:56:08,990 [INFO]   SWA Ep 11/15  loss=1.0337  swa_val=86.1%  50s
2026-03-22 09:56:59,537 [INFO]   SWA Ep 12/15  loss=1.0404  swa_val=86.0%  51s
2026-03-22 09:57:50,087 [INFO]   SWA Ep 13/15  loss=1.0522  swa_val=85.9%  51s
2026-03-22 09:58:40,165 [INFO]   SWA Ep 14/15  loss=1.0495  swa_val=85.9%  50s
2026-03-22 09:59:30,693 [INFO]   SWA Ep 15/15  loss=1.0475  swa_val=86.0%  51s
2026-03-22 09:59:36,293 [INFO]   SWA final: 85.96% (regular best: 86.44%)
2026-03-22 09:59:36,302 [INFO]   Fold 1 best: 86.44%
2026-03-22 09:59:36,319 [INFO] ================================================================
2026-03-22 09:59:36,319 [INFO] FOLD 2 / 5
2026-03-22 09:59:36,319 [INFO] ================================================================
2026-03-22 09:59:36,953 [INFO] Loading pretrained weights from Hugging Face hub (timm/vit_base_patch14_dinov2.lvd142m)
2026-03-22 09:59:37,083 [INFO] HTTP Request: HEAD https://huggingface.co/timm/vit_base_patch14_dinov2.lvd142m/resolve/main/model.safetensors "HTTP/1.1 302 Found"
2026-03-22 09:59:37,086 [INFO] [timm/vit_base_patch14_dinov2.lvd142m] Safe alternative available for 'pytorch_model.bin' (as 'model.safetensors'). Loading weights using safetensors.
2026-03-22 09:59:37,100 [INFO] Resized position embedding: (37, 37) to (16, 16).
2026-03-22 09:59:37,280 [INFO] ── Stage 1: head warmup (3 ep) ──
2026-03-22 09:59:59,468 [INFO]   S1 Ep 1/3  loss=2.8383 acc=0.9%  val=1.7%  22s
2026-03-22 09:59:59,802 [INFO]   ★ best 1.73%
2026-03-22 10:00:21,641 [INFO]   S1 Ep 2/3  loss=2.8052 acc=1.2%  val=2.2%  22s
2026-03-22 10:00:22,078 [INFO]   ★ best 2.20%
2026-03-22 10:00:44,286 [INFO]   S1 Ep 3/3  loss=2.7712 acc=1.2%  val=2.2%  22s
2026-03-22 10:00:44,707 [INFO]   ★ best 2.24%
2026-03-22 10:00:44,707 [INFO] ── Stage 2: full fine-tune (120 ep) ──
2026-03-22 10:00:44,709 [INFO] LLRD: 28 groups, LR [2.54e-05 … 1.00e-04]
2026-03-22 10:01:35,009 [INFO]   S2 Ep   1/120  loss=2.7674 acc=1.1%  val=1.8%  lr=5.64e-06    50s
2026-03-22 10:02:24,988 [INFO]   S2 Ep   2/120  loss=2.7299 acc=1.8%  val=4.3%  lr=1.04e-05    50s
2026-03-22 10:02:25,426 [INFO]   ★ best 4.31%
2026-03-22 10:03:16,282 [INFO]   S2 Ep   3/120  loss=2.6899 acc=2.4%  val=5.7%  lr=1.81e-05    51s
2026-03-22 10:03:16,709 [INFO]   ★ best 5.66%
2026-03-22 10:04:07,519 [INFO]   S2 Ep   4/120  loss=2.6059 acc=4.8%  val=13.8%  lr=2.80e-05    51s
2026-03-22 10:04:07,966 [INFO]   ★ best 13.77%
2026-03-22 10:04:58,650 [INFO]   S2 Ep   5/120  loss=2.5162 acc=8.0%  val=20.1%  lr=3.96e-05    51s
2026-03-22 10:04:59,092 [INFO]   ★ best 20.11%
2026-03-22 10:05:49,860 [INFO]   S2 Ep   6/120  loss=2.4715 acc=10.2%  val=25.0%  lr=5.20e-05    51s
2026-03-22 10:05:50,273 [INFO]   ★ best 24.99%
2026-03-22 10:06:41,064 [INFO]   S2 Ep   7/120  loss=2.4153 acc=12.6%  val=30.6%  lr=6.45e-05    51s
2026-03-22 10:06:41,494 [INFO]   ★ best 30.62%
2026-03-22 10:07:32,259 [INFO]   S2 Ep   8/120  loss=2.3343 acc=15.8%  val=33.8%  lr=7.60e-05    51s
2026-03-22 10:07:32,681 [INFO]   ★ best 33.81%
2026-03-22 10:08:23,522 [INFO]   S2 Ep   9/120  loss=2.2798 acc=18.4%  val=38.0%  lr=8.60e-05    51s
2026-03-22 10:08:23,936 [INFO]   ★ best 37.98%
2026-03-22 10:09:14,626 [INFO]   S2 Ep  10/120  loss=2.2019 acc=21.5%  val=45.8%  lr=9.36e-05    51s
2026-03-22 10:09:15,042 [INFO]   ★ best 45.81%
2026-03-22 10:10:05,099 [INFO]   S2 Ep  11/120  loss=2.1427 acc=24.6%  val=48.8%  lr=9.84e-05    50s
2026-03-22 10:10:05,525 [INFO]   ★ best 48.76%
2026-03-22 10:10:56,334 [INFO]   S2 Ep  12/120  loss=2.1276 acc=25.3%  val=53.8%  lr=1.00e-04    51s
2026-03-22 10:10:56,779 [INFO]   ★ best 53.78%
2026-03-22 10:11:46,697 [INFO]   S2 Ep  13/120  loss=2.0259 acc=29.7%  val=54.9%  lr=1.00e-04    50s
2026-03-22 10:11:47,139 [INFO]   ★ best 54.87%
2026-03-22 10:12:37,934 [INFO]   S2 Ep  14/120  loss=1.9712 acc=32.3%  val=57.3%  lr=9.99e-05    51s
2026-03-22 10:12:38,341 [INFO]   ★ best 57.31%
2026-03-22 10:13:29,140 [INFO]   S2 Ep  15/120  loss=1.8991 acc=35.6%  val=59.4%  lr=9.98e-05    51s
2026-03-22 10:13:29,586 [INFO]   ★ best 59.38%
2026-03-22 10:14:20,408 [INFO]   S2 Ep  16/120  loss=1.9184 acc=35.2%  val=57.3%  lr=9.97e-05    51s
2026-03-22 10:15:11,205 [INFO]   S2 Ep  17/120  loss=1.8849 acc=36.8%  val=64.0%  lr=9.95e-05    51s
2026-03-22 10:15:11,635 [INFO]   ★ best 63.99%
2026-03-22 10:16:02,061 [INFO]   S2 Ep  18/120  loss=1.8799 acc=37.3%  val=64.8%  lr=9.92e-05    50s
2026-03-22 10:16:02,507 [INFO]   ★ best 64.77%
2026-03-22 10:16:52,414 [INFO]   S2 Ep  19/120  loss=1.8126 acc=40.7%  val=68.0%  lr=9.90e-05    50s
2026-03-22 10:16:52,846 [INFO]   ★ best 67.96%
2026-03-22 10:17:43,771 [INFO]   S2 Ep  20/120  loss=1.8159 acc=40.1%  val=68.9%  lr=9.87e-05    51s
2026-03-22 10:17:44,193 [INFO]   ★ best 68.90%
2026-03-22 10:18:35,036 [INFO]   S2 Ep  21/120  loss=1.7518 acc=43.1%  val=67.5%  lr=9.83e-05    51s
2026-03-22 10:19:25,861 [INFO]   S2 Ep  22/120  loss=1.7583 acc=43.0%  val=69.4%  lr=9.79e-05    51s
2026-03-22 10:19:26,299 [INFO]   ★ best 69.41%
2026-03-22 10:20:17,076 [INFO]   S2 Ep  23/120  loss=1.7269 acc=44.6%  val=71.2%  lr=9.75e-05    51s
2026-03-22 10:20:17,513 [INFO]   ★ best 71.18%
2026-03-22 10:21:08,288 [INFO]   S2 Ep  24/120  loss=1.6607 acc=46.6%  val=70.9%  lr=9.70e-05    51s
2026-03-22 10:21:58,989 [INFO]   S2 Ep  25/120  loss=1.6854 acc=46.4%  val=71.5%  lr=9.65e-05    51s
2026-03-22 10:21:59,402 [INFO]   ★ best 71.52%
2026-03-22 10:22:49,796 [INFO]   S2 Ep  26/120  loss=1.6346 acc=48.6%  val=71.1%  lr=9.59e-05    50s
2026-03-22 10:23:40,413 [INFO]   S2 Ep  27/120  loss=1.5617 acc=51.3%  val=75.2%  lr=9.53e-05    51s
2026-03-22 10:23:40,835 [INFO]   ★ best 75.18%
2026-03-22 10:24:31,442 [INFO]   S2 Ep  28/120  loss=1.6073 acc=50.1%  val=73.7%  lr=9.47e-05    51s
2026-03-22 10:25:22,195 [INFO]   S2 Ep  29/120  loss=1.5522 acc=52.0%  val=75.1%  lr=9.40e-05    51s
2026-03-22 10:26:12,306 [INFO]   S2 Ep  30/120  loss=1.5825 acc=51.1%  val=75.2%  lr=9.33e-05    50s
2026-03-22 10:26:12,748 [INFO]   ★ best 75.25%
2026-03-22 10:27:03,094 [INFO]   S2 Ep  31/120  loss=1.5468 acc=52.2%  val=76.0%  lr=9.26e-05    50s
2026-03-22 10:27:03,503 [INFO]   ★ best 75.96%
2026-03-22 10:27:54,320 [INFO]   S2 Ep  32/120  loss=1.5263 acc=53.3%  val=76.5%  lr=9.18e-05    51s
2026-03-22 10:27:54,743 [INFO]   ★ best 76.47%
2026-03-22 10:28:45,052 [INFO]   S2 Ep  33/120  loss=1.5021 acc=54.4%  val=76.7%  lr=9.10e-05    50s
2026-03-22 10:28:45,502 [INFO]   ★ best 76.70%
2026-03-22 10:29:35,753 [INFO]   S2 Ep  34/120  loss=1.5224 acc=53.8%  val=77.2%  lr=9.01e-05    50s
2026-03-22 10:29:36,193 [INFO]   ★ best 77.21%
2026-03-22 10:30:26,977 [INFO]   S2 Ep  35/120  loss=1.4817 acc=55.7%  val=77.0%  lr=8.92e-05    51s
2026-03-22 10:31:17,396 [INFO]   S2 Ep  36/120  loss=1.4394 acc=57.5%  val=77.8%  lr=8.83e-05    50s
2026-03-22 10:31:17,821 [INFO]   ★ best 77.76%
2026-03-22 10:32:08,613 [INFO]   S2 Ep  37/120  loss=1.4557 acc=57.5%  val=77.2%  lr=8.73e-05    51s
2026-03-22 10:32:59,047 [INFO]   S2 Ep  38/120  loss=1.4817 acc=56.2%  val=77.9%  lr=8.64e-05    50s
2026-03-22 10:32:59,468 [INFO]   ★ best 77.86%
2026-03-22 10:33:50,284 [INFO]   S2 Ep  39/120  loss=1.4152 acc=58.9%  val=78.1%  lr=8.54e-05    51s
2026-03-22 10:33:50,719 [INFO]   ★ best 78.13%
2026-03-22 10:34:41,416 [INFO]   S2 Ep  40/120  loss=1.3944 acc=59.3%  val=78.8%  lr=8.43e-05    51s
2026-03-22 10:34:41,862 [INFO]   ★ best 78.81%
2026-03-22 10:35:32,403 [INFO]   S2 Ep  41/120  loss=1.3770 acc=60.4%  val=78.6%  lr=8.32e-05    51s
2026-03-22 10:36:22,839 [INFO]   S2 Ep  42/120  loss=1.4520 acc=57.2%  val=78.9%  lr=8.21e-05    50s
2026-03-22 10:36:23,284 [INFO]   ★ best 78.87%
2026-03-22 10:37:13,720 [INFO]   S2 Ep  43/120  loss=1.3452 acc=62.2%  val=79.6%  lr=8.10e-05    50s
2026-03-22 10:37:14,174 [INFO]   ★ best 79.59%
2026-03-22 10:38:04,993 [INFO]   S2 Ep  44/120  loss=1.4289 acc=58.3%  val=79.9%  lr=7.99e-05    51s
2026-03-22 10:38:05,402 [INFO]   ★ best 79.93%
2026-03-22 10:38:56,245 [INFO]   S2 Ep  45/120  loss=1.4019 acc=59.5%  val=79.6%  lr=7.87e-05    51s
2026-03-22 10:39:46,661 [INFO]   S2 Ep  46/120  loss=1.4049 acc=59.0%  val=79.8%  lr=7.75e-05    50s
2026-03-22 10:40:37,007 [INFO]   S2 Ep  47/120  loss=1.3598 acc=61.2%  val=79.6%  lr=7.62e-05    50s
2026-03-22 10:41:27,800 [INFO]   S2 Ep  48/120  loss=1.3303 acc=62.8%  val=78.9%  lr=7.50e-05    51s
2026-03-22 10:42:18,062 [INFO]   S2 Ep  49/120  loss=1.3357 acc=62.4%  val=79.2%  lr=7.37e-05    50s
2026-03-22 10:43:08,821 [INFO]   S2 Ep  50/120  loss=1.3663 acc=61.2%  val=78.5%  lr=7.24e-05    51s
2026-03-22 10:43:59,589 [INFO]   S2 Ep  51/120  loss=1.3257 acc=62.8%  val=80.2%  lr=7.11e-05    51s
2026-03-22 10:44:00,027 [INFO]   ★ best 80.16%
2026-03-22 10:44:50,786 [INFO]   S2 Ep  52/120  loss=1.3084 acc=63.7%  val=79.7%  lr=6.98e-05    51s
2026-03-22 10:45:41,482 [INFO]   S2 Ep  53/120  loss=1.3587 acc=61.0%  val=80.0%  lr=6.85e-05    51s
2026-03-22 10:46:31,745 [INFO]   S2 Ep  54/120  loss=1.2847 acc=64.7%  val=80.7%  lr=6.71e-05    50s
2026-03-22 10:46:32,180 [INFO]   ★ best 80.67%
2026-03-22 10:47:22,882 [INFO]   S2 Ep  55/120  loss=1.2697 acc=65.1%  val=81.3%  lr=6.57e-05    51s
2026-03-22 10:47:23,324 [INFO]   ★ best 81.28%
2026-03-22 10:48:14,123 [INFO]   S2 Ep  56/120  loss=1.2636 acc=65.9%  val=81.4%  lr=6.43e-05    51s
2026-03-22 10:48:14,542 [INFO]   ★ best 81.38%
2026-03-22 10:49:05,368 [INFO]   S2 Ep  57/120  loss=1.2921 acc=64.2%  val=81.4%  lr=6.29e-05    51s
2026-03-22 10:49:55,193 [INFO]   S2 Ep  58/120  loss=1.2359 acc=66.9%  val=81.6%  lr=6.15e-05    50s
2026-03-22 10:49:55,615 [INFO]   ★ best 81.55%
2026-03-22 10:50:46,067 [INFO]   S2 Ep  59/120  loss=1.2135 acc=67.9%  val=80.9%  lr=6.01e-05    50s
2026-03-22 10:51:36,878 [INFO]   S2 Ep  60/120  loss=1.2540 acc=65.7%  val=82.2%  lr=5.87e-05    51s
2026-03-22 10:51:37,313 [INFO]   ★ best 82.20%
2026-03-22 10:52:28,089 [INFO]   S2 Ep  61/120  loss=1.1849 acc=68.9%  val=80.1%  lr=5.72e-05    51s
2026-03-22 10:53:18,856 [INFO]   S2 Ep  62/120  loss=1.2690 acc=65.3%  val=80.5%  lr=5.58e-05    51s
2026-03-22 10:54:09,717 [INFO]   S2 Ep  63/120  loss=1.2178 acc=67.0%  val=81.4%  lr=5.44e-05    51s
2026-03-22 10:55:00,501 [INFO]   S2 Ep  64/120  loss=1.2216 acc=67.4%  val=81.6%  lr=5.29e-05    51s
2026-03-22 10:55:51,064 [INFO]   S2 Ep  65/120  loss=1.2136 acc=67.4%  val=82.1%  lr=5.15e-05    51s
2026-03-22 10:56:41,415 [INFO]   S2 Ep  66/120  loss=1.1998 acc=68.5%  val=82.1%  lr=5.00e-05    50s
2026-03-22 10:57:32,169 [INFO]   S2 Ep  67/120  loss=1.2069 acc=68.5%  val=82.9%  lr=4.85e-05    51s
2026-03-22 10:57:32,650 [INFO]   ★ best 82.94%
2026-03-22 10:58:22,917 [INFO]   S2 Ep  68/120  loss=1.1881 acc=68.9%  val=82.0%  lr=4.71e-05    50s
2026-03-22 10:59:13,316 [INFO]   S2 Ep  69/120  loss=1.1961 acc=68.0%  val=81.6%  lr=4.56e-05    50s
2026-03-22 11:00:04,042 [INFO]   S2 Ep  70/120  loss=1.1609 acc=69.5%  val=82.5%  lr=4.42e-05    51s
2026-03-22 11:00:54,388 [INFO]   S2 Ep  71/120  loss=1.1441 acc=70.3%  val=82.2%  lr=4.27e-05    50s
2026-03-22 11:01:44,640 [INFO]   S2 Ep  72/120  loss=1.1762 acc=69.2%  val=81.1%  lr=4.13e-05    50s
2026-03-22 11:02:35,061 [INFO]   S2 Ep  73/120  loss=1.1540 acc=69.6%  val=82.2%  lr=3.99e-05    50s
2026-03-22 11:03:25,815 [INFO]   S2 Ep  74/120  loss=1.1326 acc=70.9%  val=82.6%  lr=3.85e-05    51s
2026-03-22 11:04:16,684 [INFO]   S2 Ep  75/120  loss=1.1340 acc=70.6%  val=82.5%  lr=3.71e-05    51s
2026-03-22 11:05:07,433 [INFO]   S2 Ep  76/120  loss=1.2095 acc=67.0%  val=83.7%  lr=3.57e-05    51s
2026-03-22 11:05:07,883 [INFO]   ★ best 83.69%
2026-03-22 11:05:58,629 [INFO]   S2 Ep  77/120  loss=1.1448 acc=70.3%  val=83.4%  lr=3.43e-05    51s
2026-03-22 11:06:48,547 [INFO]   S2 Ep  78/120  loss=1.1479 acc=69.8%  val=83.3%  lr=3.29e-05    50s
2026-03-22 11:07:38,288 [INFO]   S2 Ep  79/120  loss=1.1289 acc=70.3%  val=83.5%  lr=3.15e-05    50s
2026-03-22 11:08:28,693 [INFO]   S2 Ep  80/120  loss=1.1461 acc=70.4%  val=82.9%  lr=3.02e-05    50s
2026-03-22 11:09:19,453 [INFO]   S2 Ep  81/120  loss=1.1661 acc=68.0%  val=83.1%  lr=2.89e-05    51s
2026-03-22 11:10:09,644 [INFO]   S2 Ep  82/120  loss=1.1342 acc=70.4%  val=82.6%  lr=2.76e-05    50s
2026-03-22 11:11:00,418 [INFO]   S2 Ep  83/120  loss=1.1105 acc=71.3%  val=83.4%  lr=2.63e-05    51s
2026-03-22 11:11:51,113 [INFO]   S2 Ep  84/120  loss=1.0742 acc=72.6%  val=83.5%  lr=2.50e-05    51s
2026-03-22 11:12:41,930 [INFO]   S2 Ep  85/120  loss=1.1056 acc=70.9%  val=82.9%  lr=2.37e-05    51s
2026-03-22 11:13:32,692 [INFO]   S2 Ep  86/120  loss=1.0952 acc=72.1%  val=83.8%  lr=2.25e-05    51s
2026-03-22 11:13:33,130 [INFO]   ★ best 83.76%
2026-03-22 11:14:23,815 [INFO]   S2 Ep  87/120  loss=1.1546 acc=68.9%  val=84.0%  lr=2.13e-05    51s
2026-03-22 11:14:24,251 [INFO]   ★ best 84.03%
2026-03-22 11:15:14,548 [INFO]   S2 Ep  88/120  loss=1.0977 acc=71.6%  val=84.1%  lr=2.01e-05    50s
2026-03-22 11:15:14,987 [INFO]   ★ best 84.10%
2026-03-22 11:16:05,889 [INFO]   S2 Ep  89/120  loss=1.1073 acc=71.5%  val=84.6%  lr=1.90e-05    51s
2026-03-22 11:16:06,355 [INFO]   ★ best 84.60%
2026-03-22 11:16:56,918 [INFO]   S2 Ep  90/120  loss=1.0938 acc=71.5%  val=83.4%  lr=1.79e-05    51s
2026-03-22 11:17:47,489 [INFO]   S2 Ep  91/120  loss=1.0719 acc=72.8%  val=84.6%  lr=1.68e-05    51s
2026-03-22 11:17:47,917 [INFO]   ★ best 84.64%
2026-03-22 11:18:38,741 [INFO]   S2 Ep  92/120  loss=1.0518 acc=73.4%  val=84.1%  lr=1.57e-05    51s
2026-03-22 11:19:29,606 [INFO]   S2 Ep  93/120  loss=1.0991 acc=70.9%  val=84.7%  lr=1.46e-05    51s
2026-03-22 11:19:30,036 [INFO]   ★ best 84.74%
2026-03-22 11:20:20,472 [INFO]   S2 Ep  94/120  loss=1.0582 acc=72.5%  val=84.7%  lr=1.36e-05    50s
2026-03-22 11:21:11,253 [INFO]   S2 Ep  95/120  loss=1.0377 acc=74.0%  val=84.9%  lr=1.26e-05    51s
2026-03-22 11:21:11,736 [INFO]   ★ best 84.88%
2026-03-22 11:22:02,179 [INFO]   S2 Ep  96/120  loss=1.0526 acc=73.3%  val=84.5%  lr=1.17e-05    50s
2026-03-22 11:22:52,562 [INFO]   S2 Ep  97/120  loss=1.0732 acc=72.3%  val=84.9%  lr=1.08e-05    50s
2026-03-22 11:22:52,980 [INFO]   ★ best 84.94%
2026-03-22 11:23:43,779 [INFO]   S2 Ep  98/120  loss=1.0559 acc=72.7%  val=84.7%  lr=9.89e-06    51s
2026-03-22 11:24:34,317 [INFO]   S2 Ep  99/120  loss=1.0417 acc=73.4%  val=84.8%  lr=9.04e-06    51s
2026-03-22 11:25:24,650 [INFO]   S2 Ep 100/120  loss=1.0803 acc=72.0%  val=85.7%  lr=8.23e-06    50s
2026-03-22 11:25:25,068 [INFO]   ★ best 85.66%
2026-03-22 11:26:15,429 [INFO]   S2 Ep 101/120  loss=1.0331 acc=73.8%  val=85.2%  lr=7.44e-06    50s
2026-03-22 11:27:06,365 [INFO]   S2 Ep 102/120  loss=1.0782 acc=71.7%  val=85.5%  lr=6.70e-06    51s
2026-03-22 11:27:56,701 [INFO]   S2 Ep 103/120  loss=1.0100 acc=75.0%  val=85.7%  lr=5.99e-06    50s
2026-03-22 11:27:57,134 [INFO]   ★ best 85.69%
2026-03-22 11:28:47,940 [INFO]   S2 Ep 104/120  loss=1.0103 acc=75.2%  val=85.5%  lr=5.32e-06    51s
2026-03-22 11:29:38,748 [INFO]   S2 Ep 105/120  loss=1.0371 acc=73.1%  val=85.2%  lr=4.69e-06    51s
2026-03-22 11:30:29,132 [INFO]   S2 Ep 106/120  loss=1.0182 acc=74.8%  val=85.4%  lr=4.09e-06    50s
2026-03-22 11:31:19,504 [INFO]   S2 Ep 107/120  loss=1.0655 acc=71.7%  val=85.4%  lr=3.53e-06    50s
2026-03-22 11:32:10,272 [INFO]   S2 Ep 108/120  loss=1.0464 acc=73.7%  val=85.3%  lr=3.02e-06    51s
2026-03-22 11:33:00,707 [INFO]   S2 Ep 109/120  loss=1.0165 acc=74.5%  val=85.5%  lr=2.54e-06    50s
2026-03-22 11:33:51,497 [INFO]   S2 Ep 110/120  loss=1.0726 acc=71.9%  val=85.2%  lr=2.10e-06    51s
2026-03-22 11:34:42,324 [INFO]   S2 Ep 111/120  loss=1.0632 acc=72.3%  val=85.7%  lr=1.71e-06    51s
2026-03-22 11:35:33,194 [INFO]   S2 Ep 112/120  loss=1.0685 acc=72.3%  val=85.5%  lr=1.35e-06    51s
2026-03-22 11:36:23,914 [INFO]   S2 Ep 113/120  loss=1.0043 acc=75.0%  val=85.5%  lr=1.04e-06    51s
2026-03-22 11:37:14,639 [INFO]   S2 Ep 114/120  loss=1.0426 acc=73.1%  val=85.5%  lr=7.63e-07    51s
2026-03-22 11:38:04,972 [INFO]   S2 Ep 115/120  loss=1.0256 acc=74.5%  val=85.3%  lr=5.31e-07    50s
2026-03-22 11:38:55,770 [INFO]   S2 Ep 116/120  loss=1.0387 acc=74.2%  val=85.4%  lr=3.41e-07    51s
2026-03-22 11:39:46,628 [INFO]   S2 Ep 117/120  loss=1.0344 acc=73.2%  val=85.5%  lr=1.94e-07    51s
2026-03-22 11:40:37,069 [INFO]   S2 Ep 118/120  loss=1.0458 acc=73.0%  val=85.5%  lr=8.82e-08    50s
2026-03-22 11:41:27,077 [INFO]   S2 Ep 119/120  loss=1.0248 acc=74.4%  val=85.6%  lr=2.50e-08    50s
2026-03-22 11:42:17,973 [INFO]   S2 Ep 120/120  loss=1.0335 acc=73.6%  val=85.6%  lr=4.00e-09    51s
2026-03-22 11:42:17,975 [INFO] ── Stage 3: SWA (15 ep) ──
2026-03-22 11:43:08,448 [INFO]   SWA Ep  1/15  loss=1.0007  swa_val=85.4%  50s
2026-03-22 11:43:58,996 [INFO]   SWA Ep  2/15  loss=1.0610  swa_val=85.3%  51s
2026-03-22 11:44:49,202 [INFO]   SWA Ep  3/15  loss=1.0174  swa_val=85.4%  50s
2026-03-22 11:45:38,825 [INFO]   SWA Ep  4/15  loss=1.0474  swa_val=85.6%  50s
2026-03-22 11:46:28,860 [INFO]   SWA Ep  5/15  loss=1.0232  swa_val=85.6%  50s
2026-03-22 11:47:19,118 [INFO]   SWA Ep  6/15  loss=1.0461  swa_val=85.6%  50s
2026-03-22 11:48:09,610 [INFO]   SWA Ep  7/15  loss=1.0326  swa_val=85.6%  50s
2026-03-22 11:49:00,269 [INFO]   SWA Ep  8/15  loss=1.0303  swa_val=85.7%  51s
2026-03-22 11:49:50,486 [INFO]   SWA Ep  9/15  loss=1.0572  swa_val=85.5%  50s
2026-03-22 11:50:40,677 [INFO]   SWA Ep 10/15  loss=1.0711  swa_val=85.6%  50s
2026-03-22 11:51:30,797 [INFO]   SWA Ep 11/15  loss=1.0420  swa_val=85.7%  50s
2026-03-22 11:52:20,951 [INFO]   SWA Ep 12/15  loss=1.0397  swa_val=85.5%  50s
2026-03-22 11:53:11,664 [INFO]   SWA Ep 13/15  loss=1.0705  swa_val=85.5%  51s
2026-03-22 11:54:01,927 [INFO]   SWA Ep 14/15  loss=1.0554  swa_val=85.4%  50s
2026-03-22 11:54:52,372 [INFO]   SWA Ep 15/15  loss=1.0534  swa_val=85.2%  50s
2026-03-22 11:54:57,914 [INFO]   SWA final: 85.25% (regular best: 85.69%)
2026-03-22 11:54:57,914 [INFO]   Fold 2 best: 85.69%
2026-03-22 11:54:57,930 [INFO] ================================================================
2026-03-22 11:54:57,931 [INFO] FOLD 3 / 5
2026-03-22 11:54:57,931 [INFO] ================================================================
2026-03-22 11:54:58,539 [INFO] Loading pretrained weights from Hugging Face hub (timm/vit_base_patch14_dinov2.lvd142m)
2026-03-22 11:54:58,777 [INFO] HTTP Request: HEAD https://huggingface.co/timm/vit_base_patch14_dinov2.lvd142m/resolve/main/model.safetensors "HTTP/1.1 302 Found"
2026-03-22 11:54:58,779 [INFO] [timm/vit_base_patch14_dinov2.lvd142m] Safe alternative available for 'pytorch_model.bin' (as 'model.safetensors'). Loading weights using safetensors.
2026-03-22 11:54:58,785 [INFO] Resized position embedding: (37, 37) to (16, 16).
2026-03-22 11:54:58,868 [INFO] ── Stage 1: head warmup (3 ep) ──
2026-03-22 11:55:21,302 [INFO]   S1 Ep 1/3  loss=2.8385 acc=0.9%  val=1.8%  22s
2026-03-22 11:55:21,636 [INFO]   ★ best 1.83%
2026-03-22 11:55:43,950 [INFO]   S1 Ep 2/3  loss=2.8039 acc=1.0%  val=2.0%  22s
2026-03-22 11:55:44,372 [INFO]   ★ best 2.00%
2026-03-22 11:56:06,538 [INFO]   S1 Ep 3/3  loss=2.7720 acc=1.2%  val=2.6%  22s
2026-03-22 11:56:06,953 [INFO]   ★ best 2.61%
2026-03-22 11:56:06,953 [INFO] ── Stage 2: full fine-tune (120 ep) ──
2026-03-22 11:56:06,954 [INFO] LLRD: 28 groups, LR [2.54e-05 … 1.00e-04]
2026-03-22 11:56:58,134 [INFO]   S2 Ep   1/120  loss=2.7687 acc=1.2%  val=2.0%  lr=5.64e-06    51s
2026-03-22 11:57:49,536 [INFO]   S2 Ep   2/120  loss=2.7366 acc=1.4%  val=3.7%  lr=1.04e-05    51s
2026-03-22 11:57:49,988 [INFO]   ★ best 3.70%
2026-03-22 11:58:40,362 [INFO]   S2 Ep   3/120  loss=2.7080 acc=2.1%  val=6.2%  lr=1.81e-05    50s
2026-03-22 11:58:40,859 [INFO]   ★ best 6.21%
2026-03-22 11:59:32,360 [INFO]   S2 Ep   4/120  loss=2.6283 acc=3.9%  val=10.8%  lr=2.80e-05    52s
2026-03-22 11:59:32,881 [INFO]   ★ best 10.82%
2026-03-22 12:00:24,238 [INFO]   S2 Ep   5/120  loss=2.5587 acc=6.2%  val=16.3%  lr=3.96e-05    51s
2026-03-22 12:00:24,730 [INFO]   ★ best 16.32%
2026-03-22 12:01:15,820 [INFO]   S2 Ep   6/120  loss=2.4750 acc=9.6%  val=22.6%  lr=5.20e-05    51s
2026-03-22 12:01:16,289 [INFO]   ★ best 22.59%
2026-03-22 12:02:08,085 [INFO]   S2 Ep   7/120  loss=2.3918 acc=12.6%  val=31.1%  lr=6.45e-05    52s
2026-03-22 12:02:08,735 [INFO]   ★ best 31.14%
2026-03-22 12:03:00,324 [INFO]   S2 Ep   8/120  loss=2.3486 acc=15.3%  val=32.6%  lr=7.60e-05    52s
2026-03-22 12:03:00,806 [INFO]   ★ best 32.63%
2026-03-22 12:03:52,103 [INFO]   S2 Ep   9/120  loss=2.2808 acc=18.0%  val=35.5%  lr=8.60e-05    51s
2026-03-22 12:03:52,593 [INFO]   ★ best 35.55%
2026-03-22 12:04:44,233 [INFO]   S2 Ep  10/120  loss=2.2418 acc=19.9%  val=43.3%  lr=9.36e-05    52s
2026-03-22 12:04:44,722 [INFO]   ★ best 43.32%
2026-03-22 12:05:36,295 [INFO]   S2 Ep  11/120  loss=2.1183 acc=24.9%  val=49.0%  lr=9.84e-05    52s
2026-03-22 12:05:36,759 [INFO]   ★ best 48.98%
2026-03-22 12:06:28,354 [INFO]   S2 Ep  12/120  loss=2.1226 acc=25.6%  val=50.8%  lr=1.00e-04    52s
2026-03-22 12:06:28,833 [INFO]   ★ best 50.85%
2026-03-22 12:07:20,385 [INFO]   S2 Ep  13/120  loss=2.0582 acc=28.7%  val=54.3%  lr=1.00e-04    52s
2026-03-22 12:07:20,851 [INFO]   ★ best 54.34%
2026-03-22 12:08:12,439 [INFO]   S2 Ep  14/120  loss=2.0376 acc=30.0%  val=56.8%  lr=9.99e-05    52s
2026-03-22 12:08:12,915 [INFO]   ★ best 56.78%
2026-03-22 12:09:03,458 [INFO]   S2 Ep  15/120  loss=1.9736 acc=33.0%  val=60.4%  lr=9.98e-05    51s
2026-03-22 12:09:03,949 [INFO]   ★ best 60.38%
2026-03-22 12:09:55,611 [INFO]   S2 Ep  16/120  loss=1.8953 acc=35.8%  val=65.3%  lr=9.97e-05    52s
2026-03-22 12:09:56,082 [INFO]   ★ best 65.33%
2026-03-22 12:10:47,464 [INFO]   S2 Ep  17/120  loss=1.9165 acc=35.7%  val=61.5%  lr=9.95e-05    51s
2026-03-22 12:11:39,055 [INFO]   S2 Ep  18/120  loss=1.8442 acc=38.9%  val=65.9%  lr=9.92e-05    52s
2026-03-22 12:11:39,535 [INFO]   ★ best 65.88%
2026-03-22 12:12:31,175 [INFO]   S2 Ep  19/120  loss=1.8177 acc=39.3%  val=67.0%  lr=9.90e-05    52s
2026-03-22 12:12:31,647 [INFO]   ★ best 66.96%
2026-03-22 12:13:23,250 [INFO]   S2 Ep  20/120  loss=1.8289 acc=39.2%  val=67.9%  lr=9.87e-05    52s
2026-03-22 12:13:23,722 [INFO]   ★ best 67.94%
2026-03-22 12:14:14,976 [INFO]   S2 Ep  21/120  loss=1.7357 acc=43.1%  val=71.0%  lr=9.83e-05    51s
2026-03-22 12:14:15,452 [INFO]   ★ best 70.96%
2026-03-22 12:15:07,023 [INFO]   S2 Ep  22/120  loss=1.7106 acc=44.7%  val=71.3%  lr=9.79e-05    52s
2026-03-22 12:15:07,482 [INFO]   ★ best 71.30%
2026-03-22 12:15:58,535 [INFO]   S2 Ep  23/120  loss=1.6935 acc=45.6%  val=70.1%  lr=9.75e-05    51s
2026-03-22 12:16:49,923 [INFO]   S2 Ep  24/120  loss=1.7061 acc=45.6%  val=72.9%  lr=9.70e-05    51s
2026-03-22 12:16:50,404 [INFO]   ★ best 72.90%
2026-03-22 12:17:41,538 [INFO]   S2 Ep  25/120  loss=1.6747 acc=46.3%  val=74.0%  lr=9.65e-05    51s
2026-03-22 12:17:42,018 [INFO]   ★ best 73.98%
2026-03-22 12:18:33,477 [INFO]   S2 Ep  26/120  loss=1.6441 acc=48.0%  val=73.3%  lr=9.59e-05    51s
2026-03-22 12:19:25,096 [INFO]   S2 Ep  27/120  loss=1.6148 acc=49.3%  val=74.4%  lr=9.53e-05    52s
2026-03-22 12:19:25,565 [INFO]   ★ best 74.39%
2026-03-22 12:20:16,607 [INFO]   S2 Ep  28/120  loss=1.5896 acc=50.1%  val=74.9%  lr=9.47e-05    51s
2026-03-22 12:20:17,073 [INFO]   ★ best 74.86%
2026-03-22 12:21:07,619 [INFO]   S2 Ep  29/120  loss=1.6133 acc=49.5%  val=76.2%  lr=9.40e-05    51s
2026-03-22 12:21:08,103 [INFO]   ★ best 76.15%
2026-03-22 12:21:59,779 [INFO]   S2 Ep  30/120  loss=1.5915 acc=50.6%  val=75.7%  lr=9.33e-05    52s
2026-03-22 12:22:50,628 [INFO]   S2 Ep  31/120  loss=1.5736 acc=51.1%  val=76.8%  lr=9.26e-05    51s
2026-03-22 12:22:51,104 [INFO]   ★ best 76.76%
2026-03-22 12:23:42,653 [INFO]   S2 Ep  32/120  loss=1.5676 acc=51.3%  val=76.2%  lr=9.18e-05    52s
2026-03-22 12:24:33,640 [INFO]   S2 Ep  33/120  loss=1.5128 acc=54.1%  val=75.3%  lr=9.10e-05    51s
2026-03-22 12:25:25,252 [INFO]   S2 Ep  34/120  loss=1.5156 acc=53.6%  val=78.4%  lr=9.01e-05    52s
2026-03-22 12:25:25,710 [INFO]   ★ best 78.36%
2026-03-22 12:26:17,265 [INFO]   S2 Ep  35/120  loss=1.4502 acc=57.1%  val=80.4%  lr=8.92e-05    52s
2026-03-22 12:26:17,738 [INFO]   ★ best 80.43%
2026-03-22 12:27:09,401 [INFO]   S2 Ep  36/120  loss=1.4631 acc=56.3%  val=76.4%  lr=8.83e-05    52s
2026-03-22 12:28:01,055 [INFO]   S2 Ep  37/120  loss=1.5079 acc=54.9%  val=76.3%  lr=8.73e-05    52s
2026-03-22 12:28:52,085 [INFO]   S2 Ep  38/120  loss=1.4597 acc=56.6%  val=76.6%  lr=8.64e-05    51s
2026-03-22 12:29:43,393 [INFO]   S2 Ep  39/120  loss=1.4677 acc=56.5%  val=79.5%  lr=8.54e-05    51s
2026-03-22 12:30:34,981 [INFO]   S2 Ep  40/120  loss=1.4804 acc=56.0%  val=79.9%  lr=8.43e-05    52s
2026-03-22 12:31:26,614 [INFO]   S2 Ep  41/120  loss=1.4336 acc=57.7%  val=80.4%  lr=8.32e-05    52s
2026-03-22 12:32:18,269 [INFO]   S2 Ep  42/120  loss=1.3989 acc=59.2%  val=78.6%  lr=8.21e-05    52s
2026-03-22 12:33:09,943 [INFO]   S2 Ep  43/120  loss=1.4526 acc=57.4%  val=79.4%  lr=8.10e-05    52s
2026-03-22 12:34:01,499 [INFO]   S2 Ep  44/120  loss=1.3562 acc=60.8%  val=80.9%  lr=7.99e-05    52s
2026-03-22 12:34:01,963 [INFO]   ★ best 80.87%
2026-03-22 12:34:53,534 [INFO]   S2 Ep  45/120  loss=1.3897 acc=60.0%  val=80.5%  lr=7.87e-05    52s
2026-03-22 12:35:45,054 [INFO]   S2 Ep  46/120  loss=1.3580 acc=61.4%  val=81.4%  lr=7.75e-05    52s
2026-03-22 12:35:45,544 [INFO]   ★ best 81.45%
2026-03-22 12:36:37,108 [INFO]   S2 Ep  47/120  loss=1.3225 acc=62.9%  val=81.5%  lr=7.62e-05    52s
2026-03-22 12:36:37,577 [INFO]   ★ best 81.51%
2026-03-22 12:37:29,063 [INFO]   S2 Ep  48/120  loss=1.2992 acc=63.9%  val=81.2%  lr=7.50e-05    51s
2026-03-22 12:38:20,679 [INFO]   S2 Ep  49/120  loss=1.3445 acc=61.6%  val=81.5%  lr=7.37e-05    52s
2026-03-22 12:38:21,172 [INFO]   ★ best 81.55%
2026-03-22 12:39:12,804 [INFO]   S2 Ep  50/120  loss=1.3410 acc=62.0%  val=82.1%  lr=7.24e-05    52s
2026-03-22 12:39:13,279 [INFO]   ★ best 82.06%
2026-03-22 12:40:04,828 [INFO]   S2 Ep  51/120  loss=1.3192 acc=63.2%  val=82.4%  lr=7.11e-05    52s
2026-03-22 12:40:05,287 [INFO]   ★ best 82.43%
2026-03-22 12:40:56,889 [INFO]   S2 Ep  52/120  loss=1.3334 acc=61.7%  val=82.0%  lr=6.98e-05    52s
2026-03-22 12:41:48,467 [INFO]   S2 Ep  53/120  loss=1.2853 acc=64.1%  val=82.0%  lr=6.85e-05    52s
2026-03-22 12:42:39,056 [INFO]   S2 Ep  54/120  loss=1.2877 acc=64.4%  val=82.0%  lr=6.71e-05    51s
2026-03-22 12:43:30,149 [INFO]   S2 Ep  55/120  loss=1.2668 acc=65.4%  val=82.3%  lr=6.57e-05    51s
2026-03-22 12:44:21,711 [INFO]   S2 Ep  56/120  loss=1.3071 acc=63.2%  val=82.0%  lr=6.43e-05    52s
2026-03-22 12:45:13,284 [INFO]   S2 Ep  57/120  loss=1.2927 acc=64.5%  val=82.7%  lr=6.29e-05    52s
2026-03-22 12:45:13,748 [INFO]   ★ best 82.70%
2026-03-22 12:46:05,374 [INFO]   S2 Ep  58/120  loss=1.2452 acc=66.2%  val=83.2%  lr=6.15e-05    52s
2026-03-22 12:46:05,851 [INFO]   ★ best 83.18%
2026-03-22 12:46:57,444 [INFO]   S2 Ep  59/120  loss=1.2187 acc=67.6%  val=82.0%  lr=6.01e-05    52s
2026-03-22 12:47:48,731 [INFO]   S2 Ep  60/120  loss=1.2519 acc=65.5%  val=82.7%  lr=5.87e-05    51s
2026-03-22 12:48:40,480 [INFO]   S2 Ep  61/120  loss=1.2726 acc=65.1%  val=83.9%  lr=5.72e-05    52s
2026-03-22 12:48:40,937 [INFO]   ★ best 83.85%
2026-03-22 12:49:32,599 [INFO]   S2 Ep  62/120  loss=1.2386 acc=66.3%  val=83.7%  lr=5.58e-05    52s
2026-03-22 12:50:24,072 [INFO]   S2 Ep  63/120  loss=1.2295 acc=66.8%  val=83.7%  lr=5.44e-05    51s
2026-03-22 12:51:15,716 [INFO]   S2 Ep  64/120  loss=1.2337 acc=66.7%  val=82.5%  lr=5.29e-05    52s
2026-03-22 12:52:06,909 [INFO]   S2 Ep  65/120  loss=1.1898 acc=68.6%  val=84.4%  lr=5.15e-05    51s
2026-03-22 12:52:07,370 [INFO]   ★ best 84.40%
2026-03-22 12:52:58,442 [INFO]   S2 Ep  66/120  loss=1.2521 acc=65.7%  val=84.4%  lr=5.00e-05    51s
2026-03-22 12:52:58,904 [INFO]   ★ best 84.43%
2026-03-22 12:53:50,580 [INFO]   S2 Ep  67/120  loss=1.2006 acc=68.0%  val=84.1%  lr=4.85e-05    52s
2026-03-22 12:54:42,164 [INFO]   S2 Ep  68/120  loss=1.1774 acc=68.9%  val=85.4%  lr=4.71e-05    52s
2026-03-22 12:54:42,616 [INFO]   ★ best 85.38%
2026-03-22 12:55:34,135 [INFO]   S2 Ep  69/120  loss=1.2134 acc=67.4%  val=84.4%  lr=4.56e-05    52s
2026-03-22 12:56:25,653 [INFO]   S2 Ep  70/120  loss=1.2093 acc=67.3%  val=84.4%  lr=4.42e-05    52s
2026-03-22 12:57:17,316 [INFO]   S2 Ep  71/120  loss=1.2084 acc=67.2%  val=84.5%  lr=4.27e-05    52s
2026-03-22 12:58:08,982 [INFO]   S2 Ep  72/120  loss=1.1197 acc=71.8%  val=84.8%  lr=4.13e-05    52s
2026-03-22 12:59:00,615 [INFO]   S2 Ep  73/120  loss=1.1379 acc=70.4%  val=84.5%  lr=3.99e-05    52s
2026-03-22 12:59:52,148 [INFO]   S2 Ep  74/120  loss=1.1687 acc=69.1%  val=85.3%  lr=3.85e-05    52s
2026-03-22 13:00:43,295 [INFO]   S2 Ep  75/120  loss=1.1651 acc=69.4%  val=85.9%  lr=3.71e-05    51s
2026-03-22 13:00:43,797 [INFO]   ★ best 85.85%
2026-03-22 13:01:35,118 [INFO]   S2 Ep  76/120  loss=1.1308 acc=70.9%  val=85.0%  lr=3.57e-05    51s
2026-03-22 13:02:26,176 [INFO]   S2 Ep  77/120  loss=1.1332 acc=70.4%  val=85.4%  lr=3.43e-05    51s
2026-03-22 13:03:18,028 [INFO]   S2 Ep  78/120  loss=1.1427 acc=70.9%  val=85.6%  lr=3.29e-05    52s
2026-03-22 13:04:09,636 [INFO]   S2 Ep  79/120  loss=1.1357 acc=70.6%  val=85.3%  lr=3.15e-05    52s
2026-03-22 13:05:00,725 [INFO]   S2 Ep  80/120  loss=1.1153 acc=71.3%  val=85.0%  lr=3.02e-05    51s
2026-03-22 13:05:51,970 [INFO]   S2 Ep  81/120  loss=1.1295 acc=70.6%  val=85.1%  lr=2.89e-05    51s
2026-03-22 13:06:43,088 [INFO]   S2 Ep  82/120  loss=1.1064 acc=71.9%  val=85.3%  lr=2.76e-05    51s
2026-03-22 13:07:34,623 [INFO]   S2 Ep  83/120  loss=1.1143 acc=71.9%  val=86.1%  lr=2.63e-05    52s
2026-03-22 13:07:35,072 [INFO]   ★ best 86.13%
2026-03-22 13:08:26,150 [INFO]   S2 Ep  84/120  loss=1.1289 acc=71.1%  val=85.6%  lr=2.50e-05    51s
2026-03-22 13:09:17,182 [INFO]   S2 Ep  85/120  loss=1.1203 acc=70.4%  val=86.1%  lr=2.37e-05    51s
2026-03-22 13:10:08,826 [INFO]   S2 Ep  86/120  loss=1.0859 acc=72.5%  val=86.3%  lr=2.25e-05    52s
2026-03-22 13:10:09,277 [INFO]   ★ best 86.30%
2026-03-22 13:11:00,837 [INFO]   S2 Ep  87/120  loss=1.0568 acc=73.9%  val=86.1%  lr=2.13e-05    52s
2026-03-22 13:11:52,482 [INFO]   S2 Ep  88/120  loss=1.0911 acc=71.9%  val=86.2%  lr=2.01e-05    52s
2026-03-22 13:12:44,090 [INFO]   S2 Ep  89/120  loss=1.1219 acc=70.0%  val=86.5%  lr=1.90e-05    52s
2026-03-22 13:12:44,521 [INFO]   ★ best 86.50%
2026-03-22 13:13:35,892 [INFO]   S2 Ep  90/120  loss=1.0782 acc=72.0%  val=86.5%  lr=1.79e-05    51s
2026-03-22 13:13:36,340 [INFO]   ★ best 86.53%
2026-03-22 13:14:27,870 [INFO]   S2 Ep  91/120  loss=1.0795 acc=71.7%  val=86.3%  lr=1.68e-05    52s
2026-03-22 13:15:19,464 [INFO]   S2 Ep  92/120  loss=1.0515 acc=74.1%  val=85.3%  lr=1.57e-05    52s
2026-03-22 13:16:11,025 [INFO]   S2 Ep  93/120  loss=1.1097 acc=70.6%  val=85.6%  lr=1.46e-05    52s
2026-03-22 13:17:02,697 [INFO]   S2 Ep  94/120  loss=1.0669 acc=73.2%  val=86.0%  lr=1.36e-05    52s
2026-03-22 13:17:53,996 [INFO]   S2 Ep  95/120  loss=1.1234 acc=69.8%  val=86.3%  lr=1.26e-05    51s
2026-03-22 13:18:45,559 [INFO]   S2 Ep  96/120  loss=1.0144 acc=75.5%  val=87.0%  lr=1.17e-05    52s
2026-03-22 13:18:46,002 [INFO]   ★ best 87.04%
2026-03-22 13:19:37,585 [INFO]   S2 Ep  97/120  loss=1.0594 acc=72.9%  val=86.7%  lr=1.08e-05    52s
2026-03-22 13:20:28,757 [INFO]   S2 Ep  98/120  loss=1.0731 acc=72.0%  val=86.6%  lr=9.89e-06    51s
2026-03-22 13:21:20,480 [INFO]   S2 Ep  99/120  loss=1.0908 acc=70.5%  val=86.8%  lr=9.04e-06    52s
2026-03-22 13:22:11,857 [INFO]   S2 Ep 100/120  loss=1.0811 acc=70.6%  val=86.9%  lr=8.23e-06    51s
2026-03-22 13:23:03,531 [INFO]   S2 Ep 101/120  loss=1.0460 acc=73.8%  val=86.3%  lr=7.44e-06    52s
2026-03-22 13:23:55,197 [INFO]   S2 Ep 102/120  loss=1.0537 acc=72.8%  val=87.0%  lr=6.70e-06    52s
2026-03-22 13:24:46,806 [INFO]   S2 Ep 103/120  loss=1.0382 acc=73.6%  val=87.0%  lr=5.99e-06    52s
2026-03-22 13:25:38,387 [INFO]   S2 Ep 104/120  loss=1.1065 acc=70.6%  val=86.7%  lr=5.32e-06    52s
2026-03-22 13:26:29,574 [INFO]   S2 Ep 105/120  loss=1.0244 acc=74.5%  val=86.9%  lr=4.69e-06    51s
2026-03-22 13:27:21,354 [INFO]   S2 Ep 106/120  loss=1.0323 acc=74.0%  val=86.9%  lr=4.09e-06    52s
2026-03-22 13:28:13,320 [INFO]   S2 Ep 107/120  loss=1.0697 acc=72.2%  val=86.8%  lr=3.53e-06    52s
2026-03-22 13:29:04,455 [INFO]   S2 Ep 108/120  loss=1.0572 acc=72.9%  val=86.8%  lr=3.02e-06    51s
2026-03-22 13:29:56,320 [INFO]   S2 Ep 109/120  loss=0.9971 acc=76.0%  val=86.8%  lr=2.54e-06    52s
2026-03-22 13:30:47,949 [INFO]   S2 Ep 110/120  loss=1.0722 acc=72.3%  val=86.9%  lr=2.10e-06    52s
2026-03-22 13:31:39,075 [INFO]   S2 Ep 111/120  loss=1.0359 acc=74.2%  val=86.8%  lr=1.71e-06    51s
2026-03-22 13:32:30,154 [INFO]   S2 Ep 112/120  loss=1.0591 acc=72.6%  val=87.1%  lr=1.35e-06    51s
2026-03-22 13:32:30,649 [INFO]   ★ best 87.11%
2026-03-22 13:33:21,937 [INFO]   S2 Ep 113/120  loss=1.0496 acc=73.4%  val=86.8%  lr=1.04e-06    51s
2026-03-22 13:34:13,583 [INFO]   S2 Ep 114/120  loss=1.0387 acc=74.1%  val=87.1%  lr=7.63e-07    52s
2026-03-22 13:35:04,707 [INFO]   S2 Ep 115/120  loss=1.0679 acc=72.6%  val=86.9%  lr=5.31e-07    51s
2026-03-22 13:35:56,370 [INFO]   S2 Ep 116/120  loss=1.0479 acc=73.7%  val=86.9%  lr=3.41e-07    52s
2026-03-22 13:36:47,621 [INFO]   S2 Ep 117/120  loss=1.0524 acc=72.3%  val=86.9%  lr=1.94e-07    51s
2026-03-22 13:37:39,157 [INFO]   S2 Ep 118/120  loss=1.1034 acc=70.6%  val=86.9%  lr=8.82e-08    52s
2026-03-22 13:38:30,741 [INFO]   S2 Ep 119/120  loss=1.0900 acc=71.2%  val=86.9%  lr=2.50e-08    52s
2026-03-22 13:39:22,314 [INFO]   S2 Ep 120/120  loss=1.0237 acc=74.6%  val=87.0%  lr=4.00e-09    52s
2026-03-22 13:39:22,315 [INFO] ── Stage 3: SWA (15 ep) ──
2026-03-22 13:40:13,857 [INFO]   SWA Ep  1/15  loss=1.0183  swa_val=86.6%  51s
2026-03-22 13:41:05,232 [INFO]   SWA Ep  2/15  loss=1.0184  swa_val=86.7%  51s
2026-03-22 13:41:56,662 [INFO]   SWA Ep  3/15  loss=1.0310  swa_val=86.6%  51s
2026-03-22 13:42:48,346 [INFO]   SWA Ep  4/15  loss=1.0595  swa_val=86.8%  52s
2026-03-22 13:43:40,119 [INFO]   SWA Ep  5/15  loss=1.0861  swa_val=86.8%  52s
2026-03-22 13:44:31,010 [INFO]   SWA Ep  6/15  loss=1.0105  swa_val=86.9%  51s
2026-03-22 13:45:21,899 [INFO]   SWA Ep  7/15  loss=1.0177  swa_val=86.7%  51s
2026-03-22 13:46:13,262 [INFO]   SWA Ep  8/15  loss=1.0409  swa_val=86.8%  51s
2026-03-22 13:47:04,694 [INFO]   SWA Ep  9/15  loss=1.0455  swa_val=86.8%  51s
2026-03-22 13:47:55,071 [INFO]   SWA Ep 10/15  loss=1.0180  swa_val=86.9%  50s
2026-03-22 13:48:46,629 [INFO]   SWA Ep 11/15  loss=1.0271  swa_val=86.9%  52s
2026-03-22 13:49:38,009 [INFO]   SWA Ep 12/15  loss=1.0343  swa_val=87.0%  51s
2026-03-22 13:50:29,231 [INFO]   SWA Ep 13/15  loss=1.0015  swa_val=87.0%  51s
2026-03-22 13:51:20,352 [INFO]   SWA Ep 14/15  loss=1.0444  swa_val=86.9%  51s
2026-03-22 13:52:11,785 [INFO]   SWA Ep 15/15  loss=1.0365  swa_val=86.9%  51s
2026-03-22 13:52:17,731 [INFO]   SWA final: 86.87% (regular best: 87.11%)
2026-03-22 13:52:17,731 [INFO]   Fold 3 best: 87.11%
2026-03-22 13:52:17,749 [INFO] ================================================================
2026-03-22 13:52:17,750 [INFO] FOLD 4 / 5
2026-03-22 13:52:17,750 [INFO] ================================================================
2026-03-22 13:52:18,485 [INFO] Loading pretrained weights from Hugging Face hub (timm/vit_base_patch14_dinov2.lvd142m)
2026-03-22 13:52:18,665 [INFO] HTTP Request: HEAD https://huggingface.co/timm/vit_base_patch14_dinov2.lvd142m/resolve/main/model.safetensors "HTTP/1.1 302 Found"
2026-03-22 13:52:18,667 [INFO] [timm/vit_base_patch14_dinov2.lvd142m] Safe alternative available for 'pytorch_model.bin' (as 'model.safetensors'). Loading weights using safetensors.
2026-03-22 13:52:18,678 [INFO] Resized position embedding: (37, 37) to (16, 16).
2026-03-22 13:52:18,797 [INFO] ── Stage 1: head warmup (3 ep) ──
2026-03-22 13:52:41,761 [INFO]   S1 Ep 1/3  loss=2.8368 acc=0.9%  val=1.6%  23s
2026-03-22 13:52:42,117 [INFO]   ★ best 1.59%
2026-03-22 13:53:05,122 [INFO]   S1 Ep 2/3  loss=2.8017 acc=1.0%  val=2.0%  23s
2026-03-22 13:53:05,557 [INFO]   ★ best 2.04%
2026-03-22 13:53:28,575 [INFO]   S1 Ep 3/3  loss=2.7699 acc=1.3%  val=1.9%  23s
2026-03-22 13:53:28,575 [INFO] ── Stage 2: full fine-tune (120 ep) ──
2026-03-22 13:53:28,577 [INFO] LLRD: 28 groups, LR [2.54e-05 … 1.00e-04]
2026-03-22 13:54:20,278 [INFO]   S2 Ep   1/120  loss=2.7638 acc=1.2%  val=2.7%  lr=5.64e-06    52s
2026-03-22 13:54:20,726 [INFO]   ★ best 2.71%
2026-03-22 13:55:11,850 [INFO]   S2 Ep   2/120  loss=2.7301 acc=1.7%  val=3.1%  lr=1.04e-05    51s
2026-03-22 13:55:12,297 [INFO]   ★ best 3.09%
2026-03-22 13:56:02,914 [INFO]   S2 Ep   3/120  loss=2.6909 acc=2.3%  val=7.3%  lr=1.81e-05    51s
2026-03-22 13:56:03,382 [INFO]   ★ best 7.29%
2026-03-22 13:56:54,954 [INFO]   S2 Ep   4/120  loss=2.6051 acc=5.0%  val=13.9%  lr=2.80e-05    52s
2026-03-22 13:56:55,402 [INFO]   ★ best 13.87%
2026-03-22 13:57:46,821 [INFO]   S2 Ep   5/120  loss=2.5130 acc=7.8%  val=19.8%  lr=3.96e-05    51s
2026-03-22 13:57:47,277 [INFO]   ★ best 19.84%
2026-03-22 13:58:38,398 [INFO]   S2 Ep   6/120  loss=2.4477 acc=10.7%  val=19.0%  lr=5.20e-05    51s
2026-03-22 13:59:30,009 [INFO]   S2 Ep   7/120  loss=2.3964 acc=12.5%  val=31.0%  lr=6.45e-05    52s
2026-03-22 13:59:30,460 [INFO]   ★ best 31.04%
2026-03-22 14:00:21,408 [INFO]   S2 Ep   8/120  loss=2.3387 acc=15.4%  val=35.1%  lr=7.60e-05    51s
2026-03-22 14:00:21,869 [INFO]   ★ best 35.14%
2026-03-22 14:01:13,438 [INFO]   S2 Ep   9/120  loss=2.2478 acc=19.4%  val=41.9%  lr=8.60e-05    52s
2026-03-22 14:01:13,875 [INFO]   ★ best 41.89%
2026-03-22 14:02:05,476 [INFO]   S2 Ep  10/120  loss=2.2513 acc=19.8%  val=41.0%  lr=9.36e-05    52s
2026-03-22 14:02:56,100 [INFO]   S2 Ep  11/120  loss=2.1767 acc=22.9%  val=47.6%  lr=9.84e-05    51s
2026-03-22 14:02:56,564 [INFO]   ★ best 47.56%
2026-03-22 14:03:48,204 [INFO]   S2 Ep  12/120  loss=2.1254 acc=25.8%  val=51.2%  lr=1.00e-04    52s
2026-03-22 14:03:48,668 [INFO]   ★ best 51.22%
2026-03-22 14:04:40,295 [INFO]   S2 Ep  13/120  loss=2.0597 acc=28.7%  val=53.9%  lr=1.00e-04    52s
2026-03-22 14:04:40,762 [INFO]   ★ best 53.87%
2026-03-22 14:05:32,410 [INFO]   S2 Ep  14/120  loss=2.0174 acc=30.6%  val=58.6%  lr=9.99e-05    52s
2026-03-22 14:05:32,871 [INFO]   ★ best 58.62%
2026-03-22 14:06:24,461 [INFO]   S2 Ep  15/120  loss=1.9420 acc=34.0%  val=60.9%  lr=9.98e-05    52s
2026-03-22 14:06:24,920 [INFO]   ★ best 60.85%
2026-03-22 14:07:16,147 [INFO]   S2 Ep  16/120  loss=1.9084 acc=36.0%  val=61.3%  lr=9.97e-05    51s
2026-03-22 14:07:16,604 [INFO]   ★ best 61.33%
2026-03-22 14:08:08,227 [INFO]   S2 Ep  17/120  loss=1.8875 acc=37.1%  val=65.8%  lr=9.95e-05    52s
2026-03-22 14:08:08,698 [INFO]   ★ best 65.84%
2026-03-22 14:09:00,280 [INFO]   S2 Ep  18/120  loss=1.8014 acc=40.6%  val=65.2%  lr=9.92e-05    52s
2026-03-22 14:09:51,973 [INFO]   S2 Ep  19/120  loss=1.8076 acc=40.6%  val=65.6%  lr=9.90e-05    52s
2026-03-22 14:10:43,016 [INFO]   S2 Ep  20/120  loss=1.7980 acc=41.3%  val=69.8%  lr=9.87e-05    51s
2026-03-22 14:10:43,476 [INFO]   ★ best 69.78%
2026-03-22 14:11:34,606 [INFO]   S2 Ep  21/120  loss=1.7606 acc=42.9%  val=67.6%  lr=9.83e-05    51s
2026-03-22 14:12:26,173 [INFO]   S2 Ep  22/120  loss=1.7362 acc=43.7%  val=72.0%  lr=9.79e-05    52s
2026-03-22 14:12:26,633 [INFO]   ★ best 71.98%
2026-03-22 14:13:17,774 [INFO]   S2 Ep  23/120  loss=1.7077 acc=45.2%  val=70.3%  lr=9.75e-05    51s
2026-03-22 14:14:09,416 [INFO]   S2 Ep  24/120  loss=1.7312 acc=43.9%  val=73.2%  lr=9.70e-05    52s
2026-03-22 14:14:09,886 [INFO]   ★ best 73.24%
2026-03-22 14:15:01,391 [INFO]   S2 Ep  25/120  loss=1.6371 acc=48.2%  val=74.0%  lr=9.65e-05    52s
2026-03-22 14:15:01,852 [INFO]   ★ best 74.02%
2026-03-22 14:15:53,162 [INFO]   S2 Ep  26/120  loss=1.6186 acc=49.4%  val=73.4%  lr=9.59e-05    51s
2026-03-22 14:16:44,652 [INFO]   S2 Ep  27/120  loss=1.6286 acc=49.2%  val=74.4%  lr=9.53e-05    51s
2026-03-22 14:16:45,121 [INFO]   ★ best 74.42%
2026-03-22 14:17:36,577 [INFO]   S2 Ep  28/120  loss=1.5800 acc=50.4%  val=75.5%  lr=9.47e-05    51s
2026-03-22 14:17:37,059 [INFO]   ★ best 75.47%
2026-03-22 14:18:28,742 [INFO]   S2 Ep  29/120  loss=1.6358 acc=48.6%  val=75.6%  lr=9.40e-05    52s
2026-03-22 14:18:29,194 [INFO]   ★ best 75.61%
2026-03-22 14:19:20,820 [INFO]   S2 Ep  30/120  loss=1.5843 acc=50.8%  val=77.6%  lr=9.33e-05    52s
2026-03-22 14:19:21,286 [INFO]   ★ best 77.58%
2026-03-22 14:20:12,885 [INFO]   S2 Ep  31/120  loss=1.5403 acc=52.5%  val=75.2%  lr=9.26e-05    52s
2026-03-22 14:21:04,057 [INFO]   S2 Ep  32/120  loss=1.5821 acc=50.8%  val=77.8%  lr=9.18e-05    51s
2026-03-22 14:21:04,525 [INFO]   ★ best 77.82%
2026-03-22 14:21:55,714 [INFO]   S2 Ep  33/120  loss=1.5296 acc=53.5%  val=77.5%  lr=9.10e-05    51s
2026-03-22 14:22:46,873 [INFO]   S2 Ep  34/120  loss=1.5611 acc=52.1%  val=78.8%  lr=9.01e-05    51s
2026-03-22 14:22:47,332 [INFO]   ★ best 78.83%
2026-03-22 14:23:38,879 [INFO]   S2 Ep  35/120  loss=1.5045 acc=54.9%  val=78.2%  lr=8.92e-05    52s
2026-03-22 14:24:30,489 [INFO]   S2 Ep  36/120  loss=1.4346 acc=57.4%  val=78.6%  lr=8.83e-05    52s
2026-03-22 14:25:22,205 [INFO]   S2 Ep  37/120  loss=1.4579 acc=56.3%  val=79.1%  lr=8.73e-05    52s
2026-03-22 14:25:22,661 [INFO]   ★ best 79.07%
2026-03-22 14:26:14,275 [INFO]   S2 Ep  38/120  loss=1.4233 acc=57.9%  val=80.2%  lr=8.64e-05    52s
2026-03-22 14:26:14,728 [INFO]   ★ best 80.16%
2026-03-22 14:27:06,310 [INFO]   S2 Ep  39/120  loss=1.4524 acc=57.4%  val=78.7%  lr=8.54e-05    52s
2026-03-22 14:27:57,937 [INFO]   S2 Ep  40/120  loss=1.3918 acc=59.7%  val=79.4%  lr=8.43e-05    52s
2026-03-22 14:28:49,651 [INFO]   S2 Ep  41/120  loss=1.4064 acc=59.2%  val=79.4%  lr=8.32e-05    52s
2026-03-22 14:29:41,370 [INFO]   S2 Ep  42/120  loss=1.4203 acc=58.4%  val=80.6%  lr=8.21e-05    52s
2026-03-22 14:29:41,831 [INFO]   ★ best 80.60%
2026-03-22 14:30:33,015 [INFO]   S2 Ep  43/120  loss=1.3996 acc=59.0%  val=80.6%  lr=8.10e-05    51s
2026-03-22 14:30:33,476 [INFO]   ★ best 80.63%
2026-03-22 14:31:25,172 [INFO]   S2 Ep  44/120  loss=1.3868 acc=60.0%  val=79.6%  lr=7.99e-05    52s
2026-03-22 14:32:16,922 [INFO]   S2 Ep  45/120  loss=1.3970 acc=59.5%  val=80.3%  lr=7.87e-05    52s
2026-03-22 14:33:07,526 [INFO]   S2 Ep  46/120  loss=1.3920 acc=60.0%  val=80.7%  lr=7.75e-05    51s
2026-03-22 14:33:07,996 [INFO]   ★ best 80.73%
2026-03-22 14:33:59,680 [INFO]   S2 Ep  47/120  loss=1.3382 acc=62.2%  val=79.6%  lr=7.62e-05    52s
2026-03-22 14:34:50,881 [INFO]   S2 Ep  48/120  loss=1.3769 acc=60.7%  val=80.4%  lr=7.50e-05    51s
2026-03-22 14:35:42,507 [INFO]   S2 Ep  49/120  loss=1.3169 acc=63.0%  val=81.9%  lr=7.37e-05    52s
2026-03-22 14:35:42,960 [INFO]   ★ best 81.89%
2026-03-22 14:36:34,618 [INFO]   S2 Ep  50/120  loss=1.3596 acc=61.0%  val=81.4%  lr=7.24e-05    52s
2026-03-22 14:37:25,751 [INFO]   S2 Ep  51/120  loss=1.2818 acc=64.2%  val=81.3%  lr=7.11e-05    51s
2026-03-22 14:38:16,915 [INFO]   S2 Ep  52/120  loss=1.2965 acc=64.1%  val=82.1%  lr=6.98e-05    51s
2026-03-22 14:38:17,379 [INFO]   ★ best 82.09%
2026-03-22 14:39:08,565 [INFO]   S2 Ep  53/120  loss=1.3039 acc=63.3%  val=81.3%  lr=6.85e-05    51s
2026-03-22 14:39:59,172 [INFO]   S2 Ep  54/120  loss=1.2791 acc=64.7%  val=81.9%  lr=6.71e-05    51s
2026-03-22 14:40:50,868 [INFO]   S2 Ep  55/120  loss=1.2626 acc=65.5%  val=81.6%  lr=6.57e-05    52s
2026-03-22 14:41:42,526 [INFO]   S2 Ep  56/120  loss=1.2967 acc=63.3%  val=82.1%  lr=6.43e-05    52s
2026-03-22 14:41:43,013 [INFO]   ★ best 82.12%
2026-03-22 14:42:34,070 [INFO]   S2 Ep  57/120  loss=1.3292 acc=62.3%  val=82.4%  lr=6.29e-05    51s
2026-03-22 14:42:34,527 [INFO]   ★ best 82.39%
2026-03-22 14:43:26,118 [INFO]   S2 Ep  58/120  loss=1.2799 acc=64.6%  val=82.4%  lr=6.15e-05    52s
2026-03-22 14:44:16,777 [INFO]   S2 Ep  59/120  loss=1.2485 acc=66.5%  val=81.0%  lr=6.01e-05    51s
2026-03-22 14:45:07,807 [INFO]   S2 Ep  60/120  loss=1.2219 acc=67.2%  val=81.9%  lr=5.87e-05    51s
2026-03-22 14:45:59,360 [INFO]   S2 Ep  61/120  loss=1.2433 acc=66.1%  val=83.2%  lr=5.72e-05    52s
2026-03-22 14:45:59,851 [INFO]   ★ best 83.24%
2026-03-22 14:46:51,467 [INFO]   S2 Ep  62/120  loss=1.2327 acc=66.1%  val=83.1%  lr=5.58e-05    52s
2026-03-22 14:47:42,176 [INFO]   S2 Ep  63/120  loss=1.2518 acc=66.2%  val=83.4%  lr=5.44e-05    51s
2026-03-22 14:47:42,650 [INFO]   ★ best 83.41%
2026-03-22 14:48:33,712 [INFO]   S2 Ep  64/120  loss=1.2042 acc=68.4%  val=82.5%  lr=5.29e-05    51s
2026-03-22 14:49:25,048 [INFO]   S2 Ep  65/120  loss=1.2020 acc=67.7%  val=83.0%  lr=5.15e-05    51s
2026-03-22 14:50:15,903 [INFO]   S2 Ep  66/120  loss=1.1865 acc=68.2%  val=82.9%  lr=5.00e-05    51s
2026-03-22 14:51:06,772 [INFO]   S2 Ep  67/120  loss=1.2354 acc=65.6%  val=82.4%  lr=4.85e-05    51s
2026-03-22 14:51:57,725 [INFO]   S2 Ep  68/120  loss=1.1574 acc=69.8%  val=83.0%  lr=4.71e-05    51s
2026-03-22 14:52:48,481 [INFO]   S2 Ep  69/120  loss=1.1523 acc=70.0%  val=83.0%  lr=4.56e-05    51s
2026-03-22 14:53:39,360 [INFO]   S2 Ep  70/120  loss=1.1687 acc=69.5%  val=83.3%  lr=4.42e-05    51s
2026-03-22 14:54:29,801 [INFO]   S2 Ep  71/120  loss=1.1962 acc=67.4%  val=83.2%  lr=4.27e-05    50s
2026-03-22 14:55:20,261 [INFO]   S2 Ep  72/120  loss=1.1613 acc=68.8%  val=83.4%  lr=4.13e-05    50s
2026-03-22 14:56:11,249 [INFO]   S2 Ep  73/120  loss=1.1330 acc=70.7%  val=83.8%  lr=3.99e-05    51s
2026-03-22 14:56:11,693 [INFO]   ★ best 83.82%
2026-03-22 14:57:02,241 [INFO]   S2 Ep  74/120  loss=1.1325 acc=70.7%  val=83.6%  lr=3.85e-05    51s
2026-03-22 14:57:53,078 [INFO]   S2 Ep  75/120  loss=1.1309 acc=70.2%  val=83.9%  lr=3.71e-05    51s
2026-03-22 14:57:53,501 [INFO]   ★ best 83.85%
2026-03-22 14:58:44,370 [INFO]   S2 Ep  76/120  loss=1.1334 acc=70.5%  val=83.9%  lr=3.57e-05    51s
2026-03-22 14:59:34,511 [INFO]   S2 Ep  77/120  loss=1.1007 acc=71.7%  val=85.0%  lr=3.43e-05    50s
2026-03-22 14:59:34,939 [INFO]   ★ best 85.01%
