2026-03-23 09:05:29,050 [INFO] GPU: NVIDIA H200
2026-03-23 09:05:29,052 [INFO] Config: {
  "data_dir": "/data/slr/track2_",
  "output_dir": "/data/slr/checkpoints_v64",
  "max_frames": 48,
  "img_size": 224,
  "n_classes": 126,
  "channel_means": [
    -64.3217,
    -62.9119,
    -63.9254
  ],
  "channel_stds": [
    12.5721,
    11.662,
    11.7259
  ],
  "n_folds": 5,
  "batch_size": 48,
  "num_workers": 2,
  "stage1_epochs": 5,
  "stage1_lr": 0.0002,
  "stage2_epochs": 150,
  "stage2_lr": 4e-05,
  "swa_epochs": 20,
  "swa_lr": 4e-06,
  "weight_decay": 0.05,
  "warmup_pct": 0.05,
  "label_smoothing": 0.1,
  "early_stopping_patience": 30,
  "grad_clip_norm": 1.0,
  "llrd_decay": 0.75,
  "kd_alpha": 0.6,
  "kd_tau": 3.0,
  "mixup_alpha": 0.4,
  "cutmix_alpha": 1.0,
  "cutmix_prob": 0.5,
  "time_mask_max": 8,
  "range_mask_max": 30,
  "noise_std": 0.1,
  "time_warp_lo": 0.8,
  "time_warp_hi": 1.2,
  "time_reverse_prob": 0.5,
  "channel_shuffle_prob": 0.2,
  "channel_drop_prob": 0.1,
  "random_erase_prob": 0.2,
  "circ_shift_prob": 0.3,
  "circ_shift_max": 8,
  "amp_scale_prob": 0.5,
  "amp_scale_lo": 0.8,
  "amp_scale_hi": 1.2,
  "model_name": "convnextv2_tiny.fcmae_ft_in22k_in1k",
  "drop_path_rate": 0.2,
  "proj_dim": 512,
  "drop_rate": 0.3,
  "ms_dropout_samples": 5,
  "seed": 42
}
2026-03-23 09:05:29,052 [INFO] Input mode: mti | Spectral threshold: -90 dB | Fold: 0
2026-03-23 09:05:29,132 [INFO] Train: 14742 | Eval: 9828
2026-03-23 09:05:33,965 [INFO] Pre-computing 8-teacher ensemble soft labels …
2026-03-23 09:05:33,969 [INFO]   [1/8] checkpoints_v11 @ 224×224
2026-03-23 09:06:31,172 [INFO]     → 5 folds loaded
2026-03-23 09:06:31,173 [INFO]   [2/8] checkpoints_vit_v9 @ 224×224
2026-03-23 09:07:29,220 [INFO]     → 5 folds loaded
2026-03-23 09:07:29,220 [INFO]   [3/8] checkpoints_v18 @ 384×384
2026-03-23 09:09:40,568 [INFO]     → 5 folds loaded
2026-03-23 09:09:40,569 [INFO]   [4/8] checkpoints_v25 @ 448×448
2026-03-23 09:12:33,376 [INFO]     → 5 folds loaded
2026-03-23 09:12:33,377 [INFO]   [5/8] checkpoints_v24 @ 384×384
2026-03-23 09:14:39,174 [INFO]     → 5 folds loaded
2026-03-23 09:14:39,194 [INFO]   [6/8] checkpoints_v38 @ 512×512
2026-03-23 09:18:18,965 [INFO]     → 5 folds loaded
2026-03-23 09:18:18,966 [INFO]   [7/8] checkpoints_v47 @ 320×320
2026-03-23 09:19:52,299 [INFO]     → 5 folds loaded
2026-03-23 09:19:52,299 [INFO]   [8/8] checkpoints_v52 @ 384×384
2026-03-23 09:21:49,005 [INFO]     → 5 folds loaded
2026-03-23 09:21:49,005 [INFO]   Ensemble from 8 teachers → soft labels for 14742 samples
2026-03-23 09:21:49,022 [INFO] KD α=0.60 τ=3.0 | SWA 20 ep | 8-TEACHER KD | 3ch MTI-only
2026-03-23 09:21:49,027 [INFO] ================================================================
2026-03-23 09:21:49,027 [INFO] FOLD 0 (single fold mode)
2026-03-23 09:21:49,027 [INFO] ================================================================
2026-03-23 09:21:49,028 [INFO]   Train: 11793 | Val: 2949
2026-03-23 09:21:49,251 [INFO] Loading pretrained weights from Hugging Face hub (timm/convnextv2_tiny.fcmae_ft_in22k_in1k)
2026-03-23 09:21:49,332 [INFO] HTTP Request: HEAD https://huggingface.co/timm/convnextv2_tiny.fcmae_ft_in22k_in1k/resolve/main/model.safetensors "HTTP/1.1 302 Found"
2026-03-23 09:21:49,334 [INFO] [timm/convnextv2_tiny.fcmae_ft_in22k_in1k] Safe alternative available for 'pytorch_model.bin' (as 'model.safetensors'). Loading weights using safetensors.
2026-03-23 09:21:49,352 [INFO] Missing keys (head.fc.weight, head.fc.bias) discovered while loading pretrained weights. This is expected if model is being adapted.
2026-03-23 09:21:49,482 [INFO]   Born-again ← best_fold0.pt (val 90.78%)
2026-03-23 09:21:49,483 [INFO] ── Stage 1: head warmup (5 ep) ──
2026-03-23 09:22:15,333 [INFO]   S1 Ep 1/5  loss=2.9082 acc=12.1%  val=17.8%  26s
2026-03-23 09:22:15,501 [INFO]   ★ best 17.80%
2026-03-23 09:22:30,259 [INFO]   S1 Ep 2/5  loss=2.6735 acc=16.8%  val=22.2%  15s
2026-03-23 09:22:30,416 [INFO]   ★ best 22.24%
2026-03-23 09:22:44,929 [INFO]   S1 Ep 3/5  loss=2.5787 acc=19.3%  val=24.9%  15s
2026-03-23 09:22:45,113 [INFO]   ★ best 24.92%
2026-03-23 09:22:59,740 [INFO]   S1 Ep 4/5  loss=2.5282 acc=20.8%  val=26.4%  15s
2026-03-23 09:22:59,904 [INFO]   ★ best 26.42%
2026-03-23 09:23:14,091 [INFO]   S1 Ep 5/5  loss=2.4982 acc=21.6%  val=26.7%  14s
2026-03-23 09:23:14,271 [INFO]   ★ best 26.69%
2026-03-23 09:23:14,271 [INFO] ── Stage 2: full fine-tune (150 ep, patience 30) ──
2026-03-23 09:23:14,272 [INFO] LLRD: 12 groups, LR [9.49e-06 … 4.00e-05]
2026-03-23 09:23:39,897 [INFO]   S2 Ep   1/150  loss=2.7151 acc=17.6%  val=40.3%  lr=3.26e-06    26s
2026-03-23 09:23:40,069 [INFO]   ★ best 40.32%
2026-03-23 09:23:55,840 [INFO]   S2 Ep   2/150  loss=2.4066 acc=29.0%  val=62.7%  lr=7.96e-06    16s
2026-03-23 09:23:56,042 [INFO]   ★ best 62.67%
2026-03-23 09:24:11,775 [INFO]   S2 Ep   3/150  loss=2.0638 acc=42.9%  val=72.6%  lr=1.49e-05    16s
2026-03-23 09:24:11,974 [INFO]   ★ best 72.63%
2026-03-23 09:24:27,746 [INFO]   S2 Ep   4/150  loss=1.8461 acc=50.8%  val=76.6%  lr=2.28e-05    16s
2026-03-23 09:24:27,949 [INFO]   ★ best 76.57%
2026-03-23 09:24:43,577 [INFO]   S2 Ep   5/150  loss=1.8022 acc=51.9%  val=79.1%  lr=3.04e-05    16s
2026-03-23 09:24:43,775 [INFO]   ★ best 79.15%
2026-03-23 09:24:59,586 [INFO]   S2 Ep   6/150  loss=1.6253 acc=59.1%  val=81.7%  lr=3.63e-05    16s
2026-03-23 09:24:59,789 [INFO]   ★ best 81.69%
2026-03-23 09:25:15,602 [INFO]   S2 Ep   7/150  loss=1.5776 acc=60.3%  val=82.2%  lr=3.96e-05    16s
2026-03-23 09:25:15,797 [INFO]   ★ best 82.20%
2026-03-23 09:25:31,840 [INFO]   S2 Ep   8/150  loss=1.6269 acc=58.8%  val=82.8%  lr=4.00e-05    16s
2026-03-23 09:25:32,039 [INFO]   ★ best 82.77%
2026-03-23 09:25:48,116 [INFO]   S2 Ep   9/150  loss=1.5658 acc=60.8%  val=83.4%  lr=4.00e-05    16s
2026-03-23 09:25:48,277 [INFO]   ★ best 83.42%
2026-03-23 09:26:04,299 [INFO]   S2 Ep  10/150  loss=1.5689 acc=60.3%  val=82.6%  lr=4.00e-05    16s
2026-03-23 09:26:20,427 [INFO]   S2 Ep  11/150  loss=1.5335 acc=62.1%  val=83.7%  lr=3.99e-05    16s
2026-03-23 09:26:20,620 [INFO]   ★ best 83.69%
2026-03-23 09:26:36,613 [INFO]   S2 Ep  12/150  loss=1.5514 acc=61.4%  val=84.0%  lr=3.99e-05    16s
2026-03-23 09:26:36,787 [INFO]   ★ best 83.96%
2026-03-23 09:26:52,730 [INFO]   S2 Ep  13/150  loss=1.4865 acc=63.9%  val=83.2%  lr=3.99e-05    16s
2026-03-23 09:27:08,578 [INFO]   S2 Ep  14/150  loss=1.4614 acc=64.7%  val=84.4%  lr=3.98e-05    16s
2026-03-23 09:27:08,774 [INFO]   ★ best 84.37%
2026-03-23 09:27:24,722 [INFO]   S2 Ep  15/150  loss=1.4879 acc=63.9%  val=83.7%  lr=3.97e-05    16s
2026-03-23 09:27:40,492 [INFO]   S2 Ep  16/150  loss=1.5548 acc=61.4%  val=84.6%  lr=3.96e-05    16s
2026-03-23 09:27:40,701 [INFO]   ★ best 84.57%
2026-03-23 09:27:56,623 [INFO]   S2 Ep  17/150  loss=1.4251 acc=65.8%  val=84.3%  lr=3.96e-05    16s
2026-03-23 09:28:12,555 [INFO]   S2 Ep  18/150  loss=1.4843 acc=63.5%  val=84.9%  lr=3.95e-05    16s
2026-03-23 09:28:12,763 [INFO]   ★ best 84.94%
2026-03-23 09:28:28,743 [INFO]   S2 Ep  19/150  loss=1.4566 acc=64.7%  val=84.5%  lr=3.94e-05    16s
2026-03-23 09:28:44,689 [INFO]   S2 Ep  20/150  loss=1.4667 acc=64.4%  val=85.0%  lr=3.92e-05    16s
2026-03-23 09:28:44,846 [INFO]   ★ best 84.98%
2026-03-23 09:29:00,947 [INFO]   S2 Ep  21/150  loss=1.4660 acc=65.1%  val=84.8%  lr=3.91e-05    16s
2026-03-23 09:29:16,916 [INFO]   S2 Ep  22/150  loss=1.4236 acc=66.7%  val=84.6%  lr=3.90e-05    16s
2026-03-23 09:29:33,170 [INFO]   S2 Ep  23/150  loss=1.4389 acc=65.2%  val=85.6%  lr=3.88e-05    16s
2026-03-23 09:29:33,339 [INFO]   ★ best 85.55%
2026-03-23 09:29:49,321 [INFO]   S2 Ep  24/150  loss=1.4279 acc=66.0%  val=84.7%  lr=3.87e-05    16s
2026-03-23 09:30:05,576 [INFO]   S2 Ep  25/150  loss=1.4164 acc=67.4%  val=84.8%  lr=3.85e-05    16s
2026-03-23 09:30:21,930 [INFO]   S2 Ep  26/150  loss=1.4022 acc=66.8%  val=85.2%  lr=3.84e-05    16s
2026-03-23 09:30:38,274 [INFO]   S2 Ep  27/150  loss=1.3791 acc=68.0%  val=84.6%  lr=3.82e-05    16s
2026-03-23 09:30:54,519 [INFO]   S2 Ep  28/150  loss=1.3990 acc=66.8%  val=85.3%  lr=3.80e-05    16s
2026-03-23 09:31:10,501 [INFO]   S2 Ep  29/150  loss=1.4233 acc=65.7%  val=85.0%  lr=3.78e-05    16s
2026-03-23 09:31:26,761 [INFO]   S2 Ep  30/150  loss=1.3656 acc=68.6%  val=85.2%  lr=3.76e-05    16s
2026-03-23 09:31:42,848 [INFO]   S2 Ep  31/150  loss=1.4252 acc=65.5%  val=85.0%  lr=3.74e-05    16s
2026-03-23 09:31:58,841 [INFO]   S2 Ep  32/150  loss=1.3520 acc=69.4%  val=85.4%  lr=3.72e-05    16s
2026-03-23 09:32:15,023 [INFO]   S2 Ep  33/150  loss=1.4011 acc=67.1%  val=84.9%  lr=3.69e-05    16s
2026-03-23 09:32:31,123 [INFO]   S2 Ep  34/150  loss=1.4031 acc=67.4%  val=84.9%  lr=3.67e-05    16s
2026-03-23 09:32:47,102 [INFO]   S2 Ep  35/150  loss=1.4020 acc=67.0%  val=84.7%  lr=3.64e-05    16s
2026-03-23 09:33:03,457 [INFO]   S2 Ep  36/150  loss=1.3961 acc=67.5%  val=85.1%  lr=3.62e-05    16s
2026-03-23 09:33:19,899 [INFO]   S2 Ep  37/150  loss=1.3494 acc=69.2%  val=85.4%  lr=3.59e-05    16s
2026-03-23 09:33:35,973 [INFO]   S2 Ep  38/150  loss=1.3787 acc=68.3%  val=85.5%  lr=3.56e-05    16s
2026-03-23 09:33:51,930 [INFO]   S2 Ep  39/150  loss=1.2981 acc=70.9%  val=84.9%  lr=3.54e-05    16s
2026-03-23 09:34:08,099 [INFO]   S2 Ep  40/150  loss=1.3707 acc=68.4%  val=85.4%  lr=3.51e-05    16s
2026-03-23 09:34:24,066 [INFO]   S2 Ep  41/150  loss=1.3751 acc=68.1%  val=85.8%  lr=3.48e-05    16s
2026-03-23 09:34:24,265 [INFO]   ★ best 85.79%
2026-03-23 09:34:40,225 [INFO]   S2 Ep  42/150  loss=1.3570 acc=68.3%  val=85.2%  lr=3.45e-05    16s
2026-03-23 09:34:56,485 [INFO]   S2 Ep  43/150  loss=1.3487 acc=68.6%  val=85.1%  lr=3.42e-05    16s
2026-03-23 09:35:12,301 [INFO]   S2 Ep  44/150  loss=1.3545 acc=69.3%  val=85.3%  lr=3.39e-05    16s
2026-03-23 09:35:28,130 [INFO]   S2 Ep  45/150  loss=1.3767 acc=68.2%  val=85.3%  lr=3.35e-05    16s
2026-03-23 09:35:43,985 [INFO]   S2 Ep  46/150  loss=1.3279 acc=69.8%  val=85.0%  lr=3.32e-05    16s
2026-03-23 09:36:00,024 [INFO]   S2 Ep  47/150  loss=1.2799 acc=71.8%  val=85.7%  lr=3.29e-05    16s
2026-03-23 09:36:15,790 [INFO]   S2 Ep  48/150  loss=1.3661 acc=68.2%  val=85.5%  lr=3.25e-05    16s
2026-03-23 09:36:31,800 [INFO]   S2 Ep  49/150  loss=1.3631 acc=68.3%  val=85.5%  lr=3.22e-05    16s
2026-03-23 09:36:47,595 [INFO]   S2 Ep  50/150  loss=1.4131 acc=66.1%  val=85.3%  lr=3.18e-05    16s
2026-03-23 09:37:03,404 [INFO]   S2 Ep  51/150  loss=1.2839 acc=72.1%  val=85.3%  lr=3.15e-05    16s
2026-03-23 09:37:19,681 [INFO]   S2 Ep  52/150  loss=1.3253 acc=70.1%  val=85.4%  lr=3.11e-05    16s
2026-03-23 09:37:35,852 [INFO]   S2 Ep  53/150  loss=1.3577 acc=68.7%  val=85.7%  lr=3.08e-05    16s
2026-03-23 09:37:51,841 [INFO]   S2 Ep  54/150  loss=1.3612 acc=68.5%  val=85.9%  lr=3.04e-05    16s
2026-03-23 09:37:52,008 [INFO]   ★ best 85.86%
2026-03-23 09:38:07,982 [INFO]   S2 Ep  55/150  loss=1.3241 acc=70.1%  val=85.8%  lr=3.00e-05    16s
2026-03-23 09:38:23,790 [INFO]   S2 Ep  56/150  loss=1.2938 acc=70.8%  val=84.9%  lr=2.96e-05    16s
2026-03-23 09:38:39,595 [INFO]   S2 Ep  57/150  loss=1.3122 acc=70.4%  val=85.0%  lr=2.92e-05    16s
2026-03-23 09:38:55,427 [INFO]   S2 Ep  58/150  loss=1.3181 acc=70.3%  val=85.2%  lr=2.88e-05    16s
2026-03-23 09:39:11,131 [INFO]   S2 Ep  59/150  loss=1.3069 acc=70.5%  val=85.5%  lr=2.84e-05    16s
2026-03-23 09:39:26,783 [INFO]   S2 Ep  60/150  loss=1.3061 acc=70.7%  val=85.2%  lr=2.80e-05    16s
2026-03-23 09:39:42,518 [INFO]   S2 Ep  61/150  loss=1.3300 acc=69.9%  val=85.6%  lr=2.76e-05    16s
2026-03-23 09:39:58,625 [INFO]   S2 Ep  62/150  loss=1.3201 acc=70.0%  val=86.1%  lr=2.72e-05    16s
2026-03-23 09:39:58,815 [INFO]   ★ best 86.06%
2026-03-23 09:40:14,467 [INFO]   S2 Ep  63/150  loss=1.3582 acc=68.4%  val=85.4%  lr=2.68e-05    16s
2026-03-23 09:40:30,101 [INFO]   S2 Ep  64/150  loss=1.2773 acc=72.1%  val=85.5%  lr=2.64e-05    16s
2026-03-23 09:40:45,683 [INFO]   S2 Ep  65/150  loss=1.3123 acc=70.5%  val=85.7%  lr=2.60e-05    16s
2026-03-23 09:41:01,416 [INFO]   S2 Ep  66/150  loss=1.3126 acc=70.1%  val=85.8%  lr=2.55e-05    16s
2026-03-23 09:41:17,151 [INFO]   S2 Ep  67/150  loss=1.3536 acc=68.1%  val=86.1%  lr=2.51e-05    16s
2026-03-23 09:41:17,357 [INFO]   ★ best 86.10%
2026-03-23 09:41:33,294 [INFO]   S2 Ep  68/150  loss=1.3028 acc=70.7%  val=85.5%  lr=2.47e-05    16s
2026-03-23 09:41:49,027 [INFO]   S2 Ep  69/150  loss=1.3002 acc=70.9%  val=85.6%  lr=2.43e-05    16s
2026-03-23 09:42:04,748 [INFO]   S2 Ep  70/150  loss=1.3102 acc=70.6%  val=85.4%  lr=2.38e-05    16s
2026-03-23 09:42:20,486 [INFO]   S2 Ep  71/150  loss=1.3261 acc=70.1%  val=86.1%  lr=2.34e-05    16s
2026-03-23 09:42:20,694 [INFO]   ★ best 86.13%
2026-03-23 09:42:36,476 [INFO]   S2 Ep  72/150  loss=1.2957 acc=70.8%  val=86.1%  lr=2.30e-05    16s
2026-03-23 09:42:52,467 [INFO]   S2 Ep  73/150  loss=1.2909 acc=71.2%  val=85.5%  lr=2.25e-05    16s
2026-03-23 09:43:08,250 [INFO]   S2 Ep  74/150  loss=1.2799 acc=72.1%  val=85.7%  lr=2.21e-05    16s
2026-03-23 09:43:23,917 [INFO]   S2 Ep  75/150  loss=1.2832 acc=71.6%  val=85.6%  lr=2.17e-05    16s
2026-03-23 09:43:40,087 [INFO]   S2 Ep  76/150  loss=1.2956 acc=70.5%  val=85.9%  lr=2.12e-05    16s
2026-03-23 09:43:55,785 [INFO]   S2 Ep  77/150  loss=1.3164 acc=69.8%  val=85.3%  lr=2.08e-05    16s
2026-03-23 09:44:11,724 [INFO]   S2 Ep  78/150  loss=1.2996 acc=70.6%  val=85.7%  lr=2.03e-05    16s
2026-03-23 09:44:27,545 [INFO]   S2 Ep  79/150  loss=1.3133 acc=70.3%  val=85.6%  lr=1.99e-05    16s
2026-03-23 09:44:44,073 [INFO]   S2 Ep  80/150  loss=1.2767 acc=71.9%  val=85.4%  lr=1.94e-05    17s
2026-03-23 09:44:59,810 [INFO]   S2 Ep  81/150  loss=1.3144 acc=70.1%  val=86.0%  lr=1.90e-05    16s
2026-03-23 09:45:15,654 [INFO]   S2 Ep  82/150  loss=1.3543 acc=68.5%  val=85.9%  lr=1.86e-05    16s
2026-03-23 09:45:31,524 [INFO]   S2 Ep  83/150  loss=1.2348 acc=73.0%  val=86.0%  lr=1.81e-05    16s
2026-03-23 09:45:47,909 [INFO]   S2 Ep  84/150  loss=1.3012 acc=70.3%  val=86.0%  lr=1.77e-05    16s
2026-03-23 09:46:03,576 [INFO]   S2 Ep  85/150  loss=1.3072 acc=70.4%  val=86.0%  lr=1.73e-05    16s
2026-03-23 09:46:19,317 [INFO]   S2 Ep  86/150  loss=1.2705 acc=71.8%  val=85.8%  lr=1.68e-05    16s
2026-03-23 09:46:35,030 [INFO]   S2 Ep  87/150  loss=1.3255 acc=68.9%  val=86.1%  lr=1.64e-05    16s
2026-03-23 09:46:50,630 [INFO]   S2 Ep  88/150  loss=1.3092 acc=70.4%  val=86.1%  lr=1.59e-05    16s
2026-03-23 09:47:06,341 [INFO]   S2 Ep  89/150  loss=1.3073 acc=69.8%  val=85.2%  lr=1.55e-05    16s
2026-03-23 09:47:22,154 [INFO]   S2 Ep  90/150  loss=1.2704 acc=71.8%  val=86.3%  lr=1.51e-05    16s
2026-03-23 09:47:22,363 [INFO]   ★ best 86.27%
2026-03-23 09:47:38,413 [INFO]   S2 Ep  91/150  loss=1.2779 acc=71.7%  val=86.1%  lr=1.47e-05    16s
2026-03-23 09:47:54,180 [INFO]   S2 Ep  92/150  loss=1.3173 acc=69.7%  val=86.1%  lr=1.42e-05    16s
2026-03-23 09:48:10,274 [INFO]   S2 Ep  93/150  loss=1.2964 acc=71.0%  val=85.7%  lr=1.38e-05    16s
2026-03-23 09:48:26,032 [INFO]   S2 Ep  94/150  loss=1.3063 acc=70.7%  val=85.8%  lr=1.34e-05    16s
2026-03-23 09:48:41,636 [INFO]   S2 Ep  95/150  loss=1.3077 acc=70.4%  val=85.6%  lr=1.30e-05    16s
2026-03-23 09:48:57,399 [INFO]   S2 Ep  96/150  loss=1.2465 acc=72.5%  val=85.8%  lr=1.26e-05    16s
2026-03-23 09:49:13,121 [INFO]   S2 Ep  97/150  loss=1.3113 acc=69.1%  val=85.8%  lr=1.22e-05    16s
2026-03-23 09:49:28,841 [INFO]   S2 Ep  98/150  loss=1.3076 acc=70.5%  val=85.8%  lr=1.18e-05    16s
2026-03-23 09:49:44,495 [INFO]   S2 Ep  99/150  loss=1.2843 acc=70.7%  val=86.0%  lr=1.14e-05    16s
2026-03-23 09:50:00,186 [INFO]   S2 Ep 100/150  loss=1.2394 acc=73.2%  val=86.0%  lr=1.10e-05    16s
2026-03-23 09:50:15,871 [INFO]   S2 Ep 101/150  loss=1.2749 acc=71.1%  val=85.8%  lr=1.06e-05    16s
2026-03-23 09:50:31,720 [INFO]   S2 Ep 102/150  loss=1.2888 acc=70.4%  val=85.7%  lr=1.02e-05    16s
2026-03-23 09:50:47,295 [INFO]   S2 Ep 103/150  loss=1.2408 acc=73.5%  val=85.8%  lr=9.81e-06    16s
2026-03-23 09:51:02,935 [INFO]   S2 Ep 104/150  loss=1.2638 acc=71.9%  val=85.8%  lr=9.43e-06    16s
2026-03-23 09:51:19,512 [INFO]   S2 Ep 105/150  loss=1.2559 acc=72.1%  val=85.8%  lr=9.06e-06    17s
2026-03-23 09:51:35,186 [INFO]   S2 Ep 106/150  loss=1.2439 acc=72.7%  val=85.9%  lr=8.69e-06    16s
2026-03-23 09:51:50,857 [INFO]   S2 Ep 107/150  loss=1.2351 acc=73.1%  val=85.8%  lr=8.33e-06    16s
2026-03-23 09:52:06,432 [INFO]   S2 Ep 108/150  loss=1.2355 acc=73.3%  val=85.8%  lr=7.98e-06    16s
2026-03-23 09:52:22,020 [INFO]   S2 Ep 109/150  loss=1.2252 acc=73.4%  val=85.9%  lr=7.63e-06    16s
2026-03-23 09:52:37,683 [INFO]   S2 Ep 110/150  loss=1.2376 acc=72.5%  val=85.9%  lr=7.29e-06    16s
2026-03-23 09:52:53,358 [INFO]   S2 Ep 111/150  loss=1.2289 acc=72.5%  val=85.9%  lr=6.95e-06    16s
2026-03-23 09:53:09,127 [INFO]   S2 Ep 112/150  loss=1.2658 acc=71.7%  val=86.1%  lr=6.62e-06    16s
2026-03-23 09:53:24,790 [INFO]   S2 Ep 113/150  loss=1.2925 acc=70.7%  val=86.2%  lr=6.29e-06    16s
2026-03-23 09:53:40,609 [INFO]   S2 Ep 114/150  loss=1.2931 acc=70.4%  val=86.1%  lr=5.98e-06    16s
2026-03-23 09:53:56,260 [INFO]   S2 Ep 115/150  loss=1.2831 acc=71.0%  val=86.0%  lr=5.66e-06    16s
2026-03-23 09:54:12,107 [INFO]   S2 Ep 116/150  loss=1.2368 acc=72.8%  val=86.0%  lr=5.36e-06    16s
2026-03-23 09:54:27,756 [INFO]   S2 Ep 117/150  loss=1.2684 acc=72.0%  val=85.9%  lr=5.06e-06    16s
2026-03-23 09:54:43,935 [INFO]   S2 Ep 118/150  loss=1.3020 acc=69.3%  val=86.0%  lr=4.77e-06    16s
2026-03-23 09:54:59,816 [INFO]   S2 Ep 119/150  loss=1.2802 acc=71.4%  val=86.0%  lr=4.49e-06    16s
2026-03-23 09:55:15,398 [INFO]   S2 Ep 120/150  loss=1.3100 acc=69.3%  val=85.9%  lr=4.22e-06    16s
2026-03-23 09:55:15,398 [INFO]   Early stop at ep 120
2026-03-23 09:55:15,399 [INFO] ── Stage 3: SWA (20 ep, lr=4.0e-06) ──
2026-03-23 09:55:31,380 [INFO]   SWA Ep  1/20  loss=1.3095  swa_val=86.0%  16s
2026-03-23 09:55:46,940 [INFO]   SWA Ep  2/20  loss=1.2978  swa_val=86.1%  16s
2026-03-23 09:56:03,010 [INFO]   SWA Ep  3/20  loss=1.2607  swa_val=86.1%  16s
2026-03-23 09:56:18,723 [INFO]   SWA Ep  4/20  loss=1.2832  swa_val=86.0%  16s
2026-03-23 09:56:34,544 [INFO]   SWA Ep  5/20  loss=1.2845  swa_val=86.1%  16s
2026-03-23 09:56:49,901 [INFO]   SWA Ep  6/20  loss=1.2733  swa_val=85.9%  15s
2026-03-23 09:57:05,384 [INFO]   SWA Ep  7/20  loss=1.2472  swa_val=86.2%  15s
2026-03-23 09:57:20,857 [INFO]   SWA Ep  8/20  loss=1.2628  swa_val=86.0%  15s
2026-03-23 09:57:36,326 [INFO]   SWA Ep  9/20  loss=1.2655  swa_val=86.1%  15s
2026-03-23 09:57:51,977 [INFO]   SWA Ep 10/20  loss=1.2751  swa_val=86.1%  16s
2026-03-23 09:58:07,390 [INFO]   SWA Ep 11/20  loss=1.2685  swa_val=86.0%  15s
2026-03-23 09:58:22,785 [INFO]   SWA Ep 12/20  loss=1.2814  swa_val=86.1%  15s
2026-03-23 09:58:38,201 [INFO]   SWA Ep 13/20  loss=1.2985  swa_val=86.1%  15s
2026-03-23 09:58:53,647 [INFO]   SWA Ep 14/20  loss=1.2889  swa_val=86.0%  15s
2026-03-23 09:59:09,018 [INFO]   SWA Ep 15/20  loss=1.2928  swa_val=86.0%  15s
2026-03-23 09:59:24,479 [INFO]   SWA Ep 16/20  loss=1.3088  swa_val=86.0%  15s
2026-03-23 09:59:39,881 [INFO]   SWA Ep 17/20  loss=1.2623  swa_val=86.0%  15s
2026-03-23 09:59:55,191 [INFO]   SWA Ep 18/20  loss=1.2505  swa_val=86.1%  15s
2026-03-23 10:00:10,705 [INFO]   SWA Ep 19/20  loss=1.2326  swa_val=86.1%  16s
2026-03-23 10:00:26,207 [INFO]   SWA Ep 20/20  loss=1.2687  swa_val=86.1%  16s
2026-03-23 10:00:26,207 [INFO]   Updating BN stats for SWA model …
2026-03-23 10:00:28,240 [INFO]   SWA final: 86.06% (regular best: 86.27%)
2026-03-23 10:00:28,240 [INFO]   Fold 0 best: 86.27%
2026-03-23 10:01:07,213 [INFO] TTA changed 168 / 9828 (1.7%)
2026-03-23 10:01:07,221 [INFO] Done.
