2026-03-23 06:27:26,223 [INFO] GPU: NVIDIA H200
2026-03-23 06:27:26,224 [INFO] Config: {
  "data_dir": "/data/slr/track2_",
  "output_dir": "/data/slr/checkpoints_v60",
  "max_frames": 48,
  "img_size": 224,
  "n_classes": 126,
  "channel_means": [
    -64.3217,
    -62.9119,
    -63.9254
  ],
  "channel_stds": [
    12.5721,
    11.662,
    11.7259
  ],
  "n_folds": 5,
  "batch_size": 32,
  "num_workers": 2,
  "stage1_epochs": 5,
  "stage1_lr": 0.0001,
  "stage2_epochs": 200,
  "stage2_lr": 3e-05,
  "swa_epochs": 30,
  "swa_lr": 3e-06,
  "weight_decay": 0.08,
  "warmup_pct": 0.08,
  "label_smoothing": 0.15,
  "early_stopping_patience": 50,
  "grad_clip_norm": 1.0,
  "llrd_decay": 0.9,
  "kd_alpha": 0.8,
  "kd_tau": 5.0,
  "mixup_alpha": 0.4,
  "cutmix_alpha": 1.0,
  "cutmix_prob": 0.5,
  "time_mask_max": 8,
  "range_mask_max": 30,
  "noise_std": 0.1,
  "time_warp_lo": 0.8,
  "time_warp_hi": 1.2,
  "time_reverse_prob": 0.5,
  "channel_shuffle_prob": 0.2,
  "channel_drop_prob": 0.1,
  "random_erase_prob": 0.25,
  "circ_shift_prob": 0.3,
  "circ_shift_max": 8,
  "amp_scale_prob": 0.5,
  "amp_scale_lo": 0.8,
  "amp_scale_hi": 1.2,
  "model_name": "convnextv2_base.fcmae_ft_in22k_in1k",
  "drop_path_rate": 0.3,
  "proj_dim": 768,
  "drop_rate": 0.4,
  "ms_dropout_samples": 5,
  "seed": 42,
  "run_fold": 0
}
2026-03-23 06:27:26,224 [INFO] Student: ConvNeXtV2-Base@224 (88M) — SINGLE FOLD 0
2026-03-23 06:27:26,300 [INFO] Train: 14742 | Eval: 9828
2026-03-23 06:27:31,072 [INFO] Pre-computing 8-teacher ensemble soft labels …
2026-03-23 06:27:31,075 [INFO]   [1/8] checkpoints_v11 @ 224×224
2026-03-23 06:28:28,372 [INFO]     → 5 folds loaded
2026-03-23 06:28:28,373 [INFO]   [2/8] checkpoints_vit_v9 @ 224×224
2026-03-23 06:29:29,022 [INFO]     → 5 folds loaded
2026-03-23 06:29:29,023 [INFO]   [3/8] checkpoints_v18 @ 384×384
2026-03-23 06:31:43,963 [INFO]     → 5 folds loaded
2026-03-23 06:31:43,964 [INFO]   [4/8] checkpoints_v25 @ 448×448
2026-03-23 06:34:38,292 [INFO]     → 5 folds loaded
2026-03-23 06:34:38,292 [INFO]   [5/8] checkpoints_v24 @ 384×384
2026-03-23 06:36:52,758 [INFO]     → 5 folds loaded
2026-03-23 06:36:52,772 [INFO]   [6/8] checkpoints_v38 @ 512×512
2026-03-23 06:40:33,525 [INFO]     → 5 folds loaded
2026-03-23 06:40:33,549 [INFO]   [7/8] checkpoints_v47 @ 320×320
2026-03-23 06:42:21,407 [INFO]     → 5 folds loaded
2026-03-23 06:42:21,407 [INFO]   [8/8] checkpoints_v52 @ 384×384
2026-03-23 06:44:21,825 [INFO]     → 5 folds loaded
2026-03-23 06:44:21,825 [INFO]   Ensemble from 8 teachers → soft labels for 14742 samples
2026-03-23 06:44:21,843 [INFO] KD α=0.80 τ=5.0 | SWA 30 ep | SINGLE FOLD | 8-teacher KD | AMP
2026-03-23 06:44:21,847 [INFO] ================================================================
2026-03-23 06:44:21,847 [INFO] FOLD 0 (single fold mode)
2026-03-23 06:44:21,847 [INFO] ================================================================
2026-03-23 06:44:21,848 [INFO]   Train: 11793 | Val: 2949
2026-03-23 06:44:22,514 [INFO] Loading pretrained weights from Hugging Face hub (timm/convnextv2_base.fcmae_ft_in22k_in1k)
2026-03-23 06:44:22,646 [INFO] HTTP Request: HEAD https://huggingface.co/timm/convnextv2_base.fcmae_ft_in22k_in1k/resolve/main/model.safetensors "HTTP/1.1 302 Found"
2026-03-23 06:44:22,648 [INFO] [timm/convnextv2_base.fcmae_ft_in22k_in1k] Safe alternative available for 'pytorch_model.bin' (as 'model.safetensors'). Loading weights using safetensors.
2026-03-23 06:44:22,682 [INFO] Missing keys (head.fc.weight, head.fc.bias) discovered while loading pretrained weights. This is expected if model is being adapted.
2026-03-23 06:44:22,753 [INFO]   Model params: 89.3M
2026-03-23 06:44:22,754 [INFO] ── Stage 1: head warmup (5 ep) ──
2026-03-23 06:44:50,940 [INFO]   S1 Ep 1/5  loss=3.9811 acc=0.7%  val=1.1%  28s
2026-03-23 06:44:51,330 [INFO]   ★ best 1.05%
2026-03-23 06:45:05,927 [INFO]   S1 Ep 2/5  loss=3.9783 acc=0.8%  val=0.8%  15s
2026-03-23 06:45:20,607 [INFO]   S1 Ep 3/5  loss=3.9733 acc=0.7%  val=0.8%  15s
2026-03-23 06:45:35,250 [INFO]   S1 Ep 4/5  loss=3.9681 acc=0.9%  val=1.4%  15s
2026-03-23 06:45:35,804 [INFO]   ★ best 1.39%
2026-03-23 06:45:50,503 [INFO]   S1 Ep 5/5  loss=3.9625 acc=1.1%  val=1.7%  15s
2026-03-23 06:45:51,077 [INFO]   ★ best 1.73%
2026-03-23 06:45:51,077 [INFO] ── Stage 2: full fine-tune (200 ep, patience 50) ──
2026-03-23 06:45:51,079 [INFO] LLRD: 10 groups, LR [1.77e-05 … 3.00e-05]
2026-03-23 06:46:32,253 [INFO]   S2 Ep   1/200  loss=3.9617 acc=1.3%  val=1.7%  lr=1.48e-06    41s
2026-03-23 06:47:03,065 [INFO]   S2 Ep   2/200  loss=3.9589 acc=1.4%  val=2.0%  lr=2.30e-06    31s
2026-03-23 06:47:03,639 [INFO]   ★ best 2.03%
2026-03-23 06:47:34,638 [INFO]   S2 Ep   3/200  loss=3.9513 acc=1.8%  val=2.3%  lr=3.63e-06    31s
2026-03-23 06:47:35,233 [INFO]   ★ best 2.31%
2026-03-23 06:48:06,583 [INFO]   S2 Ep   4/200  loss=3.9329 acc=1.8%  val=1.8%  lr=5.42e-06    31s
2026-03-23 06:48:37,492 [INFO]   S2 Ep   5/200  loss=3.9040 acc=1.9%  val=2.4%  lr=7.60e-06    31s
2026-03-23 06:48:37,970 [INFO]   ★ best 2.44%
2026-03-23 06:49:08,939 [INFO]   S2 Ep   6/200  loss=3.8713 acc=2.0%  val=3.3%  lr=1.01e-05    31s
2026-03-23 06:49:09,551 [INFO]   ★ best 3.32%
2026-03-23 06:49:41,356 [INFO]   S2 Ep   7/200  loss=3.8335 acc=2.8%  val=4.4%  lr=1.28e-05    32s
2026-03-23 06:49:41,957 [INFO]   ★ best 4.44%
2026-03-23 06:50:12,943 [INFO]   S2 Ep   8/200  loss=3.7903 acc=3.5%  val=5.4%  lr=1.56e-05    31s
2026-03-23 06:50:13,551 [INFO]   ★ best 5.43%
2026-03-23 06:50:45,077 [INFO]   S2 Ep   9/200  loss=3.7255 acc=4.5%  val=8.0%  lr=1.84e-05    32s
2026-03-23 06:50:45,642 [INFO]   ★ best 8.04%
2026-03-23 06:51:17,021 [INFO]   S2 Ep  10/200  loss=3.6660 acc=5.7%  val=10.2%  lr=2.11e-05    31s
2026-03-23 06:51:17,598 [INFO]   ★ best 10.21%
2026-03-23 06:51:48,536 [INFO]   S2 Ep  11/200  loss=3.6138 acc=7.1%  val=15.0%  lr=2.36e-05    31s
2026-03-23 06:51:49,144 [INFO]   ★ best 15.02%
2026-03-23 06:52:21,376 [INFO]   S2 Ep  12/200  loss=3.5339 acc=8.6%  val=19.8%  lr=2.58e-05    32s
2026-03-23 06:52:21,982 [INFO]   ★ best 19.80%
2026-03-23 06:52:53,669 [INFO]   S2 Ep  13/200  loss=3.4572 acc=11.2%  val=25.1%  lr=2.76e-05    32s
2026-03-23 06:52:54,220 [INFO]   ★ best 25.06%
2026-03-23 06:53:26,051 [INFO]   S2 Ep  14/200  loss=3.3812 acc=13.4%  val=27.1%  lr=2.89e-05    32s
2026-03-23 06:53:26,674 [INFO]   ★ best 27.09%
2026-03-23 06:53:58,409 [INFO]   S2 Ep  15/200  loss=3.2937 acc=16.3%  val=34.0%  lr=2.97e-05    32s
2026-03-23 06:53:58,979 [INFO]   ★ best 33.98%
2026-03-23 06:54:30,412 [INFO]   S2 Ep  16/200  loss=3.2373 acc=18.3%  val=38.0%  lr=3.00e-05    31s
2026-03-23 06:54:31,027 [INFO]   ★ best 37.98%
2026-03-23 06:55:02,763 [INFO]   S2 Ep  17/200  loss=3.1535 acc=21.1%  val=39.5%  lr=3.00e-05    32s
2026-03-23 06:55:03,320 [INFO]   ★ best 39.47%
2026-03-23 06:55:35,139 [INFO]   S2 Ep  18/200  loss=3.0805 acc=23.4%  val=43.6%  lr=3.00e-05    32s
2026-03-23 06:55:35,778 [INFO]   ★ best 43.64%
2026-03-23 06:56:07,326 [INFO]   S2 Ep  19/200  loss=3.0544 acc=24.7%  val=47.3%  lr=3.00e-05    32s
2026-03-23 06:56:07,941 [INFO]   ★ best 47.27%
2026-03-23 06:56:38,965 [INFO]   S2 Ep  20/200  loss=2.9799 acc=27.3%  val=50.7%  lr=3.00e-05    31s
2026-03-23 06:56:39,469 [INFO]   ★ best 50.73%
2026-03-23 06:57:11,175 [INFO]   S2 Ep  21/200  loss=2.9221 acc=29.4%  val=52.9%  lr=2.99e-05    32s
2026-03-23 06:57:11,683 [INFO]   ★ best 52.87%
2026-03-23 06:57:43,247 [INFO]   S2 Ep  22/200  loss=2.8925 acc=30.9%  val=55.6%  lr=2.99e-05    32s
2026-03-23 06:57:43,828 [INFO]   ★ best 55.61%
2026-03-23 06:58:15,293 [INFO]   S2 Ep  23/200  loss=2.8801 acc=31.5%  val=56.8%  lr=2.99e-05    31s
2026-03-23 06:58:15,784 [INFO]   ★ best 56.83%
2026-03-23 06:58:47,490 [INFO]   S2 Ep  24/200  loss=2.7977 acc=34.8%  val=59.2%  lr=2.99e-05    32s
2026-03-23 06:58:48,027 [INFO]   ★ best 59.21%
2026-03-23 06:59:19,701 [INFO]   S2 Ep  25/200  loss=2.7513 acc=35.9%  val=60.4%  lr=2.98e-05    32s
2026-03-23 06:59:20,300 [INFO]   ★ best 60.36%
2026-03-23 06:59:52,383 [INFO]   S2 Ep  26/200  loss=2.6816 acc=38.9%  val=61.2%  lr=2.98e-05    32s
2026-03-23 06:59:53,000 [INFO]   ★ best 61.17%
2026-03-23 07:00:23,917 [INFO]   S2 Ep  27/200  loss=2.6993 acc=37.9%  val=63.6%  lr=2.97e-05    31s
2026-03-23 07:00:24,527 [INFO]   ★ best 63.61%
2026-03-23 07:00:56,114 [INFO]   S2 Ep  28/200  loss=2.6655 acc=39.3%  val=65.6%  lr=2.97e-05    32s
2026-03-23 07:00:56,708 [INFO]   ★ best 65.62%
2026-03-23 07:01:28,026 [INFO]   S2 Ep  29/200  loss=2.6162 acc=41.3%  val=66.2%  lr=2.96e-05    31s
2026-03-23 07:01:28,604 [INFO]   ★ best 66.16%
2026-03-23 07:01:59,787 [INFO]   S2 Ep  30/200  loss=2.6220 acc=40.4%  val=67.5%  lr=2.96e-05    31s
2026-03-23 07:02:00,335 [INFO]   ★ best 67.48%
2026-03-23 07:02:31,619 [INFO]   S2 Ep  31/200  loss=2.5541 acc=43.1%  val=67.7%  lr=2.95e-05    31s
2026-03-23 07:02:32,147 [INFO]   ★ best 67.65%
2026-03-23 07:03:03,247 [INFO]   S2 Ep  32/200  loss=2.5517 acc=43.1%  val=67.9%  lr=2.94e-05    31s
2026-03-23 07:03:03,725 [INFO]   ★ best 67.85%
2026-03-23 07:03:34,939 [INFO]   S2 Ep  33/200  loss=2.5871 acc=42.2%  val=70.1%  lr=2.94e-05    31s
2026-03-23 07:03:35,483 [INFO]   ★ best 70.09%
2026-03-23 07:04:07,031 [INFO]   S2 Ep  34/200  loss=2.4636 acc=46.5%  val=71.3%  lr=2.93e-05    32s
2026-03-23 07:04:07,520 [INFO]   ★ best 71.35%
2026-03-23 07:04:38,652 [INFO]   S2 Ep  35/200  loss=2.4882 acc=46.1%  val=71.4%  lr=2.92e-05    31s
2026-03-23 07:04:39,242 [INFO]   ★ best 71.45%
2026-03-23 07:05:10,123 [INFO]   S2 Ep  36/200  loss=2.4935 acc=46.0%  val=72.9%  lr=2.91e-05    31s
2026-03-23 07:05:10,591 [INFO]   ★ best 72.91%
2026-03-23 07:05:42,414 [INFO]   S2 Ep  37/200  loss=2.4176 acc=48.1%  val=73.7%  lr=2.90e-05    32s
2026-03-23 07:05:42,890 [INFO]   ★ best 73.72%
2026-03-23 07:06:14,494 [INFO]   S2 Ep  38/200  loss=2.3816 acc=49.9%  val=73.6%  lr=2.90e-05    32s
2026-03-23 07:06:46,290 [INFO]   S2 Ep  39/200  loss=2.3915 acc=49.5%  val=74.6%  lr=2.89e-05    32s
2026-03-23 07:06:46,773 [INFO]   ★ best 74.64%
2026-03-23 07:07:18,062 [INFO]   S2 Ep  40/200  loss=2.3911 acc=49.3%  val=74.6%  lr=2.88e-05    31s
2026-03-23 07:07:49,266 [INFO]   S2 Ep  41/200  loss=2.3678 acc=50.5%  val=75.4%  lr=2.87e-05    31s
2026-03-23 07:07:49,751 [INFO]   ★ best 75.42%
2026-03-23 07:08:20,986 [INFO]   S2 Ep  42/200  loss=2.3754 acc=50.3%  val=75.3%  lr=2.85e-05    31s
2026-03-23 07:08:52,054 [INFO]   S2 Ep  43/200  loss=2.3225 acc=52.2%  val=75.4%  lr=2.84e-05    31s
2026-03-23 07:08:52,574 [INFO]   ★ best 75.45%
2026-03-23 07:09:23,808 [INFO]   S2 Ep  44/200  loss=2.3191 acc=52.2%  val=76.5%  lr=2.83e-05    31s
2026-03-23 07:09:24,282 [INFO]   ★ best 76.50%
2026-03-23 07:09:55,729 [INFO]   S2 Ep  45/200  loss=2.3514 acc=50.9%  val=76.9%  lr=2.82e-05    31s
2026-03-23 07:09:56,227 [INFO]   ★ best 76.94%
2026-03-23 07:10:27,162 [INFO]   S2 Ep  46/200  loss=2.2804 acc=53.9%  val=76.1%  lr=2.81e-05    31s
2026-03-23 07:10:58,250 [INFO]   S2 Ep  47/200  loss=2.2994 acc=53.2%  val=76.2%  lr=2.79e-05    31s
2026-03-23 07:11:29,478 [INFO]   S2 Ep  48/200  loss=2.2684 acc=54.4%  val=77.8%  lr=2.78e-05    31s
2026-03-23 07:11:29,975 [INFO]   ★ best 77.82%
2026-03-23 07:12:00,965 [INFO]   S2 Ep  49/200  loss=2.2549 acc=54.6%  val=77.5%  lr=2.77e-05    31s
2026-03-23 07:12:32,718 [INFO]   S2 Ep  50/200  loss=2.2364 acc=55.2%  val=77.6%  lr=2.75e-05    32s
2026-03-23 07:13:03,838 [INFO]   S2 Ep  51/200  loss=2.2327 acc=55.7%  val=77.0%  lr=2.74e-05    31s
2026-03-23 07:13:34,862 [INFO]   S2 Ep  52/200  loss=2.2387 acc=55.2%  val=78.3%  lr=2.73e-05    31s
2026-03-23 07:13:35,457 [INFO]   ★ best 78.26%
2026-03-23 07:14:06,833 [INFO]   S2 Ep  53/200  loss=2.2081 acc=56.4%  val=79.4%  lr=2.71e-05    31s
2026-03-23 07:14:07,406 [INFO]   ★ best 79.42%
2026-03-23 07:14:38,808 [INFO]   S2 Ep  54/200  loss=2.2139 acc=56.5%  val=78.8%  lr=2.70e-05    31s
2026-03-23 07:15:09,675 [INFO]   S2 Ep  55/200  loss=2.1924 acc=57.0%  val=78.4%  lr=2.68e-05    31s
2026-03-23 07:15:40,687 [INFO]   S2 Ep  56/200  loss=2.2017 acc=56.6%  val=79.9%  lr=2.66e-05    31s
2026-03-23 07:15:41,269 [INFO]   ★ best 79.86%
2026-03-23 07:16:12,306 [INFO]   S2 Ep  57/200  loss=2.1561 acc=58.2%  val=79.2%  lr=2.65e-05    31s
2026-03-23 07:16:43,496 [INFO]   S2 Ep  58/200  loss=2.2074 acc=56.3%  val=79.4%  lr=2.63e-05    31s
2026-03-23 07:17:15,365 [INFO]   S2 Ep  59/200  loss=2.1808 acc=57.8%  val=80.0%  lr=2.61e-05    32s
2026-03-23 07:17:15,937 [INFO]   ★ best 79.96%
2026-03-23 07:17:47,053 [INFO]   S2 Ep  60/200  loss=2.1536 acc=57.9%  val=79.2%  lr=2.60e-05    31s
2026-03-23 07:18:18,020 [INFO]   S2 Ep  61/200  loss=2.1517 acc=58.6%  val=79.6%  lr=2.58e-05    31s
2026-03-23 07:18:49,262 [INFO]   S2 Ep  62/200  loss=2.1211 acc=59.7%  val=80.2%  lr=2.56e-05    31s
2026-03-23 07:18:49,878 [INFO]   ★ best 80.23%
2026-03-23 07:19:21,231 [INFO]   S2 Ep  63/200  loss=2.1515 acc=58.9%  val=80.0%  lr=2.54e-05    31s
2026-03-23 07:19:51,783 [INFO]   S2 Ep  64/200  loss=2.0891 acc=60.7%  val=79.8%  lr=2.52e-05    31s
2026-03-23 07:20:22,729 [INFO]   S2 Ep  65/200  loss=2.1544 acc=58.3%  val=80.4%  lr=2.50e-05    31s
2026-03-23 07:20:23,326 [INFO]   ★ best 80.43%
2026-03-23 07:20:54,136 [INFO]   S2 Ep  66/200  loss=2.1233 acc=59.0%  val=81.0%  lr=2.49e-05    31s
2026-03-23 07:20:54,734 [INFO]   ★ best 81.01%
2026-03-23 07:21:26,461 [INFO]   S2 Ep  67/200  loss=2.0704 acc=61.3%  val=81.1%  lr=2.47e-05    32s
2026-03-23 07:21:26,948 [INFO]   ★ best 81.15%
2026-03-23 07:21:57,849 [INFO]   S2 Ep  68/200  loss=2.0685 acc=60.9%  val=81.1%  lr=2.45e-05    31s
2026-03-23 07:22:28,754 [INFO]   S2 Ep  69/200  loss=2.0339 acc=63.0%  val=80.7%  lr=2.43e-05    31s
2026-03-23 07:22:59,807 [INFO]   S2 Ep  70/200  loss=2.0550 acc=61.4%  val=80.6%  lr=2.41e-05    31s
2026-03-23 07:23:30,656 [INFO]   S2 Ep  71/200  loss=2.0254 acc=63.1%  val=81.5%  lr=2.39e-05    31s
2026-03-23 07:23:31,258 [INFO]   ★ best 81.49%
2026-03-23 07:24:02,234 [INFO]   S2 Ep  72/200  loss=2.0094 acc=63.6%  val=81.1%  lr=2.36e-05    31s
2026-03-23 07:24:33,333 [INFO]   S2 Ep  73/200  loss=2.0188 acc=63.1%  val=81.2%  lr=2.34e-05    31s
2026-03-23 07:25:04,436 [INFO]   S2 Ep  74/200  loss=1.9778 acc=64.3%  val=80.8%  lr=2.32e-05    31s
2026-03-23 07:25:35,162 [INFO]   S2 Ep  75/200  loss=2.0465 acc=61.9%  val=80.2%  lr=2.30e-05    31s
2026-03-23 07:26:06,166 [INFO]   S2 Ep  76/200  loss=2.0597 acc=61.7%  val=81.0%  lr=2.28e-05    31s
2026-03-23 07:26:37,405 [INFO]   S2 Ep  77/200  loss=2.0142 acc=63.1%  val=80.4%  lr=2.26e-05    31s
2026-03-23 07:27:08,505 [INFO]   S2 Ep  78/200  loss=2.0184 acc=62.8%  val=80.4%  lr=2.24e-05    31s
2026-03-23 07:27:39,342 [INFO]   S2 Ep  79/200  loss=2.0349 acc=62.2%  val=82.0%  lr=2.21e-05    31s
2026-03-23 07:27:39,942 [INFO]   ★ best 81.96%
2026-03-23 07:28:10,872 [INFO]   S2 Ep  80/200  loss=2.0514 acc=61.6%  val=82.5%  lr=2.19e-05    31s
2026-03-23 07:28:11,487 [INFO]   ★ best 82.50%
2026-03-23 07:28:42,329 [INFO]   S2 Ep  81/200  loss=2.0203 acc=62.6%  val=81.5%  lr=2.17e-05    31s
2026-03-23 07:29:13,171 [INFO]   S2 Ep  82/200  loss=1.9855 acc=64.2%  val=82.3%  lr=2.14e-05    31s
2026-03-23 07:29:44,051 [INFO]   S2 Ep  83/200  loss=1.9741 acc=64.9%  val=81.9%  lr=2.12e-05    31s
2026-03-23 07:30:14,825 [INFO]   S2 Ep  84/200  loss=1.9976 acc=64.0%  val=81.8%  lr=2.10e-05    31s
2026-03-23 07:30:45,818 [INFO]   S2 Ep  85/200  loss=1.9574 acc=64.7%  val=82.1%  lr=2.07e-05    31s
2026-03-23 07:31:16,826 [INFO]   S2 Ep  86/200  loss=1.9694 acc=64.8%  val=82.8%  lr=2.05e-05    31s
2026-03-23 07:31:17,425 [INFO]   ★ best 82.77%
2026-03-23 07:31:48,776 [INFO]   S2 Ep  87/200  loss=1.9538 acc=65.1%  val=82.9%  lr=2.03e-05    31s
2026-03-23 07:31:49,366 [INFO]   ★ best 82.94%
2026-03-23 07:32:20,134 [INFO]   S2 Ep  88/200  loss=1.9921 acc=63.8%  val=82.4%  lr=2.00e-05    31s
2026-03-23 07:32:51,481 [INFO]   S2 Ep  89/200  loss=1.9696 acc=64.9%  val=82.1%  lr=1.98e-05    31s
2026-03-23 07:33:22,334 [INFO]   S2 Ep  90/200  loss=1.9868 acc=64.2%  val=81.9%  lr=1.95e-05    31s
2026-03-23 07:33:53,289 [INFO]   S2 Ep  91/200  loss=1.9467 acc=65.1%  val=82.0%  lr=1.93e-05    31s
2026-03-23 07:34:24,344 [INFO]   S2 Ep  92/200  loss=1.9223 acc=66.4%  val=82.4%  lr=1.90e-05    31s
2026-03-23 07:34:55,307 [INFO]   S2 Ep  93/200  loss=1.9013 acc=67.0%  val=82.4%  lr=1.88e-05    31s
2026-03-23 07:35:26,770 [INFO]   S2 Ep  94/200  loss=1.9884 acc=64.1%  val=82.5%  lr=1.86e-05    31s
2026-03-23 07:35:58,171 [INFO]   S2 Ep  95/200  loss=1.9477 acc=65.1%  val=82.5%  lr=1.83e-05    31s
2026-03-23 07:36:29,278 [INFO]   S2 Ep  96/200  loss=1.9623 acc=64.4%  val=83.1%  lr=1.81e-05    31s
2026-03-23 07:36:29,878 [INFO]   ★ best 83.11%
2026-03-23 07:37:00,628 [INFO]   S2 Ep  97/200  loss=1.8980 acc=67.6%  val=82.7%  lr=1.78e-05    31s
2026-03-23 07:37:31,713 [INFO]   S2 Ep  98/200  loss=1.9396 acc=65.5%  val=82.9%  lr=1.75e-05    31s
2026-03-23 07:38:02,722 [INFO]   S2 Ep  99/200  loss=1.8462 acc=68.9%  val=82.3%  lr=1.73e-05    31s
2026-03-23 07:38:34,085 [INFO]   S2 Ep 100/200  loss=1.8770 acc=68.2%  val=81.9%  lr=1.70e-05    31s
2026-03-23 07:39:05,218 [INFO]   S2 Ep 101/200  loss=1.9268 acc=66.2%  val=82.0%  lr=1.68e-05    31s
2026-03-23 07:39:36,360 [INFO]   S2 Ep 102/200  loss=1.9601 acc=64.9%  val=82.6%  lr=1.65e-05    31s
2026-03-23 07:40:07,240 [INFO]   S2 Ep 103/200  loss=1.9237 acc=66.2%  val=82.1%  lr=1.63e-05    31s
2026-03-23 07:40:38,245 [INFO]   S2 Ep 104/200  loss=1.8996 acc=66.9%  val=82.8%  lr=1.60e-05    31s
2026-03-23 07:41:09,650 [INFO]   S2 Ep 105/200  loss=1.9249 acc=66.3%  val=83.3%  lr=1.58e-05    31s
2026-03-23 07:41:10,249 [INFO]   ★ best 83.32%
2026-03-23 07:41:41,217 [INFO]   S2 Ep 106/200  loss=1.8892 acc=67.4%  val=83.1%  lr=1.55e-05    31s
2026-03-23 07:42:12,360 [INFO]   S2 Ep 107/200  loss=1.8965 acc=67.1%  val=82.9%  lr=1.53e-05    31s
2026-03-23 07:42:43,718 [INFO]   S2 Ep 108/200  loss=1.8617 acc=68.7%  val=83.2%  lr=1.50e-05    31s
2026-03-23 07:43:14,805 [INFO]   S2 Ep 109/200  loss=1.8533 acc=68.7%  val=83.3%  lr=1.47e-05    31s
2026-03-23 07:43:46,149 [INFO]   S2 Ep 110/200  loss=1.8699 acc=67.6%  val=82.4%  lr=1.45e-05    31s
2026-03-23 07:44:17,012 [INFO]   S2 Ep 111/200  loss=1.8473 acc=68.6%  val=82.6%  lr=1.42e-05    31s
2026-03-23 07:44:47,626 [INFO]   S2 Ep 112/200  loss=1.8564 acc=68.4%  val=82.3%  lr=1.40e-05    31s
2026-03-23 07:45:18,113 [INFO]   S2 Ep 113/200  loss=1.8640 acc=67.9%  val=83.0%  lr=1.37e-05    30s
2026-03-23 07:45:48,490 [INFO]   S2 Ep 114/200  loss=1.8462 acc=69.1%  val=83.4%  lr=1.35e-05    30s
2026-03-23 07:45:48,968 [INFO]   ★ best 83.38%
2026-03-23 07:46:19,586 [INFO]   S2 Ep 115/200  loss=1.8680 acc=68.4%  val=82.5%  lr=1.32e-05    31s
2026-03-23 07:46:50,113 [INFO]   S2 Ep 116/200  loss=1.8527 acc=68.7%  val=83.0%  lr=1.30e-05    31s
2026-03-23 07:47:20,759 [INFO]   S2 Ep 117/200  loss=1.8147 acc=69.9%  val=82.8%  lr=1.27e-05    31s
2026-03-23 07:47:52,083 [INFO]   S2 Ep 118/200  loss=1.8759 acc=67.8%  val=83.1%  lr=1.25e-05    31s
2026-03-23 07:48:22,740 [INFO]   S2 Ep 119/200  loss=1.8403 acc=69.3%  val=83.3%  lr=1.22e-05    31s
2026-03-23 07:48:53,405 [INFO]   S2 Ep 120/200  loss=1.8934 acc=66.6%  val=83.5%  lr=1.19e-05    31s
2026-03-23 07:48:54,004 [INFO]   ★ best 83.45%
2026-03-23 07:49:24,437 [INFO]   S2 Ep 121/200  loss=1.8716 acc=67.5%  val=83.4%  lr=1.17e-05    30s
2026-03-23 07:49:55,327 [INFO]   S2 Ep 122/200  loss=1.8311 acc=69.3%  val=83.7%  lr=1.14e-05    31s
2026-03-23 07:49:55,931 [INFO]   ★ best 83.72%
2026-03-23 07:50:26,683 [INFO]   S2 Ep 123/200  loss=1.8635 acc=68.2%  val=83.8%  lr=1.12e-05    31s
2026-03-23 07:50:27,296 [INFO]   ★ best 83.83%
2026-03-23 07:50:57,624 [INFO]   S2 Ep 124/200  loss=1.8570 acc=68.1%  val=83.3%  lr=1.10e-05    30s
2026-03-23 07:51:28,329 [INFO]   S2 Ep 125/200  loss=1.8736 acc=67.3%  val=82.9%  lr=1.07e-05    31s
2026-03-23 07:51:58,927 [INFO]   S2 Ep 126/200  loss=1.8247 acc=69.3%  val=83.2%  lr=1.05e-05    31s
2026-03-23 07:52:29,887 [INFO]   S2 Ep 127/200  loss=1.8260 acc=69.4%  val=83.6%  lr=1.02e-05    31s
2026-03-23 07:53:00,426 [INFO]   S2 Ep 128/200  loss=1.8461 acc=68.6%  val=83.6%  lr=9.98e-06    31s
2026-03-23 07:53:30,849 [INFO]   S2 Ep 129/200  loss=1.8078 acc=69.7%  val=83.4%  lr=9.74e-06    30s
2026-03-23 07:54:01,490 [INFO]   S2 Ep 130/200  loss=1.8379 acc=69.0%  val=82.8%  lr=9.50e-06    31s
2026-03-23 07:54:32,421 [INFO]   S2 Ep 131/200  loss=1.8109 acc=69.6%  val=83.0%  lr=9.26e-06    31s
2026-03-23 07:55:03,514 [INFO]   S2 Ep 132/200  loss=1.8219 acc=69.1%  val=83.6%  lr=9.02e-06    31s
2026-03-23 07:55:34,360 [INFO]   S2 Ep 133/200  loss=1.8416 acc=68.7%  val=83.1%  lr=8.79e-06    31s
2026-03-23 07:56:04,700 [INFO]   S2 Ep 134/200  loss=1.8180 acc=69.5%  val=83.6%  lr=8.56e-06    30s
2026-03-23 07:56:35,240 [INFO]   S2 Ep 135/200  loss=1.8404 acc=69.0%  val=83.6%  lr=8.33e-06    31s
2026-03-23 07:57:05,724 [INFO]   S2 Ep 136/200  loss=1.8108 acc=69.3%  val=83.1%  lr=8.10e-06    30s
2026-03-23 07:57:36,775 [INFO]   S2 Ep 137/200  loss=1.7773 acc=70.9%  val=83.2%  lr=7.87e-06    31s
2026-03-23 07:58:07,270 [INFO]   S2 Ep 138/200  loss=1.8251 acc=69.5%  val=83.4%  lr=7.65e-06    30s
2026-03-23 07:58:38,044 [INFO]   S2 Ep 139/200  loss=1.8047 acc=69.8%  val=83.7%  lr=7.43e-06    31s
2026-03-23 07:59:09,290 [INFO]   S2 Ep 140/200  loss=1.8031 acc=70.0%  val=83.6%  lr=7.21e-06    31s
2026-03-23 07:59:40,236 [INFO]   S2 Ep 141/200  loss=1.8641 acc=68.0%  val=83.6%  lr=6.99e-06    31s
2026-03-23 08:00:10,919 [INFO]   S2 Ep 142/200  loss=1.7920 acc=69.9%  val=83.5%  lr=6.77e-06    31s
2026-03-23 08:00:41,602 [INFO]   S2 Ep 143/200  loss=1.8224 acc=69.2%  val=84.0%  lr=6.56e-06    31s
2026-03-23 08:00:42,209 [INFO]   ★ best 83.99%
2026-03-23 08:01:13,011 [INFO]   S2 Ep 144/200  loss=1.8560 acc=67.5%  val=83.5%  lr=6.35e-06    31s
2026-03-23 08:01:43,878 [INFO]   S2 Ep 145/200  loss=1.7955 acc=70.6%  val=84.3%  lr=6.14e-06    31s
2026-03-23 08:01:44,469 [INFO]   ★ best 84.27%
2026-03-23 08:02:15,136 [INFO]   S2 Ep 146/200  loss=1.8003 acc=69.5%  val=83.7%  lr=5.94e-06    31s
2026-03-23 08:02:45,929 [INFO]   S2 Ep 147/200  loss=1.8067 acc=69.6%  val=83.6%  lr=5.73e-06    31s
2026-03-23 08:03:16,583 [INFO]   S2 Ep 148/200  loss=1.8719 acc=67.3%  val=83.8%  lr=5.53e-06    31s
2026-03-23 08:03:47,317 [INFO]   S2 Ep 149/200  loss=1.7890 acc=71.0%  val=83.5%  lr=5.34e-06    31s
2026-03-23 08:04:18,649 [INFO]   S2 Ep 150/200  loss=1.8137 acc=69.5%  val=83.7%  lr=5.14e-06    31s
2026-03-23 08:04:49,838 [INFO]   S2 Ep 151/200  loss=1.7754 acc=70.8%  val=83.8%  lr=4.95e-06    31s
2026-03-23 08:05:20,921 [INFO]   S2 Ep 152/200  loss=1.8122 acc=69.1%  val=83.7%  lr=4.76e-06    31s
2026-03-23 08:05:51,656 [INFO]   S2 Ep 153/200  loss=1.7592 acc=71.1%  val=83.7%  lr=4.58e-06    31s
2026-03-23 08:06:22,548 [INFO]   S2 Ep 154/200  loss=1.7867 acc=70.8%  val=83.9%  lr=4.39e-06    31s
2026-03-23 08:06:53,475 [INFO]   S2 Ep 155/200  loss=1.7960 acc=69.6%  val=83.7%  lr=4.21e-06    31s
2026-03-23 08:07:24,895 [INFO]   S2 Ep 156/200  loss=1.7803 acc=70.5%  val=83.8%  lr=4.04e-06    31s
2026-03-23 08:07:55,834 [INFO]   S2 Ep 157/200  loss=1.7891 acc=69.8%  val=83.6%  lr=3.86e-06    31s
2026-03-23 08:08:26,651 [INFO]   S2 Ep 158/200  loss=1.7803 acc=70.5%  val=83.6%  lr=3.69e-06    31s
2026-03-23 08:08:58,002 [INFO]   S2 Ep 159/200  loss=1.7474 acc=71.9%  val=83.8%  lr=3.53e-06    31s
2026-03-23 08:09:29,232 [INFO]   S2 Ep 160/200  loss=1.7444 acc=71.7%  val=83.9%  lr=3.36e-06    31s
2026-03-23 08:09:59,839 [INFO]   S2 Ep 161/200  loss=1.7929 acc=69.9%  val=83.7%  lr=3.21e-06    31s
2026-03-23 08:10:30,924 [INFO]   S2 Ep 162/200  loss=1.7878 acc=70.3%  val=83.7%  lr=3.05e-06    31s
2026-03-23 08:11:02,399 [INFO]   S2 Ep 163/200  loss=1.7760 acc=71.1%  val=83.9%  lr=2.90e-06    31s
2026-03-23 08:11:35,057 [INFO]   S2 Ep 164/200  loss=1.8108 acc=69.3%  val=83.5%  lr=2.75e-06    33s
2026-03-23 08:12:05,870 [INFO]   S2 Ep 165/200  loss=1.7855 acc=70.4%  val=83.8%  lr=2.60e-06    31s
2026-03-23 08:12:36,731 [INFO]   S2 Ep 166/200  loss=1.7644 acc=70.8%  val=84.1%  lr=2.46e-06    31s
2026-03-23 08:13:08,739 [INFO]   S2 Ep 167/200  loss=1.7822 acc=71.3%  val=83.9%  lr=2.32e-06    32s
2026-03-23 08:13:40,662 [INFO]   S2 Ep 168/200  loss=1.7747 acc=70.5%  val=84.0%  lr=2.18e-06    32s
2026-03-23 08:14:12,366 [INFO]   S2 Ep 169/200  loss=1.7707 acc=70.8%  val=84.0%  lr=2.05e-06    32s
2026-03-23 08:14:44,427 [INFO]   S2 Ep 170/200  loss=1.7843 acc=70.3%  val=84.0%  lr=1.93e-06    32s
2026-03-23 08:15:16,296 [INFO]   S2 Ep 171/200  loss=1.7463 acc=71.8%  val=83.9%  lr=1.80e-06    32s
2026-03-23 08:15:48,257 [INFO]   S2 Ep 172/200  loss=1.7555 acc=71.4%  val=84.0%  lr=1.68e-06    32s
2026-03-23 08:16:20,490 [INFO]   S2 Ep 173/200  loss=1.7510 acc=71.5%  val=84.2%  lr=1.57e-06    32s
2026-03-23 08:16:52,341 [INFO]   S2 Ep 174/200  loss=1.7513 acc=71.6%  val=83.8%  lr=1.45e-06    32s
2026-03-23 08:17:24,147 [INFO]   S2 Ep 175/200  loss=1.7777 acc=70.9%  val=84.0%  lr=1.35e-06    32s
2026-03-23 08:17:55,895 [INFO]   S2 Ep 176/200  loss=1.7786 acc=70.7%  val=84.1%  lr=1.24e-06    32s
2026-03-23 08:18:27,775 [INFO]   S2 Ep 177/200  loss=1.7982 acc=70.3%  val=84.2%  lr=1.14e-06    32s
2026-03-23 08:19:00,117 [INFO]   S2 Ep 178/200  loss=1.7708 acc=70.6%  val=84.1%  lr=1.05e-06    32s
2026-03-23 08:19:32,753 [INFO]   S2 Ep 179/200  loss=1.8319 acc=68.6%  val=84.0%  lr=9.55e-07    33s
2026-03-23 08:20:04,939 [INFO]   S2 Ep 180/200  loss=1.7911 acc=70.2%  val=84.1%  lr=8.67e-07    32s
2026-03-23 08:20:36,855 [INFO]   S2 Ep 181/200  loss=1.7818 acc=70.6%  val=84.0%  lr=7.83e-07    32s
2026-03-23 08:21:08,829 [INFO]   S2 Ep 182/200  loss=1.8068 acc=69.1%  val=84.2%  lr=7.04e-07    32s
2026-03-23 08:21:40,647 [INFO]   S2 Ep 183/200  loss=1.7881 acc=70.1%  val=83.9%  lr=6.28e-07    32s
2026-03-23 08:22:11,231 [INFO]   S2 Ep 184/200  loss=1.7605 acc=71.2%  val=84.0%  lr=5.57e-07    31s
2026-03-23 08:22:42,207 [INFO]   S2 Ep 185/200  loss=1.7838 acc=70.4%  val=84.2%  lr=4.90e-07    31s
2026-03-23 08:23:14,927 [INFO]   S2 Ep 186/200  loss=1.7822 acc=70.2%  val=84.1%  lr=4.28e-07    33s
2026-03-23 08:23:45,979 [INFO]   S2 Ep 187/200  loss=1.7362 acc=72.2%  val=84.1%  lr=3.69e-07    31s
2026-03-23 08:24:18,874 [INFO]   S2 Ep 188/200  loss=1.7930 acc=70.5%  val=84.1%  lr=3.15e-07    33s
2026-03-23 08:24:49,871 [INFO]   S2 Ep 189/200  loss=1.7791 acc=71.1%  val=84.1%  lr=2.65e-07    31s
2026-03-23 08:25:21,445 [INFO]   S2 Ep 190/200  loss=1.7820 acc=70.4%  val=84.1%  lr=2.19e-07    32s
2026-03-23 08:25:51,942 [INFO]   S2 Ep 191/200  loss=1.7538 acc=71.7%  val=84.2%  lr=1.78e-07    30s
2026-03-23 08:26:25,110 [INFO]   S2 Ep 192/200  loss=1.7613 acc=71.7%  val=84.2%  lr=1.41e-07    33s
2026-03-23 08:26:55,371 [INFO]   S2 Ep 193/200  loss=1.7744 acc=70.4%  val=84.2%  lr=1.08e-07    30s
2026-03-23 08:27:25,563 [INFO]   S2 Ep 194/200  loss=1.7315 acc=72.0%  val=84.2%  lr=7.98e-08    30s
2026-03-23 08:27:57,962 [INFO]   S2 Ep 195/200  loss=1.7339 acc=72.4%  val=84.2%  lr=5.58e-08    32s
2026-03-23 08:27:57,962 [INFO]   Early stop at ep 195
2026-03-23 08:27:57,964 [INFO] ── Stage 3: SWA (30 ep, lr=3.0e-06) ──
2026-03-23 08:28:28,228 [INFO]   SWA Ep  1/30  loss=1.8431  swa_val=84.2%  30s
2026-03-23 08:28:58,268 [INFO]   SWA Ep  2/30  loss=1.7745  swa_val=84.4%  30s
2026-03-23 08:29:28,332 [INFO]   SWA Ep  3/30  loss=1.7661  swa_val=84.1%  30s
2026-03-23 08:29:58,377 [INFO]   SWA Ep  4/30  loss=1.7927  swa_val=84.0%  30s
2026-03-23 08:30:28,458 [INFO]   SWA Ep  5/30  loss=1.8149  swa_val=83.9%  30s
