2026-03-23 06:47:06,028 [INFO] GPU: NVIDIA H200
2026-03-23 06:47:06,029 [INFO] Config: {
  "data_dir": "/data/slr/track2_",
  "output_dir": "/data/slr/checkpoints_v62",
  "max_frames": 48,
  "img_size": 224,
  "n_classes": 126,
  "channel_means": [
    -64.3217,
    -62.9119,
    -63.9254
  ],
  "channel_stds": [
    12.5721,
    11.662,
    11.7259
  ],
  "n_folds": 5,
  "batch_size": 32,
  "num_workers": 2,
  "stage1_epochs": 5,
  "stage1_lr": 0.0001,
  "stage2_epochs": 200,
  "stage2_lr": 3e-05,
  "swa_epochs": 30,
  "swa_lr": 3e-06,
  "weight_decay": 0.08,
  "warmup_pct": 0.08,
  "label_smoothing": 0.15,
  "early_stopping_patience": 50,
  "grad_clip_norm": 1.0,
  "llrd_decay": 0.9,
  "kd_alpha": 0.8,
  "kd_tau": 5.0,
  "mixup_alpha": 0.4,
  "cutmix_alpha": 1.0,
  "cutmix_prob": 0.5,
  "time_mask_max": 8,
  "range_mask_max": 30,
  "noise_std": 0.1,
  "time_warp_lo": 0.8,
  "time_warp_hi": 1.2,
  "time_reverse_prob": 0.5,
  "channel_shuffle_prob": 0.2,
  "channel_drop_prob": 0.1,
  "random_erase_prob": 0.25,
  "circ_shift_prob": 0.3,
  "circ_shift_max": 8,
  "amp_scale_prob": 0.5,
  "amp_scale_lo": 0.8,
  "amp_scale_hi": 1.2,
  "model_name": "eva02_base_patch14_224.mim_in22k",
  "drop_path_rate": 0.3,
  "proj_dim": 768,
  "drop_rate": 0.4,
  "ms_dropout_samples": 5,
  "seed": 42,
  "run_fold": 0
}
2026-03-23 06:47:06,029 [INFO] Student: EVA02-Base@224 (86M) — SINGLE FOLD 0
2026-03-23 06:47:06,104 [INFO] Train: 14742 | Eval: 9828
2026-03-23 06:47:10,939 [INFO] Pre-computing 8-teacher ensemble soft labels …
2026-03-23 06:47:10,943 [INFO]   [1/8] checkpoints_v11 @ 224×224
2026-03-23 06:48:13,333 [INFO]     → 5 folds loaded
2026-03-23 06:48:13,334 [INFO]   [2/8] checkpoints_vit_v9 @ 224×224
2026-03-23 06:49:14,535 [INFO]     → 5 folds loaded
2026-03-23 06:49:14,536 [INFO]   [3/8] checkpoints_v18 @ 384×384
2026-03-23 06:51:31,467 [INFO]     → 5 folds loaded
2026-03-23 06:51:31,467 [INFO]   [4/8] checkpoints_v25 @ 448×448
2026-03-23 06:54:21,051 [INFO]     → 5 folds loaded
2026-03-23 06:54:21,051 [INFO]   [5/8] checkpoints_v24 @ 384×384
2026-03-23 06:56:31,849 [INFO]     → 5 folds loaded
2026-03-23 06:56:31,849 [INFO]   [6/8] checkpoints_v38 @ 512×512
2026-03-23 07:00:08,153 [INFO]     → 5 folds loaded
2026-03-23 07:00:08,153 [INFO]   [7/8] checkpoints_v47 @ 320×320
2026-03-23 07:01:47,005 [INFO]     → 5 folds loaded
2026-03-23 07:01:47,006 [INFO]   [8/8] checkpoints_v52 @ 384×384
2026-03-23 07:03:46,907 [INFO]     → 5 folds loaded
2026-03-23 07:03:46,907 [INFO]   Ensemble from 8 teachers → soft labels for 14742 samples
2026-03-23 07:03:46,927 [INFO] KD α=0.80 τ=5.0 | SWA 30 ep | SINGLE FOLD | 8-teacher KD | EVA02 MIM
2026-03-23 07:03:46,932 [INFO] ================================================================
2026-03-23 07:03:46,932 [INFO] FOLD 0 (single fold mode)
2026-03-23 07:03:46,932 [INFO] ================================================================
2026-03-23 07:03:46,933 [INFO]   Train: 11793 | Val: 2949
2026-03-23 07:03:47,589 [INFO] Loading pretrained weights from Hugging Face hub (timm/eva02_base_patch14_224.mim_in22k)
2026-03-23 07:03:52,704 [INFO] HTTP Request: HEAD https://huggingface.co/timm/eva02_base_patch14_224.mim_in22k/resolve/main/model.safetensors "HTTP/1.1 302 Found"
2026-03-23 07:03:52,704 [WARNING] Warning: You are sending unauthenticated requests to the HF Hub. Please set a HF_TOKEN to enable higher rate limits and faster downloads.
2026-03-23 07:03:52,705 [INFO] [timm/eva02_base_patch14_224.mim_in22k] Safe alternative available for 'pytorch_model.bin' (as 'model.safetensors'). Loading weights using safetensors.
2026-03-23 07:03:52,818 [INFO]   Model params: 86.4M
2026-03-23 07:03:52,818 [INFO] ── Stage 1: head warmup (5 ep) ──
2026-03-23 07:04:07,575 [INFO]   S1 Ep 1/5  loss=4.0220 acc=0.9%  val=0.9%  15s
2026-03-23 07:04:08,001 [INFO]   ★ best 0.88%
2026-03-23 07:04:22,440 [INFO]   S1 Ep 2/5  loss=4.0029 acc=0.8%  val=0.9%  14s
2026-03-23 07:04:22,910 [INFO]   ★ best 0.92%
2026-03-23 07:04:38,308 [INFO]   S1 Ep 3/5  loss=3.9841 acc=0.7%  val=0.8%  15s
2026-03-23 07:04:52,714 [INFO]   S1 Ep 4/5  loss=3.9771 acc=0.9%  val=0.8%  14s
2026-03-23 07:05:07,454 [INFO]   S1 Ep 5/5  loss=3.9729 acc=1.0%  val=0.8%  15s
2026-03-23 07:05:07,455 [INFO] ── Stage 2: full fine-tune (200 ep, patience 50) ──
2026-03-23 07:05:07,457 [INFO] LLRD: 28 groups, LR [7.63e-06 … 3.00e-05]
2026-03-23 07:05:26,785 [INFO]   S2 Ep   1/200  loss=3.9749 acc=0.8%  val=0.8%  lr=1.48e-06    19s
2026-03-23 07:05:45,732 [INFO]   S2 Ep   2/200  loss=3.9713 acc=0.9%  val=0.8%  lr=2.30e-06    19s
2026-03-23 07:06:04,573 [INFO]   S2 Ep   3/200  loss=3.9700 acc=0.8%  val=0.7%  lr=3.63e-06    19s
2026-03-23 07:06:23,468 [INFO]   S2 Ep   4/200  loss=3.9679 acc=0.8%  val=1.0%  lr=5.42e-06    19s
2026-03-23 07:06:23,936 [INFO]   ★ best 1.02%
2026-03-23 07:06:44,317 [INFO]   S2 Ep   5/200  loss=3.9595 acc=1.2%  val=1.8%  lr=7.60e-06    20s
2026-03-23 07:06:44,872 [INFO]   ★ best 1.80%
2026-03-23 07:07:04,456 [INFO]   S2 Ep   6/200  loss=3.9328 acc=1.1%  val=1.9%  lr=1.01e-05    20s
2026-03-23 07:07:04,945 [INFO]   ★ best 1.87%
2026-03-23 07:07:24,018 [INFO]   S2 Ep   7/200  loss=3.9062 acc=1.4%  val=1.8%  lr=1.28e-05    19s
2026-03-23 07:07:43,324 [INFO]   S2 Ep   8/200  loss=3.8871 acc=1.5%  val=2.7%  lr=1.56e-05    19s
2026-03-23 07:07:43,951 [INFO]   ★ best 2.75%
2026-03-23 07:08:03,361 [INFO]   S2 Ep   9/200  loss=3.8626 acc=1.6%  val=3.9%  lr=1.84e-05    19s
2026-03-23 07:08:03,885 [INFO]   ★ best 3.90%
2026-03-23 07:08:23,046 [INFO]   S2 Ep  10/200  loss=3.8247 acc=2.3%  val=5.4%  lr=2.11e-05    19s
2026-03-23 07:08:23,599 [INFO]   ★ best 5.39%
2026-03-23 07:08:42,679 [INFO]   S2 Ep  11/200  loss=3.7851 acc=2.8%  val=6.8%  lr=2.36e-05    19s
2026-03-23 07:08:43,139 [INFO]   ★ best 6.85%
2026-03-23 07:09:02,008 [INFO]   S2 Ep  12/200  loss=3.7369 acc=3.9%  val=10.0%  lr=2.58e-05    19s
2026-03-23 07:09:02,474 [INFO]   ★ best 9.97%
2026-03-23 07:09:21,740 [INFO]   S2 Ep  13/200  loss=3.6819 acc=5.1%  val=13.0%  lr=2.76e-05    19s
2026-03-23 07:09:22,215 [INFO]   ★ best 12.95%
2026-03-23 07:09:41,287 [INFO]   S2 Ep  14/200  loss=3.6241 acc=6.3%  val=15.2%  lr=2.89e-05    19s
2026-03-23 07:09:41,742 [INFO]   ★ best 15.19%
2026-03-23 07:10:00,840 [INFO]   S2 Ep  15/200  loss=3.5442 acc=8.5%  val=20.2%  lr=2.97e-05    19s
2026-03-23 07:10:01,324 [INFO]   ★ best 20.21%
2026-03-23 07:10:20,570 [INFO]   S2 Ep  16/200  loss=3.4892 acc=10.1%  val=24.5%  lr=3.00e-05    19s
2026-03-23 07:10:21,120 [INFO]   ★ best 24.52%
2026-03-23 07:10:39,986 [INFO]   S2 Ep  17/200  loss=3.4090 acc=12.1%  val=28.0%  lr=3.00e-05    19s
2026-03-23 07:10:40,506 [INFO]   ★ best 28.04%
2026-03-23 07:10:59,842 [INFO]   S2 Ep  18/200  loss=3.3501 acc=13.5%  val=32.0%  lr=3.00e-05    19s
2026-03-23 07:11:00,294 [INFO]   ★ best 32.01%
2026-03-23 07:11:19,596 [INFO]   S2 Ep  19/200  loss=3.3231 acc=15.1%  val=33.0%  lr=3.00e-05    19s
2026-03-23 07:11:20,139 [INFO]   ★ best 32.96%
2026-03-23 07:11:40,334 [INFO]   S2 Ep  20/200  loss=3.2542 acc=17.4%  val=34.5%  lr=3.00e-05    20s
2026-03-23 07:11:40,793 [INFO]   ★ best 34.52%
2026-03-23 07:12:00,904 [INFO]   S2 Ep  21/200  loss=3.2170 acc=18.6%  val=38.0%  lr=2.99e-05    20s
2026-03-23 07:12:01,466 [INFO]   ★ best 37.98%
2026-03-23 07:12:20,312 [INFO]   S2 Ep  22/200  loss=3.1736 acc=20.4%  val=39.9%  lr=2.99e-05    19s
2026-03-23 07:12:20,743 [INFO]   ★ best 39.91%
2026-03-23 07:12:39,839 [INFO]   S2 Ep  23/200  loss=3.1493 acc=21.5%  val=42.8%  lr=2.99e-05    19s
2026-03-23 07:12:40,297 [INFO]   ★ best 42.79%
2026-03-23 07:12:59,530 [INFO]   S2 Ep  24/200  loss=3.0700 acc=24.0%  val=47.1%  lr=2.99e-05    19s
2026-03-23 07:13:00,069 [INFO]   ★ best 47.13%
2026-03-23 07:13:19,222 [INFO]   S2 Ep  25/200  loss=3.0209 acc=26.0%  val=49.4%  lr=2.98e-05    19s
2026-03-23 07:13:19,676 [INFO]   ★ best 49.44%
2026-03-23 07:13:38,508 [INFO]   S2 Ep  26/200  loss=2.9604 acc=28.1%  val=51.0%  lr=2.98e-05    19s
2026-03-23 07:13:38,995 [INFO]   ★ best 51.00%
2026-03-23 07:13:58,084 [INFO]   S2 Ep  27/200  loss=2.9657 acc=27.8%  val=53.8%  lr=2.97e-05    19s
2026-03-23 07:13:58,549 [INFO]   ★ best 53.85%
2026-03-23 07:14:17,466 [INFO]   S2 Ep  28/200  loss=2.9247 acc=29.4%  val=55.0%  lr=2.97e-05    19s
2026-03-23 07:14:17,930 [INFO]   ★ best 54.97%
2026-03-23 07:14:36,993 [INFO]   S2 Ep  29/200  loss=2.8831 acc=30.8%  val=56.7%  lr=2.96e-05    19s
2026-03-23 07:14:37,547 [INFO]   ★ best 56.66%
2026-03-23 07:14:56,883 [INFO]   S2 Ep  30/200  loss=2.8659 acc=31.7%  val=59.0%  lr=2.96e-05    19s
2026-03-23 07:14:57,520 [INFO]   ★ best 59.04%
2026-03-23 07:15:17,085 [INFO]   S2 Ep  31/200  loss=2.7887 acc=33.9%  val=60.2%  lr=2.95e-05    20s
2026-03-23 07:15:17,620 [INFO]   ★ best 60.16%
2026-03-23 07:15:36,855 [INFO]   S2 Ep  32/200  loss=2.7828 acc=35.0%  val=61.2%  lr=2.94e-05    19s
2026-03-23 07:15:37,385 [INFO]   ★ best 61.17%
2026-03-23 07:15:57,181 [INFO]   S2 Ep  33/200  loss=2.8167 acc=34.3%  val=62.2%  lr=2.94e-05    20s
2026-03-23 07:15:57,641 [INFO]   ★ best 62.16%
2026-03-23 07:16:16,861 [INFO]   S2 Ep  34/200  loss=2.7112 acc=37.7%  val=62.8%  lr=2.93e-05    19s
2026-03-23 07:16:17,378 [INFO]   ★ best 62.80%
2026-03-23 07:16:36,359 [INFO]   S2 Ep  35/200  loss=2.7187 acc=37.2%  val=63.9%  lr=2.92e-05    19s
2026-03-23 07:16:36,799 [INFO]   ★ best 63.85%
2026-03-23 07:16:55,884 [INFO]   S2 Ep  36/200  loss=2.7304 acc=36.9%  val=64.6%  lr=2.91e-05    19s
2026-03-23 07:16:56,346 [INFO]   ★ best 64.56%
2026-03-23 07:17:15,734 [INFO]   S2 Ep  37/200  loss=2.6478 acc=40.0%  val=66.1%  lr=2.90e-05    19s
2026-03-23 07:17:16,269 [INFO]   ★ best 66.09%
2026-03-23 07:17:36,205 [INFO]   S2 Ep  38/200  loss=2.6043 acc=41.2%  val=66.7%  lr=2.90e-05    20s
2026-03-23 07:17:36,739 [INFO]   ★ best 66.67%
2026-03-23 07:17:55,824 [INFO]   S2 Ep  39/200  loss=2.6279 acc=40.7%  val=67.2%  lr=2.89e-05    19s
2026-03-23 07:17:56,356 [INFO]   ★ best 67.24%
2026-03-23 07:18:15,474 [INFO]   S2 Ep  40/200  loss=2.6045 acc=42.3%  val=68.0%  lr=2.88e-05    19s
2026-03-23 07:18:15,948 [INFO]   ★ best 68.02%
2026-03-23 07:18:34,924 [INFO]   S2 Ep  41/200  loss=2.5880 acc=42.7%  val=68.1%  lr=2.87e-05    19s
2026-03-23 07:18:35,477 [INFO]   ★ best 68.06%
2026-03-23 07:18:54,603 [INFO]   S2 Ep  42/200  loss=2.5761 acc=43.2%  val=69.2%  lr=2.85e-05    19s
2026-03-23 07:18:55,061 [INFO]   ★ best 69.24%
2026-03-23 07:19:14,042 [INFO]   S2 Ep  43/200  loss=2.5462 acc=44.0%  val=69.9%  lr=2.84e-05    19s
2026-03-23 07:19:14,502 [INFO]   ★ best 69.92%
2026-03-23 07:19:33,625 [INFO]   S2 Ep  44/200  loss=2.5233 acc=45.0%  val=71.5%  lr=2.83e-05    19s
2026-03-23 07:19:34,081 [INFO]   ★ best 71.52%
2026-03-23 07:19:53,539 [INFO]   S2 Ep  45/200  loss=2.5436 acc=44.1%  val=71.6%  lr=2.82e-05    19s
2026-03-23 07:19:54,022 [INFO]   ★ best 71.58%
2026-03-23 07:20:12,999 [INFO]   S2 Ep  46/200  loss=2.4949 acc=45.9%  val=71.6%  lr=2.81e-05    19s
2026-03-23 07:20:31,990 [INFO]   S2 Ep  47/200  loss=2.5115 acc=45.8%  val=71.8%  lr=2.79e-05    19s
2026-03-23 07:20:32,440 [INFO]   ★ best 71.75%
2026-03-23 07:20:51,653 [INFO]   S2 Ep  48/200  loss=2.4717 acc=46.9%  val=74.0%  lr=2.78e-05    19s
2026-03-23 07:20:52,131 [INFO]   ★ best 73.96%
2026-03-23 07:21:11,158 [INFO]   S2 Ep  49/200  loss=2.4413 acc=47.9%  val=72.9%  lr=2.77e-05    19s
2026-03-23 07:21:30,490 [INFO]   S2 Ep  50/200  loss=2.4461 acc=47.8%  val=74.3%  lr=2.75e-05    19s
2026-03-23 07:21:30,940 [INFO]   ★ best 74.30%
2026-03-23 07:21:49,990 [INFO]   S2 Ep  51/200  loss=2.4280 acc=48.7%  val=73.5%  lr=2.74e-05    19s
2026-03-23 07:22:09,515 [INFO]   S2 Ep  52/200  loss=2.4539 acc=48.0%  val=75.2%  lr=2.73e-05    20s
2026-03-23 07:22:09,962 [INFO]   ★ best 75.21%
2026-03-23 07:22:29,341 [INFO]   S2 Ep  53/200  loss=2.3958 acc=50.4%  val=75.6%  lr=2.71e-05    19s
2026-03-23 07:22:29,866 [INFO]   ★ best 75.62%
2026-03-23 07:22:48,612 [INFO]   S2 Ep  54/200  loss=2.3976 acc=50.3%  val=74.0%  lr=2.70e-05    19s
2026-03-23 07:23:07,476 [INFO]   S2 Ep  55/200  loss=2.3923 acc=50.3%  val=72.6%  lr=2.68e-05    19s
2026-03-23 07:23:26,421 [INFO]   S2 Ep  56/200  loss=2.3971 acc=50.0%  val=75.6%  lr=2.66e-05    19s
2026-03-23 07:23:45,370 [INFO]   S2 Ep  57/200  loss=2.3481 acc=51.8%  val=76.1%  lr=2.65e-05    19s
2026-03-23 07:23:45,819 [INFO]   ★ best 76.13%
2026-03-23 07:24:04,629 [INFO]   S2 Ep  58/200  loss=2.3924 acc=50.2%  val=76.8%  lr=2.63e-05    19s
2026-03-23 07:24:05,089 [INFO]   ★ best 76.77%
2026-03-23 07:24:24,157 [INFO]   S2 Ep  59/200  loss=2.3717 acc=50.8%  val=76.4%  lr=2.61e-05    19s
2026-03-23 07:24:42,817 [INFO]   S2 Ep  60/200  loss=2.3292 acc=52.5%  val=77.3%  lr=2.60e-05    19s
2026-03-23 07:24:43,272 [INFO]   ★ best 77.35%
2026-03-23 07:25:02,780 [INFO]   S2 Ep  61/200  loss=2.3313 acc=52.5%  val=77.7%  lr=2.58e-05    20s
2026-03-23 07:25:03,351 [INFO]   ★ best 77.72%
2026-03-23 07:25:22,456 [INFO]   S2 Ep  62/200  loss=2.2928 acc=53.8%  val=77.9%  lr=2.56e-05    19s
2026-03-23 07:25:23,018 [INFO]   ★ best 77.92%
2026-03-23 07:25:41,882 [INFO]   S2 Ep  63/200  loss=2.3500 acc=52.0%  val=78.1%  lr=2.54e-05    19s
2026-03-23 07:25:42,346 [INFO]   ★ best 78.13%
2026-03-23 07:26:01,329 [INFO]   S2 Ep  64/200  loss=2.2787 acc=54.3%  val=76.4%  lr=2.52e-05    19s
2026-03-23 07:26:20,115 [INFO]   S2 Ep  65/200  loss=2.3247 acc=52.6%  val=76.7%  lr=2.50e-05    19s
2026-03-23 07:26:38,913 [INFO]   S2 Ep  66/200  loss=2.2934 acc=53.6%  val=77.6%  lr=2.49e-05    19s
2026-03-23 07:26:57,569 [INFO]   S2 Ep  67/200  loss=2.2446 acc=55.9%  val=78.7%  lr=2.47e-05    19s
2026-03-23 07:26:58,020 [INFO]   ★ best 78.74%
2026-03-23 07:27:16,811 [INFO]   S2 Ep  68/200  loss=2.2592 acc=55.2%  val=78.8%  lr=2.45e-05    19s
2026-03-23 07:27:17,269 [INFO]   ★ best 78.77%
2026-03-23 07:27:36,840 [INFO]   S2 Ep  69/200  loss=2.2048 acc=57.0%  val=79.8%  lr=2.43e-05    20s
2026-03-23 07:27:37,370 [INFO]   ★ best 79.76%
2026-03-23 07:27:56,506 [INFO]   S2 Ep  70/200  loss=2.2293 acc=55.8%  val=78.8%  lr=2.41e-05    19s
2026-03-23 07:28:15,566 [INFO]   S2 Ep  71/200  loss=2.1895 acc=57.7%  val=78.5%  lr=2.39e-05    19s
2026-03-23 07:28:34,414 [INFO]   S2 Ep  72/200  loss=2.1672 acc=58.7%  val=78.0%  lr=2.36e-05    19s
2026-03-23 07:28:53,276 [INFO]   S2 Ep  73/200  loss=2.1697 acc=58.3%  val=78.9%  lr=2.34e-05    19s
2026-03-23 07:29:12,153 [INFO]   S2 Ep  74/200  loss=2.1418 acc=58.8%  val=79.5%  lr=2.32e-05    19s
2026-03-23 07:29:31,014 [INFO]   S2 Ep  75/200  loss=2.2007 acc=57.2%  val=79.0%  lr=2.30e-05    19s
2026-03-23 07:29:49,797 [INFO]   S2 Ep  76/200  loss=2.2064 acc=56.8%  val=80.1%  lr=2.28e-05    19s
2026-03-23 07:29:50,263 [INFO]   ★ best 80.06%
2026-03-23 07:30:09,303 [INFO]   S2 Ep  77/200  loss=2.1750 acc=58.1%  val=80.9%  lr=2.26e-05    19s
2026-03-23 07:30:09,765 [INFO]   ★ best 80.87%
2026-03-23 07:30:28,643 [INFO]   S2 Ep  78/200  loss=2.1809 acc=57.6%  val=80.8%  lr=2.24e-05    19s
2026-03-23 07:30:47,578 [INFO]   S2 Ep  79/200  loss=2.1854 acc=57.9%  val=81.1%  lr=2.21e-05    19s
2026-03-23 07:30:48,103 [INFO]   ★ best 81.08%
2026-03-23 07:31:07,388 [INFO]   S2 Ep  80/200  loss=2.2041 acc=57.2%  val=80.5%  lr=2.19e-05    19s
2026-03-23 07:31:26,357 [INFO]   S2 Ep  81/200  loss=2.1731 acc=58.1%  val=80.4%  lr=2.17e-05    19s
2026-03-23 07:31:45,285 [INFO]   S2 Ep  82/200  loss=2.1419 acc=59.4%  val=78.9%  lr=2.14e-05    19s
2026-03-23 07:32:04,348 [INFO]   S2 Ep  83/200  loss=2.1226 acc=60.5%  val=81.6%  lr=2.12e-05    19s
2026-03-23 07:32:04,790 [INFO]   ★ best 81.55%
2026-03-23 07:32:23,537 [INFO]   S2 Ep  84/200  loss=2.1403 acc=59.5%  val=81.5%  lr=2.10e-05    19s
2026-03-23 07:32:42,217 [INFO]   S2 Ep  85/200  loss=2.1085 acc=60.9%  val=81.2%  lr=2.07e-05    19s
2026-03-23 07:33:01,314 [INFO]   S2 Ep  86/200  loss=2.1104 acc=60.7%  val=81.0%  lr=2.05e-05    19s
2026-03-23 07:33:20,267 [INFO]   S2 Ep  87/200  loss=2.1052 acc=60.5%  val=81.1%  lr=2.03e-05    19s
2026-03-23 07:33:39,108 [INFO]   S2 Ep  88/200  loss=2.1420 acc=59.4%  val=80.7%  lr=2.00e-05    19s
2026-03-23 07:33:58,170 [INFO]   S2 Ep  89/200  loss=2.1063 acc=60.8%  val=81.1%  lr=1.98e-05    19s
2026-03-23 07:34:16,998 [INFO]   S2 Ep  90/200  loss=2.1254 acc=60.4%  val=81.2%  lr=1.95e-05    19s
2026-03-23 07:34:35,976 [INFO]   S2 Ep  91/200  loss=2.0997 acc=61.1%  val=81.5%  lr=1.93e-05    19s
2026-03-23 07:34:55,151 [INFO]   S2 Ep  92/200  loss=2.0518 acc=62.2%  val=81.2%  lr=1.90e-05    19s
2026-03-23 07:35:14,290 [INFO]   S2 Ep  93/200  loss=2.0437 acc=62.8%  val=82.0%  lr=1.88e-05    19s
2026-03-23 07:35:14,738 [INFO]   ★ best 81.99%
2026-03-23 07:35:33,452 [INFO]   S2 Ep  94/200  loss=2.1272 acc=60.1%  val=81.8%  lr=1.86e-05    19s
2026-03-23 07:35:52,605 [INFO]   S2 Ep  95/200  loss=2.0928 acc=61.4%  val=81.8%  lr=1.83e-05    19s
2026-03-23 07:36:11,685 [INFO]   S2 Ep  96/200  loss=2.0968 acc=60.5%  val=81.9%  lr=1.81e-05    19s
2026-03-23 07:36:30,521 [INFO]   S2 Ep  97/200  loss=2.0336 acc=63.7%  val=82.5%  lr=1.78e-05    19s
2026-03-23 07:36:30,960 [INFO]   ★ best 82.54%
2026-03-23 07:36:49,679 [INFO]   S2 Ep  98/200  loss=2.0671 acc=62.2%  val=81.8%  lr=1.75e-05    19s
2026-03-23 07:37:08,548 [INFO]   S2 Ep  99/200  loss=1.9835 acc=64.9%  val=81.9%  lr=1.73e-05    19s
2026-03-23 07:37:27,636 [INFO]   S2 Ep 100/200  loss=2.0027 acc=64.4%  val=82.3%  lr=1.70e-05    19s
2026-03-23 07:37:46,574 [INFO]   S2 Ep 101/200  loss=2.0543 acc=62.8%  val=82.3%  lr=1.68e-05    19s
2026-03-23 07:38:05,457 [INFO]   S2 Ep 102/200  loss=2.0795 acc=61.9%  val=82.1%  lr=1.65e-05    19s
2026-03-23 07:38:24,658 [INFO]   S2 Ep 103/200  loss=2.0517 acc=62.5%  val=82.4%  lr=1.63e-05    19s
2026-03-23 07:38:43,657 [INFO]   S2 Ep 104/200  loss=2.0255 acc=63.5%  val=83.0%  lr=1.60e-05    19s
2026-03-23 07:38:44,186 [INFO]   ★ best 82.98%
2026-03-23 07:39:03,239 [INFO]   S2 Ep 105/200  loss=2.0543 acc=63.0%  val=82.4%  lr=1.58e-05    19s
2026-03-23 07:39:22,641 [INFO]   S2 Ep 106/200  loss=2.0124 acc=64.5%  val=81.9%  lr=1.55e-05    19s
2026-03-23 07:39:42,138 [INFO]   S2 Ep 107/200  loss=2.0154 acc=64.1%  val=83.0%  lr=1.53e-05    19s
2026-03-23 07:40:01,021 [INFO]   S2 Ep 108/200  loss=1.9804 acc=65.7%  val=82.9%  lr=1.50e-05    19s
2026-03-23 07:40:20,060 [INFO]   S2 Ep 109/200  loss=1.9752 acc=65.2%  val=82.5%  lr=1.47e-05    19s
2026-03-23 07:40:39,322 [INFO]   S2 Ep 110/200  loss=2.0057 acc=63.8%  val=82.7%  lr=1.45e-05    19s
2026-03-23 07:40:58,046 [INFO]   S2 Ep 111/200  loss=1.9850 acc=64.9%  val=83.5%  lr=1.42e-05    19s
2026-03-23 07:40:58,504 [INFO]   ★ best 83.49%
2026-03-23 07:41:17,464 [INFO]   S2 Ep 112/200  loss=1.9839 acc=64.8%  val=82.8%  lr=1.40e-05    19s
2026-03-23 07:41:36,429 [INFO]   S2 Ep 113/200  loss=2.0073 acc=64.1%  val=82.5%  lr=1.37e-05    19s
2026-03-23 07:41:56,207 [INFO]   S2 Ep 114/200  loss=1.9733 acc=65.6%  val=83.0%  lr=1.35e-05    20s
2026-03-23 07:42:15,511 [INFO]   S2 Ep 115/200  loss=1.9836 acc=65.1%  val=83.1%  lr=1.32e-05    19s
2026-03-23 07:42:35,621 [INFO]   S2 Ep 116/200  loss=1.9769 acc=65.3%  val=82.8%  lr=1.30e-05    20s
2026-03-23 07:42:55,058 [INFO]   S2 Ep 117/200  loss=1.9214 acc=67.1%  val=82.9%  lr=1.27e-05    19s
2026-03-23 07:43:14,322 [INFO]   S2 Ep 118/200  loss=2.0070 acc=64.5%  val=82.6%  lr=1.25e-05    19s
2026-03-23 07:43:33,616 [INFO]   S2 Ep 119/200  loss=1.9544 acc=66.3%  val=82.4%  lr=1.22e-05    19s
2026-03-23 07:43:53,268 [INFO]   S2 Ep 120/200  loss=2.0254 acc=63.3%  val=83.4%  lr=1.19e-05    20s
2026-03-23 07:44:13,182 [INFO]   S2 Ep 121/200  loss=1.9898 acc=64.5%  val=82.8%  lr=1.17e-05    20s
2026-03-23 07:44:32,757 [INFO]   S2 Ep 122/200  loss=1.9468 acc=65.8%  val=82.2%  lr=1.14e-05    20s
2026-03-23 07:44:52,583 [INFO]   S2 Ep 123/200  loss=1.9732 acc=65.2%  val=83.4%  lr=1.12e-05    20s
2026-03-23 07:45:13,139 [INFO]   S2 Ep 124/200  loss=1.9755 acc=65.3%  val=83.1%  lr=1.10e-05    21s
2026-03-23 07:45:33,975 [INFO]   S2 Ep 125/200  loss=2.0004 acc=63.8%  val=83.1%  lr=1.07e-05    21s
2026-03-23 07:45:54,357 [INFO]   S2 Ep 126/200  loss=1.9370 acc=66.6%  val=83.0%  lr=1.05e-05    20s
2026-03-23 07:46:14,849 [INFO]   S2 Ep 127/200  loss=1.9419 acc=66.3%  val=83.1%  lr=1.02e-05    20s
2026-03-23 07:46:34,384 [INFO]   S2 Ep 128/200  loss=1.9648 acc=65.2%  val=83.0%  lr=9.98e-06    20s
2026-03-23 07:46:53,591 [INFO]   S2 Ep 129/200  loss=1.9167 acc=67.1%  val=83.2%  lr=9.74e-06    19s
2026-03-23 07:47:13,027 [INFO]   S2 Ep 130/200  loss=1.9517 acc=66.2%  val=83.2%  lr=9.50e-06    19s
2026-03-23 07:47:32,784 [INFO]   S2 Ep 131/200  loss=1.9105 acc=67.8%  val=83.5%  lr=9.26e-06    20s
2026-03-23 07:47:51,986 [INFO]   S2 Ep 132/200  loss=1.9212 acc=66.9%  val=83.6%  lr=9.02e-06    19s
2026-03-23 07:47:52,432 [INFO]   ★ best 83.55%
2026-03-23 07:48:11,839 [INFO]   S2 Ep 133/200  loss=1.9448 acc=65.9%  val=83.6%  lr=8.79e-06    19s
2026-03-23 07:48:12,280 [INFO]   ★ best 83.59%
2026-03-23 07:48:31,526 [INFO]   S2 Ep 134/200  loss=1.9326 acc=66.5%  val=83.2%  lr=8.56e-06    19s
2026-03-23 07:48:50,720 [INFO]   S2 Ep 135/200  loss=1.9358 acc=66.7%  val=83.8%  lr=8.33e-06    19s
2026-03-23 07:48:51,165 [INFO]   ★ best 83.79%
2026-03-23 07:49:10,674 [INFO]   S2 Ep 136/200  loss=1.9224 acc=66.4%  val=83.6%  lr=8.10e-06    20s
2026-03-23 07:49:30,405 [INFO]   S2 Ep 137/200  loss=1.8858 acc=68.0%  val=83.5%  lr=7.87e-06    20s
2026-03-23 07:49:49,886 [INFO]   S2 Ep 138/200  loss=1.9201 acc=67.0%  val=83.1%  lr=7.65e-06    19s
2026-03-23 07:50:09,382 [INFO]   S2 Ep 139/200  loss=1.9187 acc=67.0%  val=84.0%  lr=7.43e-06    19s
2026-03-23 07:50:09,909 [INFO]   ★ best 84.03%
2026-03-23 07:50:30,061 [INFO]   S2 Ep 140/200  loss=1.8988 acc=67.8%  val=83.7%  lr=7.21e-06    20s
2026-03-23 07:50:49,408 [INFO]   S2 Ep 141/200  loss=1.9776 acc=65.0%  val=84.0%  lr=6.99e-06    19s
2026-03-23 07:51:08,981 [INFO]   S2 Ep 142/200  loss=1.8934 acc=67.7%  val=84.1%  lr=6.77e-06    20s
2026-03-23 07:51:09,409 [INFO]   ★ best 84.10%
2026-03-23 07:51:28,919 [INFO]   S2 Ep 143/200  loss=1.9301 acc=66.4%  val=83.8%  lr=6.56e-06    20s
2026-03-23 07:51:48,515 [INFO]   S2 Ep 144/200  loss=1.9597 acc=65.1%  val=83.2%  lr=6.35e-06    20s
2026-03-23 07:52:07,770 [INFO]   S2 Ep 145/200  loss=1.8985 acc=68.1%  val=83.7%  lr=6.14e-06    19s
2026-03-23 07:52:27,006 [INFO]   S2 Ep 146/200  loss=1.8893 acc=67.8%  val=84.0%  lr=5.94e-06    19s
2026-03-23 07:52:46,199 [INFO]   S2 Ep 147/200  loss=1.9164 acc=66.9%  val=83.6%  lr=5.73e-06    19s
2026-03-23 07:53:05,539 [INFO]   S2 Ep 148/200  loss=1.9672 acc=65.0%  val=83.7%  lr=5.53e-06    19s
2026-03-23 07:53:24,982 [INFO]   S2 Ep 149/200  loss=1.8880 acc=67.9%  val=84.0%  lr=5.34e-06    19s
2026-03-23 07:53:44,444 [INFO]   S2 Ep 150/200  loss=1.9162 acc=67.2%  val=83.9%  lr=5.14e-06    19s
2026-03-23 07:54:03,859 [INFO]   S2 Ep 151/200  loss=1.8793 acc=68.5%  val=83.7%  lr=4.95e-06    19s
2026-03-23 07:54:23,072 [INFO]   S2 Ep 152/200  loss=1.9083 acc=67.2%  val=84.0%  lr=4.76e-06    19s
2026-03-23 07:54:42,286 [INFO]   S2 Ep 153/200  loss=1.8659 acc=68.6%  val=83.7%  lr=4.58e-06    19s
2026-03-23 07:55:01,571 [INFO]   S2 Ep 154/200  loss=1.8714 acc=68.8%  val=84.0%  lr=4.39e-06    19s
2026-03-23 07:55:21,426 [INFO]   S2 Ep 155/200  loss=1.8947 acc=67.6%  val=84.1%  lr=4.21e-06    20s
2026-03-23 07:55:21,882 [INFO]   ★ best 84.13%
2026-03-23 07:55:41,473 [INFO]   S2 Ep 156/200  loss=1.8915 acc=68.0%  val=84.1%  lr=4.04e-06    20s
2026-03-23 07:56:01,195 [INFO]   S2 Ep 157/200  loss=1.8764 acc=68.2%  val=83.9%  lr=3.86e-06    20s
2026-03-23 07:56:20,662 [INFO]   S2 Ep 158/200  loss=1.8984 acc=67.7%  val=83.9%  lr=3.69e-06    19s
2026-03-23 07:56:41,072 [INFO]   S2 Ep 159/200  loss=1.8362 acc=69.7%  val=84.2%  lr=3.53e-06    20s
2026-03-23 07:56:41,504 [INFO]   ★ best 84.20%
2026-03-23 07:57:01,298 [INFO]   S2 Ep 160/200  loss=1.8289 acc=70.1%  val=84.2%  lr=3.36e-06    20s
2026-03-23 07:57:20,912 [INFO]   S2 Ep 161/200  loss=1.9015 acc=67.2%  val=84.5%  lr=3.21e-06    20s
2026-03-23 07:57:21,354 [INFO]   ★ best 84.54%
2026-03-23 07:57:41,051 [INFO]   S2 Ep 162/200  loss=1.8864 acc=68.2%  val=84.1%  lr=3.05e-06    20s
2026-03-23 07:58:01,018 [INFO]   S2 Ep 163/200  loss=1.8669 acc=69.1%  val=84.5%  lr=2.90e-06    20s
2026-03-23 07:58:20,147 [INFO]   S2 Ep 164/200  loss=1.9123 acc=66.8%  val=84.9%  lr=2.75e-06    19s
2026-03-23 07:58:20,573 [INFO]   ★ best 84.88%
2026-03-23 07:58:39,816 [INFO]   S2 Ep 165/200  loss=1.8863 acc=68.2%  val=84.5%  lr=2.60e-06    19s
2026-03-23 07:58:59,542 [INFO]   S2 Ep 166/200  loss=1.8600 acc=68.7%  val=84.4%  lr=2.46e-06    20s
2026-03-23 07:59:18,805 [INFO]   S2 Ep 167/200  loss=1.8828 acc=69.1%  val=84.4%  lr=2.32e-06    19s
2026-03-23 07:59:38,035 [INFO]   S2 Ep 168/200  loss=1.8642 acc=68.5%  val=84.7%  lr=2.18e-06    19s
2026-03-23 07:59:57,352 [INFO]   S2 Ep 169/200  loss=1.8587 acc=69.0%  val=84.4%  lr=2.05e-06    19s
2026-03-23 08:00:16,595 [INFO]   S2 Ep 170/200  loss=1.8730 acc=68.3%  val=84.3%  lr=1.93e-06    19s
2026-03-23 08:00:35,837 [INFO]   S2 Ep 171/200  loss=1.8507 acc=69.1%  val=84.4%  lr=1.80e-06    19s
2026-03-23 08:00:55,567 [INFO]   S2 Ep 172/200  loss=1.8510 acc=69.2%  val=84.4%  lr=1.68e-06    20s
2026-03-23 08:01:14,682 [INFO]   S2 Ep 173/200  loss=1.8570 acc=69.0%  val=84.5%  lr=1.57e-06    19s
2026-03-23 08:01:33,741 [INFO]   S2 Ep 174/200  loss=1.8436 acc=69.6%  val=84.7%  lr=1.45e-06    19s
2026-03-23 08:01:52,983 [INFO]   S2 Ep 175/200  loss=1.8940 acc=68.4%  val=84.6%  lr=1.35e-06    19s
2026-03-23 08:02:12,268 [INFO]   S2 Ep 176/200  loss=1.8731 acc=68.5%  val=84.6%  lr=1.24e-06    19s
2026-03-23 08:02:31,281 [INFO]   S2 Ep 177/200  loss=1.8841 acc=68.4%  val=84.5%  lr=1.14e-06    19s
2026-03-23 08:02:50,565 [INFO]   S2 Ep 178/200  loss=1.8685 acc=68.6%  val=84.9%  lr=1.05e-06    19s
2026-03-23 08:03:09,962 [INFO]   S2 Ep 179/200  loss=1.9146 acc=67.1%  val=84.7%  lr=9.55e-07    19s
2026-03-23 08:03:29,795 [INFO]   S2 Ep 180/200  loss=1.8904 acc=68.2%  val=84.6%  lr=8.67e-07    20s
2026-03-23 08:03:49,006 [INFO]   S2 Ep 181/200  loss=1.8614 acc=68.9%  val=84.4%  lr=7.83e-07    19s
2026-03-23 08:04:08,799 [INFO]   S2 Ep 182/200  loss=1.8963 acc=67.2%  val=84.6%  lr=7.04e-07    20s
2026-03-23 08:04:28,029 [INFO]   S2 Ep 183/200  loss=1.8757 acc=68.2%  val=84.7%  lr=6.28e-07    19s
2026-03-23 08:04:47,733 [INFO]   S2 Ep 184/200  loss=1.8366 acc=70.0%  val=84.6%  lr=5.57e-07    20s
2026-03-23 08:05:07,123 [INFO]   S2 Ep 185/200  loss=1.8727 acc=68.4%  val=84.8%  lr=4.90e-07    19s
2026-03-23 08:05:26,882 [INFO]   S2 Ep 186/200  loss=1.8741 acc=68.1%  val=84.6%  lr=4.28e-07    20s
2026-03-23 08:05:46,015 [INFO]   S2 Ep 187/200  loss=1.8282 acc=70.2%  val=84.5%  lr=3.69e-07    19s
2026-03-23 08:06:05,409 [INFO]   S2 Ep 188/200  loss=1.8796 acc=68.6%  val=84.5%  lr=3.15e-07    19s
2026-03-23 08:06:25,217 [INFO]   S2 Ep 189/200  loss=1.8668 acc=69.3%  val=84.5%  lr=2.65e-07    20s
2026-03-23 08:06:44,647 [INFO]   S2 Ep 190/200  loss=1.8782 acc=68.4%  val=84.7%  lr=2.19e-07    19s
2026-03-23 08:07:04,114 [INFO]   S2 Ep 191/200  loss=1.8424 acc=70.1%  val=84.8%  lr=1.78e-07    19s
2026-03-23 08:07:23,313 [INFO]   S2 Ep 192/200  loss=1.8471 acc=70.2%  val=84.8%  lr=1.41e-07    19s
2026-03-23 08:07:42,943 [INFO]   S2 Ep 193/200  loss=1.8784 acc=67.9%  val=84.7%  lr=1.08e-07    20s
2026-03-23 08:08:02,091 [INFO]   S2 Ep 194/200  loss=1.8229 acc=70.2%  val=84.6%  lr=7.98e-08    19s
2026-03-23 08:08:21,616 [INFO]   S2 Ep 195/200  loss=1.8154 acc=70.5%  val=84.6%  lr=5.58e-08    20s
2026-03-23 08:08:41,121 [INFO]   S2 Ep 196/200  loss=1.9117 acc=67.0%  val=84.6%  lr=3.61e-08    20s
2026-03-23 08:09:00,796 [INFO]   S2 Ep 197/200  loss=1.8293 acc=70.0%  val=84.6%  lr=2.08e-08    20s
2026-03-23 08:09:20,541 [INFO]   S2 Ep 198/200  loss=1.8335 acc=70.1%  val=84.6%  lr=9.92e-09    20s
2026-03-23 08:09:40,895 [INFO]   S2 Ep 199/200  loss=1.8596 acc=68.8%  val=84.6%  lr=3.37e-09    20s
2026-03-23 08:10:00,408 [INFO]   S2 Ep 200/200  loss=1.8868 acc=67.9%  val=84.6%  lr=1.20e-09    20s
2026-03-23 08:10:00,409 [INFO] ── Stage 3: SWA (30 ep, lr=3.0e-06) ──
2026-03-23 08:10:19,271 [INFO]   SWA Ep  1/30  loss=1.8919  swa_val=84.5%  19s
2026-03-23 08:10:37,614 [INFO]   SWA Ep  2/30  loss=1.8449  swa_val=84.1%  18s
2026-03-23 08:10:56,043 [INFO]   SWA Ep  3/30  loss=1.8557  swa_val=84.3%  18s
2026-03-23 08:11:16,068 [INFO]   SWA Ep  4/30  loss=1.8714  swa_val=84.4%  20s
2026-03-23 08:11:35,934 [INFO]   SWA Ep  5/30  loss=1.8921  swa_val=84.4%  20s
2026-03-23 08:11:54,201 [INFO]   SWA Ep  6/30  loss=1.8858  swa_val=84.6%  18s
2026-03-23 08:12:12,999 [INFO]   SWA Ep  7/30  loss=1.9176  swa_val=84.8%  19s
2026-03-23 08:12:31,719 [INFO]   SWA Ep  8/30  loss=1.8850  swa_val=84.6%  19s
2026-03-23 08:12:50,859 [INFO]   SWA Ep  9/30  loss=1.8644  swa_val=84.7%  19s
2026-03-23 08:13:10,878 [INFO]   SWA Ep 10/30  loss=1.8874  swa_val=84.8%  20s
2026-03-23 08:13:31,123 [INFO]   SWA Ep 11/30  loss=1.8428  swa_val=84.6%  20s
2026-03-23 08:13:51,241 [INFO]   SWA Ep 12/30  loss=1.8290  swa_val=84.6%  20s
2026-03-23 08:14:11,518 [INFO]   SWA Ep 13/30  loss=1.8705  swa_val=84.7%  20s
2026-03-23 08:14:31,135 [INFO]   SWA Ep 14/30  loss=1.8898  swa_val=84.7%  20s
2026-03-23 08:14:51,205 [INFO]   SWA Ep 15/30  loss=1.8276  swa_val=84.6%  20s
2026-03-23 08:15:11,021 [INFO]   SWA Ep 16/30  loss=1.8500  swa_val=84.5%  20s
2026-03-23 08:15:31,011 [INFO]   SWA Ep 17/30  loss=1.8734  swa_val=84.5%  20s
2026-03-23 08:15:50,770 [INFO]   SWA Ep 18/30  loss=1.8882  swa_val=84.5%  20s
2026-03-23 08:16:10,442 [INFO]   SWA Ep 19/30  loss=1.8101  swa_val=84.5%  20s
2026-03-23 08:16:31,173 [INFO]   SWA Ep 20/30  loss=1.8666  swa_val=84.5%  21s
2026-03-23 08:16:51,705 [INFO]   SWA Ep 21/30  loss=1.8981  swa_val=84.5%  21s
2026-03-23 08:17:10,959 [INFO]   SWA Ep 22/30  loss=1.8596  swa_val=84.4%  19s
2026-03-23 08:17:30,253 [INFO]   SWA Ep 23/30  loss=1.8535  swa_val=84.4%  19s
2026-03-23 08:17:50,123 [INFO]   SWA Ep 24/30  loss=1.8681  swa_val=84.5%  20s
2026-03-23 08:18:10,507 [INFO]   SWA Ep 25/30  loss=1.8778  swa_val=84.5%  20s
2026-03-23 08:18:29,444 [INFO]   SWA Ep 26/30  loss=1.8944  swa_val=84.5%  19s
2026-03-23 08:18:49,530 [INFO]   SWA Ep 27/30  loss=1.8850  swa_val=84.5%  20s
2026-03-23 08:19:10,566 [INFO]   SWA Ep 28/30  loss=1.8231  swa_val=84.4%  21s
2026-03-23 08:19:32,104 [INFO]   SWA Ep 29/30  loss=1.8600  swa_val=84.4%  22s
2026-03-23 08:19:52,898 [INFO]   SWA Ep 30/30  loss=1.8532  swa_val=84.4%  21s
2026-03-23 08:19:52,898 [INFO]   Updating BN/LN stats for SWA model …
2026-03-23 08:19:55,055 [INFO]   SWA final: 84.40% (regular best: 84.88%)
2026-03-23 08:19:55,055 [INFO]   Fold 0 best: 84.88%
2026-03-23 08:19:55,075 [INFO] ================================================================
2026-03-23 08:19:55,075 [INFO] RESULT: Fold 0 accuracy = 84.88%
2026-03-23 08:19:55,075 [INFO] ================================================================
2026-03-23 08:20:34,601 [INFO] Done.
