2026-03-23 10:39:18,037 [INFO] GPU: NVIDIA H200
2026-03-23 10:39:18,037 [INFO] Config: {
  "data_dir": "/data/slr/track2_",
  "output_dir": "/data/slr/checkpoints_v70",
  "max_frames": 48,
  "img_size": 224,
  "n_classes": 126,
  "channel_means": [
    -64.3217,
    -62.9119,
    -63.9254
  ],
  "channel_stds": [
    12.5721,
    11.662,
    11.7259
  ],
  "n_folds": 5,
  "batch_size": 48,
  "num_workers": 2,
  "stage1_epochs": 8,
  "stage1_lr": 0.0001,
  "stage2_epochs": 200,
  "stage2_lr": 2e-05,
  "swa_epochs": 30,
  "swa_lr": 2e-06,
  "weight_decay": 0.05,
  "warmup_pct": 0.08,
  "label_smoothing": 0.1,
  "early_stopping_patience": 50,
  "grad_clip_norm": 1.0,
  "llrd_decay": 0.75,
  "mixup_alpha": 0.4,
  "cutmix_alpha": 1.0,
  "cutmix_prob": 0.5,
  "time_mask_max": 8,
  "range_mask_max": 30,
  "noise_std": 0.1,
  "time_warp_lo": 0.8,
  "time_warp_hi": 1.2,
  "time_reverse_prob": 0.5,
  "channel_shuffle_prob": 0.2,
  "channel_drop_prob": 0.1,
  "random_erase_prob": 0.2,
  "circ_shift_prob": 0.3,
  "circ_shift_max": 8,
  "amp_scale_prob": 0.5,
  "amp_scale_lo": 0.8,
  "amp_scale_hi": 1.2,
  "model_name": "convnextv2_tiny.fcmae_ft_in22k_in1k",
  "drop_path_rate": 0.2,
  "proj_dim": 512,
  "drop_rate": 0.3,
  "ms_dropout_samples": 5,
  "seed": 42
}
2026-03-23 10:39:18,037 [INFO] EXTENDED TRAINING | 200ep patience=50 lr=2e-5 | Born-again v66 | Fold 0
2026-03-23 10:39:18,117 [INFO] Train: 14742 | Eval: 9828
2026-03-23 10:39:22,971 [INFO] ================================================================
2026-03-23 10:39:22,985 [INFO] FOLD 0 — EXTENDED TRAINING, born-again v66
2026-03-23 10:39:22,985 [INFO] ================================================================
2026-03-23 10:39:22,987 [INFO]   Train: 11793 | Val: 2949
2026-03-23 10:39:23,224 [INFO] Loading pretrained weights from Hugging Face hub (timm/convnextv2_tiny.fcmae_ft_in22k_in1k)
2026-03-23 10:39:23,394 [INFO] HTTP Request: HEAD https://huggingface.co/timm/convnextv2_tiny.fcmae_ft_in22k_in1k/resolve/main/model.safetensors "HTTP/1.1 302 Found"
2026-03-23 10:39:23,395 [INFO] [timm/convnextv2_tiny.fcmae_ft_in22k_in1k] Safe alternative available for 'pytorch_model.bin' (as 'model.safetensors'). Loading weights using safetensors.
2026-03-23 10:39:23,411 [INFO] Missing keys (head.fc.weight, head.fc.bias) discovered while loading pretrained weights. This is expected if model is being adapted.
2026-03-23 10:39:23,853 [INFO]   Born-again ← best_fold0.pt (val 90.84%)
2026-03-23 10:39:23,853 [INFO] ── Stage 1: head warmup (8 ep) ──
2026-03-23 10:39:57,548 [INFO]   S1 Ep 1/8  loss=0.8838 acc=97.7%  val=90.8%  34s
2026-03-23 10:39:57,693 [INFO]   ★ best 90.84%
2026-03-23 10:40:12,814 [INFO]   S1 Ep 2/8  loss=0.8717 acc=98.1%  val=90.6%  15s
2026-03-23 10:40:28,035 [INFO]   S1 Ep 3/8  loss=0.8760 acc=98.2%  val=90.8%  15s
2026-03-23 10:40:42,277 [INFO]   S1 Ep 4/8  loss=0.8837 acc=97.8%  val=90.7%  14s
2026-03-23 10:40:58,205 [INFO]   S1 Ep 5/8  loss=0.9036 acc=97.2%  val=90.5%  16s
2026-03-23 10:41:12,634 [INFO]   S1 Ep 6/8  loss=0.8957 acc=97.4%  val=90.8%  14s
2026-03-23 10:41:27,664 [INFO]   S1 Ep 7/8  loss=0.8935 acc=97.5%  val=90.9%  15s
2026-03-23 10:41:27,836 [INFO]   ★ best 90.88%
2026-03-23 10:41:42,664 [INFO]   S1 Ep 8/8  loss=0.8937 acc=97.4%  val=90.8%  15s
2026-03-23 10:41:42,664 [INFO] ── Stage 2: full fine-tune (200 ep, patience 50) ──
2026-03-23 10:41:42,665 [INFO] LLRD: 12 groups, LR [4.75e-06 … 2.00e-05]
2026-03-23 10:42:08,734 [INFO]   S2 Ep   1/200  loss=1.8939 acc=71.5%  val=90.6%  lr=9.85e-07    26s
2026-03-23 10:42:24,470 [INFO]   S2 Ep   2/200  loss=1.8700 acc=71.7%  val=90.6%  lr=1.53e-06    16s
2026-03-23 10:42:40,069 [INFO]   S2 Ep   3/200  loss=1.8791 acc=71.5%  val=90.6%  lr=2.42e-06    16s
2026-03-23 10:42:55,716 [INFO]   S2 Ep   4/200  loss=1.8397 acc=72.7%  val=90.5%  lr=3.61e-06    16s
2026-03-23 10:43:11,351 [INFO]   S2 Ep   5/200  loss=1.9400 acc=69.0%  val=90.3%  lr=5.07e-06    16s
2026-03-23 10:43:27,444 [INFO]   S2 Ep   6/200  loss=1.8082 acc=73.8%  val=90.3%  lr=6.73e-06    16s
2026-03-23 10:43:43,393 [INFO]   S2 Ep   7/200  loss=1.7988 acc=73.2%  val=90.2%  lr=8.53e-06    16s
2026-03-23 10:43:59,084 [INFO]   S2 Ep   8/200  loss=1.9106 acc=70.3%  val=90.3%  lr=1.04e-05    16s
2026-03-23 10:44:14,625 [INFO]   S2 Ep   9/200  loss=1.8477 acc=72.0%  val=90.1%  lr=1.23e-05    16s
2026-03-23 10:44:30,286 [INFO]   S2 Ep  10/200  loss=1.8842 acc=70.3%  val=89.8%  lr=1.41e-05    16s
2026-03-23 10:44:45,904 [INFO]   S2 Ep  11/200  loss=1.8777 acc=71.8%  val=90.3%  lr=1.57e-05    16s
2026-03-23 10:45:01,430 [INFO]   S2 Ep  12/200  loss=1.9001 acc=70.1%  val=90.1%  lr=1.72e-05    16s
2026-03-23 10:45:17,172 [INFO]   S2 Ep  13/200  loss=1.8386 acc=72.5%  val=89.9%  lr=1.84e-05    16s
2026-03-23 10:45:32,984 [INFO]   S2 Ep  14/200  loss=1.8423 acc=72.1%  val=89.9%  lr=1.93e-05    16s
2026-03-23 10:45:48,736 [INFO]   S2 Ep  15/200  loss=1.8840 acc=70.9%  val=89.8%  lr=1.98e-05    16s
2026-03-23 10:46:04,993 [INFO]   S2 Ep  16/200  loss=1.9714 acc=68.4%  val=89.7%  lr=2.00e-05    16s
2026-03-23 10:46:21,193 [INFO]   S2 Ep  17/200  loss=1.8165 acc=72.9%  val=89.6%  lr=2.00e-05    16s
2026-03-23 10:46:37,337 [INFO]   S2 Ep  18/200  loss=1.8866 acc=69.8%  val=89.5%  lr=2.00e-05    16s
2026-03-23 10:46:53,515 [INFO]   S2 Ep  19/200  loss=1.8573 acc=70.9%  val=89.6%  lr=2.00e-05    16s
2026-03-23 10:47:09,512 [INFO]   S2 Ep  20/200  loss=1.9005 acc=69.6%  val=90.0%  lr=2.00e-05    16s
2026-03-23 10:47:25,922 [INFO]   S2 Ep  21/200  loss=1.8915 acc=71.0%  val=89.8%  lr=2.00e-05    16s
2026-03-23 10:47:41,798 [INFO]   S2 Ep  22/200  loss=1.8574 acc=71.9%  val=89.7%  lr=1.99e-05    16s
2026-03-23 10:47:57,619 [INFO]   S2 Ep  23/200  loss=1.8607 acc=70.5%  val=89.7%  lr=1.99e-05    16s
2026-03-23 10:48:13,276 [INFO]   S2 Ep  24/200  loss=1.8595 acc=71.5%  val=89.8%  lr=1.99e-05    16s
2026-03-23 10:48:29,123 [INFO]   S2 Ep  25/200  loss=1.8653 acc=72.5%  val=89.4%  lr=1.99e-05    16s
2026-03-23 10:48:45,196 [INFO]   S2 Ep  26/200  loss=1.8461 acc=71.6%  val=89.4%  lr=1.99e-05    16s
2026-03-23 10:49:01,214 [INFO]   S2 Ep  27/200  loss=1.8202 acc=72.4%  val=89.5%  lr=1.98e-05    16s
2026-03-23 10:49:16,858 [INFO]   S2 Ep  28/200  loss=1.8205 acc=71.8%  val=89.7%  lr=1.98e-05    16s
2026-03-23 10:49:32,841 [INFO]   S2 Ep  29/200  loss=1.8782 acc=70.2%  val=89.8%  lr=1.98e-05    16s
2026-03-23 10:49:48,921 [INFO]   S2 Ep  30/200  loss=1.8075 acc=73.0%  val=89.7%  lr=1.97e-05    16s
2026-03-23 10:50:04,725 [INFO]   S2 Ep  31/200  loss=1.8855 acc=70.0%  val=89.9%  lr=1.97e-05    16s
2026-03-23 10:50:20,465 [INFO]   S2 Ep  32/200  loss=1.7971 acc=73.5%  val=89.8%  lr=1.96e-05    16s
2026-03-23 10:50:36,252 [INFO]   S2 Ep  33/200  loss=1.8680 acc=71.0%  val=90.1%  lr=1.96e-05    16s
2026-03-23 10:50:52,284 [INFO]   S2 Ep  34/200  loss=1.8760 acc=71.1%  val=90.0%  lr=1.95e-05    16s
2026-03-23 10:51:07,981 [INFO]   S2 Ep  35/200  loss=1.8846 acc=70.6%  val=89.8%  lr=1.95e-05    16s
2026-03-23 10:51:23,602 [INFO]   S2 Ep  36/200  loss=1.8716 acc=71.1%  val=89.6%  lr=1.94e-05    16s
2026-03-23 10:51:39,276 [INFO]   S2 Ep  37/200  loss=1.8090 acc=72.8%  val=88.7%  lr=1.94e-05    16s
2026-03-23 10:51:55,217 [INFO]   S2 Ep  38/200  loss=1.8656 acc=72.0%  val=89.5%  lr=1.93e-05    16s
2026-03-23 10:52:10,986 [INFO]   S2 Ep  39/200  loss=1.7438 acc=74.8%  val=89.1%  lr=1.92e-05    16s
2026-03-23 10:52:26,811 [INFO]   S2 Ep  40/200  loss=1.8496 acc=71.3%  val=89.7%  lr=1.92e-05    16s
2026-03-23 10:52:42,648 [INFO]   S2 Ep  41/200  loss=1.8580 acc=71.0%  val=89.3%  lr=1.91e-05    16s
2026-03-23 10:52:58,436 [INFO]   S2 Ep  42/200  loss=1.8208 acc=71.8%  val=89.0%  lr=1.90e-05    16s
2026-03-23 10:53:14,289 [INFO]   S2 Ep  43/200  loss=1.8113 acc=71.9%  val=88.8%  lr=1.90e-05    16s
2026-03-23 10:53:29,884 [INFO]   S2 Ep  44/200  loss=1.8359 acc=72.5%  val=89.1%  lr=1.89e-05    16s
2026-03-23 10:53:46,090 [INFO]   S2 Ep  45/200  loss=1.8724 acc=70.9%  val=89.3%  lr=1.88e-05    16s
2026-03-23 10:54:01,751 [INFO]   S2 Ep  46/200  loss=1.7976 acc=72.7%  val=89.2%  lr=1.87e-05    16s
2026-03-23 10:54:17,473 [INFO]   S2 Ep  47/200  loss=1.7509 acc=74.7%  val=89.3%  lr=1.86e-05    16s
2026-03-23 10:54:33,010 [INFO]   S2 Ep  48/200  loss=1.8538 acc=71.2%  val=89.0%  lr=1.85e-05    16s
2026-03-23 10:54:48,566 [INFO]   S2 Ep  49/200  loss=1.8664 acc=70.5%  val=89.5%  lr=1.85e-05    16s
2026-03-23 10:55:03,937 [INFO]   S2 Ep  50/200  loss=1.9312 acc=68.9%  val=89.4%  lr=1.84e-05    15s
2026-03-23 10:55:03,937 [INFO]   Early stop at ep 50
2026-03-23 10:55:03,938 [INFO] ── Stage 3: SWA (30 ep, lr=2.0e-06) ──
2026-03-23 10:55:19,539 [INFO]   SWA Ep  1/30  loss=1.7858  swa_val=90.7%  15s
2026-03-23 10:55:35,133 [INFO]   SWA Ep  2/30  loss=1.8415  swa_val=90.6%  16s
2026-03-23 10:55:50,279 [INFO]   SWA Ep  3/30  loss=1.8956  swa_val=90.6%  15s
2026-03-23 10:56:05,270 [INFO]   SWA Ep  4/30  loss=1.9045  swa_val=90.5%  15s
2026-03-23 10:56:20,470 [INFO]   SWA Ep  5/30  loss=1.8591  swa_val=90.5%  15s
2026-03-23 10:56:35,607 [INFO]   SWA Ep  6/30  loss=1.8018  swa_val=90.5%  15s
2026-03-23 10:56:50,973 [INFO]   SWA Ep  7/30  loss=1.8334  swa_val=90.5%  15s
2026-03-23 10:57:07,034 [INFO]   SWA Ep  8/30  loss=1.8494  swa_val=90.6%  16s
2026-03-23 10:57:22,562 [INFO]   SWA Ep  9/30  loss=1.8329  swa_val=90.7%  16s
2026-03-23 10:57:37,683 [INFO]   SWA Ep 10/30  loss=1.8289  swa_val=90.7%  15s
2026-03-23 10:57:52,847 [INFO]   SWA Ep 11/30  loss=1.8694  swa_val=90.6%  15s
2026-03-23 10:58:07,941 [INFO]   SWA Ep 12/30  loss=1.8466  swa_val=90.6%  15s
2026-03-23 10:58:23,086 [INFO]   SWA Ep 13/30  loss=1.9076  swa_val=90.5%  15s
2026-03-23 10:58:38,477 [INFO]   SWA Ep 14/30  loss=1.8058  swa_val=90.5%  15s
2026-03-23 10:58:53,602 [INFO]   SWA Ep 15/30  loss=1.8358  swa_val=90.4%  15s
2026-03-23 10:59:08,927 [INFO]   SWA Ep 16/30  loss=1.8534  swa_val=90.4%  15s
2026-03-23 10:59:24,254 [INFO]   SWA Ep 17/30  loss=1.9084  swa_val=90.5%  15s
2026-03-23 10:59:39,921 [INFO]   SWA Ep 18/30  loss=1.8393  swa_val=90.5%  16s
2026-03-23 10:59:54,955 [INFO]   SWA Ep 19/30  loss=1.8283  swa_val=90.5%  15s
2026-03-23 11:00:10,132 [INFO]   SWA Ep 20/30  loss=1.8370  swa_val=90.4%  15s
2026-03-23 11:00:25,591 [INFO]   SWA Ep 21/30  loss=1.8774  swa_val=90.4%  15s
2026-03-23 11:00:41,150 [INFO]   SWA Ep 22/30  loss=1.8351  swa_val=90.4%  16s
2026-03-23 11:00:56,378 [INFO]   SWA Ep 23/30  loss=1.8403  swa_val=90.4%  15s
2026-03-23 11:01:12,697 [INFO]   SWA Ep 24/30  loss=1.8275  swa_val=90.4%  16s
2026-03-23 11:01:28,788 [INFO]   SWA Ep 25/30  loss=1.8301  swa_val=90.4%  16s
2026-03-23 11:01:43,885 [INFO]   SWA Ep 26/30  loss=1.8409  swa_val=90.4%  15s
2026-03-23 11:01:59,733 [INFO]   SWA Ep 27/30  loss=1.8465  swa_val=90.4%  16s
2026-03-23 11:02:16,000 [INFO]   SWA Ep 28/30  loss=1.8410  swa_val=90.3%  16s
2026-03-23 11:02:31,182 [INFO]   SWA Ep 29/30  loss=1.8438  swa_val=90.3%  15s
2026-03-23 11:02:47,466 [INFO]   SWA Ep 30/30  loss=1.8215  swa_val=90.3%  16s
2026-03-23 11:02:49,443 [INFO]   SWA final: 90.30% (regular best: 90.88%)
2026-03-23 11:02:49,443 [INFO]   Fold 0 best: 90.88%
2026-03-23 11:03:28,378 [INFO] TTA changed 130 / 9828 (1.3%)
2026-03-23 11:03:28,394 [INFO] Done.
