2026-03-23 12:18:02,870 [INFO] GPU: NVIDIA H200
2026-03-23 12:18:02,870 [INFO] Config: {
  "data_dir": "/data/slr/track2_",
  "output_dir": "/data/slr/checkpoints_v84",
  "max_frames": 48,
  "img_size": 224,
  "n_classes": 126,
  "channel_means": [
    -64.3217,
    -62.9119,
    -63.9254
  ],
  "channel_stds": [
    12.5721,
    11.662,
    11.7259
  ],
  "n_folds": 5,
  "batch_size": 48,
  "num_workers": 2,
  "stage1_epochs": 10,
  "stage1_lr": 0.0002,
  "stage2_epochs": 200,
  "stage2_lr": 4e-05,
  "swa_epochs": 20,
  "swa_lr": 4e-06,
  "weight_decay": 0.05,
  "warmup_pct": 0.05,
  "label_smoothing": 0.1,
  "early_stopping_patience": 40,
  "grad_clip_norm": 1.0,
  "llrd_decay": 0.75,
  "mixup_alpha": 0.4,
  "cutmix_alpha": 1.0,
  "cutmix_prob": 0.5,
  "time_mask_max": 8,
  "range_mask_max": 30,
  "noise_std": 0.1,
  "time_warp_lo": 0.8,
  "time_warp_hi": 1.2,
  "time_reverse_prob": 0.5,
  "channel_shuffle_prob": 0.2,
  "channel_drop_prob": 0.1,
  "random_erase_prob": 0.2,
  "circ_shift_prob": 0.3,
  "circ_shift_max": 8,
  "amp_scale_prob": 0.5,
  "amp_scale_lo": 0.8,
  "amp_scale_hi": 1.2,
  "model_name": "caformer_s36.sail_in1k",
  "drop_path_rate": 0.2,
  "proj_dim": 512,
  "drop_rate": 0.3,
  "ms_dropout_samples": 5,
  "seed": 42
}
2026-03-23 12:18:02,870 [INFO] CAFormer-S36 | no born-again | Fold 0
2026-03-23 12:18:02,943 [INFO] Train: 14742 | Eval: 9828
2026-03-23 12:18:07,728 [INFO] ================================================================
2026-03-23 12:18:07,728 [INFO] FOLD 0 — CAFormer-S36 backbone
2026-03-23 12:18:07,728 [INFO] ================================================================
2026-03-23 12:18:07,730 [INFO]   Train: 11793 | Val: 2949
2026-03-23 12:18:08,077 [INFO] Loading pretrained weights from Hugging Face hub (timm/caformer_s36.sail_in1k)
2026-03-23 12:18:08,137 [INFO] HTTP Request: HEAD https://huggingface.co/timm/caformer_s36.sail_in1k/resolve/main/model.safetensors "HTTP/1.1 302 Found"
2026-03-23 12:18:08,177 [INFO] HTTP Request: GET https://huggingface.co/api/models/timm/caformer_s36.sail_in1k/xet-read-token/99d758a41bf3c6c99d0705b71e12d76855353439 "HTTP/1.1 200 OK"
2026-03-23 12:18:20,193 [INFO] [timm/caformer_s36.sail_in1k] Safe alternative available for 'pytorch_model.bin' (as 'model.safetensors'). Loading weights using safetensors.
2026-03-23 12:18:20,226 [INFO] Missing keys (head.fc.fc2.weight, head.fc.fc2.bias) discovered while loading pretrained weights. This is expected if model is being adapted.
2026-03-23 12:18:20,427 [INFO]   No born-again (different stage dims), ImageNet pretrained only
2026-03-23 12:18:20,427 [INFO] ── Stage 1: head warmup (10 ep) ──
2026-03-23 12:18:57,752 [INFO]   S1 Ep 1/10  loss=4.8511 acc=0.7%  val=0.7%  37s
2026-03-23 12:18:57,959 [INFO]   ★ best 0.75%
2026-03-23 12:19:13,002 [INFO]   S1 Ep 2/10  loss=4.8490 acc=0.7%  val=0.7%  15s
2026-03-23 12:19:28,389 [INFO]   S1 Ep 3/10  loss=4.8480 acc=0.7%  val=1.1%  15s
2026-03-23 12:19:28,687 [INFO]   ★ best 1.05%
2026-03-23 12:19:43,783 [INFO]   S1 Ep 4/10  loss=4.8431 acc=0.7%  val=1.1%  15s
2026-03-23 12:19:58,825 [INFO]   S1 Ep 5/10  loss=4.8391 acc=0.8%  val=0.9%  15s
2026-03-23 12:20:14,092 [INFO]   S1 Ep 6/10  loss=4.8349 acc=0.9%  val=1.3%  15s
2026-03-23 12:20:14,307 [INFO]   ★ best 1.32%
2026-03-23 12:20:29,528 [INFO]   S1 Ep 7/10  loss=4.8271 acc=1.0%  val=1.5%  15s
2026-03-23 12:20:29,770 [INFO]   ★ best 1.53%
2026-03-23 12:20:44,847 [INFO]   S1 Ep 8/10  loss=4.8189 acc=1.2%  val=1.6%  15s
2026-03-23 12:20:45,094 [INFO]   ★ best 1.59%
2026-03-23 12:20:59,997 [INFO]   S1 Ep 9/10  loss=4.8088 acc=1.3%  val=1.7%  15s
2026-03-23 12:21:00,234 [INFO]   ★ best 1.66%
2026-03-23 12:21:15,499 [INFO]   S1 Ep 10/10  loss=4.8031 acc=1.5%  val=1.7%  15s
2026-03-23 12:21:15,746 [INFO]   ★ best 1.73%
2026-03-23 12:21:15,746 [INFO] ── Stage 2: full fine-tune (200 ep, patience 40) ──
2026-03-23 12:21:15,749 [INFO] LLRD: 12 groups, LR [9.49e-06 … 4.00e-05]
2026-03-23 12:21:49,462 [INFO]   S2 Ep   1/200  loss=4.8153 acc=1.4%  val=1.6%  lr=2.54e-06    34s
2026-03-23 12:22:12,452 [INFO]   S2 Ep   2/200  loss=4.8107 acc=1.4%  val=2.0%  lr=5.27e-06    23s
2026-03-23 12:22:12,740 [INFO]   ★ best 2.03%
2026-03-23 12:22:35,432 [INFO]   S2 Ep   3/200  loss=4.7912 acc=1.6%  val=2.2%  lr=9.52e-06    23s
2026-03-23 12:22:35,672 [INFO]   ★ best 2.17%
2026-03-23 12:22:58,228 [INFO]   S2 Ep   4/200  loss=4.7542 acc=2.0%  val=3.0%  lr=1.49e-05    23s
2026-03-23 12:22:58,447 [INFO]   ★ best 3.02%
2026-03-23 12:23:21,055 [INFO]   S2 Ep   5/200  loss=4.7189 acc=2.2%  val=3.2%  lr=2.08e-05    23s
2026-03-23 12:23:21,284 [INFO]   ★ best 3.19%
2026-03-23 12:23:44,276 [INFO]   S2 Ep   6/200  loss=4.6583 acc=2.6%  val=3.6%  lr=2.67e-05    23s
2026-03-23 12:23:44,513 [INFO]   ★ best 3.63%
2026-03-23 12:24:07,631 [INFO]   S2 Ep   7/200  loss=4.6171 acc=2.9%  val=4.7%  lr=3.21e-05    23s
2026-03-23 12:24:07,934 [INFO]   ★ best 4.71%
2026-03-23 12:24:31,130 [INFO]   S2 Ep   8/200  loss=4.5675 acc=3.8%  val=6.3%  lr=3.63e-05    23s
2026-03-23 12:24:31,364 [INFO]   ★ best 6.31%
2026-03-23 12:24:54,134 [INFO]   S2 Ep   9/200  loss=4.4923 acc=5.0%  val=9.2%  lr=3.91e-05    23s
2026-03-23 12:24:54,412 [INFO]   ★ best 9.22%
2026-03-23 12:25:18,036 [INFO]   S2 Ep  10/200  loss=4.4374 acc=5.2%  val=10.1%  lr=4.00e-05    24s
2026-03-23 12:25:18,322 [INFO]   ★ best 10.14%
2026-03-23 12:25:41,348 [INFO]   S2 Ep  11/200  loss=4.3483 acc=6.5%  val=12.8%  lr=4.00e-05    23s
2026-03-23 12:25:41,595 [INFO]   ★ best 12.82%
2026-03-23 12:26:04,466 [INFO]   S2 Ep  12/200  loss=4.3105 acc=7.4%  val=15.8%  lr=4.00e-05    23s
2026-03-23 12:26:04,712 [INFO]   ★ best 15.84%
2026-03-23 12:26:28,058 [INFO]   S2 Ep  13/200  loss=4.2222 acc=8.4%  val=18.0%  lr=4.00e-05    23s
2026-03-23 12:26:28,304 [INFO]   ★ best 18.04%
2026-03-23 12:26:50,966 [INFO]   S2 Ep  14/200  loss=4.1626 acc=9.7%  val=20.5%  lr=4.00e-05    23s
2026-03-23 12:26:51,219 [INFO]   ★ best 20.55%
2026-03-23 12:27:13,949 [INFO]   S2 Ep  15/200  loss=4.1117 acc=10.6%  val=21.7%  lr=3.99e-05    23s
2026-03-23 12:27:14,193 [INFO]   ★ best 21.74%
2026-03-23 12:27:36,992 [INFO]   S2 Ep  16/200  loss=4.0979 acc=11.4%  val=23.3%  lr=3.99e-05    23s
2026-03-23 12:27:37,238 [INFO]   ★ best 23.26%
2026-03-23 12:27:59,924 [INFO]   S2 Ep  17/200  loss=3.9880 acc=13.4%  val=25.1%  lr=3.99e-05    23s
2026-03-23 12:28:00,182 [INFO]   ★ best 25.13%
2026-03-23 12:28:22,996 [INFO]   S2 Ep  18/200  loss=3.9875 acc=14.1%  val=27.6%  lr=3.98e-05    23s
2026-03-23 12:28:23,238 [INFO]   ★ best 27.60%
2026-03-23 12:28:46,008 [INFO]   S2 Ep  19/200  loss=3.9235 acc=14.7%  val=28.1%  lr=3.98e-05    23s
2026-03-23 12:28:46,251 [INFO]   ★ best 28.15%
2026-03-23 12:29:08,955 [INFO]   S2 Ep  20/200  loss=3.8968 acc=15.7%  val=30.5%  lr=3.97e-05    23s
2026-03-23 12:29:09,189 [INFO]   ★ best 30.48%
2026-03-23 12:29:31,931 [INFO]   S2 Ep  21/200  loss=3.8672 acc=16.5%  val=31.9%  lr=3.97e-05    23s
2026-03-23 12:29:32,168 [INFO]   ★ best 31.94%
2026-03-23 12:29:55,440 [INFO]   S2 Ep  22/200  loss=3.8057 acc=18.4%  val=34.0%  lr=3.96e-05    23s
2026-03-23 12:29:55,730 [INFO]   ★ best 34.05%
2026-03-23 12:30:18,734 [INFO]   S2 Ep  23/200  loss=3.7777 acc=19.1%  val=35.0%  lr=3.95e-05    23s
2026-03-23 12:30:18,997 [INFO]   ★ best 35.03%
2026-03-23 12:30:41,913 [INFO]   S2 Ep  24/200  loss=3.7275 acc=20.1%  val=36.4%  lr=3.95e-05    23s
2026-03-23 12:30:42,156 [INFO]   ★ best 36.42%
2026-03-23 12:31:05,626 [INFO]   S2 Ep  25/200  loss=3.6971 acc=21.2%  val=38.3%  lr=3.94e-05    23s
2026-03-23 12:31:05,915 [INFO]   ★ best 38.28%
2026-03-23 12:31:29,393 [INFO]   S2 Ep  26/200  loss=3.6698 acc=21.9%  val=39.0%  lr=3.93e-05    23s
2026-03-23 12:31:29,657 [INFO]   ★ best 39.00%
2026-03-23 12:31:52,567 [INFO]   S2 Ep  27/200  loss=3.6235 acc=22.4%  val=41.6%  lr=3.92e-05    23s
2026-03-23 12:31:52,821 [INFO]   ★ best 41.64%
2026-03-23 12:32:15,867 [INFO]   S2 Ep  28/200  loss=3.6134 acc=23.1%  val=41.9%  lr=3.91e-05    23s
2026-03-23 12:32:16,100 [INFO]   ★ best 41.91%
2026-03-23 12:32:39,652 [INFO]   S2 Ep  29/200  loss=3.5986 acc=23.4%  val=43.8%  lr=3.90e-05    24s
2026-03-23 12:32:40,008 [INFO]   ★ best 43.78%
2026-03-23 12:33:03,420 [INFO]   S2 Ep  30/200  loss=3.5202 acc=25.8%  val=43.7%  lr=3.89e-05    23s
2026-03-23 12:33:27,725 [INFO]   S2 Ep  31/200  loss=3.5662 acc=24.4%  val=45.1%  lr=3.88e-05    24s
2026-03-23 12:33:27,983 [INFO]   ★ best 45.13%
2026-03-23 12:33:51,305 [INFO]   S2 Ep  32/200  loss=3.4600 acc=26.4%  val=44.9%  lr=3.87e-05    23s
2026-03-23 12:34:14,276 [INFO]   S2 Ep  33/200  loss=3.4920 acc=26.5%  val=48.1%  lr=3.86e-05    23s
2026-03-23 12:34:14,512 [INFO]   ★ best 48.05%
2026-03-23 12:34:37,288 [INFO]   S2 Ep  34/200  loss=3.4721 acc=27.1%  val=49.1%  lr=3.84e-05    23s
2026-03-23 12:34:37,529 [INFO]   ★ best 49.10%
2026-03-23 12:35:00,898 [INFO]   S2 Ep  35/200  loss=3.4443 acc=27.6%  val=47.9%  lr=3.83e-05    23s
2026-03-23 12:35:24,059 [INFO]   S2 Ep  36/200  loss=3.4127 acc=29.2%  val=50.7%  lr=3.82e-05    23s
2026-03-23 12:35:24,309 [INFO]   ★ best 50.66%
2026-03-23 12:35:47,560 [INFO]   S2 Ep  37/200  loss=3.3533 acc=29.4%  val=51.2%  lr=3.80e-05    23s
2026-03-23 12:35:47,824 [INFO]   ★ best 51.20%
2026-03-23 12:36:11,216 [INFO]   S2 Ep  38/200  loss=3.3621 acc=30.0%  val=52.7%  lr=3.79e-05    23s
2026-03-23 12:36:11,472 [INFO]   ★ best 52.66%
2026-03-23 12:36:34,411 [INFO]   S2 Ep  39/200  loss=3.2519 acc=32.8%  val=52.6%  lr=3.77e-05    23s
2026-03-23 12:36:57,439 [INFO]   S2 Ep  40/200  loss=3.3257 acc=31.2%  val=53.4%  lr=3.76e-05    23s
2026-03-23 12:36:57,685 [INFO]   ★ best 53.44%
2026-03-23 12:37:21,037 [INFO]   S2 Ep  41/200  loss=3.3094 acc=31.4%  val=54.9%  lr=3.74e-05    23s
2026-03-23 12:37:21,284 [INFO]   ★ best 54.87%
2026-03-23 12:37:44,205 [INFO]   S2 Ep  42/200  loss=3.2677 acc=32.4%  val=54.0%  lr=3.73e-05    23s
2026-03-23 12:38:07,555 [INFO]   S2 Ep  43/200  loss=3.2478 acc=32.9%  val=55.0%  lr=3.71e-05    23s
2026-03-23 12:38:07,854 [INFO]   ★ best 55.00%
2026-03-23 12:38:30,608 [INFO]   S2 Ep  44/200  loss=3.2315 acc=33.7%  val=57.5%  lr=3.69e-05    23s
2026-03-23 12:38:30,904 [INFO]   ★ best 57.54%
2026-03-23 12:38:54,133 [INFO]   S2 Ep  45/200  loss=3.2557 acc=33.1%  val=57.5%  lr=3.67e-05    23s
2026-03-23 12:39:17,256 [INFO]   S2 Ep  46/200  loss=3.1573 acc=35.3%  val=57.5%  lr=3.66e-05    23s
2026-03-23 12:39:40,455 [INFO]   S2 Ep  47/200  loss=3.1052 acc=36.8%  val=57.8%  lr=3.64e-05    23s
2026-03-23 12:39:40,766 [INFO]   ★ best 57.78%
2026-03-23 12:40:03,696 [INFO]   S2 Ep  48/200  loss=3.1943 acc=34.7%  val=60.8%  lr=3.62e-05    23s
2026-03-23 12:40:03,940 [INFO]   ★ best 60.77%
2026-03-23 12:40:27,306 [INFO]   S2 Ep  49/200  loss=3.1790 acc=35.1%  val=59.7%  lr=3.60e-05    23s
2026-03-23 12:40:50,192 [INFO]   S2 Ep  50/200  loss=3.2281 acc=34.2%  val=59.2%  lr=3.58e-05    23s
2026-03-23 12:41:12,948 [INFO]   S2 Ep  51/200  loss=3.0378 acc=39.0%  val=59.6%  lr=3.56e-05    23s
2026-03-23 12:41:35,794 [INFO]   S2 Ep  52/200  loss=3.0710 acc=37.9%  val=61.0%  lr=3.54e-05    23s
2026-03-23 12:41:36,038 [INFO]   ★ best 61.04%
2026-03-23 12:41:58,671 [INFO]   S2 Ep  53/200  loss=3.1246 acc=36.9%  val=61.8%  lr=3.52e-05    23s
2026-03-23 12:41:58,926 [INFO]   ★ best 61.82%
2026-03-23 12:42:22,214 [INFO]   S2 Ep  54/200  loss=3.0992 acc=37.7%  val=62.6%  lr=3.49e-05    23s
2026-03-23 12:42:22,470 [INFO]   ★ best 62.60%
2026-03-23 12:42:45,827 [INFO]   S2 Ep  55/200  loss=3.0563 acc=38.8%  val=63.2%  lr=3.47e-05    23s
2026-03-23 12:42:46,054 [INFO]   ★ best 63.17%
2026-03-23 12:43:08,518 [INFO]   S2 Ep  56/200  loss=3.0001 acc=39.8%  val=63.4%  lr=3.45e-05    22s
2026-03-23 12:43:08,763 [INFO]   ★ best 63.45%
2026-03-23 12:43:31,517 [INFO]   S2 Ep  57/200  loss=2.9983 acc=40.4%  val=63.0%  lr=3.43e-05    23s
2026-03-23 12:43:54,783 [INFO]   S2 Ep  58/200  loss=3.0010 acc=40.8%  val=63.8%  lr=3.40e-05    23s
2026-03-23 12:43:55,068 [INFO]   ★ best 63.75%
2026-03-23 12:44:17,728 [INFO]   S2 Ep  59/200  loss=2.9750 acc=40.9%  val=64.6%  lr=3.38e-05    23s
2026-03-23 12:44:17,956 [INFO]   ★ best 64.56%
2026-03-23 12:44:40,781 [INFO]   S2 Ep  60/200  loss=2.9669 acc=40.3%  val=64.0%  lr=3.35e-05    23s
2026-03-23 12:45:03,994 [INFO]   S2 Ep  61/200  loss=2.9863 acc=40.5%  val=65.1%  lr=3.33e-05    23s
2026-03-23 12:45:04,249 [INFO]   ★ best 65.11%
2026-03-23 12:45:27,662 [INFO]   S2 Ep  62/200  loss=2.9682 acc=41.3%  val=64.8%  lr=3.31e-05    23s
2026-03-23 12:45:51,285 [INFO]   S2 Ep  63/200  loss=3.0097 acc=40.3%  val=65.8%  lr=3.28e-05    24s
2026-03-23 12:45:51,645 [INFO]   ★ best 65.82%
2026-03-23 12:46:15,172 [INFO]   S2 Ep  64/200  loss=2.8917 acc=43.2%  val=66.5%  lr=3.25e-05    24s
2026-03-23 12:46:15,423 [INFO]   ★ best 66.50%
2026-03-23 12:46:38,735 [INFO]   S2 Ep  65/200  loss=2.9278 acc=42.1%  val=66.4%  lr=3.23e-05    23s
2026-03-23 12:47:02,806 [INFO]   S2 Ep  66/200  loss=2.9265 acc=42.1%  val=66.9%  lr=3.20e-05    24s
2026-03-23 12:47:03,068 [INFO]   ★ best 66.90%
2026-03-23 12:47:26,166 [INFO]   S2 Ep  67/200  loss=2.9776 acc=40.8%  val=67.5%  lr=3.18e-05    23s
2026-03-23 12:47:26,399 [INFO]   ★ best 67.51%
2026-03-23 12:47:49,246 [INFO]   S2 Ep  68/200  loss=2.9013 acc=43.3%  val=67.1%  lr=3.15e-05    23s
2026-03-23 12:48:12,027 [INFO]   S2 Ep  69/200  loss=2.8641 acc=44.1%  val=68.0%  lr=3.12e-05    23s
2026-03-23 12:48:12,286 [INFO]   ★ best 68.02%
2026-03-23 12:48:35,435 [INFO]   S2 Ep  70/200  loss=2.8743 acc=43.6%  val=68.0%  lr=3.09e-05    23s
2026-03-23 12:48:58,102 [INFO]   S2 Ep  71/200  loss=2.9030 acc=43.8%  val=68.3%  lr=3.07e-05    23s
2026-03-23 12:48:58,347 [INFO]   ★ best 68.29%
2026-03-23 12:49:21,318 [INFO]   S2 Ep  72/200  loss=2.8737 acc=43.4%  val=70.0%  lr=3.04e-05    23s
2026-03-23 12:49:21,542 [INFO]   ★ best 69.99%
2026-03-23 12:49:44,653 [INFO]   S2 Ep  73/200  loss=2.8579 acc=44.6%  val=68.9%  lr=3.01e-05    23s
2026-03-23 12:50:07,702 [INFO]   S2 Ep  74/200  loss=2.8184 acc=45.3%  val=68.4%  lr=2.98e-05    23s
2026-03-23 12:50:30,852 [INFO]   S2 Ep  75/200  loss=2.8184 acc=45.4%  val=69.1%  lr=2.95e-05    23s
2026-03-23 12:50:54,018 [INFO]   S2 Ep  76/200  loss=2.8239 acc=45.4%  val=70.1%  lr=2.92e-05    23s
2026-03-23 12:50:54,297 [INFO]   ★ best 70.09%
2026-03-23 12:51:17,946 [INFO]   S2 Ep  77/200  loss=2.8522 acc=44.6%  val=69.7%  lr=2.89e-05    24s
2026-03-23 12:51:40,579 [INFO]   S2 Ep  78/200  loss=2.8162 acc=45.6%  val=69.8%  lr=2.86e-05    23s
2026-03-23 12:52:03,839 [INFO]   S2 Ep  79/200  loss=2.8075 acc=45.7%  val=69.7%  lr=2.83e-05    23s
2026-03-23 12:52:26,858 [INFO]   S2 Ep  80/200  loss=2.7815 acc=46.4%  val=70.3%  lr=2.80e-05    23s
2026-03-23 12:52:27,137 [INFO]   ★ best 70.33%
2026-03-23 12:52:50,023 [INFO]   S2 Ep  81/200  loss=2.8235 acc=45.5%  val=70.7%  lr=2.77e-05    23s
2026-03-23 12:52:50,269 [INFO]   ★ best 70.67%
2026-03-23 12:53:13,433 [INFO]   S2 Ep  82/200  loss=2.8751 acc=44.5%  val=70.5%  lr=2.74e-05    23s
2026-03-23 12:53:36,143 [INFO]   S2 Ep  83/200  loss=2.6938 acc=49.1%  val=70.8%  lr=2.71e-05    23s
2026-03-23 12:53:36,388 [INFO]   ★ best 70.80%
2026-03-23 12:53:58,911 [INFO]   S2 Ep  84/200  loss=2.7921 acc=46.1%  val=71.4%  lr=2.68e-05    23s
2026-03-23 12:53:59,217 [INFO]   ★ best 71.45%
2026-03-23 12:54:22,529 [INFO]   S2 Ep  85/200  loss=2.7822 acc=46.6%  val=71.6%  lr=2.65e-05    23s
2026-03-23 12:54:22,767 [INFO]   ★ best 71.58%
2026-03-23 12:54:45,305 [INFO]   S2 Ep  86/200  loss=2.7270 acc=48.0%  val=71.4%  lr=2.62e-05    23s
2026-03-23 12:55:08,425 [INFO]   S2 Ep  87/200  loss=2.8154 acc=45.8%  val=71.3%  lr=2.59e-05    23s
2026-03-23 12:55:31,507 [INFO]   S2 Ep  88/200  loss=2.7575 acc=47.3%  val=71.6%  lr=2.55e-05    23s
2026-03-23 12:55:31,739 [INFO]   ★ best 71.62%
2026-03-23 12:55:54,740 [INFO]   S2 Ep  89/200  loss=2.7697 acc=47.0%  val=72.1%  lr=2.52e-05    23s
2026-03-23 12:55:55,018 [INFO]   ★ best 72.06%
2026-03-23 12:56:17,765 [INFO]   S2 Ep  90/200  loss=2.7113 acc=48.3%  val=72.3%  lr=2.49e-05    23s
2026-03-23 12:56:17,995 [INFO]   ★ best 72.30%
2026-03-23 12:56:41,063 [INFO]   S2 Ep  91/200  loss=2.7147 acc=48.8%  val=71.8%  lr=2.46e-05    23s
2026-03-23 12:57:04,149 [INFO]   S2 Ep  92/200  loss=2.7635 acc=47.7%  val=72.1%  lr=2.43e-05    23s
2026-03-23 12:57:27,413 [INFO]   S2 Ep  93/200  loss=2.7250 acc=48.8%  val=72.4%  lr=2.39e-05    23s
2026-03-23 12:57:27,656 [INFO]   ★ best 72.36%
2026-03-23 12:57:50,475 [INFO]   S2 Ep  94/200  loss=2.7387 acc=48.0%  val=72.5%  lr=2.36e-05    23s
2026-03-23 12:57:50,741 [INFO]   ★ best 72.47%
2026-03-23 12:58:14,305 [INFO]   S2 Ep  95/200  loss=2.7367 acc=48.3%  val=72.8%  lr=2.33e-05    24s
2026-03-23 12:58:14,564 [INFO]   ★ best 72.84%
2026-03-23 12:58:37,906 [INFO]   S2 Ep  96/200  loss=2.6560 acc=50.3%  val=72.5%  lr=2.30e-05    23s
2026-03-23 12:59:01,552 [INFO]   S2 Ep  97/200  loss=2.7630 acc=47.5%  val=72.5%  lr=2.26e-05    24s
2026-03-23 12:59:24,643 [INFO]   S2 Ep  98/200  loss=2.7319 acc=48.3%  val=72.7%  lr=2.23e-05    23s
2026-03-23 12:59:48,092 [INFO]   S2 Ep  99/200  loss=2.6987 acc=48.9%  val=73.4%  lr=2.20e-05    23s
2026-03-23 12:59:48,334 [INFO]   ★ best 73.38%
2026-03-23 13:00:11,622 [INFO]   S2 Ep 100/200  loss=2.6188 acc=51.3%  val=73.3%  lr=2.17e-05    23s
2026-03-23 13:00:35,316 [INFO]   S2 Ep 101/200  loss=2.6718 acc=49.8%  val=73.6%  lr=2.13e-05    24s
2026-03-23 13:00:35,614 [INFO]   ★ best 73.55%
2026-03-23 13:00:58,615 [INFO]   S2 Ep 102/200  loss=2.6820 acc=49.3%  val=73.8%  lr=2.10e-05    23s
2026-03-23 13:00:58,876 [INFO]   ★ best 73.75%
2026-03-23 13:01:22,245 [INFO]   S2 Ep 103/200  loss=2.6085 acc=51.8%  val=73.5%  lr=2.07e-05    23s
2026-03-23 13:01:45,638 [INFO]   S2 Ep 104/200  loss=2.6433 acc=50.6%  val=73.5%  lr=2.03e-05    23s
2026-03-23 13:02:08,991 [INFO]   S2 Ep 105/200  loss=2.6162 acc=51.5%  val=74.1%  lr=2.00e-05    23s
2026-03-23 13:02:09,244 [INFO]   ★ best 74.06%
2026-03-23 13:02:32,932 [INFO]   S2 Ep 106/200  loss=2.6051 acc=52.0%  val=74.0%  lr=1.97e-05    24s
2026-03-23 13:02:56,347 [INFO]   S2 Ep 107/200  loss=2.5796 acc=52.2%  val=73.7%  lr=1.93e-05    23s
2026-03-23 13:03:19,547 [INFO]   S2 Ep 108/200  loss=2.5936 acc=52.0%  val=74.1%  lr=1.90e-05    23s
2026-03-23 13:03:43,755 [INFO]   S2 Ep 109/200  loss=2.5615 acc=52.7%  val=74.8%  lr=1.87e-05    24s
2026-03-23 13:03:44,013 [INFO]   ★ best 74.81%
2026-03-23 13:04:07,753 [INFO]   S2 Ep 110/200  loss=2.5731 acc=52.3%  val=74.3%  lr=1.83e-05    24s
2026-03-23 13:04:30,538 [INFO]   S2 Ep 111/200  loss=2.5544 acc=52.9%  val=74.5%  lr=1.80e-05    23s
2026-03-23 13:04:53,490 [INFO]   S2 Ep 112/200  loss=2.6201 acc=51.4%  val=74.8%  lr=1.77e-05    23s
2026-03-23 13:05:16,476 [INFO]   S2 Ep 113/200  loss=2.6525 acc=50.9%  val=74.7%  lr=1.74e-05    23s
2026-03-23 13:05:40,221 [INFO]   S2 Ep 114/200  loss=2.6470 acc=50.7%  val=74.4%  lr=1.70e-05    24s
2026-03-23 13:06:03,597 [INFO]   S2 Ep 115/200  loss=2.6452 acc=51.1%  val=74.9%  lr=1.67e-05    23s
2026-03-23 13:06:03,848 [INFO]   ★ best 74.87%
2026-03-23 13:06:27,259 [INFO]   S2 Ep 116/200  loss=2.5596 acc=53.3%  val=75.2%  lr=1.64e-05    23s
2026-03-23 13:06:27,517 [INFO]   ★ best 75.25%
2026-03-23 13:06:50,193 [INFO]   S2 Ep 117/200  loss=2.5973 acc=52.4%  val=74.6%  lr=1.61e-05    23s
2026-03-23 13:07:12,957 [INFO]   S2 Ep 118/200  loss=2.6536 acc=50.2%  val=75.1%  lr=1.57e-05    23s
2026-03-23 13:07:36,787 [INFO]   S2 Ep 119/200  loss=2.6202 acc=51.5%  val=74.9%  lr=1.54e-05    24s
2026-03-23 13:08:00,383 [INFO]   S2 Ep 120/200  loss=2.6635 acc=50.4%  val=75.3%  lr=1.51e-05    24s
2026-03-23 13:08:00,633 [INFO]   ★ best 75.31%
2026-03-23 13:08:23,728 [INFO]   S2 Ep 121/200  loss=2.6324 acc=51.3%  val=75.0%  lr=1.48e-05    23s
2026-03-23 13:08:46,933 [INFO]   S2 Ep 122/200  loss=2.6079 acc=51.7%  val=75.3%  lr=1.45e-05    23s
2026-03-23 13:09:09,864 [INFO]   S2 Ep 123/200  loss=2.5465 acc=53.7%  val=75.1%  lr=1.41e-05    23s
2026-03-23 13:09:33,105 [INFO]   S2 Ep 124/200  loss=2.5849 acc=53.0%  val=76.0%  lr=1.38e-05    23s
2026-03-23 13:09:33,414 [INFO]   ★ best 76.03%
2026-03-23 13:09:56,683 [INFO]   S2 Ep 125/200  loss=2.5973 acc=52.6%  val=75.5%  lr=1.35e-05    23s
2026-03-23 13:10:19,842 [INFO]   S2 Ep 126/200  loss=2.5636 acc=52.9%  val=75.4%  lr=1.32e-05    23s
2026-03-23 13:10:43,823 [INFO]   S2 Ep 127/200  loss=2.5239 acc=53.9%  val=75.3%  lr=1.29e-05    24s
2026-03-23 13:11:06,814 [INFO]   S2 Ep 128/200  loss=2.5455 acc=53.2%  val=75.6%  lr=1.26e-05    23s
2026-03-23 13:11:30,095 [INFO]   S2 Ep 129/200  loss=2.5516 acc=54.3%  val=75.7%  lr=1.23e-05    23s
2026-03-23 13:11:53,827 [INFO]   S2 Ep 130/200  loss=2.5460 acc=53.4%  val=75.6%  lr=1.20e-05    24s
2026-03-23 13:12:16,711 [INFO]   S2 Ep 131/200  loss=2.5409 acc=54.4%  val=75.2%  lr=1.17e-05    23s
2026-03-23 13:12:39,346 [INFO]   S2 Ep 132/200  loss=2.5713 acc=53.1%  val=75.8%  lr=1.14e-05    23s
2026-03-23 13:13:02,223 [INFO]   S2 Ep 133/200  loss=2.5740 acc=53.0%  val=75.9%  lr=1.11e-05    23s
2026-03-23 13:13:24,743 [INFO]   S2 Ep 134/200  loss=2.5820 acc=53.4%  val=75.6%  lr=1.08e-05    23s
2026-03-23 13:13:47,237 [INFO]   S2 Ep 135/200  loss=2.5796 acc=52.8%  val=76.5%  lr=1.05e-05    22s
2026-03-23 13:13:47,472 [INFO]   ★ best 76.47%
2026-03-23 13:14:10,477 [INFO]   S2 Ep 136/200  loss=2.5844 acc=51.9%  val=76.0%  lr=1.02e-05    23s
2026-03-23 13:14:33,186 [INFO]   S2 Ep 137/200  loss=2.5243 acc=53.8%  val=76.2%  lr=9.90e-06    23s
2026-03-23 13:14:55,820 [INFO]   S2 Ep 138/200  loss=2.5052 acc=54.9%  val=75.8%  lr=9.62e-06    23s
2026-03-23 13:15:18,749 [INFO]   S2 Ep 139/200  loss=2.4606 acc=56.0%  val=76.3%  lr=9.34e-06    23s
2026-03-23 13:15:41,989 [INFO]   S2 Ep 140/200  loss=2.5321 acc=54.0%  val=76.3%  lr=9.06e-06    23s
2026-03-23 13:16:04,521 [INFO]   S2 Ep 141/200  loss=2.6059 acc=52.5%  val=75.8%  lr=8.79e-06    23s
2026-03-23 13:16:27,116 [INFO]   S2 Ep 142/200  loss=2.6236 acc=52.1%  val=75.5%  lr=8.51e-06    23s
2026-03-23 13:16:50,199 [INFO]   S2 Ep 143/200  loss=2.5178 acc=54.3%  val=76.0%  lr=8.24e-06    23s
2026-03-23 13:17:12,631 [INFO]   S2 Ep 144/200  loss=2.5706 acc=53.1%  val=75.8%  lr=7.98e-06    22s
2026-03-23 13:17:35,510 [INFO]   S2 Ep 145/200  loss=2.4921 acc=55.3%  val=75.8%  lr=7.72e-06    23s
2026-03-23 13:17:57,820 [INFO]   S2 Ep 146/200  loss=2.4949 acc=55.4%  val=76.1%  lr=7.46e-06    22s
2026-03-23 13:18:20,179 [INFO]   S2 Ep 147/200  loss=2.5823 acc=52.6%  val=76.2%  lr=7.20e-06    22s
2026-03-23 13:18:42,361 [INFO]   S2 Ep 148/200  loss=2.4637 acc=56.1%  val=76.3%  lr=6.95e-06    22s
2026-03-23 13:19:04,473 [INFO]   S2 Ep 149/200  loss=2.4697 acc=56.1%  val=76.6%  lr=6.70e-06    22s
2026-03-23 13:19:04,694 [INFO]   ★ best 76.60%
2026-03-23 13:19:26,959 [INFO]   S2 Ep 150/200  loss=2.4101 acc=57.6%  val=76.4%  lr=6.45e-06    22s
2026-03-23 13:19:49,321 [INFO]   S2 Ep 151/200  loss=2.5216 acc=54.4%  val=76.5%  lr=6.21e-06    22s
2026-03-23 13:20:11,584 [INFO]   S2 Ep 152/200  loss=2.5347 acc=54.1%  val=76.2%  lr=5.98e-06    22s
2026-03-23 13:20:33,745 [INFO]   S2 Ep 153/200  loss=2.5780 acc=52.8%  val=76.4%  lr=5.74e-06    22s
2026-03-23 13:20:55,928 [INFO]   S2 Ep 154/200  loss=2.5308 acc=54.2%  val=76.5%  lr=5.51e-06    22s
2026-03-23 13:21:18,200 [INFO]   S2 Ep 155/200  loss=2.5584 acc=53.0%  val=76.4%  lr=5.29e-06    22s
2026-03-23 13:21:40,380 [INFO]   S2 Ep 156/200  loss=2.4850 acc=55.4%  val=76.4%  lr=5.06e-06    22s
2026-03-23 13:22:02,418 [INFO]   S2 Ep 157/200  loss=2.5398 acc=54.2%  val=76.6%  lr=4.85e-06    22s
2026-03-23 13:22:02,655 [INFO]   ★ best 76.64%
2026-03-23 13:22:24,903 [INFO]   S2 Ep 158/200  loss=2.5485 acc=54.4%  val=76.5%  lr=4.63e-06    22s
2026-03-23 13:22:47,003 [INFO]   S2 Ep 159/200  loss=2.4795 acc=55.6%  val=76.6%  lr=4.42e-06    22s
2026-03-23 13:23:09,293 [INFO]   S2 Ep 160/200  loss=2.5575 acc=54.0%  val=76.5%  lr=4.22e-06    22s
2026-03-23 13:23:31,144 [INFO]   S2 Ep 161/200  loss=2.5105 acc=55.0%  val=76.7%  lr=4.02e-06    22s
2026-03-23 13:23:31,427 [INFO]   ★ best 76.70%
2026-03-23 13:23:53,696 [INFO]   S2 Ep 162/200  loss=2.4207 acc=57.1%  val=76.5%  lr=3.82e-06    22s
2026-03-23 13:24:16,080 [INFO]   S2 Ep 163/200  loss=2.5021 acc=55.6%  val=76.3%  lr=3.63e-06    22s
2026-03-23 13:24:38,063 [INFO]   S2 Ep 164/200  loss=2.4303 acc=56.8%  val=76.5%  lr=3.44e-06    22s
2026-03-23 13:24:59,916 [INFO]   S2 Ep 165/200  loss=2.5100 acc=54.9%  val=76.4%  lr=3.26e-06    22s
2026-03-23 13:25:22,096 [INFO]   S2 Ep 166/200  loss=2.4802 acc=55.5%  val=76.6%  lr=3.08e-06    22s
2026-03-23 13:25:43,652 [INFO]   S2 Ep 167/200  loss=2.4815 acc=55.3%  val=76.7%  lr=2.90e-06    22s
2026-03-23 13:25:43,884 [INFO]   ★ best 76.74%
2026-03-23 13:26:06,560 [INFO]   S2 Ep 168/200  loss=2.4538 acc=56.1%  val=76.4%  lr=2.74e-06    23s
2026-03-23 13:26:28,653 [INFO]   S2 Ep 169/200  loss=2.5032 acc=54.9%  val=76.7%  lr=2.57e-06    22s
2026-03-23 13:26:50,789 [INFO]   S2 Ep 170/200  loss=2.4951 acc=55.0%  val=76.6%  lr=2.41e-06    22s
2026-03-23 13:27:12,836 [INFO]   S2 Ep 171/200  loss=2.4394 acc=56.5%  val=76.7%  lr=2.26e-06    22s
2026-03-23 13:27:34,819 [INFO]   S2 Ep 172/200  loss=2.4968 acc=55.7%  val=76.5%  lr=2.11e-06    22s
2026-03-23 13:27:56,875 [INFO]   S2 Ep 173/200  loss=2.5401 acc=54.2%  val=76.5%  lr=1.96e-06    22s
2026-03-23 13:28:19,157 [INFO]   S2 Ep 174/200  loss=2.4578 acc=56.5%  val=76.5%  lr=1.82e-06    22s
2026-03-23 13:28:42,527 [INFO]   S2 Ep 175/200  loss=2.4331 acc=57.4%  val=76.7%  lr=1.69e-06    23s
2026-03-23 13:29:04,575 [INFO]   S2 Ep 176/200  loss=2.4329 acc=57.2%  val=76.7%  lr=1.56e-06    22s
2026-03-23 13:29:26,690 [INFO]   S2 Ep 177/200  loss=2.5724 acc=53.3%  val=76.7%  lr=1.43e-06    22s
2026-03-23 13:29:48,699 [INFO]   S2 Ep 178/200  loss=2.4396 acc=57.3%  val=76.9%  lr=1.31e-06    22s
2026-03-23 13:29:48,912 [INFO]   ★ best 76.91%
2026-03-23 13:30:10,472 [INFO]   S2 Ep 179/200  loss=2.5499 acc=53.1%  val=76.7%  lr=1.19e-06    22s
2026-03-23 13:30:32,351 [INFO]   S2 Ep 180/200  loss=2.5192 acc=54.3%  val=76.8%  lr=1.08e-06    22s
2026-03-23 13:30:54,553 [INFO]   S2 Ep 181/200  loss=2.5354 acc=54.5%  val=76.7%  lr=9.80e-07    22s
2026-03-23 13:31:17,054 [INFO]   S2 Ep 182/200  loss=2.4880 acc=55.4%  val=76.7%  lr=8.80e-07    23s
2026-03-23 13:31:39,839 [INFO]   S2 Ep 183/200  loss=2.4608 acc=56.4%  val=76.7%  lr=7.86e-07    23s
2026-03-23 13:32:01,478 [INFO]   S2 Ep 184/200  loss=2.4916 acc=55.7%  val=76.8%  lr=6.97e-07    22s
2026-03-23 13:32:23,434 [INFO]   S2 Ep 185/200  loss=2.5513 acc=54.4%  val=76.6%  lr=6.13e-07    22s
2026-03-23 13:32:46,067 [INFO]   S2 Ep 186/200  loss=2.5153 acc=54.6%  val=76.5%  lr=5.35e-07    23s
2026-03-23 13:33:07,781 [INFO]   S2 Ep 187/200  loss=2.4850 acc=55.7%  val=76.6%  lr=4.62e-07    22s
2026-03-23 13:33:29,681 [INFO]   S2 Ep 188/200  loss=2.5805 acc=52.9%  val=76.6%  lr=3.94e-07    22s
2026-03-23 13:33:51,649 [INFO]   S2 Ep 189/200  loss=2.4801 acc=55.7%  val=76.7%  lr=3.31e-07    22s
2026-03-23 13:34:13,593 [INFO]   S2 Ep 190/200  loss=2.4568 acc=56.3%  val=76.7%  lr=2.74e-07    22s
2026-03-23 13:34:35,373 [INFO]   S2 Ep 191/200  loss=2.4641 acc=56.9%  val=76.6%  lr=2.22e-07    22s
2026-03-23 13:34:57,396 [INFO]   S2 Ep 192/200  loss=2.5125 acc=54.6%  val=76.7%  lr=1.76e-07    22s
2026-03-23 13:35:19,640 [INFO]   S2 Ep 193/200  loss=2.4564 acc=56.3%  val=76.7%  lr=1.35e-07    22s
2026-03-23 13:35:42,135 [INFO]   S2 Ep 194/200  loss=2.4396 acc=56.9%  val=76.7%  lr=9.98e-08    22s
2026-03-23 13:36:04,278 [INFO]   S2 Ep 195/200  loss=2.5124 acc=55.0%  val=76.7%  lr=6.98e-08    22s
2026-03-23 13:36:26,258 [INFO]   S2 Ep 196/200  loss=2.4177 acc=57.9%  val=76.7%  lr=4.52e-08    22s
2026-03-23 13:36:48,584 [INFO]   S2 Ep 197/200  loss=2.5478 acc=53.8%  val=76.7%  lr=2.61e-08    22s
2026-03-23 13:37:10,720 [INFO]   S2 Ep 198/200  loss=2.4831 acc=55.5%  val=76.7%  lr=1.25e-08    22s
2026-03-23 13:37:33,389 [INFO]   S2 Ep 199/200  loss=2.4914 acc=56.1%  val=76.7%  lr=4.31e-09    23s
2026-03-23 13:37:56,251 [INFO]   S2 Ep 200/200  loss=2.5111 acc=54.8%  val=76.7%  lr=1.60e-09    23s
2026-03-23 13:37:56,254 [INFO] ── Stage 3: SWA (20 ep, lr=4.0e-06) ──
2026-03-23 13:38:18,155 [INFO]   SWA Ep  1/20  loss=2.4799  swa_val=76.7%  22s
2026-03-23 13:38:39,833 [INFO]   SWA Ep  2/20  loss=2.5308  swa_val=76.6%  22s
2026-03-23 13:39:01,938 [INFO]   SWA Ep  3/20  loss=2.4869  swa_val=76.6%  22s
2026-03-23 13:39:23,731 [INFO]   SWA Ep  4/20  loss=2.5107  swa_val=76.7%  22s
2026-03-23 13:39:46,629 [INFO]   SWA Ep  5/20  loss=2.4739  swa_val=76.6%  23s
2026-03-23 13:40:08,349 [INFO]   SWA Ep  6/20  loss=2.4514  swa_val=76.7%  22s
2026-03-23 13:40:30,413 [INFO]   SWA Ep  7/20  loss=2.5038  swa_val=76.8%  22s
2026-03-23 13:40:53,397 [INFO]   SWA Ep  8/20  loss=2.4848  swa_val=76.8%  23s
2026-03-23 13:41:15,686 [INFO]   SWA Ep  9/20  loss=2.4619  swa_val=76.9%  22s
2026-03-23 13:41:38,196 [INFO]   SWA Ep 10/20  loss=2.4584  swa_val=76.8%  23s
2026-03-23 13:42:00,441 [INFO]   SWA Ep 11/20  loss=2.5940  swa_val=76.9%  22s
2026-03-23 13:42:23,195 [INFO]   SWA Ep 12/20  loss=2.4910  swa_val=76.9%  23s
2026-03-23 13:42:44,911 [INFO]   SWA Ep 13/20  loss=2.5049  swa_val=76.9%  22s
2026-03-23 13:43:07,212 [INFO]   SWA Ep 14/20  loss=2.4902  swa_val=76.9%  22s
2026-03-23 13:43:29,431 [INFO]   SWA Ep 15/20  loss=2.5071  swa_val=76.8%  22s
2026-03-23 13:43:51,454 [INFO]   SWA Ep 16/20  loss=2.5745  swa_val=76.9%  22s
2026-03-23 13:44:13,209 [INFO]   SWA Ep 17/20  loss=2.5197  swa_val=76.9%  22s
2026-03-23 13:44:35,350 [INFO]   SWA Ep 18/20  loss=2.4890  swa_val=76.9%  22s
2026-03-23 13:44:57,286 [INFO]   SWA Ep 19/20  loss=2.4160  swa_val=76.9%  22s
2026-03-23 13:45:19,619 [INFO]   SWA Ep 20/20  loss=2.4881  swa_val=76.9%  22s
2026-03-23 13:45:21,855 [INFO]   SWA final: 76.87% (regular best: 76.91%)
2026-03-23 13:45:21,855 [INFO]   Fold 0 best: 76.91%
2026-03-23 13:46:22,274 [INFO] TTA changed 571 / 9828 (5.8%)
2026-03-23 13:46:22,283 [INFO] Done.
