2026-03-21 10:03:47,166 [INFO] GPU: NVIDIA H200
2026-03-21 10:03:47,167 [INFO] Config: {
  "data_dir": "/data/slr/track2_",
  "output_dir": "/data/slr/checkpoints_v46",
  "max_frames": 48,
  "img_size": 448,
  "n_classes": 126,
  "teacher_img_size": 224,
  "teacher_max_frames": 48,
  "channel_means": [
    -64.3217,
    -62.9119,
    -63.9254
  ],
  "channel_stds": [
    12.5721,
    11.662,
    11.7259
  ],
  "n_folds": 5,
  "batch_size": 12,
  "num_workers": 4,
  "stage1_epochs": 5,
  "stage1_lr": 0.0002,
  "stage2_epochs": 100,
  "stage2_lr": 4e-05,
  "swa_epochs": 15,
  "swa_lr": 4e-06,
  "weight_decay": 0.05,
  "warmup_pct": 0.05,
  "label_smoothing": 0.1,
  "early_stopping_patience": 30,
  "grad_clip_norm": 1.0,
  "llrd_decay": 0.75,
  "kd_alpha": 0.5,
  "kd_tau": 4.0,
  "mixup_alpha": 0.4,
  "cutmix_alpha": 1.0,
  "cutmix_prob": 0.5,
  "time_mask_max": 8,
  "range_mask_max": 30,
  "noise_std": 0.1,
  "time_warp_lo": 0.8,
  "time_warp_hi": 1.2,
  "time_reverse_prob": 0.5,
  "channel_shuffle_prob": 0.2,
  "channel_drop_prob": 0.1,
  "random_erase_prob": 0.2,
  "circ_shift_prob": 0.3,
  "circ_shift_max": 8,
  "amp_scale_prob": 0.5,
  "amp_scale_lo": 0.8,
  "amp_scale_hi": 1.2,
  "model_name": "caformer_s18.sail_in22k_ft_in1k",
  "drop_path_rate": 0.15,
  "proj_dim": 384,
  "drop_rate": 0.3,
  "ms_dropout_samples": 5,
  "seed": 42
}
2026-03-21 10:03:47,167 [INFO] ★★★ CAFormer @ 448×448 — ultra-high-res attention ★★★
2026-03-21 10:03:47,244 [INFO] Train: 14742 | Eval: 9828
2026-03-21 10:03:51,829 [INFO] Pre-computing teacher soft labels (at 224×224) …
2026-03-21 10:03:56,911 [INFO]   Loaded 5 teachers
2026-03-21 10:05:48,088 [INFO]   Soft labels: 14742
2026-03-21 10:05:48,088 [INFO] KD α=0.50 τ=4.0 | Teacher: v11 (cross-arch) | Born-again: vit_v9@224
2026-03-21 10:05:48,092 [INFO] ================================================================
2026-03-21 10:05:48,092 [INFO] FOLD 1 / 5
2026-03-21 10:05:48,092 [INFO] ================================================================
2026-03-21 10:05:48,094 [INFO]   Train: 11793 | Val: 2949
2026-03-21 10:05:48,302 [INFO] Loading pretrained weights from Hugging Face hub (timm/caformer_s18.sail_in22k_ft_in1k)
2026-03-21 10:05:53,465 [INFO] HTTP Request: HEAD https://huggingface.co/timm/caformer_s18.sail_in22k_ft_in1k/resolve/main/model.safetensors "HTTP/1.1 302 Found"
2026-03-21 10:05:53,466 [WARNING] Warning: You are sending unauthenticated requests to the HF Hub. Please set a HF_TOKEN to enable higher rate limits and faster downloads.
2026-03-21 10:05:53,467 [INFO] [timm/caformer_s18.sail_in22k_ft_in1k] Safe alternative available for 'pytorch_model.bin' (as 'model.safetensors'). Loading weights using safetensors.
2026-03-21 10:05:53,487 [INFO] Missing keys (head.fc.fc2.weight, head.fc.fc2.bias) discovered while loading pretrained weights. This is expected if model is being adapted.
2026-03-21 10:05:54,192 [INFO]   Born-again ← best_fold0.pt (val 88.74%)
2026-03-21 10:05:54,193 [INFO] ── Stage 1: head warmup (5 ep) ──
2026-03-21 10:07:35,039 [INFO]   S1 Ep 1/5  loss=2.5064 acc=10.3%  val=16.3%  101s
2026-03-21 10:07:35,165 [INFO]   ★ best 16.34%
2026-03-21 10:08:46,428 [INFO]   S1 Ep 2/5  loss=2.3799 acc=12.8%  val=19.9%  71s
2026-03-21 10:08:46,573 [INFO]   ★ best 19.91%
2026-03-21 10:09:58,429 [INFO]   S1 Ep 3/5  loss=2.3166 acc=14.8%  val=24.3%  72s
2026-03-21 10:09:58,575 [INFO]   ★ best 24.35%
2026-03-21 10:11:09,790 [INFO]   S1 Ep 4/5  loss=2.2757 acc=16.5%  val=25.0%  71s
2026-03-21 10:11:09,938 [INFO]   ★ best 24.99%
2026-03-21 10:12:21,001 [INFO]   S1 Ep 5/5  loss=2.2412 acc=17.8%  val=25.6%  71s
2026-03-21 10:12:21,135 [INFO]   ★ best 25.64%
2026-03-21 10:12:21,136 [INFO] ── Stage 2: full fine-tune (100 ep, patience 30) ──
2026-03-21 10:12:21,137 [INFO] LLRD: 12 groups, LR [9.49e-06 … 4.00e-05]
2026-03-21 10:16:06,576 [INFO]   S2 Ep   1/100  loss=2.2262 acc=21.3%  val=57.9%  lr=5.27e-06   225s
2026-03-21 10:16:06,718 [INFO]   ★ best 57.92%
2026-03-21 10:19:39,918 [INFO]   S2 Ep   2/100  loss=1.7723 acc=41.9%  val=77.2%  lr=1.49e-05   213s
2026-03-21 10:19:40,050 [INFO]   ★ best 77.21%
2026-03-21 10:23:12,781 [INFO]   S2 Ep   3/100  loss=1.5222 acc=53.5%  val=79.5%  lr=2.67e-05   213s
2026-03-21 10:23:12,937 [INFO]   ★ best 79.48%
2026-03-21 10:26:45,781 [INFO]   S2 Ep   4/100  loss=1.4235 acc=57.4%  val=80.4%  lr=3.63e-05   213s
2026-03-21 10:26:45,935 [INFO]   ★ best 80.40%
2026-03-21 10:30:19,138 [INFO]   S2 Ep   5/100  loss=1.3839 acc=58.2%  val=82.2%  lr=4.00e-05   213s
2026-03-21 10:30:19,315 [INFO]   ★ best 82.20%
2026-03-21 10:33:52,125 [INFO]   S2 Ep   6/100  loss=1.3531 acc=59.6%  val=83.3%  lr=4.00e-05   213s
2026-03-21 10:33:52,265 [INFO]   ★ best 83.32%
2026-03-21 10:37:25,184 [INFO]   S2 Ep   7/100  loss=1.3308 acc=60.4%  val=83.1%  lr=4.00e-05   213s
2026-03-21 10:40:57,981 [INFO]   S2 Ep   8/100  loss=1.2870 acc=62.6%  val=82.9%  lr=3.99e-05   213s
2026-03-21 10:44:31,442 [INFO]   S2 Ep   9/100  loss=1.2976 acc=62.0%  val=82.8%  lr=3.98e-05   213s
2026-03-21 10:48:04,244 [INFO]   S2 Ep  10/100  loss=1.2681 acc=63.6%  val=82.9%  lr=3.97e-05   213s
2026-03-21 10:51:36,895 [INFO]   S2 Ep  11/100  loss=1.2612 acc=63.6%  val=83.1%  lr=3.96e-05   213s
2026-03-21 10:55:09,711 [INFO]   S2 Ep  12/100  loss=1.2532 acc=63.9%  val=84.5%  lr=3.95e-05   213s
2026-03-21 10:55:09,844 [INFO]   ★ best 84.47%
2026-03-21 10:58:43,015 [INFO]   S2 Ep  13/100  loss=1.2363 acc=64.6%  val=83.7%  lr=3.93e-05   213s
2026-03-21 11:02:15,805 [INFO]   S2 Ep  14/100  loss=1.2510 acc=64.0%  val=83.9%  lr=3.91e-05   213s
2026-03-21 11:05:48,719 [INFO]   S2 Ep  15/100  loss=1.1857 acc=66.9%  val=83.3%  lr=3.89e-05   213s
2026-03-21 11:09:21,801 [INFO]   S2 Ep  16/100  loss=1.2318 acc=64.9%  val=84.3%  lr=3.87e-05   213s
2026-03-21 11:12:54,598 [INFO]   S2 Ep  17/100  loss=1.2280 acc=64.7%  val=84.7%  lr=3.84e-05   213s
2026-03-21 11:12:54,740 [INFO]   ★ best 84.67%
2026-03-21 11:16:27,263 [INFO]   S2 Ep  18/100  loss=1.2213 acc=65.2%  val=84.3%  lr=3.82e-05   213s
2026-03-21 11:19:59,622 [INFO]   S2 Ep  19/100  loss=1.1797 acc=66.9%  val=84.1%  lr=3.79e-05   212s
2026-03-21 11:23:32,688 [INFO]   S2 Ep  20/100  loss=1.1992 acc=66.0%  val=84.6%  lr=3.76e-05   213s
2026-03-21 11:27:05,303 [INFO]   S2 Ep  21/100  loss=1.1767 acc=67.4%  val=84.5%  lr=3.73e-05   213s
2026-03-21 11:30:38,052 [INFO]   S2 Ep  22/100  loss=1.2094 acc=65.8%  val=84.8%  lr=3.69e-05   213s
2026-03-21 11:30:38,223 [INFO]   ★ best 84.81%
2026-03-21 11:34:11,575 [INFO]   S2 Ep  23/100  loss=1.1886 acc=66.6%  val=84.6%  lr=3.66e-05   213s
2026-03-21 11:37:43,957 [INFO]   S2 Ep  24/100  loss=1.1616 acc=67.9%  val=84.4%  lr=3.62e-05   212s
2026-03-21 11:41:16,436 [INFO]   S2 Ep  25/100  loss=1.1793 acc=67.3%  val=84.1%  lr=3.58e-05   212s
2026-03-21 11:44:49,063 [INFO]   S2 Ep  26/100  loss=1.1457 acc=68.2%  val=85.2%  lr=3.54e-05   213s
2026-03-21 11:44:49,213 [INFO]   ★ best 85.22%
2026-03-21 11:48:22,556 [INFO]   S2 Ep  27/100  loss=1.1447 acc=68.7%  val=84.5%  lr=3.49e-05   213s
2026-03-21 11:51:55,347 [INFO]   S2 Ep  28/100  loss=1.1428 acc=68.8%  val=85.0%  lr=3.45e-05   213s
2026-03-21 11:55:28,039 [INFO]   S2 Ep  29/100  loss=1.1359 acc=69.1%  val=85.8%  lr=3.40e-05   213s
2026-03-21 11:55:28,172 [INFO]   ★ best 85.83%
2026-03-21 11:59:01,597 [INFO]   S2 Ep  30/100  loss=1.1693 acc=67.3%  val=85.6%  lr=3.35e-05   213s
2026-03-21 12:02:34,380 [INFO]   S2 Ep  31/100  loss=1.1475 acc=68.8%  val=84.7%  lr=3.31e-05   213s
2026-03-21 12:06:07,253 [INFO]   S2 Ep  32/100  loss=1.1303 acc=69.4%  val=85.2%  lr=3.25e-05   213s
2026-03-21 12:09:39,857 [INFO]   S2 Ep  33/100  loss=1.1348 acc=69.2%  val=84.9%  lr=3.20e-05   213s
2026-03-21 12:13:12,977 [INFO]   S2 Ep  34/100  loss=1.1277 acc=69.3%  val=85.3%  lr=3.15e-05   213s
2026-03-21 12:16:45,561 [INFO]   S2 Ep  35/100  loss=1.1069 acc=70.0%  val=85.8%  lr=3.09e-05   213s
2026-03-21 12:20:18,247 [INFO]   S2 Ep  36/100  loss=1.1245 acc=69.7%  val=85.5%  lr=3.04e-05   213s
2026-03-21 12:23:50,887 [INFO]   S2 Ep  37/100  loss=1.1068 acc=70.3%  val=86.3%  lr=2.98e-05   213s
2026-03-21 12:23:51,059 [INFO]   ★ best 86.27%
2026-03-21 12:27:24,257 [INFO]   S2 Ep  38/100  loss=1.1215 acc=69.7%  val=85.1%  lr=2.92e-05   213s
2026-03-21 12:30:56,733 [INFO]   S2 Ep  39/100  loss=1.0962 acc=70.8%  val=85.8%  lr=2.86e-05   212s
2026-03-21 12:34:29,188 [INFO]   S2 Ep  40/100  loss=1.1015 acc=70.4%  val=84.9%  lr=2.80e-05   212s
2026-03-21 12:38:02,632 [INFO]   S2 Ep  41/100  loss=1.0844 acc=71.0%  val=84.9%  lr=2.74e-05   213s
2026-03-21 12:41:35,582 [INFO]   S2 Ep  42/100  loss=1.0741 acc=71.6%  val=86.0%  lr=2.68e-05   213s
2026-03-21 12:45:08,279 [INFO]   S2 Ep  43/100  loss=1.1084 acc=70.3%  val=85.7%  lr=2.62e-05   213s
2026-03-21 12:48:41,232 [INFO]   S2 Ep  44/100  loss=1.0782 acc=71.3%  val=85.6%  lr=2.55e-05   213s
2026-03-21 12:52:14,081 [INFO]   S2 Ep  45/100  loss=1.0809 acc=71.0%  val=86.3%  lr=2.49e-05   213s
2026-03-21 12:55:46,792 [INFO]   S2 Ep  46/100  loss=1.0822 acc=71.4%  val=86.8%  lr=2.43e-05   213s
2026-03-21 12:55:46,951 [INFO]   ★ best 86.81%
2026-03-21 12:59:19,576 [INFO]   S2 Ep  47/100  loss=1.0934 acc=70.4%  val=86.1%  lr=2.36e-05   213s
2026-03-21 13:02:53,200 [INFO]   S2 Ep  48/100  loss=1.0504 acc=72.8%  val=86.4%  lr=2.30e-05   214s
2026-03-21 13:06:26,093 [INFO]   S2 Ep  49/100  loss=1.0559 acc=72.1%  val=86.7%  lr=2.23e-05   213s
2026-03-21 13:09:58,945 [INFO]   S2 Ep  50/100  loss=1.0527 acc=72.3%  val=85.8%  lr=2.17e-05   213s
2026-03-21 13:13:31,959 [INFO]   S2 Ep  51/100  loss=1.0577 acc=72.1%  val=86.7%  lr=2.10e-05   213s
2026-03-21 13:17:05,543 [INFO]   S2 Ep  52/100  loss=1.0349 acc=73.5%  val=86.5%  lr=2.03e-05   214s
2026-03-21 13:20:38,629 [INFO]   S2 Ep  53/100  loss=1.0627 acc=71.9%  val=86.9%  lr=1.97e-05   213s
2026-03-21 13:20:38,772 [INFO]   ★ best 86.88%
2026-03-21 13:24:11,811 [INFO]   S2 Ep  54/100  loss=1.0461 acc=72.7%  val=86.0%  lr=1.90e-05   213s
2026-03-21 13:27:45,394 [INFO]   S2 Ep  55/100  loss=1.0831 acc=71.3%  val=86.2%  lr=1.83e-05   214s
2026-03-21 13:31:18,885 [INFO]   S2 Ep  56/100  loss=1.0544 acc=72.0%  val=87.4%  lr=1.77e-05   213s
2026-03-21 13:31:19,029 [INFO]   ★ best 87.39%
2026-03-21 13:34:51,971 [INFO]   S2 Ep  57/100  loss=1.0556 acc=71.8%  val=87.5%  lr=1.70e-05   213s
2026-03-21 13:34:52,137 [INFO]   ★ best 87.49%
2026-03-21 13:38:25,153 [INFO]   S2 Ep  58/100  loss=1.0238 acc=73.3%  val=87.0%  lr=1.64e-05   213s
2026-03-21 13:41:58,573 [INFO]   S2 Ep  59/100  loss=1.0339 acc=73.0%  val=86.9%  lr=1.57e-05   213s
2026-03-21 13:45:16,524 [INFO]   S2 Ep  60/100  loss=1.0283 acc=73.2%  val=86.8%  lr=1.51e-05   198s
2026-03-21 13:48:48,953 [INFO]   S2 Ep  61/100  loss=1.0361 acc=72.6%  val=87.0%  lr=1.45e-05   212s
2026-03-21 13:52:21,974 [INFO]   S2 Ep  62/100  loss=1.0477 acc=72.5%  val=86.9%  lr=1.38e-05   213s
2026-03-21 13:55:54,938 [INFO]   S2 Ep  63/100  loss=1.0272 acc=73.1%  val=87.0%  lr=1.32e-05   213s
2026-03-21 13:59:28,554 [INFO]   S2 Ep  64/100  loss=1.0260 acc=73.3%  val=87.4%  lr=1.26e-05   214s
2026-03-21 14:03:01,524 [INFO]   S2 Ep  65/100  loss=1.0218 acc=73.3%  val=87.3%  lr=1.20e-05   213s
2026-03-21 14:06:34,277 [INFO]   S2 Ep  66/100  loss=1.0117 acc=74.1%  val=87.6%  lr=1.14e-05   213s
2026-03-21 14:06:34,424 [INFO]   ★ best 87.59%
2026-03-21 14:10:07,811 [INFO]   S2 Ep  67/100  loss=1.0260 acc=73.4%  val=87.5%  lr=1.08e-05   213s
2026-03-21 14:13:40,520 [INFO]   S2 Ep  68/100  loss=1.0442 acc=72.5%  val=87.7%  lr=1.02e-05   213s
2026-03-21 14:13:40,693 [INFO]   ★ best 87.66%
2026-03-21 14:17:13,533 [INFO]   S2 Ep  69/100  loss=1.0008 acc=74.7%  val=87.6%  lr=9.62e-06   213s
2026-03-21 14:20:46,484 [INFO]   S2 Ep  70/100  loss=1.0169 acc=73.7%  val=87.1%  lr=9.06e-06   213s
2026-03-21 14:24:20,035 [INFO]   S2 Ep  71/100  loss=1.0106 acc=73.8%  val=87.9%  lr=8.51e-06   214s
2026-03-21 14:24:20,181 [INFO]   ★ best 87.93%
2026-03-21 14:27:53,222 [INFO]   S2 Ep  72/100  loss=1.0107 acc=73.8%  val=87.6%  lr=7.98e-06   213s
2026-03-21 14:31:26,378 [INFO]   S2 Ep  73/100  loss=1.0126 acc=73.6%  val=87.6%  lr=7.46e-06   213s
2026-03-21 14:34:59,843 [INFO]   S2 Ep  74/100  loss=1.0057 acc=74.4%  val=87.7%  lr=6.95e-06   213s
2026-03-21 14:38:32,935 [INFO]   S2 Ep  75/100  loss=1.0067 acc=73.8%  val=87.8%  lr=6.46e-06   213s
2026-03-21 14:42:05,657 [INFO]   S2 Ep  76/100  loss=1.0042 acc=74.3%  val=87.8%  lr=5.98e-06   213s
2026-03-21 14:45:38,855 [INFO]   S2 Ep  77/100  loss=1.0073 acc=74.0%  val=88.0%  lr=5.51e-06   213s
2026-03-21 14:45:39,019 [INFO]   ★ best 87.96%
2026-03-21 14:49:12,582 [INFO]   S2 Ep  78/100  loss=1.0041 acc=74.1%  val=88.2%  lr=5.06e-06   214s
2026-03-21 14:49:12,729 [INFO]   ★ best 88.23%
2026-03-21 14:52:45,860 [INFO]   S2 Ep  79/100  loss=0.9870 acc=74.6%  val=88.0%  lr=4.63e-06   213s
2026-03-21 14:56:18,729 [INFO]   S2 Ep  80/100  loss=0.9901 acc=74.7%  val=88.7%  lr=4.22e-06   213s
2026-03-21 14:56:18,913 [INFO]   ★ best 88.74%
2026-03-21 14:59:51,970 [INFO]   S2 Ep  81/100  loss=0.9868 acc=74.8%  val=88.2%  lr=3.82e-06   213s
2026-03-21 15:03:25,438 [INFO]   S2 Ep  82/100  loss=0.9765 acc=75.4%  val=88.4%  lr=3.44e-06   213s
2026-03-21 15:06:58,356 [INFO]   S2 Ep  83/100  loss=0.9921 acc=74.3%  val=88.2%  lr=3.08e-06   213s
2026-03-21 15:10:31,263 [INFO]   S2 Ep  84/100  loss=0.9797 acc=74.6%  val=88.2%  lr=2.74e-06   213s
2026-03-21 15:14:04,735 [INFO]   S2 Ep  85/100  loss=0.9911 acc=74.4%  val=88.4%  lr=2.41e-06   213s
2026-03-21 15:17:37,884 [INFO]   S2 Ep  86/100  loss=0.9771 acc=75.3%  val=88.4%  lr=2.11e-06   213s
2026-03-21 15:21:11,026 [INFO]   S2 Ep  87/100  loss=1.0015 acc=74.5%  val=88.5%  lr=1.82e-06   213s
2026-03-21 15:24:43,751 [INFO]   S2 Ep  88/100  loss=0.9844 acc=74.4%  val=88.6%  lr=1.56e-06   213s
2026-03-21 15:28:17,229 [INFO]   S2 Ep  89/100  loss=0.9737 acc=75.2%  val=88.3%  lr=1.31e-06   213s
2026-03-21 15:31:50,014 [INFO]   S2 Ep  90/100  loss=0.9759 acc=75.3%  val=88.2%  lr=1.08e-06   213s
2026-03-21 15:35:22,946 [INFO]   S2 Ep  91/100  loss=0.9758 acc=75.1%  val=88.0%  lr=8.81e-07   213s
2026-03-21 15:38:56,510 [INFO]   S2 Ep  92/100  loss=0.9645 acc=75.8%  val=88.2%  lr=6.97e-07   214s
2026-03-21 15:42:29,239 [INFO]   S2 Ep  93/100  loss=0.9816 acc=74.8%  val=88.3%  lr=5.35e-07   213s
2026-03-21 15:46:01,846 [INFO]   S2 Ep  94/100  loss=0.9848 acc=74.7%  val=88.2%  lr=3.94e-07   213s
2026-03-21 15:49:34,743 [INFO]   S2 Ep  95/100  loss=0.9774 acc=75.0%  val=88.2%  lr=2.74e-07   213s
2026-03-21 15:53:08,122 [INFO]   S2 Ep  96/100  loss=0.9934 acc=74.2%  val=88.2%  lr=1.76e-07   213s
2026-03-21 15:56:41,122 [INFO]   S2 Ep  97/100  loss=1.0037 acc=74.1%  val=88.2%  lr=9.99e-08   213s
2026-03-21 16:00:13,919 [INFO]   S2 Ep  98/100  loss=0.9880 acc=74.8%  val=88.2%  lr=4.53e-08   213s
2026-03-21 16:03:46,884 [INFO]   S2 Ep  99/100  loss=0.9928 acc=74.4%  val=88.2%  lr=1.25e-08   213s
2026-03-21 16:07:19,923 [INFO]   S2 Ep 100/100  loss=0.9736 acc=75.3%  val=88.2%  lr=1.60e-09   213s
2026-03-21 16:07:19,924 [INFO] ── Stage 3: SWA (15 ep, lr=4.0e-06) ──
2026-03-21 16:10:52,579 [INFO]   SWA Ep  1/15  loss=0.9840  swa_val=87.8%  212s
2026-03-21 16:14:24,865 [INFO]   SWA Ep  2/15  loss=0.9856  swa_val=88.1%  212s
2026-03-21 16:17:57,779 [INFO]   SWA Ep  3/15  loss=1.0088  swa_val=88.2%  213s
2026-03-21 16:21:30,061 [INFO]   SWA Ep  4/15  loss=1.0037  swa_val=88.3%  212s
2026-03-21 16:25:02,633 [INFO]   SWA Ep  5/15  loss=0.9967  swa_val=88.4%  213s
2026-03-21 16:28:35,264 [INFO]   SWA Ep  6/15  loss=0.9937  swa_val=88.2%  213s
2026-03-21 16:32:07,903 [INFO]   SWA Ep  7/15  loss=0.9916  swa_val=88.2%  213s
2026-03-21 16:35:40,244 [INFO]   SWA Ep  8/15  loss=0.9980  swa_val=88.4%  212s
2026-03-21 16:39:12,622 [INFO]   SWA Ep  9/15  loss=1.0052  swa_val=88.3%  212s
2026-03-21 16:42:45,640 [INFO]   SWA Ep 10/15  loss=0.9911  swa_val=88.4%  213s
2026-03-21 16:46:18,129 [INFO]   SWA Ep 11/15  loss=0.9817  swa_val=88.3%  212s
2026-03-21 16:49:50,644 [INFO]   SWA Ep 12/15  loss=0.9904  swa_val=88.4%  213s
2026-03-21 16:53:23,366 [INFO]   SWA Ep 13/15  loss=1.0007  swa_val=88.3%  213s
2026-03-21 16:56:56,255 [INFO]   SWA Ep 14/15  loss=0.9935  swa_val=88.2%  213s
2026-03-21 17:00:28,822 [INFO]   SWA Ep 15/15  loss=1.0076  swa_val=88.2%  213s
2026-03-21 17:00:28,822 [INFO]   Updating BN stats for SWA model …
2026-03-21 17:00:41,121 [INFO]   SWA final: 88.20% (regular best: 88.74%)
2026-03-21 17:00:41,121 [INFO]   Fold 1 best: 88.74%
2026-03-21 17:00:42,675 [INFO] ================================================================
2026-03-21 17:00:42,675 [INFO] FOLD 2 / 5
2026-03-21 17:00:42,675 [INFO] ================================================================
2026-03-21 17:00:42,677 [INFO]   Train: 11793 | Val: 2949
2026-03-21 17:00:42,906 [INFO] Loading pretrained weights from Hugging Face hub (timm/caformer_s18.sail_in22k_ft_in1k)
2026-03-21 17:00:43,047 [INFO] HTTP Request: HEAD https://huggingface.co/timm/caformer_s18.sail_in22k_ft_in1k/resolve/main/model.safetensors "HTTP/1.1 302 Found"
2026-03-21 17:00:43,048 [INFO] [timm/caformer_s18.sail_in22k_ft_in1k] Safe alternative available for 'pytorch_model.bin' (as 'model.safetensors'). Loading weights using safetensors.
2026-03-21 17:00:43,067 [INFO] Missing keys (head.fc.fc2.weight, head.fc.fc2.bias) discovered while loading pretrained weights. This is expected if model is being adapted.
2026-03-21 17:00:43,743 [INFO]   Born-again ← best_fold1.pt (val 89.15%)
2026-03-21 17:00:43,744 [INFO] ── Stage 1: head warmup (5 ep) ──
2026-03-21 17:01:58,414 [INFO]   S1 Ep 1/5  loss=2.5321 acc=9.4%  val=15.2%  75s
2026-03-21 17:01:58,521 [INFO]   ★ best 15.19%
2026-03-21 17:03:10,169 [INFO]   S1 Ep 2/5  loss=2.4020 acc=12.0%  val=17.6%  72s
2026-03-21 17:03:10,344 [INFO]   ★ best 17.60%
2026-03-21 17:04:21,412 [INFO]   S1 Ep 3/5  loss=2.3570 acc=13.6%  val=20.5%  71s
2026-03-21 17:04:21,561 [INFO]   ★ best 20.52%
2026-03-21 17:05:32,498 [INFO]   S1 Ep 4/5  loss=2.3143 acc=15.0%  val=20.9%  71s
2026-03-21 17:05:32,644 [INFO]   ★ best 20.92%
2026-03-21 17:06:44,320 [INFO]   S1 Ep 5/5  loss=2.2911 acc=15.6%  val=21.8%  72s
2026-03-21 17:06:44,473 [INFO]   ★ best 21.84%
2026-03-21 17:06:44,473 [INFO] ── Stage 2: full fine-tune (100 ep, patience 30) ──
2026-03-21 17:06:44,476 [INFO] LLRD: 12 groups, LR [9.49e-06 … 4.00e-05]
2026-03-21 17:10:17,621 [INFO]   S2 Ep   1/100  loss=2.2324 acc=21.5%  val=58.3%  lr=5.27e-06   213s
2026-03-21 17:10:17,776 [INFO]   ★ best 58.32%
2026-03-21 17:13:50,410 [INFO]   S2 Ep   2/100  loss=1.7528 acc=43.1%  val=77.5%  lr=1.49e-05   213s
2026-03-21 17:13:50,568 [INFO]   ★ best 77.52%
2026-03-21 17:17:23,983 [INFO]   S2 Ep   3/100  loss=1.4645 acc=55.6%  val=81.1%  lr=2.67e-05   213s
2026-03-21 17:17:24,133 [INFO]   ★ best 81.11%
2026-03-21 17:20:57,025 [INFO]   S2 Ep   4/100  loss=1.3803 acc=58.5%  val=81.3%  lr=3.63e-05   213s
2026-03-21 17:20:57,155 [INFO]   ★ best 81.35%
2026-03-21 17:24:29,891 [INFO]   S2 Ep   5/100  loss=1.3339 acc=60.2%  val=82.2%  lr=4.00e-05   213s
2026-03-21 17:24:30,048 [INFO]   ★ best 82.23%
2026-03-21 17:28:02,949 [INFO]   S2 Ep   6/100  loss=1.3090 acc=61.3%  val=82.6%  lr=4.00e-05   213s
2026-03-21 17:28:03,093 [INFO]   ★ best 82.57%
2026-03-21 17:31:36,473 [INFO]   S2 Ep   7/100  loss=1.2767 acc=63.1%  val=83.1%  lr=4.00e-05   213s
2026-03-21 17:31:36,617 [INFO]   ★ best 83.11%
2026-03-21 17:35:09,486 [INFO]   S2 Ep   8/100  loss=1.2596 acc=63.2%  val=83.5%  lr=3.99e-05   213s
2026-03-21 17:35:09,642 [INFO]   ★ best 83.45%
2026-03-21 17:38:42,531 [INFO]   S2 Ep   9/100  loss=1.2412 acc=64.0%  val=84.0%  lr=3.98e-05   213s
2026-03-21 17:38:42,675 [INFO]   ★ best 83.96%
2026-03-21 17:42:15,813 [INFO]   S2 Ep  10/100  loss=1.2400 acc=64.4%  val=82.8%  lr=3.97e-05   213s
2026-03-21 17:45:27,615 [INFO]   S2 Ep  11/100  loss=1.2268 acc=64.9%  val=82.4%  lr=3.96e-05   192s
2026-03-21 17:48:59,703 [INFO]   S2 Ep  12/100  loss=1.2037 acc=65.8%  val=84.3%  lr=3.95e-05   212s
2026-03-21 17:48:59,852 [INFO]   ★ best 84.30%
2026-03-21 17:52:32,826 [INFO]   S2 Ep  13/100  loss=1.2014 acc=66.1%  val=83.5%  lr=3.93e-05   213s
2026-03-21 17:56:05,852 [INFO]   S2 Ep  14/100  loss=1.1767 acc=66.9%  val=82.9%  lr=3.91e-05   213s
2026-03-21 17:59:39,092 [INFO]   S2 Ep  15/100  loss=1.1823 acc=66.8%  val=83.5%  lr=3.89e-05   213s
2026-03-21 18:03:11,923 [INFO]   S2 Ep  16/100  loss=1.1855 acc=66.6%  val=83.2%  lr=3.87e-05   213s
2026-03-21 18:06:44,691 [INFO]   S2 Ep  17/100  loss=1.1773 acc=67.4%  val=83.8%  lr=3.84e-05   213s
2026-03-21 18:10:18,128 [INFO]   S2 Ep  18/100  loss=1.1740 acc=67.2%  val=83.9%  lr=3.82e-05   213s
2026-03-21 18:13:50,984 [INFO]   S2 Ep  19/100  loss=1.1605 acc=67.3%  val=84.3%  lr=3.79e-05   213s
2026-03-21 18:13:51,141 [INFO]   ★ best 84.33%
2026-03-21 18:17:23,918 [INFO]   S2 Ep  20/100  loss=1.1333 acc=68.9%  val=83.6%  lr=3.76e-05   213s
2026-03-21 18:20:56,324 [INFO]   S2 Ep  21/100  loss=1.1632 acc=67.6%  val=84.5%  lr=3.73e-05   212s
2026-03-21 18:20:56,494 [INFO]   ★ best 84.47%
2026-03-21 18:24:29,848 [INFO]   S2 Ep  22/100  loss=1.1419 acc=68.5%  val=84.3%  lr=3.69e-05   213s
2026-03-21 18:28:02,448 [INFO]   S2 Ep  23/100  loss=1.1306 acc=69.0%  val=84.3%  lr=3.66e-05   213s
2026-03-21 18:31:35,246 [INFO]   S2 Ep  24/100  loss=1.1659 acc=67.2%  val=83.2%  lr=3.62e-05   213s
2026-03-21 18:35:08,555 [INFO]   S2 Ep  25/100  loss=1.1328 acc=68.8%  val=84.1%  lr=3.58e-05   213s
2026-03-21 18:38:41,322 [INFO]   S2 Ep  26/100  loss=1.1334 acc=68.7%  val=85.4%  lr=3.54e-05   213s
2026-03-21 18:38:41,481 [INFO]   ★ best 85.38%
2026-03-21 18:42:14,225 [INFO]   S2 Ep  27/100  loss=1.1134 acc=69.6%  val=84.6%  lr=3.49e-05   213s
2026-03-21 18:45:47,322 [INFO]   S2 Ep  28/100  loss=1.1274 acc=69.0%  val=85.3%  lr=3.45e-05   213s
2026-03-21 18:49:20,533 [INFO]   S2 Ep  29/100  loss=1.0864 acc=71.2%  val=85.2%  lr=3.40e-05   213s
2026-03-21 18:52:53,163 [INFO]   S2 Ep  30/100  loss=1.0987 acc=70.4%  val=85.2%  lr=3.35e-05   213s
2026-03-21 18:56:25,871 [INFO]   S2 Ep  31/100  loss=1.1152 acc=69.7%  val=85.1%  lr=3.31e-05   213s
2026-03-21 18:59:59,335 [INFO]   S2 Ep  32/100  loss=1.1137 acc=69.8%  val=84.9%  lr=3.25e-05   213s
2026-03-21 19:03:32,145 [INFO]   S2 Ep  33/100  loss=1.1279 acc=69.2%  val=84.2%  lr=3.20e-05   213s
2026-03-21 19:07:05,262 [INFO]   S2 Ep  34/100  loss=1.0894 acc=70.8%  val=85.9%  lr=3.15e-05   213s
2026-03-21 19:07:05,419 [INFO]   ★ best 85.93%
2026-03-21 19:10:37,929 [INFO]   S2 Ep  35/100  loss=1.0816 acc=71.5%  val=85.8%  lr=3.09e-05   213s
2026-03-21 19:14:11,071 [INFO]   S2 Ep  36/100  loss=1.0915 acc=70.6%  val=85.4%  lr=3.04e-05   213s
2026-03-21 19:17:43,773 [INFO]   S2 Ep  37/100  loss=1.0990 acc=70.3%  val=85.5%  lr=2.98e-05   213s
2026-03-21 19:21:16,486 [INFO]   S2 Ep  38/100  loss=1.0809 acc=71.3%  val=84.8%  lr=2.92e-05   213s
2026-03-21 19:24:49,374 [INFO]   S2 Ep  39/100  loss=1.0844 acc=70.8%  val=85.4%  lr=2.86e-05   213s
2026-03-21 19:28:22,163 [INFO]   S2 Ep  40/100  loss=1.0540 acc=72.2%  val=85.5%  lr=2.80e-05   213s
2026-03-21 19:31:54,574 [INFO]   S2 Ep  41/100  loss=1.0611 acc=72.0%  val=86.1%  lr=2.74e-05   212s
2026-03-21 19:31:54,718 [INFO]   ★ best 86.06%
2026-03-21 19:35:27,142 [INFO]   S2 Ep  42/100  loss=1.0596 acc=71.9%  val=85.5%  lr=2.68e-05   212s
2026-03-21 19:38:59,997 [INFO]   S2 Ep  43/100  loss=1.0665 acc=71.3%  val=85.7%  lr=2.62e-05   213s
2026-03-21 19:42:32,524 [INFO]   S2 Ep  44/100  loss=1.0598 acc=71.9%  val=85.5%  lr=2.55e-05   213s
2026-03-21 19:46:04,934 [INFO]   S2 Ep  45/100  loss=1.0681 acc=71.7%  val=85.9%  lr=2.49e-05   212s
2026-03-21 19:49:37,790 [INFO]   S2 Ep  46/100  loss=1.0490 acc=72.4%  val=86.0%  lr=2.43e-05   213s
2026-03-21 19:53:10,380 [INFO]   S2 Ep  47/100  loss=1.0355 acc=73.2%  val=86.7%  lr=2.36e-05   213s
2026-03-21 19:53:10,524 [INFO]   ★ best 86.71%
2026-03-21 19:56:43,246 [INFO]   S2 Ep  48/100  loss=1.0370 acc=72.7%  val=86.4%  lr=2.30e-05   213s
2026-03-21 20:00:15,827 [INFO]   S2 Ep  49/100  loss=1.0266 acc=73.5%  val=86.7%  lr=2.23e-05   213s
2026-03-21 20:03:49,190 [INFO]   S2 Ep  50/100  loss=1.0394 acc=72.5%  val=86.7%  lr=2.17e-05   213s
2026-03-21 20:03:49,337 [INFO]   ★ best 86.74%
2026-03-21 20:07:21,793 [INFO]   S2 Ep  51/100  loss=1.0326 acc=73.2%  val=86.0%  lr=2.10e-05   212s
2026-03-21 20:10:54,383 [INFO]   S2 Ep  52/100  loss=1.0463 acc=71.9%  val=86.1%  lr=2.03e-05   213s
2026-03-21 20:14:27,064 [INFO]   S2 Ep  53/100  loss=1.0133 acc=73.8%  val=86.7%  lr=1.97e-05   213s
2026-03-21 20:17:59,763 [INFO]   S2 Ep  54/100  loss=1.0434 acc=72.4%  val=86.1%  lr=1.90e-05   213s
2026-03-21 20:21:32,486 [INFO]   S2 Ep  55/100  loss=1.0290 acc=73.1%  val=87.0%  lr=1.83e-05   213s
2026-03-21 20:21:32,623 [INFO]   ★ best 87.01%
2026-03-21 20:25:05,153 [INFO]   S2 Ep  56/100  loss=1.0176 acc=73.3%  val=87.2%  lr=1.77e-05   213s
2026-03-21 20:25:05,308 [INFO]   ★ best 87.18%
2026-03-21 20:28:38,335 [INFO]   S2 Ep  57/100  loss=1.0330 acc=72.8%  val=86.7%  lr=1.70e-05   213s
2026-03-21 20:32:10,913 [INFO]   S2 Ep  58/100  loss=1.0263 acc=73.3%  val=87.1%  lr=1.64e-05   213s
2026-03-21 20:35:43,428 [INFO]   S2 Ep  59/100  loss=0.9998 acc=74.4%  val=86.9%  lr=1.57e-05   213s
2026-03-21 20:39:16,299 [INFO]   S2 Ep  60/100  loss=1.0280 acc=72.8%  val=87.5%  lr=1.51e-05   213s
2026-03-21 20:39:16,460 [INFO]   ★ best 87.45%
2026-03-21 20:42:49,371 [INFO]   S2 Ep  61/100  loss=0.9887 acc=74.5%  val=87.8%  lr=1.45e-05   213s
2026-03-21 20:42:49,516 [INFO]   ★ best 87.79%
2026-03-21 20:46:22,336 [INFO]   S2 Ep  62/100  loss=0.9862 acc=74.7%  val=87.5%  lr=1.38e-05   213s
2026-03-21 20:49:55,105 [INFO]   S2 Ep  63/100  loss=0.9815 acc=75.1%  val=87.5%  lr=1.32e-05   213s
2026-03-21 20:53:28,163 [INFO]   S2 Ep  64/100  loss=0.9959 acc=74.2%  val=87.8%  lr=1.26e-05   213s
2026-03-21 20:53:28,298 [INFO]   ★ best 87.83%
2026-03-21 20:57:00,880 [INFO]   S2 Ep  65/100  loss=0.9985 acc=74.2%  val=87.6%  lr=1.20e-05   213s
2026-03-21 21:00:33,421 [INFO]   S2 Ep  66/100  loss=0.9982 acc=74.2%  val=88.3%  lr=1.14e-05   213s
2026-03-21 21:00:33,570 [INFO]   ★ best 88.27%
2026-03-21 21:04:06,387 [INFO]   S2 Ep  67/100  loss=0.9682 acc=75.2%  val=87.3%  lr=1.08e-05   213s
2026-03-21 21:07:39,576 [INFO]   S2 Ep  68/100  loss=0.9584 acc=76.1%  val=87.3%  lr=1.02e-05   213s
2026-03-21 21:11:12,352 [INFO]   S2 Ep  69/100  loss=0.9876 acc=74.8%  val=87.6%  lr=9.62e-06   213s
2026-03-21 21:14:44,948 [INFO]   S2 Ep  70/100  loss=0.9745 acc=75.0%  val=87.4%  lr=9.06e-06   213s
2026-03-21 21:18:18,363 [INFO]   S2 Ep  71/100  loss=0.9871 acc=74.4%  val=88.1%  lr=8.51e-06   213s
2026-03-21 21:21:51,023 [INFO]   S2 Ep  72/100  loss=0.9830 acc=75.0%  val=87.7%  lr=7.98e-06   213s
2026-03-21 21:25:23,715 [INFO]   S2 Ep  73/100  loss=0.9950 acc=74.2%  val=87.8%  lr=7.46e-06   213s
2026-03-21 21:28:56,523 [INFO]   S2 Ep  74/100  loss=0.9840 acc=74.7%  val=88.0%  lr=6.95e-06   213s
2026-03-21 21:32:29,901 [INFO]   S2 Ep  75/100  loss=0.9954 acc=73.8%  val=87.4%  lr=6.46e-06   213s
2026-03-21 21:36:02,648 [INFO]   S2 Ep  76/100  loss=0.9711 acc=74.8%  val=87.8%  lr=5.98e-06   213s
2026-03-21 21:39:35,466 [INFO]   S2 Ep  77/100  loss=0.9705 acc=75.3%  val=87.7%  lr=5.51e-06   213s
2026-03-21 21:43:08,402 [INFO]   S2 Ep  78/100  loss=0.9651 acc=75.5%  val=88.2%  lr=5.06e-06   213s
2026-03-21 21:46:26,218 [INFO]   S2 Ep  79/100  loss=0.9650 acc=75.5%  val=87.6%  lr=4.63e-06   198s
2026-03-21 21:49:58,881 [INFO]   S2 Ep  80/100  loss=0.9732 acc=75.1%  val=88.1%  lr=4.22e-06   213s
2026-03-21 21:53:31,700 [INFO]   S2 Ep  81/100  loss=0.9978 acc=73.7%  val=88.2%  lr=3.82e-06   213s
2026-03-21 21:57:04,614 [INFO]   S2 Ep  82/100  loss=0.9772 acc=74.7%  val=87.7%  lr=3.44e-06   213s
2026-03-21 22:00:37,747 [INFO]   S2 Ep  83/100  loss=0.9536 acc=75.8%  val=88.2%  lr=3.08e-06   213s
2026-03-21 22:04:10,367 [INFO]   S2 Ep  84/100  loss=0.9435 acc=76.2%  val=88.1%  lr=2.74e-06   213s
2026-03-21 22:07:43,065 [INFO]   S2 Ep  85/100  loss=0.9779 acc=74.9%  val=87.9%  lr=2.41e-06   213s
2026-03-21 22:11:15,853 [INFO]   S2 Ep  86/100  loss=0.9532 acc=75.8%  val=88.0%  lr=2.11e-06   213s
2026-03-21 22:14:48,753 [INFO]   S2 Ep  87/100  loss=0.9957 acc=74.0%  val=88.0%  lr=1.82e-06   213s
2026-03-21 22:18:21,631 [INFO]   S2 Ep  88/100  loss=0.9641 acc=75.3%  val=87.9%  lr=1.56e-06   213s
2026-03-21 22:21:54,418 [INFO]   S2 Ep  89/100  loss=0.9700 acc=74.5%  val=88.1%  lr=1.31e-06   213s
2026-03-21 22:25:27,654 [INFO]   S2 Ep  90/100  loss=0.9565 acc=75.8%  val=88.0%  lr=1.08e-06   213s
2026-03-21 22:29:00,269 [INFO]   S2 Ep  91/100  loss=0.9259 acc=77.0%  val=87.9%  lr=8.81e-07   213s
2026-03-21 22:32:33,073 [INFO]   S2 Ep  92/100  loss=0.9760 acc=74.6%  val=88.0%  lr=6.97e-07   213s
2026-03-21 22:36:06,216 [INFO]   S2 Ep  93/100  loss=0.9796 acc=74.4%  val=88.2%  lr=5.35e-07   213s
2026-03-21 22:39:39,234 [INFO]   S2 Ep  94/100  loss=0.9645 acc=75.0%  val=88.1%  lr=3.94e-07   213s
2026-03-21 22:43:11,388 [INFO]   S2 Ep  95/100  loss=0.9519 acc=76.0%  val=88.2%  lr=2.74e-07   212s
2026-03-21 22:46:44,043 [INFO]   S2 Ep  96/100  loss=0.9704 acc=75.2%  val=88.2%  lr=1.76e-07   213s
2026-03-21 22:46:44,044 [INFO]   Early stop at ep 96
2026-03-21 22:46:44,045 [INFO] ── Stage 3: SWA (15 ep, lr=4.0e-06) ──
2026-03-21 22:50:17,026 [INFO]   SWA Ep  1/15  loss=0.9917  swa_val=87.4%  213s
2026-03-21 22:53:49,008 [INFO]   SWA Ep  2/15  loss=0.9841  swa_val=87.8%  212s
2026-03-21 22:57:21,351 [INFO]   SWA Ep  3/15  loss=0.9842  swa_val=88.0%  212s
2026-03-21 23:00:53,960 [INFO]   SWA Ep  4/15  loss=1.0092  swa_val=87.9%  213s
2026-03-21 23:04:26,167 [INFO]   SWA Ep  5/15  loss=0.9826  swa_val=87.8%  212s
2026-03-21 23:07:58,148 [INFO]   SWA Ep  6/15  loss=0.9660  swa_val=87.9%  212s
2026-03-21 23:11:30,350 [INFO]   SWA Ep  7/15  loss=0.9897  swa_val=88.0%  212s
2026-03-21 23:15:03,217 [INFO]   SWA Ep  8/15  loss=0.9743  swa_val=88.0%  213s
2026-03-21 23:18:35,456 [INFO]   SWA Ep  9/15  loss=1.0063  swa_val=87.9%  212s
2026-03-21 23:22:07,650 [INFO]   SWA Ep 10/15  loss=0.9879  swa_val=88.0%  212s
2026-03-21 23:25:40,007 [INFO]   SWA Ep 11/15  loss=0.9758  swa_val=88.1%  212s
2026-03-21 23:29:12,485 [INFO]   SWA Ep 12/15  loss=0.9856  swa_val=88.1%  212s
2026-03-21 23:32:44,697 [INFO]   SWA Ep 13/15  loss=0.9652  swa_val=88.2%  212s
2026-03-21 23:36:16,531 [INFO]   SWA Ep 14/15  loss=0.9906  swa_val=88.0%  212s
2026-03-21 23:39:49,856 [INFO]   SWA Ep 15/15  loss=0.9484  swa_val=88.0%  213s
2026-03-21 23:39:49,857 [INFO]   Updating BN stats for SWA model …
2026-03-21 23:40:02,184 [INFO]   SWA final: 88.03% (regular best: 88.27%)
2026-03-21 23:40:02,184 [INFO]   Fold 2 best: 88.27%
2026-03-21 23:40:03,843 [INFO] ================================================================
2026-03-21 23:40:03,843 [INFO] FOLD 3 / 5
2026-03-21 23:40:03,843 [INFO] ================================================================
2026-03-21 23:40:03,845 [INFO]   Train: 11794 | Val: 2948
2026-03-21 23:40:04,079 [INFO] Loading pretrained weights from Hugging Face hub (timm/caformer_s18.sail_in22k_ft_in1k)
2026-03-21 23:40:04,405 [INFO] HTTP Request: HEAD https://huggingface.co/timm/caformer_s18.sail_in22k_ft_in1k/resolve/main/model.safetensors "HTTP/1.1 302 Found"
2026-03-21 23:40:04,407 [INFO] [timm/caformer_s18.sail_in22k_ft_in1k] Safe alternative available for 'pytorch_model.bin' (as 'model.safetensors'). Loading weights using safetensors.
2026-03-21 23:40:04,423 [INFO] Missing keys (head.fc.fc2.weight, head.fc.fc2.bias) discovered while loading pretrained weights. This is expected if model is being adapted.
2026-03-21 23:40:04,950 [INFO]   Born-again ← best_fold2.pt (val 90.50%)
2026-03-21 23:40:04,951 [INFO] ── Stage 1: head warmup (5 ep) ──
2026-03-21 23:41:28,627 [INFO]   S1 Ep 1/5  loss=2.5428 acc=9.1%  val=15.1%  84s
2026-03-21 23:41:28,748 [INFO]   ★ best 15.06%
2026-03-21 23:42:39,471 [INFO]   S1 Ep 2/5  loss=2.4233 acc=11.2%  val=18.7%  71s
2026-03-21 23:42:39,601 [INFO]   ★ best 18.69%
2026-03-21 23:43:50,557 [INFO]   S1 Ep 3/5  loss=2.3650 acc=12.9%  val=20.9%  71s
2026-03-21 23:43:50,699 [INFO]   ★ best 20.90%
2026-03-21 23:45:02,368 [INFO]   S1 Ep 4/5  loss=2.3295 acc=14.3%  val=23.0%  72s
2026-03-21 23:45:02,519 [INFO]   ★ best 22.96%
2026-03-21 23:46:13,421 [INFO]   S1 Ep 5/5  loss=2.3007 acc=15.4%  val=23.4%  71s
2026-03-21 23:46:13,558 [INFO]   ★ best 23.44%
2026-03-21 23:46:13,558 [INFO] ── Stage 2: full fine-tune (100 ep, patience 30) ──
2026-03-21 23:46:13,560 [INFO] LLRD: 12 groups, LR [9.49e-06 … 4.00e-05]
2026-03-21 23:49:46,375 [INFO]   S2 Ep   1/100  loss=2.2459 acc=20.7%  val=62.4%  lr=5.27e-06   213s
2026-03-21 23:49:46,529 [INFO]   ★ best 62.45%
2026-03-21 23:53:19,408 [INFO]   S2 Ep   2/100  loss=1.7303 acc=44.4%  val=79.0%  lr=1.49e-05   213s
2026-03-21 23:53:19,576 [INFO]   ★ best 78.97%
2026-03-21 23:56:52,153 [INFO]   S2 Ep   3/100  loss=1.4605 acc=56.2%  val=83.1%  lr=2.67e-05   213s
2026-03-21 23:56:52,317 [INFO]   ★ best 83.14%
2026-03-22 00:00:25,309 [INFO]   S2 Ep   4/100  loss=1.3729 acc=59.1%  val=84.0%  lr=3.63e-05   213s
2026-03-22 00:00:25,440 [INFO]   ★ best 83.99%
2026-03-22 00:03:58,518 [INFO]   S2 Ep   5/100  loss=1.3260 acc=61.0%  val=84.0%  lr=4.00e-05   213s
2026-03-22 00:07:30,943 [INFO]   S2 Ep   6/100  loss=1.3150 acc=61.1%  val=84.5%  lr=4.00e-05   212s
2026-03-22 00:07:31,093 [INFO]   ★ best 84.53%
2026-03-22 00:11:03,804 [INFO]   S2 Ep   7/100  loss=1.2998 acc=61.6%  val=84.7%  lr=4.00e-05   213s
2026-03-22 00:11:03,962 [INFO]   ★ best 84.67%
2026-03-22 00:14:36,811 [INFO]   S2 Ep   8/100  loss=1.2619 acc=63.3%  val=85.8%  lr=3.99e-05   213s
2026-03-22 00:14:36,935 [INFO]   ★ best 85.79%
2026-03-22 00:18:09,979 [INFO]   S2 Ep   9/100  loss=1.2325 acc=64.5%  val=86.1%  lr=3.98e-05   213s
2026-03-22 00:18:10,118 [INFO]   ★ best 86.09%
2026-03-22 00:21:42,777 [INFO]   S2 Ep  10/100  loss=1.2177 acc=65.5%  val=86.5%  lr=3.97e-05   213s
2026-03-22 00:21:42,923 [INFO]   ★ best 86.47%
2026-03-22 00:25:15,339 [INFO]   S2 Ep  11/100  loss=1.1949 acc=66.3%  val=85.3%  lr=3.96e-05   212s
2026-03-22 00:28:48,681 [INFO]   S2 Ep  12/100  loss=1.2271 acc=64.6%  val=86.3%  lr=3.95e-05   213s
2026-03-22 00:32:21,344 [INFO]   S2 Ep  13/100  loss=1.1954 acc=66.4%  val=86.9%  lr=3.93e-05   213s
2026-03-22 00:32:21,500 [INFO]   ★ best 86.91%
2026-03-22 00:35:54,097 [INFO]   S2 Ep  14/100  loss=1.1973 acc=66.3%  val=85.9%  lr=3.91e-05   213s
2026-03-22 00:39:27,063 [INFO]   S2 Ep  15/100  loss=1.2003 acc=65.9%  val=85.7%  lr=3.89e-05   213s
2026-03-22 00:43:00,202 [INFO]   S2 Ep  16/100  loss=1.1747 acc=67.2%  val=86.7%  lr=3.87e-05   213s
2026-03-22 00:46:32,799 [INFO]   S2 Ep  17/100  loss=1.1686 acc=67.2%  val=87.4%  lr=3.84e-05   213s
2026-03-22 00:46:32,953 [INFO]   ★ best 87.38%
2026-03-22 00:50:05,768 [INFO]   S2 Ep  18/100  loss=1.1655 acc=67.8%  val=85.8%  lr=3.82e-05   213s
2026-03-22 00:53:39,121 [INFO]   S2 Ep  19/100  loss=1.1799 acc=66.6%  val=86.2%  lr=3.79e-05   213s
2026-03-22 00:57:11,963 [INFO]   S2 Ep  20/100  loss=1.1645 acc=67.6%  val=86.1%  lr=3.76e-05   213s
2026-03-22 01:00:44,871 [INFO]   S2 Ep  21/100  loss=1.1819 acc=66.6%  val=86.2%  lr=3.73e-05   213s
2026-03-22 01:04:17,936 [INFO]   S2 Ep  22/100  loss=1.1506 acc=68.3%  val=86.8%  lr=3.69e-05   213s
2026-03-22 01:07:51,098 [INFO]   S2 Ep  23/100  loss=1.1423 acc=68.3%  val=87.0%  lr=3.66e-05   213s
2026-03-22 01:11:23,931 [INFO]   S2 Ep  24/100  loss=1.1422 acc=68.6%  val=86.0%  lr=3.62e-05   213s
2026-03-22 01:14:56,413 [INFO]   S2 Ep  25/100  loss=1.1265 acc=69.2%  val=86.4%  lr=3.58e-05   212s
2026-03-22 01:18:29,778 [INFO]   S2 Ep  26/100  loss=1.1206 acc=69.7%  val=86.1%  lr=3.54e-05   213s
2026-03-22 01:22:02,767 [INFO]   S2 Ep  27/100  loss=1.1179 acc=69.6%  val=86.5%  lr=3.49e-05   213s
2026-03-22 01:25:35,537 [INFO]   S2 Ep  28/100  loss=1.1317 acc=68.8%  val=86.1%  lr=3.45e-05   213s
2026-03-22 01:29:08,369 [INFO]   S2 Ep  29/100  loss=1.1124 acc=70.0%  val=86.7%  lr=3.40e-05   213s
2026-03-22 01:32:41,680 [INFO]   S2 Ep  30/100  loss=1.1359 acc=68.7%  val=86.5%  lr=3.35e-05   213s
2026-03-22 01:36:14,527 [INFO]   S2 Ep  31/100  loss=1.1079 acc=69.6%  val=86.6%  lr=3.31e-05   213s
2026-03-22 01:39:47,276 [INFO]   S2 Ep  32/100  loss=1.1234 acc=69.1%  val=87.2%  lr=3.25e-05   213s
2026-03-22 01:43:20,208 [INFO]   S2 Ep  33/100  loss=1.1191 acc=68.9%  val=87.4%  lr=3.20e-05   213s
2026-03-22 01:43:20,347 [INFO]   ★ best 87.45%
2026-03-22 01:46:37,887 [INFO]   S2 Ep  34/100  loss=1.0919 acc=70.6%  val=87.3%  lr=3.15e-05   198s
2026-03-22 01:50:10,919 [INFO]   S2 Ep  35/100  loss=1.0771 acc=71.3%  val=87.8%  lr=3.09e-05   213s
2026-03-22 01:50:11,060 [INFO]   ★ best 87.79%
2026-03-22 01:53:43,866 [INFO]   S2 Ep  36/100  loss=1.0837 acc=70.9%  val=86.9%  lr=3.04e-05   213s
2026-03-22 01:57:16,742 [INFO]   S2 Ep  37/100  loss=1.1014 acc=70.1%  val=88.6%  lr=2.98e-05   213s
2026-03-22 01:57:16,882 [INFO]   ★ best 88.57%
2026-03-22 02:00:50,285 [INFO]   S2 Ep  38/100  loss=1.0774 acc=71.1%  val=86.7%  lr=2.92e-05   213s
2026-03-22 02:04:23,005 [INFO]   S2 Ep  39/100  loss=1.0718 acc=71.2%  val=88.2%  lr=2.86e-05   213s
2026-03-22 02:07:55,786 [INFO]   S2 Ep  40/100  loss=1.0759 acc=71.0%  val=87.6%  lr=2.80e-05   213s
2026-03-22 02:11:28,721 [INFO]   S2 Ep  41/100  loss=1.0623 acc=71.6%  val=88.1%  lr=2.74e-05   213s
2026-03-22 02:15:02,058 [INFO]   S2 Ep  42/100  loss=1.0488 acc=72.6%  val=87.3%  lr=2.68e-05   213s
2026-03-22 02:18:34,763 [INFO]   S2 Ep  43/100  loss=1.0487 acc=72.6%  val=87.4%  lr=2.62e-05   213s
2026-03-22 02:22:07,626 [INFO]   S2 Ep  44/100  loss=1.0615 acc=71.9%  val=87.2%  lr=2.55e-05   213s
2026-03-22 02:25:40,979 [INFO]   S2 Ep  45/100  loss=1.0370 acc=72.4%  val=88.1%  lr=2.49e-05   213s
2026-03-22 02:29:13,536 [INFO]   S2 Ep  46/100  loss=1.0691 acc=71.5%  val=88.4%  lr=2.43e-05   213s
2026-03-22 02:32:46,076 [INFO]   S2 Ep  47/100  loss=1.0303 acc=73.2%  val=87.8%  lr=2.36e-05   213s
2026-03-22 02:36:18,577 [INFO]   S2 Ep  48/100  loss=1.0353 acc=72.9%  val=87.8%  lr=2.30e-05   213s
2026-03-22 02:39:51,973 [INFO]   S2 Ep  49/100  loss=1.0290 acc=73.3%  val=88.2%  lr=2.23e-05   213s
2026-03-22 02:43:24,910 [INFO]   S2 Ep  50/100  loss=1.0602 acc=71.3%  val=87.8%  lr=2.17e-05   213s
2026-03-22 02:46:57,564 [INFO]   S2 Ep  51/100  loss=1.0454 acc=72.3%  val=88.7%  lr=2.10e-05   213s
2026-03-22 02:46:57,702 [INFO]   ★ best 88.74%
2026-03-22 02:50:30,993 [INFO]   S2 Ep  52/100  loss=1.0415 acc=72.8%  val=88.8%  lr=2.03e-05   213s
2026-03-22 02:50:31,157 [INFO]   ★ best 88.84%
2026-03-22 02:54:03,644 [INFO]   S2 Ep  53/100  loss=1.0195 acc=73.3%  val=88.3%  lr=1.97e-05   212s
2026-03-22 02:57:36,344 [INFO]   S2 Ep  54/100  loss=1.0295 acc=72.8%  val=88.5%  lr=1.90e-05   213s
2026-03-22 03:01:09,320 [INFO]   S2 Ep  55/100  loss=1.0197 acc=73.6%  val=88.3%  lr=1.83e-05   213s
2026-03-22 03:04:42,508 [INFO]   S2 Ep  56/100  loss=1.0051 acc=74.2%  val=88.5%  lr=1.77e-05   213s
2026-03-22 03:08:15,024 [INFO]   S2 Ep  57/100  loss=1.0275 acc=72.9%  val=88.4%  lr=1.70e-05   213s
2026-03-22 03:11:47,517 [INFO]   S2 Ep  58/100  loss=1.0131 acc=73.5%  val=88.9%  lr=1.64e-05   212s
2026-03-22 03:11:47,675 [INFO]   ★ best 88.87%
2026-03-22 03:15:20,807 [INFO]   S2 Ep  59/100  loss=1.0046 acc=73.6%  val=88.3%  lr=1.57e-05   213s
2026-03-22 03:18:53,480 [INFO]   S2 Ep  60/100  loss=1.0054 acc=73.6%  val=88.9%  lr=1.51e-05   213s
2026-03-22 03:18:53,626 [INFO]   ★ best 88.91%
2026-03-22 03:22:26,252 [INFO]   S2 Ep  61/100  loss=0.9857 acc=74.5%  val=88.4%  lr=1.45e-05   213s
2026-03-22 03:25:59,000 [INFO]   S2 Ep  62/100  loss=1.0008 acc=74.1%  val=88.9%  lr=1.38e-05   213s
2026-03-22 03:25:59,152 [INFO]   ★ best 88.94%
2026-03-22 03:29:32,300 [INFO]   S2 Ep  63/100  loss=1.0079 acc=73.5%  val=88.6%  lr=1.32e-05   213s
2026-03-22 03:33:05,023 [INFO]   S2 Ep  64/100  loss=1.0181 acc=73.4%  val=89.2%  lr=1.26e-05   213s
2026-03-22 03:33:05,172 [INFO]   ★ best 89.18%
2026-03-22 03:36:38,080 [INFO]   S2 Ep  65/100  loss=1.0015 acc=74.0%  val=89.3%  lr=1.20e-05   213s
2026-03-22 03:36:38,220 [INFO]   ★ best 89.31%
2026-03-22 03:40:10,984 [INFO]   S2 Ep  66/100  loss=0.9868 acc=74.6%  val=88.8%  lr=1.14e-05   213s
2026-03-22 03:43:44,109 [INFO]   S2 Ep  67/100  loss=0.9858 acc=74.5%  val=88.9%  lr=1.08e-05   213s
2026-03-22 03:47:16,678 [INFO]   S2 Ep  68/100  loss=0.9679 acc=75.3%  val=89.0%  lr=1.02e-05   213s
2026-03-22 03:50:49,198 [INFO]   S2 Ep  69/100  loss=0.9883 acc=74.4%  val=89.7%  lr=9.62e-06   213s
2026-03-22 03:50:49,321 [INFO]   ★ best 89.72%
2026-03-22 03:54:22,487 [INFO]   S2 Ep  70/100  loss=1.0038 acc=73.5%  val=89.2%  lr=9.06e-06   213s
2026-03-22 03:57:54,888 [INFO]   S2 Ep  71/100  loss=0.9698 acc=75.6%  val=89.6%  lr=8.51e-06   212s
2026-03-22 04:01:27,964 [INFO]   S2 Ep  72/100  loss=0.9542 acc=75.8%  val=89.6%  lr=7.98e-06   213s
2026-03-22 04:05:01,029 [INFO]   S2 Ep  73/100  loss=0.9712 acc=75.2%  val=89.7%  lr=7.46e-06   213s
2026-03-22 04:08:33,749 [INFO]   S2 Ep  74/100  loss=0.9810 acc=74.7%  val=89.7%  lr=6.95e-06   213s
2026-03-22 04:12:06,195 [INFO]   S2 Ep  75/100  loss=0.9744 acc=75.0%  val=89.1%  lr=6.46e-06   212s
2026-03-22 04:15:38,906 [INFO]   S2 Ep  76/100  loss=0.9790 acc=74.7%  val=89.3%  lr=5.98e-06   213s
2026-03-22 04:19:12,020 [INFO]   S2 Ep  77/100  loss=0.9579 acc=75.5%  val=89.5%  lr=5.51e-06   213s
2026-03-22 04:22:44,520 [INFO]   S2 Ep  78/100  loss=0.9812 acc=74.7%  val=89.6%  lr=5.06e-06   212s
2026-03-22 04:26:17,089 [INFO]   S2 Ep  79/100  loss=0.9668 acc=75.0%  val=89.6%  lr=4.63e-06   213s
2026-03-22 04:29:50,061 [INFO]   S2 Ep  80/100  loss=0.9842 acc=74.4%  val=89.6%  lr=4.22e-06   213s
2026-03-22 04:33:23,430 [INFO]   S2 Ep  81/100  loss=0.9571 acc=75.7%  val=89.9%  lr=3.82e-06   213s
2026-03-22 04:33:23,571 [INFO]   ★ best 89.93%
2026-03-22 04:36:56,193 [INFO]   S2 Ep  82/100  loss=0.9565 acc=75.5%  val=89.8%  lr=3.44e-06   213s
2026-03-22 04:40:29,021 [INFO]   S2 Ep  83/100  loss=0.9523 acc=75.9%  val=89.6%  lr=3.08e-06   213s
2026-03-22 04:44:02,323 [INFO]   S2 Ep  84/100  loss=0.9640 acc=75.2%  val=89.7%  lr=2.74e-06   213s
2026-03-22 04:47:35,127 [INFO]   S2 Ep  85/100  loss=0.9594 acc=75.2%  val=89.9%  lr=2.41e-06   213s
2026-03-22 04:51:08,015 [INFO]   S2 Ep  86/100  loss=0.9708 acc=74.8%  val=90.0%  lr=2.11e-06   213s
2026-03-22 04:51:08,164 [INFO]   ★ best 89.99%
2026-03-22 04:54:41,120 [INFO]   S2 Ep  87/100  loss=0.9693 acc=75.2%  val=90.0%  lr=1.82e-06   213s
2026-03-22 04:58:14,520 [INFO]   S2 Ep  88/100  loss=0.9584 acc=75.4%  val=90.2%  lr=1.56e-06   213s
2026-03-22 04:58:14,664 [INFO]   ★ best 90.23%
2026-03-22 05:01:47,403 [INFO]   S2 Ep  89/100  loss=0.9779 acc=74.4%  val=90.1%  lr=1.31e-06   213s
2026-03-22 05:05:20,253 [INFO]   S2 Ep  90/100  loss=0.9617 acc=75.6%  val=90.2%  lr=1.08e-06   213s
2026-03-22 05:08:53,517 [INFO]   S2 Ep  91/100  loss=0.9552 acc=75.6%  val=90.1%  lr=8.81e-07   213s
2026-03-22 05:12:26,360 [INFO]   S2 Ep  92/100  loss=0.9626 acc=75.4%  val=90.3%  lr=6.97e-07   213s
2026-03-22 05:12:26,504 [INFO]   ★ best 90.30%
2026-03-22 05:15:58,939 [INFO]   S2 Ep  93/100  loss=0.9780 acc=74.5%  val=90.2%  lr=5.35e-07   212s
2026-03-22 05:19:31,720 [INFO]   S2 Ep  94/100  loss=0.9428 acc=75.9%  val=90.3%  lr=3.94e-07   213s
2026-03-22 05:23:04,954 [INFO]   S2 Ep  95/100  loss=0.9459 acc=76.1%  val=90.3%  lr=2.74e-07   213s
2026-03-22 05:23:05,099 [INFO]   ★ best 90.33%
2026-03-22 05:26:37,945 [INFO]   S2 Ep  96/100  loss=0.9615 acc=75.5%  val=90.3%  lr=1.76e-07   213s
2026-03-22 05:30:10,836 [INFO]   S2 Ep  97/100  loss=0.9536 acc=75.6%  val=90.2%  lr=9.99e-08   213s
2026-03-22 05:33:43,957 [INFO]   S2 Ep  98/100  loss=0.9476 acc=75.8%  val=90.3%  lr=4.53e-08   213s
2026-03-22 05:37:17,142 [INFO]   S2 Ep  99/100  loss=0.9467 acc=76.0%  val=90.2%  lr=1.25e-08   213s
2026-03-22 05:40:50,019 [INFO]   S2 Ep 100/100  loss=0.9682 acc=75.2%  val=90.2%  lr=1.60e-09   213s
2026-03-22 05:40:50,020 [INFO] ── Stage 3: SWA (15 ep, lr=4.0e-06) ──
2026-03-22 05:44:17,753 [INFO]   SWA Ep  1/15  loss=0.9837  swa_val=89.7%  207s
2026-03-22 05:47:42,790 [INFO]   SWA Ep  2/15  loss=0.9912  swa_val=89.6%  205s
2026-03-22 05:51:21,090 [INFO]   SWA Ep  3/15  loss=0.9604  swa_val=89.9%  218s
2026-03-22 05:54:59,366 [INFO]   SWA Ep  4/15  loss=0.9734  swa_val=90.2%  218s
2026-03-22 05:58:37,627 [INFO]   SWA Ep  5/15  loss=0.9812  swa_val=90.2%  218s
2026-03-22 06:02:15,891 [INFO]   SWA Ep  6/15  loss=0.9536  swa_val=90.2%  218s
2026-03-22 06:05:02,733 [INFO]   SWA Ep  7/15  loss=0.9749  swa_val=90.2%  167s
2026-03-22 06:06:39,459 [INFO]   SWA Ep  8/15  loss=0.9598  swa_val=90.2%  97s
2026-03-22 06:08:16,227 [INFO]   SWA Ep  9/15  loss=0.9540  swa_val=90.3%  97s
2026-03-22 06:09:53,149 [INFO]   SWA Ep 10/15  loss=0.9702  swa_val=90.5%  97s
2026-03-22 06:11:29,910 [INFO]   SWA Ep 11/15  loss=0.9469  swa_val=90.5%  97s
2026-03-22 06:13:06,721 [INFO]   SWA Ep 12/15  loss=0.9653  swa_val=90.5%  97s
2026-03-22 06:14:43,470 [INFO]   SWA Ep 13/15  loss=0.9573  swa_val=90.5%  97s
2026-03-22 06:16:20,229 [INFO]   SWA Ep 14/15  loss=0.9960  swa_val=90.5%  97s
2026-03-22 06:17:56,980 [INFO]   SWA Ep 15/15  loss=0.9441  swa_val=90.6%  97s
2026-03-22 06:17:56,980 [INFO]   Updating BN stats for SWA model …
2026-03-22 06:18:02,714 [INFO]   SWA final: 90.57% (regular best: 90.33%)
2026-03-22 06:18:02,854 [INFO]   ★ SWA beats regular! 90.57%
2026-03-22 06:18:02,854 [INFO]   Fold 3 best: 90.57%
2026-03-22 06:18:04,331 [INFO] ================================================================
2026-03-22 06:18:04,331 [INFO] FOLD 4 / 5
2026-03-22 06:18:04,331 [INFO] ================================================================
2026-03-22 06:18:04,334 [INFO]   Train: 11794 | Val: 2948
2026-03-22 06:18:04,540 [INFO] Loading pretrained weights from Hugging Face hub (timm/caformer_s18.sail_in22k_ft_in1k)
2026-03-22 06:18:04,866 [INFO] HTTP Request: HEAD https://huggingface.co/timm/caformer_s18.sail_in22k_ft_in1k/resolve/main/model.safetensors "HTTP/1.1 302 Found"
2026-03-22 06:18:04,867 [INFO] [timm/caformer_s18.sail_in22k_ft_in1k] Safe alternative available for 'pytorch_model.bin' (as 'model.safetensors'). Loading weights using safetensors.
2026-03-22 06:18:04,883 [INFO] Missing keys (head.fc.fc2.weight, head.fc.fc2.bias) discovered while loading pretrained weights. This is expected if model is being adapted.
2026-03-22 06:18:04,991 [INFO]   Born-again ← best_fold3.pt (val 89.28%)
2026-03-22 06:18:04,992 [INFO] ── Stage 1: head warmup (5 ep) ──
2026-03-22 06:18:39,680 [INFO]   S1 Ep 1/5  loss=2.4680 acc=10.4%  val=18.8%  35s
2026-03-22 06:18:39,789 [INFO]   ★ best 18.76%
2026-03-22 06:19:11,143 [INFO]   S1 Ep 2/5  loss=2.3422 acc=13.9%  val=24.5%  31s
2026-03-22 06:19:11,286 [INFO]   ★ best 24.49%
2026-03-22 06:19:42,674 [INFO]   S1 Ep 3/5  loss=2.2793 acc=16.4%  val=25.5%  31s
2026-03-22 06:19:42,808 [INFO]   ★ best 25.47%
2026-03-22 06:20:14,111 [INFO]   S1 Ep 4/5  loss=2.2458 acc=17.5%  val=27.3%  31s
2026-03-22 06:20:14,263 [INFO]   ★ best 27.34%
2026-03-22 06:20:45,745 [INFO]   S1 Ep 5/5  loss=2.2185 acc=18.2%  val=27.2%  31s
2026-03-22 06:20:45,745 [INFO] ── Stage 2: full fine-tune (100 ep, patience 30) ──
2026-03-22 06:20:45,746 [INFO] LLRD: 12 groups, LR [9.49e-06 … 4.00e-05]
2026-03-22 06:22:22,685 [INFO]   S2 Ep   1/100  loss=2.2251 acc=21.5%  val=58.9%  lr=5.27e-06    97s
2026-03-22 06:22:22,830 [INFO]   ★ best 58.89%
2026-03-22 06:23:59,749 [INFO]   S2 Ep   2/100  loss=1.7795 acc=41.9%  val=78.4%  lr=1.49e-05    97s
2026-03-22 06:23:59,896 [INFO]   ★ best 78.43%
2026-03-22 06:25:36,741 [INFO]   S2 Ep   3/100  loss=1.5261 acc=52.9%  val=82.1%  lr=2.67e-05    97s
2026-03-22 06:25:36,874 [INFO]   ★ best 82.06%
2026-03-22 06:27:13,778 [INFO]   S2 Ep   4/100  loss=1.4486 acc=55.9%  val=82.7%  lr=3.63e-05    97s
2026-03-22 06:27:13,917 [INFO]   ★ best 82.73%
2026-03-22 06:28:50,824 [INFO]   S2 Ep   5/100  loss=1.4026 acc=57.9%  val=83.4%  lr=4.00e-05    97s
2026-03-22 06:28:50,974 [INFO]   ★ best 83.38%
2026-03-22 06:30:27,818 [INFO]   S2 Ep   6/100  loss=1.3441 acc=59.9%  val=83.7%  lr=4.00e-05    97s
2026-03-22 06:30:27,965 [INFO]   ★ best 83.72%
2026-03-22 06:32:04,886 [INFO]   S2 Ep   7/100  loss=1.3449 acc=59.7%  val=82.6%  lr=4.00e-05    97s
2026-03-22 06:33:42,003 [INFO]   S2 Ep   8/100  loss=1.2754 acc=62.6%  val=83.5%  lr=3.99e-05    97s
2026-03-22 06:35:18,872 [INFO]   S2 Ep   9/100  loss=1.2878 acc=62.2%  val=84.3%  lr=3.98e-05    97s
2026-03-22 06:35:19,014 [INFO]   ★ best 84.33%
2026-03-22 06:36:55,895 [INFO]   S2 Ep  10/100  loss=1.2914 acc=62.1%  val=83.6%  lr=3.97e-05    97s
2026-03-22 06:38:32,756 [INFO]   S2 Ep  11/100  loss=1.2765 acc=62.7%  val=84.9%  lr=3.96e-05    97s
2026-03-22 06:38:32,898 [INFO]   ★ best 84.91%
2026-03-22 06:40:09,729 [INFO]   S2 Ep  12/100  loss=1.2724 acc=63.0%  val=84.3%  lr=3.95e-05    97s
2026-03-22 06:41:46,228 [INFO]   S2 Ep  13/100  loss=1.2385 acc=64.4%  val=84.6%  lr=3.93e-05    96s
2026-03-22 06:43:23,234 [INFO]   S2 Ep  14/100  loss=1.2490 acc=64.2%  val=85.1%  lr=3.91e-05    97s
2026-03-22 06:43:23,390 [INFO]   ★ best 85.07%
