2026-03-19 05:44:43,795 [INFO] GPU: NVIDIA H200
2026-03-19 05:44:43,796 [INFO] Config: {
  "data_dir": "/data/slr/track2_",
  "output_dir": "/data/slr/checkpoints_v20",
  "max_frames": 48,
  "img_size": 320,
  "n_classes": 126,
  "teacher_img_size": 224,
  "teacher_max_frames": 48,
  "channel_means": [
    -64.3217,
    -62.9119,
    -63.9254
  ],
  "channel_stds": [
    12.5721,
    11.662,
    11.7259
  ],
  "n_folds": 5,
  "batch_size": 40,
  "num_workers": 4,
  "stage1_epochs": 5,
  "stage1_lr": 0.0002,
  "stage2_epochs": 80,
  "stage2_lr": 5e-05,
  "swa_epochs": 15,
  "swa_lr": 5e-06,
  "weight_decay": 0.05,
  "warmup_pct": 0.05,
  "label_smoothing": 0.1,
  "early_stopping_patience": 30,
  "grad_clip_norm": 1.0,
  "llrd_decay": 0.75,
  "kd_alpha": 0.5,
  "kd_tau": 4.0,
  "mixup_alpha": 0.4,
  "cutmix_alpha": 1.0,
  "cutmix_prob": 0.5,
  "time_mask_max": 8,
  "range_mask_max": 30,
  "noise_std": 0.1,
  "time_warp_lo": 0.8,
  "time_warp_hi": 1.2,
  "time_reverse_prob": 0.5,
  "channel_shuffle_prob": 0.2,
  "channel_drop_prob": 0.1,
  "random_erase_prob": 0.2,
  "circ_shift_prob": 0.3,
  "circ_shift_max": 8,
  "amp_scale_prob": 0.5,
  "amp_scale_lo": 0.8,
  "amp_scale_hi": 1.2,
  "model_name": "convnextv2_tiny.fcmae_ft_in22k_in1k",
  "drop_path_rate": 0.2,
  "proj_dim": 512,
  "drop_rate": 0.3,
  "ms_dropout_samples": 5,
  "seed": 42
}
2026-03-19 05:44:43,796 [INFO] ★★★ HIGH RESOLUTION: 320×320 ★★★
2026-03-19 05:44:43,863 [INFO] Train: 14742 | Eval: 9828
2026-03-19 05:44:48,045 [INFO] Pre-computing teacher soft labels (at 224×224) …
2026-03-19 05:44:49,928 [INFO]   Loaded 5 teachers
2026-03-19 05:46:04,294 [INFO]   Soft labels: 14742
2026-03-19 05:46:04,295 [INFO] KD α=0.50 τ=4.0 | SWA 15 ep @ lr=5.0e-06 | NO PL | NATIVE RES
2026-03-19 05:46:04,299 [INFO] ================================================================
2026-03-19 05:46:04,299 [INFO] FOLD 1 / 5
2026-03-19 05:46:04,299 [INFO] ================================================================
2026-03-19 05:46:04,301 [INFO]   Train: 11793 | Val: 2949
2026-03-19 05:46:04,519 [INFO] Loading pretrained weights from Hugging Face hub (timm/convnextv2_tiny.fcmae_ft_in22k_in1k)
2026-03-19 05:46:09,694 [INFO] HTTP Request: HEAD https://huggingface.co/timm/convnextv2_tiny.fcmae_ft_in22k_in1k/resolve/main/model.safetensors "HTTP/1.1 302 Found"
2026-03-19 05:46:09,695 [WARNING] Warning: You are sending unauthenticated requests to the HF Hub. Please set a HF_TOKEN to enable higher rate limits and faster downloads.
2026-03-19 05:46:09,696 [INFO] [timm/convnextv2_tiny.fcmae_ft_in22k_in1k] Safe alternative available for 'pytorch_model.bin' (as 'model.safetensors'). Loading weights using safetensors.
2026-03-19 05:46:09,712 [INFO] Missing keys (head.fc.weight, head.fc.bias) discovered while loading pretrained weights. This is expected if model is being adapted.
2026-03-19 05:46:09,834 [INFO]   Born-again ← best_fold0.pt (val 90.78%)
2026-03-19 05:46:09,835 [INFO] ── Stage 1: head warmup (5 ep) ──
2026-03-19 05:46:43,492 [INFO]   S1 Ep 1/5  loss=1.6696 acc=43.2%  val=53.1%  34s
2026-03-19 05:46:43,604 [INFO]   ★ best 53.14%
2026-03-19 05:46:57,748 [INFO]   S1 Ep 2/5  loss=1.4498 acc=51.5%  val=60.5%  14s
2026-03-19 05:46:57,895 [INFO]   ★ best 60.53%
2026-03-19 05:47:11,993 [INFO]   S1 Ep 3/5  loss=1.3727 acc=55.6%  val=63.3%  14s
2026-03-19 05:47:12,137 [INFO]   ★ best 63.28%
2026-03-19 05:47:26,295 [INFO]   S1 Ep 4/5  loss=1.3341 acc=57.3%  val=64.2%  14s
2026-03-19 05:47:26,439 [INFO]   ★ best 64.23%
2026-03-19 05:47:40,557 [INFO]   S1 Ep 5/5  loss=1.3117 acc=58.1%  val=64.3%  14s
2026-03-19 05:47:40,698 [INFO]   ★ best 64.26%
2026-03-19 05:47:40,699 [INFO] ── Stage 2: full fine-tune (80 ep, patience 30) ──
2026-03-19 05:47:40,700 [INFO] LLRD: 12 groups, LR [1.19e-05 … 5.00e-05]
2026-03-19 05:48:32,556 [INFO]   S2 Ep   1/80  loss=1.6622 acc=47.2%  val=80.3%  lr=9.04e-06    52s
2026-03-19 05:48:32,694 [INFO]   ★ best 80.33%
2026-03-19 05:49:20,173 [INFO]   S2 Ep   2/80  loss=1.4260 acc=58.0%  val=85.7%  lr=2.60e-05    47s
2026-03-19 05:49:20,353 [INFO]   ★ best 85.72%
2026-03-19 05:50:07,852 [INFO]   S2 Ep   3/80  loss=1.3409 acc=61.7%  val=87.0%  lr=4.30e-05    47s
2026-03-19 05:50:08,030 [INFO]   ★ best 86.98%
2026-03-19 05:50:55,409 [INFO]   S2 Ep   4/80  loss=1.2882 acc=63.5%  val=87.5%  lr=5.00e-05    47s
2026-03-19 05:50:55,582 [INFO]   ★ best 87.49%
2026-03-19 05:51:43,093 [INFO]   S2 Ep   5/80  loss=1.3089 acc=61.9%  val=87.7%  lr=5.00e-05    48s
2026-03-19 05:51:43,272 [INFO]   ★ best 87.66%
2026-03-19 05:52:30,772 [INFO]   S2 Ep   6/80  loss=1.2480 acc=64.6%  val=88.4%  lr=4.99e-05    47s
2026-03-19 05:52:30,957 [INFO]   ★ best 88.37%
2026-03-19 05:53:18,467 [INFO]   S2 Ep   7/80  loss=1.2826 acc=63.4%  val=88.6%  lr=4.98e-05    48s
2026-03-19 05:53:18,654 [INFO]   ★ best 88.61%
2026-03-19 05:54:06,117 [INFO]   S2 Ep   8/80  loss=1.1818 acc=67.6%  val=88.5%  lr=4.97e-05    47s
2026-03-19 05:54:53,600 [INFO]   S2 Ep   9/80  loss=1.2568 acc=63.7%  val=88.1%  lr=4.95e-05    47s
2026-03-19 05:55:41,005 [INFO]   S2 Ep  10/80  loss=1.2303 acc=65.7%  val=88.2%  lr=4.92e-05    47s
2026-03-19 05:56:28,462 [INFO]   S2 Ep  11/80  loss=1.1844 acc=67.1%  val=88.4%  lr=4.90e-05    47s
2026-03-19 05:57:15,959 [INFO]   S2 Ep  12/80  loss=1.1949 acc=67.3%  val=87.5%  lr=4.86e-05    47s
2026-03-19 05:58:03,374 [INFO]   S2 Ep  13/80  loss=1.1751 acc=67.7%  val=88.1%  lr=4.83e-05    47s
2026-03-19 05:58:50,798 [INFO]   S2 Ep  14/80  loss=1.1648 acc=68.3%  val=88.7%  lr=4.79e-05    47s
2026-03-19 05:58:50,995 [INFO]   ★ best 88.71%
2026-03-19 05:59:38,404 [INFO]   S2 Ep  15/80  loss=1.1879 acc=67.2%  val=89.0%  lr=4.75e-05    47s
2026-03-19 05:59:38,578 [INFO]   ★ best 89.01%
2026-03-19 06:00:26,092 [INFO]   S2 Ep  16/80  loss=1.1428 acc=69.4%  val=89.0%  lr=4.70e-05    48s
2026-03-19 06:01:13,505 [INFO]   S2 Ep  17/80  loss=1.1299 acc=69.9%  val=88.3%  lr=4.65e-05    47s
2026-03-19 06:02:00,954 [INFO]   S2 Ep  18/80  loss=1.1263 acc=69.1%  val=88.8%  lr=4.59e-05    47s
2026-03-19 06:02:48,391 [INFO]   S2 Ep  19/80  loss=1.1579 acc=68.3%  val=89.0%  lr=4.53e-05    47s
2026-03-19 06:02:48,588 [INFO]   ★ best 89.05%
2026-03-19 06:03:36,030 [INFO]   S2 Ep  20/80  loss=1.1421 acc=69.8%  val=89.0%  lr=4.47e-05    47s
2026-03-19 06:04:23,489 [INFO]   S2 Ep  21/80  loss=1.1366 acc=69.7%  val=88.8%  lr=4.41e-05    47s
2026-03-19 06:05:10,894 [INFO]   S2 Ep  22/80  loss=1.1439 acc=68.6%  val=89.3%  lr=4.34e-05    47s
2026-03-19 06:05:11,086 [INFO]   ★ best 89.25%
2026-03-19 06:05:58,538 [INFO]   S2 Ep  23/80  loss=1.1088 acc=71.0%  val=88.4%  lr=4.27e-05    47s
2026-03-19 06:06:46,032 [INFO]   S2 Ep  24/80  loss=1.1450 acc=68.3%  val=89.1%  lr=4.19e-05    47s
2026-03-19 06:07:33,591 [INFO]   S2 Ep  25/80  loss=1.1360 acc=69.4%  val=89.1%  lr=4.12e-05    48s
2026-03-19 06:08:21,116 [INFO]   S2 Ep  26/80  loss=1.1146 acc=71.1%  val=88.8%  lr=4.04e-05    48s
2026-03-19 06:09:08,616 [INFO]   S2 Ep  27/80  loss=1.1239 acc=70.2%  val=88.5%  lr=3.95e-05    47s
2026-03-19 06:09:56,061 [INFO]   S2 Ep  28/80  loss=1.1610 acc=67.3%  val=89.0%  lr=3.87e-05    47s
2026-03-19 06:10:43,523 [INFO]   S2 Ep  29/80  loss=1.0805 acc=72.6%  val=88.5%  lr=3.78e-05    47s
2026-03-19 06:11:31,106 [INFO]   S2 Ep  30/80  loss=1.1253 acc=69.8%  val=89.2%  lr=3.69e-05    48s
2026-03-19 06:12:18,620 [INFO]   S2 Ep  31/80  loss=1.1209 acc=70.2%  val=88.9%  lr=3.60e-05    48s
2026-03-19 06:13:06,118 [INFO]   S2 Ep  32/80  loss=1.1517 acc=68.8%  val=88.9%  lr=3.50e-05    47s
2026-03-19 06:13:53,461 [INFO]   S2 Ep  33/80  loss=1.1146 acc=70.6%  val=88.7%  lr=3.41e-05    47s
2026-03-19 06:14:40,904 [INFO]   S2 Ep  34/80  loss=1.1072 acc=70.9%  val=88.9%  lr=3.31e-05    47s
2026-03-19 06:15:28,353 [INFO]   S2 Ep  35/80  loss=1.0918 acc=72.0%  val=89.1%  lr=3.21e-05    47s
2026-03-19 06:16:15,695 [INFO]   S2 Ep  36/80  loss=1.0929 acc=71.3%  val=89.2%  lr=3.11e-05    47s
2026-03-19 06:17:02,963 [INFO]   S2 Ep  37/80  loss=1.1310 acc=69.3%  val=88.7%  lr=3.01e-05    47s
2026-03-19 06:17:50,256 [INFO]   S2 Ep  38/80  loss=1.1148 acc=70.3%  val=89.1%  lr=2.91e-05    47s
2026-03-19 06:18:37,524 [INFO]   S2 Ep  39/80  loss=1.1121 acc=70.2%  val=89.2%  lr=2.81e-05    47s
2026-03-19 06:19:24,811 [INFO]   S2 Ep  40/80  loss=1.0924 acc=71.3%  val=89.5%  lr=2.71e-05    47s
2026-03-19 06:19:24,962 [INFO]   ★ best 89.52%
2026-03-19 06:20:12,217 [INFO]   S2 Ep  41/80  loss=1.1258 acc=68.7%  val=89.8%  lr=2.60e-05    47s
2026-03-19 06:20:12,397 [INFO]   ★ best 89.76%
2026-03-19 06:20:59,779 [INFO]   S2 Ep  42/80  loss=1.0977 acc=71.0%  val=89.2%  lr=2.50e-05    47s
2026-03-19 06:21:47,165 [INFO]   S2 Ep  43/80  loss=1.0910 acc=70.1%  val=89.6%  lr=2.40e-05    47s
2026-03-19 06:22:34,450 [INFO]   S2 Ep  44/80  loss=1.0914 acc=70.7%  val=89.7%  lr=2.29e-05    47s
2026-03-19 06:23:21,755 [INFO]   S2 Ep  45/80  loss=1.1080 acc=70.2%  val=89.7%  lr=2.19e-05    47s
2026-03-19 06:24:09,094 [INFO]   S2 Ep  46/80  loss=1.0407 acc=73.8%  val=89.7%  lr=2.09e-05    47s
2026-03-19 06:24:56,380 [INFO]   S2 Ep  47/80  loss=1.0868 acc=71.2%  val=89.8%  lr=1.99e-05    47s
2026-03-19 06:25:43,674 [INFO]   S2 Ep  48/80  loss=1.0260 acc=74.3%  val=89.7%  lr=1.89e-05    47s
2026-03-19 06:26:30,970 [INFO]   S2 Ep  49/80  loss=1.1066 acc=70.4%  val=89.7%  lr=1.79e-05    47s
2026-03-19 06:27:18,303 [INFO]   S2 Ep  50/80  loss=1.0875 acc=70.9%  val=89.4%  lr=1.69e-05    47s
2026-03-19 06:28:05,654 [INFO]   S2 Ep  51/80  loss=1.0905 acc=71.1%  val=89.9%  lr=1.59e-05    47s
2026-03-19 06:28:05,828 [INFO]   ★ best 89.89%
2026-03-19 06:28:53,237 [INFO]   S2 Ep  52/80  loss=1.0809 acc=71.0%  val=89.2%  lr=1.50e-05    47s
2026-03-19 06:29:40,502 [INFO]   S2 Ep  53/80  loss=1.0384 acc=73.7%  val=90.0%  lr=1.40e-05    47s
2026-03-19 06:29:40,687 [INFO]   ★ best 90.03%
2026-03-19 06:30:28,006 [INFO]   S2 Ep  54/80  loss=1.0504 acc=72.9%  val=89.9%  lr=1.31e-05    47s
2026-03-19 06:31:15,246 [INFO]   S2 Ep  55/80  loss=1.0782 acc=71.8%  val=89.5%  lr=1.22e-05    47s
2026-03-19 06:32:02,461 [INFO]   S2 Ep  56/80  loss=1.0510 acc=72.6%  val=89.6%  lr=1.13e-05    47s
2026-03-19 06:32:49,828 [INFO]   S2 Ep  57/80  loss=1.0838 acc=71.7%  val=89.5%  lr=1.05e-05    47s
2026-03-19 06:33:37,237 [INFO]   S2 Ep  58/80  loss=1.0876 acc=71.9%  val=89.8%  lr=9.64e-06    47s
2026-03-19 06:34:24,554 [INFO]   S2 Ep  59/80  loss=1.0506 acc=72.3%  val=89.3%  lr=8.84e-06    47s
2026-03-19 06:35:11,787 [INFO]   S2 Ep  60/80  loss=1.0381 acc=73.1%  val=89.5%  lr=8.07e-06    47s
2026-03-19 06:35:58,980 [INFO]   S2 Ep  61/80  loss=1.0565 acc=72.9%  val=89.3%  lr=7.32e-06    47s
2026-03-19 06:36:46,414 [INFO]   S2 Ep  62/80  loss=1.0851 acc=71.2%  val=89.5%  lr=6.61e-06    47s
2026-03-19 06:37:33,737 [INFO]   S2 Ep  63/80  loss=1.0485 acc=73.0%  val=90.0%  lr=5.92e-06    47s
2026-03-19 06:38:21,032 [INFO]   S2 Ep  64/80  loss=1.0300 acc=74.0%  val=89.8%  lr=5.27e-06    47s
2026-03-19 06:39:08,318 [INFO]   S2 Ep  65/80  loss=1.0459 acc=73.2%  val=89.8%  lr=4.65e-06    47s
2026-03-19 06:39:55,492 [INFO]   S2 Ep  66/80  loss=1.0563 acc=72.2%  val=89.9%  lr=4.07e-06    47s
2026-03-19 06:40:42,724 [INFO]   S2 Ep  67/80  loss=1.0277 acc=73.5%  val=89.9%  lr=3.52e-06    47s
2026-03-19 06:41:30,022 [INFO]   S2 Ep  68/80  loss=1.0936 acc=70.4%  val=89.8%  lr=3.01e-06    47s
2026-03-19 06:42:17,261 [INFO]   S2 Ep  69/80  loss=1.0532 acc=72.8%  val=89.9%  lr=2.54e-06    47s
2026-03-19 06:43:04,566 [INFO]   S2 Ep  70/80  loss=1.0390 acc=72.9%  val=89.9%  lr=2.11e-06    47s
2026-03-19 06:43:51,871 [INFO]   S2 Ep  71/80  loss=1.0236 acc=73.7%  val=89.8%  lr=1.71e-06    47s
2026-03-19 06:44:39,123 [INFO]   S2 Ep  72/80  loss=1.0443 acc=72.6%  val=89.9%  lr=1.36e-06    47s
2026-03-19 06:45:26,348 [INFO]   S2 Ep  73/80  loss=1.0899 acc=71.1%  val=90.0%  lr=1.04e-06    47s
2026-03-19 06:46:13,653 [INFO]   S2 Ep  74/80  loss=1.0643 acc=72.2%  val=90.2%  lr=7.66e-07    47s
2026-03-19 06:46:13,841 [INFO]   ★ best 90.17%
2026-03-19 06:47:01,059 [INFO]   S2 Ep  75/80  loss=1.0376 acc=73.4%  val=90.2%  lr=5.33e-07    47s
2026-03-19 06:47:01,252 [INFO]   ★ best 90.23%
2026-03-19 06:47:48,582 [INFO]   S2 Ep  76/80  loss=1.0394 acc=73.7%  val=90.2%  lr=3.42e-07    47s
2026-03-19 06:48:35,832 [INFO]   S2 Ep  77/80  loss=1.0408 acc=73.3%  val=90.1%  lr=1.94e-07    47s
2026-03-19 06:49:23,280 [INFO]   S2 Ep  78/80  loss=1.0519 acc=72.8%  val=90.2%  lr=8.71e-08    47s
2026-03-19 06:50:10,491 [INFO]   S2 Ep  79/80  loss=1.0678 acc=71.9%  val=90.2%  lr=2.32e-08    47s
2026-03-19 06:50:57,697 [INFO]   S2 Ep  80/80  loss=1.0676 acc=72.3%  val=90.2%  lr=2.00e-09    47s
2026-03-19 06:50:57,698 [INFO] ── Stage 3: SWA (15 ep, lr=5.0e-06) ──
2026-03-19 06:51:45,025 [INFO]   SWA Ep  1/15  loss=1.0482  swa_val=89.8%  47s
2026-03-19 06:52:32,384 [INFO]   SWA Ep  2/15  loss=1.0692  swa_val=90.2%  47s
2026-03-19 06:53:19,639 [INFO]   SWA Ep  3/15  loss=1.0309  swa_val=90.3%  47s
2026-03-19 06:54:06,912 [INFO]   SWA Ep  4/15  loss=1.0581  swa_val=90.3%  47s
2026-03-19 06:54:54,215 [INFO]   SWA Ep  5/15  loss=1.0682  swa_val=90.2%  47s
2026-03-19 06:55:41,537 [INFO]   SWA Ep  6/15  loss=1.0531  swa_val=90.3%  47s
2026-03-19 06:56:28,836 [INFO]   SWA Ep  7/15  loss=1.0205  swa_val=90.3%  47s
2026-03-19 06:57:16,104 [INFO]   SWA Ep  8/15  loss=1.0336  swa_val=90.3%  47s
2026-03-19 06:58:03,403 [INFO]   SWA Ep  9/15  loss=1.0433  swa_val=90.4%  47s
2026-03-19 06:58:50,730 [INFO]   SWA Ep 10/15  loss=1.0476  swa_val=90.4%  47s
2026-03-19 06:59:37,990 [INFO]   SWA Ep 11/15  loss=1.0620  swa_val=90.4%  47s
2026-03-19 07:00:25,276 [INFO]   SWA Ep 12/15  loss=1.0466  swa_val=90.3%  47s
2026-03-19 07:01:12,423 [INFO]   SWA Ep 13/15  loss=1.0631  swa_val=90.3%  47s
2026-03-19 07:01:59,742 [INFO]   SWA Ep 14/15  loss=1.0588  swa_val=90.3%  47s
2026-03-19 07:02:47,049 [INFO]   SWA Ep 15/15  loss=1.0548  swa_val=90.5%  47s
2026-03-19 07:02:47,049 [INFO]   Updating BN stats for SWA model …
2026-03-19 07:02:49,800 [INFO]   SWA final: 90.51% (regular best: 90.23%)
2026-03-19 07:02:49,959 [INFO]   ★ SWA beats regular! 90.51%
2026-03-19 07:02:49,959 [INFO]   Fold 1 best: 90.51%
2026-03-19 07:02:51,356 [INFO] ================================================================
2026-03-19 07:02:51,356 [INFO] FOLD 2 / 5
2026-03-19 07:02:51,356 [INFO] ================================================================
2026-03-19 07:02:51,359 [INFO]   Train: 11793 | Val: 2949
2026-03-19 07:02:51,569 [INFO] Loading pretrained weights from Hugging Face hub (timm/convnextv2_tiny.fcmae_ft_in22k_in1k)
2026-03-19 07:02:51,709 [INFO] HTTP Request: HEAD https://huggingface.co/timm/convnextv2_tiny.fcmae_ft_in22k_in1k/resolve/main/model.safetensors "HTTP/1.1 302 Found"
2026-03-19 07:02:51,711 [INFO] [timm/convnextv2_tiny.fcmae_ft_in22k_in1k] Safe alternative available for 'pytorch_model.bin' (as 'model.safetensors'). Loading weights using safetensors.
2026-03-19 07:02:51,726 [INFO] Missing keys (head.fc.weight, head.fc.bias) discovered while loading pretrained weights. This is expected if model is being adapted.
2026-03-19 07:02:51,830 [INFO]   Born-again ← best_fold1.pt (val 89.69%)
2026-03-19 07:02:51,831 [INFO] ── Stage 1: head warmup (5 ep) ──
2026-03-19 07:03:08,104 [INFO]   S1 Ep 1/5  loss=1.6204 acc=44.7%  val=53.4%  16s
2026-03-19 07:03:08,220 [INFO]   ★ best 53.44%
2026-03-19 07:03:22,238 [INFO]   S1 Ep 2/5  loss=1.4101 acc=53.6%  val=60.9%  14s
2026-03-19 07:03:22,372 [INFO]   ★ best 60.90%
2026-03-19 07:03:36,363 [INFO]   S1 Ep 3/5  loss=1.3412 acc=57.5%  val=63.4%  14s
2026-03-19 07:03:36,507 [INFO]   ★ best 63.38%
2026-03-19 07:03:50,447 [INFO]   S1 Ep 4/5  loss=1.3028 acc=58.4%  val=64.4%  14s
2026-03-19 07:03:50,594 [INFO]   ★ best 64.39%
2026-03-19 07:04:04,657 [INFO]   S1 Ep 5/5  loss=1.2723 acc=60.4%  val=64.8%  14s
2026-03-19 07:04:04,808 [INFO]   ★ best 64.80%
2026-03-19 07:04:04,808 [INFO] ── Stage 2: full fine-tune (80 ep, patience 30) ──
2026-03-19 07:04:04,809 [INFO] LLRD: 12 groups, LR [1.19e-05 … 5.00e-05]
2026-03-19 07:04:52,312 [INFO]   S2 Ep   1/80  loss=1.7148 acc=45.0%  val=78.6%  lr=9.04e-06    48s
2026-03-19 07:04:52,467 [INFO]   ★ best 78.57%
2026-03-19 07:05:39,714 [INFO]   S2 Ep   2/80  loss=1.4611 acc=56.6%  val=85.1%  lr=2.60e-05    47s
2026-03-19 07:05:39,865 [INFO]   ★ best 85.15%
2026-03-19 07:06:27,124 [INFO]   S2 Ep   3/80  loss=1.3419 acc=61.4%  val=85.5%  lr=4.30e-05    47s
2026-03-19 07:06:27,272 [INFO]   ★ best 85.52%
2026-03-19 07:07:14,467 [INFO]   S2 Ep   4/80  loss=1.2856 acc=63.6%  val=86.4%  lr=5.00e-05    47s
2026-03-19 07:07:14,624 [INFO]   ★ best 86.37%
2026-03-19 07:08:01,932 [INFO]   S2 Ep   5/80  loss=1.2928 acc=63.1%  val=86.9%  lr=5.00e-05    47s
2026-03-19 07:08:02,085 [INFO]   ★ best 86.94%
2026-03-19 07:08:49,419 [INFO]   S2 Ep   6/80  loss=1.2241 acc=66.0%  val=87.1%  lr=4.99e-05    47s
2026-03-19 07:08:49,570 [INFO]   ★ best 87.08%
2026-03-19 07:09:36,839 [INFO]   S2 Ep   7/80  loss=1.2690 acc=63.3%  val=87.1%  lr=4.98e-05    47s
2026-03-19 07:09:36,994 [INFO]   ★ best 87.15%
2026-03-19 07:10:24,305 [INFO]   S2 Ep   8/80  loss=1.1954 acc=67.0%  val=86.6%  lr=4.97e-05    47s
2026-03-19 07:11:11,575 [INFO]   S2 Ep   9/80  loss=1.1991 acc=67.2%  val=87.6%  lr=4.95e-05    47s
2026-03-19 07:11:11,724 [INFO]   ★ best 87.59%
2026-03-19 07:11:58,973 [INFO]   S2 Ep  10/80  loss=1.2134 acc=66.4%  val=87.2%  lr=4.92e-05    47s
2026-03-19 07:12:46,188 [INFO]   S2 Ep  11/80  loss=1.1809 acc=67.8%  val=87.1%  lr=4.90e-05    47s
2026-03-19 07:13:33,337 [INFO]   S2 Ep  12/80  loss=1.1663 acc=68.3%  val=87.6%  lr=4.86e-05    47s
2026-03-19 07:14:20,601 [INFO]   S2 Ep  13/80  loss=1.2001 acc=66.9%  val=87.8%  lr=4.83e-05    47s
2026-03-19 07:14:20,757 [INFO]   ★ best 87.83%
2026-03-19 07:15:07,980 [INFO]   S2 Ep  14/80  loss=1.1598 acc=68.8%  val=87.7%  lr=4.79e-05    47s
2026-03-19 07:15:55,197 [INFO]   S2 Ep  15/80  loss=1.1133 acc=70.6%  val=87.6%  lr=4.75e-05    47s
2026-03-19 07:16:42,401 [INFO]   S2 Ep  16/80  loss=1.1630 acc=68.3%  val=87.7%  lr=4.70e-05    47s
2026-03-19 07:17:29,652 [INFO]   S2 Ep  17/80  loss=1.1660 acc=68.5%  val=87.9%  lr=4.65e-05    47s
2026-03-19 07:17:29,797 [INFO]   ★ best 87.89%
2026-03-19 07:18:17,044 [INFO]   S2 Ep  18/80  loss=1.1696 acc=67.9%  val=87.9%  lr=4.59e-05    47s
2026-03-19 07:18:17,196 [INFO]   ★ best 87.93%
2026-03-19 07:19:04,425 [INFO]   S2 Ep  19/80  loss=1.1233 acc=70.0%  val=88.3%  lr=4.53e-05    47s
2026-03-19 07:19:04,573 [INFO]   ★ best 88.30%
2026-03-19 07:19:51,764 [INFO]   S2 Ep  20/80  loss=1.1714 acc=68.1%  val=88.1%  lr=4.47e-05    47s
2026-03-19 07:20:38,986 [INFO]   S2 Ep  21/80  loss=1.1438 acc=68.9%  val=88.3%  lr=4.41e-05    47s
2026-03-19 07:21:26,194 [INFO]   S2 Ep  22/80  loss=1.1372 acc=69.4%  val=87.6%  lr=4.34e-05    47s
2026-03-19 07:22:13,456 [INFO]   S2 Ep  23/80  loss=1.1141 acc=70.7%  val=87.6%  lr=4.27e-05    47s
2026-03-19 07:23:00,688 [INFO]   S2 Ep  24/80  loss=1.1635 acc=68.5%  val=87.6%  lr=4.19e-05    47s
2026-03-19 07:23:47,950 [INFO]   S2 Ep  25/80  loss=1.1320 acc=69.2%  val=88.2%  lr=4.12e-05    47s
2026-03-19 07:24:35,184 [INFO]   S2 Ep  26/80  loss=1.1146 acc=70.5%  val=88.1%  lr=4.04e-05    47s
2026-03-19 07:25:22,434 [INFO]   S2 Ep  27/80  loss=1.1243 acc=69.6%  val=88.1%  lr=3.95e-05    47s
2026-03-19 07:26:09,782 [INFO]   S2 Ep  28/80  loss=1.0896 acc=72.1%  val=88.2%  lr=3.87e-05    47s
2026-03-19 07:26:57,000 [INFO]   S2 Ep  29/80  loss=1.1042 acc=70.9%  val=88.2%  lr=3.78e-05    47s
2026-03-19 07:27:44,298 [INFO]   S2 Ep  30/80  loss=1.1107 acc=70.4%  val=87.8%  lr=3.69e-05    47s
2026-03-19 07:28:31,542 [INFO]   S2 Ep  31/80  loss=1.1002 acc=71.8%  val=88.0%  lr=3.60e-05    47s
2026-03-19 07:29:18,760 [INFO]   S2 Ep  32/80  loss=1.1297 acc=69.7%  val=88.3%  lr=3.50e-05    47s
2026-03-19 07:30:05,986 [INFO]   S2 Ep  33/80  loss=1.1085 acc=70.7%  val=88.6%  lr=3.41e-05    47s
2026-03-19 07:30:06,146 [INFO]   ★ best 88.61%
2026-03-19 07:30:53,317 [INFO]   S2 Ep  34/80  loss=1.1437 acc=69.3%  val=88.8%  lr=3.31e-05    47s
2026-03-19 07:30:53,471 [INFO]   ★ best 88.84%
2026-03-19 07:31:40,787 [INFO]   S2 Ep  35/80  loss=1.1353 acc=68.8%  val=88.9%  lr=3.21e-05    47s
2026-03-19 07:31:40,941 [INFO]   ★ best 88.95%
2026-03-19 07:32:28,285 [INFO]   S2 Ep  36/80  loss=1.1178 acc=70.4%  val=88.2%  lr=3.11e-05    47s
2026-03-19 07:33:15,594 [INFO]   S2 Ep  37/80  loss=1.1164 acc=69.9%  val=88.7%  lr=3.01e-05    47s
2026-03-19 07:34:02,773 [INFO]   S2 Ep  38/80  loss=1.0984 acc=70.8%  val=88.6%  lr=2.91e-05    47s
2026-03-19 07:34:49,987 [INFO]   S2 Ep  39/80  loss=1.1150 acc=69.8%  val=88.5%  lr=2.81e-05    47s
2026-03-19 07:35:37,256 [INFO]   S2 Ep  40/80  loss=1.1022 acc=70.3%  val=88.7%  lr=2.71e-05    47s
2026-03-19 07:36:24,483 [INFO]   S2 Ep  41/80  loss=1.1214 acc=69.6%  val=88.8%  lr=2.60e-05    47s
2026-03-19 07:37:11,777 [INFO]   S2 Ep  42/80  loss=1.0987 acc=71.0%  val=88.8%  lr=2.50e-05    47s
2026-03-19 07:37:59,044 [INFO]   S2 Ep  43/80  loss=1.0709 acc=72.2%  val=88.8%  lr=2.40e-05    47s
2026-03-19 07:38:46,230 [INFO]   S2 Ep  44/80  loss=1.0709 acc=72.6%  val=88.4%  lr=2.29e-05    47s
2026-03-19 07:39:33,359 [INFO]   S2 Ep  45/80  loss=1.1019 acc=70.9%  val=88.4%  lr=2.19e-05    47s
2026-03-19 07:40:20,581 [INFO]   S2 Ep  46/80  loss=1.0598 acc=72.9%  val=88.6%  lr=2.09e-05    47s
2026-03-19 07:41:07,951 [INFO]   S2 Ep  47/80  loss=1.0649 acc=73.0%  val=88.7%  lr=1.99e-05    47s
2026-03-19 07:41:55,283 [INFO]   S2 Ep  48/80  loss=1.1051 acc=71.3%  val=88.8%  lr=1.89e-05    47s
2026-03-19 07:42:42,568 [INFO]   S2 Ep  49/80  loss=1.1201 acc=69.6%  val=88.7%  lr=1.79e-05    47s
2026-03-19 07:43:29,806 [INFO]   S2 Ep  50/80  loss=1.0901 acc=70.4%  val=89.2%  lr=1.69e-05    47s
2026-03-19 07:43:29,956 [INFO]   ★ best 89.18%
2026-03-19 07:44:17,216 [INFO]   S2 Ep  51/80  loss=1.1174 acc=69.9%  val=88.5%  lr=1.59e-05    47s
2026-03-19 07:45:04,498 [INFO]   S2 Ep  52/80  loss=1.1190 acc=70.2%  val=88.9%  lr=1.50e-05    47s
2026-03-19 07:45:51,668 [INFO]   S2 Ep  53/80  loss=1.0863 acc=72.2%  val=89.0%  lr=1.40e-05    47s
2026-03-19 07:46:39,002 [INFO]   S2 Ep  54/80  loss=1.0990 acc=71.6%  val=88.9%  lr=1.31e-05    47s
2026-03-19 07:47:26,312 [INFO]   S2 Ep  55/80  loss=1.0993 acc=71.1%  val=88.7%  lr=1.22e-05    47s
2026-03-19 07:48:13,615 [INFO]   S2 Ep  56/80  loss=1.0873 acc=71.2%  val=88.9%  lr=1.13e-05    47s
2026-03-19 07:49:00,877 [INFO]   S2 Ep  57/80  loss=1.0667 acc=72.6%  val=88.9%  lr=1.05e-05    47s
2026-03-19 07:49:48,160 [INFO]   S2 Ep  58/80  loss=1.0764 acc=71.8%  val=88.6%  lr=9.64e-06    47s
2026-03-19 07:50:35,381 [INFO]   S2 Ep  59/80  loss=1.0509 acc=72.8%  val=88.7%  lr=8.84e-06    47s
2026-03-19 07:51:22,616 [INFO]   S2 Ep  60/80  loss=1.0285 acc=74.3%  val=88.7%  lr=8.07e-06    47s
2026-03-19 07:52:09,920 [INFO]   S2 Ep  61/80  loss=1.0734 acc=71.0%  val=88.7%  lr=7.32e-06    47s
2026-03-19 07:52:57,235 [INFO]   S2 Ep  62/80  loss=1.0777 acc=71.4%  val=88.5%  lr=6.61e-06    47s
2026-03-19 07:53:44,538 [INFO]   S2 Ep  63/80  loss=1.0576 acc=73.1%  val=88.5%  lr=5.92e-06    47s
2026-03-19 07:54:31,872 [INFO]   S2 Ep  64/80  loss=1.0291 acc=73.6%  val=88.9%  lr=5.27e-06    47s
2026-03-19 07:55:19,106 [INFO]   S2 Ep  65/80  loss=1.0255 acc=74.7%  val=88.8%  lr=4.65e-06    47s
2026-03-19 07:56:06,291 [INFO]   S2 Ep  66/80  loss=1.0663 acc=72.4%  val=88.7%  lr=4.07e-06    47s
2026-03-19 07:56:53,538 [INFO]   S2 Ep  67/80  loss=1.0452 acc=72.9%  val=89.0%  lr=3.52e-06    47s
2026-03-19 07:57:40,746 [INFO]   S2 Ep  68/80  loss=1.0454 acc=73.7%  val=88.9%  lr=3.01e-06    47s
2026-03-19 07:58:28,035 [INFO]   S2 Ep  69/80  loss=1.0064 acc=74.6%  val=88.8%  lr=2.54e-06    47s
2026-03-19 07:59:15,274 [INFO]   S2 Ep  70/80  loss=1.0606 acc=72.2%  val=89.0%  lr=2.11e-06    47s
2026-03-19 08:00:02,527 [INFO]   S2 Ep  71/80  loss=1.0545 acc=72.4%  val=88.6%  lr=1.71e-06    47s
2026-03-19 08:00:49,781 [INFO]   S2 Ep  72/80  loss=1.0264 acc=73.8%  val=88.8%  lr=1.36e-06    47s
2026-03-19 08:01:37,089 [INFO]   S2 Ep  73/80  loss=1.0755 acc=72.3%  val=89.0%  lr=1.04e-06    47s
2026-03-19 08:02:24,246 [INFO]   S2 Ep  74/80  loss=1.0541 acc=72.5%  val=89.1%  lr=7.66e-07    47s
2026-03-19 08:03:11,551 [INFO]   S2 Ep  75/80  loss=1.0767 acc=71.8%  val=89.0%  lr=5.33e-07    47s
2026-03-19 08:03:58,763 [INFO]   S2 Ep  76/80  loss=1.0059 acc=75.1%  val=89.0%  lr=3.42e-07    47s
2026-03-19 08:04:46,023 [INFO]   S2 Ep  77/80  loss=1.0439 acc=73.2%  val=88.9%  lr=1.94e-07    47s
2026-03-19 08:05:33,274 [INFO]   S2 Ep  78/80  loss=1.0667 acc=71.9%  val=89.0%  lr=8.71e-08    47s
2026-03-19 08:06:20,594 [INFO]   S2 Ep  79/80  loss=1.0448 acc=73.5%  val=89.0%  lr=2.32e-08    47s
2026-03-19 08:07:07,836 [INFO]   S2 Ep  80/80  loss=1.0543 acc=73.2%  val=89.0%  lr=2.00e-09    47s
2026-03-19 08:07:07,836 [INFO]   Early stop at ep 80
2026-03-19 08:07:07,837 [INFO] ── Stage 3: SWA (15 ep, lr=5.0e-06) ──
2026-03-19 08:07:55,100 [INFO]   SWA Ep  1/15  loss=1.0671  swa_val=88.9%  47s
2026-03-19 08:08:42,369 [INFO]   SWA Ep  2/15  loss=1.0393  swa_val=88.8%  47s
2026-03-19 08:09:29,577 [INFO]   SWA Ep  3/15  loss=1.0912  swa_val=88.8%  47s
2026-03-19 08:10:16,796 [INFO]   SWA Ep  4/15  loss=1.1278  swa_val=88.8%  47s
2026-03-19 08:11:03,951 [INFO]   SWA Ep  5/15  loss=1.0731  swa_val=88.9%  47s
2026-03-19 08:11:51,211 [INFO]   SWA Ep  6/15  loss=1.0751  swa_val=88.9%  47s
2026-03-19 08:12:38,533 [INFO]   SWA Ep  7/15  loss=1.0865  swa_val=89.0%  47s
2026-03-19 08:13:25,746 [INFO]   SWA Ep  8/15  loss=1.1038  swa_val=89.0%  47s
2026-03-19 08:14:12,940 [INFO]   SWA Ep  9/15  loss=1.0537  swa_val=89.0%  47s
2026-03-19 08:15:00,213 [INFO]   SWA Ep 10/15  loss=1.0922  swa_val=89.1%  47s
2026-03-19 08:15:47,492 [INFO]   SWA Ep 11/15  loss=1.0597  swa_val=89.2%  47s
2026-03-19 08:16:34,630 [INFO]   SWA Ep 12/15  loss=1.1160  swa_val=89.1%  47s
2026-03-19 08:17:21,813 [INFO]   SWA Ep 13/15  loss=1.1022  swa_val=89.0%  47s
2026-03-19 08:18:09,059 [INFO]   SWA Ep 14/15  loss=1.0346  swa_val=89.1%  47s
2026-03-19 08:18:56,163 [INFO]   SWA Ep 15/15  loss=1.0387  swa_val=89.1%  47s
2026-03-19 08:18:56,163 [INFO]   Updating BN stats for SWA model …
2026-03-19 08:18:58,864 [INFO]   SWA final: 89.08% (regular best: 89.18%)
2026-03-19 08:18:58,864 [INFO]   Fold 2 best: 89.18%
2026-03-19 08:19:00,462 [INFO] ================================================================
2026-03-19 08:19:00,462 [INFO] FOLD 3 / 5
2026-03-19 08:19:00,462 [INFO] ================================================================
2026-03-19 08:19:00,465 [INFO]   Train: 11794 | Val: 2948
2026-03-19 08:19:00,674 [INFO] Loading pretrained weights from Hugging Face hub (timm/convnextv2_tiny.fcmae_ft_in22k_in1k)
2026-03-19 08:19:00,746 [INFO] HTTP Request: HEAD https://huggingface.co/timm/convnextv2_tiny.fcmae_ft_in22k_in1k/resolve/main/model.safetensors "HTTP/1.1 302 Found"
2026-03-19 08:19:00,747 [INFO] [timm/convnextv2_tiny.fcmae_ft_in22k_in1k] Safe alternative available for 'pytorch_model.bin' (as 'model.safetensors'). Loading weights using safetensors.
2026-03-19 08:19:00,765 [INFO] Missing keys (head.fc.weight, head.fc.bias) discovered while loading pretrained weights. This is expected if model is being adapted.
2026-03-19 08:19:00,888 [INFO]   Born-again ← best_fold2.pt (val 91.25%)
2026-03-19 08:19:00,889 [INFO] ── Stage 1: head warmup (5 ep) ──
2026-03-19 08:19:22,738 [INFO]   S1 Ep 1/5  loss=1.6512 acc=42.9%  val=52.9%  22s
2026-03-19 08:19:22,855 [INFO]   ★ best 52.92%
2026-03-19 08:19:36,820 [INFO]   S1 Ep 2/5  loss=1.4408 acc=52.1%  val=61.8%  14s
2026-03-19 08:19:36,965 [INFO]   ★ best 61.84%
2026-03-19 08:19:50,972 [INFO]   S1 Ep 3/5  loss=1.3590 acc=56.3%  val=64.2%  14s
2026-03-19 08:19:51,120 [INFO]   ★ best 64.18%
2026-03-19 08:20:05,122 [INFO]   S1 Ep 4/5  loss=1.3119 acc=58.4%  val=65.0%  14s
2026-03-19 08:20:05,262 [INFO]   ★ best 64.99%
2026-03-19 08:20:19,260 [INFO]   S1 Ep 5/5  loss=1.2978 acc=59.0%  val=65.2%  14s
2026-03-19 08:20:19,411 [INFO]   ★ best 65.16%
2026-03-19 08:20:19,412 [INFO] ── Stage 2: full fine-tune (80 ep, patience 30) ──
2026-03-19 08:20:19,413 [INFO] LLRD: 12 groups, LR [1.19e-05 … 5.00e-05]
2026-03-19 08:21:06,687 [INFO]   S2 Ep   1/80  loss=1.6923 acc=45.1%  val=81.4%  lr=9.04e-06    47s
2026-03-19 08:21:06,830 [INFO]   ★ best 81.38%
2026-03-19 08:21:54,091 [INFO]   S2 Ep   2/80  loss=1.4570 acc=56.6%  val=86.5%  lr=2.60e-05    47s
2026-03-19 08:21:54,244 [INFO]   ★ best 86.50%
2026-03-19 08:22:41,600 [INFO]   S2 Ep   3/80  loss=1.3767 acc=60.0%  val=87.9%  lr=4.30e-05    47s
2026-03-19 08:22:41,761 [INFO]   ★ best 87.86%
2026-03-19 08:23:29,041 [INFO]   S2 Ep   4/80  loss=1.3058 acc=62.2%  val=87.8%  lr=5.00e-05    47s
2026-03-19 08:24:16,330 [INFO]   S2 Ep   5/80  loss=1.2797 acc=63.5%  val=88.1%  lr=5.00e-05    47s
2026-03-19 08:24:16,488 [INFO]   ★ best 88.13%
2026-03-19 08:25:03,701 [INFO]   S2 Ep   6/80  loss=1.2316 acc=66.4%  val=88.3%  lr=4.99e-05    47s
2026-03-19 08:25:03,850 [INFO]   ★ best 88.26%
2026-03-19 08:25:51,169 [INFO]   S2 Ep   7/80  loss=1.2191 acc=65.8%  val=88.7%  lr=4.98e-05    47s
2026-03-19 08:25:51,326 [INFO]   ★ best 88.74%
2026-03-19 08:26:38,592 [INFO]   S2 Ep   8/80  loss=1.2006 acc=66.5%  val=88.2%  lr=4.97e-05    47s
2026-03-19 08:27:25,863 [INFO]   S2 Ep   9/80  loss=1.2320 acc=65.4%  val=88.6%  lr=4.95e-05    47s
2026-03-19 08:28:13,131 [INFO]   S2 Ep  10/80  loss=1.1635 acc=68.6%  val=88.6%  lr=4.92e-05    47s
2026-03-19 08:29:00,316 [INFO]   S2 Ep  11/80  loss=1.1800 acc=66.9%  val=88.1%  lr=4.90e-05    47s
2026-03-19 08:29:47,564 [INFO]   S2 Ep  12/80  loss=1.1751 acc=67.9%  val=88.9%  lr=4.86e-05    47s
2026-03-19 08:29:47,715 [INFO]   ★ best 88.87%
2026-03-19 08:30:35,118 [INFO]   S2 Ep  13/80  loss=1.1699 acc=68.1%  val=88.7%  lr=4.83e-05    47s
2026-03-19 08:31:22,413 [INFO]   S2 Ep  14/80  loss=1.1792 acc=67.3%  val=88.9%  lr=4.79e-05    47s
2026-03-19 08:31:22,570 [INFO]   ★ best 88.91%
2026-03-19 08:32:09,844 [INFO]   S2 Ep  15/80  loss=1.2064 acc=65.9%  val=89.2%  lr=4.75e-05    47s
2026-03-19 08:32:10,003 [INFO]   ★ best 89.21%
2026-03-19 08:32:57,242 [INFO]   S2 Ep  16/80  loss=1.1423 acc=69.2%  val=88.3%  lr=4.70e-05    47s
2026-03-19 08:33:44,526 [INFO]   S2 Ep  17/80  loss=1.1372 acc=69.8%  val=88.9%  lr=4.65e-05    47s
2026-03-19 08:34:31,765 [INFO]   S2 Ep  18/80  loss=1.1470 acc=69.0%  val=88.9%  lr=4.59e-05    47s
2026-03-19 08:35:19,074 [INFO]   S2 Ep  19/80  loss=1.1447 acc=69.4%  val=88.6%  lr=4.53e-05    47s
2026-03-19 08:36:06,378 [INFO]   S2 Ep  20/80  loss=1.1774 acc=68.0%  val=89.0%  lr=4.47e-05    47s
2026-03-19 08:36:53,688 [INFO]   S2 Ep  21/80  loss=1.1803 acc=67.5%  val=89.0%  lr=4.41e-05    47s
2026-03-19 08:37:41,106 [INFO]   S2 Ep  22/80  loss=1.1660 acc=68.1%  val=89.1%  lr=4.34e-05    47s
2026-03-19 08:38:28,368 [INFO]   S2 Ep  23/80  loss=1.1151 acc=70.5%  val=89.1%  lr=4.27e-05    47s
2026-03-19 08:39:15,686 [INFO]   S2 Ep  24/80  loss=1.1259 acc=69.7%  val=88.8%  lr=4.19e-05    47s
2026-03-19 08:40:02,996 [INFO]   S2 Ep  25/80  loss=1.1235 acc=70.0%  val=89.4%  lr=4.12e-05    47s
2026-03-19 08:40:03,166 [INFO]   ★ best 89.38%
2026-03-19 08:40:50,418 [INFO]   S2 Ep  26/80  loss=1.1346 acc=69.0%  val=88.8%  lr=4.04e-05    47s
2026-03-19 08:41:37,733 [INFO]   S2 Ep  27/80  loss=1.1451 acc=69.3%  val=89.0%  lr=3.95e-05    47s
2026-03-19 08:42:24,983 [INFO]   S2 Ep  28/80  loss=1.1215 acc=70.5%  val=88.7%  lr=3.87e-05    47s
2026-03-19 08:43:12,307 [INFO]   S2 Ep  29/80  loss=1.1176 acc=70.4%  val=88.5%  lr=3.78e-05    47s
2026-03-19 08:43:59,535 [INFO]   S2 Ep  30/80  loss=1.0974 acc=71.6%  val=88.9%  lr=3.69e-05    47s
2026-03-19 08:44:46,871 [INFO]   S2 Ep  31/80  loss=1.1236 acc=69.7%  val=89.6%  lr=3.60e-05    47s
2026-03-19 08:44:47,029 [INFO]   ★ best 89.59%
2026-03-19 08:45:34,371 [INFO]   S2 Ep  32/80  loss=1.1522 acc=68.9%  val=88.7%  lr=3.50e-05    47s
2026-03-19 08:46:21,651 [INFO]   S2 Ep  33/80  loss=1.0983 acc=70.9%  val=89.0%  lr=3.41e-05    47s
2026-03-19 08:47:08,923 [INFO]   S2 Ep  34/80  loss=1.1432 acc=69.1%  val=89.0%  lr=3.31e-05    47s
2026-03-19 08:47:56,222 [INFO]   S2 Ep  35/80  loss=1.1230 acc=70.0%  val=89.1%  lr=3.21e-05    47s
2026-03-19 08:48:43,514 [INFO]   S2 Ep  36/80  loss=1.0944 acc=71.4%  val=89.0%  lr=3.11e-05    47s
2026-03-19 08:49:30,804 [INFO]   S2 Ep  37/80  loss=1.1368 acc=68.7%  val=89.8%  lr=3.01e-05    47s
2026-03-19 08:49:30,977 [INFO]   ★ best 89.79%
2026-03-19 08:50:18,293 [INFO]   S2 Ep  38/80  loss=1.1301 acc=69.5%  val=89.1%  lr=2.91e-05    47s
2026-03-19 08:51:05,534 [INFO]   S2 Ep  39/80  loss=1.1223 acc=69.5%  val=89.5%  lr=2.81e-05    47s
2026-03-19 08:51:52,875 [INFO]   S2 Ep  40/80  loss=1.0897 acc=71.2%  val=89.3%  lr=2.71e-05    47s
2026-03-19 08:52:40,127 [INFO]   S2 Ep  41/80  loss=1.0654 acc=71.7%  val=89.8%  lr=2.60e-05    47s
2026-03-19 08:53:27,408 [INFO]   S2 Ep  42/80  loss=1.0660 acc=72.3%  val=89.1%  lr=2.50e-05    47s
2026-03-19 08:54:14,636 [INFO]   S2 Ep  43/80  loss=1.1105 acc=70.3%  val=89.1%  lr=2.40e-05    47s
2026-03-19 08:55:01,947 [INFO]   S2 Ep  44/80  loss=1.0876 acc=71.9%  val=89.7%  lr=2.29e-05    47s
2026-03-19 08:55:49,203 [INFO]   S2 Ep  45/80  loss=1.0847 acc=71.1%  val=89.5%  lr=2.19e-05    47s
2026-03-19 08:56:36,501 [INFO]   S2 Ep  46/80  loss=1.0741 acc=72.5%  val=89.9%  lr=2.09e-05    47s
2026-03-19 08:56:36,650 [INFO]   ★ best 89.93%
2026-03-19 08:57:23,928 [INFO]   S2 Ep  47/80  loss=1.0909 acc=71.3%  val=89.7%  lr=1.99e-05    47s
2026-03-19 08:58:11,249 [INFO]   S2 Ep  48/80  loss=1.0760 acc=71.8%  val=89.9%  lr=1.89e-05    47s
2026-03-19 08:58:58,534 [INFO]   S2 Ep  49/80  loss=1.1162 acc=69.9%  val=89.6%  lr=1.79e-05    47s
2026-03-19 08:59:45,888 [INFO]   S2 Ep  50/80  loss=1.0639 acc=72.2%  val=89.7%  lr=1.69e-05    47s
2026-03-19 09:00:33,135 [INFO]   S2 Ep  51/80  loss=1.0669 acc=71.5%  val=89.6%  lr=1.59e-05    47s
2026-03-19 09:01:20,430 [INFO]   S2 Ep  52/80  loss=1.1097 acc=70.2%  val=89.3%  lr=1.50e-05    47s
2026-03-19 09:02:07,683 [INFO]   S2 Ep  53/80  loss=1.0865 acc=71.0%  val=89.2%  lr=1.40e-05    47s
2026-03-19 09:02:54,858 [INFO]   S2 Ep  54/80  loss=1.1143 acc=70.1%  val=89.3%  lr=1.31e-05    47s
2026-03-19 09:03:42,171 [INFO]   S2 Ep  55/80  loss=1.0848 acc=71.0%  val=89.3%  lr=1.22e-05    47s
2026-03-19 09:04:29,428 [INFO]   S2 Ep  56/80  loss=1.0738 acc=72.0%  val=89.3%  lr=1.13e-05    47s
2026-03-19 09:05:16,632 [INFO]   S2 Ep  57/80  loss=1.0619 acc=72.8%  val=89.7%  lr=1.05e-05    47s
2026-03-19 09:06:03,951 [INFO]   S2 Ep  58/80  loss=1.0643 acc=72.3%  val=89.7%  lr=9.64e-06    47s
2026-03-19 09:06:51,261 [INFO]   S2 Ep  59/80  loss=1.1013 acc=70.7%  val=89.5%  lr=8.84e-06    47s
2026-03-19 09:07:38,509 [INFO]   S2 Ep  60/80  loss=1.0795 acc=71.5%  val=89.9%  lr=8.07e-06    47s
2026-03-19 09:08:25,792 [INFO]   S2 Ep  61/80  loss=1.0522 acc=72.5%  val=89.7%  lr=7.32e-06    47s
2026-03-19 09:09:12,964 [INFO]   S2 Ep  62/80  loss=1.0361 acc=73.9%  val=89.9%  lr=6.61e-06    47s
2026-03-19 09:10:00,254 [INFO]   S2 Ep  63/80  loss=1.0468 acc=72.9%  val=89.7%  lr=5.92e-06    47s
2026-03-19 09:10:47,625 [INFO]   S2 Ep  64/80  loss=1.0663 acc=72.5%  val=89.9%  lr=5.27e-06    47s
2026-03-19 09:11:34,859 [INFO]   S2 Ep  65/80  loss=1.0749 acc=71.5%  val=89.8%  lr=4.65e-06    47s
2026-03-19 09:12:22,112 [INFO]   S2 Ep  66/80  loss=1.0444 acc=72.9%  val=89.9%  lr=4.07e-06    47s
2026-03-19 09:13:09,384 [INFO]   S2 Ep  67/80  loss=1.0488 acc=72.8%  val=89.7%  lr=3.52e-06    47s
2026-03-19 09:13:56,689 [INFO]   S2 Ep  68/80  loss=1.0425 acc=73.4%  val=89.9%  lr=3.01e-06    47s
2026-03-19 09:14:43,994 [INFO]   S2 Ep  69/80  loss=1.0681 acc=71.9%  val=89.7%  lr=2.54e-06    47s
2026-03-19 09:15:31,219 [INFO]   S2 Ep  70/80  loss=1.0377 acc=73.7%  val=89.8%  lr=2.11e-06    47s
2026-03-19 09:16:18,421 [INFO]   S2 Ep  71/80  loss=1.0458 acc=72.9%  val=89.9%  lr=1.71e-06    47s
2026-03-19 09:17:05,717 [INFO]   S2 Ep  72/80  loss=1.0709 acc=71.9%  val=90.0%  lr=1.36e-06    47s
2026-03-19 09:17:05,874 [INFO]   ★ best 90.03%
2026-03-19 09:17:53,128 [INFO]   S2 Ep  73/80  loss=1.0509 acc=72.4%  val=90.1%  lr=1.04e-06    47s
2026-03-19 09:17:53,282 [INFO]   ★ best 90.09%
2026-03-19 09:18:40,559 [INFO]   S2 Ep  74/80  loss=1.0512 acc=72.9%  val=90.1%  lr=7.66e-07    47s
2026-03-19 09:18:40,702 [INFO]   ★ best 90.13%
2026-03-19 09:19:27,976 [INFO]   S2 Ep  75/80  loss=1.0722 acc=71.4%  val=90.0%  lr=5.33e-07    47s
2026-03-19 09:20:15,234 [INFO]   S2 Ep  76/80  loss=1.0604 acc=72.6%  val=90.0%  lr=3.42e-07    47s
2026-03-19 09:21:02,621 [INFO]   S2 Ep  77/80  loss=1.0444 acc=73.0%  val=90.1%  lr=1.94e-07    47s
2026-03-19 09:21:49,970 [INFO]   S2 Ep  78/80  loss=1.0759 acc=70.9%  val=90.0%  lr=8.71e-08    47s
2026-03-19 09:22:37,237 [INFO]   S2 Ep  79/80  loss=1.0881 acc=71.0%  val=90.0%  lr=2.32e-08    47s
2026-03-19 09:23:24,529 [INFO]   S2 Ep  80/80  loss=1.0885 acc=70.6%  val=90.0%  lr=2.00e-09    47s
2026-03-19 09:23:24,530 [INFO] ── Stage 3: SWA (15 ep, lr=5.0e-06) ──
2026-03-19 09:24:12,140 [INFO]   SWA Ep  1/15  loss=1.0722  swa_val=90.3%  47s
2026-03-19 09:24:59,397 [INFO]   SWA Ep  2/15  loss=1.0914  swa_val=90.0%  47s
2026-03-19 09:25:46,651 [INFO]   SWA Ep  3/15  loss=1.0703  swa_val=90.0%  47s
2026-03-19 09:26:33,897 [INFO]   SWA Ep  4/15  loss=1.0661  swa_val=89.9%  47s
2026-03-19 09:27:21,153 [INFO]   SWA Ep  5/15  loss=1.0512  swa_val=89.9%  47s
2026-03-19 09:28:08,397 [INFO]   SWA Ep  6/15  loss=1.0604  swa_val=89.8%  47s
2026-03-19 09:28:55,580 [INFO]   SWA Ep  7/15  loss=1.0245  swa_val=89.8%  47s
2026-03-19 09:29:42,817 [INFO]   SWA Ep  8/15  loss=1.0594  swa_val=89.8%  47s
2026-03-19 09:30:30,025 [INFO]   SWA Ep  9/15  loss=1.0460  swa_val=89.9%  47s
2026-03-19 09:31:17,320 [INFO]   SWA Ep 10/15  loss=1.0865  swa_val=89.9%  47s
2026-03-19 09:32:04,483 [INFO]   SWA Ep 11/15  loss=1.0391  swa_val=89.9%  47s
2026-03-19 09:32:51,686 [INFO]   SWA Ep 12/15  loss=1.0325  swa_val=90.0%  47s
2026-03-19 09:33:38,882 [INFO]   SWA Ep 13/15  loss=1.0797  swa_val=90.1%  47s
2026-03-19 09:34:26,069 [INFO]   SWA Ep 14/15  loss=1.0759  swa_val=90.1%  47s
2026-03-19 09:35:13,323 [INFO]   SWA Ep 15/15  loss=1.0774  swa_val=90.2%  47s
2026-03-19 09:35:13,324 [INFO]   Updating BN stats for SWA model …
2026-03-19 09:35:16,093 [INFO]   SWA final: 90.16% (regular best: 90.13%)
2026-03-19 09:35:16,247 [INFO]   ★ SWA beats regular! 90.16%
2026-03-19 09:35:16,247 [INFO]   Fold 3 best: 90.16%
2026-03-19 09:35:17,853 [INFO] ================================================================
2026-03-19 09:35:17,853 [INFO] FOLD 4 / 5
2026-03-19 09:35:17,853 [INFO] ================================================================
2026-03-19 09:35:17,856 [INFO]   Train: 11794 | Val: 2948
2026-03-19 09:35:18,069 [INFO] Loading pretrained weights from Hugging Face hub (timm/convnextv2_tiny.fcmae_ft_in22k_in1k)
2026-03-19 09:35:18,135 [INFO] HTTP Request: HEAD https://huggingface.co/timm/convnextv2_tiny.fcmae_ft_in22k_in1k/resolve/main/model.safetensors "HTTP/1.1 302 Found"
2026-03-19 09:35:18,137 [INFO] [timm/convnextv2_tiny.fcmae_ft_in22k_in1k] Safe alternative available for 'pytorch_model.bin' (as 'model.safetensors'). Loading weights using safetensors.
2026-03-19 09:35:18,153 [INFO] Missing keys (head.fc.weight, head.fc.bias) discovered while loading pretrained weights. This is expected if model is being adapted.
2026-03-19 09:35:18,262 [INFO]   Born-again ← best_fold3.pt (val 90.98%)
2026-03-19 09:35:18,263 [INFO] ── Stage 1: head warmup (5 ep) ──
2026-03-19 09:35:34,413 [INFO]   S1 Ep 1/5  loss=1.6232 acc=44.3%  val=53.5%  16s
2026-03-19 09:35:34,530 [INFO]   ★ best 53.53%
2026-03-19 09:35:48,562 [INFO]   S1 Ep 2/5  loss=1.4125 acc=53.3%  val=62.0%  14s
2026-03-19 09:35:48,714 [INFO]   ★ best 61.97%
2026-03-19 09:36:02,737 [INFO]   S1 Ep 3/5  loss=1.3505 acc=56.7%  val=64.3%  14s
2026-03-19 09:36:02,893 [INFO]   ★ best 64.35%
2026-03-19 09:36:16,854 [INFO]   S1 Ep 4/5  loss=1.2962 acc=58.5%  val=64.9%  14s
2026-03-19 09:36:17,007 [INFO]   ★ best 64.93%
2026-03-19 09:36:31,032 [INFO]   S1 Ep 5/5  loss=1.2806 acc=59.6%  val=65.4%  14s
2026-03-19 09:36:31,183 [INFO]   ★ best 65.37%
2026-03-19 09:36:31,183 [INFO] ── Stage 2: full fine-tune (80 ep, patience 30) ──
2026-03-19 09:36:31,185 [INFO] LLRD: 12 groups, LR [1.19e-05 … 5.00e-05]
2026-03-19 09:37:18,433 [INFO]   S2 Ep   1/80  loss=1.6765 acc=46.4%  val=80.3%  lr=9.04e-06    47s
2026-03-19 09:37:18,600 [INFO]   ★ best 80.26%
2026-03-19 09:38:05,968 [INFO]   S2 Ep   2/80  loss=1.4628 acc=56.4%  val=85.7%  lr=2.60e-05    47s
2026-03-19 09:38:06,124 [INFO]   ★ best 85.65%
2026-03-19 09:38:53,455 [INFO]   S2 Ep   3/80  loss=1.3372 acc=61.6%  val=87.9%  lr=4.30e-05    47s
2026-03-19 09:38:53,602 [INFO]   ★ best 87.86%
2026-03-19 09:39:40,953 [INFO]   S2 Ep   4/80  loss=1.2816 acc=63.7%  val=87.8%  lr=5.00e-05    47s
2026-03-19 09:40:28,264 [INFO]   S2 Ep   5/80  loss=1.3061 acc=63.0%  val=88.2%  lr=5.00e-05    47s
2026-03-19 09:40:28,416 [INFO]   ★ best 88.23%
2026-03-19 09:41:15,673 [INFO]   S2 Ep   6/80  loss=1.2134 acc=66.5%  val=88.3%  lr=4.99e-05    47s
2026-03-19 09:41:15,827 [INFO]   ★ best 88.26%
2026-03-19 09:42:03,031 [INFO]   S2 Ep   7/80  loss=1.2137 acc=66.4%  val=88.8%  lr=4.98e-05    47s
2026-03-19 09:42:03,185 [INFO]   ★ best 88.84%
2026-03-19 09:42:50,432 [INFO]   S2 Ep   8/80  loss=1.1855 acc=67.6%  val=88.8%  lr=4.97e-05    47s
2026-03-19 09:43:37,698 [INFO]   S2 Ep   9/80  loss=1.2129 acc=65.6%  val=88.8%  lr=4.95e-05    47s
2026-03-19 09:44:25,009 [INFO]   S2 Ep  10/80  loss=1.1708 acc=67.9%  val=89.1%  lr=4.92e-05    47s
2026-03-19 09:44:25,166 [INFO]   ★ best 89.11%
2026-03-19 09:45:12,506 [INFO]   S2 Ep  11/80  loss=1.2005 acc=66.5%  val=89.1%  lr=4.90e-05    47s
2026-03-19 09:45:59,753 [INFO]   S2 Ep  12/80  loss=1.1813 acc=67.7%  val=89.1%  lr=4.86e-05    47s
2026-03-19 09:46:47,070 [INFO]   S2 Ep  13/80  loss=1.1351 acc=69.7%  val=88.8%  lr=4.83e-05    47s
2026-03-19 09:47:34,329 [INFO]   S2 Ep  14/80  loss=1.1677 acc=68.2%  val=89.3%  lr=4.79e-05    47s
2026-03-19 09:47:34,489 [INFO]   ★ best 89.31%
2026-03-19 09:48:21,738 [INFO]   S2 Ep  15/80  loss=1.1800 acc=67.1%  val=89.1%  lr=4.75e-05    47s
2026-03-19 09:49:08,921 [INFO]   S2 Ep  16/80  loss=1.2126 acc=65.9%  val=89.0%  lr=4.70e-05    47s
2026-03-19 09:49:56,271 [INFO]   S2 Ep  17/80  loss=1.1687 acc=67.8%  val=89.1%  lr=4.65e-05    47s
2026-03-19 09:50:43,476 [INFO]   S2 Ep  18/80  loss=1.1784 acc=67.2%  val=89.2%  lr=4.59e-05    47s
2026-03-19 09:51:30,796 [INFO]   S2 Ep  19/80  loss=1.1400 acc=68.8%  val=88.9%  lr=4.53e-05    47s
2026-03-19 09:52:18,060 [INFO]   S2 Ep  20/80  loss=1.1739 acc=67.7%  val=89.6%  lr=4.47e-05    47s
2026-03-19 09:52:18,220 [INFO]   ★ best 89.55%
2026-03-19 09:53:05,507 [INFO]   S2 Ep  21/80  loss=1.1516 acc=68.7%  val=89.3%  lr=4.41e-05    47s
2026-03-19 09:53:52,840 [INFO]   S2 Ep  22/80  loss=1.1774 acc=67.6%  val=89.1%  lr=4.34e-05    47s
2026-03-19 09:54:40,158 [INFO]   S2 Ep  23/80  loss=1.1412 acc=69.2%  val=89.3%  lr=4.27e-05    47s
2026-03-19 09:55:27,331 [INFO]   S2 Ep  24/80  loss=1.1107 acc=70.1%  val=89.3%  lr=4.19e-05    47s
2026-03-19 09:56:14,597 [INFO]   S2 Ep  25/80  loss=1.1085 acc=70.6%  val=89.1%  lr=4.12e-05    47s
2026-03-19 09:57:01,819 [INFO]   S2 Ep  26/80  loss=1.1428 acc=68.8%  val=89.0%  lr=4.04e-05    47s
2026-03-19 09:57:49,142 [INFO]   S2 Ep  27/80  loss=1.0904 acc=71.8%  val=89.1%  lr=3.95e-05    47s
2026-03-19 09:58:36,418 [INFO]   S2 Ep  28/80  loss=1.1193 acc=70.4%  val=89.0%  lr=3.87e-05    47s
2026-03-19 09:59:23,678 [INFO]   S2 Ep  29/80  loss=1.1247 acc=69.8%  val=88.7%  lr=3.78e-05    47s
2026-03-19 10:00:10,994 [INFO]   S2 Ep  30/80  loss=1.1102 acc=70.9%  val=89.8%  lr=3.69e-05    47s
2026-03-19 10:00:11,161 [INFO]   ★ best 89.76%
2026-03-19 10:00:58,451 [INFO]   S2 Ep  31/80  loss=1.1453 acc=69.0%  val=89.8%  lr=3.60e-05    47s
2026-03-19 10:00:58,611 [INFO]   ★ best 89.82%
2026-03-19 10:01:45,959 [INFO]   S2 Ep  32/80  loss=1.0635 acc=72.7%  val=89.2%  lr=3.50e-05    47s
2026-03-19 10:02:33,361 [INFO]   S2 Ep  33/80  loss=1.1445 acc=68.8%  val=89.3%  lr=3.41e-05    47s
2026-03-19 10:03:20,665 [INFO]   S2 Ep  34/80  loss=1.0724 acc=72.3%  val=88.9%  lr=3.31e-05    47s
2026-03-19 10:04:08,021 [INFO]   S2 Ep  35/80  loss=1.1004 acc=70.8%  val=89.5%  lr=3.21e-05    47s
2026-03-19 10:04:55,359 [INFO]   S2 Ep  36/80  loss=1.1040 acc=71.0%  val=89.8%  lr=3.11e-05    47s
2026-03-19 10:05:42,619 [INFO]   S2 Ep  37/80  loss=1.1114 acc=70.1%  val=89.3%  lr=3.01e-05    47s
2026-03-19 10:06:29,942 [INFO]   S2 Ep  38/80  loss=1.0762 acc=72.3%  val=89.5%  lr=2.91e-05    47s
2026-03-19 10:07:17,205 [INFO]   S2 Ep  39/80  loss=1.1214 acc=69.5%  val=89.0%  lr=2.81e-05    47s
2026-03-19 10:08:04,329 [INFO]   S2 Ep  40/80  loss=1.1092 acc=70.7%  val=89.1%  lr=2.71e-05    47s
2026-03-19 10:08:51,622 [INFO]   S2 Ep  41/80  loss=1.0812 acc=71.6%  val=89.3%  lr=2.60e-05    47s
2026-03-19 10:09:38,898 [INFO]   S2 Ep  42/80  loss=1.0769 acc=72.1%  val=89.6%  lr=2.50e-05    47s
2026-03-19 10:10:26,173 [INFO]   S2 Ep  43/80  loss=1.1128 acc=70.6%  val=89.8%  lr=2.40e-05    47s
2026-03-19 10:11:13,533 [INFO]   S2 Ep  44/80  loss=1.0587 acc=72.4%  val=88.8%  lr=2.29e-05    47s
2026-03-19 10:12:00,787 [INFO]   S2 Ep  45/80  loss=1.0865 acc=71.4%  val=89.5%  lr=2.19e-05    47s
2026-03-19 10:12:48,141 [INFO]   S2 Ep  46/80  loss=1.0739 acc=71.6%  val=89.4%  lr=2.09e-05    47s
2026-03-19 10:13:35,402 [INFO]   S2 Ep  47/80  loss=1.0850 acc=71.6%  val=89.4%  lr=1.99e-05    47s
2026-03-19 10:14:22,667 [INFO]   S2 Ep  48/80  loss=1.0867 acc=72.0%  val=89.3%  lr=1.89e-05    47s
2026-03-19 10:15:09,864 [INFO]   S2 Ep  49/80  loss=1.1066 acc=70.4%  val=89.4%  lr=1.79e-05    47s
2026-03-19 10:15:57,169 [INFO]   S2 Ep  50/80  loss=1.0959 acc=70.7%  val=89.5%  lr=1.69e-05    47s
2026-03-19 10:16:44,484 [INFO]   S2 Ep  51/80  loss=1.0773 acc=71.6%  val=89.9%  lr=1.59e-05    47s
2026-03-19 10:16:44,648 [INFO]   ★ best 89.89%
2026-03-19 10:17:31,880 [INFO]   S2 Ep  52/80  loss=1.0882 acc=71.9%  val=90.0%  lr=1.50e-05    47s
2026-03-19 10:17:32,039 [INFO]   ★ best 89.99%
2026-03-19 10:18:19,319 [INFO]   S2 Ep  53/80  loss=1.0464 acc=72.8%  val=90.0%  lr=1.40e-05    47s
2026-03-19 10:19:06,701 [INFO]   S2 Ep  54/80  loss=1.0546 acc=72.6%  val=90.0%  lr=1.31e-05    47s
2026-03-19 10:19:53,925 [INFO]   S2 Ep  55/80  loss=1.0781 acc=72.3%  val=89.9%  lr=1.22e-05    47s
2026-03-19 10:20:41,221 [INFO]   S2 Ep  56/80  loss=1.0791 acc=70.4%  val=89.6%  lr=1.13e-05    47s
2026-03-19 10:21:28,403 [INFO]   S2 Ep  57/80  loss=1.0591 acc=72.9%  val=89.8%  lr=1.05e-05    47s
2026-03-19 10:22:15,690 [INFO]   S2 Ep  58/80  loss=1.1022 acc=70.5%  val=89.9%  lr=9.64e-06    47s
2026-03-19 10:23:02,994 [INFO]   S2 Ep  59/80  loss=1.0870 acc=71.5%  val=90.1%  lr=8.84e-06    47s
2026-03-19 10:23:03,160 [INFO]   ★ best 90.06%
2026-03-19 10:23:50,440 [INFO]   S2 Ep  60/80  loss=1.0881 acc=71.0%  val=90.1%  lr=8.07e-06    47s
2026-03-19 10:24:37,706 [INFO]   S2 Ep  61/80  loss=1.0777 acc=71.5%  val=89.9%  lr=7.32e-06    47s
2026-03-19 10:25:25,020 [INFO]   S2 Ep  62/80  loss=1.0518 acc=73.2%  val=89.8%  lr=6.61e-06    47s
2026-03-19 10:26:12,262 [INFO]   S2 Ep  63/80  loss=1.0653 acc=72.5%  val=89.9%  lr=5.92e-06    47s
2026-03-19 10:26:59,603 [INFO]   S2 Ep  64/80  loss=1.0709 acc=72.0%  val=90.1%  lr=5.27e-06    47s
2026-03-19 10:27:46,917 [INFO]   S2 Ep  65/80  loss=1.0304 acc=74.3%  val=90.0%  lr=4.65e-06    47s
2026-03-19 10:28:34,302 [INFO]   S2 Ep  66/80  loss=1.0154 acc=74.5%  val=89.8%  lr=4.07e-06    47s
2026-03-19 10:29:21,586 [INFO]   S2 Ep  67/80  loss=1.0732 acc=72.6%  val=89.9%  lr=3.52e-06    47s
2026-03-19 10:30:08,876 [INFO]   S2 Ep  68/80  loss=1.0787 acc=71.4%  val=89.9%  lr=3.01e-06    47s
2026-03-19 10:30:56,253 [INFO]   S2 Ep  69/80  loss=1.0347 acc=73.5%  val=90.0%  lr=2.54e-06    47s
2026-03-19 10:31:43,535 [INFO]   S2 Ep  70/80  loss=1.0505 acc=73.0%  val=90.0%  lr=2.11e-06    47s
2026-03-19 10:32:30,792 [INFO]   S2 Ep  71/80  loss=1.0374 acc=73.1%  val=90.1%  lr=1.71e-06    47s
2026-03-19 10:32:30,960 [INFO]   ★ best 90.13%
2026-03-19 10:33:18,204 [INFO]   S2 Ep  72/80  loss=1.1088 acc=69.8%  val=90.1%  lr=1.36e-06    47s
2026-03-19 10:34:05,555 [INFO]   S2 Ep  73/80  loss=1.0534 acc=72.6%  val=90.0%  lr=1.04e-06    47s
2026-03-19 10:34:52,896 [INFO]   S2 Ep  74/80  loss=1.0796 acc=71.1%  val=90.0%  lr=7.66e-07    47s
2026-03-19 10:35:40,155 [INFO]   S2 Ep  75/80  loss=1.0536 acc=72.6%  val=90.1%  lr=5.33e-07    47s
2026-03-19 10:36:27,321 [INFO]   S2 Ep  76/80  loss=1.0912 acc=70.7%  val=90.0%  lr=3.42e-07    47s
2026-03-19 10:37:14,638 [INFO]   S2 Ep  77/80  loss=1.0941 acc=70.5%  val=90.0%  lr=1.94e-07    47s
2026-03-19 10:38:01,950 [INFO]   S2 Ep  78/80  loss=1.0447 acc=73.1%  val=90.0%  lr=8.71e-08    47s
2026-03-19 10:38:49,310 [INFO]   S2 Ep  79/80  loss=1.0661 acc=71.8%  val=90.0%  lr=2.32e-08    47s
2026-03-19 10:39:36,587 [INFO]   S2 Ep  80/80  loss=1.0840 acc=71.5%  val=90.0%  lr=2.00e-09    47s
2026-03-19 10:39:36,588 [INFO] ── Stage 3: SWA (15 ep, lr=5.0e-06) ──
2026-03-19 10:40:23,963 [INFO]   SWA Ep  1/15  loss=1.0933  swa_val=89.8%  47s
2026-03-19 10:41:11,231 [INFO]   SWA Ep  2/15  loss=1.0798  swa_val=90.1%  47s
2026-03-19 10:41:58,408 [INFO]   SWA Ep  3/15  loss=1.0647  swa_val=90.2%  47s
2026-03-19 10:42:45,693 [INFO]   SWA Ep  4/15  loss=1.0437  swa_val=90.1%  47s
2026-03-19 10:43:33,037 [INFO]   SWA Ep  5/15  loss=1.0695  swa_val=90.2%  47s
2026-03-19 10:44:20,327 [INFO]   SWA Ep  6/15  loss=1.0573  swa_val=90.3%  47s
2026-03-19 10:45:07,548 [INFO]   SWA Ep  7/15  loss=1.0639  swa_val=90.3%  47s
2026-03-19 10:45:54,874 [INFO]   SWA Ep  8/15  loss=1.0660  swa_val=90.2%  47s
2026-03-19 10:46:42,092 [INFO]   SWA Ep  9/15  loss=1.0293  swa_val=90.3%  47s
2026-03-19 10:47:29,362 [INFO]   SWA Ep 10/15  loss=1.0779  swa_val=90.3%  47s
2026-03-19 10:48:16,589 [INFO]   SWA Ep 11/15  loss=1.0516  swa_val=90.3%  47s
2026-03-19 10:49:03,908 [INFO]   SWA Ep 12/15  loss=1.0597  swa_val=90.3%  47s
2026-03-19 10:49:51,203 [INFO]   SWA Ep 13/15  loss=1.0537  swa_val=90.3%  47s
2026-03-19 10:50:38,439 [INFO]   SWA Ep 14/15  loss=1.0502  swa_val=90.3%  47s
2026-03-19 10:51:25,626 [INFO]   SWA Ep 15/15  loss=1.0415  swa_val=90.4%  47s
2026-03-19 10:51:25,626 [INFO]   Updating BN stats for SWA model …
2026-03-19 10:51:28,324 [INFO]   SWA final: 90.37% (regular best: 90.13%)
2026-03-19 10:51:28,489 [INFO]   ★ SWA beats regular! 90.37%
2026-03-19 10:51:28,489 [INFO]   Fold 4 best: 90.37%
2026-03-19 10:51:29,682 [INFO] ================================================================
2026-03-19 10:51:29,682 [INFO] FOLD 5 / 5
2026-03-19 10:51:29,683 [INFO] ================================================================
2026-03-19 10:51:29,685 [INFO]   Train: 11794 | Val: 2948
2026-03-19 10:51:29,889 [INFO] Loading pretrained weights from Hugging Face hub (timm/convnextv2_tiny.fcmae_ft_in22k_in1k)
2026-03-19 10:51:30,134 [INFO] HTTP Request: HEAD https://huggingface.co/timm/convnextv2_tiny.fcmae_ft_in22k_in1k/resolve/main/model.safetensors "HTTP/1.1 302 Found"
2026-03-19 10:51:30,136 [INFO] [timm/convnextv2_tiny.fcmae_ft_in22k_in1k] Safe alternative available for 'pytorch_model.bin' (as 'model.safetensors'). Loading weights using safetensors.
2026-03-19 10:51:30,154 [INFO] Missing keys (head.fc.weight, head.fc.bias) discovered while loading pretrained weights. This is expected if model is being adapted.
2026-03-19 10:51:30,256 [INFO]   Born-again ← best_fold4.pt (val 89.08%)
2026-03-19 10:51:30,256 [INFO] ── Stage 1: head warmup (5 ep) ──
2026-03-19 10:51:46,505 [INFO]   S1 Ep 1/5  loss=1.6585 acc=42.9%  val=53.6%  16s
2026-03-19 10:51:46,625 [INFO]   ★ best 53.56%
2026-03-19 10:52:00,671 [INFO]   S1 Ep 2/5  loss=1.4435 acc=51.9%  val=61.9%  14s
2026-03-19 10:52:00,813 [INFO]   ★ best 61.91%
2026-03-19 10:52:14,963 [INFO]   S1 Ep 3/5  loss=1.3635 acc=56.2%  val=64.9%  14s
2026-03-19 10:52:15,106 [INFO]   ★ best 64.86%
2026-03-19 10:52:29,195 [INFO]   S1 Ep 4/5  loss=1.3180 acc=58.7%  val=65.5%  14s
2026-03-19 10:52:29,350 [INFO]   ★ best 65.47%
2026-03-19 10:52:43,443 [INFO]   S1 Ep 5/5  loss=1.2982 acc=58.9%  val=65.5%  14s
2026-03-19 10:52:43,593 [INFO]   ★ best 65.54%
2026-03-19 10:52:43,594 [INFO] ── Stage 2: full fine-tune (80 ep, patience 30) ──
2026-03-19 10:52:43,595 [INFO] LLRD: 12 groups, LR [1.19e-05 … 5.00e-05]
2026-03-19 10:53:30,945 [INFO]   S2 Ep   1/80  loss=1.7358 acc=43.9%  val=79.1%  lr=9.04e-06    47s
2026-03-19 10:53:31,100 [INFO]   ★ best 79.10%
2026-03-19 10:54:18,507 [INFO]   S2 Ep   2/80  loss=1.5350 acc=53.4%  val=84.6%  lr=2.60e-05    47s
2026-03-19 10:54:18,659 [INFO]   ★ best 84.60%
2026-03-19 10:55:06,010 [INFO]   S2 Ep   3/80  loss=1.4183 acc=58.5%  val=85.1%  lr=4.30e-05    47s
2026-03-19 10:55:06,165 [INFO]   ★ best 85.14%
2026-03-19 10:55:53,454 [INFO]   S2 Ep   4/80  loss=1.3988 acc=59.0%  val=86.1%  lr=5.00e-05    47s
2026-03-19 10:55:53,613 [INFO]   ★ best 86.13%
2026-03-19 10:56:40,904 [INFO]   S2 Ep   5/80  loss=1.3599 acc=60.7%  val=85.6%  lr=5.00e-05    47s
2026-03-19 10:57:28,252 [INFO]   S2 Ep   6/80  loss=1.3372 acc=61.4%  val=86.2%  lr=4.99e-05    47s
2026-03-19 10:57:28,406 [INFO]   ★ best 86.16%
2026-03-19 10:58:15,761 [INFO]   S2 Ep   7/80  loss=1.3336 acc=61.8%  val=86.3%  lr=4.98e-05    47s
2026-03-19 10:58:15,914 [INFO]   ★ best 86.26%
2026-03-19 10:59:03,258 [INFO]   S2 Ep   8/80  loss=1.2871 acc=63.2%  val=86.4%  lr=4.97e-05    47s
2026-03-19 10:59:03,417 [INFO]   ★ best 86.36%
2026-03-19 10:59:50,768 [INFO]   S2 Ep   9/80  loss=1.3055 acc=62.0%  val=86.4%  lr=4.95e-05    47s
2026-03-19 11:00:38,108 [INFO]   S2 Ep  10/80  loss=1.2859 acc=63.6%  val=86.1%  lr=4.92e-05    47s
2026-03-19 11:01:25,488 [INFO]   S2 Ep  11/80  loss=1.3072 acc=62.3%  val=86.7%  lr=4.90e-05    47s
2026-03-19 11:01:25,634 [INFO]   ★ best 86.74%
2026-03-19 11:02:12,982 [INFO]   S2 Ep  12/80  loss=1.2648 acc=64.2%  val=86.8%  lr=4.86e-05    47s
2026-03-19 11:02:13,144 [INFO]   ★ best 86.84%
2026-03-19 11:03:00,460 [INFO]   S2 Ep  13/80  loss=1.2967 acc=63.1%  val=87.0%  lr=4.83e-05    47s
2026-03-19 11:03:00,613 [INFO]   ★ best 87.01%
2026-03-19 11:03:47,872 [INFO]   S2 Ep  14/80  loss=1.2950 acc=62.7%  val=86.8%  lr=4.79e-05    47s
2026-03-19 11:04:35,222 [INFO]   S2 Ep  15/80  loss=1.2365 acc=65.7%  val=86.9%  lr=4.75e-05    47s
2026-03-19 11:05:22,453 [INFO]   S2 Ep  16/80  loss=1.2550 acc=65.2%  val=86.3%  lr=4.70e-05    47s
2026-03-19 11:06:09,747 [INFO]   S2 Ep  17/80  loss=1.2686 acc=64.7%  val=86.8%  lr=4.65e-05    47s
2026-03-19 11:06:57,035 [INFO]   S2 Ep  18/80  loss=1.2716 acc=64.5%  val=86.7%  lr=4.59e-05    47s
2026-03-19 11:07:44,356 [INFO]   S2 Ep  19/80  loss=1.2458 acc=65.2%  val=86.9%  lr=4.53e-05    47s
2026-03-19 11:08:31,664 [INFO]   S2 Ep  20/80  loss=1.2242 acc=66.2%  val=87.1%  lr=4.47e-05    47s
2026-03-19 11:08:31,818 [INFO]   ★ best 87.14%
2026-03-19 11:09:19,165 [INFO]   S2 Ep  21/80  loss=1.2321 acc=65.4%  val=86.9%  lr=4.41e-05    47s
2026-03-19 11:10:06,485 [INFO]   S2 Ep  22/80  loss=1.2350 acc=65.7%  val=87.3%  lr=4.34e-05    47s
2026-03-19 11:10:06,636 [INFO]   ★ best 87.28%
2026-03-19 11:10:54,023 [INFO]   S2 Ep  23/80  loss=1.2627 acc=64.5%  val=86.9%  lr=4.27e-05    47s
2026-03-19 11:11:41,350 [INFO]   S2 Ep  24/80  loss=1.2088 acc=66.8%  val=87.4%  lr=4.19e-05    47s
2026-03-19 11:11:41,502 [INFO]   ★ best 87.38%
2026-03-19 11:12:28,770 [INFO]   S2 Ep  25/80  loss=1.2032 acc=67.5%  val=87.1%  lr=4.12e-05    47s
2026-03-19 11:13:16,113 [INFO]   S2 Ep  26/80  loss=1.2298 acc=65.7%  val=87.2%  lr=4.04e-05    47s
2026-03-19 11:14:03,427 [INFO]   S2 Ep  27/80  loss=1.2262 acc=66.1%  val=87.1%  lr=3.95e-05    47s
2026-03-19 11:14:50,768 [INFO]   S2 Ep  28/80  loss=1.2399 acc=65.5%  val=87.1%  lr=3.87e-05    47s
2026-03-19 11:15:38,071 [INFO]   S2 Ep  29/80  loss=1.1835 acc=67.9%  val=87.5%  lr=3.78e-05    47s
2026-03-19 11:15:38,227 [INFO]   ★ best 87.52%
2026-03-19 11:16:25,541 [INFO]   S2 Ep  30/80  loss=1.1957 acc=67.4%  val=87.9%  lr=3.69e-05    47s
2026-03-19 11:16:25,695 [INFO]   ★ best 87.92%
2026-03-19 11:17:13,024 [INFO]   S2 Ep  31/80  loss=1.1708 acc=68.3%  val=87.2%  lr=3.60e-05    47s
2026-03-19 11:18:00,315 [INFO]   S2 Ep  32/80  loss=1.2230 acc=65.7%  val=87.2%  lr=3.50e-05    47s
2026-03-19 11:18:47,655 [INFO]   S2 Ep  33/80  loss=1.1876 acc=67.8%  val=87.7%  lr=3.41e-05    47s
2026-03-19 11:19:35,002 [INFO]   S2 Ep  34/80  loss=1.1863 acc=68.3%  val=87.7%  lr=3.31e-05    47s
2026-03-19 11:20:22,335 [INFO]   S2 Ep  35/80  loss=1.2293 acc=66.0%  val=87.9%  lr=3.21e-05    47s
2026-03-19 11:21:09,588 [INFO]   S2 Ep  36/80  loss=1.1996 acc=67.2%  val=87.8%  lr=3.11e-05    47s
2026-03-19 11:21:56,871 [INFO]   S2 Ep  37/80  loss=1.2159 acc=66.0%  val=88.0%  lr=3.01e-05    47s
2026-03-19 11:21:57,014 [INFO]   ★ best 88.03%
2026-03-19 11:22:44,320 [INFO]   S2 Ep  38/80  loss=1.1536 acc=69.3%  val=87.9%  lr=2.91e-05    47s
2026-03-19 11:23:31,646 [INFO]   S2 Ep  39/80  loss=1.1907 acc=67.3%  val=87.6%  lr=2.81e-05    47s
2026-03-19 11:24:18,975 [INFO]   S2 Ep  40/80  loss=1.1484 acc=69.5%  val=88.3%  lr=2.71e-05    47s
2026-03-19 11:24:19,136 [INFO]   ★ best 88.33%
2026-03-19 11:25:06,432 [INFO]   S2 Ep  41/80  loss=1.1912 acc=67.6%  val=87.9%  lr=2.60e-05    47s
2026-03-19 11:25:53,783 [INFO]   S2 Ep  42/80  loss=1.1755 acc=68.6%  val=88.1%  lr=2.50e-05    47s
2026-03-19 11:26:41,016 [INFO]   S2 Ep  43/80  loss=1.1611 acc=68.9%  val=88.1%  lr=2.40e-05    47s
2026-03-19 11:27:28,380 [INFO]   S2 Ep  44/80  loss=1.1748 acc=68.4%  val=87.9%  lr=2.29e-05    47s
2026-03-19 11:28:15,720 [INFO]   S2 Ep  45/80  loss=1.1532 acc=68.7%  val=88.4%  lr=2.19e-05    47s
2026-03-19 11:28:15,878 [INFO]   ★ best 88.43%
2026-03-19 11:29:03,184 [INFO]   S2 Ep  46/80  loss=1.1628 acc=68.4%  val=88.1%  lr=2.09e-05    47s
2026-03-19 11:29:50,543 [INFO]   S2 Ep  47/80  loss=1.1484 acc=69.9%  val=88.0%  lr=1.99e-05    47s
2026-03-19 11:30:37,927 [INFO]   S2 Ep  48/80  loss=1.1458 acc=69.9%  val=88.1%  lr=1.89e-05    47s
2026-03-19 11:31:25,223 [INFO]   S2 Ep  49/80  loss=1.1570 acc=68.9%  val=89.0%  lr=1.79e-05    47s
2026-03-19 11:31:25,366 [INFO]   ★ best 89.01%
2026-03-19 11:32:12,703 [INFO]   S2 Ep  50/80  loss=1.1681 acc=68.7%  val=88.5%  lr=1.69e-05    47s
2026-03-19 11:33:00,035 [INFO]   S2 Ep  51/80  loss=1.1293 acc=70.5%  val=88.4%  lr=1.59e-05    47s
2026-03-19 11:33:47,383 [INFO]   S2 Ep  52/80  loss=1.1684 acc=69.2%  val=88.2%  lr=1.50e-05    47s
2026-03-19 11:34:34,718 [INFO]   S2 Ep  53/80  loss=1.1299 acc=69.9%  val=88.4%  lr=1.40e-05    47s
2026-03-19 11:35:22,122 [INFO]   S2 Ep  54/80  loss=1.1466 acc=70.1%  val=88.2%  lr=1.31e-05    47s
2026-03-19 11:36:09,434 [INFO]   S2 Ep  55/80  loss=1.1225 acc=70.6%  val=88.6%  lr=1.22e-05    47s
2026-03-19 11:36:56,761 [INFO]   S2 Ep  56/80  loss=1.1280 acc=70.6%  val=88.3%  lr=1.13e-05    47s
2026-03-19 11:37:44,097 [INFO]   S2 Ep  57/80  loss=1.1416 acc=69.8%  val=88.7%  lr=1.05e-05    47s
2026-03-19 11:38:31,465 [INFO]   S2 Ep  58/80  loss=1.1358 acc=70.0%  val=88.9%  lr=9.64e-06    47s
2026-03-19 11:39:18,791 [INFO]   S2 Ep  59/80  loss=1.1330 acc=70.6%  val=88.4%  lr=8.84e-06    47s
2026-03-19 11:40:06,115 [INFO]   S2 Ep  60/80  loss=1.1176 acc=70.8%  val=88.5%  lr=8.07e-06    47s
2026-03-19 11:40:53,427 [INFO]   S2 Ep  61/80  loss=1.1429 acc=69.6%  val=88.5%  lr=7.32e-06    47s
2026-03-19 11:41:40,820 [INFO]   S2 Ep  62/80  loss=1.1660 acc=68.0%  val=88.8%  lr=6.61e-06    47s
2026-03-19 11:42:28,123 [INFO]   S2 Ep  63/80  loss=1.1468 acc=69.2%  val=89.2%  lr=5.92e-06    47s
2026-03-19 11:42:28,274 [INFO]   ★ best 89.21%
2026-03-19 11:43:15,567 [INFO]   S2 Ep  64/80  loss=1.1258 acc=70.2%  val=89.0%  lr=5.27e-06    47s
2026-03-19 11:44:02,876 [INFO]   S2 Ep  65/80  loss=1.1285 acc=70.1%  val=89.0%  lr=4.65e-06    47s
2026-03-19 11:44:50,185 [INFO]   S2 Ep  66/80  loss=1.1528 acc=68.8%  val=89.1%  lr=4.07e-06    47s
2026-03-19 11:45:37,522 [INFO]   S2 Ep  67/80  loss=1.1085 acc=71.2%  val=88.7%  lr=3.52e-06    47s
2026-03-19 11:46:24,858 [INFO]   S2 Ep  68/80  loss=1.1597 acc=68.4%  val=88.9%  lr=3.01e-06    47s
2026-03-19 11:47:12,184 [INFO]   S2 Ep  69/80  loss=1.1102 acc=71.2%  val=88.9%  lr=2.54e-06    47s
2026-03-19 11:47:59,501 [INFO]   S2 Ep  70/80  loss=1.1367 acc=70.4%  val=89.1%  lr=2.11e-06    47s
2026-03-19 11:48:46,807 [INFO]   S2 Ep  71/80  loss=1.1275 acc=70.2%  val=89.1%  lr=1.71e-06    47s
2026-03-19 11:49:34,161 [INFO]   S2 Ep  72/80  loss=1.1391 acc=69.8%  val=89.0%  lr=1.36e-06    47s
2026-03-19 11:50:21,464 [INFO]   S2 Ep  73/80  loss=1.1628 acc=67.9%  val=89.0%  lr=1.04e-06    47s
2026-03-19 11:51:08,864 [INFO]   S2 Ep  74/80  loss=1.1472 acc=69.8%  val=88.9%  lr=7.66e-07    47s
2026-03-19 11:51:56,211 [INFO]   S2 Ep  75/80  loss=1.1795 acc=68.2%  val=89.0%  lr=5.33e-07    47s
2026-03-19 11:52:43,539 [INFO]   S2 Ep  76/80  loss=1.1354 acc=69.9%  val=89.1%  lr=3.42e-07    47s
2026-03-19 11:53:30,842 [INFO]   S2 Ep  77/80  loss=1.1013 acc=71.7%  val=89.0%  lr=1.94e-07    47s
2026-03-19 11:54:18,181 [INFO]   S2 Ep  78/80  loss=1.1115 acc=71.8%  val=89.0%  lr=8.71e-08    47s
2026-03-19 11:55:05,532 [INFO]   S2 Ep  79/80  loss=1.1153 acc=71.3%  val=89.0%  lr=2.32e-08    47s
2026-03-19 11:55:52,847 [INFO]   S2 Ep  80/80  loss=1.1607 acc=69.0%  val=89.0%  lr=2.00e-09    47s
2026-03-19 11:55:52,848 [INFO] ── Stage 3: SWA (15 ep, lr=5.0e-06) ──
2026-03-19 11:56:40,186 [INFO]   SWA Ep  1/15  loss=1.1808  swa_val=89.0%  47s
2026-03-19 11:57:27,489 [INFO]   SWA Ep  2/15  loss=1.1117  swa_val=89.1%  47s
2026-03-19 11:58:14,735 [INFO]   SWA Ep  3/15  loss=1.1075  swa_val=89.1%  47s
2026-03-19 11:59:01,990 [INFO]   SWA Ep  4/15  loss=1.1777  swa_val=89.1%  47s
2026-03-19 11:59:49,330 [INFO]   SWA Ep  5/15  loss=1.1145  swa_val=89.2%  47s
2026-03-19 12:00:36,588 [INFO]   SWA Ep  6/15  loss=1.1283  swa_val=89.1%  47s
2026-03-19 12:01:23,904 [INFO]   SWA Ep  7/15  loss=1.1693  swa_val=89.2%  47s
2026-03-19 12:02:11,214 [INFO]   SWA Ep  8/15  loss=1.1340  swa_val=89.3%  47s
2026-03-19 12:02:58,535 [INFO]   SWA Ep  9/15  loss=1.1452  swa_val=89.3%  47s
2026-03-19 12:03:45,854 [INFO]   SWA Ep 10/15  loss=1.1253  swa_val=89.2%  47s
2026-03-19 12:04:33,135 [INFO]   SWA Ep 11/15  loss=1.1768  swa_val=89.2%  47s
2026-03-19 12:05:20,455 [INFO]   SWA Ep 12/15  loss=1.1333  swa_val=89.2%  47s
2026-03-19 12:06:07,767 [INFO]   SWA Ep 13/15  loss=1.1307  swa_val=89.2%  47s
2026-03-19 12:06:55,091 [INFO]   SWA Ep 14/15  loss=1.1097  swa_val=89.3%  47s
2026-03-19 12:07:42,417 [INFO]   SWA Ep 15/15  loss=1.1022  swa_val=89.5%  47s
2026-03-19 12:07:42,417 [INFO]   Updating BN stats for SWA model …
2026-03-19 12:07:45,200 [INFO]   SWA final: 89.45% (regular best: 89.21%)
2026-03-19 12:07:45,363 [INFO]   ★ SWA beats regular! 89.45%
2026-03-19 12:07:45,363 [INFO]   Fold 5 best: 89.45%
2026-03-19 12:07:47,226 [INFO] ================================================================
2026-03-19 12:07:47,226 [INFO] 5-FOLD CV
2026-03-19 12:07:47,226 [INFO] ================================================================
2026-03-19 12:07:47,226 [INFO]   Fold 1 : 90.51%
2026-03-19 12:07:47,226 [INFO]   Fold 2 : 89.18%
2026-03-19 12:07:47,226 [INFO]   Fold 3 : 90.16%
2026-03-19 12:07:47,226 [INFO]   Fold 4 : 90.37%
2026-03-19 12:07:47,226 [INFO]   Fold 5 : 89.45%
2026-03-19 12:07:47,226 [INFO]   Mean: 89.93% ± 0.52%
2026-03-19 12:15:36,448 [INFO] TTA changed 145 / 9828 (1.5%)
2026-03-19 12:15:36,456 [INFO] Done.
