2026-03-16 08:49:12,631 [INFO] GPU : NVIDIA H200
2026-03-16 08:49:12,632 [INFO] Config : {
  "data_dir": "/data/slr/track2_",
  "output_dir": "/data/slr/checkpoints_vit_v6",
  "max_frames": 48,
  "n_range_bins": 256,
  "n_classes": 126,
  "img_size": 224,
  "channel_means": [
    -64.3217,
    -62.9119,
    -63.9254
  ],
  "channel_stds": [
    12.5721,
    11.662,
    11.7259
  ],
  "n_folds": 5,
  "batch_size": 48,
  "num_workers": 4,
  "epochs": 160,
  "lr": 5e-05,
  "weight_decay": 0.05,
  "warmup_pct": 0.1,
  "label_smoothing": 0.1,
  "early_stopping_patience": 35,
  "grad_clip_norm": 1.0,
  "llrd_stage_decay": 0.8,
  "kd_alpha": 0.6,
  "kd_tau": 4.0,
  "mixup_alpha": 0.4,
  "cutmix_alpha": 1.0,
  "cutmix_prob": 0.5,
  "time_mask_max": 8,
  "range_mask_max": 30,
  "noise_std": 0.1,
  "time_warp_lo": 0.8,
  "time_warp_hi": 1.2,
  "time_reverse_prob": 0.5,
  "channel_shuffle_prob": 0.2,
  "channel_drop_prob": 0.1,
  "random_erase_prob": 0.2,
  "model_name": "swin_small_patch4_window7_224.ms_in22k_ft_in1k",
  "drop_path_rate": 0.3,
  "drop_rate": 0.3,
  "ms_dropout_samples": 5,
  "pretrained": true,
  "seed": 42,
  "cnn_model_name": "convnext_tiny.fb_in22k_ft_in1k"
}
2026-03-16 08:49:12,700 [INFO] Train: 14742  |  Test: 9828  |  Classes: 126
2026-03-16 08:49:12,700 [INFO] Pre-loading training data …
2026-03-16 08:49:15,134 [INFO] Pre-loading test data …
2026-03-16 08:49:16,762 [INFO] Pre-computing teacher soft labels (v7+v6 CNN, v5 ViT) …
2026-03-16 08:49:22,466 [INFO]   Loaded 15 teacher models
2026-03-16 08:51:09,743 [INFO]   Soft labels ready: 14742 samples from 15 teachers
2026-03-16 08:51:09,745 [INFO] KD: α=0.60  τ=4.0
2026-03-16 08:51:09,749 [INFO] ================================================================
2026-03-16 08:51:09,749 [INFO] FOLD 1 / 5
2026-03-16 08:51:09,749 [INFO] ================================================================
2026-03-16 08:51:10,168 [INFO] Loading pretrained weights from Hugging Face hub (timm/swin_small_patch4_window7_224.ms_in22k_ft_in1k)
2026-03-16 08:51:10,293 [INFO] HTTP Request: HEAD https://huggingface.co/timm/swin_small_patch4_window7_224.ms_in22k_ft_in1k/resolve/main/model.safetensors "HTTP/1.1 302 Found"
2026-03-16 08:51:10,294 [INFO] [timm/swin_small_patch4_window7_224.ms_in22k_ft_in1k] Safe alternative available for 'pytorch_model.bin' (as 'model.safetensors'). Loading weights using safetensors.
2026-03-16 08:51:10,503 [INFO]   Born-again ← best_fold0.pt: loaded 329, skipped 1 (val 84.30%)
2026-03-16 08:51:10,504 [INFO] Model: swin_small_patch4_window7_224.ms_in22k_ft_in1k  |  48.93M params (AvgPool, no GeM)
2026-03-16 08:51:10,504 [INFO] ── Full fine-tuning + KD (160 epochs, patience 35) ──
2026-03-16 08:51:10,505 [INFO] LLRD: 12 groups, LR [1.64e-05 … 5.00e-05]
2026-03-16 08:51:38,059 [INFO]   Ep   1/160  train 1.6385 / 67.9%  val 1.3282 / 83.6%  lr 2.46e-06    28s
2026-03-16 08:51:38,270 [INFO]   ★ best 83.62% → /data/slr/checkpoints_vit_v6/best_fold0.pt
2026-03-16 08:52:05,236 [INFO]   Ep   2/160  train 1.4348 / 67.5%  val 1.2932 / 83.6%  lr 3.83e-06    27s
2026-03-16 08:52:31,807 [INFO]   Ep   3/160  train 1.3623 / 68.4%  val 1.2963 / 83.6%  lr 6.05e-06    27s
2026-03-16 08:52:58,378 [INFO]   Ep   4/160  train 1.3366 / 69.5%  val 1.2974 / 83.6%  lr 9.03e-06    27s
2026-03-16 08:53:24,955 [INFO]   Ep   5/160  train 1.4066 / 65.9%  val 1.2987 / 83.9%  lr 1.27e-05    27s
2026-03-16 08:53:25,275 [INFO]   ★ best 83.86% → /data/slr/checkpoints_vit_v6/best_fold0.pt
2026-03-16 08:53:51,909 [INFO]   Ep   6/160  train 1.3037 / 70.6%  val 1.2939 / 83.9%  lr 1.68e-05    27s
2026-03-16 08:54:18,525 [INFO]   Ep   7/160  train 1.2949 / 70.5%  val 1.3087 / 83.5%  lr 2.13e-05    27s
2026-03-16 08:54:45,340 [INFO]   Ep   8/160  train 1.3703 / 67.4%  val 1.3117 / 82.8%  lr 2.60e-05    27s
2026-03-16 08:55:11,898 [INFO]   Ep   9/160  train 1.3250 / 69.2%  val 1.3195 / 83.4%  lr 3.07e-05    27s
2026-03-16 08:55:38,406 [INFO]   Ep  10/160  train 1.3500 / 67.4%  val 1.3264 / 83.5%  lr 3.52e-05    27s
2026-03-16 08:56:04,903 [INFO]   Ep  11/160  train 1.3584 / 68.6%  val 1.3340 / 83.0%  lr 3.93e-05    26s
2026-03-16 08:56:31,405 [INFO]   Ep  12/160  train 1.3739 / 67.0%  val 1.3338 / 83.5%  lr 4.30e-05    27s
2026-03-16 08:56:57,907 [INFO]   Ep  13/160  train 1.3362 / 68.9%  val 1.3360 / 83.1%  lr 4.60e-05    27s
2026-03-16 08:57:24,536 [INFO]   Ep  14/160  train 1.3226 / 69.0%  val 1.3522 / 82.6%  lr 4.82e-05    27s
2026-03-16 08:57:51,043 [INFO]   Ep  15/160  train 1.3675 / 67.6%  val 1.3500 / 83.1%  lr 4.95e-05    27s
2026-03-16 08:58:17,564 [INFO]   Ep  16/160  train 1.4250 / 64.8%  val 1.3407 / 83.3%  lr 5.00e-05    27s
2026-03-16 08:58:44,098 [INFO]   Ep  17/160  train 1.3086 / 69.7%  val 1.3727 / 82.0%  lr 5.00e-05    27s
2026-03-16 08:59:10,582 [INFO]   Ep  18/160  train 1.3582 / 66.7%  val 1.3496 / 83.2%  lr 5.00e-05    26s
2026-03-16 08:59:37,121 [INFO]   Ep  19/160  train 1.3395 / 67.8%  val 1.3626 / 82.5%  lr 4.99e-05    27s
2026-03-16 09:00:03,776 [INFO]   Ep  20/160  train 1.3640 / 66.8%  val 1.3473 / 83.0%  lr 4.99e-05    27s
2026-03-16 09:00:30,250 [INFO]   Ep  21/160  train 1.3620 / 67.9%  val 1.3293 / 83.5%  lr 4.99e-05    26s
2026-03-16 09:00:56,767 [INFO]   Ep  22/160  train 1.3303 / 68.9%  val 1.3578 / 82.8%  lr 4.98e-05    27s
2026-03-16 09:01:23,265 [INFO]   Ep  23/160  train 1.3383 / 67.3%  val 1.3382 / 83.4%  lr 4.97e-05    26s
2026-03-16 09:01:49,777 [INFO]   Ep  24/160  train 1.3444 / 68.2%  val 1.3789 / 82.3%  lr 4.96e-05    27s
2026-03-16 09:02:16,263 [INFO]   Ep  25/160  train 1.3321 / 69.5%  val 1.3751 / 82.3%  lr 4.95e-05    26s
2026-03-16 09:02:42,908 [INFO]   Ep  26/160  train 1.3172 / 68.6%  val 1.3630 / 83.1%  lr 4.94e-05    27s
2026-03-16 09:03:09,402 [INFO]   Ep  27/160  train 1.3062 / 69.4%  val 1.3609 / 82.6%  lr 4.93e-05    26s
2026-03-16 09:03:35,943 [INFO]   Ep  28/160  train 1.3124 / 69.1%  val 1.3389 / 83.4%  lr 4.91e-05    27s
2026-03-16 09:04:02,465 [INFO]   Ep  29/160  train 1.3424 / 67.5%  val 1.3443 / 83.4%  lr 4.90e-05    27s
2026-03-16 09:04:28,961 [INFO]   Ep  30/160  train 1.2982 / 69.9%  val 1.3498 / 82.9%  lr 4.88e-05    26s
2026-03-16 09:04:55,483 [INFO]   Ep  31/160  train 1.3516 / 67.1%  val 1.3321 / 83.2%  lr 4.87e-05    27s
2026-03-16 09:05:22,187 [INFO]   Ep  32/160  train 1.2840 / 70.6%  val 1.3292 / 83.3%  lr 4.85e-05    27s
2026-03-16 09:05:48,739 [INFO]   Ep  33/160  train 1.3219 / 68.7%  val 1.3572 / 83.0%  lr 4.83e-05    27s
2026-03-16 09:06:15,340 [INFO]   Ep  34/160  train 1.3302 / 68.7%  val 1.3556 / 82.9%  lr 4.81e-05    27s
2026-03-16 09:06:41,858 [INFO]   Ep  35/160  train 1.3293 / 68.3%  val 1.3361 / 83.0%  lr 4.79e-05    27s
2026-03-16 09:07:08,370 [INFO]   Ep  36/160  train 1.3266 / 68.9%  val 1.3413 / 83.4%  lr 4.77e-05    27s
2026-03-16 09:07:34,879 [INFO]   Ep  37/160  train 1.2784 / 70.7%  val 1.3178 / 83.5%  lr 4.74e-05    27s
2026-03-16 09:08:01,540 [INFO]   Ep  38/160  train 1.3215 / 69.2%  val 1.3499 / 83.4%  lr 4.72e-05    27s
2026-03-16 09:08:28,041 [INFO]   Ep  39/160  train 1.2322 / 72.4%  val 1.3408 / 83.6%  lr 4.69e-05    27s
2026-03-16 09:08:54,651 [INFO]   Ep  40/160  train 1.3076 / 69.4%  val 1.3714 / 83.2%  lr 4.66e-05    27s
2026-03-16 09:08:54,652 [INFO]   Early stopping at epoch 40
2026-03-16 09:08:54,652 [INFO]   Fold 1 best val acc: 83.86%
2026-03-16 09:08:54,964 [INFO] ================================================================
2026-03-16 09:08:54,964 [INFO] FOLD 2 / 5
2026-03-16 09:08:54,964 [INFO] ================================================================
2026-03-16 09:08:55,378 [INFO] Loading pretrained weights from Hugging Face hub (timm/swin_small_patch4_window7_224.ms_in22k_ft_in1k)
2026-03-16 09:09:00,564 [INFO] HTTP Request: HEAD https://huggingface.co/timm/swin_small_patch4_window7_224.ms_in22k_ft_in1k/resolve/main/model.safetensors "HTTP/1.1 302 Found"
2026-03-16 09:09:00,565 [INFO] [timm/swin_small_patch4_window7_224.ms_in22k_ft_in1k] Safe alternative available for 'pytorch_model.bin' (as 'model.safetensors'). Loading weights using safetensors.
2026-03-16 09:09:00,751 [INFO]   Born-again ← best_fold1.pt: loaded 329, skipped 1 (val 83.69%)
2026-03-16 09:09:00,753 [INFO] Model: swin_small_patch4_window7_224.ms_in22k_ft_in1k  |  48.93M params (AvgPool, no GeM)
2026-03-16 09:09:00,753 [INFO] ── Full fine-tuning + KD (160 epochs, patience 35) ──
2026-03-16 09:09:00,754 [INFO] LLRD: 12 groups, LR [1.64e-05 … 5.00e-05]
2026-03-16 09:09:27,848 [INFO]   Ep   1/160  train 1.6406 / 67.8%  val 1.3761 / 82.6%  lr 2.46e-06    27s
2026-03-16 09:09:28,065 [INFO]   ★ best 82.60% → /data/slr/checkpoints_vit_v6/best_fold1.pt
2026-03-16 09:09:54,589 [INFO]   Ep   2/160  train 1.3918 / 68.6%  val 1.3405 / 82.9%  lr 3.83e-06    27s
2026-03-16 09:09:54,845 [INFO]   ★ best 82.94% → /data/slr/checkpoints_vit_v6/best_fold1.pt
2026-03-16 09:10:21,354 [INFO]   Ep   3/160  train 1.3469 / 68.9%  val 1.3386 / 82.9%  lr 6.05e-06    27s
2026-03-16 09:10:47,970 [INFO]   Ep   4/160  train 1.3389 / 69.8%  val 1.3396 / 83.3%  lr 9.03e-06    27s
2026-03-16 09:10:48,224 [INFO]   ★ best 83.32% → /data/slr/checkpoints_vit_v6/best_fold1.pt
2026-03-16 09:11:14,688 [INFO]   Ep   5/160  train 1.3728 / 67.4%  val 1.3443 / 83.5%  lr 1.27e-05    26s
2026-03-16 09:11:14,940 [INFO]   ★ best 83.52% → /data/slr/checkpoints_vit_v6/best_fold1.pt
2026-03-16 09:11:41,437 [INFO]   Ep   6/160  train 1.3014 / 70.4%  val 1.3464 / 83.1%  lr 1.68e-05    26s
2026-03-16 09:12:07,920 [INFO]   Ep   7/160  train 1.2636 / 72.0%  val 1.3555 / 83.2%  lr 2.13e-05    26s
2026-03-16 09:12:34,351 [INFO]   Ep   8/160  train 1.3579 / 68.0%  val 1.3798 / 82.8%  lr 2.60e-05    26s
2026-03-16 09:13:00,850 [INFO]   Ep   9/160  train 1.3645 / 67.5%  val 1.3678 / 82.8%  lr 3.07e-05    26s
2026-03-16 09:13:27,481 [INFO]   Ep  10/160  train 1.4025 / 65.8%  val 1.3718 / 82.5%  lr 3.52e-05    27s
2026-03-16 09:13:53,949 [INFO]   Ep  11/160  train 1.2835 / 71.5%  val 1.3750 / 82.8%  lr 3.93e-05    26s
2026-03-16 09:14:20,460 [INFO]   Ep  12/160  train 1.3220 / 69.4%  val 1.3784 / 83.0%  lr 4.30e-05    27s
2026-03-16 09:14:46,963 [INFO]   Ep  13/160  train 1.3671 / 67.4%  val 1.3893 / 82.1%  lr 4.60e-05    27s
2026-03-16 09:15:13,423 [INFO]   Ep  14/160  train 1.3717 / 67.4%  val 1.3792 / 83.3%  lr 4.82e-05    26s
2026-03-16 09:15:39,920 [INFO]   Ep  15/160  train 1.3351 / 68.5%  val 1.4136 / 81.6%  lr 4.95e-05    26s
2026-03-16 09:16:06,556 [INFO]   Ep  16/160  train 1.3058 / 69.5%  val 1.3915 / 82.3%  lr 5.00e-05    27s
2026-03-16 09:16:33,057 [INFO]   Ep  17/160  train 1.3166 / 69.2%  val 1.3959 / 82.4%  lr 5.00e-05    27s
2026-03-16 09:16:59,581 [INFO]   Ep  18/160  train 1.3299 / 69.1%  val 1.4009 / 82.3%  lr 5.00e-05    27s
2026-03-16 09:17:26,074 [INFO]   Ep  19/160  train 1.3257 / 68.8%  val 1.3877 / 81.9%  lr 4.99e-05    26s
2026-03-16 09:17:52,573 [INFO]   Ep  20/160  train 1.3171 / 69.3%  val 1.4152 / 81.6%  lr 4.99e-05    26s
2026-03-16 09:18:19,042 [INFO]   Ep  21/160  train 1.3468 / 68.2%  val 1.4108 / 82.0%  lr 4.99e-05    26s
2026-03-16 09:18:45,640 [INFO]   Ep  22/160  train 1.3234 / 68.9%  val 1.3967 / 82.3%  lr 4.98e-05    27s
2026-03-16 09:19:12,098 [INFO]   Ep  23/160  train 1.3769 / 66.9%  val 1.4047 / 82.4%  lr 4.97e-05    26s
2026-03-16 09:19:38,554 [INFO]   Ep  24/160  train 1.2902 / 70.6%  val 1.4052 / 82.5%  lr 4.96e-05    26s
2026-03-16 09:20:05,076 [INFO]   Ep  25/160  train 1.3201 / 69.0%  val 1.3969 / 82.7%  lr 4.95e-05    27s
2026-03-16 09:20:31,558 [INFO]   Ep  26/160  train 1.3232 / 68.7%  val 1.3970 / 82.7%  lr 4.94e-05    26s
2026-03-16 09:20:57,985 [INFO]   Ep  27/160  train 1.3645 / 66.4%  val 1.3931 / 82.6%  lr 4.93e-05    26s
2026-03-16 09:21:24,538 [INFO]   Ep  28/160  train 1.3197 / 69.0%  val 1.3861 / 82.5%  lr 4.91e-05    27s
2026-03-16 09:21:51,023 [INFO]   Ep  29/160  train 1.3046 / 69.5%  val 1.3967 / 82.3%  lr 4.90e-05    26s
2026-03-16 09:22:17,526 [INFO]   Ep  30/160  train 1.3038 / 69.6%  val 1.4096 / 81.4%  lr 4.88e-05    27s
2026-03-16 09:22:44,045 [INFO]   Ep  31/160  train 1.3472 / 68.5%  val 1.4144 / 82.2%  lr 4.87e-05    27s
2026-03-16 09:23:10,510 [INFO]   Ep  32/160  train 1.3061 / 69.3%  val 1.4427 / 81.5%  lr 4.85e-05    26s
2026-03-16 09:23:36,974 [INFO]   Ep  33/160  train 1.3078 / 69.8%  val 1.4036 / 82.2%  lr 4.83e-05    26s
2026-03-16 09:24:03,557 [INFO]   Ep  34/160  train 1.2930 / 70.2%  val 1.3927 / 82.2%  lr 4.81e-05    27s
2026-03-16 09:24:30,087 [INFO]   Ep  35/160  train 1.2875 / 70.5%  val 1.3762 / 83.0%  lr 4.79e-05    27s
2026-03-16 09:24:56,603 [INFO]   Ep  36/160  train 1.2990 / 69.2%  val 1.3872 / 82.8%  lr 4.77e-05    27s
2026-03-16 09:25:23,167 [INFO]   Ep  37/160  train 1.3083 / 69.3%  val 1.4044 / 82.9%  lr 4.74e-05    27s
2026-03-16 09:25:49,682 [INFO]   Ep  38/160  train 1.2916 / 70.0%  val 1.4270 / 82.7%  lr 4.72e-05    27s
2026-03-16 09:26:16,154 [INFO]   Ep  39/160  train 1.3077 / 69.2%  val 1.4158 / 82.2%  lr 4.69e-05    26s
2026-03-16 09:26:42,787 [INFO]   Ep  40/160  train 1.2854 / 70.7%  val 1.4134 / 82.3%  lr 4.66e-05    27s
2026-03-16 09:26:42,787 [INFO]   Early stopping at epoch 40
2026-03-16 09:26:42,787 [INFO]   Fold 2 best val acc: 83.52%
2026-03-16 09:26:43,087 [INFO] ================================================================
2026-03-16 09:26:43,087 [INFO] FOLD 3 / 5
2026-03-16 09:26:43,087 [INFO] ================================================================
2026-03-16 09:26:43,472 [INFO] Loading pretrained weights from Hugging Face hub (timm/swin_small_patch4_window7_224.ms_in22k_ft_in1k)
2026-03-16 09:26:43,645 [INFO] HTTP Request: HEAD https://huggingface.co/timm/swin_small_patch4_window7_224.ms_in22k_ft_in1k/resolve/main/model.safetensors "HTTP/1.1 302 Found"
2026-03-16 09:26:43,646 [INFO] [timm/swin_small_patch4_window7_224.ms_in22k_ft_in1k] Safe alternative available for 'pytorch_model.bin' (as 'model.safetensors'). Loading weights using safetensors.
2026-03-16 09:26:43,827 [INFO]   Born-again ← best_fold2.pt: loaded 329, skipped 1 (val 85.48%)
2026-03-16 09:26:43,829 [INFO] Model: swin_small_patch4_window7_224.ms_in22k_ft_in1k  |  48.93M params (AvgPool, no GeM)
2026-03-16 09:26:43,829 [INFO] ── Full fine-tuning + KD (160 epochs, patience 35) ──
2026-03-16 09:26:43,830 [INFO] LLRD: 12 groups, LR [1.64e-05 … 5.00e-05]
2026-03-16 09:27:10,852 [INFO]   Ep   1/160  train 1.6519 / 67.6%  val 1.3065 / 85.0%  lr 2.46e-06    27s
2026-03-16 09:27:11,094 [INFO]   ★ best 85.04% → /data/slr/checkpoints_vit_v6/best_fold2.pt
2026-03-16 09:27:37,611 [INFO]   Ep   2/160  train 1.4845 / 65.6%  val 1.2624 / 84.9%  lr 3.83e-06    27s
2026-03-16 09:28:04,105 [INFO]   Ep   3/160  train 1.3089 / 71.0%  val 1.2595 / 85.1%  lr 6.05e-06    26s
2026-03-16 09:28:04,368 [INFO]   ★ best 85.11% → /data/slr/checkpoints_vit_v6/best_fold2.pt
2026-03-16 09:28:30,814 [INFO]   Ep   4/160  train 1.3672 / 67.8%  val 1.2621 / 84.7%  lr 9.03e-06    26s
2026-03-16 09:28:57,413 [INFO]   Ep   5/160  train 1.3632 / 68.0%  val 1.2606 / 84.9%  lr 1.27e-05    27s
2026-03-16 09:29:23,891 [INFO]   Ep   6/160  train 1.3220 / 69.9%  val 1.2710 / 84.8%  lr 1.68e-05    26s
2026-03-16 09:29:50,291 [INFO]   Ep   7/160  train 1.3692 / 67.0%  val 1.2812 / 84.6%  lr 2.13e-05    26s
2026-03-16 09:30:16,815 [INFO]   Ep   8/160  train 1.3640 / 68.0%  val 1.2743 / 84.8%  lr 2.60e-05    27s
2026-03-16 09:30:43,287 [INFO]   Ep   9/160  train 1.3710 / 67.0%  val 1.2960 / 84.5%  lr 3.07e-05    26s
2026-03-16 09:31:09,790 [INFO]   Ep  10/160  train 1.3341 / 69.1%  val 1.2822 / 84.4%  lr 3.52e-05    27s
2026-03-16 09:31:36,264 [INFO]   Ep  11/160  train 1.3477 / 68.4%  val 1.2771 / 84.8%  lr 3.93e-05    26s
2026-03-16 09:32:02,898 [INFO]   Ep  12/160  train 1.3722 / 67.1%  val 1.3037 / 83.9%  lr 4.30e-05    27s
2026-03-16 09:32:29,454 [INFO]   Ep  13/160  train 1.3623 / 68.0%  val 1.2966 / 84.7%  lr 4.60e-05    27s
2026-03-16 09:32:55,933 [INFO]   Ep  14/160  train 1.3760 / 67.0%  val 1.3230 / 83.9%  lr 4.82e-05    26s
2026-03-16 09:33:22,469 [INFO]   Ep  15/160  train 1.3675 / 67.5%  val 1.3339 / 83.8%  lr 4.95e-05    27s
2026-03-16 09:33:48,994 [INFO]   Ep  16/160  train 1.3218 / 69.2%  val 1.3325 / 83.9%  lr 5.00e-05    27s
2026-03-16 09:34:15,476 [INFO]   Ep  17/160  train 1.3827 / 66.1%  val 1.3122 / 83.9%  lr 5.00e-05    26s
2026-03-16 09:34:42,145 [INFO]   Ep  18/160  train 1.3828 / 66.8%  val 1.3029 / 83.9%  lr 5.00e-05    27s
2026-03-16 09:35:08,575 [INFO]   Ep  19/160  train 1.3494 / 67.8%  val 1.3216 / 83.8%  lr 4.99e-05    26s
2026-03-16 09:35:35,087 [INFO]   Ep  20/160  train 1.3033 / 69.9%  val 1.2972 / 84.2%  lr 4.99e-05    27s
2026-03-16 09:36:01,614 [INFO]   Ep  21/160  train 1.3384 / 68.1%  val 1.3207 / 84.1%  lr 4.99e-05    27s
2026-03-16 09:36:28,092 [INFO]   Ep  22/160  train 1.3377 / 67.7%  val 1.3182 / 83.9%  lr 4.98e-05    26s
2026-03-16 09:36:54,528 [INFO]   Ep  23/160  train 1.3178 / 69.9%  val 1.3416 / 83.3%  lr 4.97e-05    26s
2026-03-16 09:37:21,099 [INFO]   Ep  24/160  train 1.3269 / 68.6%  val 1.3231 / 83.9%  lr 4.96e-05    27s
2026-03-16 09:37:47,535 [INFO]   Ep  25/160  train 1.3119 / 69.3%  val 1.3191 / 83.9%  lr 4.95e-05    26s
2026-03-16 09:38:14,012 [INFO]   Ep  26/160  train 1.2987 / 69.8%  val 1.3070 / 84.3%  lr 4.94e-05    26s
2026-03-16 09:38:40,536 [INFO]   Ep  27/160  train 1.2937 / 70.3%  val 1.3079 / 84.6%  lr 4.93e-05    27s
2026-03-16 09:39:07,032 [INFO]   Ep  28/160  train 1.3043 / 70.1%  val 1.3130 / 83.8%  lr 4.91e-05    26s
2026-03-16 09:39:33,535 [INFO]   Ep  29/160  train 1.2832 / 70.5%  val 1.3609 / 83.3%  lr 4.90e-05    27s
2026-03-16 09:40:00,135 [INFO]   Ep  30/160  train 1.2850 / 70.0%  val 1.3033 / 84.5%  lr 4.88e-05    27s
2026-03-16 09:40:26,619 [INFO]   Ep  31/160  train 1.2741 / 70.3%  val 1.3061 / 84.7%  lr 4.87e-05    26s
2026-03-16 09:40:53,099 [INFO]   Ep  32/160  train 1.3183 / 68.6%  val 1.3275 / 84.3%  lr 4.85e-05    26s
2026-03-16 09:41:19,572 [INFO]   Ep  33/160  train 1.3446 / 67.8%  val 1.3209 / 83.6%  lr 4.83e-05    26s
2026-03-16 09:41:46,081 [INFO]   Ep  34/160  train 1.3470 / 67.7%  val 1.2965 / 84.4%  lr 4.81e-05    27s
2026-03-16 09:42:12,566 [INFO]   Ep  35/160  train 1.3356 / 68.3%  val 1.2966 / 84.6%  lr 4.79e-05    26s
2026-03-16 09:42:39,267 [INFO]   Ep  36/160  train 1.2837 / 70.2%  val 1.2956 / 84.7%  lr 4.77e-05    27s
2026-03-16 09:43:05,812 [INFO]   Ep  37/160  train 1.3087 / 69.2%  val 1.2977 / 85.0%  lr 4.74e-05    27s
2026-03-16 09:43:32,356 [INFO]   Ep  38/160  train 1.3280 / 67.3%  val 1.2965 / 84.7%  lr 4.72e-05    27s
2026-03-16 09:43:32,356 [INFO]   Early stopping at epoch 38
2026-03-16 09:43:32,356 [INFO]   Fold 3 best val acc: 85.11%
2026-03-16 09:43:32,631 [INFO] ================================================================
2026-03-16 09:43:32,631 [INFO] FOLD 4 / 5
2026-03-16 09:43:32,631 [INFO] ================================================================
2026-03-16 09:43:33,007 [INFO] Loading pretrained weights from Hugging Face hub (timm/swin_small_patch4_window7_224.ms_in22k_ft_in1k)
2026-03-16 09:43:33,197 [INFO] HTTP Request: HEAD https://huggingface.co/timm/swin_small_patch4_window7_224.ms_in22k_ft_in1k/resolve/main/model.safetensors "HTTP/1.1 302 Found"
2026-03-16 09:43:33,198 [INFO] [timm/swin_small_patch4_window7_224.ms_in22k_ft_in1k] Safe alternative available for 'pytorch_model.bin' (as 'model.safetensors'). Loading weights using safetensors.
2026-03-16 09:43:33,378 [INFO]   Born-again ← best_fold3.pt: loaded 329, skipped 1 (val 85.58%)
2026-03-16 09:43:33,379 [INFO] Model: swin_small_patch4_window7_224.ms_in22k_ft_in1k  |  48.93M params (AvgPool, no GeM)
2026-03-16 09:43:33,379 [INFO] ── Full fine-tuning + KD (160 epochs, patience 35) ──
2026-03-16 09:43:33,380 [INFO] LLRD: 12 groups, LR [1.64e-05 … 5.00e-05]
2026-03-16 09:44:00,453 [INFO]   Ep   1/160  train 1.6258 / 68.0%  val 1.3202 / 85.3%  lr 2.46e-06    27s
2026-03-16 09:44:00,662 [INFO]   ★ best 85.35% → /data/slr/checkpoints_vit_v6/best_fold3.pt
2026-03-16 09:44:27,125 [INFO]   Ep   2/160  train 1.4519 / 66.4%  val 1.2895 / 85.0%  lr 3.83e-06    26s
2026-03-16 09:44:53,766 [INFO]   Ep   3/160  train 1.3889 / 67.5%  val 1.2836 / 84.9%  lr 6.05e-06    27s
2026-03-16 09:45:20,266 [INFO]   Ep   4/160  train 1.3568 / 68.2%  val 1.2851 / 85.0%  lr 9.03e-06    27s
2026-03-16 09:45:46,851 [INFO]   Ep   5/160  train 1.3090 / 69.9%  val 1.2912 / 84.8%  lr 1.27e-05    27s
2026-03-16 09:46:13,389 [INFO]   Ep   6/160  train 1.3418 / 69.3%  val 1.2873 / 85.1%  lr 1.68e-05    27s
2026-03-16 09:46:39,883 [INFO]   Ep   7/160  train 1.3429 / 68.7%  val 1.2954 / 85.1%  lr 2.13e-05    26s
2026-03-16 09:47:06,389 [INFO]   Ep   8/160  train 1.3326 / 69.0%  val 1.3101 / 84.9%  lr 2.60e-05    27s
2026-03-16 09:47:33,008 [INFO]   Ep   9/160  train 1.3078 / 69.9%  val 1.3026 / 85.3%  lr 3.07e-05    27s
2026-03-16 09:47:59,552 [INFO]   Ep  10/160  train 1.3174 / 68.7%  val 1.3134 / 84.9%  lr 3.52e-05    27s
2026-03-16 09:48:26,060 [INFO]   Ep  11/160  train 1.3378 / 69.2%  val 1.3178 / 84.4%  lr 3.93e-05    27s
2026-03-16 09:48:52,564 [INFO]   Ep  12/160  train 1.3479 / 68.1%  val 1.3203 / 84.8%  lr 4.30e-05    27s
2026-03-16 09:49:19,037 [INFO]   Ep  13/160  train 1.3272 / 69.2%  val 1.3077 / 84.5%  lr 4.60e-05    26s
2026-03-16 09:49:45,599 [INFO]   Ep  14/160  train 1.3530 / 68.1%  val 1.3238 / 84.1%  lr 4.82e-05    27s
2026-03-16 09:50:12,255 [INFO]   Ep  15/160  train 1.3768 / 66.6%  val 1.3427 / 84.0%  lr 4.95e-05    27s
2026-03-16 09:50:38,739 [INFO]   Ep  16/160  train 1.3601 / 67.7%  val 1.3310 / 84.6%  lr 5.00e-05    26s
2026-03-16 09:51:05,225 [INFO]   Ep  17/160  train 1.3619 / 67.6%  val 1.3439 / 84.0%  lr 5.00e-05    26s
2026-03-16 09:51:31,718 [INFO]   Ep  18/160  train 1.3682 / 66.5%  val 1.3255 / 84.4%  lr 5.00e-05    26s
2026-03-16 09:51:58,273 [INFO]   Ep  19/160  train 1.3324 / 68.1%  val 1.3221 / 84.1%  lr 4.99e-05    27s
2026-03-16 09:52:24,817 [INFO]   Ep  20/160  train 1.3210 / 69.4%  val 1.3264 / 84.7%  lr 4.99e-05    27s
2026-03-16 09:52:51,456 [INFO]   Ep  21/160  train 1.2861 / 70.2%  val 1.3343 / 84.5%  lr 4.99e-05    27s
2026-03-16 09:53:17,988 [INFO]   Ep  22/160  train 1.3282 / 68.6%  val 1.3414 / 84.7%  lr 4.98e-05    27s
2026-03-16 09:53:44,568 [INFO]   Ep  23/160  train 1.3806 / 67.1%  val 1.3118 / 84.8%  lr 4.97e-05    27s
2026-03-16 09:54:11,075 [INFO]   Ep  24/160  train 1.3884 / 65.8%  val 1.3280 / 84.5%  lr 4.96e-05    27s
2026-03-16 09:54:37,548 [INFO]   Ep  25/160  train 1.3249 / 68.2%  val 1.3374 / 84.3%  lr 4.95e-05    26s
2026-03-16 09:55:04,087 [INFO]   Ep  26/160  train 1.3557 / 66.8%  val 1.3148 / 84.6%  lr 4.94e-05    27s
2026-03-16 09:55:30,705 [INFO]   Ep  27/160  train 1.3017 / 69.9%  val 1.3282 / 84.6%  lr 4.93e-05    27s
2026-03-16 09:55:57,231 [INFO]   Ep  28/160  train 1.3047 / 69.7%  val 1.3497 / 83.8%  lr 4.91e-05    27s
2026-03-16 09:56:23,747 [INFO]   Ep  29/160  train 1.3588 / 67.2%  val 1.3552 / 84.4%  lr 4.90e-05    27s
2026-03-16 09:56:50,258 [INFO]   Ep  30/160  train 1.2945 / 69.9%  val 1.3397 / 83.6%  lr 4.88e-05    27s
2026-03-16 09:57:16,785 [INFO]   Ep  31/160  train 1.3034 / 69.9%  val 1.3503 / 83.8%  lr 4.87e-05    27s
2026-03-16 09:57:43,345 [INFO]   Ep  32/160  train 1.2451 / 72.0%  val 1.3414 / 83.6%  lr 4.85e-05    27s
2026-03-16 09:58:10,062 [INFO]   Ep  33/160  train 1.3172 / 69.0%  val 1.3257 / 84.2%  lr 4.83e-05    27s
2026-03-16 09:58:36,628 [INFO]   Ep  34/160  train 1.3242 / 68.7%  val 1.3453 / 84.1%  lr 4.81e-05    27s
2026-03-16 09:59:03,172 [INFO]   Ep  35/160  train 1.3650 / 66.3%  val 1.3241 / 84.3%  lr 4.79e-05    27s
2026-03-16 09:59:29,752 [INFO]   Ep  36/160  train 1.3246 / 69.1%  val 1.3211 / 84.3%  lr 4.77e-05    27s
2026-03-16 09:59:29,752 [INFO]   Early stopping at epoch 36
2026-03-16 09:59:29,752 [INFO]   Fold 4 best val acc: 85.35%
2026-03-16 09:59:30,054 [INFO] ================================================================
2026-03-16 09:59:30,055 [INFO] FOLD 5 / 5
2026-03-16 09:59:30,055 [INFO] ================================================================
2026-03-16 09:59:30,436 [INFO] Loading pretrained weights from Hugging Face hub (timm/swin_small_patch4_window7_224.ms_in22k_ft_in1k)
2026-03-16 09:59:30,548 [INFO] HTTP Request: HEAD https://huggingface.co/timm/swin_small_patch4_window7_224.ms_in22k_ft_in1k/resolve/main/model.safetensors "HTTP/1.1 302 Found"
2026-03-16 09:59:30,549 [INFO] [timm/swin_small_patch4_window7_224.ms_in22k_ft_in1k] Safe alternative available for 'pytorch_model.bin' (as 'model.safetensors'). Loading weights using safetensors.
2026-03-16 09:59:30,742 [INFO]   Born-again ← best_fold4.pt: loaded 329, skipped 1 (val 84.09%)
2026-03-16 09:59:30,743 [INFO] Model: swin_small_patch4_window7_224.ms_in22k_ft_in1k  |  48.93M params (AvgPool, no GeM)
2026-03-16 09:59:30,743 [INFO] ── Full fine-tuning + KD (160 epochs, patience 35) ──
2026-03-16 09:59:30,744 [INFO] LLRD: 12 groups, LR [1.64e-05 … 5.00e-05]
2026-03-16 09:59:57,874 [INFO]   Ep   1/160  train 1.6532 / 67.5%  val 1.3485 / 83.6%  lr 2.46e-06    27s
2026-03-16 09:59:58,092 [INFO]   ★ best 83.62% → /data/slr/checkpoints_vit_v6/best_fold4.pt
2026-03-16 10:00:24,565 [INFO]   Ep   2/160  train 1.3989 / 68.6%  val 1.3136 / 83.4%  lr 3.83e-06    26s
2026-03-16 10:00:51,201 [INFO]   Ep   3/160  train 1.3931 / 67.4%  val 1.3119 / 84.0%  lr 6.05e-06    27s
2026-03-16 10:00:51,452 [INFO]   ★ best 84.02% → /data/slr/checkpoints_vit_v6/best_fold4.pt
2026-03-16 10:01:17,933 [INFO]   Ep   4/160  train 1.3742 / 67.9%  val 1.3125 / 83.9%  lr 9.03e-06    26s
2026-03-16 10:01:44,420 [INFO]   Ep   5/160  train 1.3168 / 69.9%  val 1.3168 / 83.9%  lr 1.27e-05    26s
2026-03-16 10:02:10,885 [INFO]   Ep   6/160  train 1.3568 / 68.5%  val 1.3269 / 83.9%  lr 1.68e-05    26s
2026-03-16 10:02:37,383 [INFO]   Ep   7/160  train 1.3410 / 68.8%  val 1.3334 / 83.3%  lr 2.13e-05    26s
2026-03-16 10:03:03,930 [INFO]   Ep   8/160  train 1.2754 / 71.4%  val 1.3239 / 83.8%  lr 2.60e-05    27s
2026-03-16 10:03:30,580 [INFO]   Ep   9/160  train 1.3432 / 68.9%  val 1.3280 / 83.1%  lr 3.07e-05    27s
2026-03-16 10:03:57,047 [INFO]   Ep  10/160  train 1.3041 / 69.8%  val 1.3208 / 84.3%  lr 3.52e-05    26s
2026-03-16 10:03:57,313 [INFO]   ★ best 84.29% → /data/slr/checkpoints_vit_v6/best_fold4.pt
2026-03-16 10:04:23,795 [INFO]   Ep  11/160  train 1.3477 / 67.9%  val 1.3485 / 83.5%  lr 3.93e-05    26s
2026-03-16 10:04:50,297 [INFO]   Ep  12/160  train 1.3386 / 68.4%  val 1.3483 / 83.5%  lr 4.30e-05    27s
2026-03-16 10:05:16,757 [INFO]   Ep  13/160  train 1.3468 / 68.1%  val 1.3840 / 82.6%  lr 4.60e-05    26s
2026-03-16 10:05:43,306 [INFO]   Ep  14/160  train 1.3347 / 68.1%  val 1.3573 / 83.2%  lr 4.82e-05    27s
2026-03-16 10:06:09,908 [INFO]   Ep  15/160  train 1.3595 / 67.3%  val 1.3827 / 82.7%  lr 4.95e-05    27s
2026-03-16 10:06:36,449 [INFO]   Ep  16/160  train 1.3349 / 68.3%  val 1.3479 / 83.6%  lr 5.00e-05    27s
2026-03-16 10:07:02,995 [INFO]   Ep  17/160  train 1.3216 / 69.3%  val 1.3465 / 83.3%  lr 5.00e-05    27s
2026-03-16 10:07:29,501 [INFO]   Ep  18/160  train 1.3428 / 68.8%  val 1.3725 / 82.8%  lr 5.00e-05    27s
2026-03-16 10:07:55,968 [INFO]   Ep  19/160  train 1.3780 / 66.6%  val 1.3558 / 83.4%  lr 4.99e-05    26s
2026-03-16 10:08:22,475 [INFO]   Ep  20/160  train 1.3214 / 68.9%  val 1.3632 / 83.1%  lr 4.99e-05    27s
2026-03-16 10:08:49,190 [INFO]   Ep  21/160  train 1.3043 / 70.0%  val 1.3693 / 83.1%  lr 4.99e-05    27s
2026-03-16 10:09:15,697 [INFO]   Ep  22/160  train 1.2897 / 70.3%  val 1.3727 / 82.6%  lr 4.98e-05    27s
2026-03-16 10:09:42,190 [INFO]   Ep  23/160  train 1.3855 / 66.7%  val 1.3353 / 83.5%  lr 4.97e-05    26s
2026-03-16 10:10:08,720 [INFO]   Ep  24/160  train 1.3048 / 70.4%  val 1.3621 / 83.0%  lr 4.96e-05    27s
2026-03-16 10:10:35,209 [INFO]   Ep  25/160  train 1.3844 / 65.9%  val 1.3702 / 82.2%  lr 4.95e-05    26s
2026-03-16 10:11:01,769 [INFO]   Ep  26/160  train 1.3529 / 67.4%  val 1.3581 / 83.3%  lr 4.94e-05    27s
2026-03-16 10:11:28,413 [INFO]   Ep  27/160  train 1.3630 / 66.8%  val 1.3640 / 83.1%  lr 4.93e-05    27s
2026-03-16 10:11:54,942 [INFO]   Ep  28/160  train 1.3209 / 68.6%  val 1.3423 / 83.4%  lr 4.91e-05    27s
2026-03-16 10:12:21,497 [INFO]   Ep  29/160  train 1.3205 / 69.3%  val 1.3677 / 82.8%  lr 4.90e-05    27s
2026-03-16 10:12:48,011 [INFO]   Ep  30/160  train 1.3204 / 68.7%  val 1.3347 / 84.0%  lr 4.88e-05    27s
2026-03-16 10:13:14,523 [INFO]   Ep  31/160  train 1.3588 / 67.3%  val 1.3418 / 83.6%  lr 4.87e-05    27s
2026-03-16 10:13:41,062 [INFO]   Ep  32/160  train 1.3323 / 68.0%  val 1.3538 / 83.7%  lr 4.85e-05    27s
2026-03-16 10:14:07,675 [INFO]   Ep  33/160  train 1.3080 / 69.2%  val 1.3565 / 83.5%  lr 4.83e-05    27s
2026-03-16 10:14:34,187 [INFO]   Ep  34/160  train 1.3825 / 66.0%  val 1.3744 / 82.6%  lr 4.81e-05    27s
2026-03-16 10:15:00,694 [INFO]   Ep  35/160  train 1.3132 / 69.0%  val 1.3356 / 83.8%  lr 4.79e-05    27s
2026-03-16 10:15:27,243 [INFO]   Ep  36/160  train 1.2991 / 69.6%  val 1.3431 / 84.0%  lr 4.77e-05    27s
2026-03-16 10:15:53,778 [INFO]   Ep  37/160  train 1.3006 / 70.1%  val 1.3494 / 83.5%  lr 4.74e-05    27s
2026-03-16 10:16:20,279 [INFO]   Ep  38/160  train 1.3181 / 68.3%  val 1.3595 / 83.3%  lr 4.72e-05    27s
2026-03-16 10:16:46,888 [INFO]   Ep  39/160  train 1.2853 / 70.3%  val 1.3504 / 83.7%  lr 4.69e-05    27s
2026-03-16 10:17:13,325 [INFO]   Ep  40/160  train 1.2732 / 70.4%  val 1.3435 / 84.6%  lr 4.66e-05    26s
2026-03-16 10:17:13,580 [INFO]   ★ best 84.57% → /data/slr/checkpoints_vit_v6/best_fold4.pt
2026-03-16 10:17:40,114 [INFO]   Ep  41/160  train 1.3240 / 68.6%  val 1.3637 / 83.1%  lr 4.64e-05    27s
2026-03-16 10:18:06,669 [INFO]   Ep  42/160  train 1.2569 / 71.6%  val 1.3564 / 83.5%  lr 4.61e-05    27s
2026-03-16 10:18:33,185 [INFO]   Ep  43/160  train 1.3465 / 67.7%  val 1.3445 / 84.3%  lr 4.58e-05    27s
2026-03-16 10:18:59,697 [INFO]   Ep  44/160  train 1.2803 / 69.6%  val 1.3315 / 83.9%  lr 4.55e-05    27s
2026-03-16 10:19:26,321 [INFO]   Ep  45/160  train 1.2982 / 70.0%  val 1.3580 / 84.0%  lr 4.52e-05    27s
2026-03-16 10:19:52,760 [INFO]   Ep  46/160  train 1.2999 / 69.3%  val 1.3648 / 83.1%  lr 4.48e-05    26s
2026-03-16 10:20:19,256 [INFO]   Ep  47/160  train 1.2822 / 70.3%  val 1.3395 / 84.4%  lr 4.45e-05    26s
2026-03-16 10:20:45,746 [INFO]   Ep  48/160  train 1.3049 / 70.4%  val 1.3585 / 83.4%  lr 4.41e-05    26s
2026-03-16 10:21:12,267 [INFO]   Ep  49/160  train 1.2911 / 70.0%  val 1.3550 / 83.9%  lr 4.38e-05    27s
2026-03-16 10:21:38,734 [INFO]   Ep  50/160  train 1.2956 / 69.5%  val 1.3441 / 83.9%  lr 4.34e-05    26s
2026-03-16 10:22:05,319 [INFO]   Ep  51/160  train 1.2712 / 70.7%  val 1.3551 / 83.8%  lr 4.31e-05    27s
2026-03-16 10:22:31,827 [INFO]   Ep  52/160  train 1.2485 / 71.2%  val 1.3379 / 84.2%  lr 4.27e-05    27s
2026-03-16 10:22:58,341 [INFO]   Ep  53/160  train 1.3021 / 69.8%  val 1.3398 / 84.0%  lr 4.23e-05    27s
2026-03-16 10:23:24,854 [INFO]   Ep  54/160  train 1.2700 / 70.6%  val 1.3472 / 84.3%  lr 4.19e-05    27s
2026-03-16 10:23:51,331 [INFO]   Ep  55/160  train 1.2653 / 71.0%  val 1.3451 / 83.9%  lr 4.15e-05    26s
2026-03-16 10:24:17,813 [INFO]   Ep  56/160  train 1.2665 / 70.9%  val 1.3358 / 83.6%  lr 4.11e-05    26s
2026-03-16 10:24:44,391 [INFO]   Ep  57/160  train 1.3417 / 67.5%  val 1.3544 / 84.1%  lr 4.06e-05    27s
2026-03-16 10:25:10,857 [INFO]   Ep  58/160  train 1.2776 / 70.7%  val 1.3379 / 84.2%  lr 4.02e-05    26s
2026-03-16 10:25:37,374 [INFO]   Ep  59/160  train 1.2775 / 70.1%  val 1.3293 / 84.3%  lr 3.98e-05    27s
2026-03-16 10:26:03,884 [INFO]   Ep  60/160  train 1.2764 / 69.6%  val 1.3579 / 83.8%  lr 3.93e-05    27s
2026-03-16 10:26:30,406 [INFO]   Ep  61/160  train 1.2872 / 69.9%  val 1.3361 / 84.7%  lr 3.89e-05    27s
2026-03-16 10:26:30,640 [INFO]   ★ best 84.74% → /data/slr/checkpoints_vit_v6/best_fold4.pt
2026-03-16 10:26:57,112 [INFO]   Ep  62/160  train 1.3076 / 68.1%  val 1.3293 / 83.5%  lr 3.84e-05    26s
2026-03-16 10:27:23,735 [INFO]   Ep  63/160  train 1.2848 / 70.0%  val 1.3337 / 84.2%  lr 3.80e-05    27s
2026-03-16 10:27:50,255 [INFO]   Ep  64/160  train 1.2714 / 70.2%  val 1.3294 / 84.6%  lr 3.75e-05    27s
2026-03-16 10:28:16,768 [INFO]   Ep  65/160  train 1.2217 / 72.0%  val 1.3447 / 84.2%  lr 3.70e-05    27s
2026-03-16 10:28:43,184 [INFO]   Ep  66/160  train 1.2661 / 70.1%  val 1.3354 / 83.8%  lr 3.65e-05    26s
2026-03-16 10:29:09,644 [INFO]   Ep  67/160  train 1.2748 / 70.4%  val 1.3341 / 84.3%  lr 3.61e-05    26s
2026-03-16 10:29:36,080 [INFO]   Ep  68/160  train 1.3227 / 68.0%  val 1.3432 / 84.2%  lr 3.56e-05    26s
2026-03-16 10:30:02,686 [INFO]   Ep  69/160  train 1.2603 / 70.7%  val 1.3455 / 84.0%  lr 3.51e-05    27s
2026-03-16 10:30:29,721 [INFO]   Ep  70/160  train 1.2785 / 70.5%  val 1.3525 / 83.8%  lr 3.46e-05    27s
2026-03-16 10:30:56,622 [INFO]   Ep  71/160  train 1.2694 / 70.4%  val 1.3489 / 84.4%  lr 3.41e-05    27s
2026-03-16 10:31:23,734 [INFO]   Ep  72/160  train 1.2450 / 71.3%  val 1.3409 / 84.1%  lr 3.35e-05    27s
2026-03-16 10:31:50,683 [INFO]   Ep  73/160  train 1.2237 / 72.2%  val 1.3526 / 84.1%  lr 3.30e-05    27s
2026-03-16 10:32:17,475 [INFO]   Ep  74/160  train 1.2726 / 69.5%  val 1.3516 / 83.2%  lr 3.25e-05    27s
2026-03-16 10:32:44,449 [INFO]   Ep  75/160  train 1.2385 / 71.0%  val 1.3371 / 84.7%  lr 3.20e-05    27s
2026-03-16 10:33:11,142 [INFO]   Ep  76/160  train 1.2233 / 72.2%  val 1.3401 / 84.2%  lr 3.15e-05    27s
2026-03-16 10:33:37,634 [INFO]   Ep  77/160  train 1.2231 / 72.1%  val 1.3185 / 84.4%  lr 3.09e-05    26s
2026-03-16 10:34:04,207 [INFO]   Ep  78/160  train 1.2564 / 70.6%  val 1.3334 / 84.6%  lr 3.04e-05    27s
2026-03-16 10:34:30,778 [INFO]   Ep  79/160  train 1.2399 / 71.3%  val 1.3316 / 84.5%  lr 2.99e-05    27s
2026-03-16 10:34:57,308 [INFO]   Ep  80/160  train 1.2173 / 72.2%  val 1.3328 / 84.6%  lr 2.93e-05    27s
2026-03-16 10:35:23,983 [INFO]   Ep  81/160  train 1.2642 / 70.7%  val 1.3356 / 84.8%  lr 2.88e-05    27s
2026-03-16 10:35:24,244 [INFO]   ★ best 84.77% → /data/slr/checkpoints_vit_v6/best_fold4.pt
2026-03-16 10:35:50,793 [INFO]   Ep  82/160  train 1.2156 / 72.4%  val 1.3379 / 84.5%  lr 2.83e-05    27s
2026-03-16 10:36:17,355 [INFO]   Ep  83/160  train 1.2701 / 69.8%  val 1.3362 / 84.5%  lr 2.77e-05    27s
2026-03-16 10:36:44,216 [INFO]   Ep  84/160  train 1.1937 / 73.3%  val 1.3437 / 84.3%  lr 2.72e-05    27s
2026-03-16 10:37:11,093 [INFO]   Ep  85/160  train 1.1987 / 73.2%  val 1.3439 / 84.6%  lr 2.66e-05    27s
2026-03-16 10:37:37,814 [INFO]   Ep  86/160  train 1.2162 / 72.1%  val 1.3379 / 84.3%  lr 2.61e-05    27s
2026-03-16 10:38:04,450 [INFO]   Ep  87/160  train 1.2030 / 73.2%  val 1.3369 / 84.0%  lr 2.55e-05    27s
2026-03-16 10:38:30,963 [INFO]   Ep  88/160  train 1.2611 / 69.7%  val 1.3488 / 84.0%  lr 2.50e-05    27s
2026-03-16 10:38:57,551 [INFO]   Ep  89/160  train 1.2328 / 72.2%  val 1.3299 / 84.8%  lr 2.45e-05    27s
2026-03-16 10:38:57,820 [INFO]   ★ best 84.84% → /data/slr/checkpoints_vit_v6/best_fold4.pt
2026-03-16 10:39:24,408 [INFO]   Ep  90/160  train 1.2011 / 72.7%  val 1.3446 / 84.4%  lr 2.39e-05    27s
2026-03-16 10:39:50,989 [INFO]   Ep  91/160  train 1.2694 / 70.2%  val 1.3324 / 84.4%  lr 2.34e-05    27s
2026-03-16 10:40:17,490 [INFO]   Ep  92/160  train 1.2423 / 70.8%  val 1.3316 / 85.1%  lr 2.28e-05    27s
2026-03-16 10:40:17,744 [INFO]   ★ best 85.14% → /data/slr/checkpoints_vit_v6/best_fold4.pt
2026-03-16 10:40:44,447 [INFO]   Ep  93/160  train 1.2618 / 70.7%  val 1.3232 / 85.1%  lr 2.23e-05    27s
2026-03-16 10:41:11,016 [INFO]   Ep  94/160  train 1.1832 / 73.4%  val 1.3286 / 84.8%  lr 2.17e-05    27s
2026-03-16 10:41:37,581 [INFO]   Ep  95/160  train 1.2258 / 71.7%  val 1.3206 / 85.1%  lr 2.12e-05    27s
2026-03-16 10:42:04,169 [INFO]   Ep  96/160  train 1.2043 / 73.2%  val 1.3176 / 85.1%  lr 2.07e-05    27s
2026-03-16 10:42:30,729 [INFO]   Ep  97/160  train 1.2282 / 72.3%  val 1.3287 / 84.8%  lr 2.01e-05    27s
2026-03-16 10:42:57,239 [INFO]   Ep  98/160  train 1.2206 / 71.7%  val 1.3215 / 85.0%  lr 1.96e-05    27s
2026-03-16 10:43:23,906 [INFO]   Ep  99/160  train 1.2268 / 71.8%  val 1.3236 / 84.9%  lr 1.91e-05    27s
2026-03-16 10:43:50,383 [INFO]   Ep 100/160  train 1.2053 / 72.9%  val 1.3359 / 84.9%  lr 1.85e-05    26s
2026-03-16 10:44:16,875 [INFO]   Ep 101/160  train 1.2231 / 71.9%  val 1.3413 / 84.9%  lr 1.80e-05    26s
2026-03-16 10:44:43,339 [INFO]   Ep 102/160  train 1.1607 / 74.1%  val 1.3390 / 85.0%  lr 1.75e-05    26s
2026-03-16 10:45:09,833 [INFO]   Ep 103/160  train 1.2459 / 71.0%  val 1.3245 / 84.9%  lr 1.70e-05    26s
2026-03-16 10:45:36,411 [INFO]   Ep 104/160  train 1.1837 / 73.1%  val 1.3260 / 84.7%  lr 1.64e-05    27s
2026-03-16 10:46:03,070 [INFO]   Ep 105/160  train 1.1982 / 72.6%  val 1.3276 / 85.3%  lr 1.59e-05    27s
2026-03-16 10:46:03,336 [INFO]   ★ best 85.35% → /data/slr/checkpoints_vit_v6/best_fold4.pt
2026-03-16 10:46:29,811 [INFO]   Ep 106/160  train 1.1850 / 73.4%  val 1.3309 / 85.3%  lr 1.54e-05    26s
2026-03-16 10:46:56,334 [INFO]   Ep 107/160  train 1.2164 / 71.9%  val 1.3309 / 85.0%  lr 1.49e-05    27s
2026-03-16 10:47:23,898 [INFO]   Ep 108/160  train 1.1979 / 73.2%  val 1.3324 / 84.8%  lr 1.44e-05    28s
2026-03-16 10:47:50,430 [INFO]   Ep 109/160  train 1.1987 / 73.3%  val 1.3405 / 84.6%  lr 1.39e-05    27s
2026-03-16 10:48:16,953 [INFO]   Ep 110/160  train 1.2198 / 71.8%  val 1.3308 / 84.7%  lr 1.35e-05    27s
2026-03-16 10:48:43,499 [INFO]   Ep 111/160  train 1.2471 / 71.2%  val 1.3247 / 85.3%  lr 1.30e-05    27s
2026-03-16 10:49:09,958 [INFO]   Ep 112/160  train 1.2027 / 73.0%  val 1.3312 / 85.2%  lr 1.25e-05    26s
2026-03-16 10:49:36,435 [INFO]   Ep 113/160  train 1.1998 / 72.5%  val 1.3180 / 84.9%  lr 1.20e-05    26s
2026-03-16 10:50:02,989 [INFO]   Ep 114/160  train 1.2477 / 71.1%  val 1.3286 / 84.9%  lr 1.16e-05    27s
2026-03-16 10:50:29,462 [INFO]   Ep 115/160  train 1.2222 / 71.4%  val 1.3188 / 85.0%  lr 1.11e-05    26s
2026-03-16 10:50:55,921 [INFO]   Ep 116/160  train 1.2184 / 71.4%  val 1.3208 / 84.9%  lr 1.07e-05    26s
2026-03-16 10:51:22,525 [INFO]   Ep 117/160  train 1.2332 / 71.8%  val 1.3157 / 85.2%  lr 1.02e-05    27s
2026-03-16 10:51:49,030 [INFO]   Ep 118/160  train 1.1785 / 73.6%  val 1.3167 / 85.2%  lr 9.78e-06    27s
2026-03-16 10:52:15,520 [INFO]   Ep 119/160  train 1.2274 / 71.3%  val 1.3141 / 85.1%  lr 9.35e-06    26s
2026-03-16 10:52:42,067 [INFO]   Ep 120/160  train 1.2097 / 71.9%  val 1.3199 / 85.1%  lr 8.93e-06    27s
2026-03-16 10:53:08,588 [INFO]   Ep 121/160  train 1.2257 / 70.9%  val 1.3188 / 85.3%  lr 8.52e-06    27s
2026-03-16 10:53:35,153 [INFO]   Ep 122/160  train 1.1914 / 72.9%  val 1.3261 / 85.0%  lr 8.11e-06    27s
2026-03-16 10:54:01,808 [INFO]   Ep 123/160  train 1.1670 / 73.7%  val 1.3175 / 85.1%  lr 7.71e-06    27s
2026-03-16 10:54:28,360 [INFO]   Ep 124/160  train 1.2250 / 71.4%  val 1.3173 / 85.3%  lr 7.32e-06    27s
2026-03-16 10:54:54,894 [INFO]   Ep 125/160  train 1.1941 / 72.5%  val 1.3193 / 85.4%  lr 6.94e-06    27s
2026-03-16 10:54:55,143 [INFO]   ★ best 85.38% → /data/slr/checkpoints_vit_v6/best_fold4.pt
2026-03-16 10:55:21,685 [INFO]   Ep 126/160  train 1.2331 / 71.5%  val 1.3185 / 85.2%  lr 6.57e-06    27s
2026-03-16 10:55:48,227 [INFO]   Ep 127/160  train 1.1141 / 76.0%  val 1.3213 / 85.5%  lr 6.20e-06    27s
2026-03-16 10:55:48,470 [INFO]   ★ best 85.55% → /data/slr/checkpoints_vit_v6/best_fold4.pt
2026-03-16 10:56:14,988 [INFO]   Ep 128/160  train 1.2018 / 72.9%  val 1.3187 / 85.3%  lr 5.85e-06    27s
2026-03-16 10:56:41,621 [INFO]   Ep 129/160  train 1.2129 / 73.1%  val 1.3178 / 85.6%  lr 5.50e-06    27s
2026-03-16 10:56:41,865 [INFO]   ★ best 85.58% → /data/slr/checkpoints_vit_v6/best_fold4.pt
2026-03-16 10:57:08,339 [INFO]   Ep 130/160  train 1.2253 / 72.1%  val 1.3193 / 85.3%  lr 5.17e-06    26s
2026-03-16 10:57:34,850 [INFO]   Ep 131/160  train 1.1972 / 72.6%  val 1.3204 / 85.3%  lr 4.84e-06    27s
2026-03-16 10:58:01,386 [INFO]   Ep 132/160  train 1.1692 / 74.6%  val 1.3145 / 85.2%  lr 4.52e-06    27s
2026-03-16 10:58:27,902 [INFO]   Ep 133/160  train 1.2051 / 72.3%  val 1.3163 / 85.3%  lr 4.21e-06    27s
2026-03-16 10:58:54,446 [INFO]   Ep 134/160  train 1.1939 / 73.4%  val 1.3149 / 85.4%  lr 3.92e-06    27s
2026-03-16 10:59:21,056 [INFO]   Ep 135/160  train 1.1697 / 74.2%  val 1.3146 / 85.2%  lr 3.63e-06    27s
2026-03-16 10:59:47,486 [INFO]   Ep 136/160  train 1.2012 / 72.1%  val 1.3189 / 85.4%  lr 3.35e-06    26s
2026-03-16 11:00:13,989 [INFO]   Ep 137/160  train 1.1635 / 74.0%  val 1.3152 / 85.3%  lr 3.08e-06    26s
2026-03-16 11:00:40,497 [INFO]   Ep 138/160  train 1.1658 / 74.3%  val 1.3140 / 85.4%  lr 2.83e-06    27s
2026-03-16 11:01:07,021 [INFO]   Ep 139/160  train 1.1547 / 74.5%  val 1.3138 / 85.3%  lr 2.58e-06    27s
2026-03-16 11:01:33,523 [INFO]   Ep 140/160  train 1.2101 / 72.0%  val 1.3148 / 85.2%  lr 2.34e-06    27s
2026-03-16 11:02:00,157 [INFO]   Ep 141/160  train 1.1934 / 72.9%  val 1.3123 / 85.4%  lr 2.12e-06    27s
2026-03-16 11:02:26,687 [INFO]   Ep 142/160  train 1.1871 / 73.7%  val 1.3112 / 85.4%  lr 1.90e-06    27s
2026-03-16 11:02:53,222 [INFO]   Ep 143/160  train 1.1742 / 73.9%  val 1.3103 / 85.1%  lr 1.70e-06    27s
2026-03-16 11:03:19,740 [INFO]   Ep 144/160  train 1.1553 / 74.4%  val 1.3092 / 85.4%  lr 1.51e-06    27s
2026-03-16 11:03:46,311 [INFO]   Ep 145/160  train 1.1964 / 72.2%  val 1.3103 / 85.2%  lr 1.33e-06    27s
2026-03-16 11:04:12,863 [INFO]   Ep 146/160  train 1.2078 / 72.3%  val 1.3115 / 85.3%  lr 1.16e-06    27s
2026-03-16 11:04:39,527 [INFO]   Ep 147/160  train 1.1844 / 72.5%  val 1.3119 / 85.5%  lr 1.00e-06    27s
2026-03-16 11:05:05,970 [INFO]   Ep 148/160  train 1.2015 / 71.7%  val 1.3126 / 85.3%  lr 8.53e-07    26s
2026-03-16 11:05:32,433 [INFO]   Ep 149/160  train 1.1688 / 73.9%  val 1.3125 / 85.3%  lr 7.18e-07    26s
2026-03-16 11:05:58,950 [INFO]   Ep 150/160  train 1.1757 / 73.4%  val 1.3130 / 85.1%  lr 5.94e-07    27s
2026-03-16 11:06:25,411 [INFO]   Ep 151/160  train 1.1424 / 75.6%  val 1.3125 / 85.3%  lr 4.82e-07    26s
2026-03-16 11:06:51,887 [INFO]   Ep 152/160  train 1.1574 / 74.1%  val 1.3119 / 85.2%  lr 3.81e-07    26s
2026-03-16 11:07:18,491 [INFO]   Ep 153/160  train 1.2142 / 72.1%  val 1.3117 / 85.4%  lr 2.93e-07    27s
2026-03-16 11:07:44,983 [INFO]   Ep 154/160  train 1.1868 / 73.1%  val 1.3125 / 85.3%  lr 2.16e-07    26s
2026-03-16 11:08:11,505 [INFO]   Ep 155/160  train 1.1902 / 72.8%  val 1.3127 / 85.4%  lr 1.50e-07    27s
2026-03-16 11:08:38,005 [INFO]   Ep 156/160  train 1.2176 / 71.3%  val 1.3127 / 85.4%  lr 9.69e-08    26s
2026-03-16 11:09:04,499 [INFO]   Ep 157/160  train 1.1945 / 72.6%  val 1.3127 / 85.4%  lr 5.54e-08    26s
2026-03-16 11:09:30,994 [INFO]   Ep 158/160  train 1.1655 / 74.0%  val 1.3125 / 85.4%  lr 2.57e-08    26s
2026-03-16 11:09:57,638 [INFO]   Ep 159/160  train 1.2344 / 71.2%  val 1.3125 / 85.4%  lr 7.90e-09    27s
2026-03-16 11:10:24,084 [INFO]   Ep 160/160  train 1.1458 / 74.5%  val 1.3125 / 85.4%  lr 2.00e-09    26s
2026-03-16 11:10:24,085 [INFO]   Fold 5 best val acc: 85.58%
2026-03-16 11:10:24,356 [INFO] ================================================================
2026-03-16 11:10:24,357 [INFO] 5-FOLD CV RESULTS
2026-03-16 11:10:24,357 [INFO] ================================================================
2026-03-16 11:10:24,357 [INFO]   Fold 1 : 83.86%
2026-03-16 11:10:24,357 [INFO]   Fold 2 : 83.52%
2026-03-16 11:10:24,357 [INFO]   Fold 3 : 85.11%
2026-03-16 11:10:24,357 [INFO]   Fold 4 : 85.35%
2026-03-16 11:10:24,357 [INFO]   Fold 5 : 85.58%
2026-03-16 11:10:24,357 [INFO]   Mean  : 84.68% ± 0.83%
2026-03-16 11:10:24,358 [INFO] Loading ViT v6 checkpoints …
2026-03-16 11:11:01,709 [INFO] Submission (no TTA) → /data/slr/checkpoints_vit_v6/submission_no_tta.csv
2026-03-16 11:11:01,709 [INFO] Running 10-way TTA × 5 folds …
2026-03-16 11:16:44,755 [INFO] Submission (TTA) → /data/slr/checkpoints_vit_v6/submission_tta.csv
2026-03-16 11:16:44,755 [INFO] TTA changed 291 / 9828 (3.0%)
2026-03-16 11:16:44,761 [INFO] Loading CNN v7 for cross-arch ensemble …
2026-03-16 11:19:46,798 [INFO] Submission (ViT v6 + CNN v7) → /data/slr/checkpoints_vit_v6/submission_vit6_cnn7_ensemble.csv
2026-03-16 11:19:46,799 [INFO] Ensemble differs from ViT-only in 569 predictions
2026-03-16 11:19:46,799 [INFO] Done.
