2026-03-16 14:11:50,613 [INFO]   Born-again ← best_fold0.pt: loaded 94, skipped 0 (val 80.60%)
2026-03-16 14:12:05,615 [INFO] GPU : NVIDIA H200
2026-03-16 14:12:05,616 [INFO] Config : {
  "data_dir": "/data/slr/track2_",
  "output_dir": "/data/slr/checkpoints_1d_v2",
  "max_frames": 48,
  "n_range_bins": 256,
  "n_classes": 126,
  "channel_means": [
    -64.3217,
    -62.9119,
    -63.9254
  ],
  "channel_stds": [
    12.5721,
    11.662,
    11.7259
  ],
  "n_folds": 5,
  "batch_size": 128,
  "num_workers": 4,
  "stage1_epochs": 10,
  "stage1_lr": 0.0003,
  "stage2_epochs": 250,
  "stage2_lr": 0.0005,
  "weight_decay": 0.02,
  "warmup_pct": 0.08,
  "label_smoothing": 0.1,
  "early_stopping_patience": 40,
  "grad_clip_norm": 1.0,
  "llrd_decay": 0.65,
  "kd_alpha": 0.5,
  "kd_tau": 4.0,
  "teacher_img_size": 224,
  "pseudo_label_threshold": 0.7,
  "mixup_alpha": 0.4,
  "cutmix_alpha": 1.0,
  "cutmix_prob": 0.5,
  "time_mask_max": 8,
  "range_mask_max": 30,
  "noise_std": 0.1,
  "time_warp_lo": 0.8,
  "time_warp_hi": 1.2,
  "time_reverse_prob": 0.5,
  "channel_shuffle_prob": 0.2,
  "channel_drop_prob": 0.1,
  "random_erase_prob": 0.2,
  "circ_shift_prob": 0.3,
  "circ_shift_max": 8,
  "amp_scale_prob": 0.5,
  "amp_scale_lo": 0.8,
  "amp_scale_hi": 1.2,
  "range_dim": 384,
  "temp_dims": [
    384,
    512,
    768
  ],
  "temp_kernel": 7,
  "drop_path_rate": 0.15,
  "drop_rate": 0.3,
  "ms_dropout_samples": 5,
  "attn_heads": 8,
  "attn_layers": 2,
  "attn_dropout": 0.1,
  "teacher_model_name": "convnext_tiny.fb_in22k_ft_in1k",
  "pretrained": true,
  "seed": 42
}
2026-03-16 14:12:05,688 [INFO] Train: 14742  |  Eval: 9828  |  Classes: 126
2026-03-16 14:12:05,688 [INFO] Pre-loading training data …
2026-03-16 14:12:08,218 [INFO] Pre-loading eval data …
2026-03-16 14:12:09,902 [INFO] Generating pseudo-labels (threshold=0.70) …
2026-03-16 14:12:13,074 [INFO]   Loaded 10 teacher models
2026-03-16 14:12:56,583 [INFO]   Pseudo-labeled: 6926 / 9828 kept (70.5%); avg conf = 0.843
2026-03-16 14:12:56,595 [INFO] Pre-computing teacher soft labels (at 224×224) …
2026-03-16 14:12:59,908 [INFO]   Loaded 10 teacher models
2026-03-16 14:13:53,257 [INFO]   Soft labels ready: 14742 samples from 10 teachers
2026-03-16 14:13:53,269 [INFO] KD: α=0.50  τ=4.0  | PL: 6926 extra samples
2026-03-16 14:13:53,387 [INFO] RangeTemporalNetV2: 34.64M params (v1 CNN + temporal attention)
2026-03-16 14:13:53,392 [INFO] ================================================================
2026-03-16 14:13:53,392 [INFO] FOLD 1 / 5
2026-03-16 14:13:53,392 [INFO] ================================================================
2026-03-16 14:13:53,394 [INFO]   Train: 18719 (orig 11793 + PL 6926)  |  Val: 2949
2026-03-16 14:13:53,555 [INFO]   Born-again ← best_fold0.pt: loaded 94, skipped 0 (val 80.60%)
2026-03-16 14:13:53,555 [INFO] Model: RangeTemporalNetV2  |  34.64M params
2026-03-16 14:13:53,555 [INFO] ── Stage 1: attention + head warmup (10 epochs) ──
2026-03-16 14:13:59,683 [INFO]   S1 Ep  1/10  train 1.4677 / 61.1%  val 1.5000 / 79.8%    6s
2026-03-16 14:13:59,812 [INFO]   ★ best 79.79%
2026-03-16 14:14:04,979 [INFO]   S1 Ep  2/10  train 1.3814 / 64.1%  val 1.4951 / 79.5%    5s
2026-03-16 14:14:10,115 [INFO]   S1 Ep  3/10  train 1.3322 / 65.9%  val 1.4659 / 79.7%    5s
2026-03-16 14:14:15,344 [INFO]   S1 Ep  4/10  train 1.3327 / 65.6%  val 1.4551 / 80.1%    5s
2026-03-16 14:14:15,497 [INFO]   ★ best 80.09%
2026-03-16 14:14:20,750 [INFO]   S1 Ep  5/10  train 1.3835 / 63.2%  val 1.4738 / 80.0%    5s
2026-03-16 14:14:26,306 [INFO]   S1 Ep  6/10  train 1.4065 / 62.5%  val 1.4885 / 79.5%    6s
2026-03-16 14:14:31,468 [INFO]   S1 Ep  7/10  train 1.3957 / 62.3%  val 1.4568 / 80.2%    5s
2026-03-16 14:14:31,621 [INFO]   ★ best 80.16%
2026-03-16 14:14:36,701 [INFO]   S1 Ep  8/10  train 1.4413 / 60.2%  val 1.4886 / 79.6%    5s
2026-03-16 14:14:41,870 [INFO]   S1 Ep  9/10  train 1.3139 / 66.2%  val 1.4838 / 79.8%    5s
2026-03-16 14:14:47,057 [INFO]   S1 Ep 10/10  train 1.3495 / 64.0%  val 1.4635 / 79.8%    5s
2026-03-16 14:14:47,057 [INFO] Stage 1 done — best val: 80.16%
2026-03-16 14:14:47,058 [INFO] ── Stage 2: full fine-tuning + LLRD (250 epochs, patience 40) ──
2026-03-16 14:14:47,058 [INFO] LLRD: 12 groups, LR [8.93e-05 … 5.00e-04]
2026-03-16 14:14:52,279 [INFO]   S2 Ep   1/250  train 1.3598 / 63.4%  val 1.4767 / 79.6%  lr 2.30e-05     5s
2026-03-16 14:14:57,430 [INFO]   S2 Ep   2/250  train 1.2860 / 66.5%  val 1.4542 / 80.1%  lr 3.18e-05     5s
2026-03-16 14:15:02,580 [INFO]   S2 Ep   3/250  train 1.3505 / 63.8%  val 1.4763 / 80.0%  lr 4.62e-05     5s
2026-03-16 14:15:07,767 [INFO]   S2 Ep   4/250  train 1.4092 / 61.8%  val 1.4557 / 80.1%  lr 6.59e-05     5s
2026-03-16 14:15:13,069 [INFO]   S2 Ep   5/250  train 1.3929 / 61.2%  val 1.4632 / 79.7%  lr 9.03e-05     5s
2026-03-16 14:15:18,261 [INFO]   S2 Ep   6/250  train 1.3322 / 64.5%  val 1.5128 / 79.9%  lr 1.19e-04     5s
2026-03-16 14:15:23,384 [INFO]   S2 Ep   7/250  train 1.3433 / 64.4%  val 1.4742 / 79.3%  lr 1.51e-04     5s
2026-03-16 14:15:28,484 [INFO]   S2 Ep   8/250  train 1.4078 / 61.8%  val 1.4964 / 79.7%  lr 1.86e-04     5s
2026-03-16 14:15:33,682 [INFO]   S2 Ep   9/250  train 1.4454 / 58.8%  val 1.4728 / 80.0%  lr 2.23e-04     5s
2026-03-16 14:15:38,842 [INFO]   S2 Ep  10/250  train 1.3022 / 66.1%  val 1.4876 / 79.6%  lr 2.60e-04     5s
2026-03-16 14:15:43,976 [INFO]   S2 Ep  11/250  train 1.3296 / 65.2%  val 1.4779 / 79.9%  lr 2.98e-04     5s
2026-03-16 14:15:49,042 [INFO]   S2 Ep  12/250  train 1.3519 / 64.4%  val 1.4434 / 80.3%  lr 3.34e-04     5s
2026-03-16 14:15:49,196 [INFO]   ★ best 80.33% → /data/slr/checkpoints_1d_v2/best_fold0.pt
2026-03-16 14:15:54,310 [INFO]   S2 Ep  13/250  train 1.2724 / 67.3%  val 1.4464 / 79.5%  lr 3.69e-04     5s
2026-03-16 14:15:59,426 [INFO]   S2 Ep  14/250  train 1.4599 / 58.7%  val 1.4755 / 79.3%  lr 4.01e-04     5s
2026-03-16 14:16:04,832 [INFO]   S2 Ep  15/250  train 1.3282 / 65.2%  val 1.5030 / 79.7%  lr 4.30e-04     5s
2026-03-16 14:16:10,190 [INFO]   S2 Ep  16/250  train 1.3966 / 62.1%  val 1.4680 / 79.7%  lr 4.54e-04     5s
2026-03-16 14:16:15,416 [INFO]   S2 Ep  17/250  train 1.3226 / 65.2%  val 1.4658 / 80.0%  lr 4.74e-04     5s
2026-03-16 14:16:20,493 [INFO]   S2 Ep  18/250  train 1.2851 / 66.9%  val 1.4981 / 79.8%  lr 4.88e-04     5s
2026-03-16 14:16:25,603 [INFO]   S2 Ep  19/250  train 1.3509 / 63.2%  val 1.5111 / 78.9%  lr 4.97e-04     5s
2026-03-16 14:16:30,893 [INFO]   S2 Ep  20/250  train 1.3062 / 66.0%  val 1.4804 / 79.2%  lr 5.00e-04     5s
2026-03-16 14:16:35,961 [INFO]   S2 Ep  21/250  train 1.3639 / 63.3%  val 1.4904 / 79.6%  lr 5.00e-04     5s
2026-03-16 14:16:40,997 [INFO]   S2 Ep  22/250  train 1.2955 / 66.0%  val 1.4563 / 80.0%  lr 5.00e-04     5s
2026-03-16 14:16:46,058 [INFO]   S2 Ep  23/250  train 1.3282 / 65.2%  val 1.4790 / 79.8%  lr 5.00e-04     5s
2026-03-16 14:16:51,211 [INFO]   S2 Ep  24/250  train 1.3305 / 64.4%  val 1.5099 / 79.5%  lr 5.00e-04     5s
2026-03-16 14:16:56,309 [INFO]   S2 Ep  25/250  train 1.3740 / 62.6%  val 1.4823 / 79.6%  lr 4.99e-04     5s
2026-03-16 14:17:01,526 [INFO]   S2 Ep  26/250  train 1.2917 / 66.4%  val 1.4951 / 79.5%  lr 4.99e-04     5s
2026-03-16 14:17:06,734 [INFO]   S2 Ep  27/250  train 1.3683 / 62.6%  val 1.5123 / 80.5%  lr 4.99e-04     5s
2026-03-16 14:17:06,914 [INFO]   ★ best 80.54% → /data/slr/checkpoints_1d_v2/best_fold0.pt
2026-03-16 14:17:12,136 [INFO]   S2 Ep  28/250  train 1.3580 / 63.4%  val 1.4841 / 80.1%  lr 4.99e-04     5s
2026-03-16 14:17:17,346 [INFO]   S2 Ep  29/250  train 1.3708 / 61.9%  val 1.4795 / 80.1%  lr 4.98e-04     5s
2026-03-16 14:17:22,510 [INFO]   S2 Ep  30/250  train 1.3408 / 64.2%  val 1.4980 / 79.5%  lr 4.98e-04     5s
2026-03-16 14:17:27,582 [INFO]   S2 Ep  31/250  train 1.3510 / 63.4%  val 1.4820 / 79.8%  lr 4.97e-04     5s
2026-03-16 14:17:33,087 [INFO]   S2 Ep  32/250  train 1.4130 / 60.1%  val 1.5422 / 79.1%  lr 4.97e-04     6s
2026-03-16 14:17:38,381 [INFO]   S2 Ep  33/250  train 1.2990 / 65.6%  val 1.4995 / 79.1%  lr 4.96e-04     5s
2026-03-16 14:17:43,481 [INFO]   S2 Ep  34/250  train 1.3619 / 62.9%  val 1.4942 / 79.6%  lr 4.95e-04     5s
2026-03-16 14:17:48,473 [INFO]   S2 Ep  35/250  train 1.3639 / 62.1%  val 1.5050 / 79.1%  lr 4.95e-04     5s
2026-03-16 14:17:53,508 [INFO]   S2 Ep  36/250  train 1.3492 / 63.1%  val 1.4998 / 79.0%  lr 4.94e-04     5s
2026-03-16 14:17:58,576 [INFO]   S2 Ep  37/250  train 1.3298 / 64.3%  val 1.4747 / 79.8%  lr 4.93e-04     5s
2026-03-16 14:18:03,859 [INFO]   S2 Ep  38/250  train 1.3430 / 62.9%  val 1.4698 / 80.0%  lr 4.92e-04     5s
2026-03-16 14:18:08,845 [INFO]   S2 Ep  39/250  train 1.2839 / 66.2%  val 1.4961 / 79.3%  lr 4.92e-04     5s
2026-03-16 14:18:14,083 [INFO]   S2 Ep  40/250  train 1.2847 / 65.7%  val 1.5286 / 79.9%  lr 4.91e-04     5s
2026-03-16 14:18:19,220 [INFO]   S2 Ep  41/250  train 1.4045 / 60.6%  val 1.4976 / 79.7%  lr 4.90e-04     5s
2026-03-16 14:18:24,356 [INFO]   S2 Ep  42/250  train 1.3522 / 62.6%  val 1.5202 / 79.0%  lr 4.89e-04     5s
2026-03-16 14:18:29,565 [INFO]   S2 Ep  43/250  train 1.3051 / 65.6%  val 1.5060 / 79.3%  lr 4.88e-04     5s
2026-03-16 14:18:34,806 [INFO]   S2 Ep  44/250  train 1.2804 / 66.2%  val 1.5113 / 79.5%  lr 4.87e-04     5s
2026-03-16 14:18:39,856 [INFO]   S2 Ep  45/250  train 1.2688 / 66.0%  val 1.5282 / 79.1%  lr 4.86e-04     5s
2026-03-16 14:18:44,957 [INFO]   S2 Ep  46/250  train 1.3394 / 63.4%  val 1.5789 / 79.5%  lr 4.84e-04     5s
2026-03-16 14:18:50,004 [INFO]   S2 Ep  47/250  train 1.3889 / 61.1%  val 1.4918 / 79.7%  lr 4.83e-04     5s
2026-03-16 14:18:55,020 [INFO]   S2 Ep  48/250  train 1.3851 / 61.4%  val 1.5357 / 79.2%  lr 4.82e-04     5s
2026-03-16 14:19:00,133 [INFO]   S2 Ep  49/250  train 1.3791 / 61.1%  val 1.4945 / 79.9%  lr 4.81e-04     5s
2026-03-16 14:19:05,159 [INFO]   S2 Ep  50/250  train 1.3218 / 63.7%  val 1.4852 / 79.6%  lr 4.79e-04     5s
2026-03-16 14:19:10,215 [INFO]   S2 Ep  51/250  train 1.2837 / 65.6%  val 1.4964 / 80.3%  lr 4.78e-04     5s
2026-03-16 14:19:15,391 [INFO]   S2 Ep  52/250  train 1.3325 / 63.3%  val 1.5113 / 79.8%  lr 4.76e-04     5s
2026-03-16 14:19:20,513 [INFO]   S2 Ep  53/250  train 1.2572 / 67.3%  val 1.5066 / 79.1%  lr 4.75e-04     5s
2026-03-16 14:19:25,487 [INFO]   S2 Ep  54/250  train 1.2548 / 67.2%  val 1.5196 / 79.4%  lr 4.74e-04     5s
2026-03-16 14:19:30,524 [INFO]   S2 Ep  55/250  train 1.2976 / 65.0%  val 1.5180 / 79.5%  lr 4.72e-04     5s
2026-03-16 14:19:35,618 [INFO]   S2 Ep  56/250  train 1.2840 / 65.2%  val 1.4878 / 80.0%  lr 4.70e-04     5s
2026-03-16 14:19:40,605 [INFO]   S2 Ep  57/250  train 1.3130 / 64.4%  val 1.5067 / 79.6%  lr 4.69e-04     5s
2026-03-16 14:19:45,697 [INFO]   S2 Ep  58/250  train 1.2719 / 66.3%  val 1.5063 / 80.2%  lr 4.67e-04     5s
2026-03-16 14:19:50,797 [INFO]   S2 Ep  59/250  train 1.3010 / 65.0%  val 1.4869 / 80.5%  lr 4.65e-04     5s
2026-03-16 14:19:55,870 [INFO]   S2 Ep  60/250  train 1.3123 / 63.9%  val 1.5351 / 80.2%  lr 4.64e-04     5s
2026-03-16 14:20:01,424 [INFO]   S2 Ep  61/250  train 1.2868 / 65.0%  val 1.5087 / 79.5%  lr 4.62e-04     6s
2026-03-16 14:20:06,864 [INFO]   S2 Ep  62/250  train 1.2872 / 65.0%  val 1.5167 / 79.7%  lr 4.60e-04     5s
2026-03-16 14:20:12,402 [INFO]   S2 Ep  63/250  train 1.2578 / 66.8%  val 1.4908 / 80.1%  lr 4.58e-04     6s
2026-03-16 14:20:17,528 [INFO]   S2 Ep  64/250  train 1.3010 / 65.5%  val 1.5111 / 79.8%  lr 4.56e-04     5s
2026-03-16 14:20:22,808 [INFO]   S2 Ep  65/250  train 1.2393 / 67.7%  val 1.4897 / 80.4%  lr 4.54e-04     5s
2026-03-16 14:20:28,176 [INFO]   S2 Ep  66/250  train 1.2744 / 65.8%  val 1.4916 / 80.4%  lr 4.52e-04     5s
2026-03-16 14:20:33,309 [INFO]   S2 Ep  67/250  train 1.2857 / 65.3%  val 1.4956 / 79.9%  lr 4.50e-04     5s
2026-03-16 14:20:33,310 [INFO]   Early stopping at S2 epoch 67
2026-03-16 14:20:33,310 [INFO]   Fold 1 best val acc: 80.54%
2026-03-16 14:20:33,572 [INFO] ================================================================
2026-03-16 14:20:33,572 [INFO] FOLD 2 / 5
2026-03-16 14:20:33,572 [INFO] ================================================================
2026-03-16 14:20:33,574 [INFO]   Train: 18719 (orig 11793 + PL 6926)  |  Val: 2949
2026-03-16 14:20:33,761 [INFO]   Born-again ← best_fold1.pt: loaded 94, skipped 0 (val 79.93%)
2026-03-16 14:20:33,762 [INFO] Model: RangeTemporalNetV2  |  34.64M params
2026-03-16 14:20:33,762 [INFO] ── Stage 1: attention + head warmup (10 epochs) ──
2026-03-16 14:20:39,306 [INFO]   S1 Ep  1/10  train 1.3774 / 64.9%  val 1.5078 / 78.8%    6s
2026-03-16 14:20:39,430 [INFO]   ★ best 78.77%
2026-03-16 14:20:44,623 [INFO]   S1 Ep  2/10  train 1.4864 / 60.3%  val 1.5194 / 78.2%    5s
2026-03-16 14:20:49,729 [INFO]   S1 Ep  3/10  train 1.4127 / 61.6%  val 1.4656 / 79.4%    5s
2026-03-16 14:20:49,882 [INFO]   ★ best 79.38%
2026-03-16 14:20:54,830 [INFO]   S1 Ep  4/10  train 1.3354 / 65.5%  val 1.4711 / 79.7%    5s
2026-03-16 14:20:55,002 [INFO]   ★ best 79.72%
2026-03-16 14:21:00,062 [INFO]   S1 Ep  5/10  train 1.3476 / 64.5%  val 1.4697 / 79.2%    5s
2026-03-16 14:21:05,195 [INFO]   S1 Ep  6/10  train 1.4510 / 60.5%  val 1.4964 / 78.6%    5s
2026-03-16 14:21:10,248 [INFO]   S1 Ep  7/10  train 1.3487 / 65.1%  val 1.4799 / 79.3%    5s
2026-03-16 14:21:15,273 [INFO]   S1 Ep  8/10  train 1.3730 / 63.4%  val 1.4818 / 79.1%    5s
2026-03-16 14:21:20,265 [INFO]   S1 Ep  9/10  train 1.3202 / 65.8%  val 1.4772 / 79.2%    5s
2026-03-16 14:21:25,331 [INFO]   S1 Ep 10/10  train 1.3486 / 64.4%  val 1.4706 / 79.2%    5s
2026-03-16 14:21:25,331 [INFO] Stage 1 done — best val: 79.72%
2026-03-16 14:21:25,331 [INFO] ── Stage 2: full fine-tuning + LLRD (250 epochs, patience 40) ──
2026-03-16 14:21:25,332 [INFO] LLRD: 12 groups, LR [8.93e-05 … 5.00e-04]
2026-03-16 14:21:30,414 [INFO]   S2 Ep   1/250  train 1.3403 / 64.2%  val 1.4767 / 79.1%  lr 2.30e-05     5s
2026-03-16 14:21:35,564 [INFO]   S2 Ep   2/250  train 1.3651 / 63.1%  val 1.4741 / 79.3%  lr 3.18e-05     5s
2026-03-16 14:21:40,575 [INFO]   S2 Ep   3/250  train 1.2768 / 67.1%  val 1.4499 / 79.1%  lr 4.62e-05     5s
2026-03-16 14:21:45,729 [INFO]   S2 Ep   4/250  train 1.3572 / 63.7%  val 1.4662 / 79.0%  lr 6.59e-05     5s
2026-03-16 14:21:50,910 [INFO]   S2 Ep   5/250  train 1.3445 / 64.7%  val 1.4767 / 79.0%  lr 9.03e-05     5s
2026-03-16 14:21:56,010 [INFO]   S2 Ep   6/250  train 1.3651 / 63.7%  val 1.4740 / 79.1%  lr 1.19e-04     5s
2026-03-16 14:22:01,075 [INFO]   S2 Ep   7/250  train 1.3680 / 62.5%  val 1.4647 / 79.5%  lr 1.51e-04     5s
2026-03-16 14:22:06,265 [INFO]   S2 Ep   8/250  train 1.3277 / 64.9%  val 1.4968 / 79.4%  lr 1.86e-04     5s
2026-03-16 14:22:11,333 [INFO]   S2 Ep   9/250  train 1.3375 / 64.8%  val 1.4782 / 79.4%  lr 2.23e-04     5s
2026-03-16 14:22:16,367 [INFO]   S2 Ep  10/250  train 1.3719 / 62.2%  val 1.4916 / 79.1%  lr 2.60e-04     5s
2026-03-16 14:22:21,362 [INFO]   S2 Ep  11/250  train 1.3445 / 63.8%  val 1.4677 / 79.6%  lr 2.98e-04     5s
2026-03-16 14:22:26,508 [INFO]   S2 Ep  12/250  train 1.3924 / 62.0%  val 1.5194 / 79.5%  lr 3.34e-04     5s
2026-03-16 14:22:31,625 [INFO]   S2 Ep  13/250  train 1.3562 / 63.7%  val 1.4772 / 79.8%  lr 3.69e-04     5s
2026-03-16 14:22:31,782 [INFO]   ★ best 79.79% → /data/slr/checkpoints_1d_v2/best_fold1.pt
2026-03-16 14:22:36,824 [INFO]   S2 Ep  14/250  train 1.3479 / 64.4%  val 1.5312 / 79.6%  lr 4.01e-04     5s
2026-03-16 14:22:41,886 [INFO]   S2 Ep  15/250  train 1.3424 / 64.1%  val 1.4982 / 78.7%  lr 4.30e-04     5s
2026-03-16 14:22:46,955 [INFO]   S2 Ep  16/250  train 1.3451 / 63.9%  val 1.5062 / 79.4%  lr 4.54e-04     5s
2026-03-16 14:22:51,979 [INFO]   S2 Ep  17/250  train 1.3355 / 64.2%  val 1.4849 / 79.6%  lr 4.74e-04     5s
2026-03-16 14:22:56,992 [INFO]   S2 Ep  18/250  train 1.3437 / 63.3%  val 1.5147 / 79.4%  lr 4.88e-04     5s
2026-03-16 14:23:02,010 [INFO]   S2 Ep  19/250  train 1.3728 / 62.3%  val 1.5069 / 79.0%  lr 4.97e-04     5s
2026-03-16 14:23:06,989 [INFO]   S2 Ep  20/250  train 1.3680 / 62.5%  val 1.4952 / 79.0%  lr 5.00e-04     5s
2026-03-16 14:23:11,977 [INFO]   S2 Ep  21/250  train 1.4000 / 61.5%  val 1.5423 / 78.8%  lr 5.00e-04     5s
2026-03-16 14:23:16,962 [INFO]   S2 Ep  22/250  train 1.3588 / 62.9%  val 1.5050 / 78.8%  lr 5.00e-04     5s
2026-03-16 14:23:22,032 [INFO]   S2 Ep  23/250  train 1.3656 / 63.4%  val 1.4993 / 78.9%  lr 5.00e-04     5s
2026-03-16 14:23:27,052 [INFO]   S2 Ep  24/250  train 1.3409 / 63.1%  val 1.4907 / 79.1%  lr 5.00e-04     5s
2026-03-16 14:23:32,118 [INFO]   S2 Ep  25/250  train 1.4001 / 61.3%  val 1.4960 / 78.5%  lr 4.99e-04     5s
2026-03-16 14:23:37,264 [INFO]   S2 Ep  26/250  train 1.3173 / 65.6%  val 1.5196 / 79.4%  lr 4.99e-04     5s
2026-03-16 14:23:42,286 [INFO]   S2 Ep  27/250  train 1.3385 / 63.8%  val 1.5214 / 78.9%  lr 4.99e-04     5s
2026-03-16 14:23:47,334 [INFO]   S2 Ep  28/250  train 1.4349 / 59.5%  val 1.5049 / 78.7%  lr 4.99e-04     5s
2026-03-16 14:23:52,343 [INFO]   S2 Ep  29/250  train 1.4086 / 61.4%  val 1.5122 / 78.6%  lr 4.98e-04     5s
2026-03-16 14:23:57,304 [INFO]   S2 Ep  30/250  train 1.3549 / 63.3%  val 1.5102 / 78.4%  lr 4.98e-04     5s
2026-03-16 14:24:02,343 [INFO]   S2 Ep  31/250  train 1.3979 / 61.3%  val 1.5764 / 79.2%  lr 4.97e-04     5s
2026-03-16 14:24:07,298 [INFO]   S2 Ep  32/250  train 1.3498 / 63.4%  val 1.4974 / 79.0%  lr 4.97e-04     5s
2026-03-16 14:24:12,363 [INFO]   S2 Ep  33/250  train 1.3187 / 64.6%  val 1.4937 / 78.9%  lr 4.96e-04     5s
2026-03-16 14:24:17,451 [INFO]   S2 Ep  34/250  train 1.2862 / 65.8%  val 1.5409 / 78.6%  lr 4.95e-04     5s
2026-03-16 14:24:22,409 [INFO]   S2 Ep  35/250  train 1.3326 / 63.8%  val 1.4986 / 79.0%  lr 4.95e-04     5s
2026-03-16 14:24:27,566 [INFO]   S2 Ep  36/250  train 1.3631 / 62.6%  val 1.5785 / 78.3%  lr 4.94e-04     5s
2026-03-16 14:24:32,520 [INFO]   S2 Ep  37/250  train 1.3461 / 63.3%  val 1.5397 / 78.9%  lr 4.93e-04     5s
2026-03-16 14:24:37,525 [INFO]   S2 Ep  38/250  train 1.2808 / 65.7%  val 1.4994 / 79.6%  lr 4.92e-04     5s
2026-03-16 14:24:42,717 [INFO]   S2 Ep  39/250  train 1.3473 / 62.9%  val 1.5190 / 79.1%  lr 4.92e-04     5s
2026-03-16 14:24:47,777 [INFO]   S2 Ep  40/250  train 1.3302 / 63.3%  val 1.5204 / 79.6%  lr 4.91e-04     5s
2026-03-16 14:24:52,833 [INFO]   S2 Ep  41/250  train 1.2975 / 65.2%  val 1.5169 / 80.0%  lr 4.90e-04     5s
2026-03-16 14:24:52,999 [INFO]   ★ best 79.99% → /data/slr/checkpoints_1d_v2/best_fold1.pt
2026-03-16 14:24:58,023 [INFO]   S2 Ep  42/250  train 1.2711 / 66.7%  val 1.5213 / 78.9%  lr 4.89e-04     5s
2026-03-16 14:25:03,263 [INFO]   S2 Ep  43/250  train 1.3831 / 62.3%  val 1.5282 / 79.1%  lr 4.88e-04     5s
2026-03-16 14:25:08,480 [INFO]   S2 Ep  44/250  train 1.2649 / 66.5%  val 1.5386 / 78.7%  lr 4.87e-04     5s
2026-03-16 14:25:14,006 [INFO]   S2 Ep  45/250  train 1.3546 / 63.4%  val 1.5412 / 79.6%  lr 4.86e-04     6s
2026-03-16 14:25:19,523 [INFO]   S2 Ep  46/250  train 1.3232 / 63.2%  val 1.5320 / 78.9%  lr 4.84e-04     6s
2026-03-16 14:25:24,628 [INFO]   S2 Ep  47/250  train 1.2942 / 66.2%  val 1.5124 / 79.1%  lr 4.83e-04     5s
2026-03-16 14:25:29,630 [INFO]   S2 Ep  48/250  train 1.2786 / 65.7%  val 1.5180 / 79.3%  lr 4.82e-04     5s
2026-03-16 14:25:34,717 [INFO]   S2 Ep  49/250  train 1.3256 / 64.3%  val 1.5227 / 79.2%  lr 4.81e-04     5s
2026-03-16 14:25:39,788 [INFO]   S2 Ep  50/250  train 1.2695 / 66.1%  val 1.5511 / 78.3%  lr 4.79e-04     5s
2026-03-16 14:25:45,470 [INFO]   S2 Ep  51/250  train 1.3157 / 64.2%  val 1.5125 / 79.6%  lr 4.78e-04     6s
2026-03-16 14:25:51,229 [INFO]   S2 Ep  52/250  train 1.3074 / 64.9%  val 1.5297 / 78.7%  lr 4.76e-04     6s
2026-03-16 14:25:56,333 [INFO]   S2 Ep  53/250  train 1.2908 / 65.2%  val 1.5254 / 78.7%  lr 4.75e-04     5s
2026-03-16 14:26:01,855 [INFO]   S2 Ep  54/250  train 1.3251 / 63.9%  val 1.5158 / 79.2%  lr 4.74e-04     6s
2026-03-16 14:26:07,515 [INFO]   S2 Ep  55/250  train 1.1873 / 69.3%  val 1.5421 / 78.6%  lr 4.72e-04     6s
2026-03-16 14:26:13,045 [INFO]   S2 Ep  56/250  train 1.3213 / 63.9%  val 1.5216 / 79.4%  lr 4.70e-04     6s
2026-03-16 14:26:18,493 [INFO]   S2 Ep  57/250  train 1.3055 / 64.7%  val 1.5212 / 79.0%  lr 4.69e-04     5s
2026-03-16 14:26:24,178 [INFO]   S2 Ep  58/250  train 1.3478 / 62.7%  val 1.5377 / 79.5%  lr 4.67e-04     6s
2026-03-16 14:26:29,859 [INFO]   S2 Ep  59/250  train 1.2928 / 65.2%  val 1.5119 / 79.7%  lr 4.65e-04     6s
2026-03-16 14:26:35,379 [INFO]   S2 Ep  60/250  train 1.2766 / 65.9%  val 1.5220 / 79.1%  lr 4.64e-04     6s
2026-03-16 14:26:40,977 [INFO]   S2 Ep  61/250  train 1.3272 / 63.7%  val 1.5411 / 79.6%  lr 4.62e-04     6s
2026-03-16 14:26:46,338 [INFO]   S2 Ep  62/250  train 1.2409 / 67.3%  val 1.5181 / 79.2%  lr 4.60e-04     5s
2026-03-16 14:26:51,958 [INFO]   S2 Ep  63/250  train 1.3249 / 63.7%  val 1.5901 / 78.6%  lr 4.58e-04     6s
2026-03-16 14:26:57,605 [INFO]   S2 Ep  64/250  train 1.2577 / 66.3%  val 1.5359 / 79.0%  lr 4.56e-04     6s
2026-03-16 14:27:03,133 [INFO]   S2 Ep  65/250  train 1.2082 / 68.2%  val 1.5043 / 79.5%  lr 4.54e-04     6s
2026-03-16 14:27:08,233 [INFO]   S2 Ep  66/250  train 1.3558 / 62.8%  val 1.5517 / 79.0%  lr 4.52e-04     5s
2026-03-16 14:27:13,704 [INFO]   S2 Ep  67/250  train 1.2731 / 66.0%  val 1.5170 / 79.6%  lr 4.50e-04     5s
2026-03-16 14:27:19,376 [INFO]   S2 Ep  68/250  train 1.3171 / 64.3%  val 1.5361 / 78.7%  lr 4.48e-04     6s
2026-03-16 14:27:24,916 [INFO]   S2 Ep  69/250  train 1.3126 / 63.3%  val 1.5329 / 79.7%  lr 4.46e-04     6s
2026-03-16 14:27:30,138 [INFO]   S2 Ep  70/250  train 1.2863 / 64.6%  val 1.5174 / 79.4%  lr 4.44e-04     5s
2026-03-16 14:27:35,718 [INFO]   S2 Ep  71/250  train 1.2705 / 65.9%  val 1.5222 / 79.8%  lr 4.42e-04     6s
2026-03-16 14:27:41,073 [INFO]   S2 Ep  72/250  train 1.3502 / 62.3%  val 1.5185 / 79.5%  lr 4.40e-04     5s
2026-03-16 14:27:46,247 [INFO]   S2 Ep  73/250  train 1.2409 / 67.2%  val 1.5196 / 79.6%  lr 4.37e-04     5s
2026-03-16 14:27:52,015 [INFO]   S2 Ep  74/250  train 1.2871 / 65.4%  val 1.5597 / 79.0%  lr 4.35e-04     6s
2026-03-16 14:27:57,571 [INFO]   S2 Ep  75/250  train 1.2647 / 66.1%  val 1.5154 / 78.9%  lr 4.33e-04     6s
2026-03-16 14:28:03,301 [INFO]   S2 Ep  76/250  train 1.2408 / 67.6%  val 1.5388 / 79.4%  lr 4.30e-04     6s
2026-03-16 14:28:08,943 [INFO]   S2 Ep  77/250  train 1.2562 / 67.3%  val 1.5153 / 79.7%  lr 4.28e-04     6s
2026-03-16 14:28:14,678 [INFO]   S2 Ep  78/250  train 1.2313 / 67.2%  val 1.5169 / 79.0%  lr 4.26e-04     6s
2026-03-16 14:28:20,266 [INFO]   S2 Ep  79/250  train 1.2835 / 65.3%  val 1.5220 / 79.5%  lr 4.23e-04     6s
2026-03-16 14:28:25,789 [INFO]   S2 Ep  80/250  train 1.2457 / 67.1%  val 1.4984 / 79.9%  lr 4.21e-04     6s
2026-03-16 14:28:31,118 [INFO]   S2 Ep  81/250  train 1.2911 / 64.9%  val 1.5094 / 79.9%  lr 4.18e-04     5s
2026-03-16 14:28:31,118 [INFO]   Early stopping at S2 epoch 81
2026-03-16 14:28:31,118 [INFO]   Fold 2 best val acc: 79.99%
2026-03-16 14:28:31,382 [INFO] ================================================================
2026-03-16 14:28:31,383 [INFO] FOLD 3 / 5
2026-03-16 14:28:31,383 [INFO] ================================================================
2026-03-16 14:28:31,385 [INFO]   Train: 18720 (orig 11794 + PL 6926)  |  Val: 2948
2026-03-16 14:28:31,579 [INFO]   Born-again ← best_fold2.pt: loaded 94, skipped 0 (val 81.17%)
2026-03-16 14:28:31,580 [INFO] Model: RangeTemporalNetV2  |  34.64M params
2026-03-16 14:28:31,580 [INFO] ── Stage 1: attention + head warmup (10 epochs) ──
2026-03-16 14:28:37,338 [INFO]   S1 Ep  1/10  train 1.4528 / 62.3%  val 1.4587 / 81.0%    6s
2026-03-16 14:28:37,467 [INFO]   ★ best 80.97%
2026-03-16 14:28:42,730 [INFO]   S1 Ep  2/10  train 1.4104 / 63.3%  val 1.4836 / 80.8%    5s
2026-03-16 14:28:47,807 [INFO]   S1 Ep  3/10  train 1.4369 / 61.5%  val 1.4621 / 80.9%    5s
2026-03-16 14:28:52,877 [INFO]   S1 Ep  4/10  train 1.5058 / 58.0%  val 1.4496 / 81.3%    5s
2026-03-16 14:28:53,036 [INFO]   ★ best 81.28%
2026-03-16 14:28:58,012 [INFO]   S1 Ep  5/10  train 1.3878 / 63.5%  val 1.4460 / 80.6%    5s
2026-03-16 14:29:03,176 [INFO]   S1 Ep  6/10  train 1.4287 / 61.4%  val 1.4288 / 80.9%    5s
2026-03-16 14:29:08,188 [INFO]   S1 Ep  7/10  train 1.3511 / 64.2%  val 1.4134 / 81.1%    5s
2026-03-16 14:29:13,197 [INFO]   S1 Ep  8/10  train 1.3477 / 64.5%  val 1.4356 / 80.7%    5s
2026-03-16 14:29:18,160 [INFO]   S1 Ep  9/10  train 1.3287 / 65.4%  val 1.4268 / 80.9%    5s
2026-03-16 14:29:23,162 [INFO]   S1 Ep 10/10  train 1.3534 / 63.4%  val 1.4023 / 81.0%    5s
2026-03-16 14:29:23,162 [INFO] Stage 1 done — best val: 81.28%
2026-03-16 14:29:23,162 [INFO] ── Stage 2: full fine-tuning + LLRD (250 epochs, patience 40) ──
2026-03-16 14:29:23,163 [INFO] LLRD: 12 groups, LR [8.93e-05 … 5.00e-04]
2026-03-16 14:29:28,180 [INFO]   S2 Ep   1/250  train 1.4425 / 60.0%  val 1.4064 / 81.1%  lr 2.30e-05     5s
2026-03-16 14:29:33,226 [INFO]   S2 Ep   2/250  train 1.3365 / 65.4%  val 1.4055 / 81.0%  lr 3.18e-05     5s
2026-03-16 14:29:38,332 [INFO]   S2 Ep   3/250  train 1.3985 / 62.2%  val 1.4257 / 80.7%  lr 4.62e-05     5s
2026-03-16 14:29:43,562 [INFO]   S2 Ep   4/250  train 1.3671 / 63.4%  val 1.4229 / 80.9%  lr 6.59e-05     5s
2026-03-16 14:29:48,714 [INFO]   S2 Ep   5/250  train 1.3842 / 63.3%  val 1.4078 / 81.2%  lr 9.03e-05     5s
2026-03-16 14:29:53,806 [INFO]   S2 Ep   6/250  train 1.3353 / 64.8%  val 1.4073 / 81.7%  lr 1.19e-04     5s
2026-03-16 14:29:53,995 [INFO]   ★ best 81.68% → /data/slr/checkpoints_1d_v2/best_fold2.pt
2026-03-16 14:29:59,293 [INFO]   S2 Ep   7/250  train 1.2717 / 67.2%  val 1.3953 / 81.4%  lr 1.51e-04     5s
2026-03-16 14:30:04,506 [INFO]   S2 Ep   8/250  train 1.2602 / 67.2%  val 1.3960 / 81.0%  lr 1.86e-04     5s
2026-03-16 14:30:09,691 [INFO]   S2 Ep   9/250  train 1.3662 / 63.6%  val 1.4432 / 81.1%  lr 2.23e-04     5s
2026-03-16 14:30:14,969 [INFO]   S2 Ep  10/250  train 1.3495 / 63.9%  val 1.3879 / 81.3%  lr 2.60e-04     5s
2026-03-16 14:30:20,077 [INFO]   S2 Ep  11/250  train 1.3433 / 64.1%  val 1.4016 / 81.2%  lr 2.98e-04     5s
2026-03-16 14:30:25,051 [INFO]   S2 Ep  12/250  train 1.3693 / 63.3%  val 1.4067 / 81.4%  lr 3.34e-04     5s
2026-03-16 14:30:30,146 [INFO]   S2 Ep  13/250  train 1.3618 / 63.6%  val 1.4129 / 80.9%  lr 3.69e-04     5s
2026-03-16 14:30:35,360 [INFO]   S2 Ep  14/250  train 1.3560 / 63.5%  val 1.4146 / 80.9%  lr 4.01e-04     5s
2026-03-16 14:30:40,355 [INFO]   S2 Ep  15/250  train 1.3042 / 65.9%  val 1.4249 / 80.9%  lr 4.30e-04     5s
2026-03-16 14:30:45,383 [INFO]   S2 Ep  16/250  train 1.3566 / 63.2%  val 1.4092 / 81.2%  lr 4.54e-04     5s
2026-03-16 14:30:50,485 [INFO]   S2 Ep  17/250  train 1.4104 / 60.9%  val 1.4427 / 80.5%  lr 4.74e-04     5s
2026-03-16 14:30:55,508 [INFO]   S2 Ep  18/250  train 1.4228 / 60.9%  val 1.4350 / 80.3%  lr 4.88e-04     5s
2026-03-16 14:31:00,572 [INFO]   S2 Ep  19/250  train 1.3709 / 62.5%  val 1.4253 / 81.0%  lr 4.97e-04     5s
2026-03-16 14:31:05,580 [INFO]   S2 Ep  20/250  train 1.3404 / 63.9%  val 1.4179 / 81.2%  lr 5.00e-04     5s
2026-03-16 14:31:10,571 [INFO]   S2 Ep  21/250  train 1.3428 / 63.8%  val 1.4463 / 80.4%  lr 5.00e-04     5s
2026-03-16 14:31:15,630 [INFO]   S2 Ep  22/250  train 1.4192 / 61.2%  val 1.4689 / 81.3%  lr 5.00e-04     5s
2026-03-16 14:31:20,731 [INFO]   S2 Ep  23/250  train 1.3396 / 63.8%  val 1.4503 / 80.7%  lr 5.00e-04     5s
2026-03-16 14:31:25,771 [INFO]   S2 Ep  24/250  train 1.3298 / 64.5%  val 1.4210 / 81.0%  lr 5.00e-04     5s
2026-03-16 14:31:30,785 [INFO]   S2 Ep  25/250  train 1.3825 / 61.9%  val 1.4118 / 81.0%  lr 4.99e-04     5s
2026-03-16 14:31:35,811 [INFO]   S2 Ep  26/250  train 1.3365 / 64.1%  val 1.4401 / 80.8%  lr 4.99e-04     5s
2026-03-16 14:31:40,829 [INFO]   S2 Ep  27/250  train 1.3570 / 63.3%  val 1.4222 / 81.4%  lr 4.99e-04     5s
2026-03-16 14:31:45,866 [INFO]   S2 Ep  28/250  train 1.3551 / 62.9%  val 1.4482 / 81.1%  lr 4.99e-04     5s
2026-03-16 14:31:50,834 [INFO]   S2 Ep  29/250  train 1.3306 / 64.2%  val 1.4362 / 81.2%  lr 4.98e-04     5s
2026-03-16 14:31:55,834 [INFO]   S2 Ep  30/250  train 1.3488 / 63.3%  val 1.4461 / 80.4%  lr 4.98e-04     5s
2026-03-16 14:32:00,909 [INFO]   S2 Ep  31/250  train 1.3519 / 63.3%  val 1.4316 / 80.7%  lr 4.97e-04     5s
2026-03-16 14:32:05,994 [INFO]   S2 Ep  32/250  train 1.2675 / 66.5%  val 1.4172 / 80.7%  lr 4.97e-04     5s
2026-03-16 14:32:11,046 [INFO]   S2 Ep  33/250  train 1.3053 / 65.5%  val 1.4445 / 80.8%  lr 4.96e-04     5s
2026-03-16 14:32:16,165 [INFO]   S2 Ep  34/250  train 1.3426 / 63.5%  val 1.4291 / 81.3%  lr 4.95e-04     5s
2026-03-16 14:32:21,259 [INFO]   S2 Ep  35/250  train 1.2937 / 65.7%  val 1.4444 / 80.5%  lr 4.95e-04     5s
2026-03-16 14:32:26,297 [INFO]   S2 Ep  36/250  train 1.3143 / 64.6%  val 1.4428 / 80.7%  lr 4.94e-04     5s
2026-03-16 14:32:31,279 [INFO]   S2 Ep  37/250  train 1.3529 / 64.0%  val 1.4316 / 81.5%  lr 4.93e-04     5s
2026-03-16 14:32:36,323 [INFO]   S2 Ep  38/250  train 1.2967 / 65.6%  val 1.4190 / 81.1%  lr 4.92e-04     5s
2026-03-16 14:32:41,308 [INFO]   S2 Ep  39/250  train 1.3296 / 63.8%  val 1.4340 / 80.6%  lr 4.92e-04     5s
2026-03-16 14:32:46,335 [INFO]   S2 Ep  40/250  train 1.3186 / 64.2%  val 1.4268 / 81.3%  lr 4.91e-04     5s
2026-03-16 14:32:51,453 [INFO]   S2 Ep  41/250  train 1.2905 / 65.9%  val 1.4491 / 81.0%  lr 4.90e-04     5s
2026-03-16 14:32:56,778 [INFO]   S2 Ep  42/250  train 1.2627 / 67.0%  val 1.4413 / 81.1%  lr 4.89e-04     5s
2026-03-16 14:33:02,225 [INFO]   S2 Ep  43/250  train 1.3558 / 62.1%  val 1.4500 / 80.9%  lr 4.88e-04     5s
2026-03-16 14:33:07,276 [INFO]   S2 Ep  44/250  train 1.3828 / 61.5%  val 1.4208 / 81.3%  lr 4.87e-04     5s
2026-03-16 14:33:12,285 [INFO]   S2 Ep  45/250  train 1.2920 / 65.2%  val 1.4285 / 81.4%  lr 4.86e-04     5s
2026-03-16 14:33:17,266 [INFO]   S2 Ep  46/250  train 1.2783 / 66.1%  val 1.4763 / 80.7%  lr 4.84e-04     5s
2026-03-16 14:33:17,266 [INFO]   Early stopping at S2 epoch 46
2026-03-16 14:33:17,266 [INFO]   Fold 3 best val acc: 81.68%
2026-03-16 14:33:17,478 [INFO] ================================================================
2026-03-16 14:33:17,478 [INFO] FOLD 4 / 5
2026-03-16 14:33:17,478 [INFO] ================================================================
2026-03-16 14:33:17,480 [INFO]   Train: 18720 (orig 11794 + PL 6926)  |  Val: 2948
2026-03-16 14:33:17,675 [INFO]   Born-again ← best_fold3.pt: loaded 94, skipped 0 (val 79.78%)
2026-03-16 14:33:17,675 [INFO] Model: RangeTemporalNetV2  |  34.64M params
2026-03-16 14:33:17,676 [INFO] ── Stage 1: attention + head warmup (10 epochs) ──
2026-03-16 14:33:23,127 [INFO]   S1 Ep  1/10  train 1.4040 / 63.8%  val 1.5075 / 79.5%    5s
2026-03-16 14:33:23,257 [INFO]   ★ best 79.51%
2026-03-16 14:33:28,316 [INFO]   S1 Ep  2/10  train 1.4376 / 61.2%  val 1.4655 / 80.0%    5s
2026-03-16 14:33:28,486 [INFO]   ★ best 80.02%
2026-03-16 14:33:33,436 [INFO]   S1 Ep  3/10  train 1.4583 / 60.5%  val 1.5012 / 79.2%    5s
2026-03-16 14:33:38,493 [INFO]   S1 Ep  4/10  train 1.4180 / 61.7%  val 1.4702 / 79.1%    5s
2026-03-16 14:33:43,494 [INFO]   S1 Ep  5/10  train 1.4731 / 59.7%  val 1.4801 / 79.4%    5s
2026-03-16 14:33:48,557 [INFO]   S1 Ep  6/10  train 1.3980 / 62.4%  val 1.4681 / 79.7%    5s
2026-03-16 14:33:53,580 [INFO]   S1 Ep  7/10  train 1.3483 / 64.3%  val 1.4665 / 79.5%    5s
2026-03-16 14:33:58,699 [INFO]   S1 Ep  8/10  train 1.3772 / 63.6%  val 1.4691 / 79.7%    5s
2026-03-16 14:34:04,008 [INFO]   S1 Ep  9/10  train 1.3199 / 65.6%  val 1.4776 / 79.6%    5s
2026-03-16 14:34:09,468 [INFO]   S1 Ep 10/10  train 1.4107 / 61.7%  val 1.4884 / 79.5%    5s
2026-03-16 14:34:09,468 [INFO] Stage 1 done — best val: 80.02%
2026-03-16 14:34:09,468 [INFO] ── Stage 2: full fine-tuning + LLRD (250 epochs, patience 40) ──
2026-03-16 14:34:09,468 [INFO] LLRD: 12 groups, LR [8.93e-05 … 5.00e-04]
2026-03-16 14:34:14,671 [INFO]   S2 Ep   1/250  train 1.3255 / 64.8%  val 1.4509 / 79.9%  lr 2.30e-05     5s
2026-03-16 14:34:19,683 [INFO]   S2 Ep   2/250  train 1.4046 / 62.3%  val 1.4669 / 79.7%  lr 3.18e-05     5s
2026-03-16 14:34:24,699 [INFO]   S2 Ep   3/250  train 1.3688 / 63.1%  val 1.4866 / 79.6%  lr 4.62e-05     5s
2026-03-16 14:34:29,745 [INFO]   S2 Ep   4/250  train 1.3415 / 64.7%  val 1.4620 / 79.7%  lr 6.59e-05     5s
2026-03-16 14:34:34,799 [INFO]   S2 Ep   5/250  train 1.4065 / 61.4%  val 1.4742 / 79.3%  lr 9.03e-05     5s
2026-03-16 14:34:39,744 [INFO]   S2 Ep   6/250  train 1.3322 / 64.6%  val 1.4705 / 79.4%  lr 1.19e-04     5s
2026-03-16 14:34:44,665 [INFO]   S2 Ep   7/250  train 1.3400 / 64.6%  val 1.4630 / 79.4%  lr 1.51e-04     5s
2026-03-16 14:34:49,754 [INFO]   S2 Ep   8/250  train 1.4174 / 61.2%  val 1.4902 / 79.4%  lr 1.86e-04     5s
2026-03-16 14:34:54,779 [INFO]   S2 Ep   9/250  train 1.3337 / 64.8%  val 1.4659 / 79.4%  lr 2.23e-04     5s
2026-03-16 14:35:00,045 [INFO]   S2 Ep  10/250  train 1.3256 / 65.1%  val 1.4680 / 79.2%  lr 2.60e-04     5s
2026-03-16 14:35:05,527 [INFO]   S2 Ep  11/250  train 1.3539 / 64.5%  val 1.4748 / 79.4%  lr 2.98e-04     5s
2026-03-16 14:35:10,730 [INFO]   S2 Ep  12/250  train 1.3218 / 65.1%  val 1.4726 / 79.4%  lr 3.34e-04     5s
2026-03-16 14:35:16,195 [INFO]   S2 Ep  13/250  train 1.3344 / 65.2%  val 1.4616 / 79.2%  lr 3.69e-04     5s
2026-03-16 14:35:21,367 [INFO]   S2 Ep  14/250  train 1.3130 / 65.7%  val 1.4936 / 79.3%  lr 4.01e-04     5s
2026-03-16 14:35:26,381 [INFO]   S2 Ep  15/250  train 1.3360 / 64.5%  val 1.4943 / 79.0%  lr 4.30e-04     5s
2026-03-16 14:35:31,559 [INFO]   S2 Ep  16/250  train 1.4798 / 58.3%  val 1.5027 / 79.4%  lr 4.54e-04     5s
2026-03-16 14:35:36,625 [INFO]   S2 Ep  17/250  train 1.3947 / 62.4%  val 1.5077 / 79.1%  lr 4.74e-04     5s
2026-03-16 14:35:41,598 [INFO]   S2 Ep  18/250  train 1.3292 / 64.6%  val 1.5082 / 79.1%  lr 4.88e-04     5s
2026-03-16 14:35:46,562 [INFO]   S2 Ep  19/250  train 1.4347 / 60.4%  val 1.4875 / 79.6%  lr 4.97e-04     5s
2026-03-16 14:35:51,575 [INFO]   S2 Ep  20/250  train 1.3430 / 63.7%  val 1.5037 / 79.4%  lr 5.00e-04     5s
2026-03-16 14:35:56,491 [INFO]   S2 Ep  21/250  train 1.3015 / 65.9%  val 1.4902 / 79.4%  lr 5.00e-04     5s
2026-03-16 14:36:01,461 [INFO]   S2 Ep  22/250  train 1.4378 / 59.3%  val 1.5088 / 79.5%  lr 5.00e-04     5s
2026-03-16 14:36:06,504 [INFO]   S2 Ep  23/250  train 1.3873 / 61.8%  val 1.4846 / 79.5%  lr 5.00e-04     5s
2026-03-16 14:36:11,528 [INFO]   S2 Ep  24/250  train 1.3352 / 64.4%  val 1.4921 / 79.4%  lr 5.00e-04     5s
2026-03-16 14:36:16,555 [INFO]   S2 Ep  25/250  train 1.4188 / 60.9%  val 1.5079 / 79.2%  lr 4.99e-04     5s
2026-03-16 14:36:21,516 [INFO]   S2 Ep  26/250  train 1.3857 / 62.0%  val 1.4685 / 80.1%  lr 4.99e-04     5s
2026-03-16 14:36:21,682 [INFO]   ★ best 80.12% → /data/slr/checkpoints_1d_v2/best_fold3.pt
2026-03-16 14:36:26,649 [INFO]   S2 Ep  27/250  train 1.3373 / 63.9%  val 1.5113 / 79.0%  lr 4.99e-04     5s
2026-03-16 14:36:31,671 [INFO]   S2 Ep  28/250  train 1.3038 / 65.1%  val 1.5034 / 79.3%  lr 4.99e-04     5s
2026-03-16 14:36:36,877 [INFO]   S2 Ep  29/250  train 1.3572 / 62.8%  val 1.5152 / 78.8%  lr 4.98e-04     5s
2026-03-16 14:36:41,853 [INFO]   S2 Ep  30/250  train 1.3209 / 64.3%  val 1.4923 / 79.0%  lr 4.98e-04     5s
2026-03-16 14:36:46,864 [INFO]   S2 Ep  31/250  train 1.3448 / 63.8%  val 1.4998 / 79.3%  lr 4.97e-04     5s
2026-03-16 14:36:51,963 [INFO]   S2 Ep  32/250  train 1.3644 / 63.1%  val 1.5405 / 78.9%  lr 4.97e-04     5s
2026-03-16 14:36:56,919 [INFO]   S2 Ep  33/250  train 1.3808 / 61.8%  val 1.5144 / 79.6%  lr 4.96e-04     5s
2026-03-16 14:37:01,991 [INFO]   S2 Ep  34/250  train 1.3539 / 63.5%  val 1.4823 / 79.3%  lr 4.95e-04     5s
2026-03-16 14:37:06,986 [INFO]   S2 Ep  35/250  train 1.3277 / 64.4%  val 1.5311 / 79.6%  lr 4.95e-04     5s
2026-03-16 14:37:11,958 [INFO]   S2 Ep  36/250  train 1.3578 / 62.7%  val 1.4964 / 79.1%  lr 4.94e-04     5s
2026-03-16 14:37:16,934 [INFO]   S2 Ep  37/250  train 1.3399 / 63.7%  val 1.4985 / 79.2%  lr 4.93e-04     5s
2026-03-16 14:37:21,909 [INFO]   S2 Ep  38/250  train 1.2842 / 65.9%  val 1.5780 / 78.9%  lr 4.92e-04     5s
2026-03-16 14:37:26,884 [INFO]   S2 Ep  39/250  train 1.3237 / 64.5%  val 1.5256 / 79.0%  lr 4.92e-04     5s
2026-03-16 14:37:31,895 [INFO]   S2 Ep  40/250  train 1.2978 / 64.9%  val 1.5071 / 79.6%  lr 4.91e-04     5s
2026-03-16 14:37:36,870 [INFO]   S2 Ep  41/250  train 1.3012 / 65.1%  val 1.5135 / 79.6%  lr 4.90e-04     5s
2026-03-16 14:37:42,046 [INFO]   S2 Ep  42/250  train 1.4506 / 59.3%  val 1.5364 / 79.7%  lr 4.89e-04     5s
2026-03-16 14:37:47,173 [INFO]   S2 Ep  43/250  train 1.2880 / 65.8%  val 1.4822 / 79.5%  lr 4.88e-04     5s
2026-03-16 14:37:52,204 [INFO]   S2 Ep  44/250  train 1.3110 / 65.3%  val 1.5135 / 79.8%  lr 4.87e-04     5s
2026-03-16 14:37:57,242 [INFO]   S2 Ep  45/250  train 1.3182 / 64.3%  val 1.4911 / 79.5%  lr 4.86e-04     5s
2026-03-16 14:38:02,297 [INFO]   S2 Ep  46/250  train 1.3090 / 65.2%  val 1.5009 / 80.1%  lr 4.84e-04     5s
2026-03-16 14:38:07,349 [INFO]   S2 Ep  47/250  train 1.3302 / 64.1%  val 1.5028 / 79.4%  lr 4.83e-04     5s
2026-03-16 14:38:12,371 [INFO]   S2 Ep  48/250  train 1.3106 / 64.2%  val 1.5229 / 79.9%  lr 4.82e-04     5s
2026-03-16 14:38:17,420 [INFO]   S2 Ep  49/250  train 1.3035 / 64.4%  val 1.5038 / 79.8%  lr 4.81e-04     5s
2026-03-16 14:38:22,536 [INFO]   S2 Ep  50/250  train 1.3796 / 61.9%  val 1.5050 / 79.9%  lr 4.79e-04     5s
2026-03-16 14:38:27,617 [INFO]   S2 Ep  51/250  train 1.2873 / 66.0%  val 1.4996 / 79.9%  lr 4.78e-04     5s
2026-03-16 14:38:32,919 [INFO]   S2 Ep  52/250  train 1.3191 / 64.4%  val 1.4999 / 80.6%  lr 4.76e-04     5s
2026-03-16 14:38:33,080 [INFO]   ★ best 80.63% → /data/slr/checkpoints_1d_v2/best_fold3.pt
2026-03-16 14:38:38,437 [INFO]   S2 Ep  53/250  train 1.3121 / 64.3%  val 1.5033 / 79.4%  lr 4.75e-04     5s
2026-03-16 14:38:43,459 [INFO]   S2 Ep  54/250  train 1.3037 / 65.0%  val 1.5630 / 79.6%  lr 4.74e-04     5s
2026-03-16 14:38:48,452 [INFO]   S2 Ep  55/250  train 1.3035 / 64.9%  val 1.5278 / 80.0%  lr 4.72e-04     5s
2026-03-16 14:38:53,430 [INFO]   S2 Ep  56/250  train 1.3093 / 64.2%  val 1.5392 / 79.4%  lr 4.70e-04     5s
2026-03-16 14:38:58,475 [INFO]   S2 Ep  57/250  train 1.2456 / 67.2%  val 1.4962 / 80.2%  lr 4.69e-04     5s
2026-03-16 14:39:03,645 [INFO]   S2 Ep  58/250  train 1.2514 / 66.9%  val 1.5116 / 79.9%  lr 4.67e-04     5s
2026-03-16 14:39:08,993 [INFO]   S2 Ep  59/250  train 1.3135 / 63.9%  val 1.5204 / 79.0%  lr 4.65e-04     5s
2026-03-16 14:39:14,345 [INFO]   S2 Ep  60/250  train 1.3024 / 64.4%  val 1.5034 / 79.9%  lr 4.64e-04     5s
2026-03-16 14:39:19,337 [INFO]   S2 Ep  61/250  train 1.2237 / 68.0%  val 1.5141 / 79.8%  lr 4.62e-04     5s
2026-03-16 14:39:24,342 [INFO]   S2 Ep  62/250  train 1.3340 / 63.0%  val 1.5178 / 79.4%  lr 4.60e-04     5s
2026-03-16 14:39:29,318 [INFO]   S2 Ep  63/250  train 1.3106 / 63.9%  val 1.5338 / 79.3%  lr 4.58e-04     5s
2026-03-16 14:39:34,404 [INFO]   S2 Ep  64/250  train 1.2468 / 66.9%  val 1.5152 / 79.5%  lr 4.56e-04     5s
2026-03-16 14:39:39,469 [INFO]   S2 Ep  65/250  train 1.2974 / 64.6%  val 1.5021 / 79.3%  lr 4.54e-04     5s
2026-03-16 14:39:44,551 [INFO]   S2 Ep  66/250  train 1.3060 / 65.1%  val 1.5076 / 79.5%  lr 4.52e-04     5s
2026-03-16 14:39:49,602 [INFO]   S2 Ep  67/250  train 1.2969 / 64.7%  val 1.5222 / 79.1%  lr 4.50e-04     5s
2026-03-16 14:39:54,600 [INFO]   S2 Ep  68/250  train 1.3238 / 63.3%  val 1.5169 / 79.3%  lr 4.48e-04     5s
2026-03-16 14:39:59,559 [INFO]   S2 Ep  69/250  train 1.3232 / 63.5%  val 1.5363 / 79.2%  lr 4.46e-04     5s
2026-03-16 14:40:04,502 [INFO]   S2 Ep  70/250  train 1.2733 / 66.3%  val 1.5300 / 79.6%  lr 4.44e-04     5s
2026-03-16 14:40:09,394 [INFO]   S2 Ep  71/250  train 1.2574 / 66.4%  val 1.4940 / 79.8%  lr 4.42e-04     5s
2026-03-16 14:40:14,357 [INFO]   S2 Ep  72/250  train 1.2380 / 67.1%  val 1.5140 / 79.2%  lr 4.40e-04     5s
2026-03-16 14:40:19,348 [INFO]   S2 Ep  73/250  train 1.2278 / 67.4%  val 1.5303 / 79.0%  lr 4.37e-04     5s
2026-03-16 14:40:24,362 [INFO]   S2 Ep  74/250  train 1.2949 / 64.6%  val 1.4942 / 80.8%  lr 4.35e-04     5s
2026-03-16 14:40:24,528 [INFO]   ★ best 80.83% → /data/slr/checkpoints_1d_v2/best_fold3.pt
2026-03-16 14:40:29,579 [INFO]   S2 Ep  75/250  train 1.2979 / 64.6%  val 1.5103 / 79.7%  lr 4.33e-04     5s
2026-03-16 14:40:34,593 [INFO]   S2 Ep  76/250  train 1.2873 / 65.1%  val 1.5070 / 79.3%  lr 4.30e-04     5s
2026-03-16 14:40:39,533 [INFO]   S2 Ep  77/250  train 1.2576 / 66.0%  val 1.5169 / 79.2%  lr 4.28e-04     5s
2026-03-16 14:40:44,493 [INFO]   S2 Ep  78/250  train 1.2212 / 67.9%  val 1.5177 / 79.3%  lr 4.26e-04     5s
2026-03-16 14:40:49,408 [INFO]   S2 Ep  79/250  train 1.3192 / 63.9%  val 1.5325 / 79.7%  lr 4.23e-04     5s
2026-03-16 14:40:54,314 [INFO]   S2 Ep  80/250  train 1.2636 / 66.2%  val 1.5071 / 79.4%  lr 4.21e-04     5s
2026-03-16 14:40:59,238 [INFO]   S2 Ep  81/250  train 1.3227 / 63.6%  val 1.5211 / 79.9%  lr 4.18e-04     5s
2026-03-16 14:41:04,150 [INFO]   S2 Ep  82/250  train 1.3000 / 64.9%  val 1.5428 / 79.3%  lr 4.16e-04     5s
2026-03-16 14:41:09,092 [INFO]   S2 Ep  83/250  train 1.3310 / 63.3%  val 1.5373 / 79.2%  lr 4.13e-04     5s
2026-03-16 14:41:14,068 [INFO]   S2 Ep  84/250  train 1.2738 / 64.6%  val 1.5151 / 80.0%  lr 4.10e-04     5s
2026-03-16 14:41:19,077 [INFO]   S2 Ep  85/250  train 1.3314 / 62.2%  val 1.5248 / 79.9%  lr 4.08e-04     5s
2026-03-16 14:41:24,146 [INFO]   S2 Ep  86/250  train 1.2827 / 65.6%  val 1.5534 / 79.7%  lr 4.05e-04     5s
2026-03-16 14:41:29,167 [INFO]   S2 Ep  87/250  train 1.2549 / 66.5%  val 1.5203 / 79.5%  lr 4.02e-04     5s
2026-03-16 14:41:34,143 [INFO]   S2 Ep  88/250  train 1.2955 / 64.9%  val 1.5142 / 80.2%  lr 4.00e-04     5s
2026-03-16 14:41:39,089 [INFO]   S2 Ep  89/250  train 1.2620 / 66.5%  val 1.5425 / 79.8%  lr 3.97e-04     5s
2026-03-16 14:41:44,085 [INFO]   S2 Ep  90/250  train 1.2123 / 67.9%  val 1.5026 / 79.7%  lr 3.94e-04     5s
2026-03-16 14:41:49,103 [INFO]   S2 Ep  91/250  train 1.1994 / 68.8%  val 1.4989 / 80.4%  lr 3.91e-04     5s
2026-03-16 14:41:54,134 [INFO]   S2 Ep  92/250  train 1.2580 / 66.6%  val 1.5263 / 79.7%  lr 3.89e-04     5s
2026-03-16 14:41:59,054 [INFO]   S2 Ep  93/250  train 1.2440 / 67.6%  val 1.5245 / 80.4%  lr 3.86e-04     5s
2026-03-16 14:42:04,164 [INFO]   S2 Ep  94/250  train 1.2842 / 64.8%  val 1.5193 / 79.8%  lr 3.83e-04     5s
2026-03-16 14:42:09,233 [INFO]   S2 Ep  95/250  train 1.1942 / 68.3%  val 1.5263 / 79.4%  lr 3.80e-04     5s
2026-03-16 14:42:14,176 [INFO]   S2 Ep  96/250  train 1.2348 / 66.7%  val 1.5076 / 80.2%  lr 3.77e-04     5s
2026-03-16 14:42:19,123 [INFO]   S2 Ep  97/250  train 1.2875 / 64.7%  val 1.5637 / 79.5%  lr 3.74e-04     5s
2026-03-16 14:42:24,083 [INFO]   S2 Ep  98/250  train 1.1926 / 69.1%  val 1.5266 / 79.8%  lr 3.71e-04     5s
2026-03-16 14:42:29,039 [INFO]   S2 Ep  99/250  train 1.2260 / 67.6%  val 1.5284 / 79.9%  lr 3.68e-04     5s
2026-03-16 14:42:33,954 [INFO]   S2 Ep 100/250  train 1.2532 / 65.9%  val 1.5593 / 80.3%  lr 3.65e-04     5s
2026-03-16 14:42:38,860 [INFO]   S2 Ep 101/250  train 1.2731 / 65.6%  val 1.5372 / 79.3%  lr 3.62e-04     5s
2026-03-16 14:42:43,866 [INFO]   S2 Ep 102/250  train 1.2312 / 67.1%  val 1.5540 / 80.1%  lr 3.59e-04     5s
2026-03-16 14:42:48,916 [INFO]   S2 Ep 103/250  train 1.1376 / 71.8%  val 1.5337 / 80.1%  lr 3.56e-04     5s
2026-03-16 14:42:53,879 [INFO]   S2 Ep 104/250  train 1.2553 / 65.8%  val 1.5786 / 79.4%  lr 3.53e-04     5s
2026-03-16 14:42:58,863 [INFO]   S2 Ep 105/250  train 1.2532 / 67.3%  val 1.5380 / 80.1%  lr 3.50e-04     5s
2026-03-16 14:43:03,863 [INFO]   S2 Ep 106/250  train 1.2290 / 67.7%  val 1.5368 / 79.8%  lr 3.46e-04     5s
2026-03-16 14:43:08,828 [INFO]   S2 Ep 107/250  train 1.3106 / 63.8%  val 1.5336 / 79.6%  lr 3.43e-04     5s
2026-03-16 14:43:13,871 [INFO]   S2 Ep 108/250  train 1.2355 / 66.9%  val 1.5451 / 79.5%  lr 3.40e-04     5s
2026-03-16 14:43:18,830 [INFO]   S2 Ep 109/250  train 1.2617 / 65.9%  val 1.5033 / 80.2%  lr 3.37e-04     5s
2026-03-16 14:43:23,855 [INFO]   S2 Ep 110/250  train 1.2941 / 64.6%  val 1.5536 / 79.2%  lr 3.34e-04     5s
2026-03-16 14:43:28,787 [INFO]   S2 Ep 111/250  train 1.1488 / 70.1%  val 1.5469 / 79.7%  lr 3.30e-04     5s
2026-03-16 14:43:33,754 [INFO]   S2 Ep 112/250  train 1.2737 / 65.4%  val 1.5471 / 79.5%  lr 3.27e-04     5s
2026-03-16 14:43:38,771 [INFO]   S2 Ep 113/250  train 1.2509 / 66.5%  val 1.5222 / 80.2%  lr 3.24e-04     5s
2026-03-16 14:43:43,766 [INFO]   S2 Ep 114/250  train 1.2230 / 67.6%  val 1.5490 / 79.6%  lr 3.21e-04     5s
2026-03-16 14:43:43,766 [INFO]   Early stopping at S2 epoch 114
2026-03-16 14:43:43,766 [INFO]   Fold 4 best val acc: 80.83%
2026-03-16 14:43:43,990 [INFO] ================================================================
2026-03-16 14:43:43,990 [INFO] FOLD 5 / 5
2026-03-16 14:43:43,990 [INFO] ================================================================
2026-03-16 14:43:43,993 [INFO]   Train: 18720 (orig 11794 + PL 6926)  |  Val: 2948
2026-03-16 14:43:44,198 [INFO]   Born-again ← best_fold4.pt: loaded 94, skipped 0 (val 79.99%)
2026-03-16 14:43:44,198 [INFO] Model: RangeTemporalNetV2  |  34.64M params
2026-03-16 14:43:44,198 [INFO] ── Stage 1: attention + head warmup (10 epochs) ──
2026-03-16 14:43:49,750 [INFO]   S1 Ep  1/10  train 1.4703 / 61.2%  val 1.5148 / 79.1%    6s
2026-03-16 14:43:49,909 [INFO]   ★ best 79.14%
2026-03-16 14:43:54,962 [INFO]   S1 Ep  2/10  train 1.4492 / 62.2%  val 1.5141 / 78.8%    5s
2026-03-16 14:44:00,010 [INFO]   S1 Ep  3/10  train 1.4106 / 62.5%  val 1.4926 / 79.0%    5s
2026-03-16 14:44:05,062 [INFO]   S1 Ep  4/10  train 1.4467 / 60.5%  val 1.4970 / 79.3%    5s
2026-03-16 14:44:05,229 [INFO]   ★ best 79.31%
2026-03-16 14:44:10,225 [INFO]   S1 Ep  5/10  train 1.4281 / 61.4%  val 1.4951 / 79.3%    5s
2026-03-16 14:44:15,198 [INFO]   S1 Ep  6/10  train 1.3509 / 64.6%  val 1.4957 / 79.7%    5s
2026-03-16 14:44:15,366 [INFO]   ★ best 79.72%
2026-03-16 14:44:20,391 [INFO]   S1 Ep  7/10  train 1.4424 / 60.2%  val 1.5033 / 79.7%    5s
2026-03-16 14:44:25,372 [INFO]   S1 Ep  8/10  train 1.4371 / 61.0%  val 1.4843 / 79.4%    5s
2026-03-16 14:44:30,388 [INFO]   S1 Ep  9/10  train 1.4484 / 59.9%  val 1.5088 / 79.5%    5s
2026-03-16 14:44:35,418 [INFO]   S1 Ep 10/10  train 1.3816 / 62.4%  val 1.4729 / 79.6%    5s
2026-03-16 14:44:35,418 [INFO] Stage 1 done — best val: 79.72%
2026-03-16 14:44:35,418 [INFO] ── Stage 2: full fine-tuning + LLRD (250 epochs, patience 40) ──
2026-03-16 14:44:35,419 [INFO] LLRD: 12 groups, LR [8.93e-05 … 5.00e-04]
2026-03-16 14:44:40,461 [INFO]   S2 Ep   1/250  train 1.4516 / 59.8%  val 1.4886 / 79.5%  lr 2.30e-05     5s
2026-03-16 14:44:45,590 [INFO]   S2 Ep   2/250  train 1.3824 / 62.7%  val 1.4788 / 79.9%  lr 3.18e-05     5s
2026-03-16 14:44:45,754 [INFO]   ★ best 79.88% → /data/slr/checkpoints_1d_v2/best_fold4.pt
2026-03-16 14:44:50,796 [INFO]   S2 Ep   3/250  train 1.3507 / 63.9%  val 1.4674 / 79.9%  lr 4.62e-05     5s
2026-03-16 14:44:55,824 [INFO]   S2 Ep   4/250  train 1.4071 / 61.4%  val 1.4695 / 80.1%  lr 6.59e-05     5s
2026-03-16 14:44:55,982 [INFO]   ★ best 80.05% → /data/slr/checkpoints_1d_v2/best_fold4.pt
2026-03-16 14:45:01,097 [INFO]   S2 Ep   5/250  train 1.3949 / 62.4%  val 1.5183 / 79.6%  lr 9.03e-05     5s
2026-03-16 14:45:06,141 [INFO]   S2 Ep   6/250  train 1.3465 / 64.6%  val 1.4873 / 79.9%  lr 1.19e-04     5s
2026-03-16 14:45:11,184 [INFO]   S2 Ep   7/250  train 1.3907 / 62.4%  val 1.4622 / 80.2%  lr 1.51e-04     5s
2026-03-16 14:45:11,347 [INFO]   ★ best 80.19% → /data/slr/checkpoints_1d_v2/best_fold4.pt
2026-03-16 14:45:16,471 [INFO]   S2 Ep   8/250  train 1.4007 / 61.1%  val 1.4707 / 79.9%  lr 1.86e-04     5s
2026-03-16 14:45:21,555 [INFO]   S2 Ep   9/250  train 1.3851 / 62.3%  val 1.4866 / 80.4%  lr 2.23e-04     5s
2026-03-16 14:45:21,718 [INFO]   ★ best 80.39% → /data/slr/checkpoints_1d_v2/best_fold4.pt
2026-03-16 14:45:26,953 [INFO]   S2 Ep  10/250  train 1.4227 / 60.5%  val 1.4725 / 80.0%  lr 2.60e-04     5s
2026-03-16 14:45:32,018 [INFO]   S2 Ep  11/250  train 1.4305 / 60.8%  val 1.4520 / 80.2%  lr 2.98e-04     5s
2026-03-16 14:45:37,021 [INFO]   S2 Ep  12/250  train 1.3410 / 64.8%  val 1.4681 / 79.4%  lr 3.34e-04     5s
2026-03-16 14:45:42,090 [INFO]   S2 Ep  13/250  train 1.4517 / 60.2%  val 1.4900 / 79.4%  lr 3.69e-04     5s
2026-03-16 14:45:47,201 [INFO]   S2 Ep  14/250  train 1.3938 / 62.4%  val 1.5260 / 79.5%  lr 4.01e-04     5s
2026-03-16 14:45:52,292 [INFO]   S2 Ep  15/250  train 1.3979 / 61.4%  val 1.4979 / 79.6%  lr 4.30e-04     5s
2026-03-16 14:45:57,445 [INFO]   S2 Ep  16/250  train 1.4263 / 60.4%  val 1.4968 / 79.3%  lr 4.54e-04     5s
2026-03-16 14:46:02,578 [INFO]   S2 Ep  17/250  train 1.4600 / 59.4%  val 1.4897 / 79.5%  lr 4.74e-04     5s
2026-03-16 14:46:07,727 [INFO]   S2 Ep  18/250  train 1.3878 / 62.1%  val 1.4623 / 79.8%  lr 4.88e-04     5s
2026-03-16 14:46:12,896 [INFO]   S2 Ep  19/250  train 1.3443 / 64.0%  val 1.4924 / 79.6%  lr 4.97e-04     5s
2026-03-16 14:46:17,963 [INFO]   S2 Ep  20/250  train 1.3754 / 62.4%  val 1.4942 / 78.7%  lr 5.00e-04     5s
2026-03-16 14:46:23,070 [INFO]   S2 Ep  21/250  train 1.3619 / 63.0%  val 1.4883 / 79.7%  lr 5.00e-04     5s
2026-03-16 14:46:28,123 [INFO]   S2 Ep  22/250  train 1.3779 / 62.2%  val 1.5007 / 80.2%  lr 5.00e-04     5s
2026-03-16 14:46:33,311 [INFO]   S2 Ep  23/250  train 1.3944 / 61.4%  val 1.5004 / 80.2%  lr 5.00e-04     5s
2026-03-16 14:46:38,433 [INFO]   S2 Ep  24/250  train 1.4311 / 61.1%  val 1.4892 / 79.4%  lr 5.00e-04     5s
2026-03-16 14:46:43,575 [INFO]   S2 Ep  25/250  train 1.3394 / 63.3%  val 1.4956 / 79.6%  lr 4.99e-04     5s
2026-03-16 14:46:48,764 [INFO]   S2 Ep  26/250  train 1.3198 / 64.7%  val 1.4800 / 80.1%  lr 4.99e-04     5s
2026-03-16 14:46:54,001 [INFO]   S2 Ep  27/250  train 1.3488 / 63.7%  val 1.4830 / 79.9%  lr 4.99e-04     5s
2026-03-16 14:46:59,141 [INFO]   S2 Ep  28/250  train 1.4242 / 59.8%  val 1.4946 / 79.6%  lr 4.99e-04     5s
2026-03-16 14:47:04,285 [INFO]   S2 Ep  29/250  train 1.3353 / 64.3%  val 1.5147 / 79.0%  lr 4.98e-04     5s
2026-03-16 14:47:09,574 [INFO]   S2 Ep  30/250  train 1.3777 / 62.4%  val 1.5516 / 78.8%  lr 4.98e-04     5s
2026-03-16 14:47:14,697 [INFO]   S2 Ep  31/250  train 1.3644 / 62.8%  val 1.4920 / 79.8%  lr 4.97e-04     5s
2026-03-16 14:47:19,983 [INFO]   S2 Ep  32/250  train 1.4008 / 61.7%  val 1.4753 / 79.8%  lr 4.97e-04     5s
2026-03-16 14:47:25,323 [INFO]   S2 Ep  33/250  train 1.3456 / 63.8%  val 1.5369 / 79.0%  lr 4.96e-04     5s
2026-03-16 14:47:30,432 [INFO]   S2 Ep  34/250  train 1.3647 / 61.7%  val 1.4822 / 79.5%  lr 4.95e-04     5s
2026-03-16 14:47:35,661 [INFO]   S2 Ep  35/250  train 1.3389 / 64.2%  val 1.5261 / 78.7%  lr 4.95e-04     5s
2026-03-16 14:47:40,845 [INFO]   S2 Ep  36/250  train 1.3666 / 62.0%  val 1.4808 / 79.2%  lr 4.94e-04     5s
2026-03-16 14:47:46,018 [INFO]   S2 Ep  37/250  train 1.3947 / 61.6%  val 1.5003 / 79.3%  lr 4.93e-04     5s
2026-03-16 14:47:51,134 [INFO]   S2 Ep  38/250  train 1.3551 / 62.5%  val 1.5167 / 79.3%  lr 4.92e-04     5s
2026-03-16 14:47:56,329 [INFO]   S2 Ep  39/250  train 1.3188 / 64.4%  val 1.5110 / 79.2%  lr 4.92e-04     5s
2026-03-16 14:48:01,474 [INFO]   S2 Ep  40/250  train 1.2909 / 65.8%  val 1.4917 / 78.8%  lr 4.91e-04     5s
2026-03-16 14:48:06,579 [INFO]   S2 Ep  41/250  train 1.3145 / 63.9%  val 1.5117 / 79.2%  lr 4.90e-04     5s
2026-03-16 14:48:11,810 [INFO]   S2 Ep  42/250  train 1.3055 / 65.0%  val 1.4987 / 79.3%  lr 4.89e-04     5s
2026-03-16 14:48:16,989 [INFO]   S2 Ep  43/250  train 1.3436 / 62.8%  val 1.5263 / 79.4%  lr 4.88e-04     5s
2026-03-16 14:48:22,204 [INFO]   S2 Ep  44/250  train 1.3758 / 61.6%  val 1.5229 / 78.5%  lr 4.87e-04     5s
2026-03-16 14:48:27,325 [INFO]   S2 Ep  45/250  train 1.3295 / 63.8%  val 1.5162 / 79.1%  lr 4.86e-04     5s
2026-03-16 14:48:32,565 [INFO]   S2 Ep  46/250  train 1.2833 / 65.9%  val 1.5142 / 78.6%  lr 4.84e-04     5s
2026-03-16 14:48:37,795 [INFO]   S2 Ep  47/250  train 1.3519 / 63.0%  val 1.5054 / 79.3%  lr 4.83e-04     5s
2026-03-16 14:48:43,048 [INFO]   S2 Ep  48/250  train 1.3505 / 62.9%  val 1.5220 / 78.5%  lr 4.82e-04     5s
2026-03-16 14:48:48,222 [INFO]   S2 Ep  49/250  train 1.3340 / 64.3%  val 1.5440 / 78.8%  lr 4.81e-04     5s
2026-03-16 14:48:48,222 [INFO]   Early stopping at S2 epoch 49
2026-03-16 14:48:48,222 [INFO]   Fold 5 best val acc: 80.39%
2026-03-16 14:48:48,443 [INFO] ================================================================
2026-03-16 14:48:48,447 [INFO] 5-FOLD CV RESULTS
2026-03-16 14:48:48,447 [INFO] ================================================================
2026-03-16 14:48:48,448 [INFO]   Fold 1 : 80.54%
2026-03-16 14:48:48,448 [INFO]   Fold 2 : 79.99%
2026-03-16 14:48:48,448 [INFO]   Fold 3 : 81.68%
2026-03-16 14:48:48,448 [INFO]   Fold 4 : 80.83%
2026-03-16 14:48:48,448 [INFO]   Fold 5 : 80.39%
2026-03-16 14:48:48,448 [INFO]   Mean  : 80.69% ± 0.57%
2026-03-16 14:48:48,448 [INFO] Loading v2 checkpoints for ensemble …
2026-03-16 14:48:53,774 [INFO] Submission (no TTA) → /data/slr/checkpoints_1d_v2/submission_no_tta.csv  (9828 rows)
2026-03-16 14:48:53,774 [INFO] Running 10-way TTA × 5 folds …
2026-03-16 14:49:32,549 [INFO] Submission (TTA) → /data/slr/checkpoints_1d_v2/submission_tta.csv
2026-03-16 14:49:32,549 [INFO] TTA changed 202 / 9828 (2.1%)
2026-03-16 14:49:32,556 [INFO] Saved v2 TTA probs → /data/slr/checkpoints_1d_v2/eval_probs_tta.pt
2026-03-16 14:49:32,558 [INFO] Loading CNN v7 for cross-arch ensemble …
2026-03-16 14:52:29,989 [INFO]   1dv2_30_cnn70 ensemble: 1215 changed from 1Dv2-only
2026-03-16 14:52:29,996 [INFO]   1dv2_40_cnn60 ensemble: 1087 changed from 1Dv2-only
2026-03-16 14:52:30,002 [INFO]   1dv2_50_cnn50 ensemble: 912 changed from 1Dv2-only
2026-03-16 14:52:30,002 [INFO] Done.
