2026-03-21 09:52:46,703 [INFO] GPU: NVIDIA H200
2026-03-21 09:52:46,704 [INFO] Config: {
  "data_dir": "/data/slr/track2_",
  "output_dir": "/data/slr/checkpoints_v43",
  "max_frames": 48,
  "img_size": 320,
  "n_classes": 126,
  "teacher_img_size": 224,
  "teacher_max_frames": 48,
  "channel_means": [
    -64.3217,
    -62.9119,
    -63.9254
  ],
  "channel_stds": [
    12.5721,
    11.662,
    11.7259
  ],
  "n_folds": 5,
  "batch_size": 28,
  "num_workers": 4,
  "stage1_epochs": 5,
  "stage1_lr": 0.0002,
  "stage2_epochs": 100,
  "stage2_lr": 4e-05,
  "swa_epochs": 15,
  "swa_lr": 4e-06,
  "weight_decay": 0.05,
  "warmup_pct": 0.05,
  "label_smoothing": 0.1,
  "early_stopping_patience": 30,
  "grad_clip_norm": 1.0,
  "llrd_decay": 0.75,
  "kd_alpha": 0.5,
  "kd_tau": 4.0,
  "mixup_alpha": 0.4,
  "cutmix_alpha": 1.0,
  "cutmix_prob": 0.5,
  "time_mask_max": 8,
  "range_mask_max": 30,
  "noise_std": 0.1,
  "time_warp_lo": 0.8,
  "time_warp_hi": 1.2,
  "time_reverse_prob": 0.5,
  "channel_shuffle_prob": 0.2,
  "channel_drop_prob": 0.1,
  "random_erase_prob": 0.2,
  "circ_shift_prob": 0.3,
  "circ_shift_max": 8,
  "amp_scale_prob": 0.5,
  "amp_scale_lo": 0.8,
  "amp_scale_hi": 1.2,
  "model_name": "caformer_s18.sail_in22k_ft_in1k",
  "drop_path_rate": 0.15,
  "proj_dim": 384,
  "drop_rate": 0.3,
  "ms_dropout_samples": 5,
  "seed": 42
}
2026-03-21 09:52:46,704 [INFO] ★★★ CAFormer @ 320×320 — resolution ladder from vit_v9@224 ★★★
2026-03-21 09:52:46,777 [INFO] Train: 14742 | Eval: 9828
2026-03-21 09:52:51,200 [INFO] Pre-computing teacher soft labels (at 224×224) …
2026-03-21 09:52:52,973 [INFO]   Loaded 5 teachers
2026-03-21 09:54:06,478 [INFO]   Soft labels: 14742
2026-03-21 09:54:06,479 [INFO] KD α=0.50 τ=4.0 | Teacher: v11 (cross-arch) | Born-again: vit_v9
2026-03-21 09:54:06,483 [INFO] ================================================================
2026-03-21 09:54:06,483 [INFO] FOLD 1 / 5
2026-03-21 09:54:06,483 [INFO] ================================================================
2026-03-21 09:54:06,485 [INFO]   Train: 11793 | Val: 2949
2026-03-21 09:54:06,696 [INFO] Loading pretrained weights from Hugging Face hub (timm/caformer_s18.sail_in22k_ft_in1k)
2026-03-21 09:54:06,943 [INFO] HTTP Request: HEAD https://huggingface.co/timm/caformer_s18.sail_in22k_ft_in1k/resolve/main/model.safetensors "HTTP/1.1 302 Found"
2026-03-21 09:54:06,945 [INFO] [timm/caformer_s18.sail_in22k_ft_in1k] Safe alternative available for 'pytorch_model.bin' (as 'model.safetensors'). Loading weights using safetensors.
2026-03-21 09:54:06,960 [INFO] Missing keys (head.fc.fc2.weight, head.fc.fc2.bias) discovered while loading pretrained weights. This is expected if model is being adapted.
2026-03-21 09:54:07,048 [INFO]   Born-again ← best_fold0.pt (val 88.74%)
2026-03-21 09:54:07,049 [INFO] ── Stage 1: head warmup (5 ep) ──
2026-03-21 09:54:48,776 [INFO]   S1 Ep 1/5  loss=1.4444 acc=52.3%  val=61.7%  42s
2026-03-21 09:54:48,898 [INFO]   ★ best 61.75%
2026-03-21 09:55:03,444 [INFO]   S1 Ep 2/5  loss=1.3208 acc=57.4%  val=63.4%  15s
2026-03-21 09:55:03,589 [INFO]   ★ best 63.38%
2026-03-21 09:55:18,254 [INFO]   S1 Ep 3/5  loss=1.2974 acc=58.0%  val=65.1%  15s
2026-03-21 09:55:18,400 [INFO]   ★ best 65.14%
2026-03-21 09:55:32,970 [INFO]   S1 Ep 4/5  loss=1.2586 acc=59.8%  val=65.5%  15s
2026-03-21 09:55:33,107 [INFO]   ★ best 65.48%
2026-03-21 09:55:47,608 [INFO]   S1 Ep 5/5  loss=1.2373 acc=60.6%  val=65.4%  15s
2026-03-21 09:55:47,608 [INFO] ── Stage 2: full fine-tune (100 ep, patience 30) ──
2026-03-21 09:55:47,609 [INFO] LLRD: 12 groups, LR [9.49e-06 … 4.00e-05]
2026-03-21 09:56:45,192 [INFO]   S2 Ep   1/100  loss=1.6177 acc=48.1%  val=78.9%  lr=5.27e-06    58s
2026-03-21 09:56:45,345 [INFO]   ★ best 78.87%
2026-03-21 09:57:30,963 [INFO]   S2 Ep   2/100  loss=1.4003 acc=58.2%  val=84.1%  lr=1.49e-05    46s
2026-03-21 09:57:31,109 [INFO]   ★ best 84.13%
2026-03-21 09:58:16,764 [INFO]   S2 Ep   3/100  loss=1.3192 acc=61.8%  val=84.5%  lr=2.67e-05    46s
2026-03-21 09:58:16,916 [INFO]   ★ best 84.47%
2026-03-21 09:59:02,627 [INFO]   S2 Ep   4/100  loss=1.2873 acc=62.6%  val=84.9%  lr=3.63e-05    46s
2026-03-21 09:59:02,798 [INFO]   ★ best 84.91%
2026-03-21 09:59:48,421 [INFO]   S2 Ep   5/100  loss=1.2890 acc=62.6%  val=85.4%  lr=4.00e-05    46s
2026-03-21 09:59:48,549 [INFO]   ★ best 85.35%
2026-03-21 10:00:34,102 [INFO]   S2 Ep   6/100  loss=1.2579 acc=63.6%  val=86.4%  lr=4.00e-05    46s
2026-03-21 10:00:34,224 [INFO]   ★ best 86.40%
2026-03-21 10:01:19,703 [INFO]   S2 Ep   7/100  loss=1.2598 acc=64.0%  val=85.8%  lr=4.00e-05    45s
2026-03-21 10:02:05,227 [INFO]   S2 Ep   8/100  loss=1.2074 acc=66.0%  val=86.1%  lr=3.99e-05    46s
2026-03-21 10:02:50,618 [INFO]   S2 Ep   9/100  loss=1.2268 acc=64.8%  val=86.2%  lr=3.98e-05    45s
2026-03-21 10:03:36,088 [INFO]   S2 Ep  10/100  loss=1.1969 acc=66.1%  val=86.0%  lr=3.97e-05    45s
2026-03-21 10:04:21,577 [INFO]   S2 Ep  11/100  loss=1.2053 acc=66.1%  val=85.0%  lr=3.96e-05    45s
2026-03-21 10:05:07,120 [INFO]   S2 Ep  12/100  loss=1.1723 acc=67.6%  val=84.5%  lr=3.95e-05    46s
2026-03-21 10:05:52,606 [INFO]   S2 Ep  13/100  loss=1.1613 acc=67.4%  val=85.9%  lr=3.93e-05    45s
2026-03-21 10:06:38,125 [INFO]   S2 Ep  14/100  loss=1.1759 acc=67.6%  val=85.8%  lr=3.91e-05    46s
2026-03-21 10:07:23,625 [INFO]   S2 Ep  15/100  loss=1.1762 acc=67.5%  val=85.5%  lr=3.89e-05    45s
2026-03-21 10:08:09,118 [INFO]   S2 Ep  16/100  loss=1.1438 acc=68.9%  val=85.9%  lr=3.87e-05    45s
2026-03-21 10:08:54,644 [INFO]   S2 Ep  17/100  loss=1.1697 acc=67.5%  val=85.4%  lr=3.84e-05    46s
2026-03-21 10:09:40,236 [INFO]   S2 Ep  18/100  loss=1.1551 acc=68.6%  val=85.4%  lr=3.82e-05    46s
2026-03-21 10:10:25,844 [INFO]   S2 Ep  19/100  loss=1.1533 acc=68.7%  val=85.7%  lr=3.79e-05    46s
2026-03-21 10:11:11,443 [INFO]   S2 Ep  20/100  loss=1.1556 acc=68.1%  val=86.0%  lr=3.76e-05    46s
2026-03-21 10:11:56,948 [INFO]   S2 Ep  21/100  loss=1.1669 acc=67.9%  val=86.1%  lr=3.73e-05    46s
2026-03-21 10:12:42,551 [INFO]   S2 Ep  22/100  loss=1.1462 acc=68.7%  val=86.1%  lr=3.69e-05    46s
2026-03-21 10:13:28,111 [INFO]   S2 Ep  23/100  loss=1.1540 acc=68.5%  val=85.8%  lr=3.66e-05    46s
2026-03-21 10:14:13,608 [INFO]   S2 Ep  24/100  loss=1.1234 acc=69.9%  val=85.1%  lr=3.62e-05    45s
2026-03-21 10:14:59,054 [INFO]   S2 Ep  25/100  loss=1.1279 acc=69.7%  val=85.5%  lr=3.58e-05    45s
2026-03-21 10:15:44,554 [INFO]   S2 Ep  26/100  loss=1.1519 acc=68.2%  val=86.3%  lr=3.54e-05    46s
2026-03-21 10:16:29,908 [INFO]   S2 Ep  27/100  loss=1.1489 acc=68.1%  val=86.6%  lr=3.49e-05    45s
2026-03-21 10:16:30,062 [INFO]   ★ best 86.64%
2026-03-21 10:17:15,524 [INFO]   S2 Ep  28/100  loss=1.1348 acc=69.3%  val=86.2%  lr=3.45e-05    45s
2026-03-21 10:18:00,956 [INFO]   S2 Ep  29/100  loss=1.1446 acc=68.0%  val=86.4%  lr=3.40e-05    45s
2026-03-21 10:18:46,429 [INFO]   S2 Ep  30/100  loss=1.1287 acc=69.0%  val=86.0%  lr=3.35e-05    45s
2026-03-21 10:19:31,926 [INFO]   S2 Ep  31/100  loss=1.1251 acc=69.2%  val=86.8%  lr=3.31e-05    45s
2026-03-21 10:19:32,061 [INFO]   ★ best 86.78%
2026-03-21 10:20:17,607 [INFO]   S2 Ep  32/100  loss=1.0912 acc=71.1%  val=87.0%  lr=3.25e-05    46s
2026-03-21 10:20:17,742 [INFO]   ★ best 87.05%
2026-03-21 10:21:03,266 [INFO]   S2 Ep  33/100  loss=1.1296 acc=68.9%  val=86.0%  lr=3.20e-05    46s
2026-03-21 10:21:48,925 [INFO]   S2 Ep  34/100  loss=1.0757 acc=71.9%  val=87.0%  lr=3.15e-05    46s
2026-03-21 10:22:34,432 [INFO]   S2 Ep  35/100  loss=1.1283 acc=68.8%  val=86.0%  lr=3.09e-05    46s
2026-03-21 10:23:20,030 [INFO]   S2 Ep  36/100  loss=1.1036 acc=70.2%  val=85.7%  lr=3.04e-05    46s
2026-03-21 10:24:05,620 [INFO]   S2 Ep  37/100  loss=1.1039 acc=70.4%  val=85.7%  lr=2.98e-05    46s
2026-03-21 10:24:51,210 [INFO]   S2 Ep  38/100  loss=1.0938 acc=70.7%  val=86.2%  lr=2.92e-05    46s
2026-03-21 10:25:36,670 [INFO]   S2 Ep  39/100  loss=1.0745 acc=71.6%  val=86.3%  lr=2.86e-05    45s
2026-03-21 10:26:22,214 [INFO]   S2 Ep  40/100  loss=1.1115 acc=70.2%  val=86.9%  lr=2.80e-05    46s
2026-03-21 10:27:07,676 [INFO]   S2 Ep  41/100  loss=1.0954 acc=70.5%  val=86.3%  lr=2.74e-05    45s
2026-03-21 10:27:53,140 [INFO]   S2 Ep  42/100  loss=1.0711 acc=71.6%  val=86.0%  lr=2.68e-05    45s
2026-03-21 10:28:38,669 [INFO]   S2 Ep  43/100  loss=1.1070 acc=70.5%  val=86.8%  lr=2.62e-05    46s
2026-03-21 10:29:24,255 [INFO]   S2 Ep  44/100  loss=1.0729 acc=71.9%  val=86.9%  lr=2.55e-05    46s
2026-03-21 10:30:09,778 [INFO]   S2 Ep  45/100  loss=1.0507 acc=72.6%  val=86.7%  lr=2.49e-05    46s
2026-03-21 10:30:55,342 [INFO]   S2 Ep  46/100  loss=1.0714 acc=71.4%  val=86.5%  lr=2.43e-05    46s
2026-03-21 10:31:40,952 [INFO]   S2 Ep  47/100  loss=1.0841 acc=70.8%  val=86.9%  lr=2.36e-05    46s
2026-03-21 10:32:26,654 [INFO]   S2 Ep  48/100  loss=1.0864 acc=70.5%  val=86.8%  lr=2.30e-05    46s
2026-03-21 10:33:12,211 [INFO]   S2 Ep  49/100  loss=1.0632 acc=71.9%  val=86.5%  lr=2.23e-05    46s
2026-03-21 10:33:57,799 [INFO]   S2 Ep  50/100  loss=1.0331 acc=73.1%  val=87.8%  lr=2.17e-05    46s
2026-03-21 10:33:57,954 [INFO]   ★ best 87.83%
2026-03-21 10:34:43,462 [INFO]   S2 Ep  51/100  loss=1.0979 acc=70.2%  val=87.0%  lr=2.10e-05    46s
2026-03-21 10:35:28,987 [INFO]   S2 Ep  52/100  loss=1.0634 acc=71.9%  val=86.3%  lr=2.03e-05    46s
2026-03-21 10:36:14,487 [INFO]   S2 Ep  53/100  loss=1.0421 acc=73.0%  val=87.0%  lr=1.97e-05    45s
2026-03-21 10:37:00,110 [INFO]   S2 Ep  54/100  loss=1.0401 acc=73.3%  val=86.9%  lr=1.90e-05    46s
2026-03-21 10:37:45,611 [INFO]   S2 Ep  55/100  loss=1.0659 acc=71.5%  val=87.4%  lr=1.83e-05    46s
2026-03-21 10:38:31,064 [INFO]   S2 Ep  56/100  loss=1.0754 acc=71.6%  val=87.7%  lr=1.77e-05    45s
2026-03-21 10:39:16,472 [INFO]   S2 Ep  57/100  loss=1.0564 acc=71.9%  val=87.8%  lr=1.70e-05    45s
2026-03-21 10:40:01,863 [INFO]   S2 Ep  58/100  loss=1.0202 acc=73.9%  val=87.7%  lr=1.64e-05    45s
2026-03-21 10:40:47,394 [INFO]   S2 Ep  59/100  loss=1.0598 acc=71.7%  val=86.8%  lr=1.57e-05    46s
2026-03-21 10:41:32,899 [INFO]   S2 Ep  60/100  loss=1.0506 acc=71.9%  val=87.4%  lr=1.51e-05    46s
2026-03-21 10:42:18,512 [INFO]   S2 Ep  61/100  loss=1.0323 acc=73.8%  val=87.4%  lr=1.45e-05    46s
2026-03-21 10:43:04,053 [INFO]   S2 Ep  62/100  loss=1.0234 acc=73.5%  val=87.5%  lr=1.38e-05    46s
2026-03-21 10:43:49,553 [INFO]   S2 Ep  63/100  loss=1.0395 acc=72.7%  val=87.5%  lr=1.32e-05    46s
2026-03-21 10:44:35,238 [INFO]   S2 Ep  64/100  loss=1.0377 acc=73.1%  val=87.1%  lr=1.26e-05    46s
2026-03-21 10:45:20,635 [INFO]   S2 Ep  65/100  loss=1.0350 acc=73.2%  val=87.3%  lr=1.20e-05    45s
2026-03-21 10:46:06,034 [INFO]   S2 Ep  66/100  loss=1.0422 acc=72.2%  val=87.5%  lr=1.14e-05    45s
2026-03-21 10:46:51,603 [INFO]   S2 Ep  67/100  loss=1.0686 acc=71.5%  val=87.3%  lr=1.08e-05    46s
2026-03-21 10:47:37,182 [INFO]   S2 Ep  68/100  loss=1.0435 acc=72.5%  val=87.5%  lr=1.02e-05    46s
2026-03-21 10:48:22,825 [INFO]   S2 Ep  69/100  loss=1.0611 acc=71.9%  val=87.7%  lr=9.62e-06    46s
2026-03-21 10:49:08,498 [INFO]   S2 Ep  70/100  loss=1.0539 acc=72.0%  val=87.5%  lr=9.06e-06    46s
2026-03-21 10:49:54,036 [INFO]   S2 Ep  71/100  loss=1.0425 acc=72.3%  val=87.9%  lr=8.51e-06    46s
2026-03-21 10:49:54,179 [INFO]   ★ best 87.93%
2026-03-21 10:50:39,809 [INFO]   S2 Ep  72/100  loss=1.0434 acc=72.5%  val=88.1%  lr=7.98e-06    46s
2026-03-21 10:50:39,960 [INFO]   ★ best 88.13%
2026-03-21 10:51:25,581 [INFO]   S2 Ep  73/100  loss=1.0257 acc=73.4%  val=87.8%  lr=7.46e-06    46s
2026-03-21 10:52:11,075 [INFO]   S2 Ep  74/100  loss=1.0352 acc=72.7%  val=87.9%  lr=6.95e-06    45s
2026-03-21 10:52:56,593 [INFO]   S2 Ep  75/100  loss=1.0212 acc=73.7%  val=87.9%  lr=6.45e-06    46s
2026-03-21 10:53:42,128 [INFO]   S2 Ep  76/100  loss=1.0423 acc=72.7%  val=87.7%  lr=5.98e-06    46s
2026-03-21 10:54:27,540 [INFO]   S2 Ep  77/100  loss=0.9823 acc=75.5%  val=87.7%  lr=5.51e-06    45s
2026-03-21 10:55:13,102 [INFO]   S2 Ep  78/100  loss=1.0401 acc=72.5%  val=88.1%  lr=5.06e-06    46s
2026-03-21 10:55:58,744 [INFO]   S2 Ep  79/100  loss=1.0328 acc=72.7%  val=88.1%  lr=4.63e-06    46s
2026-03-21 10:56:44,318 [INFO]   S2 Ep  80/100  loss=1.0237 acc=73.5%  val=87.9%  lr=4.22e-06    46s
2026-03-21 10:57:29,974 [INFO]   S2 Ep  81/100  loss=1.0273 acc=73.0%  val=88.0%  lr=3.82e-06    46s
2026-03-21 10:58:15,466 [INFO]   S2 Ep  82/100  loss=1.0146 acc=73.4%  val=88.1%  lr=3.44e-06    45s
2026-03-21 10:59:01,089 [INFO]   S2 Ep  83/100  loss=1.0273 acc=73.5%  val=87.9%  lr=3.08e-06    46s
2026-03-21 10:59:46,785 [INFO]   S2 Ep  84/100  loss=1.0227 acc=73.1%  val=88.1%  lr=2.74e-06    46s
2026-03-21 11:00:32,383 [INFO]   S2 Ep  85/100  loss=1.0176 acc=73.4%  val=88.0%  lr=2.41e-06    46s
2026-03-21 11:01:18,166 [INFO]   S2 Ep  86/100  loss=0.9878 acc=74.9%  val=88.1%  lr=2.11e-06    46s
2026-03-21 11:02:03,658 [INFO]   S2 Ep  87/100  loss=1.0223 acc=73.5%  val=88.0%  lr=1.82e-06    45s
2026-03-21 11:02:49,277 [INFO]   S2 Ep  88/100  loss=1.0158 acc=73.9%  val=88.1%  lr=1.56e-06    46s
2026-03-21 11:03:34,793 [INFO]   S2 Ep  89/100  loss=1.0242 acc=73.4%  val=88.0%  lr=1.31e-06    46s
2026-03-21 11:04:20,466 [INFO]   S2 Ep  90/100  loss=1.0419 acc=72.7%  val=88.0%  lr=1.08e-06    46s
2026-03-21 11:05:06,119 [INFO]   S2 Ep  91/100  loss=1.0485 acc=71.8%  val=88.1%  lr=8.80e-07    46s
2026-03-21 11:05:51,689 [INFO]   S2 Ep  92/100  loss=1.0353 acc=72.7%  val=88.2%  lr=6.97e-07    46s
2026-03-21 11:05:51,836 [INFO]   ★ best 88.17%
2026-03-21 11:06:37,436 [INFO]   S2 Ep  93/100  loss=1.0193 acc=73.2%  val=88.1%  lr=5.35e-07    46s
2026-03-21 11:07:23,051 [INFO]   S2 Ep  94/100  loss=1.0230 acc=72.9%  val=88.2%  lr=3.94e-07    46s
2026-03-21 11:07:23,186 [INFO]   ★ best 88.20%
2026-03-21 11:08:08,647 [INFO]   S2 Ep  95/100  loss=1.0431 acc=72.1%  val=88.1%  lr=2.74e-07    45s
2026-03-21 11:08:54,198 [INFO]   S2 Ep  96/100  loss=1.0082 acc=74.1%  val=88.1%  lr=1.76e-07    46s
2026-03-21 11:09:39,775 [INFO]   S2 Ep  97/100  loss=1.0158 acc=73.6%  val=88.1%  lr=9.98e-08    46s
2026-03-21 11:10:25,267 [INFO]   S2 Ep  98/100  loss=1.0142 acc=73.5%  val=88.1%  lr=4.52e-08    45s
2026-03-21 11:11:10,709 [INFO]   S2 Ep  99/100  loss=0.9874 acc=75.3%  val=88.1%  lr=1.25e-08    45s
2026-03-21 11:11:56,230 [INFO]   S2 Ep 100/100  loss=1.0419 acc=72.8%  val=88.1%  lr=1.60e-09    46s
2026-03-21 11:11:56,231 [INFO] ── Stage 3: SWA (15 ep, lr=4.0e-06) ──
2026-03-21 11:12:41,808 [INFO]   SWA Ep  1/15  loss=1.0400  swa_val=87.8%  45s
2026-03-21 11:13:27,220 [INFO]   SWA Ep  2/15  loss=1.0588  swa_val=88.1%  45s
2026-03-21 11:14:12,652 [INFO]   SWA Ep  3/15  loss=1.0500  swa_val=87.9%  45s
2026-03-21 11:14:58,067 [INFO]   SWA Ep  4/15  loss=1.0476  swa_val=88.1%  45s
2026-03-21 11:15:43,653 [INFO]   SWA Ep  5/15  loss=1.0543  swa_val=88.1%  46s
2026-03-21 11:16:29,158 [INFO]   SWA Ep  6/15  loss=1.0331  swa_val=88.2%  46s
2026-03-21 11:17:14,624 [INFO]   SWA Ep  7/15  loss=1.0170  swa_val=88.1%  45s
2026-03-21 11:18:00,083 [INFO]   SWA Ep  8/15  loss=0.9872  swa_val=88.0%  45s
2026-03-21 11:18:45,617 [INFO]   SWA Ep  9/15  loss=1.0270  swa_val=88.0%  46s
2026-03-21 11:19:31,171 [INFO]   SWA Ep 10/15  loss=1.0292  swa_val=88.1%  46s
2026-03-21 11:20:16,687 [INFO]   SWA Ep 11/15  loss=0.9975  swa_val=88.2%  46s
2026-03-21 11:21:02,235 [INFO]   SWA Ep 12/15  loss=0.9955  swa_val=88.2%  46s
2026-03-21 11:21:47,598 [INFO]   SWA Ep 13/15  loss=1.0041  swa_val=88.2%  45s
2026-03-21 11:22:32,944 [INFO]   SWA Ep 14/15  loss=1.0172  swa_val=88.3%  45s
2026-03-21 11:23:18,310 [INFO]   SWA Ep 15/15  loss=0.9816  swa_val=88.3%  45s
2026-03-21 11:23:18,311 [INFO]   Updating BN stats for SWA model …
2026-03-21 11:23:21,076 [INFO]   SWA final: 88.30% (regular best: 88.20%)
2026-03-21 11:23:21,220 [INFO]   ★ SWA beats regular! 88.30%
2026-03-21 11:23:21,220 [INFO]   Fold 1 best: 88.30%
2026-03-21 11:23:22,889 [INFO] ================================================================
2026-03-21 11:23:22,889 [INFO] FOLD 2 / 5
2026-03-21 11:23:22,889 [INFO] ================================================================
2026-03-21 11:23:22,892 [INFO]   Train: 11793 | Val: 2949
2026-03-21 11:23:23,110 [INFO] Loading pretrained weights from Hugging Face hub (timm/caformer_s18.sail_in22k_ft_in1k)
2026-03-21 11:23:23,342 [INFO] HTTP Request: HEAD https://huggingface.co/timm/caformer_s18.sail_in22k_ft_in1k/resolve/main/model.safetensors "HTTP/1.1 302 Found"
2026-03-21 11:23:23,344 [INFO] [timm/caformer_s18.sail_in22k_ft_in1k] Safe alternative available for 'pytorch_model.bin' (as 'model.safetensors'). Loading weights using safetensors.
2026-03-21 11:23:23,359 [INFO] Missing keys (head.fc.fc2.weight, head.fc.fc2.bias) discovered while loading pretrained weights. This is expected if model is being adapted.
2026-03-21 11:23:23,473 [INFO]   Born-again ← best_fold1.pt (val 89.15%)
2026-03-21 11:23:23,474 [INFO] ── Stage 1: head warmup (5 ep) ──
2026-03-21 11:23:41,144 [INFO]   S1 Ep 1/5  loss=1.4742 acc=51.9%  val=60.0%  18s
2026-03-21 11:23:41,287 [INFO]   ★ best 60.02%
2026-03-21 11:23:55,844 [INFO]   S1 Ep 2/5  loss=1.3463 acc=56.7%  val=62.7%  15s
2026-03-21 11:23:56,012 [INFO]   ★ best 62.73%
2026-03-21 11:24:10,529 [INFO]   S1 Ep 3/5  loss=1.3046 acc=58.1%  val=63.4%  15s
2026-03-21 11:24:10,693 [INFO]   ★ best 63.41%
2026-03-21 11:24:25,125 [INFO]   S1 Ep 4/5  loss=1.2639 acc=59.8%  val=63.8%  14s
2026-03-21 11:24:25,296 [INFO]   ★ best 63.82%
2026-03-21 11:24:39,806 [INFO]   S1 Ep 5/5  loss=1.2735 acc=58.9%  val=63.8%  15s
2026-03-21 11:24:39,807 [INFO] ── Stage 2: full fine-tune (100 ep, patience 30) ──
2026-03-21 11:24:39,808 [INFO] LLRD: 12 groups, LR [9.49e-06 … 4.00e-05]
2026-03-21 11:25:25,305 [INFO]   S2 Ep   1/100  loss=1.6083 acc=48.4%  val=77.9%  lr=5.27e-06    45s
2026-03-21 11:25:25,513 [INFO]   ★ best 77.89%
2026-03-21 11:26:10,868 [INFO]   S2 Ep   2/100  loss=1.3804 acc=58.8%  val=83.6%  lr=1.49e-05    45s
2026-03-21 11:26:11,047 [INFO]   ★ best 83.59%
2026-03-21 11:26:56,441 [INFO]   S2 Ep   3/100  loss=1.2511 acc=64.4%  val=84.7%  lr=2.67e-05    45s
2026-03-21 11:26:56,621 [INFO]   ★ best 84.74%
2026-03-21 11:27:42,183 [INFO]   S2 Ep   4/100  loss=1.2409 acc=64.3%  val=84.6%  lr=3.63e-05    46s
2026-03-21 11:28:27,691 [INFO]   S2 Ep   5/100  loss=1.1666 acc=67.5%  val=85.7%  lr=4.00e-05    46s
2026-03-21 11:28:27,859 [INFO]   ★ best 85.72%
2026-03-21 11:29:13,384 [INFO]   S2 Ep   6/100  loss=1.1791 acc=67.0%  val=84.7%  lr=4.00e-05    46s
2026-03-21 11:29:58,785 [INFO]   S2 Ep   7/100  loss=1.1974 acc=66.2%  val=85.8%  lr=4.00e-05    45s
2026-03-21 11:29:58,953 [INFO]   ★ best 85.79%
2026-03-21 11:30:44,421 [INFO]   S2 Ep   8/100  loss=1.1483 acc=68.7%  val=84.3%  lr=3.99e-05    45s
2026-03-21 11:31:29,752 [INFO]   S2 Ep   9/100  loss=1.1571 acc=67.7%  val=85.5%  lr=3.98e-05    45s
2026-03-21 11:32:15,118 [INFO]   S2 Ep  10/100  loss=1.2004 acc=65.9%  val=85.7%  lr=3.97e-05    45s
2026-03-21 11:33:00,603 [INFO]   S2 Ep  11/100  loss=1.1608 acc=67.5%  val=85.3%  lr=3.96e-05    45s
2026-03-21 11:33:46,135 [INFO]   S2 Ep  12/100  loss=1.1547 acc=67.8%  val=85.5%  lr=3.95e-05    46s
2026-03-21 11:34:31,579 [INFO]   S2 Ep  13/100  loss=1.1592 acc=67.2%  val=86.0%  lr=3.93e-05    45s
2026-03-21 11:34:31,783 [INFO]   ★ best 86.03%
2026-03-21 11:35:17,205 [INFO]   S2 Ep  14/100  loss=1.1315 acc=69.0%  val=86.1%  lr=3.91e-05    45s
2026-03-21 11:35:17,369 [INFO]   ★ best 86.06%
2026-03-21 11:36:02,731 [INFO]   S2 Ep  15/100  loss=1.1292 acc=69.0%  val=85.7%  lr=3.89e-05    45s
2026-03-21 11:36:48,157 [INFO]   S2 Ep  16/100  loss=1.1688 acc=67.5%  val=85.9%  lr=3.87e-05    45s
2026-03-21 11:37:33,439 [INFO]   S2 Ep  17/100  loss=1.1130 acc=70.3%  val=85.8%  lr=3.84e-05    45s
2026-03-21 11:38:18,828 [INFO]   S2 Ep  18/100  loss=1.0981 acc=70.3%  val=84.9%  lr=3.82e-05    45s
2026-03-21 11:39:04,270 [INFO]   S2 Ep  19/100  loss=1.1224 acc=69.1%  val=86.6%  lr=3.79e-05    45s
2026-03-21 11:39:04,442 [INFO]   ★ best 86.61%
2026-03-21 11:39:49,731 [INFO]   S2 Ep  20/100  loss=1.1414 acc=68.3%  val=85.5%  lr=3.76e-05    45s
2026-03-21 11:40:35,024 [INFO]   S2 Ep  21/100  loss=1.1283 acc=68.9%  val=85.9%  lr=3.73e-05    45s
2026-03-21 11:41:20,340 [INFO]   S2 Ep  22/100  loss=1.0953 acc=70.9%  val=85.7%  lr=3.69e-05    45s
2026-03-21 11:42:05,694 [INFO]   S2 Ep  23/100  loss=1.0877 acc=70.5%  val=86.0%  lr=3.66e-05    45s
2026-03-21 11:42:51,080 [INFO]   S2 Ep  24/100  loss=1.1171 acc=69.4%  val=85.9%  lr=3.62e-05    45s
2026-03-21 11:43:36,510 [INFO]   S2 Ep  25/100  loss=1.0798 acc=71.0%  val=85.4%  lr=3.58e-05    45s
2026-03-21 11:44:21,960 [INFO]   S2 Ep  26/100  loss=1.0925 acc=70.5%  val=86.1%  lr=3.54e-05    45s
2026-03-21 11:45:07,397 [INFO]   S2 Ep  27/100  loss=1.0975 acc=70.2%  val=86.2%  lr=3.49e-05    45s
2026-03-21 11:45:52,811 [INFO]   S2 Ep  28/100  loss=1.1002 acc=70.1%  val=85.9%  lr=3.45e-05    45s
2026-03-21 11:46:38,324 [INFO]   S2 Ep  29/100  loss=1.0838 acc=71.3%  val=86.4%  lr=3.40e-05    46s
2026-03-21 11:47:23,767 [INFO]   S2 Ep  30/100  loss=1.0791 acc=71.0%  val=85.7%  lr=3.35e-05    45s
2026-03-21 11:48:09,243 [INFO]   S2 Ep  31/100  loss=1.0677 acc=71.8%  val=86.6%  lr=3.31e-05    45s
2026-03-21 11:48:54,738 [INFO]   S2 Ep  32/100  loss=1.1124 acc=69.6%  val=85.1%  lr=3.25e-05    45s
2026-03-21 11:49:40,095 [INFO]   S2 Ep  33/100  loss=1.0902 acc=70.6%  val=86.2%  lr=3.20e-05    45s
2026-03-21 11:50:25,505 [INFO]   S2 Ep  34/100  loss=1.0806 acc=70.9%  val=86.1%  lr=3.15e-05    45s
2026-03-21 11:51:10,997 [INFO]   S2 Ep  35/100  loss=1.0517 acc=72.0%  val=86.1%  lr=3.09e-05    45s
2026-03-21 11:51:56,378 [INFO]   S2 Ep  36/100  loss=1.0624 acc=71.4%  val=85.8%  lr=3.04e-05    45s
2026-03-21 11:52:41,800 [INFO]   S2 Ep  37/100  loss=1.0750 acc=71.5%  val=86.0%  lr=2.98e-05    45s
2026-03-21 11:53:27,331 [INFO]   S2 Ep  38/100  loss=1.0726 acc=71.5%  val=86.7%  lr=2.92e-05    46s
2026-03-21 11:53:27,488 [INFO]   ★ best 86.71%
2026-03-21 11:54:12,839 [INFO]   S2 Ep  39/100  loss=1.0540 acc=72.2%  val=85.6%  lr=2.86e-05    45s
2026-03-21 11:54:58,241 [INFO]   S2 Ep  40/100  loss=1.0783 acc=70.9%  val=86.5%  lr=2.80e-05    45s
2026-03-21 11:55:43,636 [INFO]   S2 Ep  41/100  loss=1.0516 acc=72.0%  val=86.5%  lr=2.74e-05    45s
2026-03-21 11:56:29,109 [INFO]   S2 Ep  42/100  loss=1.0768 acc=71.3%  val=86.4%  lr=2.68e-05    45s
2026-03-21 11:57:14,474 [INFO]   S2 Ep  43/100  loss=1.0530 acc=71.8%  val=86.2%  lr=2.62e-05    45s
2026-03-21 11:57:59,947 [INFO]   S2 Ep  44/100  loss=1.0626 acc=70.9%  val=85.9%  lr=2.55e-05    45s
2026-03-21 11:58:45,340 [INFO]   S2 Ep  45/100  loss=1.0832 acc=70.6%  val=86.1%  lr=2.49e-05    45s
2026-03-21 11:59:30,893 [INFO]   S2 Ep  46/100  loss=1.0251 acc=72.8%  val=86.1%  lr=2.43e-05    46s
2026-03-21 12:00:16,338 [INFO]   S2 Ep  47/100  loss=1.0247 acc=73.3%  val=86.6%  lr=2.36e-05    45s
2026-03-21 12:01:01,720 [INFO]   S2 Ep  48/100  loss=1.0462 acc=72.5%  val=86.3%  lr=2.30e-05    45s
2026-03-21 12:01:47,234 [INFO]   S2 Ep  49/100  loss=1.0460 acc=72.1%  val=86.2%  lr=2.23e-05    46s
2026-03-21 12:02:32,557 [INFO]   S2 Ep  50/100  loss=1.0231 acc=73.7%  val=86.5%  lr=2.17e-05    45s
2026-03-21 12:03:17,895 [INFO]   S2 Ep  51/100  loss=1.0346 acc=72.9%  val=86.4%  lr=2.10e-05    45s
2026-03-21 12:04:03,271 [INFO]   S2 Ep  52/100  loss=1.0493 acc=71.8%  val=86.8%  lr=2.03e-05    45s
2026-03-21 12:04:03,439 [INFO]   ★ best 86.78%
2026-03-21 12:04:48,767 [INFO]   S2 Ep  53/100  loss=1.0365 acc=72.4%  val=86.7%  lr=1.97e-05    45s
2026-03-21 12:05:34,028 [INFO]   S2 Ep  54/100  loss=1.0427 acc=72.0%  val=86.4%  lr=1.90e-05    45s
2026-03-21 12:06:19,315 [INFO]   S2 Ep  55/100  loss=1.0625 acc=71.1%  val=86.8%  lr=1.83e-05    45s
2026-03-21 12:07:04,771 [INFO]   S2 Ep  56/100  loss=1.0294 acc=72.9%  val=86.9%  lr=1.77e-05    45s
2026-03-21 12:07:04,936 [INFO]   ★ best 86.94%
2026-03-21 12:07:50,366 [INFO]   S2 Ep  57/100  loss=1.0270 acc=73.2%  val=87.1%  lr=1.70e-05    45s
2026-03-21 12:07:50,541 [INFO]   ★ best 87.15%
2026-03-21 12:08:35,925 [INFO]   S2 Ep  58/100  loss=1.0302 acc=72.8%  val=87.2%  lr=1.64e-05    45s
2026-03-21 12:08:36,099 [INFO]   ★ best 87.22%
2026-03-21 12:09:21,526 [INFO]   S2 Ep  59/100  loss=1.0352 acc=72.4%  val=87.4%  lr=1.57e-05    45s
2026-03-21 12:09:21,690 [INFO]   ★ best 87.42%
2026-03-21 12:10:07,108 [INFO]   S2 Ep  60/100  loss=1.0401 acc=72.6%  val=87.0%  lr=1.51e-05    45s
2026-03-21 12:10:52,720 [INFO]   S2 Ep  61/100  loss=0.9802 acc=75.2%  val=88.0%  lr=1.45e-05    46s
2026-03-21 12:10:52,879 [INFO]   ★ best 87.96%
2026-03-21 12:11:38,294 [INFO]   S2 Ep  62/100  loss=1.0283 acc=72.8%  val=87.2%  lr=1.38e-05    45s
2026-03-21 12:12:23,715 [INFO]   S2 Ep  63/100  loss=1.0117 acc=73.8%  val=87.2%  lr=1.32e-05    45s
2026-03-21 12:13:09,203 [INFO]   S2 Ep  64/100  loss=0.9911 acc=74.5%  val=87.4%  lr=1.26e-05    45s
2026-03-21 12:13:54,622 [INFO]   S2 Ep  65/100  loss=0.9955 acc=74.3%  val=86.9%  lr=1.20e-05    45s
2026-03-21 12:14:40,093 [INFO]   S2 Ep  66/100  loss=1.0178 acc=73.2%  val=87.2%  lr=1.14e-05    45s
2026-03-21 12:15:25,507 [INFO]   S2 Ep  67/100  loss=0.9873 acc=74.9%  val=87.5%  lr=1.08e-05    45s
2026-03-21 12:16:10,925 [INFO]   S2 Ep  68/100  loss=1.0200 acc=72.8%  val=86.9%  lr=1.02e-05    45s
2026-03-21 12:16:56,258 [INFO]   S2 Ep  69/100  loss=1.0012 acc=73.9%  val=87.4%  lr=9.62e-06    45s
2026-03-21 12:17:41,723 [INFO]   S2 Ep  70/100  loss=1.0066 acc=73.9%  val=87.6%  lr=9.06e-06    45s
2026-03-21 12:18:27,136 [INFO]   S2 Ep  71/100  loss=1.0075 acc=73.9%  val=87.6%  lr=8.51e-06    45s
2026-03-21 12:19:12,586 [INFO]   S2 Ep  72/100  loss=0.9939 acc=73.7%  val=87.1%  lr=7.98e-06    45s
2026-03-21 12:19:58,004 [INFO]   S2 Ep  73/100  loss=1.0317 acc=72.1%  val=87.4%  lr=7.46e-06    45s
2026-03-21 12:20:43,433 [INFO]   S2 Ep  74/100  loss=1.0338 acc=71.8%  val=87.9%  lr=6.95e-06    45s
2026-03-21 12:21:28,884 [INFO]   S2 Ep  75/100  loss=0.9993 acc=73.6%  val=87.3%  lr=6.45e-06    45s
2026-03-21 12:22:14,367 [INFO]   S2 Ep  76/100  loss=1.0098 acc=73.6%  val=87.8%  lr=5.98e-06    45s
2026-03-21 12:22:59,868 [INFO]   S2 Ep  77/100  loss=0.9923 acc=74.7%  val=87.5%  lr=5.51e-06    46s
2026-03-21 12:23:45,334 [INFO]   S2 Ep  78/100  loss=0.9879 acc=74.7%  val=87.4%  lr=5.06e-06    45s
2026-03-21 12:24:30,651 [INFO]   S2 Ep  79/100  loss=0.9718 acc=75.7%  val=87.5%  lr=4.63e-06    45s
2026-03-21 12:25:16,098 [INFO]   S2 Ep  80/100  loss=1.0017 acc=73.2%  val=87.7%  lr=4.22e-06    45s
2026-03-21 12:26:01,533 [INFO]   S2 Ep  81/100  loss=0.9927 acc=74.0%  val=87.8%  lr=3.82e-06    45s
2026-03-21 12:26:46,871 [INFO]   S2 Ep  82/100  loss=0.9773 acc=75.4%  val=87.7%  lr=3.44e-06    45s
2026-03-21 12:27:32,009 [INFO]   S2 Ep  83/100  loss=1.0133 acc=73.1%  val=87.7%  lr=3.08e-06    45s
2026-03-21 12:28:17,313 [INFO]   S2 Ep  84/100  loss=0.9997 acc=73.5%  val=87.3%  lr=2.74e-06    45s
2026-03-21 12:29:02,647 [INFO]   S2 Ep  85/100  loss=1.0110 acc=73.4%  val=87.6%  lr=2.41e-06    45s
2026-03-21 12:29:48,030 [INFO]   S2 Ep  86/100  loss=1.0003 acc=73.9%  val=87.5%  lr=2.11e-06    45s
2026-03-21 12:30:33,265 [INFO]   S2 Ep  87/100  loss=0.9995 acc=73.9%  val=87.9%  lr=1.82e-06    45s
2026-03-21 12:31:18,597 [INFO]   S2 Ep  88/100  loss=1.0159 acc=73.4%  val=88.1%  lr=1.56e-06    45s
2026-03-21 12:31:18,765 [INFO]   ★ best 88.06%
2026-03-21 12:32:03,886 [INFO]   S2 Ep  89/100  loss=0.9797 acc=75.1%  val=87.9%  lr=1.31e-06    45s
2026-03-21 12:32:49,166 [INFO]   S2 Ep  90/100  loss=0.9815 acc=74.2%  val=87.8%  lr=1.08e-06    45s
2026-03-21 12:33:34,392 [INFO]   S2 Ep  91/100  loss=0.9781 acc=74.8%  val=87.6%  lr=8.80e-07    45s
2026-03-21 12:34:19,626 [INFO]   S2 Ep  92/100  loss=1.0022 acc=73.6%  val=87.7%  lr=6.97e-07    45s
2026-03-21 12:35:04,902 [INFO]   S2 Ep  93/100  loss=0.9792 acc=74.9%  val=87.6%  lr=5.35e-07    45s
2026-03-21 12:35:50,281 [INFO]   S2 Ep  94/100  loss=0.9817 acc=74.7%  val=87.7%  lr=3.94e-07    45s
2026-03-21 12:36:35,553 [INFO]   S2 Ep  95/100  loss=1.0122 acc=72.8%  val=87.7%  lr=2.74e-07    45s
2026-03-21 12:37:20,886 [INFO]   S2 Ep  96/100  loss=1.0036 acc=73.4%  val=87.7%  lr=1.76e-07    45s
2026-03-21 12:38:06,128 [INFO]   S2 Ep  97/100  loss=1.0061 acc=72.7%  val=87.8%  lr=9.98e-08    45s
2026-03-21 12:38:51,453 [INFO]   S2 Ep  98/100  loss=1.0041 acc=73.7%  val=87.9%  lr=4.52e-08    45s
2026-03-21 12:39:36,698 [INFO]   S2 Ep  99/100  loss=1.0014 acc=73.4%  val=87.9%  lr=1.25e-08    45s
2026-03-21 12:40:22,081 [INFO]   S2 Ep 100/100  loss=1.0162 acc=73.3%  val=87.9%  lr=1.60e-09    45s
2026-03-21 12:40:22,083 [INFO] ── Stage 3: SWA (15 ep, lr=4.0e-06) ──
2026-03-21 12:41:07,553 [INFO]   SWA Ep  1/15  loss=0.9780  swa_val=87.4%  45s
2026-03-21 12:41:52,910 [INFO]   SWA Ep  2/15  loss=0.9825  swa_val=87.6%  45s
2026-03-21 12:42:38,337 [INFO]   SWA Ep  3/15  loss=0.9838  swa_val=87.6%  45s
2026-03-21 12:43:23,700 [INFO]   SWA Ep  4/15  loss=0.9943  swa_val=87.6%  45s
2026-03-21 12:44:09,125 [INFO]   SWA Ep  5/15  loss=0.9970  swa_val=87.8%  45s
2026-03-21 12:44:54,585 [INFO]   SWA Ep  6/15  loss=1.0110  swa_val=87.8%  45s
2026-03-21 12:45:39,888 [INFO]   SWA Ep  7/15  loss=0.9822  swa_val=87.7%  45s
2026-03-21 12:46:25,259 [INFO]   SWA Ep  8/15  loss=0.9769  swa_val=87.7%  45s
2026-03-21 12:47:10,781 [INFO]   SWA Ep  9/15  loss=0.9840  swa_val=87.7%  46s
2026-03-21 12:47:56,110 [INFO]   SWA Ep 10/15  loss=1.0003  swa_val=87.8%  45s
2026-03-21 12:48:41,448 [INFO]   SWA Ep 11/15  loss=0.9865  swa_val=87.8%  45s
2026-03-21 12:49:26,819 [INFO]   SWA Ep 12/15  loss=1.0135  swa_val=87.8%  45s
2026-03-21 12:50:12,055 [INFO]   SWA Ep 13/15  loss=0.9747  swa_val=87.8%  45s
2026-03-21 12:50:57,398 [INFO]   SWA Ep 14/15  loss=1.0042  swa_val=87.8%  45s
2026-03-21 12:51:42,769 [INFO]   SWA Ep 15/15  loss=0.9547  swa_val=87.9%  45s
2026-03-21 12:51:42,769 [INFO]   Updating BN stats for SWA model …
2026-03-21 12:51:45,551 [INFO]   SWA final: 87.93% (regular best: 88.06%)
2026-03-21 12:51:45,551 [INFO]   Fold 2 best: 88.06%
2026-03-21 12:51:46,953 [INFO] ================================================================
2026-03-21 12:51:46,953 [INFO] FOLD 3 / 5
2026-03-21 12:51:46,954 [INFO] ================================================================
2026-03-21 12:51:46,956 [INFO]   Train: 11794 | Val: 2948
2026-03-21 12:51:47,178 [INFO] Loading pretrained weights from Hugging Face hub (timm/caformer_s18.sail_in22k_ft_in1k)
2026-03-21 12:51:47,290 [INFO] HTTP Request: HEAD https://huggingface.co/timm/caformer_s18.sail_in22k_ft_in1k/resolve/main/model.safetensors "HTTP/1.1 302 Found"
2026-03-21 12:51:47,290 [WARNING] Warning: You are sending unauthenticated requests to the HF Hub. Please set a HF_TOKEN to enable higher rate limits and faster downloads.
2026-03-21 12:51:47,291 [INFO] [timm/caformer_s18.sail_in22k_ft_in1k] Safe alternative available for 'pytorch_model.bin' (as 'model.safetensors'). Loading weights using safetensors.
2026-03-21 12:51:47,309 [INFO] Missing keys (head.fc.fc2.weight, head.fc.fc2.bias) discovered while loading pretrained weights. This is expected if model is being adapted.
2026-03-21 12:51:47,423 [INFO]   Born-again ← best_fold2.pt (val 90.50%)
2026-03-21 12:51:47,423 [INFO] ── Stage 1: head warmup (5 ep) ──
2026-03-21 12:52:14,636 [INFO]   S1 Ep 1/5  loss=1.4471 acc=52.4%  val=62.1%  27s
2026-03-21 12:52:14,757 [INFO]   ★ best 62.14%
2026-03-21 12:52:29,417 [INFO]   S1 Ep 2/5  loss=1.3425 acc=56.6%  val=64.6%  15s
2026-03-21 12:52:29,576 [INFO]   ★ best 64.55%
2026-03-21 12:52:44,272 [INFO]   S1 Ep 3/5  loss=1.2912 acc=58.9%  val=65.0%  15s
2026-03-21 12:52:44,459 [INFO]   ★ best 64.96%
2026-03-21 12:52:59,026 [INFO]   S1 Ep 4/5  loss=1.2706 acc=59.6%  val=65.8%  15s
2026-03-21 12:52:59,169 [INFO]   ★ best 65.84%
2026-03-21 12:53:13,675 [INFO]   S1 Ep 5/5  loss=1.2404 acc=60.8%  val=65.7%  15s
2026-03-21 12:53:13,675 [INFO] ── Stage 2: full fine-tune (100 ep, patience 30) ──
2026-03-21 12:53:13,676 [INFO] LLRD: 12 groups, LR [9.49e-06 … 4.00e-05]
2026-03-21 12:53:59,232 [INFO]   S2 Ep   1/100  loss=1.5991 acc=48.6%  val=81.1%  lr=5.27e-06    46s
2026-03-21 12:53:59,388 [INFO]   ★ best 81.11%
2026-03-21 12:54:44,840 [INFO]   S2 Ep   2/100  loss=1.3488 acc=60.5%  val=86.4%  lr=1.49e-05    45s
2026-03-21 12:54:44,987 [INFO]   ★ best 86.40%
2026-03-21 12:55:30,588 [INFO]   S2 Ep   3/100  loss=1.2773 acc=63.5%  val=87.1%  lr=2.67e-05    46s
2026-03-21 12:55:30,734 [INFO]   ★ best 87.11%
2026-03-21 12:56:16,051 [INFO]   S2 Ep   4/100  loss=1.2240 acc=64.9%  val=87.3%  lr=3.63e-05    45s
2026-03-21 12:56:16,195 [INFO]   ★ best 87.28%
2026-03-21 12:57:01,382 [INFO]   S2 Ep   5/100  loss=1.2029 acc=65.9%  val=87.2%  lr=4.00e-05    45s
2026-03-21 12:57:46,535 [INFO]   S2 Ep   6/100  loss=1.1776 acc=67.0%  val=87.2%  lr=4.00e-05    45s
2026-03-21 12:58:31,696 [INFO]   S2 Ep   7/100  loss=1.1642 acc=67.3%  val=88.2%  lr=4.00e-05    45s
2026-03-21 12:58:31,827 [INFO]   ★ best 88.20%
2026-03-21 12:59:17,188 [INFO]   S2 Ep   8/100  loss=1.1802 acc=66.6%  val=87.7%  lr=3.99e-05    45s
2026-03-21 13:00:02,585 [INFO]   S2 Ep   9/100  loss=1.1556 acc=68.5%  val=87.4%  lr=3.98e-05    45s
2026-03-21 13:00:47,918 [INFO]   S2 Ep  10/100  loss=1.1503 acc=68.3%  val=87.7%  lr=3.97e-05    45s
2026-03-21 13:01:33,300 [INFO]   S2 Ep  11/100  loss=1.1911 acc=65.9%  val=87.9%  lr=3.96e-05    45s
2026-03-21 13:02:18,659 [INFO]   S2 Ep  12/100  loss=1.1574 acc=67.9%  val=87.5%  lr=3.95e-05    45s
2026-03-21 13:03:04,054 [INFO]   S2 Ep  13/100  loss=1.1229 acc=69.9%  val=87.7%  lr=3.93e-05    45s
2026-03-21 13:03:49,109 [INFO]   S2 Ep  14/100  loss=1.1220 acc=69.6%  val=87.8%  lr=3.91e-05    45s
2026-03-21 13:04:34,245 [INFO]   S2 Ep  15/100  loss=1.0873 acc=70.9%  val=88.6%  lr=3.89e-05    45s
2026-03-21 13:04:34,380 [INFO]   ★ best 88.60%
2026-03-21 13:05:19,516 [INFO]   S2 Ep  16/100  loss=1.1475 acc=68.6%  val=88.3%  lr=3.87e-05    45s
2026-03-21 13:06:04,803 [INFO]   S2 Ep  17/100  loss=1.1029 acc=70.3%  val=88.5%  lr=3.84e-05    45s
2026-03-21 13:06:49,840 [INFO]   S2 Ep  18/100  loss=1.1066 acc=70.2%  val=88.0%  lr=3.82e-05    45s
2026-03-21 13:07:34,964 [INFO]   S2 Ep  19/100  loss=1.1172 acc=69.2%  val=88.1%  lr=3.79e-05    45s
2026-03-21 13:08:20,158 [INFO]   S2 Ep  20/100  loss=1.1201 acc=69.2%  val=88.5%  lr=3.76e-05    45s
2026-03-21 13:09:05,288 [INFO]   S2 Ep  21/100  loss=1.1073 acc=69.8%  val=88.2%  lr=3.73e-05    45s
2026-03-21 13:09:50,408 [INFO]   S2 Ep  22/100  loss=1.1211 acc=69.2%  val=87.6%  lr=3.69e-05    45s
2026-03-21 13:10:35,909 [INFO]   S2 Ep  23/100  loss=1.1433 acc=67.9%  val=88.2%  lr=3.66e-05    46s
2026-03-21 13:11:21,597 [INFO]   S2 Ep  24/100  loss=1.0965 acc=70.5%  val=87.8%  lr=3.62e-05    46s
2026-03-21 13:12:08,103 [INFO]   S2 Ep  25/100  loss=1.1174 acc=69.9%  val=88.0%  lr=3.58e-05    47s
2026-03-21 13:12:54,010 [INFO]   S2 Ep  26/100  loss=1.1017 acc=70.1%  val=87.5%  lr=3.54e-05    46s
2026-03-21 13:13:40,207 [INFO]   S2 Ep  27/100  loss=1.0992 acc=70.0%  val=88.1%  lr=3.49e-05    46s
2026-03-21 13:14:25,453 [INFO]   S2 Ep  28/100  loss=1.0767 acc=71.0%  val=88.0%  lr=3.45e-05    45s
2026-03-21 13:15:10,729 [INFO]   S2 Ep  29/100  loss=1.0914 acc=70.8%  val=88.0%  lr=3.40e-05    45s
2026-03-21 13:15:56,048 [INFO]   S2 Ep  30/100  loss=1.0824 acc=70.7%  val=88.0%  lr=3.35e-05    45s
2026-03-21 13:16:41,335 [INFO]   S2 Ep  31/100  loss=1.0741 acc=71.7%  val=88.7%  lr=3.31e-05    45s
2026-03-21 13:16:41,484 [INFO]   ★ best 88.70%
2026-03-21 13:17:26,841 [INFO]   S2 Ep  32/100  loss=1.0700 acc=71.3%  val=88.3%  lr=3.25e-05    45s
2026-03-21 13:18:12,128 [INFO]   S2 Ep  33/100  loss=1.0716 acc=71.2%  val=87.8%  lr=3.20e-05    45s
2026-03-21 13:18:57,392 [INFO]   S2 Ep  34/100  loss=1.0667 acc=71.2%  val=88.2%  lr=3.15e-05    45s
2026-03-21 13:19:42,645 [INFO]   S2 Ep  35/100  loss=1.0740 acc=71.4%  val=87.3%  lr=3.09e-05    45s
2026-03-21 13:20:27,818 [INFO]   S2 Ep  36/100  loss=1.0724 acc=71.2%  val=87.4%  lr=3.04e-05    45s
2026-03-21 13:21:13,053 [INFO]   S2 Ep  37/100  loss=1.0433 acc=72.2%  val=87.9%  lr=2.98e-05    45s
2026-03-21 13:21:58,150 [INFO]   S2 Ep  38/100  loss=1.0768 acc=71.4%  val=87.8%  lr=2.92e-05    45s
2026-03-21 13:22:43,332 [INFO]   S2 Ep  39/100  loss=1.0525 acc=72.8%  val=88.6%  lr=2.86e-05    45s
2026-03-21 13:23:28,437 [INFO]   S2 Ep  40/100  loss=1.0547 acc=72.1%  val=87.9%  lr=2.80e-05    45s
2026-03-21 13:24:13,485 [INFO]   S2 Ep  41/100  loss=1.0303 acc=72.9%  val=87.8%  lr=2.74e-05    45s
2026-03-21 13:24:58,553 [INFO]   S2 Ep  42/100  loss=1.0721 acc=70.8%  val=87.8%  lr=2.68e-05    45s
2026-03-21 13:25:43,602 [INFO]   S2 Ep  43/100  loss=1.0432 acc=72.3%  val=88.6%  lr=2.62e-05    45s
2026-03-21 13:26:28,610 [INFO]   S2 Ep  44/100  loss=1.0487 acc=72.1%  val=88.5%  lr=2.55e-05    45s
2026-03-21 13:27:13,667 [INFO]   S2 Ep  45/100  loss=1.0643 acc=71.7%  val=89.3%  lr=2.49e-05    45s
2026-03-21 13:27:13,812 [INFO]   ★ best 89.28%
2026-03-21 13:27:58,997 [INFO]   S2 Ep  46/100  loss=1.0359 acc=72.9%  val=88.8%  lr=2.43e-05    45s
2026-03-21 13:28:44,044 [INFO]   S2 Ep  47/100  loss=1.0424 acc=73.2%  val=88.1%  lr=2.36e-05    45s
2026-03-21 13:29:29,108 [INFO]   S2 Ep  48/100  loss=1.0567 acc=71.9%  val=88.4%  lr=2.30e-05    45s
2026-03-21 13:30:14,152 [INFO]   S2 Ep  49/100  loss=1.0528 acc=71.6%  val=88.8%  lr=2.23e-05    45s
2026-03-21 13:30:59,327 [INFO]   S2 Ep  50/100  loss=1.0206 acc=72.8%  val=88.8%  lr=2.17e-05    45s
2026-03-21 13:31:44,634 [INFO]   S2 Ep  51/100  loss=1.0656 acc=71.0%  val=89.0%  lr=2.10e-05    45s
2026-03-21 13:32:29,949 [INFO]   S2 Ep  52/100  loss=1.0313 acc=72.5%  val=89.3%  lr=2.03e-05    45s
2026-03-21 13:33:15,252 [INFO]   S2 Ep  53/100  loss=1.0194 acc=73.9%  val=88.5%  lr=1.97e-05    45s
2026-03-21 13:34:00,412 [INFO]   S2 Ep  54/100  loss=1.0376 acc=72.7%  val=89.1%  lr=1.90e-05    45s
2026-03-21 13:34:45,732 [INFO]   S2 Ep  55/100  loss=1.0482 acc=71.7%  val=89.1%  lr=1.83e-05    45s
2026-03-21 13:35:31,089 [INFO]   S2 Ep  56/100  loss=1.0028 acc=74.8%  val=88.8%  lr=1.77e-05    45s
2026-03-21 13:36:16,437 [INFO]   S2 Ep  57/100  loss=1.0182 acc=72.8%  val=89.3%  lr=1.70e-05    45s
2026-03-21 13:37:01,759 [INFO]   S2 Ep  58/100  loss=1.0263 acc=72.7%  val=88.7%  lr=1.64e-05    45s
2026-03-21 13:37:47,206 [INFO]   S2 Ep  59/100  loss=1.0141 acc=73.4%  val=89.6%  lr=1.57e-05    45s
2026-03-21 13:37:47,350 [INFO]   ★ best 89.62%
2026-03-21 13:38:32,715 [INFO]   S2 Ep  60/100  loss=1.0626 acc=71.2%  val=88.9%  lr=1.51e-05    45s
2026-03-21 13:39:18,101 [INFO]   S2 Ep  61/100  loss=1.0099 acc=73.3%  val=88.8%  lr=1.45e-05    45s
2026-03-21 13:40:04,445 [INFO]   S2 Ep  62/100  loss=1.0095 acc=73.5%  val=88.7%  lr=1.38e-05    46s
2026-03-21 13:40:49,795 [INFO]   S2 Ep  63/100  loss=1.0009 acc=73.8%  val=88.9%  lr=1.32e-05    45s
2026-03-21 13:41:35,128 [INFO]   S2 Ep  64/100  loss=1.0179 acc=73.3%  val=89.0%  lr=1.26e-05    45s
2026-03-21 13:42:20,724 [INFO]   S2 Ep  65/100  loss=1.0050 acc=73.9%  val=89.3%  lr=1.20e-05    46s
2026-03-21 13:43:06,180 [INFO]   S2 Ep  66/100  loss=1.0112 acc=73.3%  val=89.6%  lr=1.14e-05    45s
2026-03-21 13:43:51,722 [INFO]   S2 Ep  67/100  loss=0.9953 acc=73.7%  val=89.3%  lr=1.08e-05    46s
2026-03-21 13:44:37,131 [INFO]   S2 Ep  68/100  loss=1.0152 acc=73.2%  val=89.2%  lr=1.02e-05    45s
2026-03-21 13:45:22,554 [INFO]   S2 Ep  69/100  loss=0.9859 acc=74.7%  val=89.2%  lr=9.62e-06    45s
2026-03-21 13:46:08,029 [INFO]   S2 Ep  70/100  loss=1.0151 acc=72.7%  val=89.1%  lr=9.06e-06    45s
2026-03-21 13:46:53,333 [INFO]   S2 Ep  71/100  loss=0.9998 acc=74.1%  val=89.2%  lr=8.51e-06    45s
2026-03-21 13:47:38,956 [INFO]   S2 Ep  72/100  loss=1.0052 acc=73.9%  val=89.1%  lr=7.98e-06    46s
2026-03-21 13:48:24,483 [INFO]   S2 Ep  73/100  loss=0.9872 acc=74.8%  val=89.7%  lr=7.46e-06    46s
2026-03-21 13:48:24,641 [INFO]   ★ best 89.65%
2026-03-21 13:49:10,060 [INFO]   S2 Ep  74/100  loss=0.9848 acc=74.6%  val=89.5%  lr=6.95e-06    45s
2026-03-21 13:49:55,468 [INFO]   S2 Ep  75/100  loss=0.9806 acc=75.2%  val=89.6%  lr=6.45e-06    45s
2026-03-21 13:50:40,866 [INFO]   S2 Ep  76/100  loss=1.0048 acc=73.7%  val=89.7%  lr=5.98e-06    45s
2026-03-21 13:51:26,209 [INFO]   S2 Ep  77/100  loss=1.0008 acc=74.3%  val=90.0%  lr=5.51e-06    45s
2026-03-21 13:51:26,372 [INFO]   ★ best 90.03%
2026-03-21 13:52:11,798 [INFO]   S2 Ep  78/100  loss=0.9818 acc=74.6%  val=89.7%  lr=5.06e-06    45s
2026-03-21 13:52:57,182 [INFO]   S2 Ep  79/100  loss=1.0128 acc=72.7%  val=89.6%  lr=4.63e-06    45s
2026-03-21 13:53:42,621 [INFO]   S2 Ep  80/100  loss=0.9911 acc=74.0%  val=89.7%  lr=4.22e-06    45s
2026-03-21 13:54:28,099 [INFO]   S2 Ep  81/100  loss=0.9924 acc=74.0%  val=89.6%  lr=3.82e-06    45s
2026-03-21 13:55:13,544 [INFO]   S2 Ep  82/100  loss=0.9903 acc=74.2%  val=89.7%  lr=3.44e-06    45s
2026-03-21 13:55:58,971 [INFO]   S2 Ep  83/100  loss=1.0038 acc=73.4%  val=89.8%  lr=3.08e-06    45s
2026-03-21 13:56:44,460 [INFO]   S2 Ep  84/100  loss=0.9721 acc=75.7%  val=89.7%  lr=2.74e-06    45s
2026-03-21 13:57:29,881 [INFO]   S2 Ep  85/100  loss=0.9958 acc=73.8%  val=89.8%  lr=2.41e-06    45s
2026-03-21 13:58:15,298 [INFO]   S2 Ep  86/100  loss=0.9995 acc=74.0%  val=89.7%  lr=2.11e-06    45s
2026-03-21 13:59:00,750 [INFO]   S2 Ep  87/100  loss=1.0101 acc=73.1%  val=89.8%  lr=1.82e-06    45s
2026-03-21 13:59:46,135 [INFO]   S2 Ep  88/100  loss=1.0277 acc=72.4%  val=89.9%  lr=1.56e-06    45s
2026-03-21 14:00:31,409 [INFO]   S2 Ep  89/100  loss=0.9696 acc=75.2%  val=90.0%  lr=1.31e-06    45s
2026-03-21 14:01:16,838 [INFO]   S2 Ep  90/100  loss=0.9865 acc=75.2%  val=89.8%  lr=1.08e-06    45s
2026-03-21 14:02:02,157 [INFO]   S2 Ep  91/100  loss=1.0142 acc=73.8%  val=89.8%  lr=8.80e-07    45s
2026-03-21 14:02:47,510 [INFO]   S2 Ep  92/100  loss=0.9999 acc=73.2%  val=89.9%  lr=6.97e-07    45s
2026-03-21 14:03:32,773 [INFO]   S2 Ep  93/100  loss=0.9600 acc=75.8%  val=89.9%  lr=5.35e-07    45s
2026-03-21 14:04:18,517 [INFO]   S2 Ep  94/100  loss=1.0090 acc=73.0%  val=89.9%  lr=3.94e-07    46s
2026-03-21 14:05:03,761 [INFO]   S2 Ep  95/100  loss=0.9795 acc=74.8%  val=89.9%  lr=2.74e-07    45s
2026-03-21 14:05:49,022 [INFO]   S2 Ep  96/100  loss=0.9951 acc=74.1%  val=90.0%  lr=1.76e-07    45s
2026-03-21 14:06:34,355 [INFO]   S2 Ep  97/100  loss=0.9820 acc=74.6%  val=90.0%  lr=9.98e-08    45s
2026-03-21 14:07:19,518 [INFO]   S2 Ep  98/100  loss=0.9945 acc=73.9%  val=89.9%  lr=4.52e-08    45s
2026-03-21 14:08:04,815 [INFO]   S2 Ep  99/100  loss=1.0159 acc=72.8%  val=90.0%  lr=1.25e-08    45s
2026-03-21 14:08:50,017 [INFO]   S2 Ep 100/100  loss=1.0110 acc=73.3%  val=90.0%  lr=1.60e-09    45s
2026-03-21 14:08:50,019 [INFO] ── Stage 3: SWA (15 ep, lr=4.0e-06) ──
2026-03-21 14:09:35,407 [INFO]   SWA Ep  1/15  loss=0.9601  swa_val=89.2%  45s
2026-03-21 14:10:20,649 [INFO]   SWA Ep  2/15  loss=0.9913  swa_val=89.6%  45s
2026-03-21 14:11:05,883 [INFO]   SWA Ep  3/15  loss=0.9820  swa_val=89.6%  45s
2026-03-21 14:11:51,173 [INFO]   SWA Ep  4/15  loss=0.9925  swa_val=89.8%  45s
2026-03-21 14:12:36,485 [INFO]   SWA Ep  5/15  loss=1.0023  swa_val=89.7%  45s
2026-03-21 14:13:21,740 [INFO]   SWA Ep  6/15  loss=0.9897  swa_val=89.7%  45s
2026-03-21 14:14:07,016 [INFO]   SWA Ep  7/15  loss=1.0411  swa_val=89.7%  45s
2026-03-21 14:14:52,346 [INFO]   SWA Ep  8/15  loss=1.0008  swa_val=89.7%  45s
2026-03-21 14:15:37,564 [INFO]   SWA Ep  9/15  loss=0.9782  swa_val=89.8%  45s
2026-03-21 14:16:22,818 [INFO]   SWA Ep 10/15  loss=0.9765  swa_val=89.8%  45s
2026-03-21 14:17:08,079 [INFO]   SWA Ep 11/15  loss=1.0067  swa_val=89.8%  45s
2026-03-21 14:17:53,414 [INFO]   SWA Ep 12/15  loss=1.0025  swa_val=89.8%  45s
2026-03-21 14:18:38,617 [INFO]   SWA Ep 13/15  loss=1.0026  swa_val=90.0%  45s
2026-03-21 14:19:23,910 [INFO]   SWA Ep 14/15  loss=0.9951  swa_val=90.0%  45s
2026-03-21 14:20:09,174 [INFO]   SWA Ep 15/15  loss=1.0077  swa_val=90.0%  45s
2026-03-21 14:20:09,174 [INFO]   Updating BN stats for SWA model …
2026-03-21 14:20:11,924 [INFO]   SWA final: 90.03% (regular best: 90.03%)
2026-03-21 14:20:11,939 [INFO]   Fold 3 best: 90.03%
2026-03-21 14:20:14,165 [INFO] ================================================================
2026-03-21 14:20:14,165 [INFO] FOLD 4 / 5
2026-03-21 14:20:14,165 [INFO] ================================================================
2026-03-21 14:20:14,168 [INFO]   Train: 11794 | Val: 2948
2026-03-21 14:20:14,395 [INFO] Loading pretrained weights from Hugging Face hub (timm/caformer_s18.sail_in22k_ft_in1k)
2026-03-21 14:20:19,563 [INFO] HTTP Request: HEAD https://huggingface.co/timm/caformer_s18.sail_in22k_ft_in1k/resolve/main/model.safetensors "HTTP/1.1 302 Found"
2026-03-21 14:20:19,564 [INFO] [timm/caformer_s18.sail_in22k_ft_in1k] Safe alternative available for 'pytorch_model.bin' (as 'model.safetensors'). Loading weights using safetensors.
2026-03-21 14:20:19,580 [INFO] Missing keys (head.fc.fc2.weight, head.fc.fc2.bias) discovered while loading pretrained weights. This is expected if model is being adapted.
2026-03-21 14:20:19,691 [INFO]   Born-again ← best_fold3.pt (val 89.28%)
2026-03-21 14:20:19,692 [INFO] ── Stage 1: head warmup (5 ep) ──
2026-03-21 14:20:37,442 [INFO]   S1 Ep 1/5  loss=1.4512 acc=52.0%  val=60.1%  18s
2026-03-21 14:20:37,571 [INFO]   ★ best 60.11%
2026-03-21 14:20:52,015 [INFO]   S1 Ep 2/5  loss=1.3389 acc=56.0%  val=64.3%  14s
2026-03-21 14:20:52,142 [INFO]   ★ best 64.28%
2026-03-21 14:21:06,603 [INFO]   S1 Ep 3/5  loss=1.2894 acc=58.5%  val=65.1%  14s
2026-03-21 14:21:06,737 [INFO]   ★ best 65.09%
2026-03-21 14:21:21,278 [INFO]   S1 Ep 4/5  loss=1.2758 acc=59.0%  val=65.9%  15s
2026-03-21 14:21:21,419 [INFO]   ★ best 65.88%
2026-03-21 14:21:35,920 [INFO]   S1 Ep 5/5  loss=1.2531 acc=59.8%  val=65.8%  15s
2026-03-21 14:21:35,920 [INFO] ── Stage 2: full fine-tune (100 ep, patience 30) ──
2026-03-21 14:21:35,921 [INFO] LLRD: 12 groups, LR [9.49e-06 … 4.00e-05]
2026-03-21 14:22:21,260 [INFO]   S2 Ep   1/100  loss=1.6340 acc=47.1%  val=78.5%  lr=5.27e-06    45s
2026-03-21 14:22:21,407 [INFO]   ★ best 78.53%
2026-03-21 14:23:06,666 [INFO]   S2 Ep   2/100  loss=1.3710 acc=59.3%  val=84.5%  lr=1.49e-05    45s
2026-03-21 14:23:06,806 [INFO]   ★ best 84.50%
2026-03-21 14:23:52,085 [INFO]   S2 Ep   3/100  loss=1.3339 acc=60.7%  val=85.5%  lr=2.67e-05    45s
2026-03-21 14:23:52,230 [INFO]   ★ best 85.55%
2026-03-21 14:24:37,580 [INFO]   S2 Ep   4/100  loss=1.2742 acc=63.3%  val=85.2%  lr=3.63e-05    45s
2026-03-21 14:25:22,911 [INFO]   S2 Ep   5/100  loss=1.2630 acc=63.8%  val=85.9%  lr=4.00e-05    45s
2026-03-21 14:25:23,052 [INFO]   ★ best 85.85%
2026-03-21 14:26:08,400 [INFO]   S2 Ep   6/100  loss=1.2170 acc=65.8%  val=86.7%  lr=4.00e-05    45s
2026-03-21 14:26:08,533 [INFO]   ★ best 86.67%
2026-03-21 14:26:53,800 [INFO]   S2 Ep   7/100  loss=1.2554 acc=63.8%  val=85.8%  lr=4.00e-05    45s
2026-03-21 14:27:39,097 [INFO]   S2 Ep   8/100  loss=1.1982 acc=66.5%  val=85.4%  lr=3.99e-05    45s
2026-03-21 14:28:24,483 [INFO]   S2 Ep   9/100  loss=1.2345 acc=65.0%  val=86.1%  lr=3.98e-05    45s
2026-03-21 14:29:09,766 [INFO]   S2 Ep  10/100  loss=1.2304 acc=64.8%  val=86.2%  lr=3.97e-05    45s
2026-03-21 14:29:55,094 [INFO]   S2 Ep  11/100  loss=1.2062 acc=66.4%  val=87.3%  lr=3.96e-05    45s
2026-03-21 14:29:55,246 [INFO]   ★ best 87.31%
2026-03-21 14:30:40,530 [INFO]   S2 Ep  12/100  loss=1.1619 acc=68.1%  val=86.3%  lr=3.95e-05    45s
2026-03-21 14:31:25,861 [INFO]   S2 Ep  13/100  loss=1.2201 acc=65.4%  val=86.5%  lr=3.93e-05    45s
2026-03-21 14:32:11,384 [INFO]   S2 Ep  14/100  loss=1.2001 acc=66.3%  val=86.3%  lr=3.91e-05    46s
2026-03-21 14:32:56,838 [INFO]   S2 Ep  15/100  loss=1.1619 acc=68.0%  val=86.9%  lr=3.89e-05    45s
2026-03-21 14:33:42,286 [INFO]   S2 Ep  16/100  loss=1.1932 acc=66.1%  val=87.8%  lr=3.87e-05    45s
2026-03-21 14:33:42,451 [INFO]   ★ best 87.79%
2026-03-21 14:34:27,810 [INFO]   S2 Ep  17/100  loss=1.1437 acc=68.8%  val=87.3%  lr=3.84e-05    45s
2026-03-21 14:35:13,022 [INFO]   S2 Ep  18/100  loss=1.1798 acc=67.1%  val=87.4%  lr=3.82e-05    45s
2026-03-21 14:35:58,379 [INFO]   S2 Ep  19/100  loss=1.1396 acc=69.4%  val=87.0%  lr=3.79e-05    45s
2026-03-21 14:36:43,741 [INFO]   S2 Ep  20/100  loss=1.1570 acc=68.3%  val=87.0%  lr=3.76e-05    45s
2026-03-21 14:37:29,109 [INFO]   S2 Ep  21/100  loss=1.1568 acc=68.2%  val=86.6%  lr=3.73e-05    45s
2026-03-21 14:38:14,395 [INFO]   S2 Ep  22/100  loss=1.1615 acc=68.1%  val=87.0%  lr=3.69e-05    45s
2026-03-21 14:38:59,740 [INFO]   S2 Ep  23/100  loss=1.1701 acc=67.5%  val=86.7%  lr=3.66e-05    45s
2026-03-21 14:39:44,980 [INFO]   S2 Ep  24/100  loss=1.1357 acc=68.6%  val=87.0%  lr=3.62e-05    45s
2026-03-21 14:40:30,377 [INFO]   S2 Ep  25/100  loss=1.1418 acc=69.2%  val=86.7%  lr=3.58e-05    45s
2026-03-21 14:41:15,694 [INFO]   S2 Ep  26/100  loss=1.1306 acc=69.1%  val=87.0%  lr=3.54e-05    45s
2026-03-21 14:42:01,083 [INFO]   S2 Ep  27/100  loss=1.1151 acc=69.8%  val=87.1%  lr=3.49e-05    45s
2026-03-21 14:42:46,478 [INFO]   S2 Ep  28/100  loss=1.1235 acc=69.4%  val=87.4%  lr=3.45e-05    45s
2026-03-21 14:43:31,814 [INFO]   S2 Ep  29/100  loss=1.1160 acc=69.9%  val=87.7%  lr=3.40e-05    45s
2026-03-21 14:44:17,118 [INFO]   S2 Ep  30/100  loss=1.1173 acc=69.7%  val=87.1%  lr=3.35e-05    45s
2026-03-21 14:45:02,460 [INFO]   S2 Ep  31/100  loss=1.1075 acc=70.1%  val=88.0%  lr=3.31e-05    45s
2026-03-21 14:45:02,606 [INFO]   ★ best 87.96%
2026-03-21 14:45:47,973 [INFO]   S2 Ep  32/100  loss=1.1192 acc=69.7%  val=87.4%  lr=3.25e-05    45s
2026-03-21 14:46:33,307 [INFO]   S2 Ep  33/100  loss=1.1473 acc=68.4%  val=86.9%  lr=3.20e-05    45s
2026-03-21 14:47:18,700 [INFO]   S2 Ep  34/100  loss=1.1251 acc=69.4%  val=87.6%  lr=3.15e-05    45s
2026-03-21 14:48:04,043 [INFO]   S2 Ep  35/100  loss=1.1313 acc=68.7%  val=88.0%  lr=3.09e-05    45s
2026-03-21 14:48:04,190 [INFO]   ★ best 88.03%
2026-03-21 14:48:49,615 [INFO]   S2 Ep  36/100  loss=1.0941 acc=70.9%  val=87.6%  lr=3.04e-05    45s
2026-03-21 14:49:34,828 [INFO]   S2 Ep  37/100  loss=1.1388 acc=68.7%  val=86.8%  lr=2.98e-05    45s
2026-03-21 14:50:20,082 [INFO]   S2 Ep  38/100  loss=1.0943 acc=70.4%  val=87.5%  lr=2.92e-05    45s
2026-03-21 14:51:05,452 [INFO]   S2 Ep  39/100  loss=1.1226 acc=69.9%  val=87.2%  lr=2.86e-05    45s
2026-03-21 14:51:50,936 [INFO]   S2 Ep  40/100  loss=1.0696 acc=72.3%  val=86.9%  lr=2.80e-05    45s
2026-03-21 14:52:36,249 [INFO]   S2 Ep  41/100  loss=1.0830 acc=71.2%  val=87.0%  lr=2.74e-05    45s
2026-03-21 14:53:21,588 [INFO]   S2 Ep  42/100  loss=1.0584 acc=72.2%  val=87.0%  lr=2.68e-05    45s
2026-03-21 14:54:06,927 [INFO]   S2 Ep  43/100  loss=1.1040 acc=70.0%  val=87.4%  lr=2.62e-05    45s
2026-03-21 14:54:52,233 [INFO]   S2 Ep  44/100  loss=1.1176 acc=69.8%  val=87.5%  lr=2.55e-05    45s
2026-03-21 14:55:37,648 [INFO]   S2 Ep  45/100  loss=1.0742 acc=71.9%  val=87.5%  lr=2.49e-05    45s
2026-03-21 14:56:22,963 [INFO]   S2 Ep  46/100  loss=1.0684 acc=72.5%  val=87.8%  lr=2.43e-05    45s
2026-03-21 14:57:08,293 [INFO]   S2 Ep  47/100  loss=1.0848 acc=71.3%  val=87.3%  lr=2.36e-05    45s
2026-03-21 14:57:53,649 [INFO]   S2 Ep  48/100  loss=1.0704 acc=71.7%  val=87.4%  lr=2.30e-05    45s
2026-03-21 14:58:38,930 [INFO]   S2 Ep  49/100  loss=1.0719 acc=71.4%  val=86.9%  lr=2.23e-05    45s
2026-03-21 14:59:24,200 [INFO]   S2 Ep  50/100  loss=1.0874 acc=71.0%  val=87.1%  lr=2.17e-05    45s
2026-03-21 15:00:09,480 [INFO]   S2 Ep  51/100  loss=1.0504 acc=72.9%  val=87.4%  lr=2.10e-05    45s
2026-03-21 15:00:54,738 [INFO]   S2 Ep  52/100  loss=1.0520 acc=72.3%  val=88.2%  lr=2.03e-05    45s
2026-03-21 15:00:54,888 [INFO]   ★ best 88.20%
2026-03-21 15:01:40,180 [INFO]   S2 Ep  53/100  loss=1.0690 acc=71.1%  val=87.3%  lr=1.97e-05    45s
2026-03-21 15:02:25,477 [INFO]   S2 Ep  54/100  loss=1.0730 acc=71.7%  val=87.4%  lr=1.90e-05    45s
2026-03-21 15:03:10,792 [INFO]   S2 Ep  55/100  loss=1.0671 acc=71.4%  val=87.4%  lr=1.83e-05    45s
2026-03-21 15:03:56,053 [INFO]   S2 Ep  56/100  loss=1.0528 acc=72.8%  val=88.2%  lr=1.77e-05    45s
2026-03-21 15:04:41,427 [INFO]   S2 Ep  57/100  loss=1.0562 acc=71.6%  val=88.0%  lr=1.70e-05    45s
2026-03-21 15:05:26,957 [INFO]   S2 Ep  58/100  loss=1.0227 acc=73.7%  val=87.4%  lr=1.64e-05    46s
2026-03-21 15:06:12,321 [INFO]   S2 Ep  59/100  loss=1.0279 acc=73.5%  val=87.6%  lr=1.57e-05    45s
2026-03-21 15:06:57,620 [INFO]   S2 Ep  60/100  loss=1.0277 acc=73.3%  val=88.1%  lr=1.51e-05    45s
2026-03-21 15:07:42,930 [INFO]   S2 Ep  61/100  loss=1.0102 acc=74.7%  val=87.9%  lr=1.45e-05    45s
2026-03-21 15:08:28,178 [INFO]   S2 Ep  62/100  loss=1.0479 acc=72.4%  val=88.2%  lr=1.38e-05    45s
2026-03-21 15:08:28,328 [INFO]   ★ best 88.23%
2026-03-21 15:09:13,687 [INFO]   S2 Ep  63/100  loss=1.0519 acc=72.1%  val=88.3%  lr=1.32e-05    45s
2026-03-21 15:09:13,834 [INFO]   ★ best 88.33%
2026-03-21 15:09:59,113 [INFO]   S2 Ep  64/100  loss=1.0571 acc=72.7%  val=88.3%  lr=1.26e-05    45s
2026-03-21 15:10:44,489 [INFO]   S2 Ep  65/100  loss=1.0566 acc=72.1%  val=88.7%  lr=1.20e-05    45s
2026-03-21 15:10:44,630 [INFO]   ★ best 88.74%
2026-03-21 15:11:30,031 [INFO]   S2 Ep  66/100  loss=1.0627 acc=71.6%  val=88.0%  lr=1.14e-05    45s
2026-03-21 15:12:15,347 [INFO]   S2 Ep  67/100  loss=1.0250 acc=73.1%  val=88.5%  lr=1.08e-05    45s
2026-03-21 15:13:00,486 [INFO]   S2 Ep  68/100  loss=1.0452 acc=72.2%  val=88.4%  lr=1.02e-05    45s
2026-03-21 15:13:45,719 [INFO]   S2 Ep  69/100  loss=1.0635 acc=71.5%  val=88.0%  lr=9.62e-06    45s
2026-03-21 15:14:31,090 [INFO]   S2 Ep  70/100  loss=1.0188 acc=73.9%  val=88.1%  lr=9.06e-06    45s
2026-03-21 15:15:16,390 [INFO]   S2 Ep  71/100  loss=1.0021 acc=74.8%  val=88.4%  lr=8.51e-06    45s
2026-03-21 15:16:01,645 [INFO]   S2 Ep  72/100  loss=1.0220 acc=73.8%  val=88.5%  lr=7.98e-06    45s
2026-03-21 15:16:46,895 [INFO]   S2 Ep  73/100  loss=1.0364 acc=72.8%  val=88.2%  lr=7.46e-06    45s
2026-03-21 15:17:32,310 [INFO]   S2 Ep  74/100  loss=0.9973 acc=75.3%  val=87.7%  lr=6.95e-06    45s
2026-03-21 15:18:17,684 [INFO]   S2 Ep  75/100  loss=1.0403 acc=72.7%  val=88.1%  lr=6.45e-06    45s
2026-03-21 15:19:03,016 [INFO]   S2 Ep  76/100  loss=1.0661 acc=71.1%  val=88.3%  lr=5.98e-06    45s
2026-03-21 15:19:48,280 [INFO]   S2 Ep  77/100  loss=1.0345 acc=73.1%  val=88.5%  lr=5.51e-06    45s
2026-03-21 15:20:33,711 [INFO]   S2 Ep  78/100  loss=1.0377 acc=73.0%  val=88.4%  lr=5.06e-06    45s
2026-03-21 15:21:19,054 [INFO]   S2 Ep  79/100  loss=1.0288 acc=73.1%  val=88.0%  lr=4.63e-06    45s
2026-03-21 15:22:04,356 [INFO]   S2 Ep  80/100  loss=1.0260 acc=73.3%  val=88.4%  lr=4.22e-06    45s
2026-03-21 15:22:49,765 [INFO]   S2 Ep  81/100  loss=1.0172 acc=73.6%  val=88.7%  lr=3.82e-06    45s
2026-03-21 15:23:35,074 [INFO]   S2 Ep  82/100  loss=1.0078 acc=74.1%  val=88.5%  lr=3.44e-06    45s
2026-03-21 15:24:20,639 [INFO]   S2 Ep  83/100  loss=1.0512 acc=72.4%  val=88.3%  lr=3.08e-06    46s
2026-03-21 15:25:06,025 [INFO]   S2 Ep  84/100  loss=1.0268 acc=73.1%  val=88.7%  lr=2.74e-06    45s
2026-03-21 15:25:51,234 [INFO]   S2 Ep  85/100  loss=1.0347 acc=72.5%  val=88.6%  lr=2.41e-06    45s
2026-03-21 15:26:36,464 [INFO]   S2 Ep  86/100  loss=1.0151 acc=73.7%  val=88.6%  lr=2.11e-06    45s
2026-03-21 15:27:21,829 [INFO]   S2 Ep  87/100  loss=1.0057 acc=74.1%  val=88.6%  lr=1.82e-06    45s
2026-03-21 15:28:07,194 [INFO]   S2 Ep  88/100  loss=1.0444 acc=72.3%  val=88.5%  lr=1.56e-06    45s
2026-03-21 15:28:52,452 [INFO]   S2 Ep  89/100  loss=1.0163 acc=73.2%  val=88.4%  lr=1.31e-06    45s
2026-03-21 15:29:37,792 [INFO]   S2 Ep  90/100  loss=1.0246 acc=72.7%  val=88.7%  lr=1.08e-06    45s
2026-03-21 15:30:23,064 [INFO]   S2 Ep  91/100  loss=1.0143 acc=73.7%  val=88.6%  lr=8.80e-07    45s
2026-03-21 15:31:08,386 [INFO]   S2 Ep  92/100  loss=1.0217 acc=73.4%  val=88.6%  lr=6.97e-07    45s
2026-03-21 15:31:53,766 [INFO]   S2 Ep  93/100  loss=1.0616 acc=71.4%  val=88.6%  lr=5.35e-07    45s
2026-03-21 15:32:39,236 [INFO]   S2 Ep  94/100  loss=1.0164 acc=73.9%  val=88.6%  lr=3.94e-07    45s
2026-03-21 15:33:24,603 [INFO]   S2 Ep  95/100  loss=1.0012 acc=74.5%  val=88.6%  lr=2.74e-07    45s
2026-03-21 15:33:24,603 [INFO]   Early stop at ep 95
2026-03-21 15:33:24,604 [INFO] ── Stage 3: SWA (15 ep, lr=4.0e-06) ──
2026-03-21 15:34:10,123 [INFO]   SWA Ep  1/15  loss=1.0302  swa_val=88.4%  45s
2026-03-21 15:34:55,472 [INFO]   SWA Ep  2/15  loss=1.0033  swa_val=88.3%  45s
2026-03-21 15:35:40,780 [INFO]   SWA Ep  3/15  loss=1.0607  swa_val=88.3%  45s
2026-03-21 15:36:26,082 [INFO]   SWA Ep  4/15  loss=1.0641  swa_val=88.5%  45s
2026-03-21 15:37:11,326 [INFO]   SWA Ep  5/15  loss=1.0362  swa_val=88.6%  45s
2026-03-21 15:37:56,627 [INFO]   SWA Ep  6/15  loss=1.0444  swa_val=88.6%  45s
2026-03-21 15:38:41,956 [INFO]   SWA Ep  7/15  loss=1.0548  swa_val=88.7%  45s
2026-03-21 15:39:27,212 [INFO]   SWA Ep  8/15  loss=1.0639  swa_val=88.7%  45s
2026-03-21 15:40:12,474 [INFO]   SWA Ep  9/15  loss=1.0533  swa_val=88.8%  45s
2026-03-21 15:40:57,747 [INFO]   SWA Ep 10/15  loss=1.0250  swa_val=88.8%  45s
2026-03-21 15:41:43,097 [INFO]   SWA Ep 11/15  loss=1.0077  swa_val=88.9%  45s
2026-03-21 15:42:28,415 [INFO]   SWA Ep 12/15  loss=1.0568  swa_val=89.0%  45s
2026-03-21 15:43:13,666 [INFO]   SWA Ep 13/15  loss=1.0143  swa_val=89.0%  45s
2026-03-21 15:43:58,939 [INFO]   SWA Ep 14/15  loss=1.0291  swa_val=89.0%  45s
2026-03-21 15:44:44,091 [INFO]   SWA Ep 15/15  loss=1.0180  swa_val=88.9%  45s
2026-03-21 15:44:44,091 [INFO]   Updating BN stats for SWA model …
2026-03-21 15:44:46,933 [INFO]   SWA final: 88.91% (regular best: 88.74%)
2026-03-21 15:44:47,085 [INFO]   ★ SWA beats regular! 88.91%
2026-03-21 15:44:47,085 [INFO]   Fold 4 best: 88.91%
2026-03-21 15:44:48,608 [INFO] ================================================================
2026-03-21 15:44:48,608 [INFO] FOLD 5 / 5
2026-03-21 15:44:48,608 [INFO] ================================================================
2026-03-21 15:44:48,611 [INFO]   Train: 11794 | Val: 2948
2026-03-21 15:44:48,830 [INFO] Loading pretrained weights from Hugging Face hub (timm/caformer_s18.sail_in22k_ft_in1k)
2026-03-21 15:44:48,996 [INFO] HTTP Request: HEAD https://huggingface.co/timm/caformer_s18.sail_in22k_ft_in1k/resolve/main/model.safetensors "HTTP/1.1 302 Found"
2026-03-21 15:44:48,997 [INFO] [timm/caformer_s18.sail_in22k_ft_in1k] Safe alternative available for 'pytorch_model.bin' (as 'model.safetensors'). Loading weights using safetensors.
2026-03-21 15:44:49,013 [INFO] Missing keys (head.fc.fc2.weight, head.fc.fc2.bias) discovered while loading pretrained weights. This is expected if model is being adapted.
2026-03-21 15:44:49,121 [INFO]   Born-again ← best_fold4.pt (val 89.99%)
2026-03-21 15:44:49,122 [INFO] ── Stage 1: head warmup (5 ep) ──
2026-03-21 15:45:06,791 [INFO]   S1 Ep 1/5  loss=1.4004 acc=54.3%  val=62.5%  18s
2026-03-21 15:45:06,916 [INFO]   ★ best 62.48%
2026-03-21 15:45:21,423 [INFO]   S1 Ep 2/5  loss=1.2907 acc=58.7%  val=65.6%  15s
2026-03-21 15:45:21,557 [INFO]   ★ best 65.57%
2026-03-21 15:45:36,040 [INFO]   S1 Ep 3/5  loss=1.2496 acc=60.7%  val=66.5%  14s
2026-03-21 15:45:36,172 [INFO]   ★ best 66.52%
2026-03-21 15:45:50,621 [INFO]   S1 Ep 4/5  loss=1.2248 acc=61.3%  val=66.8%  14s
2026-03-21 15:45:50,751 [INFO]   ★ best 66.79%
2026-03-21 15:46:05,189 [INFO]   S1 Ep 5/5  loss=1.2192 acc=61.3%  val=67.1%  14s
2026-03-21 15:46:05,330 [INFO]   ★ best 67.13%
2026-03-21 15:46:05,331 [INFO] ── Stage 2: full fine-tune (100 ep, patience 30) ──
2026-03-21 15:46:05,332 [INFO] LLRD: 12 groups, LR [9.49e-06 … 4.00e-05]
2026-03-21 15:46:50,627 [INFO]   S2 Ep   1/100  loss=1.5848 acc=49.8%  val=80.0%  lr=5.27e-06    45s
2026-03-21 15:46:50,774 [INFO]   ★ best 79.95%
2026-03-21 15:47:36,036 [INFO]   S2 Ep   2/100  loss=1.3577 acc=60.0%  val=84.7%  lr=1.49e-05    45s
2026-03-21 15:47:36,198 [INFO]   ★ best 84.70%
2026-03-21 15:48:21,428 [INFO]   S2 Ep   3/100  loss=1.2490 acc=63.9%  val=85.9%  lr=2.67e-05    45s
2026-03-21 15:48:21,567 [INFO]   ★ best 85.89%
2026-03-21 15:49:06,771 [INFO]   S2 Ep   4/100  loss=1.2454 acc=64.4%  val=85.6%  lr=3.63e-05    45s
2026-03-21 15:49:52,024 [INFO]   S2 Ep   5/100  loss=1.2076 acc=66.1%  val=85.8%  lr=4.00e-05    45s
2026-03-21 15:50:37,379 [INFO]   S2 Ep   6/100  loss=1.1834 acc=66.3%  val=86.7%  lr=4.00e-05    45s
2026-03-21 15:50:37,550 [INFO]   ★ best 86.67%
2026-03-21 15:51:22,764 [INFO]   S2 Ep   7/100  loss=1.1581 acc=68.1%  val=86.1%  lr=4.00e-05    45s
2026-03-21 15:52:07,994 [INFO]   S2 Ep   8/100  loss=1.1802 acc=66.8%  val=85.9%  lr=3.99e-05    45s
2026-03-21 15:52:53,189 [INFO]   S2 Ep   9/100  loss=1.1758 acc=66.9%  val=86.9%  lr=3.98e-05    45s
2026-03-21 15:52:53,336 [INFO]   ★ best 86.87%
2026-03-21 15:53:38,709 [INFO]   S2 Ep  10/100  loss=1.1500 acc=67.8%  val=85.8%  lr=3.97e-05    45s
2026-03-21 15:54:23,958 [INFO]   S2 Ep  11/100  loss=1.1609 acc=68.1%  val=87.0%  lr=3.96e-05    45s
2026-03-21 15:54:24,109 [INFO]   ★ best 86.97%
2026-03-21 15:55:09,316 [INFO]   S2 Ep  12/100  loss=1.1142 acc=69.3%  val=86.6%  lr=3.95e-05    45s
2026-03-21 15:55:54,639 [INFO]   S2 Ep  13/100  loss=1.1584 acc=67.9%  val=86.7%  lr=3.93e-05    45s
2026-03-21 15:56:39,860 [INFO]   S2 Ep  14/100  loss=1.1363 acc=69.3%  val=86.4%  lr=3.91e-05    45s
2026-03-21 15:57:25,051 [INFO]   S2 Ep  15/100  loss=1.1614 acc=67.1%  val=86.1%  lr=3.89e-05    45s
2026-03-21 15:58:10,267 [INFO]   S2 Ep  16/100  loss=1.1091 acc=69.8%  val=86.4%  lr=3.87e-05    45s
2026-03-21 15:58:55,474 [INFO]   S2 Ep  17/100  loss=1.1316 acc=69.0%  val=86.6%  lr=3.84e-05    45s
2026-03-21 15:59:40,724 [INFO]   S2 Ep  18/100  loss=1.1103 acc=69.7%  val=87.4%  lr=3.82e-05    45s
2026-03-21 15:59:40,883 [INFO]   ★ best 87.38%
2026-03-21 16:00:26,132 [INFO]   S2 Ep  19/100  loss=1.1128 acc=69.3%  val=87.1%  lr=3.79e-05    45s
2026-03-21 16:01:11,367 [INFO]   S2 Ep  20/100  loss=1.1474 acc=67.5%  val=86.2%  lr=3.76e-05    45s
2026-03-21 16:01:56,573 [INFO]   S2 Ep  21/100  loss=1.0872 acc=71.2%  val=86.6%  lr=3.73e-05    45s
2026-03-21 16:02:41,664 [INFO]   S2 Ep  22/100  loss=1.0854 acc=71.0%  val=86.4%  lr=3.69e-05    45s
2026-03-21 16:03:26,806 [INFO]   S2 Ep  23/100  loss=1.0911 acc=70.5%  val=86.5%  lr=3.66e-05    45s
2026-03-21 16:04:12,053 [INFO]   S2 Ep  24/100  loss=1.1084 acc=69.8%  val=87.1%  lr=3.62e-05    45s
2026-03-21 16:04:57,260 [INFO]   S2 Ep  25/100  loss=1.0930 acc=70.8%  val=86.4%  lr=3.58e-05    45s
2026-03-21 16:05:42,462 [INFO]   S2 Ep  26/100  loss=1.0542 acc=72.5%  val=87.9%  lr=3.54e-05    45s
2026-03-21 16:05:42,598 [INFO]   ★ best 87.86%
2026-03-21 16:06:27,781 [INFO]   S2 Ep  27/100  loss=1.0835 acc=71.6%  val=86.3%  lr=3.49e-05    45s
2026-03-21 16:07:12,975 [INFO]   S2 Ep  28/100  loss=1.1058 acc=70.6%  val=87.1%  lr=3.45e-05    45s
2026-03-21 16:07:58,333 [INFO]   S2 Ep  29/100  loss=1.0947 acc=70.7%  val=86.8%  lr=3.40e-05    45s
2026-03-21 16:08:43,521 [INFO]   S2 Ep  30/100  loss=1.0584 acc=72.2%  val=86.9%  lr=3.35e-05    45s
2026-03-21 16:09:28,784 [INFO]   S2 Ep  31/100  loss=1.0566 acc=72.1%  val=87.3%  lr=3.31e-05    45s
2026-03-21 16:10:13,997 [INFO]   S2 Ep  32/100  loss=1.0747 acc=72.2%  val=87.2%  lr=3.25e-05    45s
2026-03-21 16:10:59,334 [INFO]   S2 Ep  33/100  loss=1.0799 acc=70.9%  val=87.7%  lr=3.20e-05    45s
2026-03-21 16:11:44,583 [INFO]   S2 Ep  34/100  loss=1.0892 acc=70.7%  val=87.0%  lr=3.15e-05    45s
2026-03-21 16:12:29,863 [INFO]   S2 Ep  35/100  loss=1.1097 acc=69.1%  val=87.1%  lr=3.09e-05    45s
2026-03-21 16:13:15,162 [INFO]   S2 Ep  36/100  loss=1.0634 acc=71.5%  val=87.1%  lr=3.04e-05    45s
2026-03-21 16:14:00,406 [INFO]   S2 Ep  37/100  loss=1.0684 acc=71.4%  val=86.5%  lr=2.98e-05    45s
2026-03-21 16:14:45,649 [INFO]   S2 Ep  38/100  loss=1.0546 acc=72.0%  val=86.6%  lr=2.92e-05    45s
2026-03-21 16:15:30,817 [INFO]   S2 Ep  39/100  loss=1.0532 acc=71.8%  val=87.4%  lr=2.86e-05    45s
2026-03-21 16:16:16,066 [INFO]   S2 Ep  40/100  loss=1.0512 acc=72.4%  val=87.5%  lr=2.80e-05    45s
2026-03-21 16:17:01,359 [INFO]   S2 Ep  41/100  loss=1.0833 acc=70.6%  val=87.7%  lr=2.74e-05    45s
2026-03-21 16:17:46,634 [INFO]   S2 Ep  42/100  loss=1.0554 acc=72.4%  val=87.8%  lr=2.68e-05    45s
2026-03-21 16:18:31,913 [INFO]   S2 Ep  43/100  loss=1.0519 acc=72.1%  val=87.8%  lr=2.62e-05    45s
2026-03-21 16:19:17,214 [INFO]   S2 Ep  44/100  loss=1.0461 acc=72.6%  val=87.7%  lr=2.55e-05    45s
2026-03-21 16:20:02,434 [INFO]   S2 Ep  45/100  loss=1.0336 acc=73.0%  val=87.6%  lr=2.49e-05    45s
2026-03-21 16:20:47,729 [INFO]   S2 Ep  46/100  loss=1.0627 acc=71.6%  val=87.5%  lr=2.43e-05    45s
2026-03-21 16:21:32,980 [INFO]   S2 Ep  47/100  loss=1.0227 acc=73.5%  val=87.8%  lr=2.36e-05    45s
2026-03-21 16:22:18,297 [INFO]   S2 Ep  48/100  loss=1.0253 acc=73.2%  val=87.6%  lr=2.30e-05    45s
2026-03-21 16:23:03,611 [INFO]   S2 Ep  49/100  loss=1.0718 acc=70.9%  val=88.4%  lr=2.23e-05    45s
2026-03-21 16:23:03,755 [INFO]   ★ best 88.43%
2026-03-21 16:23:49,123 [INFO]   S2 Ep  50/100  loss=1.0533 acc=71.4%  val=87.8%  lr=2.17e-05    45s
2026-03-21 16:24:34,477 [INFO]   S2 Ep  51/100  loss=1.0418 acc=72.2%  val=88.6%  lr=2.10e-05    45s
2026-03-21 16:24:34,616 [INFO]   ★ best 88.60%
2026-03-21 16:25:19,926 [INFO]   S2 Ep  52/100  loss=1.0380 acc=72.7%  val=88.0%  lr=2.03e-05    45s
2026-03-21 16:26:05,209 [INFO]   S2 Ep  53/100  loss=1.0308 acc=72.8%  val=88.2%  lr=1.97e-05    45s
2026-03-21 16:26:50,427 [INFO]   S2 Ep  54/100  loss=1.0246 acc=72.7%  val=88.3%  lr=1.90e-05    45s
2026-03-21 16:27:35,701 [INFO]   S2 Ep  55/100  loss=1.0669 acc=71.2%  val=88.3%  lr=1.83e-05    45s
2026-03-21 16:28:20,920 [INFO]   S2 Ep  56/100  loss=1.0269 acc=72.7%  val=88.1%  lr=1.77e-05    45s
2026-03-21 16:29:06,176 [INFO]   S2 Ep  57/100  loss=1.0262 acc=72.8%  val=87.8%  lr=1.70e-05    45s
2026-03-21 16:29:51,466 [INFO]   S2 Ep  58/100  loss=1.0023 acc=74.0%  val=88.4%  lr=1.64e-05    45s
2026-03-21 16:30:36,620 [INFO]   S2 Ep  59/100  loss=1.0580 acc=71.5%  val=88.1%  lr=1.57e-05    45s
2026-03-21 16:31:21,780 [INFO]   S2 Ep  60/100  loss=1.0102 acc=73.5%  val=88.0%  lr=1.51e-05    45s
2026-03-21 16:32:06,991 [INFO]   S2 Ep  61/100  loss=1.0161 acc=73.4%  val=88.4%  lr=1.45e-05    45s
2026-03-21 16:32:52,184 [INFO]   S2 Ep  62/100  loss=1.0278 acc=72.6%  val=88.6%  lr=1.38e-05    45s
2026-03-21 16:33:37,412 [INFO]   S2 Ep  63/100  loss=1.0448 acc=71.8%  val=88.5%  lr=1.32e-05    45s
2026-03-21 16:34:22,736 [INFO]   S2 Ep  64/100  loss=1.0133 acc=73.3%  val=88.4%  lr=1.26e-05    45s
2026-03-21 16:35:08,018 [INFO]   S2 Ep  65/100  loss=1.0004 acc=73.8%  val=88.5%  lr=1.20e-05    45s
2026-03-21 16:35:53,315 [INFO]   S2 Ep  66/100  loss=1.0422 acc=71.9%  val=88.6%  lr=1.14e-05    45s
2026-03-21 16:35:53,462 [INFO]   ★ best 88.64%
2026-03-21 16:36:38,623 [INFO]   S2 Ep  67/100  loss=1.0037 acc=73.7%  val=88.6%  lr=1.08e-05    45s
2026-03-21 16:37:23,885 [INFO]   S2 Ep  68/100  loss=1.0099 acc=73.4%  val=88.8%  lr=1.02e-05    45s
2026-03-21 16:37:24,035 [INFO]   ★ best 88.84%
2026-03-21 16:38:09,236 [INFO]   S2 Ep  69/100  loss=0.9981 acc=73.9%  val=88.7%  lr=9.62e-06    45s
2026-03-21 16:38:54,468 [INFO]   S2 Ep  70/100  loss=0.9972 acc=73.8%  val=88.6%  lr=9.06e-06    45s
2026-03-21 16:39:39,727 [INFO]   S2 Ep  71/100  loss=1.0239 acc=72.1%  val=88.7%  lr=8.51e-06    45s
2026-03-21 16:40:24,960 [INFO]   S2 Ep  72/100  loss=1.0054 acc=73.4%  val=88.8%  lr=7.98e-06    45s
2026-03-21 16:41:10,192 [INFO]   S2 Ep  73/100  loss=1.0066 acc=73.5%  val=88.6%  lr=7.46e-06    45s
2026-03-21 16:41:55,660 [INFO]   S2 Ep  74/100  loss=1.0055 acc=73.8%  val=88.5%  lr=6.95e-06    45s
2026-03-21 16:42:41,004 [INFO]   S2 Ep  75/100  loss=0.9896 acc=74.5%  val=88.8%  lr=6.45e-06    45s
2026-03-21 16:43:26,306 [INFO]   S2 Ep  76/100  loss=1.0008 acc=74.3%  val=88.6%  lr=5.98e-06    45s
2026-03-21 16:44:11,560 [INFO]   S2 Ep  77/100  loss=0.9912 acc=74.4%  val=89.1%  lr=5.51e-06    45s
2026-03-21 16:44:11,732 [INFO]   ★ best 89.08%
2026-03-21 16:44:56,960 [INFO]   S2 Ep  78/100  loss=0.9950 acc=73.8%  val=88.6%  lr=5.06e-06    45s
2026-03-21 16:45:42,217 [INFO]   S2 Ep  79/100  loss=0.9962 acc=73.9%  val=88.7%  lr=4.63e-06    45s
2026-03-21 16:46:27,468 [INFO]   S2 Ep  80/100  loss=0.9911 acc=74.1%  val=88.9%  lr=4.22e-06    45s
2026-03-21 16:47:12,739 [INFO]   S2 Ep  81/100  loss=1.0006 acc=74.1%  val=88.7%  lr=3.82e-06    45s
2026-03-21 16:47:57,992 [INFO]   S2 Ep  82/100  loss=0.9779 acc=74.5%  val=89.0%  lr=3.44e-06    45s
2026-03-21 16:48:43,350 [INFO]   S2 Ep  83/100  loss=1.0290 acc=72.4%  val=89.3%  lr=3.08e-06    45s
2026-03-21 16:48:43,498 [INFO]   ★ best 89.28%
2026-03-21 16:49:28,816 [INFO]   S2 Ep  84/100  loss=1.0022 acc=74.0%  val=88.7%  lr=2.74e-06    45s
2026-03-21 16:50:14,227 [INFO]   S2 Ep  85/100  loss=0.9861 acc=74.2%  val=88.7%  lr=2.41e-06    45s
2026-03-21 16:50:59,627 [INFO]   S2 Ep  86/100  loss=0.9883 acc=74.7%  val=88.3%  lr=2.11e-06    45s
2026-03-21 16:51:44,994 [INFO]   S2 Ep  87/100  loss=0.9817 acc=74.0%  val=88.7%  lr=1.82e-06    45s
2026-03-21 16:52:30,254 [INFO]   S2 Ep  88/100  loss=0.9571 acc=76.0%  val=88.6%  lr=1.56e-06    45s
2026-03-21 16:53:15,545 [INFO]   S2 Ep  89/100  loss=1.0040 acc=73.4%  val=88.6%  lr=1.31e-06    45s
2026-03-21 16:54:00,818 [INFO]   S2 Ep  90/100  loss=0.9855 acc=74.5%  val=88.6%  lr=1.08e-06    45s
2026-03-21 16:54:46,051 [INFO]   S2 Ep  91/100  loss=0.9784 acc=74.8%  val=88.8%  lr=8.80e-07    45s
2026-03-21 16:55:31,270 [INFO]   S2 Ep  92/100  loss=0.9861 acc=74.0%  val=88.7%  lr=6.97e-07    45s
2026-03-21 16:56:16,577 [INFO]   S2 Ep  93/100  loss=0.9897 acc=74.7%  val=88.6%  lr=5.35e-07    45s
2026-03-21 16:57:01,762 [INFO]   S2 Ep  94/100  loss=0.9755 acc=75.1%  val=88.6%  lr=3.94e-07    45s
2026-03-21 16:57:46,941 [INFO]   S2 Ep  95/100  loss=0.9601 acc=75.5%  val=88.6%  lr=2.74e-07    45s
2026-03-21 16:58:32,186 [INFO]   S2 Ep  96/100  loss=1.0141 acc=73.1%  val=88.6%  lr=1.76e-07    45s
2026-03-21 16:59:17,477 [INFO]   S2 Ep  97/100  loss=1.0166 acc=72.5%  val=88.6%  lr=9.98e-08    45s
2026-03-21 17:00:02,716 [INFO]   S2 Ep  98/100  loss=1.0046 acc=73.1%  val=88.6%  lr=4.52e-08    45s
2026-03-21 17:00:48,138 [INFO]   S2 Ep  99/100  loss=1.0033 acc=73.5%  val=88.6%  lr=1.25e-08    45s
2026-03-21 17:01:33,400 [INFO]   S2 Ep 100/100  loss=1.0171 acc=73.2%  val=88.6%  lr=1.60e-09    45s
2026-03-21 17:01:33,401 [INFO] ── Stage 3: SWA (15 ep, lr=4.0e-06) ──
2026-03-21 17:02:18,863 [INFO]   SWA Ep  1/15  loss=0.9936  swa_val=88.4%  45s
2026-03-21 17:03:04,246 [INFO]   SWA Ep  2/15  loss=0.9973  swa_val=88.6%  45s
2026-03-21 17:03:49,536 [INFO]   SWA Ep  3/15  loss=0.9612  swa_val=88.7%  45s
2026-03-21 17:04:34,826 [INFO]   SWA Ep  4/15  loss=1.0046  swa_val=88.6%  45s
2026-03-21 17:05:20,155 [INFO]   SWA Ep  5/15  loss=0.9556  swa_val=88.7%  45s
2026-03-21 17:06:05,437 [INFO]   SWA Ep  6/15  loss=1.0004  swa_val=88.7%  45s
2026-03-21 17:06:50,640 [INFO]   SWA Ep  7/15  loss=1.0178  swa_val=88.5%  45s
2026-03-21 17:07:35,978 [INFO]   SWA Ep  8/15  loss=0.9800  swa_val=88.7%  45s
2026-03-21 17:08:21,239 [INFO]   SWA Ep  9/15  loss=1.0039  swa_val=88.8%  45s
2026-03-21 17:09:06,515 [INFO]   SWA Ep 10/15  loss=0.9759  swa_val=88.8%  45s
2026-03-21 17:09:51,806 [INFO]   SWA Ep 11/15  loss=0.9986  swa_val=88.8%  45s
2026-03-21 17:10:37,119 [INFO]   SWA Ep 12/15  loss=0.9990  swa_val=88.7%  45s
2026-03-21 17:11:22,457 [INFO]   SWA Ep 13/15  loss=1.0113  swa_val=88.7%  45s
2026-03-21 17:12:07,766 [INFO]   SWA Ep 14/15  loss=1.0090  swa_val=88.9%  45s
2026-03-21 17:12:52,999 [INFO]   SWA Ep 15/15  loss=0.9991  swa_val=88.9%  45s
2026-03-21 17:12:52,999 [INFO]   Updating BN stats for SWA model …
2026-03-21 17:12:55,851 [INFO]   SWA final: 88.87% (regular best: 89.28%)
2026-03-21 17:12:55,851 [INFO]   Fold 5 best: 89.28%
2026-03-21 17:12:57,319 [INFO] ================================================================
2026-03-21 17:12:57,320 [INFO] 5-FOLD CV
2026-03-21 17:12:57,320 [INFO] ================================================================
2026-03-21 17:12:57,320 [INFO]   Fold 1 : 88.30%
2026-03-21 17:12:57,320 [INFO]   Fold 2 : 88.06%
2026-03-21 17:12:57,320 [INFO]   Fold 3 : 90.03%
2026-03-21 17:12:57,320 [INFO]   Fold 4 : 88.91%
2026-03-21 17:12:57,320 [INFO]   Fold 5 : 89.28%
2026-03-21 17:12:57,320 [INFO]   Mean: 88.92% ± 0.70%
2026-03-21 17:20:47,417 [INFO] TTA changed 148 / 9828 (1.5%)
2026-03-21 17:20:47,431 [INFO] Done.
