2026-03-21 12:26:10,141 [INFO] GPU: NVIDIA H200
2026-03-21 12:26:10,142 [INFO] Config: {
  "data_dir": "/data/slr/track2_",
  "output_dir": "/data/slr/checkpoints_v45",
  "max_frames": 48,
  "img_size": 384,
  "n_classes": 126,
  "teacher_img_size": 224,
  "teacher_max_frames": 48,
  "channel_means": [
    -64.3217,
    -62.9119,
    -63.9254
  ],
  "channel_stds": [
    12.5721,
    11.662,
    11.7259
  ],
  "n_folds": 5,
  "batch_size": 18,
  "num_workers": 4,
  "stage1_epochs": 5,
  "stage1_lr": 0.0002,
  "stage2_epochs": 100,
  "stage2_lr": 4e-05,
  "swa_epochs": 15,
  "swa_lr": 4e-06,
  "weight_decay": 0.05,
  "warmup_pct": 0.05,
  "label_smoothing": 0.1,
  "early_stopping_patience": 30,
  "grad_clip_norm": 1.0,
  "llrd_decay": 0.75,
  "kd_alpha": 0.5,
  "kd_tau": 4.0,
  "mixup_alpha": 0.4,
  "cutmix_alpha": 1.0,
  "cutmix_prob": 0.5,
  "time_mask_max": 8,
  "range_mask_max": 30,
  "noise_std": 0.1,
  "time_warp_lo": 0.8,
  "time_warp_hi": 1.2,
  "time_reverse_prob": 0.5,
  "channel_shuffle_prob": 0.2,
  "channel_drop_prob": 0.1,
  "random_erase_prob": 0.2,
  "circ_shift_prob": 0.3,
  "circ_shift_max": 8,
  "amp_scale_prob": 0.5,
  "amp_scale_lo": 0.8,
  "amp_scale_hi": 1.2,
  "model_name": "caformer_s18.sail_in22k_ft_in1k",
  "drop_path_rate": 0.15,
  "proj_dim": 384,
  "drop_rate": 0.3,
  "ms_dropout_samples": 5,
  "seed": 42
}
2026-03-21 12:26:10,142 [INFO] ★★★ CAFormer @ 384×384 — highest-res attention model ★★★
2026-03-21 12:26:10,216 [INFO] Train: 14742 | Eval: 9828
2026-03-21 12:26:15,217 [INFO] Pre-computing teacher soft labels (at 224×224) …
2026-03-21 12:26:17,114 [INFO]   Loaded 5 teachers
2026-03-21 12:27:32,458 [INFO]   Soft labels: 14742
2026-03-21 12:27:32,459 [INFO] KD α=0.50 τ=4.0 | Teacher: v11 (cross-arch) | Born-again: vit_v9@224
2026-03-21 12:27:32,462 [INFO] ================================================================
2026-03-21 12:27:32,463 [INFO] FOLD 1 / 5
2026-03-21 12:27:32,463 [INFO] ================================================================
2026-03-21 12:27:32,465 [INFO]   Train: 11793 | Val: 2949
2026-03-21 12:27:32,680 [INFO] Loading pretrained weights from Hugging Face hub (timm/caformer_s18.sail_in22k_ft_in1k)
2026-03-21 12:27:37,857 [INFO] HTTP Request: HEAD https://huggingface.co/timm/caformer_s18.sail_in22k_ft_in1k/resolve/main/model.safetensors "HTTP/1.1 302 Found"
2026-03-21 12:27:37,859 [INFO] [timm/caformer_s18.sail_in22k_ft_in1k] Safe alternative available for 'pytorch_model.bin' (as 'model.safetensors'). Loading weights using safetensors.
2026-03-21 12:27:37,878 [INFO] Missing keys (head.fc.fc2.weight, head.fc.fc2.bias) discovered while loading pretrained weights. This is expected if model is being adapted.
2026-03-21 12:27:37,974 [INFO]   Born-again ← best_fold0.pt (val 88.74%)
2026-03-21 12:27:37,975 [INFO] ── Stage 1: head warmup (5 ep) ──
2026-03-21 12:28:27,161 [INFO]   S1 Ep 1/5  loss=2.1683 acc=22.9%  val=33.2%  49s
2026-03-21 12:28:27,272 [INFO]   ★ best 33.23%
2026-03-21 12:28:49,214 [INFO]   S1 Ep 2/5  loss=2.0125 acc=26.8%  val=37.8%  22s
2026-03-21 12:28:49,364 [INFO]   ★ best 37.84%
2026-03-21 12:29:11,358 [INFO]   S1 Ep 3/5  loss=1.9488 acc=29.6%  val=40.9%  22s
2026-03-21 12:29:11,496 [INFO]   ★ best 40.86%
2026-03-21 12:29:33,488 [INFO]   S1 Ep 4/5  loss=1.9100 acc=31.0%  val=41.6%  22s
2026-03-21 12:29:33,618 [INFO]   ★ best 41.64%
2026-03-21 12:29:55,611 [INFO]   S1 Ep 5/5  loss=1.8866 acc=32.0%  val=41.5%  22s
2026-03-21 12:29:55,612 [INFO] ── Stage 2: full fine-tune (100 ep, patience 30) ──
2026-03-21 12:29:55,613 [INFO] LLRD: 12 groups, LR [9.49e-06 … 4.00e-05]
2026-03-21 12:31:14,319 [INFO]   S2 Ep   1/100  loss=2.0047 acc=31.3%  val=69.1%  lr=5.27e-06    79s
2026-03-21 12:31:14,501 [INFO]   ★ best 69.07%
2026-03-21 12:32:21,873 [INFO]   S2 Ep   2/100  loss=1.6395 acc=48.1%  val=80.1%  lr=1.49e-05    67s
2026-03-21 12:32:22,005 [INFO]   ★ best 80.13%
2026-03-21 12:33:29,051 [INFO]   S2 Ep   3/100  loss=1.4508 acc=56.3%  val=82.9%  lr=2.67e-05    67s
2026-03-21 12:33:29,179 [INFO]   ★ best 82.94%
2026-03-21 12:34:36,308 [INFO]   S2 Ep   4/100  loss=1.4018 acc=57.6%  val=83.5%  lr=3.63e-05    67s
2026-03-21 12:34:36,446 [INFO]   ★ best 83.45%
2026-03-21 12:35:43,619 [INFO]   S2 Ep   5/100  loss=1.3186 acc=61.2%  val=83.1%  lr=4.00e-05    67s
2026-03-21 12:36:50,716 [INFO]   S2 Ep   6/100  loss=1.3059 acc=62.0%  val=84.2%  lr=4.00e-05    67s
2026-03-21 12:36:50,876 [INFO]   ★ best 84.20%
2026-03-21 12:37:57,990 [INFO]   S2 Ep   7/100  loss=1.2818 acc=62.4%  val=82.9%  lr=4.00e-05    67s
2026-03-21 12:39:05,158 [INFO]   S2 Ep   8/100  loss=1.2776 acc=62.8%  val=83.7%  lr=3.99e-05    67s
2026-03-21 12:40:12,328 [INFO]   S2 Ep   9/100  loss=1.2488 acc=64.2%  val=84.3%  lr=3.98e-05    67s
2026-03-21 12:40:12,505 [INFO]   ★ best 84.27%
2026-03-21 12:41:19,770 [INFO]   S2 Ep  10/100  loss=1.2433 acc=64.0%  val=84.1%  lr=3.97e-05    67s
2026-03-21 12:42:26,940 [INFO]   S2 Ep  11/100  loss=1.2494 acc=64.4%  val=84.0%  lr=3.96e-05    67s
2026-03-21 12:43:34,214 [INFO]   S2 Ep  12/100  loss=1.2005 acc=66.7%  val=84.1%  lr=3.95e-05    67s
2026-03-21 12:44:41,401 [INFO]   S2 Ep  13/100  loss=1.2283 acc=64.9%  val=84.5%  lr=3.93e-05    67s
2026-03-21 12:44:41,569 [INFO]   ★ best 84.47%
2026-03-21 12:45:48,830 [INFO]   S2 Ep  14/100  loss=1.1899 acc=66.5%  val=83.7%  lr=3.91e-05    67s
2026-03-21 12:46:55,984 [INFO]   S2 Ep  15/100  loss=1.2424 acc=64.6%  val=84.4%  lr=3.89e-05    67s
2026-03-21 12:48:03,290 [INFO]   S2 Ep  16/100  loss=1.1834 acc=67.2%  val=84.4%  lr=3.87e-05    67s
2026-03-21 12:49:10,512 [INFO]   S2 Ep  17/100  loss=1.1902 acc=66.7%  val=84.6%  lr=3.84e-05    67s
2026-03-21 12:49:10,679 [INFO]   ★ best 84.57%
2026-03-21 12:50:18,009 [INFO]   S2 Ep  18/100  loss=1.1889 acc=66.7%  val=84.9%  lr=3.82e-05    67s
2026-03-21 12:50:18,151 [INFO]   ★ best 84.91%
2026-03-21 12:51:25,307 [INFO]   S2 Ep  19/100  loss=1.1786 acc=67.2%  val=84.8%  lr=3.79e-05    67s
2026-03-21 12:52:32,646 [INFO]   S2 Ep  20/100  loss=1.1981 acc=66.2%  val=85.1%  lr=3.76e-05    67s
2026-03-21 12:52:32,812 [INFO]   ★ best 85.08%
2026-03-21 12:53:40,065 [INFO]   S2 Ep  21/100  loss=1.1476 acc=68.4%  val=85.7%  lr=3.73e-05    67s
2026-03-21 12:53:40,202 [INFO]   ★ best 85.72%
2026-03-21 12:54:47,263 [INFO]   S2 Ep  22/100  loss=1.1497 acc=68.2%  val=84.1%  lr=3.69e-05    67s
2026-03-21 12:55:54,383 [INFO]   S2 Ep  23/100  loss=1.1809 acc=66.8%  val=84.7%  lr=3.66e-05    67s
2026-03-21 12:57:01,422 [INFO]   S2 Ep  24/100  loss=1.1608 acc=67.6%  val=85.2%  lr=3.62e-05    67s
2026-03-21 12:58:08,454 [INFO]   S2 Ep  25/100  loss=1.1653 acc=67.7%  val=85.6%  lr=3.58e-05    67s
2026-03-21 12:59:15,588 [INFO]   S2 Ep  26/100  loss=1.1606 acc=67.5%  val=86.1%  lr=3.54e-05    67s
2026-03-21 12:59:15,754 [INFO]   ★ best 86.10%
2026-03-21 13:00:22,906 [INFO]   S2 Ep  27/100  loss=1.1217 acc=69.6%  val=85.7%  lr=3.49e-05    67s
2026-03-21 13:01:30,093 [INFO]   S2 Ep  28/100  loss=1.1145 acc=69.7%  val=85.1%  lr=3.45e-05    67s
2026-03-21 13:02:37,628 [INFO]   S2 Ep  29/100  loss=1.1790 acc=67.1%  val=85.5%  lr=3.40e-05    68s
2026-03-21 13:03:44,783 [INFO]   S2 Ep  30/100  loss=1.1346 acc=69.0%  val=84.8%  lr=3.35e-05    67s
2026-03-21 13:04:52,075 [INFO]   S2 Ep  31/100  loss=1.1071 acc=70.3%  val=85.8%  lr=3.31e-05    67s
2026-03-21 13:05:59,171 [INFO]   S2 Ep  32/100  loss=1.1085 acc=70.4%  val=85.9%  lr=3.25e-05    67s
2026-03-21 13:07:06,299 [INFO]   S2 Ep  33/100  loss=1.1155 acc=69.7%  val=85.6%  lr=3.20e-05    67s
2026-03-21 13:08:13,349 [INFO]   S2 Ep  34/100  loss=1.1288 acc=69.2%  val=86.6%  lr=3.15e-05    67s
2026-03-21 13:08:13,482 [INFO]   ★ best 86.57%
2026-03-21 13:09:20,433 [INFO]   S2 Ep  35/100  loss=1.1115 acc=69.7%  val=85.3%  lr=3.09e-05    67s
2026-03-21 13:10:27,538 [INFO]   S2 Ep  36/100  loss=1.0802 acc=71.9%  val=86.1%  lr=3.04e-05    67s
2026-03-21 13:11:35,725 [INFO]   S2 Ep  37/100  loss=1.1160 acc=69.9%  val=86.1%  lr=2.98e-05    68s
2026-03-21 13:12:44,675 [INFO]   S2 Ep  38/100  loss=1.1104 acc=69.3%  val=86.0%  lr=2.92e-05    69s
2026-03-21 13:13:53,146 [INFO]   S2 Ep  39/100  loss=1.1034 acc=70.0%  val=85.2%  lr=2.86e-05    68s
2026-03-21 13:15:00,062 [INFO]   S2 Ep  40/100  loss=1.0862 acc=71.1%  val=85.6%  lr=2.80e-05    67s
2026-03-21 13:16:07,083 [INFO]   S2 Ep  41/100  loss=1.0852 acc=71.0%  val=85.9%  lr=2.74e-05    67s
2026-03-21 13:17:14,110 [INFO]   S2 Ep  42/100  loss=1.0877 acc=71.2%  val=85.9%  lr=2.68e-05    67s
2026-03-21 13:18:21,077 [INFO]   S2 Ep  43/100  loss=1.0892 acc=70.9%  val=87.2%  lr=2.62e-05    67s
2026-03-21 13:18:21,223 [INFO]   ★ best 87.22%
2026-03-21 13:19:28,227 [INFO]   S2 Ep  44/100  loss=1.0969 acc=70.3%  val=86.3%  lr=2.55e-05    67s
2026-03-21 13:20:35,236 [INFO]   S2 Ep  45/100  loss=1.0985 acc=70.6%  val=86.2%  lr=2.49e-05    67s
2026-03-21 13:21:42,179 [INFO]   S2 Ep  46/100  loss=1.0801 acc=71.4%  val=86.5%  lr=2.43e-05    67s
2026-03-21 13:22:49,223 [INFO]   S2 Ep  47/100  loss=1.0783 acc=71.3%  val=86.7%  lr=2.36e-05    67s
2026-03-21 13:23:56,200 [INFO]   S2 Ep  48/100  loss=1.0660 acc=71.9%  val=86.2%  lr=2.30e-05    67s
2026-03-21 13:25:03,201 [INFO]   S2 Ep  49/100  loss=1.0852 acc=71.1%  val=86.4%  lr=2.23e-05    67s
2026-03-21 13:26:10,154 [INFO]   S2 Ep  50/100  loss=1.0756 acc=71.3%  val=86.8%  lr=2.17e-05    67s
2026-03-21 13:27:17,144 [INFO]   S2 Ep  51/100  loss=1.0345 acc=73.1%  val=86.7%  lr=2.10e-05    67s
2026-03-21 13:28:24,158 [INFO]   S2 Ep  52/100  loss=1.0729 acc=71.0%  val=86.0%  lr=2.03e-05    67s
2026-03-21 13:29:31,148 [INFO]   S2 Ep  53/100  loss=1.0850 acc=70.8%  val=86.9%  lr=1.97e-05    67s
2026-03-21 13:30:38,156 [INFO]   S2 Ep  54/100  loss=1.0554 acc=71.8%  val=86.6%  lr=1.90e-05    67s
2026-03-21 13:31:45,170 [INFO]   S2 Ep  55/100  loss=1.0581 acc=72.0%  val=86.9%  lr=1.83e-05    67s
2026-03-21 13:32:52,140 [INFO]   S2 Ep  56/100  loss=1.0356 acc=72.7%  val=87.4%  lr=1.77e-05    67s
2026-03-21 13:32:52,273 [INFO]   ★ best 87.35%
2026-03-21 13:33:59,277 [INFO]   S2 Ep  57/100  loss=1.0756 acc=71.3%  val=87.0%  lr=1.70e-05    67s
2026-03-21 13:35:06,391 [INFO]   S2 Ep  58/100  loss=1.0408 acc=72.6%  val=86.8%  lr=1.64e-05    67s
2026-03-21 13:36:13,409 [INFO]   S2 Ep  59/100  loss=1.0183 acc=74.2%  val=87.1%  lr=1.57e-05    67s
2026-03-21 13:37:20,459 [INFO]   S2 Ep  60/100  loss=1.0441 acc=72.5%  val=86.8%  lr=1.51e-05    67s
2026-03-21 13:38:27,534 [INFO]   S2 Ep  61/100  loss=1.0319 acc=73.2%  val=87.7%  lr=1.45e-05    67s
2026-03-21 13:38:27,708 [INFO]   ★ best 87.72%
2026-03-21 13:39:34,685 [INFO]   S2 Ep  62/100  loss=1.0430 acc=72.3%  val=87.6%  lr=1.38e-05    67s
2026-03-21 13:40:42,877 [INFO]   S2 Ep  63/100  loss=1.0389 acc=72.9%  val=87.5%  lr=1.32e-05    68s
2026-03-21 13:41:49,915 [INFO]   S2 Ep  64/100  loss=1.0255 acc=73.5%  val=87.2%  lr=1.26e-05    67s
2026-03-21 13:42:56,989 [INFO]   S2 Ep  65/100  loss=1.0337 acc=72.6%  val=87.6%  lr=1.20e-05    67s
2026-03-21 13:44:04,257 [INFO]   S2 Ep  66/100  loss=1.0413 acc=72.4%  val=87.3%  lr=1.14e-05    67s
2026-03-21 13:45:11,396 [INFO]   S2 Ep  67/100  loss=1.0314 acc=73.1%  val=87.7%  lr=1.08e-05    67s
2026-03-21 13:46:18,707 [INFO]   S2 Ep  68/100  loss=1.0525 acc=72.2%  val=87.5%  lr=1.02e-05    67s
2026-03-21 13:47:25,769 [INFO]   S2 Ep  69/100  loss=1.0308 acc=73.0%  val=87.7%  lr=9.62e-06    67s
2026-03-21 13:48:32,895 [INFO]   S2 Ep  70/100  loss=1.0018 acc=74.6%  val=87.6%  lr=9.06e-06    67s
2026-03-21 13:49:40,059 [INFO]   S2 Ep  71/100  loss=1.0219 acc=73.7%  val=87.7%  lr=8.51e-06    67s
2026-03-21 13:50:47,319 [INFO]   S2 Ep  72/100  loss=1.0441 acc=72.3%  val=87.7%  lr=7.98e-06    67s
2026-03-21 13:51:54,533 [INFO]   S2 Ep  73/100  loss=1.0331 acc=72.9%  val=87.7%  lr=7.46e-06    67s
2026-03-21 13:53:01,585 [INFO]   S2 Ep  74/100  loss=0.9867 acc=75.2%  val=87.4%  lr=6.95e-06    67s
2026-03-21 13:54:08,703 [INFO]   S2 Ep  75/100  loss=1.0347 acc=73.0%  val=87.5%  lr=6.45e-06    67s
2026-03-21 13:55:15,914 [INFO]   S2 Ep  76/100  loss=1.0000 acc=74.5%  val=87.6%  lr=5.98e-06    67s
2026-03-21 13:56:23,090 [INFO]   S2 Ep  77/100  loss=1.0056 acc=73.9%  val=87.6%  lr=5.51e-06    67s
2026-03-21 13:57:30,389 [INFO]   S2 Ep  78/100  loss=1.0187 acc=73.7%  val=87.4%  lr=5.06e-06    67s
2026-03-21 13:58:37,647 [INFO]   S2 Ep  79/100  loss=1.0161 acc=73.3%  val=87.4%  lr=4.63e-06    67s
2026-03-21 13:59:44,833 [INFO]   S2 Ep  80/100  loss=1.0174 acc=73.1%  val=87.6%  lr=4.22e-06    67s
2026-03-21 14:00:51,896 [INFO]   S2 Ep  81/100  loss=1.0236 acc=73.1%  val=87.4%  lr=3.82e-06    67s
2026-03-21 14:01:58,900 [INFO]   S2 Ep  82/100  loss=1.0220 acc=73.5%  val=87.6%  lr=3.44e-06    67s
2026-03-21 14:03:05,974 [INFO]   S2 Ep  83/100  loss=1.0190 acc=73.3%  val=87.4%  lr=3.08e-06    67s
2026-03-21 14:04:13,482 [INFO]   S2 Ep  84/100  loss=1.0152 acc=73.6%  val=87.5%  lr=2.74e-06    68s
2026-03-21 14:05:20,489 [INFO]   S2 Ep  85/100  loss=1.0020 acc=73.9%  val=87.7%  lr=2.41e-06    67s
2026-03-21 14:06:27,564 [INFO]   S2 Ep  86/100  loss=0.9922 acc=74.8%  val=87.7%  lr=2.11e-06    67s
2026-03-21 14:07:34,602 [INFO]   S2 Ep  87/100  loss=1.0227 acc=73.3%  val=87.8%  lr=1.82e-06    67s
2026-03-21 14:07:34,751 [INFO]   ★ best 87.76%
2026-03-21 14:08:41,750 [INFO]   S2 Ep  88/100  loss=1.0033 acc=74.3%  val=87.8%  lr=1.56e-06    67s
2026-03-21 14:09:48,787 [INFO]   S2 Ep  89/100  loss=0.9935 acc=74.3%  val=87.8%  lr=1.31e-06    67s
2026-03-21 14:10:55,844 [INFO]   S2 Ep  90/100  loss=1.0108 acc=73.7%  val=87.7%  lr=1.08e-06    67s
2026-03-21 14:12:02,903 [INFO]   S2 Ep  91/100  loss=1.0021 acc=74.4%  val=87.8%  lr=8.81e-07    67s
2026-03-21 14:12:03,039 [INFO]   ★ best 87.79%
2026-03-21 14:13:10,136 [INFO]   S2 Ep  92/100  loss=0.9956 acc=74.0%  val=88.0%  lr=6.97e-07    67s
2026-03-21 14:13:10,290 [INFO]   ★ best 88.00%
2026-03-21 14:14:17,256 [INFO]   S2 Ep  93/100  loss=0.9883 acc=74.6%  val=87.8%  lr=5.35e-07    67s
2026-03-21 14:15:24,291 [INFO]   S2 Ep  94/100  loss=0.9916 acc=74.7%  val=87.7%  lr=3.94e-07    67s
2026-03-21 14:16:31,333 [INFO]   S2 Ep  95/100  loss=1.0106 acc=73.6%  val=87.7%  lr=2.74e-07    67s
2026-03-21 14:17:38,386 [INFO]   S2 Ep  96/100  loss=1.0192 acc=73.5%  val=87.7%  lr=1.76e-07    67s
2026-03-21 14:18:45,358 [INFO]   S2 Ep  97/100  loss=1.0025 acc=74.0%  val=87.8%  lr=9.98e-08    67s
2026-03-21 14:19:52,337 [INFO]   S2 Ep  98/100  loss=1.0150 acc=73.1%  val=87.8%  lr=4.53e-08    67s
2026-03-21 14:20:59,467 [INFO]   S2 Ep  99/100  loss=1.0115 acc=73.8%  val=87.8%  lr=1.25e-08    67s
2026-03-21 14:22:06,466 [INFO]   S2 Ep 100/100  loss=1.0274 acc=72.8%  val=87.8%  lr=1.60e-09    67s
2026-03-21 14:22:06,467 [INFO] ── Stage 3: SWA (15 ep, lr=4.0e-06) ──
2026-03-21 14:23:13,518 [INFO]   SWA Ep  1/15  loss=1.0248  swa_val=87.8%  67s
2026-03-21 14:24:20,469 [INFO]   SWA Ep  2/15  loss=1.0016  swa_val=87.8%  67s
2026-03-21 14:25:27,469 [INFO]   SWA Ep  3/15  loss=1.0307  swa_val=87.8%  67s
2026-03-21 14:26:34,455 [INFO]   SWA Ep  4/15  loss=1.0121  swa_val=87.8%  67s
2026-03-21 14:27:41,425 [INFO]   SWA Ep  5/15  loss=1.0004  swa_val=87.7%  67s
2026-03-21 14:28:48,384 [INFO]   SWA Ep  6/15  loss=1.0046  swa_val=87.8%  67s
2026-03-21 14:29:55,422 [INFO]   SWA Ep  7/15  loss=0.9970  swa_val=87.8%  67s
2026-03-21 14:31:02,380 [INFO]   SWA Ep  8/15  loss=0.9901  swa_val=87.7%  67s
2026-03-21 14:32:09,401 [INFO]   SWA Ep  9/15  loss=0.9992  swa_val=87.7%  67s
2026-03-21 14:33:16,442 [INFO]   SWA Ep 10/15  loss=0.9938  swa_val=87.7%  67s
2026-03-21 14:34:23,512 [INFO]   SWA Ep 11/15  loss=1.0229  swa_val=87.8%  67s
2026-03-21 14:35:30,620 [INFO]   SWA Ep 12/15  loss=1.0154  swa_val=87.8%  67s
2026-03-21 14:36:37,604 [INFO]   SWA Ep 13/15  loss=1.0163  swa_val=87.8%  67s
2026-03-21 14:37:44,626 [INFO]   SWA Ep 14/15  loss=0.9910  swa_val=87.7%  67s
2026-03-21 14:38:51,622 [INFO]   SWA Ep 15/15  loss=1.0255  swa_val=87.8%  67s
2026-03-21 14:38:51,623 [INFO]   Updating BN stats for SWA model …
2026-03-21 14:38:55,610 [INFO]   SWA final: 87.83% (regular best: 88.00%)
2026-03-21 14:38:55,610 [INFO]   Fold 1 best: 88.00%
2026-03-21 14:38:57,688 [INFO] ================================================================
2026-03-21 14:38:57,689 [INFO] FOLD 2 / 5
2026-03-21 14:38:57,689 [INFO] ================================================================
2026-03-21 14:38:57,692 [INFO]   Train: 11793 | Val: 2949
2026-03-21 14:38:57,906 [INFO] Loading pretrained weights from Hugging Face hub (timm/caformer_s18.sail_in22k_ft_in1k)
2026-03-21 14:38:58,069 [INFO] HTTP Request: HEAD https://huggingface.co/timm/caformer_s18.sail_in22k_ft_in1k/resolve/main/model.safetensors "HTTP/1.1 302 Found"
2026-03-21 14:38:58,070 [INFO] [timm/caformer_s18.sail_in22k_ft_in1k] Safe alternative available for 'pytorch_model.bin' (as 'model.safetensors'). Loading weights using safetensors.
2026-03-21 14:38:58,088 [INFO] Missing keys (head.fc.fc2.weight, head.fc.fc2.bias) discovered while loading pretrained weights. This is expected if model is being adapted.
2026-03-21 14:38:58,191 [INFO]   Born-again ← best_fold1.pt (val 89.15%)
2026-03-21 14:38:58,192 [INFO] ── Stage 1: head warmup (5 ep) ──
2026-03-21 14:39:23,345 [INFO]   S1 Ep 1/5  loss=2.2165 acc=21.5%  val=30.5%  25s
2026-03-21 14:39:23,490 [INFO]   ★ best 30.48%
2026-03-21 14:39:45,619 [INFO]   S1 Ep 2/5  loss=2.0422 acc=26.7%  val=34.7%  22s
2026-03-21 14:39:45,759 [INFO]   ★ best 34.72%
2026-03-21 14:40:07,660 [INFO]   S1 Ep 3/5  loss=1.9892 acc=28.7%  val=36.5%  22s
2026-03-21 14:40:07,804 [INFO]   ★ best 36.52%
2026-03-21 14:40:29,838 [INFO]   S1 Ep 4/5  loss=1.9561 acc=29.5%  val=37.9%  22s
2026-03-21 14:40:29,995 [INFO]   ★ best 37.91%
2026-03-21 14:40:52,089 [INFO]   S1 Ep 5/5  loss=1.9186 acc=30.7%  val=38.2%  22s
2026-03-21 14:40:52,232 [INFO]   ★ best 38.22%
2026-03-21 14:40:52,232 [INFO] ── Stage 2: full fine-tune (100 ep, patience 30) ──
2026-03-21 14:40:52,234 [INFO] LLRD: 12 groups, LR [9.49e-06 … 4.00e-05]
2026-03-21 14:41:59,351 [INFO]   S2 Ep   1/100  loss=1.9948 acc=31.9%  val=68.8%  lr=5.27e-06    67s
2026-03-21 14:41:59,501 [INFO]   ★ best 68.77%
2026-03-21 14:43:06,836 [INFO]   S2 Ep   2/100  loss=1.5690 acc=51.1%  val=80.5%  lr=1.49e-05    67s
2026-03-21 14:43:06,979 [INFO]   ★ best 80.47%
2026-03-21 14:44:14,133 [INFO]   S2 Ep   3/100  loss=1.3967 acc=58.4%  val=83.0%  lr=2.67e-05    67s
2026-03-21 14:44:14,285 [INFO]   ★ best 83.05%
2026-03-21 14:45:21,444 [INFO]   S2 Ep   4/100  loss=1.3236 acc=61.2%  val=82.6%  lr=3.63e-05    67s
2026-03-21 14:46:28,589 [INFO]   S2 Ep   5/100  loss=1.2900 acc=62.4%  val=82.4%  lr=4.00e-05    67s
2026-03-21 14:47:35,779 [INFO]   S2 Ep   6/100  loss=1.2532 acc=63.7%  val=83.9%  lr=4.00e-05    67s
2026-03-21 14:47:35,926 [INFO]   ★ best 83.89%
2026-03-21 14:48:43,066 [INFO]   S2 Ep   7/100  loss=1.2353 acc=64.9%  val=83.4%  lr=4.00e-05    67s
2026-03-21 14:49:50,125 [INFO]   S2 Ep   8/100  loss=1.2345 acc=64.9%  val=84.7%  lr=3.99e-05    67s
2026-03-21 14:49:50,270 [INFO]   ★ best 84.74%
2026-03-21 14:50:57,363 [INFO]   S2 Ep   9/100  loss=1.2060 acc=65.4%  val=84.1%  lr=3.98e-05    67s
2026-03-21 14:52:04,414 [INFO]   S2 Ep  10/100  loss=1.2031 acc=65.6%  val=85.4%  lr=3.97e-05    67s
2026-03-21 14:52:04,554 [INFO]   ★ best 85.35%
2026-03-21 14:53:11,694 [INFO]   S2 Ep  11/100  loss=1.1967 acc=66.1%  val=84.5%  lr=3.96e-05    67s
2026-03-21 14:54:18,842 [INFO]   S2 Ep  12/100  loss=1.2027 acc=66.1%  val=83.8%  lr=3.95e-05    67s
2026-03-21 14:55:25,966 [INFO]   S2 Ep  13/100  loss=1.1616 acc=67.7%  val=85.2%  lr=3.93e-05    67s
2026-03-21 14:56:33,104 [INFO]   S2 Ep  14/100  loss=1.1442 acc=68.5%  val=84.9%  lr=3.91e-05    67s
2026-03-21 14:57:40,228 [INFO]   S2 Ep  15/100  loss=1.1616 acc=67.5%  val=84.8%  lr=3.89e-05    67s
2026-03-21 14:58:47,278 [INFO]   S2 Ep  16/100  loss=1.1503 acc=68.4%  val=85.1%  lr=3.87e-05    67s
2026-03-21 14:59:54,474 [INFO]   S2 Ep  17/100  loss=1.1663 acc=67.4%  val=85.5%  lr=3.84e-05    67s
2026-03-21 14:59:54,615 [INFO]   ★ best 85.52%
2026-03-21 15:01:01,706 [INFO]   S2 Ep  18/100  loss=1.1464 acc=68.4%  val=83.4%  lr=3.82e-05    67s
2026-03-21 15:02:08,801 [INFO]   S2 Ep  19/100  loss=1.1360 acc=68.8%  val=85.2%  lr=3.79e-05    67s
2026-03-21 15:03:15,977 [INFO]   S2 Ep  20/100  loss=1.1424 acc=68.4%  val=84.4%  lr=3.76e-05    67s
2026-03-21 15:04:23,076 [INFO]   S2 Ep  21/100  loss=1.1330 acc=68.2%  val=84.7%  lr=3.73e-05    67s
2026-03-21 15:05:30,174 [INFO]   S2 Ep  22/100  loss=1.1494 acc=68.1%  val=85.2%  lr=3.69e-05    67s
2026-03-21 15:06:37,254 [INFO]   S2 Ep  23/100  loss=1.1321 acc=69.3%  val=85.2%  lr=3.66e-05    67s
2026-03-21 15:07:44,405 [INFO]   S2 Ep  24/100  loss=1.1185 acc=69.3%  val=85.3%  lr=3.62e-05    67s
2026-03-21 15:08:51,570 [INFO]   S2 Ep  25/100  loss=1.1396 acc=68.6%  val=85.4%  lr=3.58e-05    67s
2026-03-21 15:09:58,740 [INFO]   S2 Ep  26/100  loss=1.1427 acc=68.6%  val=86.1%  lr=3.54e-05    67s
2026-03-21 15:09:58,889 [INFO]   ★ best 86.06%
2026-03-21 15:11:05,985 [INFO]   S2 Ep  27/100  loss=1.1322 acc=68.6%  val=84.2%  lr=3.49e-05    67s
2026-03-21 15:12:13,067 [INFO]   S2 Ep  28/100  loss=1.1048 acc=70.1%  val=85.0%  lr=3.45e-05    67s
2026-03-21 15:13:20,243 [INFO]   S2 Ep  29/100  loss=1.1213 acc=69.3%  val=85.9%  lr=3.40e-05    67s
2026-03-21 15:14:27,321 [INFO]   S2 Ep  30/100  loss=1.1029 acc=70.1%  val=85.1%  lr=3.35e-05    67s
2026-03-21 15:15:34,420 [INFO]   S2 Ep  31/100  loss=1.0888 acc=70.9%  val=85.7%  lr=3.31e-05    67s
2026-03-21 15:16:41,562 [INFO]   S2 Ep  32/100  loss=1.0613 acc=72.4%  val=85.9%  lr=3.25e-05    67s
2026-03-21 15:17:48,664 [INFO]   S2 Ep  33/100  loss=1.0828 acc=71.5%  val=85.7%  lr=3.20e-05    67s
2026-03-21 15:18:55,793 [INFO]   S2 Ep  34/100  loss=1.0833 acc=70.9%  val=85.1%  lr=3.15e-05    67s
2026-03-21 15:20:02,904 [INFO]   S2 Ep  35/100  loss=1.0929 acc=70.6%  val=85.6%  lr=3.09e-05    67s
2026-03-21 15:21:10,052 [INFO]   S2 Ep  36/100  loss=1.0832 acc=71.3%  val=85.2%  lr=3.04e-05    67s
2026-03-21 15:22:17,193 [INFO]   S2 Ep  37/100  loss=1.0600 acc=72.0%  val=85.7%  lr=2.98e-05    67s
2026-03-21 15:23:24,317 [INFO]   S2 Ep  38/100  loss=1.0571 acc=71.6%  val=85.6%  lr=2.92e-05    67s
2026-03-21 15:24:31,466 [INFO]   S2 Ep  39/100  loss=1.0935 acc=70.0%  val=85.5%  lr=2.86e-05    67s
2026-03-21 15:25:38,514 [INFO]   S2 Ep  40/100  loss=1.0670 acc=71.2%  val=85.5%  lr=2.80e-05    67s
2026-03-21 15:26:45,598 [INFO]   S2 Ep  41/100  loss=1.0683 acc=71.6%  val=85.8%  lr=2.74e-05    67s
2026-03-21 15:27:52,686 [INFO]   S2 Ep  42/100  loss=1.0543 acc=72.1%  val=86.1%  lr=2.68e-05    67s
2026-03-21 15:27:52,835 [INFO]   ★ best 86.13%
2026-03-21 15:28:59,980 [INFO]   S2 Ep  43/100  loss=1.0675 acc=71.4%  val=85.7%  lr=2.62e-05    67s
2026-03-21 15:30:07,119 [INFO]   S2 Ep  44/100  loss=1.0659 acc=71.3%  val=86.1%  lr=2.55e-05    67s
2026-03-21 15:31:14,190 [INFO]   S2 Ep  45/100  loss=1.0635 acc=72.0%  val=86.5%  lr=2.49e-05    67s
2026-03-21 15:31:14,335 [INFO]   ★ best 86.54%
2026-03-21 15:32:21,432 [INFO]   S2 Ep  46/100  loss=1.0342 acc=73.2%  val=86.0%  lr=2.43e-05    67s
2026-03-21 15:33:28,539 [INFO]   S2 Ep  47/100  loss=1.0272 acc=73.3%  val=86.0%  lr=2.36e-05    67s
2026-03-21 15:34:35,639 [INFO]   S2 Ep  48/100  loss=1.0412 acc=72.4%  val=86.4%  lr=2.30e-05    67s
2026-03-21 15:35:42,879 [INFO]   S2 Ep  49/100  loss=1.0459 acc=72.2%  val=86.4%  lr=2.23e-05    67s
2026-03-21 15:36:50,067 [INFO]   S2 Ep  50/100  loss=1.0501 acc=72.1%  val=86.7%  lr=2.17e-05    67s
2026-03-21 15:36:50,207 [INFO]   ★ best 86.71%
2026-03-21 15:37:57,311 [INFO]   S2 Ep  51/100  loss=1.0651 acc=71.2%  val=86.1%  lr=2.10e-05    67s
2026-03-21 15:39:04,381 [INFO]   S2 Ep  52/100  loss=1.0559 acc=71.9%  val=86.3%  lr=2.03e-05    67s
2026-03-21 15:40:11,507 [INFO]   S2 Ep  53/100  loss=1.0398 acc=72.7%  val=85.9%  lr=1.97e-05    67s
2026-03-21 15:41:18,611 [INFO]   S2 Ep  54/100  loss=1.0342 acc=72.4%  val=86.2%  lr=1.90e-05    67s
2026-03-21 15:42:25,749 [INFO]   S2 Ep  55/100  loss=1.0477 acc=72.0%  val=86.6%  lr=1.83e-05    67s
2026-03-21 15:43:32,889 [INFO]   S2 Ep  56/100  loss=1.0452 acc=71.7%  val=87.1%  lr=1.77e-05    67s
2026-03-21 15:43:33,029 [INFO]   ★ best 87.08%
2026-03-21 15:44:40,176 [INFO]   S2 Ep  57/100  loss=1.0233 acc=73.1%  val=86.6%  lr=1.70e-05    67s
2026-03-21 15:45:47,175 [INFO]   S2 Ep  58/100  loss=1.0251 acc=72.7%  val=86.6%  lr=1.64e-05    67s
2026-03-21 15:46:54,267 [INFO]   S2 Ep  59/100  loss=1.0139 acc=73.5%  val=87.1%  lr=1.57e-05    67s
2026-03-21 15:46:54,415 [INFO]   ★ best 87.15%
2026-03-21 15:48:01,534 [INFO]   S2 Ep  60/100  loss=1.0158 acc=73.7%  val=87.6%  lr=1.51e-05    67s
2026-03-21 15:48:01,698 [INFO]   ★ best 87.62%
2026-03-21 15:49:08,773 [INFO]   S2 Ep  61/100  loss=1.0142 acc=73.2%  val=87.1%  lr=1.45e-05    67s
2026-03-21 15:50:15,847 [INFO]   S2 Ep  62/100  loss=0.9935 acc=74.8%  val=88.0%  lr=1.38e-05    67s
2026-03-21 15:50:15,991 [INFO]   ★ best 88.00%
2026-03-21 15:51:23,075 [INFO]   S2 Ep  63/100  loss=1.0281 acc=72.9%  val=87.0%  lr=1.32e-05    67s
2026-03-21 15:52:30,227 [INFO]   S2 Ep  64/100  loss=1.0000 acc=74.0%  val=87.7%  lr=1.26e-05    67s
2026-03-21 15:53:37,272 [INFO]   S2 Ep  65/100  loss=1.0087 acc=73.7%  val=87.7%  lr=1.20e-05    67s
2026-03-21 15:54:44,326 [INFO]   S2 Ep  66/100  loss=1.0073 acc=73.4%  val=87.9%  lr=1.14e-05    67s
2026-03-21 15:55:51,422 [INFO]   S2 Ep  67/100  loss=1.0180 acc=73.1%  val=87.0%  lr=1.08e-05    67s
2026-03-21 15:56:58,496 [INFO]   S2 Ep  68/100  loss=1.0111 acc=73.9%  val=87.7%  lr=1.02e-05    67s
2026-03-21 15:58:05,648 [INFO]   S2 Ep  69/100  loss=0.9845 acc=74.9%  val=87.1%  lr=9.62e-06    67s
2026-03-21 15:59:12,713 [INFO]   S2 Ep  70/100  loss=1.0126 acc=72.9%  val=87.5%  lr=9.06e-06    67s
2026-03-21 16:00:19,801 [INFO]   S2 Ep  71/100  loss=0.9990 acc=74.4%  val=87.5%  lr=8.51e-06    67s
2026-03-21 16:01:26,876 [INFO]   S2 Ep  72/100  loss=0.9801 acc=74.9%  val=87.5%  lr=7.98e-06    67s
2026-03-21 16:02:33,939 [INFO]   S2 Ep  73/100  loss=0.9816 acc=75.1%  val=87.9%  lr=7.46e-06    67s
2026-03-21 16:03:41,112 [INFO]   S2 Ep  74/100  loss=0.9990 acc=73.9%  val=87.9%  lr=6.95e-06    67s
2026-03-21 16:04:48,149 [INFO]   S2 Ep  75/100  loss=0.9839 acc=74.5%  val=87.7%  lr=6.45e-06    67s
2026-03-21 16:05:55,219 [INFO]   S2 Ep  76/100  loss=0.9757 acc=75.4%  val=87.6%  lr=5.98e-06    67s
2026-03-21 16:07:02,292 [INFO]   S2 Ep  77/100  loss=0.9810 acc=74.7%  val=87.6%  lr=5.51e-06    67s
2026-03-21 16:08:09,401 [INFO]   S2 Ep  78/100  loss=0.9952 acc=74.3%  val=87.9%  lr=5.06e-06    67s
2026-03-21 16:09:16,468 [INFO]   S2 Ep  79/100  loss=0.9780 acc=74.6%  val=88.2%  lr=4.63e-06    67s
2026-03-21 16:09:16,619 [INFO]   ★ best 88.23%
2026-03-21 16:10:23,705 [INFO]   S2 Ep  80/100  loss=0.9822 acc=74.6%  val=87.7%  lr=4.22e-06    67s
2026-03-21 16:11:30,782 [INFO]   S2 Ep  81/100  loss=0.9889 acc=74.3%  val=88.0%  lr=3.82e-06    67s
2026-03-21 16:12:37,861 [INFO]   S2 Ep  82/100  loss=0.9832 acc=74.7%  val=88.0%  lr=3.44e-06    67s
2026-03-21 16:13:44,975 [INFO]   S2 Ep  83/100  loss=0.9909 acc=73.7%  val=88.1%  lr=3.08e-06    67s
2026-03-21 16:14:52,127 [INFO]   S2 Ep  84/100  loss=0.9725 acc=75.1%  val=88.4%  lr=2.74e-06    67s
2026-03-21 16:14:52,288 [INFO]   ★ best 88.44%
2026-03-21 16:15:59,458 [INFO]   S2 Ep  85/100  loss=0.9734 acc=75.2%  val=88.3%  lr=2.41e-06    67s
2026-03-21 16:17:06,571 [INFO]   S2 Ep  86/100  loss=0.9726 acc=75.2%  val=88.3%  lr=2.11e-06    67s
2026-03-21 16:18:13,669 [INFO]   S2 Ep  87/100  loss=0.9970 acc=73.4%  val=88.2%  lr=1.82e-06    67s
2026-03-21 16:19:20,781 [INFO]   S2 Ep  88/100  loss=0.9807 acc=74.5%  val=88.3%  lr=1.56e-06    67s
2026-03-21 16:20:27,764 [INFO]   S2 Ep  89/100  loss=0.9785 acc=74.4%  val=88.1%  lr=1.31e-06    67s
2026-03-21 16:21:34,882 [INFO]   S2 Ep  90/100  loss=0.9900 acc=73.9%  val=88.1%  lr=1.08e-06    67s
2026-03-21 16:22:41,930 [INFO]   S2 Ep  91/100  loss=0.9796 acc=75.0%  val=88.2%  lr=8.81e-07    67s
2026-03-21 16:23:49,030 [INFO]   S2 Ep  92/100  loss=0.9921 acc=73.9%  val=87.9%  lr=6.97e-07    67s
2026-03-21 16:24:56,088 [INFO]   S2 Ep  93/100  loss=0.9603 acc=76.1%  val=88.1%  lr=5.35e-07    67s
2026-03-21 16:26:03,169 [INFO]   S2 Ep  94/100  loss=0.9838 acc=74.6%  val=88.2%  lr=3.94e-07    67s
2026-03-21 16:27:10,416 [INFO]   S2 Ep  95/100  loss=0.9818 acc=74.9%  val=88.1%  lr=2.74e-07    67s
2026-03-21 16:28:17,562 [INFO]   S2 Ep  96/100  loss=0.9864 acc=74.7%  val=88.1%  lr=1.76e-07    67s
2026-03-21 16:29:24,687 [INFO]   S2 Ep  97/100  loss=0.9481 acc=76.2%  val=88.1%  lr=9.98e-08    67s
2026-03-21 16:30:31,833 [INFO]   S2 Ep  98/100  loss=1.0001 acc=73.1%  val=88.1%  lr=4.53e-08    67s
2026-03-21 16:31:38,974 [INFO]   S2 Ep  99/100  loss=0.9705 acc=74.8%  val=88.2%  lr=1.25e-08    67s
2026-03-21 16:32:46,075 [INFO]   S2 Ep 100/100  loss=0.9892 acc=74.6%  val=88.2%  lr=1.60e-09    67s
2026-03-21 16:32:46,077 [INFO] ── Stage 3: SWA (15 ep, lr=4.0e-06) ──
2026-03-21 16:33:53,244 [INFO]   SWA Ep  1/15  loss=0.9566  swa_val=87.9%  67s
2026-03-21 16:35:00,280 [INFO]   SWA Ep  2/15  loss=0.9989  swa_val=88.2%  67s
2026-03-21 16:36:07,409 [INFO]   SWA Ep  3/15  loss=0.9759  swa_val=88.4%  67s
2026-03-21 16:37:14,496 [INFO]   SWA Ep  4/15  loss=0.9748  swa_val=88.1%  67s
2026-03-21 16:38:21,502 [INFO]   SWA Ep  5/15  loss=0.9892  swa_val=88.3%  67s
2026-03-21 16:39:28,565 [INFO]   SWA Ep  6/15  loss=1.0071  swa_val=88.3%  67s
2026-03-21 16:40:35,640 [INFO]   SWA Ep  7/15  loss=0.9851  swa_val=88.3%  67s
2026-03-21 16:41:42,657 [INFO]   SWA Ep  8/15  loss=0.9907  swa_val=88.3%  67s
2026-03-21 16:42:49,730 [INFO]   SWA Ep  9/15  loss=0.9644  swa_val=88.4%  67s
2026-03-21 16:43:56,679 [INFO]   SWA Ep 10/15  loss=0.9605  swa_val=88.3%  67s
2026-03-21 16:45:03,753 [INFO]   SWA Ep 11/15  loss=0.9899  swa_val=88.5%  67s
2026-03-21 16:46:10,838 [INFO]   SWA Ep 12/15  loss=0.9942  swa_val=88.4%  67s
2026-03-21 16:47:17,892 [INFO]   SWA Ep 13/15  loss=0.9910  swa_val=88.2%  67s
2026-03-21 16:48:24,972 [INFO]   SWA Ep 14/15  loss=0.9683  swa_val=88.3%  67s
2026-03-21 16:49:32,058 [INFO]   SWA Ep 15/15  loss=0.9675  swa_val=88.3%  67s
2026-03-21 16:49:32,058 [INFO]   Updating BN stats for SWA model …
2026-03-21 16:49:36,132 [INFO]   SWA final: 88.34% (regular best: 88.44%)
2026-03-21 16:49:36,133 [INFO]   Fold 2 best: 88.44%
2026-03-21 16:49:38,332 [INFO] ================================================================
2026-03-21 16:49:38,332 [INFO] FOLD 3 / 5
2026-03-21 16:49:38,332 [INFO] ================================================================
2026-03-21 16:49:38,335 [INFO]   Train: 11794 | Val: 2948
2026-03-21 16:49:38,561 [INFO] Loading pretrained weights from Hugging Face hub (timm/caformer_s18.sail_in22k_ft_in1k)
2026-03-21 16:49:38,740 [INFO] HTTP Request: HEAD https://huggingface.co/timm/caformer_s18.sail_in22k_ft_in1k/resolve/main/model.safetensors "HTTP/1.1 302 Found"
2026-03-21 16:49:38,742 [INFO] [timm/caformer_s18.sail_in22k_ft_in1k] Safe alternative available for 'pytorch_model.bin' (as 'model.safetensors'). Loading weights using safetensors.
2026-03-21 16:49:38,759 [INFO] Missing keys (head.fc.fc2.weight, head.fc.fc2.bias) discovered while loading pretrained weights. This is expected if model is being adapted.
2026-03-21 16:49:38,893 [INFO]   Born-again ← best_fold2.pt (val 90.50%)
2026-03-21 16:49:38,894 [INFO] ── Stage 1: head warmup (5 ep) ──
2026-03-21 16:50:12,193 [INFO]   S1 Ep 1/5  loss=2.2561 acc=20.2%  val=27.9%  33s
2026-03-21 16:50:12,330 [INFO]   ★ best 27.92%
2026-03-21 16:50:34,395 [INFO]   S1 Ep 2/5  loss=2.0982 acc=23.7%  val=33.7%  22s
2026-03-21 16:50:34,562 [INFO]   ★ best 33.68%
2026-03-21 16:50:56,563 [INFO]   S1 Ep 3/5  loss=2.0333 acc=26.2%  val=35.9%  22s
2026-03-21 16:50:56,705 [INFO]   ★ best 35.85%
2026-03-21 16:51:18,763 [INFO]   S1 Ep 4/5  loss=1.9975 acc=27.8%  val=36.8%  22s
2026-03-21 16:51:18,928 [INFO]   ★ best 36.80%
2026-03-21 16:51:41,037 [INFO]   S1 Ep 5/5  loss=1.9727 acc=28.4%  val=36.9%  22s
2026-03-21 16:51:41,182 [INFO]   ★ best 36.91%
2026-03-21 16:51:41,183 [INFO] ── Stage 2: full fine-tune (100 ep, patience 30) ──
2026-03-21 16:51:41,184 [INFO] LLRD: 12 groups, LR [9.49e-06 … 4.00e-05]
2026-03-21 16:52:48,512 [INFO]   S2 Ep   1/100  loss=2.0463 acc=30.0%  val=71.3%  lr=5.27e-06    67s
2026-03-21 16:52:48,661 [INFO]   ★ best 71.30%
2026-03-21 16:53:55,939 [INFO]   S2 Ep   2/100  loss=1.5900 acc=51.1%  val=84.2%  lr=1.49e-05    67s
2026-03-21 16:53:56,082 [INFO]   ★ best 84.16%
2026-03-21 16:55:03,363 [INFO]   S2 Ep   3/100  loss=1.3724 acc=59.5%  val=85.3%  lr=2.67e-05    67s
2026-03-21 16:55:03,516 [INFO]   ★ best 85.35%
2026-03-21 16:56:10,799 [INFO]   S2 Ep   4/100  loss=1.3344 acc=61.0%  val=85.9%  lr=3.63e-05    67s
2026-03-21 16:56:10,980 [INFO]   ★ best 85.85%
2026-03-21 16:57:18,215 [INFO]   S2 Ep   5/100  loss=1.2638 acc=63.8%  val=85.1%  lr=4.00e-05    67s
2026-03-21 16:58:25,474 [INFO]   S2 Ep   6/100  loss=1.2473 acc=63.9%  val=84.7%  lr=4.00e-05    67s
2026-03-21 16:59:32,741 [INFO]   S2 Ep   7/100  loss=1.2463 acc=63.7%  val=86.2%  lr=4.00e-05    67s
2026-03-21 16:59:32,887 [INFO]   ★ best 86.19%
2026-03-21 17:00:40,211 [INFO]   S2 Ep   8/100  loss=1.2126 acc=65.6%  val=86.8%  lr=3.99e-05    67s
2026-03-21 17:00:40,347 [INFO]   ★ best 86.80%
2026-03-21 17:01:47,655 [INFO]   S2 Ep   9/100  loss=1.2110 acc=65.2%  val=86.3%  lr=3.98e-05    67s
2026-03-21 17:02:55,002 [INFO]   S2 Ep  10/100  loss=1.1732 acc=67.3%  val=87.1%  lr=3.97e-05    67s
2026-03-21 17:02:55,164 [INFO]   ★ best 87.11%
2026-03-21 17:04:02,462 [INFO]   S2 Ep  11/100  loss=1.1804 acc=67.2%  val=86.4%  lr=3.96e-05    67s
2026-03-21 17:05:09,820 [INFO]   S2 Ep  12/100  loss=1.1922 acc=66.3%  val=87.0%  lr=3.95e-05    67s
2026-03-21 17:06:17,114 [INFO]   S2 Ep  13/100  loss=1.1987 acc=66.6%  val=86.3%  lr=3.93e-05    67s
2026-03-21 17:07:24,441 [INFO]   S2 Ep  14/100  loss=1.1533 acc=68.2%  val=87.7%  lr=3.91e-05    67s
2026-03-21 17:07:24,590 [INFO]   ★ best 87.65%
2026-03-21 17:08:31,795 [INFO]   S2 Ep  15/100  loss=1.1872 acc=66.8%  val=87.1%  lr=3.89e-05    67s
2026-03-21 17:09:39,211 [INFO]   S2 Ep  16/100  loss=1.1506 acc=68.2%  val=86.3%  lr=3.87e-05    67s
2026-03-21 17:10:46,453 [INFO]   S2 Ep  17/100  loss=1.1408 acc=68.4%  val=87.0%  lr=3.84e-05    67s
2026-03-21 17:11:53,796 [INFO]   S2 Ep  18/100  loss=1.1694 acc=67.4%  val=86.6%  lr=3.82e-05    67s
2026-03-21 17:13:01,069 [INFO]   S2 Ep  19/100  loss=1.1416 acc=68.6%  val=86.7%  lr=3.79e-05    67s
2026-03-21 17:14:08,300 [INFO]   S2 Ep  20/100  loss=1.1508 acc=68.1%  val=88.1%  lr=3.76e-05    67s
2026-03-21 17:14:08,447 [INFO]   ★ best 88.13%
2026-03-21 17:15:15,752 [INFO]   S2 Ep  21/100  loss=1.1367 acc=68.8%  val=87.3%  lr=3.73e-05    67s
2026-03-21 17:16:23,001 [INFO]   S2 Ep  22/100  loss=1.1381 acc=68.7%  val=87.5%  lr=3.69e-05    67s
2026-03-21 17:17:30,330 [INFO]   S2 Ep  23/100  loss=1.1232 acc=69.3%  val=86.9%  lr=3.66e-05    67s
2026-03-21 17:18:37,571 [INFO]   S2 Ep  24/100  loss=1.1307 acc=69.1%  val=87.3%  lr=3.62e-05    67s
2026-03-21 17:19:44,813 [INFO]   S2 Ep  25/100  loss=1.1117 acc=69.8%  val=86.7%  lr=3.58e-05    67s
2026-03-21 17:20:52,173 [INFO]   S2 Ep  26/100  loss=1.1114 acc=69.6%  val=87.1%  lr=3.54e-05    67s
2026-03-21 17:21:59,358 [INFO]   S2 Ep  27/100  loss=1.1221 acc=69.6%  val=86.8%  lr=3.49e-05    67s
2026-03-21 17:23:06,623 [INFO]   S2 Ep  28/100  loss=1.1070 acc=69.8%  val=86.9%  lr=3.45e-05    67s
2026-03-21 17:24:13,848 [INFO]   S2 Ep  29/100  loss=1.0751 acc=71.4%  val=86.7%  lr=3.40e-05    67s
2026-03-21 17:25:21,120 [INFO]   S2 Ep  30/100  loss=1.0868 acc=70.7%  val=86.5%  lr=3.35e-05    67s
2026-03-21 17:26:28,375 [INFO]   S2 Ep  31/100  loss=1.0837 acc=70.7%  val=86.7%  lr=3.31e-05    67s
2026-03-21 17:27:35,610 [INFO]   S2 Ep  32/100  loss=1.0944 acc=70.5%  val=87.5%  lr=3.25e-05    67s
2026-03-21 17:28:42,839 [INFO]   S2 Ep  33/100  loss=1.0529 acc=72.1%  val=87.7%  lr=3.20e-05    67s
2026-03-21 17:29:50,100 [INFO]   S2 Ep  34/100  loss=1.0863 acc=71.0%  val=86.9%  lr=3.15e-05    67s
2026-03-21 17:30:57,324 [INFO]   S2 Ep  35/100  loss=1.1115 acc=69.6%  val=88.2%  lr=3.09e-05    67s
2026-03-21 17:30:57,466 [INFO]   ★ best 88.16%
2026-03-21 17:32:04,691 [INFO]   S2 Ep  36/100  loss=1.0774 acc=71.3%  val=86.8%  lr=3.04e-05    67s
2026-03-21 17:33:11,992 [INFO]   S2 Ep  37/100  loss=1.0639 acc=71.5%  val=87.1%  lr=2.98e-05    67s
2026-03-21 17:34:19,274 [INFO]   S2 Ep  38/100  loss=1.0529 acc=72.5%  val=87.9%  lr=2.92e-05    67s
2026-03-21 17:35:26,483 [INFO]   S2 Ep  39/100  loss=1.0603 acc=71.9%  val=86.4%  lr=2.86e-05    67s
2026-03-21 17:36:33,745 [INFO]   S2 Ep  40/100  loss=1.0821 acc=70.8%  val=88.3%  lr=2.80e-05    67s
2026-03-21 17:36:33,889 [INFO]   ★ best 88.33%
2026-03-21 17:37:41,150 [INFO]   S2 Ep  41/100  loss=1.0594 acc=71.8%  val=87.3%  lr=2.74e-05    67s
2026-03-21 17:38:48,421 [INFO]   S2 Ep  42/100  loss=1.0738 acc=71.3%  val=87.8%  lr=2.68e-05    67s
2026-03-21 17:39:55,660 [INFO]   S2 Ep  43/100  loss=1.0538 acc=71.9%  val=88.5%  lr=2.62e-05    67s
2026-03-21 17:39:55,800 [INFO]   ★ best 88.53%
2026-03-21 17:41:03,140 [INFO]   S2 Ep  44/100  loss=1.0517 acc=71.9%  val=88.0%  lr=2.55e-05    67s
2026-03-21 17:42:10,354 [INFO]   S2 Ep  45/100  loss=1.0473 acc=72.5%  val=88.0%  lr=2.49e-05    67s
2026-03-21 17:43:17,614 [INFO]   S2 Ep  46/100  loss=1.0543 acc=72.5%  val=87.4%  lr=2.43e-05    67s
2026-03-21 17:44:24,890 [INFO]   S2 Ep  47/100  loss=1.0389 acc=73.1%  val=87.9%  lr=2.36e-05    67s
2026-03-21 17:45:32,183 [INFO]   S2 Ep  48/100  loss=1.0447 acc=72.3%  val=87.6%  lr=2.30e-05    67s
2026-03-21 17:46:39,444 [INFO]   S2 Ep  49/100  loss=1.0580 acc=71.5%  val=88.1%  lr=2.23e-05    67s
2026-03-21 17:47:46,745 [INFO]   S2 Ep  50/100  loss=1.0473 acc=72.1%  val=88.2%  lr=2.17e-05    67s
2026-03-21 17:48:54,033 [INFO]   S2 Ep  51/100  loss=1.0379 acc=73.0%  val=88.0%  lr=2.10e-05    67s
2026-03-21 17:50:01,257 [INFO]   S2 Ep  52/100  loss=1.0278 acc=73.1%  val=88.7%  lr=2.03e-05    67s
2026-03-21 17:50:01,418 [INFO]   ★ best 88.67%
2026-03-21 17:51:08,606 [INFO]   S2 Ep  53/100  loss=1.0160 acc=74.0%  val=88.2%  lr=1.97e-05    67s
2026-03-21 17:52:15,810 [INFO]   S2 Ep  54/100  loss=1.0243 acc=73.2%  val=87.7%  lr=1.90e-05    67s
2026-03-21 17:53:23,077 [INFO]   S2 Ep  55/100  loss=1.0455 acc=72.5%  val=88.2%  lr=1.83e-05    67s
2026-03-21 17:54:30,257 [INFO]   S2 Ep  56/100  loss=1.0381 acc=72.4%  val=88.3%  lr=1.77e-05    67s
2026-03-21 17:55:37,497 [INFO]   S2 Ep  57/100  loss=1.0122 acc=73.4%  val=88.7%  lr=1.70e-05    67s
2026-03-21 17:55:37,632 [INFO]   ★ best 88.70%
2026-03-21 17:56:44,856 [INFO]   S2 Ep  58/100  loss=1.0272 acc=72.6%  val=88.0%  lr=1.64e-05    67s
2026-03-21 17:57:52,083 [INFO]   S2 Ep  59/100  loss=1.0364 acc=72.1%  val=88.3%  lr=1.57e-05    67s
2026-03-21 17:58:59,278 [INFO]   S2 Ep  60/100  loss=1.0445 acc=71.9%  val=88.2%  lr=1.51e-05    67s
2026-03-21 18:00:06,564 [INFO]   S2 Ep  61/100  loss=1.0099 acc=73.3%  val=88.4%  lr=1.45e-05    67s
2026-03-21 18:01:14,049 [INFO]   S2 Ep  62/100  loss=0.9959 acc=74.8%  val=88.7%  lr=1.38e-05    67s
2026-03-21 18:02:21,257 [INFO]   S2 Ep  63/100  loss=1.0201 acc=73.0%  val=88.3%  lr=1.32e-05    67s
2026-03-21 18:03:28,528 [INFO]   S2 Ep  64/100  loss=1.0218 acc=73.5%  val=88.7%  lr=1.26e-05    67s
2026-03-21 18:04:35,792 [INFO]   S2 Ep  65/100  loss=1.0012 acc=74.4%  val=88.3%  lr=1.20e-05    67s
2026-03-21 18:05:43,001 [INFO]   S2 Ep  66/100  loss=1.0320 acc=72.6%  val=88.5%  lr=1.14e-05    67s
2026-03-21 18:06:50,349 [INFO]   S2 Ep  67/100  loss=1.0221 acc=73.1%  val=89.2%  lr=1.08e-05    67s
2026-03-21 18:06:50,503 [INFO]   ★ best 89.21%
2026-03-21 18:07:57,845 [INFO]   S2 Ep  68/100  loss=0.9994 acc=73.4%  val=88.9%  lr=1.02e-05    67s
2026-03-21 18:09:05,073 [INFO]   S2 Ep  69/100  loss=1.0026 acc=73.9%  val=88.7%  lr=9.62e-06    67s
2026-03-21 18:10:12,432 [INFO]   S2 Ep  70/100  loss=0.9763 acc=74.8%  val=88.7%  lr=9.06e-06    67s
2026-03-21 18:11:19,782 [INFO]   S2 Ep  71/100  loss=0.9972 acc=74.0%  val=89.2%  lr=8.51e-06    67s
2026-03-21 18:12:26,963 [INFO]   S2 Ep  72/100  loss=0.9926 acc=73.8%  val=89.1%  lr=7.98e-06    67s
2026-03-21 18:13:34,151 [INFO]   S2 Ep  73/100  loss=0.9790 acc=74.8%  val=89.4%  lr=7.46e-06    67s
2026-03-21 18:13:34,274 [INFO]   ★ best 89.38%
2026-03-21 18:14:41,448 [INFO]   S2 Ep  74/100  loss=0.9684 acc=75.5%  val=89.4%  lr=6.95e-06    67s
2026-03-21 18:14:41,587 [INFO]   ★ best 89.42%
2026-03-21 18:15:48,833 [INFO]   S2 Ep  75/100  loss=1.0068 acc=73.3%  val=89.1%  lr=6.45e-06    67s
2026-03-21 18:16:56,074 [INFO]   S2 Ep  76/100  loss=0.9988 acc=73.9%  val=89.4%  lr=5.98e-06    67s
2026-03-21 18:18:03,404 [INFO]   S2 Ep  77/100  loss=0.9930 acc=74.2%  val=89.5%  lr=5.51e-06    67s
2026-03-21 18:18:03,548 [INFO]   ★ best 89.48%
2026-03-21 18:19:10,816 [INFO]   S2 Ep  78/100  loss=0.9749 acc=75.3%  val=89.2%  lr=5.06e-06    67s
2026-03-21 18:20:18,042 [INFO]   S2 Ep  79/100  loss=0.9832 acc=74.9%  val=89.3%  lr=4.63e-06    67s
2026-03-21 18:21:25,272 [INFO]   S2 Ep  80/100  loss=1.0176 acc=72.5%  val=89.5%  lr=4.22e-06    67s
2026-03-21 18:22:32,455 [INFO]   S2 Ep  81/100  loss=1.0005 acc=73.6%  val=89.8%  lr=3.82e-06    67s
2026-03-21 18:22:32,601 [INFO]   ★ best 89.79%
2026-03-21 18:23:39,829 [INFO]   S2 Ep  82/100  loss=0.9797 acc=74.7%  val=89.7%  lr=3.44e-06    67s
2026-03-21 18:24:46,976 [INFO]   S2 Ep  83/100  loss=0.9708 acc=75.5%  val=89.8%  lr=3.08e-06    67s
2026-03-21 18:25:54,203 [INFO]   S2 Ep  84/100  loss=0.9817 acc=74.7%  val=89.4%  lr=2.74e-06    67s
2026-03-21 18:27:01,383 [INFO]   S2 Ep  85/100  loss=0.9663 acc=75.4%  val=89.5%  lr=2.41e-06    67s
2026-03-21 18:28:08,658 [INFO]   S2 Ep  86/100  loss=0.9879 acc=74.4%  val=89.9%  lr=2.11e-06    67s
2026-03-21 18:28:08,800 [INFO]   ★ best 89.93%
2026-03-21 18:29:16,062 [INFO]   S2 Ep  87/100  loss=0.9911 acc=74.4%  val=89.4%  lr=1.82e-06    67s
2026-03-21 18:30:23,319 [INFO]   S2 Ep  88/100  loss=0.9557 acc=75.8%  val=89.6%  lr=1.56e-06    67s
2026-03-21 18:31:30,564 [INFO]   S2 Ep  89/100  loss=0.9630 acc=75.8%  val=89.5%  lr=1.31e-06    67s
2026-03-21 18:32:37,829 [INFO]   S2 Ep  90/100  loss=0.9718 acc=75.1%  val=89.4%  lr=1.08e-06    67s
2026-03-21 18:33:45,095 [INFO]   S2 Ep  91/100  loss=0.9461 acc=76.5%  val=89.3%  lr=8.81e-07    67s
2026-03-21 18:34:52,123 [INFO]   S2 Ep  92/100  loss=0.9804 acc=74.5%  val=89.2%  lr=6.97e-07    67s
2026-03-21 18:35:59,139 [INFO]   S2 Ep  93/100  loss=0.9821 acc=74.4%  val=89.5%  lr=5.35e-07    67s
2026-03-21 18:37:06,141 [INFO]   S2 Ep  94/100  loss=0.9972 acc=73.6%  val=89.5%  lr=3.94e-07    67s
2026-03-21 18:38:13,144 [INFO]   S2 Ep  95/100  loss=0.9739 acc=74.4%  val=89.3%  lr=2.74e-07    67s
2026-03-21 18:39:20,149 [INFO]   S2 Ep  96/100  loss=0.9832 acc=74.2%  val=89.3%  lr=1.76e-07    67s
2026-03-21 18:40:27,088 [INFO]   S2 Ep  97/100  loss=0.9724 acc=75.2%  val=89.3%  lr=9.98e-08    67s
2026-03-21 18:41:34,059 [INFO]   S2 Ep  98/100  loss=0.9627 acc=75.3%  val=89.4%  lr=4.53e-08    67s
2026-03-21 18:42:41,113 [INFO]   S2 Ep  99/100  loss=0.9931 acc=73.7%  val=89.4%  lr=1.25e-08    67s
2026-03-21 18:43:48,102 [INFO]   S2 Ep 100/100  loss=0.9635 acc=74.9%  val=89.4%  lr=1.60e-09    67s
2026-03-21 18:43:48,103 [INFO] ── Stage 3: SWA (15 ep, lr=4.0e-06) ──
2026-03-21 18:44:55,160 [INFO]   SWA Ep  1/15  loss=0.9793  swa_val=89.2%  67s
2026-03-21 18:46:02,031 [INFO]   SWA Ep  2/15  loss=0.9787  swa_val=89.0%  67s
2026-03-21 18:47:08,976 [INFO]   SWA Ep  3/15  loss=0.9925  swa_val=89.1%  67s
2026-03-21 18:48:16,162 [INFO]   SWA Ep  4/15  loss=1.0141  swa_val=89.4%  67s
2026-03-21 18:49:23,109 [INFO]   SWA Ep  5/15  loss=0.9998  swa_val=89.5%  67s
2026-03-21 18:50:30,114 [INFO]   SWA Ep  6/15  loss=0.9889  swa_val=89.6%  67s
2026-03-21 18:51:37,152 [INFO]   SWA Ep  7/15  loss=0.9989  swa_val=89.5%  67s
2026-03-21 18:52:44,167 [INFO]   SWA Ep  8/15  loss=0.9754  swa_val=89.7%  67s
2026-03-21 18:53:51,124 [INFO]   SWA Ep  9/15  loss=0.9892  swa_val=89.7%  67s
2026-03-21 18:54:58,006 [INFO]   SWA Ep 10/15  loss=0.9865  swa_val=89.8%  67s
2026-03-21 18:56:05,052 [INFO]   SWA Ep 11/15  loss=0.9687  swa_val=89.8%  67s
2026-03-21 18:57:12,064 [INFO]   SWA Ep 12/15  loss=0.9898  swa_val=89.8%  67s
2026-03-21 18:58:19,048 [INFO]   SWA Ep 13/15  loss=0.9832  swa_val=89.9%  67s
2026-03-21 18:59:26,064 [INFO]   SWA Ep 14/15  loss=0.9884  swa_val=89.7%  67s
2026-03-21 19:00:33,029 [INFO]   SWA Ep 15/15  loss=0.9880  swa_val=89.8%  67s
2026-03-21 19:00:33,029 [INFO]   Updating BN stats for SWA model …
2026-03-21 19:00:36,994 [INFO]   SWA final: 89.79% (regular best: 89.93%)
2026-03-21 19:00:36,994 [INFO]   Fold 3 best: 89.93%
2026-03-21 19:00:38,695 [INFO] ================================================================
2026-03-21 19:00:38,695 [INFO] FOLD 4 / 5
2026-03-21 19:00:38,695 [INFO] ================================================================
2026-03-21 19:00:38,698 [INFO]   Train: 11794 | Val: 2948
2026-03-21 19:00:38,908 [INFO] Loading pretrained weights from Hugging Face hub (timm/caformer_s18.sail_in22k_ft_in1k)
2026-03-21 19:00:39,083 [INFO] HTTP Request: HEAD https://huggingface.co/timm/caformer_s18.sail_in22k_ft_in1k/resolve/main/model.safetensors "HTTP/1.1 302 Found"
2026-03-21 19:00:39,085 [INFO] [timm/caformer_s18.sail_in22k_ft_in1k] Safe alternative available for 'pytorch_model.bin' (as 'model.safetensors'). Loading weights using safetensors.
2026-03-21 19:00:39,103 [INFO] Missing keys (head.fc.fc2.weight, head.fc.fc2.bias) discovered while loading pretrained weights. This is expected if model is being adapted.
2026-03-21 19:00:39,232 [INFO]   Born-again ← best_fold3.pt (val 89.28%)
2026-03-21 19:00:39,232 [INFO] ── Stage 1: head warmup (5 ep) ──
2026-03-21 19:01:04,599 [INFO]   S1 Ep 1/5  loss=2.1558 acc=22.5%  val=32.9%  25s
2026-03-21 19:01:04,726 [INFO]   ★ best 32.94%
2026-03-21 19:01:26,690 [INFO]   S1 Ep 2/5  loss=1.9989 acc=27.3%  val=36.7%  22s
2026-03-21 19:01:26,839 [INFO]   ★ best 36.74%
2026-03-21 19:01:48,755 [INFO]   S1 Ep 3/5  loss=1.9581 acc=29.4%  val=39.2%  22s
2026-03-21 19:01:48,920 [INFO]   ★ best 39.21%
2026-03-21 19:02:10,934 [INFO]   S1 Ep 4/5  loss=1.9096 acc=30.4%  val=39.5%  22s
2026-03-21 19:02:11,080 [INFO]   ★ best 39.52%
2026-03-21 19:02:32,987 [INFO]   S1 Ep 5/5  loss=1.8863 acc=31.6%  val=39.7%  22s
2026-03-21 19:02:33,158 [INFO]   ★ best 39.69%
2026-03-21 19:02:33,159 [INFO] ── Stage 2: full fine-tune (100 ep, patience 30) ──
2026-03-21 19:02:33,160 [INFO] LLRD: 12 groups, LR [9.49e-06 … 4.00e-05]
2026-03-21 19:03:40,272 [INFO]   S2 Ep   1/100  loss=2.0077 acc=31.3%  val=68.6%  lr=5.27e-06    67s
2026-03-21 19:03:40,411 [INFO]   ★ best 68.55%
2026-03-21 19:04:47,521 [INFO]   S2 Ep   2/100  loss=1.6327 acc=48.5%  val=81.0%  lr=1.49e-05    67s
2026-03-21 19:04:47,663 [INFO]   ★ best 81.04%
2026-03-21 19:05:54,753 [INFO]   S2 Ep   3/100  loss=1.4598 acc=55.6%  val=83.4%  lr=2.67e-05    67s
2026-03-21 19:05:54,899 [INFO]   ★ best 83.41%
2026-03-21 19:07:02,022 [INFO]   S2 Ep   4/100  loss=1.3922 acc=58.7%  val=83.8%  lr=3.63e-05    67s
2026-03-21 19:07:02,163 [INFO]   ★ best 83.82%
2026-03-21 19:08:09,287 [INFO]   S2 Ep   5/100  loss=1.3413 acc=60.7%  val=83.2%  lr=4.00e-05    67s
2026-03-21 19:09:16,397 [INFO]   S2 Ep   6/100  loss=1.3107 acc=61.5%  val=83.6%  lr=4.00e-05    67s
2026-03-21 19:10:23,448 [INFO]   S2 Ep   7/100  loss=1.2811 acc=62.3%  val=84.6%  lr=4.00e-05    67s
2026-03-21 19:10:23,609 [INFO]   ★ best 84.57%
2026-03-21 19:11:30,703 [INFO]   S2 Ep   8/100  loss=1.2787 acc=62.7%  val=84.7%  lr=3.99e-05    67s
2026-03-21 19:11:30,855 [INFO]   ★ best 84.67%
2026-03-21 19:12:37,944 [INFO]   S2 Ep   9/100  loss=1.2628 acc=63.5%  val=85.0%  lr=3.98e-05    67s
2026-03-21 19:12:38,087 [INFO]   ★ best 85.04%
2026-03-21 19:13:45,154 [INFO]   S2 Ep  10/100  loss=1.2447 acc=64.3%  val=85.8%  lr=3.97e-05    67s
2026-03-21 19:13:45,311 [INFO]   ★ best 85.82%
2026-03-21 19:14:52,462 [INFO]   S2 Ep  11/100  loss=1.2302 acc=64.8%  val=85.3%  lr=3.96e-05    67s
2026-03-21 19:15:59,629 [INFO]   S2 Ep  12/100  loss=1.2449 acc=64.0%  val=85.2%  lr=3.95e-05    67s
2026-03-21 19:17:06,726 [INFO]   S2 Ep  13/100  loss=1.2040 acc=66.6%  val=84.6%  lr=3.93e-05    67s
2026-03-21 19:18:13,920 [INFO]   S2 Ep  14/100  loss=1.2134 acc=65.3%  val=85.4%  lr=3.91e-05    67s
2026-03-21 19:19:21,030 [INFO]   S2 Ep  15/100  loss=1.2060 acc=66.0%  val=84.7%  lr=3.89e-05    67s
2026-03-21 19:20:28,136 [INFO]   S2 Ep  16/100  loss=1.1945 acc=66.5%  val=85.5%  lr=3.87e-05    67s
2026-03-21 19:21:35,242 [INFO]   S2 Ep  17/100  loss=1.1996 acc=66.0%  val=86.0%  lr=3.84e-05    67s
2026-03-21 19:21:35,392 [INFO]   ★ best 86.02%
2026-03-21 19:22:42,423 [INFO]   S2 Ep  18/100  loss=1.1990 acc=66.1%  val=86.1%  lr=3.82e-05    67s
2026-03-21 19:22:42,578 [INFO]   ★ best 86.13%
2026-03-21 19:23:49,643 [INFO]   S2 Ep  19/100  loss=1.1682 acc=67.2%  val=85.4%  lr=3.79e-05    67s
2026-03-21 19:24:56,824 [INFO]   S2 Ep  20/100  loss=1.2011 acc=66.2%  val=86.1%  lr=3.76e-05    67s
2026-03-21 19:26:03,967 [INFO]   S2 Ep  21/100  loss=1.1899 acc=66.8%  val=85.8%  lr=3.73e-05    67s
2026-03-21 19:27:11,057 [INFO]   S2 Ep  22/100  loss=1.1780 acc=67.5%  val=86.5%  lr=3.69e-05    67s
2026-03-21 19:27:11,224 [INFO]   ★ best 86.47%
2026-03-21 19:28:18,458 [INFO]   S2 Ep  23/100  loss=1.1467 acc=68.7%  val=86.4%  lr=3.66e-05    67s
2026-03-21 19:29:25,506 [INFO]   S2 Ep  24/100  loss=1.1528 acc=67.8%  val=86.2%  lr=3.62e-05    67s
2026-03-21 19:30:32,596 [INFO]   S2 Ep  25/100  loss=1.1569 acc=68.0%  val=85.7%  lr=3.58e-05    67s
2026-03-21 19:31:39,684 [INFO]   S2 Ep  26/100  loss=1.1341 acc=68.9%  val=86.6%  lr=3.54e-05    67s
2026-03-21 19:31:39,836 [INFO]   ★ best 86.57%
2026-03-21 19:32:46,874 [INFO]   S2 Ep  27/100  loss=1.1478 acc=68.3%  val=86.9%  lr=3.49e-05    67s
2026-03-21 19:32:47,031 [INFO]   ★ best 86.91%
2026-03-21 19:33:54,089 [INFO]   S2 Ep  28/100  loss=1.1629 acc=67.6%  val=86.6%  lr=3.45e-05    67s
2026-03-21 19:35:01,173 [INFO]   S2 Ep  29/100  loss=1.1542 acc=68.0%  val=86.9%  lr=3.40e-05    67s
2026-03-21 19:35:01,314 [INFO]   ★ best 86.94%
2026-03-21 19:36:08,411 [INFO]   S2 Ep  30/100  loss=1.1407 acc=68.6%  val=86.4%  lr=3.35e-05    67s
2026-03-21 19:37:15,514 [INFO]   S2 Ep  31/100  loss=1.1168 acc=69.7%  val=86.4%  lr=3.31e-05    67s
2026-03-21 19:38:22,579 [INFO]   S2 Ep  32/100  loss=1.1593 acc=68.2%  val=86.7%  lr=3.25e-05    67s
2026-03-21 19:39:29,850 [INFO]   S2 Ep  33/100  loss=1.0929 acc=70.6%  val=86.3%  lr=3.20e-05    67s
2026-03-21 19:40:36,974 [INFO]   S2 Ep  34/100  loss=1.1396 acc=69.0%  val=87.0%  lr=3.15e-05    67s
2026-03-21 19:40:37,119 [INFO]   ★ best 86.97%
2026-03-21 19:41:44,240 [INFO]   S2 Ep  35/100  loss=1.1048 acc=70.6%  val=87.5%  lr=3.09e-05    67s
2026-03-21 19:41:44,386 [INFO]   ★ best 87.48%
2026-03-21 19:42:51,468 [INFO]   S2 Ep  36/100  loss=1.1134 acc=69.9%  val=86.8%  lr=3.04e-05    67s
2026-03-21 19:43:58,536 [INFO]   S2 Ep  37/100  loss=1.1371 acc=68.3%  val=87.1%  lr=2.98e-05    67s
2026-03-21 19:45:05,609 [INFO]   S2 Ep  38/100  loss=1.1128 acc=69.6%  val=86.8%  lr=2.92e-05    67s
2026-03-21 19:46:12,710 [INFO]   S2 Ep  39/100  loss=1.1011 acc=70.3%  val=86.7%  lr=2.86e-05    67s
2026-03-21 19:47:19,841 [INFO]   S2 Ep  40/100  loss=1.1065 acc=69.9%  val=86.8%  lr=2.80e-05    67s
2026-03-21 19:48:27,023 [INFO]   S2 Ep  41/100  loss=1.0958 acc=70.4%  val=86.5%  lr=2.74e-05    67s
2026-03-21 19:49:34,156 [INFO]   S2 Ep  42/100  loss=1.1150 acc=69.2%  val=87.4%  lr=2.68e-05    67s
2026-03-21 19:50:41,326 [INFO]   S2 Ep  43/100  loss=1.0801 acc=71.1%  val=87.0%  lr=2.62e-05    67s
2026-03-21 19:51:48,462 [INFO]   S2 Ep  44/100  loss=1.0910 acc=70.5%  val=87.5%  lr=2.55e-05    67s
2026-03-21 19:52:55,621 [INFO]   S2 Ep  45/100  loss=1.0743 acc=71.3%  val=87.0%  lr=2.49e-05    67s
2026-03-21 19:54:02,779 [INFO]   S2 Ep  46/100  loss=1.0900 acc=71.0%  val=87.1%  lr=2.43e-05    67s
2026-03-21 19:55:09,828 [INFO]   S2 Ep  47/100  loss=1.1222 acc=69.1%  val=88.2%  lr=2.36e-05    67s
2026-03-21 19:55:09,971 [INFO]   ★ best 88.23%
2026-03-21 19:56:17,043 [INFO]   S2 Ep  48/100  loss=1.0601 acc=71.5%  val=87.5%  lr=2.30e-05    67s
2026-03-21 19:57:24,175 [INFO]   S2 Ep  49/100  loss=1.0627 acc=72.0%  val=87.3%  lr=2.23e-05    67s
2026-03-21 19:58:31,325 [INFO]   S2 Ep  50/100  loss=1.0670 acc=71.3%  val=87.2%  lr=2.17e-05    67s
2026-03-21 19:59:38,471 [INFO]   S2 Ep  51/100  loss=1.0565 acc=72.4%  val=87.2%  lr=2.10e-05    67s
2026-03-21 20:00:45,506 [INFO]   S2 Ep  52/100  loss=1.0546 acc=72.2%  val=88.0%  lr=2.03e-05    67s
2026-03-21 20:01:52,640 [INFO]   S2 Ep  53/100  loss=1.0508 acc=72.1%  val=87.3%  lr=1.97e-05    67s
2026-03-21 20:02:59,748 [INFO]   S2 Ep  54/100  loss=1.0652 acc=71.6%  val=88.0%  lr=1.90e-05    67s
2026-03-21 20:04:06,928 [INFO]   S2 Ep  55/100  loss=1.0794 acc=71.0%  val=87.7%  lr=1.83e-05    67s
2026-03-21 20:05:13,990 [INFO]   S2 Ep  56/100  loss=1.0612 acc=72.0%  val=88.2%  lr=1.77e-05    67s
2026-03-21 20:06:21,115 [INFO]   S2 Ep  57/100  loss=1.0511 acc=72.3%  val=87.9%  lr=1.70e-05    67s
2026-03-21 20:07:28,220 [INFO]   S2 Ep  58/100  loss=1.0359 acc=73.2%  val=87.3%  lr=1.64e-05    67s
2026-03-21 20:08:35,352 [INFO]   S2 Ep  59/100  loss=1.0540 acc=72.2%  val=87.7%  lr=1.57e-05    67s
2026-03-21 20:09:42,512 [INFO]   S2 Ep  60/100  loss=1.0515 acc=72.3%  val=88.4%  lr=1.51e-05    67s
2026-03-21 20:09:42,663 [INFO]   ★ best 88.36%
2026-03-21 20:10:49,815 [INFO]   S2 Ep  61/100  loss=1.0331 acc=72.6%  val=88.0%  lr=1.45e-05    67s
2026-03-21 20:11:56,901 [INFO]   S2 Ep  62/100  loss=1.0486 acc=72.4%  val=88.2%  lr=1.38e-05    67s
2026-03-21 20:13:04,045 [INFO]   S2 Ep  63/100  loss=1.0565 acc=72.3%  val=88.1%  lr=1.32e-05    67s
2026-03-21 20:14:11,127 [INFO]   S2 Ep  64/100  loss=1.0370 acc=73.2%  val=88.1%  lr=1.26e-05    67s
2026-03-21 20:15:18,244 [INFO]   S2 Ep  65/100  loss=1.0425 acc=72.5%  val=88.2%  lr=1.20e-05    67s
2026-03-21 20:16:25,276 [INFO]   S2 Ep  66/100  loss=1.0230 acc=73.5%  val=87.8%  lr=1.14e-05    67s
2026-03-21 20:17:32,451 [INFO]   S2 Ep  67/100  loss=1.0483 acc=72.0%  val=88.4%  lr=1.08e-05    67s
2026-03-21 20:17:32,606 [INFO]   ★ best 88.43%
2026-03-21 20:18:39,728 [INFO]   S2 Ep  68/100  loss=1.0185 acc=73.8%  val=88.0%  lr=1.02e-05    67s
2026-03-21 20:19:46,831 [INFO]   S2 Ep  69/100  loss=1.0275 acc=73.3%  val=88.1%  lr=9.62e-06    67s
2026-03-21 20:20:53,976 [INFO]   S2 Ep  70/100  loss=1.0337 acc=73.1%  val=88.4%  lr=9.06e-06    67s
2026-03-21 20:22:01,055 [INFO]   S2 Ep  71/100  loss=1.0272 acc=72.9%  val=88.8%  lr=8.51e-06    67s
2026-03-21 20:22:01,197 [INFO]   ★ best 88.77%
2026-03-21 20:23:08,305 [INFO]   S2 Ep  72/100  loss=1.0268 acc=72.9%  val=88.7%  lr=7.98e-06    67s
2026-03-21 20:24:15,449 [INFO]   S2 Ep  73/100  loss=1.0035 acc=74.1%  val=88.3%  lr=7.46e-06    67s
2026-03-21 20:25:22,497 [INFO]   S2 Ep  74/100  loss=1.0166 acc=73.6%  val=88.3%  lr=6.95e-06    67s
2026-03-21 20:26:29,596 [INFO]   S2 Ep  75/100  loss=1.0203 acc=73.5%  val=88.3%  lr=6.45e-06    67s
2026-03-21 20:27:36,630 [INFO]   S2 Ep  76/100  loss=1.0221 acc=73.3%  val=88.4%  lr=5.98e-06    67s
2026-03-21 20:28:43,705 [INFO]   S2 Ep  77/100  loss=1.0099 acc=74.1%  val=88.7%  lr=5.51e-06    67s
2026-03-21 20:29:50,907 [INFO]   S2 Ep  78/100  loss=1.0116 acc=73.8%  val=88.1%  lr=5.06e-06    67s
2026-03-21 20:30:58,076 [INFO]   S2 Ep  79/100  loss=1.0080 acc=73.6%  val=88.3%  lr=4.63e-06    67s
2026-03-21 20:32:05,184 [INFO]   S2 Ep  80/100  loss=1.0100 acc=74.0%  val=88.6%  lr=4.22e-06    67s
2026-03-21 20:33:12,206 [INFO]   S2 Ep  81/100  loss=1.0245 acc=73.1%  val=88.6%  lr=3.82e-06    67s
2026-03-21 20:34:19,311 [INFO]   S2 Ep  82/100  loss=1.0448 acc=72.2%  val=88.4%  lr=3.44e-06    67s
2026-03-21 20:35:28,341 [INFO]   S2 Ep  83/100  loss=1.0085 acc=74.1%  val=88.6%  lr=3.08e-06    69s
2026-03-21 20:36:35,352 [INFO]   S2 Ep  84/100  loss=1.0057 acc=73.5%  val=88.8%  lr=2.74e-06    67s
2026-03-21 20:36:35,492 [INFO]   ★ best 88.81%
2026-03-21 20:37:42,496 [INFO]   S2 Ep  85/100  loss=0.9878 acc=74.6%  val=88.8%  lr=2.41e-06    67s
2026-03-21 20:38:49,544 [INFO]   S2 Ep  86/100  loss=1.0111 acc=73.4%  val=88.7%  lr=2.11e-06    67s
2026-03-21 20:39:56,694 [INFO]   S2 Ep  87/100  loss=0.9925 acc=74.6%  val=88.8%  lr=1.82e-06    67s
2026-03-21 20:41:03,793 [INFO]   S2 Ep  88/100  loss=0.9897 acc=74.7%  val=88.9%  lr=1.56e-06    67s
2026-03-21 20:41:03,938 [INFO]   ★ best 88.87%
2026-03-21 20:42:11,229 [INFO]   S2 Ep  89/100  loss=1.0310 acc=72.9%  val=88.6%  lr=1.31e-06    67s
2026-03-21 20:43:18,283 [INFO]   S2 Ep  90/100  loss=1.0126 acc=73.5%  val=88.9%  lr=1.08e-06    67s
2026-03-21 20:44:25,390 [INFO]   S2 Ep  91/100  loss=1.0148 acc=74.0%  val=89.0%  lr=8.81e-07    67s
2026-03-21 20:44:25,536 [INFO]   ★ best 88.98%
2026-03-21 20:45:32,553 [INFO]   S2 Ep  92/100  loss=1.0025 acc=74.0%  val=89.1%  lr=6.97e-07    67s
2026-03-21 20:45:32,688 [INFO]   ★ best 89.11%
2026-03-21 20:46:39,764 [INFO]   S2 Ep  93/100  loss=1.0141 acc=73.3%  val=88.9%  lr=5.35e-07    67s
2026-03-21 20:47:46,729 [INFO]   S2 Ep  94/100  loss=0.9956 acc=74.5%  val=89.0%  lr=3.94e-07    67s
2026-03-21 20:48:53,809 [INFO]   S2 Ep  95/100  loss=1.0071 acc=73.8%  val=88.9%  lr=2.74e-07    67s
2026-03-21 20:50:00,822 [INFO]   S2 Ep  96/100  loss=0.9914 acc=74.6%  val=89.0%  lr=1.76e-07    67s
2026-03-21 20:51:07,896 [INFO]   S2 Ep  97/100  loss=0.9792 acc=75.5%  val=88.9%  lr=9.98e-08    67s
2026-03-21 20:52:14,964 [INFO]   S2 Ep  98/100  loss=0.9825 acc=74.9%  val=89.0%  lr=4.53e-08    67s
2026-03-21 20:53:22,023 [INFO]   S2 Ep  99/100  loss=1.0127 acc=74.1%  val=89.0%  lr=1.25e-08    67s
2026-03-21 20:54:29,084 [INFO]   S2 Ep 100/100  loss=1.0048 acc=73.5%  val=89.0%  lr=1.60e-09    67s
2026-03-21 20:54:29,086 [INFO] ── Stage 3: SWA (15 ep, lr=4.0e-06) ──
2026-03-21 20:55:36,215 [INFO]   SWA Ep  1/15  loss=0.9912  swa_val=88.2%  67s
2026-03-21 20:56:43,272 [INFO]   SWA Ep  2/15  loss=1.0001  swa_val=88.3%  67s
2026-03-21 20:57:50,337 [INFO]   SWA Ep  3/15  loss=1.0115  swa_val=88.5%  67s
2026-03-21 20:58:57,399 [INFO]   SWA Ep  4/15  loss=1.0146  swa_val=88.6%  67s
2026-03-21 21:00:04,456 [INFO]   SWA Ep  5/15  loss=1.0249  swa_val=88.6%  67s
2026-03-21 21:01:11,429 [INFO]   SWA Ep  6/15  loss=1.0041  swa_val=88.8%  67s
2026-03-21 21:02:18,449 [INFO]   SWA Ep  7/15  loss=1.0137  swa_val=88.9%  67s
2026-03-21 21:03:25,443 [INFO]   SWA Ep  8/15  loss=1.0029  swa_val=88.9%  67s
2026-03-21 21:04:32,506 [INFO]   SWA Ep  9/15  loss=0.9915  swa_val=88.9%  67s
2026-03-21 21:05:39,544 [INFO]   SWA Ep 10/15  loss=1.0250  swa_val=88.9%  67s
2026-03-21 21:06:46,612 [INFO]   SWA Ep 11/15  loss=0.9967  swa_val=88.9%  67s
2026-03-21 21:07:53,684 [INFO]   SWA Ep 12/15  loss=1.0081  swa_val=88.9%  67s
2026-03-21 21:09:00,694 [INFO]   SWA Ep 13/15  loss=0.9905  swa_val=88.9%  67s
2026-03-21 21:10:07,896 [INFO]   SWA Ep 14/15  loss=1.0053  swa_val=88.9%  67s
2026-03-21 21:11:14,951 [INFO]   SWA Ep 15/15  loss=1.0217  swa_val=88.8%  67s
2026-03-21 21:11:14,951 [INFO]   Updating BN stats for SWA model …
2026-03-21 21:11:18,946 [INFO]   SWA final: 88.84% (regular best: 89.11%)
2026-03-21 21:11:18,946 [INFO]   Fold 4 best: 89.11%
2026-03-21 21:11:21,116 [INFO] ================================================================
2026-03-21 21:11:21,116 [INFO] FOLD 5 / 5
2026-03-21 21:11:21,116 [INFO] ================================================================
2026-03-21 21:11:21,119 [INFO]   Train: 11794 | Val: 2948
2026-03-21 21:11:21,334 [INFO] Loading pretrained weights from Hugging Face hub (timm/caformer_s18.sail_in22k_ft_in1k)
2026-03-21 21:11:21,391 [INFO] HTTP Request: HEAD https://huggingface.co/timm/caformer_s18.sail_in22k_ft_in1k/resolve/main/model.safetensors "HTTP/1.1 302 Found"
2026-03-21 21:11:21,393 [INFO] [timm/caformer_s18.sail_in22k_ft_in1k] Safe alternative available for 'pytorch_model.bin' (as 'model.safetensors'). Loading weights using safetensors.
2026-03-21 21:11:21,409 [INFO] Missing keys (head.fc.fc2.weight, head.fc.fc2.bias) discovered while loading pretrained weights. This is expected if model is being adapted.
2026-03-21 21:11:21,544 [INFO]   Born-again ← best_fold4.pt (val 89.99%)
2026-03-21 21:11:21,545 [INFO] ── Stage 1: head warmup (5 ep) ──
2026-03-21 21:11:47,056 [INFO]   S1 Ep 1/5  loss=2.1622 acc=22.5%  val=34.0%  26s
2026-03-21 21:11:47,183 [INFO]   ★ best 34.02%
2026-03-21 21:12:09,131 [INFO]   S1 Ep 2/5  loss=2.0294 acc=26.7%  val=38.5%  22s
2026-03-21 21:12:09,274 [INFO]   ★ best 38.53%
2026-03-21 21:12:31,278 [INFO]   S1 Ep 3/5  loss=1.9689 acc=28.7%  val=40.3%  22s
2026-03-21 21:12:31,413 [INFO]   ★ best 40.33%
2026-03-21 21:12:53,449 [INFO]   S1 Ep 4/5  loss=1.9178 acc=31.0%  val=41.5%  22s
2026-03-21 21:12:53,584 [INFO]   ★ best 41.52%
2026-03-21 21:13:15,556 [INFO]   S1 Ep 5/5  loss=1.9021 acc=31.2%  val=41.4%  22s
2026-03-21 21:13:15,557 [INFO] ── Stage 2: full fine-tune (100 ep, patience 30) ──
2026-03-21 21:13:15,558 [INFO] LLRD: 12 groups, LR [9.49e-06 … 4.00e-05]
2026-03-21 21:14:22,580 [INFO]   S2 Ep   1/100  loss=1.9929 acc=32.0%  val=71.3%  lr=5.27e-06    67s
2026-03-21 21:14:22,733 [INFO]   ★ best 71.27%
2026-03-21 21:15:29,949 [INFO]   S2 Ep   2/100  loss=1.5724 acc=50.9%  val=81.5%  lr=1.49e-05    67s
2026-03-21 21:15:30,101 [INFO]   ★ best 81.55%
2026-03-21 21:16:37,119 [INFO]   S2 Ep   3/100  loss=1.4018 acc=58.2%  val=83.9%  lr=2.67e-05    67s
2026-03-21 21:16:37,251 [INFO]   ★ best 83.89%
2026-03-21 21:17:44,252 [INFO]   S2 Ep   4/100  loss=1.3038 acc=62.0%  val=85.0%  lr=3.63e-05    67s
2026-03-21 21:17:44,403 [INFO]   ★ best 85.04%
2026-03-21 21:18:51,408 [INFO]   S2 Ep   5/100  loss=1.2901 acc=62.5%  val=85.5%  lr=4.00e-05    67s
2026-03-21 21:18:51,568 [INFO]   ★ best 85.48%
2026-03-21 21:19:58,647 [INFO]   S2 Ep   6/100  loss=1.2748 acc=62.4%  val=84.9%  lr=4.00e-05    67s
2026-03-21 21:21:05,654 [INFO]   S2 Ep   7/100  loss=1.2476 acc=63.8%  val=84.4%  lr=4.00e-05    67s
2026-03-21 21:22:12,663 [INFO]   S2 Ep   8/100  loss=1.2089 acc=65.5%  val=85.1%  lr=3.99e-05    67s
2026-03-21 21:23:19,710 [INFO]   S2 Ep   9/100  loss=1.2007 acc=66.1%  val=85.4%  lr=3.98e-05    67s
2026-03-21 21:24:26,777 [INFO]   S2 Ep  10/100  loss=1.2101 acc=65.3%  val=85.5%  lr=3.97e-05    67s
2026-03-21 21:24:26,927 [INFO]   ★ best 85.55%
2026-03-21 21:25:33,959 [INFO]   S2 Ep  11/100  loss=1.1960 acc=66.3%  val=85.9%  lr=3.96e-05    67s
2026-03-21 21:25:34,106 [INFO]   ★ best 85.89%
2026-03-21 21:26:41,159 [INFO]   S2 Ep  12/100  loss=1.1585 acc=68.1%  val=84.6%  lr=3.95e-05    67s
2026-03-21 21:27:48,296 [INFO]   S2 Ep  13/100  loss=1.1781 acc=66.3%  val=85.4%  lr=3.93e-05    67s
2026-03-21 21:28:55,390 [INFO]   S2 Ep  14/100  loss=1.1537 acc=67.9%  val=85.0%  lr=3.91e-05    67s
2026-03-21 21:30:02,413 [INFO]   S2 Ep  15/100  loss=1.1557 acc=67.9%  val=85.5%  lr=3.89e-05    67s
2026-03-21 21:31:09,482 [INFO]   S2 Ep  16/100  loss=1.1782 acc=66.8%  val=85.4%  lr=3.87e-05    67s
2026-03-21 21:32:16,496 [INFO]   S2 Ep  17/100  loss=1.1633 acc=67.4%  val=84.8%  lr=3.84e-05    67s
2026-03-21 21:33:23,507 [INFO]   S2 Ep  18/100  loss=1.1330 acc=68.6%  val=85.8%  lr=3.82e-05    67s
2026-03-21 21:34:30,530 [INFO]   S2 Ep  19/100  loss=1.1675 acc=67.1%  val=85.0%  lr=3.79e-05    67s
2026-03-21 21:35:37,607 [INFO]   S2 Ep  20/100  loss=1.1190 acc=69.5%  val=86.0%  lr=3.76e-05    67s
2026-03-21 21:35:37,742 [INFO]   ★ best 86.02%
2026-03-21 21:36:44,729 [INFO]   S2 Ep  21/100  loss=1.1347 acc=68.8%  val=86.3%  lr=3.73e-05    67s
2026-03-21 21:36:44,887 [INFO]   ★ best 86.30%
2026-03-21 21:37:51,937 [INFO]   S2 Ep  22/100  loss=1.1671 acc=67.5%  val=85.6%  lr=3.69e-05    67s
2026-03-21 21:38:58,932 [INFO]   S2 Ep  23/100  loss=1.1628 acc=67.2%  val=86.1%  lr=3.66e-05    67s
2026-03-21 21:40:05,963 [INFO]   S2 Ep  24/100  loss=1.0845 acc=71.3%  val=85.1%  lr=3.62e-05    67s
2026-03-21 21:41:13,023 [INFO]   S2 Ep  25/100  loss=1.1147 acc=69.6%  val=86.2%  lr=3.58e-05    67s
2026-03-21 21:42:20,001 [INFO]   S2 Ep  26/100  loss=1.1109 acc=69.2%  val=86.4%  lr=3.54e-05    67s
2026-03-21 21:42:20,152 [INFO]   ★ best 86.43%
2026-03-21 21:43:27,137 [INFO]   S2 Ep  27/100  loss=1.1311 acc=68.7%  val=86.0%  lr=3.49e-05    67s
2026-03-21 21:44:34,232 [INFO]   S2 Ep  28/100  loss=1.0973 acc=69.7%  val=86.1%  lr=3.45e-05    67s
2026-03-21 21:45:41,233 [INFO]   S2 Ep  29/100  loss=1.0979 acc=70.3%  val=86.1%  lr=3.40e-05    67s
2026-03-21 21:46:48,246 [INFO]   S2 Ep  30/100  loss=1.0949 acc=70.6%  val=86.6%  lr=3.35e-05    67s
2026-03-21 21:46:48,387 [INFO]   ★ best 86.64%
2026-03-21 21:47:55,345 [INFO]   S2 Ep  31/100  loss=1.0901 acc=70.4%  val=86.3%  lr=3.31e-05    67s
2026-03-21 21:49:02,354 [INFO]   S2 Ep  32/100  loss=1.0733 acc=71.5%  val=87.0%  lr=3.25e-05    67s
2026-03-21 21:49:02,496 [INFO]   ★ best 87.01%
2026-03-21 21:50:09,508 [INFO]   S2 Ep  33/100  loss=1.0820 acc=70.9%  val=85.5%  lr=3.20e-05    67s
2026-03-21 21:51:16,514 [INFO]   S2 Ep  34/100  loss=1.0909 acc=70.6%  val=86.9%  lr=3.15e-05    67s
2026-03-21 21:52:23,486 [INFO]   S2 Ep  35/100  loss=1.0646 acc=71.6%  val=86.9%  lr=3.09e-05    67s
2026-03-21 21:53:30,488 [INFO]   S2 Ep  36/100  loss=1.0932 acc=70.3%  val=86.6%  lr=3.04e-05    67s
2026-03-21 21:54:37,587 [INFO]   S2 Ep  37/100  loss=1.0802 acc=71.4%  val=85.8%  lr=2.98e-05    67s
2026-03-21 21:55:44,600 [INFO]   S2 Ep  38/100  loss=1.0760 acc=71.1%  val=86.4%  lr=2.92e-05    67s
2026-03-21 21:56:51,657 [INFO]   S2 Ep  39/100  loss=1.0590 acc=71.6%  val=87.3%  lr=2.86e-05    67s
2026-03-21 21:56:51,827 [INFO]   ★ best 87.28%
2026-03-21 21:57:58,936 [INFO]   S2 Ep  40/100  loss=1.0894 acc=70.0%  val=86.8%  lr=2.80e-05    67s
2026-03-21 21:59:06,061 [INFO]   S2 Ep  41/100  loss=1.0582 acc=71.5%  val=87.0%  lr=2.74e-05    67s
2026-03-21 22:00:13,075 [INFO]   S2 Ep  42/100  loss=1.0601 acc=71.7%  val=87.5%  lr=2.68e-05    67s
2026-03-21 22:00:13,231 [INFO]   ★ best 87.48%
2026-03-21 22:01:20,310 [INFO]   S2 Ep  43/100  loss=1.0571 acc=71.9%  val=87.2%  lr=2.62e-05    67s
2026-03-21 22:02:27,316 [INFO]   S2 Ep  44/100  loss=1.0635 acc=71.6%  val=87.2%  lr=2.55e-05    67s
2026-03-21 22:03:34,281 [INFO]   S2 Ep  45/100  loss=1.0378 acc=72.6%  val=87.6%  lr=2.49e-05    67s
2026-03-21 22:03:34,430 [INFO]   ★ best 87.58%
2026-03-21 22:04:41,402 [INFO]   S2 Ep  46/100  loss=1.0659 acc=71.3%  val=87.1%  lr=2.43e-05    67s
2026-03-21 22:05:48,371 [INFO]   S2 Ep  47/100  loss=1.0283 acc=72.9%  val=88.1%  lr=2.36e-05    67s
2026-03-21 22:05:48,511 [INFO]   ★ best 88.06%
2026-03-21 22:06:55,460 [INFO]   S2 Ep  48/100  loss=1.0366 acc=72.9%  val=87.4%  lr=2.30e-05    67s
2026-03-21 22:08:02,569 [INFO]   S2 Ep  49/100  loss=1.0432 acc=72.1%  val=87.2%  lr=2.23e-05    67s
2026-03-21 22:09:09,541 [INFO]   S2 Ep  50/100  loss=1.0489 acc=72.3%  val=86.9%  lr=2.17e-05    67s
2026-03-21 22:10:16,533 [INFO]   S2 Ep  51/100  loss=1.0427 acc=72.5%  val=87.8%  lr=2.10e-05    67s
2026-03-21 22:11:23,524 [INFO]   S2 Ep  52/100  loss=1.0443 acc=72.1%  val=87.6%  lr=2.03e-05    67s
2026-03-21 22:12:30,469 [INFO]   S2 Ep  53/100  loss=1.0045 acc=74.2%  val=87.4%  lr=1.97e-05    67s
2026-03-21 22:13:37,433 [INFO]   S2 Ep  54/100  loss=1.0178 acc=73.4%  val=87.6%  lr=1.90e-05    67s
2026-03-21 22:14:44,515 [INFO]   S2 Ep  55/100  loss=1.0312 acc=72.6%  val=87.6%  lr=1.83e-05    67s
2026-03-21 22:15:51,510 [INFO]   S2 Ep  56/100  loss=1.0214 acc=73.0%  val=88.2%  lr=1.77e-05    67s
2026-03-21 22:15:51,648 [INFO]   ★ best 88.23%
2026-03-21 22:16:58,649 [INFO]   S2 Ep  57/100  loss=1.0352 acc=72.8%  val=87.7%  lr=1.70e-05    67s
2026-03-21 22:18:05,661 [INFO]   S2 Ep  58/100  loss=1.0051 acc=74.2%  val=88.1%  lr=1.64e-05    67s
2026-03-21 22:19:12,643 [INFO]   S2 Ep  59/100  loss=1.0356 acc=72.3%  val=87.8%  lr=1.57e-05    67s
2026-03-21 22:20:19,659 [INFO]   S2 Ep  60/100  loss=1.0137 acc=73.7%  val=88.1%  lr=1.51e-05    67s
2026-03-21 22:21:26,655 [INFO]   S2 Ep  61/100  loss=0.9936 acc=74.1%  val=88.2%  lr=1.45e-05    67s
2026-03-21 22:22:33,755 [INFO]   S2 Ep  62/100  loss=1.0104 acc=73.5%  val=88.3%  lr=1.38e-05    67s
2026-03-21 22:22:33,908 [INFO]   ★ best 88.30%
2026-03-21 22:23:40,867 [INFO]   S2 Ep  63/100  loss=0.9899 acc=74.1%  val=88.2%  lr=1.32e-05    67s
2026-03-21 22:24:47,837 [INFO]   S2 Ep  64/100  loss=0.9987 acc=74.0%  val=88.4%  lr=1.26e-05    67s
2026-03-21 22:24:47,979 [INFO]   ★ best 88.43%
2026-03-21 22:25:55,054 [INFO]   S2 Ep  65/100  loss=0.9943 acc=74.7%  val=87.8%  lr=1.20e-05    67s
2026-03-21 22:27:02,071 [INFO]   S2 Ep  66/100  loss=1.0083 acc=73.3%  val=88.1%  lr=1.14e-05    67s
2026-03-21 22:28:09,138 [INFO]   S2 Ep  67/100  loss=1.0226 acc=72.6%  val=88.6%  lr=1.08e-05    67s
2026-03-21 22:28:09,288 [INFO]   ★ best 88.57%
2026-03-21 22:29:16,313 [INFO]   S2 Ep  68/100  loss=0.9992 acc=73.6%  val=88.6%  lr=1.02e-05    67s
2026-03-21 22:29:16,447 [INFO]   ★ best 88.60%
2026-03-21 22:30:23,462 [INFO]   S2 Ep  69/100  loss=0.9974 acc=73.9%  val=88.7%  lr=9.62e-06    67s
2026-03-21 22:30:23,603 [INFO]   ★ best 88.70%
2026-03-21 22:31:30,641 [INFO]   S2 Ep  70/100  loss=1.0166 acc=72.8%  val=88.1%  lr=9.06e-06    67s
2026-03-21 22:32:37,558 [INFO]   S2 Ep  71/100  loss=1.0198 acc=73.3%  val=88.6%  lr=8.51e-06    67s
2026-03-21 22:33:44,500 [INFO]   S2 Ep  72/100  loss=1.0110 acc=72.8%  val=88.8%  lr=7.98e-06    67s
2026-03-21 22:33:44,647 [INFO]   ★ best 88.84%
2026-03-21 22:34:51,629 [INFO]   S2 Ep  73/100  loss=0.9734 acc=75.3%  val=88.9%  lr=7.46e-06    67s
2026-03-21 22:34:51,791 [INFO]   ★ best 88.94%
2026-03-21 22:35:58,768 [INFO]   S2 Ep  74/100  loss=1.0198 acc=72.7%  val=88.8%  lr=6.95e-06    67s
2026-03-21 22:37:05,730 [INFO]   S2 Ep  75/100  loss=0.9966 acc=74.1%  val=88.5%  lr=6.45e-06    67s
2026-03-21 22:38:12,775 [INFO]   S2 Ep  76/100  loss=0.9944 acc=74.4%  val=89.1%  lr=5.98e-06    67s
2026-03-21 22:38:12,924 [INFO]   ★ best 89.11%
2026-03-21 22:39:19,893 [INFO]   S2 Ep  77/100  loss=0.9970 acc=73.8%  val=89.1%  lr=5.51e-06    67s
2026-03-21 22:39:20,053 [INFO]   ★ best 89.15%
2026-03-21 22:40:27,092 [INFO]   S2 Ep  78/100  loss=0.9806 acc=74.4%  val=88.5%  lr=5.06e-06    67s
2026-03-21 22:41:34,116 [INFO]   S2 Ep  79/100  loss=0.9962 acc=73.9%  val=88.7%  lr=4.63e-06    67s
2026-03-21 22:42:41,100 [INFO]   S2 Ep  80/100  loss=0.9930 acc=74.0%  val=88.9%  lr=4.22e-06    67s
2026-03-21 22:43:48,139 [INFO]   S2 Ep  81/100  loss=0.9670 acc=74.8%  val=89.2%  lr=3.82e-06    67s
2026-03-21 22:43:48,286 [INFO]   ★ best 89.18%
2026-03-21 22:44:55,275 [INFO]   S2 Ep  82/100  loss=0.9764 acc=75.1%  val=89.1%  lr=3.44e-06    67s
2026-03-21 22:46:02,259 [INFO]   S2 Ep  83/100  loss=0.9867 acc=74.0%  val=89.0%  lr=3.08e-06    67s
2026-03-21 22:47:09,265 [INFO]   S2 Ep  84/100  loss=0.9918 acc=73.6%  val=89.3%  lr=2.74e-06    67s
2026-03-21 22:47:09,419 [INFO]   ★ best 89.35%
2026-03-21 22:48:16,436 [INFO]   S2 Ep  85/100  loss=0.9716 acc=75.2%  val=89.4%  lr=2.41e-06    67s
2026-03-21 22:48:16,579 [INFO]   ★ best 89.38%
2026-03-21 22:49:23,549 [INFO]   S2 Ep  86/100  loss=0.9753 acc=75.0%  val=89.3%  lr=2.11e-06    67s
2026-03-21 22:50:30,495 [INFO]   S2 Ep  87/100  loss=0.9683 acc=75.2%  val=89.0%  lr=1.82e-06    67s
2026-03-21 22:51:37,473 [INFO]   S2 Ep  88/100  loss=0.9868 acc=73.4%  val=89.6%  lr=1.56e-06    67s
2026-03-21 22:51:37,624 [INFO]   ★ best 89.59%
2026-03-21 22:52:44,636 [INFO]   S2 Ep  89/100  loss=0.9546 acc=75.8%  val=89.5%  lr=1.31e-06    67s
2026-03-21 22:53:51,661 [INFO]   S2 Ep  90/100  loss=0.9770 acc=74.5%  val=89.6%  lr=1.08e-06    67s
2026-03-21 22:54:58,687 [INFO]   S2 Ep  91/100  loss=1.0023 acc=73.5%  val=89.7%  lr=8.81e-07    67s
2026-03-21 22:54:58,832 [INFO]   ★ best 89.65%
2026-03-21 22:56:05,847 [INFO]   S2 Ep  92/100  loss=0.9897 acc=73.8%  val=89.7%  lr=6.97e-07    67s
2026-03-21 22:57:13,047 [INFO]   S2 Ep  93/100  loss=0.9752 acc=75.2%  val=89.6%  lr=5.35e-07    67s
2026-03-21 22:58:20,089 [INFO]   S2 Ep  94/100  loss=0.9751 acc=75.3%  val=89.3%  lr=3.94e-07    67s
2026-03-21 22:59:27,119 [INFO]   S2 Ep  95/100  loss=0.9908 acc=73.8%  val=89.5%  lr=2.74e-07    67s
2026-03-21 23:00:34,125 [INFO]   S2 Ep  96/100  loss=0.9562 acc=75.9%  val=89.6%  lr=1.76e-07    67s
2026-03-21 23:01:41,184 [INFO]   S2 Ep  97/100  loss=0.9645 acc=75.6%  val=89.6%  lr=9.98e-08    67s
2026-03-21 23:02:48,238 [INFO]   S2 Ep  98/100  loss=0.9580 acc=75.9%  val=89.6%  lr=4.53e-08    67s
2026-03-21 23:03:55,299 [INFO]   S2 Ep  99/100  loss=0.9616 acc=75.2%  val=89.6%  lr=1.25e-08    67s
2026-03-21 23:05:02,268 [INFO]   S2 Ep 100/100  loss=0.9944 acc=73.6%  val=89.6%  lr=1.60e-09    67s
2026-03-21 23:05:02,269 [INFO] ── Stage 3: SWA (15 ep, lr=4.0e-06) ──
2026-03-21 23:06:09,294 [INFO]   SWA Ep  1/15  loss=0.9708  swa_val=89.0%  67s
2026-03-21 23:07:16,238 [INFO]   SWA Ep  2/15  loss=0.9953  swa_val=89.6%  67s
2026-03-21 23:08:23,138 [INFO]   SWA Ep  3/15  loss=0.9781  swa_val=89.6%  67s
2026-03-21 23:09:30,055 [INFO]   SWA Ep  4/15  loss=0.9917  swa_val=89.4%  67s
2026-03-21 23:10:36,990 [INFO]   SWA Ep  5/15  loss=0.9715  swa_val=89.4%  67s
2026-03-21 23:11:43,901 [INFO]   SWA Ep  6/15  loss=0.9809  swa_val=89.3%  67s
2026-03-21 23:12:50,918 [INFO]   SWA Ep  7/15  loss=0.9651  swa_val=89.2%  67s
2026-03-21 23:13:57,904 [INFO]   SWA Ep  8/15  loss=0.9652  swa_val=89.3%  67s
2026-03-21 23:15:04,870 [INFO]   SWA Ep  9/15  loss=0.9889  swa_val=89.0%  67s
2026-03-21 23:16:11,873 [INFO]   SWA Ep 10/15  loss=0.9718  swa_val=89.1%  67s
2026-03-21 23:17:18,839 [INFO]   SWA Ep 11/15  loss=0.9952  swa_val=89.1%  67s
2026-03-21 23:18:25,847 [INFO]   SWA Ep 12/15  loss=0.9785  swa_val=89.2%  67s
2026-03-21 23:19:32,747 [INFO]   SWA Ep 13/15  loss=0.9687  swa_val=89.2%  67s
2026-03-21 23:20:39,726 [INFO]   SWA Ep 14/15  loss=0.9841  swa_val=89.2%  67s
2026-03-21 23:21:46,608 [INFO]   SWA Ep 15/15  loss=0.9774  swa_val=89.2%  67s
2026-03-21 23:21:46,609 [INFO]   Updating BN stats for SWA model …
2026-03-21 23:21:50,572 [INFO]   SWA final: 89.25% (regular best: 89.65%)
2026-03-21 23:21:50,572 [INFO]   Fold 5 best: 89.65%
2026-03-21 23:21:52,310 [INFO] ================================================================
2026-03-21 23:21:52,311 [INFO] 5-FOLD CV
2026-03-21 23:21:52,311 [INFO] ================================================================
2026-03-21 23:21:52,311 [INFO]   Fold 1 : 88.00%
2026-03-21 23:21:52,311 [INFO]   Fold 2 : 88.44%
2026-03-21 23:21:52,311 [INFO]   Fold 3 : 89.93%
2026-03-21 23:21:52,311 [INFO]   Fold 4 : 89.11%
2026-03-21 23:21:52,311 [INFO]   Fold 5 : 89.65%
2026-03-21 23:21:52,311 [INFO]   Mean: 89.02% ± 0.72%
2026-03-21 23:33:41,799 [INFO] TTA changed 153 / 9828 (1.6%)
2026-03-21 23:33:41,809 [INFO] Done.
