2026-03-20 19:06:50,571 [INFO] GPU: NVIDIA H200
2026-03-20 19:06:50,572 [INFO] Config: {
  "data_dir": "/data/slr/track2_",
  "output_dir": "/data/slr/checkpoints_v39",
  "max_frames": 48,
  "img_size": 384,
  "n_classes": 126,
  "teacher_img_size": 224,
  "teacher_max_frames": 48,
  "channel_means": [
    -64.3217,
    -62.9119,
    -63.9254
  ],
  "channel_stds": [
    12.5721,
    11.662,
    11.7259
  ],
  "n_folds": 5,
  "batch_size": 24,
  "num_workers": 4,
  "stage1_epochs": 5,
  "stage1_lr": 0.0002,
  "stage2_epochs": 120,
  "stage2_lr": 3e-05,
  "swa_epochs": 20,
  "swa_lr": 3e-06,
  "weight_decay": 0.05,
  "warmup_pct": 0.05,
  "label_smoothing": 0.1,
  "early_stopping_patience": 40,
  "grad_clip_norm": 1.0,
  "llrd_decay": 0.75,
  "kd_alpha": 0.3,
  "kd_tau": 4.0,
  "mixup_alpha": 0.4,
  "cutmix_alpha": 1.0,
  "cutmix_prob": 0.5,
  "time_mask_max": 8,
  "range_mask_max": 30,
  "noise_std": 0.1,
  "time_warp_lo": 0.8,
  "time_warp_hi": 1.2,
  "time_reverse_prob": 0.5,
  "channel_shuffle_prob": 0.2,
  "channel_drop_prob": 0.1,
  "random_erase_prob": 0.2,
  "circ_shift_prob": 0.3,
  "circ_shift_max": 8,
  "amp_scale_prob": 0.5,
  "amp_scale_lo": 0.8,
  "amp_scale_hi": 1.2,
  "model_name": "tf_efficientnetv2_s.in21k_ft_in1k",
  "drop_path_rate": 0.2,
  "proj_dim": 384,
  "drop_rate": 0.3,
  "ms_dropout_samples": 5,
  "seed": 42
}
2026-03-20 19:06:50,573 [INFO] ★★★ EfficientNetV2-S @ 384 + SWA ★★★
2026-03-20 19:06:50,649 [INFO] Train: 14742 | Eval: 9828
2026-03-20 19:06:55,137 [INFO] Pre-computing teacher soft labels (z-score @ 224) …
2026-03-20 19:06:58,488 [INFO]   Loaded 10 teachers
2026-03-20 19:08:54,986 [INFO]   Soft labels: 14742
2026-03-20 19:08:54,987 [INFO] KD α=0.30 τ=4.0 | born-again from v24 (gen 2)
2026-03-20 19:08:54,992 [INFO] ================================================================
2026-03-20 19:08:54,992 [INFO] FOLD 1 / 5
2026-03-20 19:08:54,992 [INFO] ================================================================
2026-03-20 19:08:55,171 [INFO] Loading pretrained weights from Hugging Face hub (timm/tf_efficientnetv2_s.in21k_ft_in1k)
2026-03-20 19:08:55,364 [INFO] HTTP Request: HEAD https://huggingface.co/timm/tf_efficientnetv2_s.in21k_ft_in1k/resolve/main/model.safetensors "HTTP/1.1 302 Found"
2026-03-20 19:08:55,366 [INFO] [timm/tf_efficientnetv2_s.in21k_ft_in1k] Safe alternative available for 'pytorch_model.bin' (as 'model.safetensors'). Loading weights using safetensors.
2026-03-20 19:08:55,394 [WARNING] Unexpected keys (bn2.num_batches_tracked, bn2.bias, bn2.running_mean, bn2.running_var, bn2.weight, classifier.bias, classifier.weight, conv_head.weight) found while loading pretrained weights. This may be expected if model is being adapted.
2026-03-20 19:08:55,580 [INFO]   Born-again from /data/slr/checkpoints_v24/best_fold0.pt (val 88.03%)
2026-03-20 19:08:55,584 [INFO] ── Stage 1: head warmup (5 ep) ──
2026-03-20 19:09:31,766 [INFO]   S1 Ep 1/5  loss=0.3266 acc=96.7%  val=87.9%  36s
2026-03-20 19:09:31,923 [INFO]   ★ best 87.86%
2026-03-20 19:09:49,262 [INFO]   S1 Ep 2/5  loss=0.3350 acc=96.4%  val=88.0%  17s
2026-03-20 19:09:49,433 [INFO]   ★ best 88.00%
2026-03-20 19:10:06,801 [INFO]   S1 Ep 3/5  loss=0.3306 acc=96.6%  val=87.7%  17s
2026-03-20 19:10:23,345 [INFO]   S1 Ep 4/5  loss=0.3296 acc=96.3%  val=88.0%  17s
2026-03-20 19:10:39,916 [INFO]   S1 Ep 5/5  loss=0.3245 acc=96.6%  val=87.8%  17s
2026-03-20 19:10:39,916 [INFO] ── Stage 2: full fine-tune (120 ep) ──
2026-03-20 19:10:39,918 [INFO] LLRD: 14 groups, LR [5.34e-06 … 3.00e-05]
2026-03-20 19:11:27,648 [INFO]   S2 Ep   1/120  loss=0.8228 acc=69.4%  val=88.0%  lr=3.13e-06    48s
2026-03-20 19:11:27,836 [INFO]   ★ best 88.03%
2026-03-20 19:12:03,012 [INFO]   S2 Ep   2/120  loss=0.7940 acc=71.5%  val=88.0%  lr=8.40e-06    35s
2026-03-20 19:12:37,638 [INFO]   S2 Ep   3/120  loss=0.8180 acc=69.9%  val=87.2%  lr=1.56e-05    35s
2026-03-20 19:13:12,721 [INFO]   S2 Ep   4/120  loss=0.8065 acc=70.9%  val=87.4%  lr=2.28e-05    35s
2026-03-20 19:13:48,513 [INFO]   S2 Ep   5/120  loss=0.8232 acc=69.9%  val=87.1%  lr=2.81e-05    36s
2026-03-20 19:14:23,750 [INFO]   S2 Ep   6/120  loss=0.7840 acc=72.0%  val=87.2%  lr=3.00e-05    35s
2026-03-20 19:14:59,104 [INFO]   S2 Ep   7/120  loss=0.7782 acc=72.1%  val=87.4%  lr=3.00e-05    35s
2026-03-20 19:15:34,294 [INFO]   S2 Ep   8/120  loss=0.7773 acc=72.6%  val=86.3%  lr=3.00e-05    35s
2026-03-20 19:16:09,250 [INFO]   S2 Ep   9/120  loss=0.7694 acc=73.2%  val=86.8%  lr=2.99e-05    35s
2026-03-20 19:16:44,040 [INFO]   S2 Ep  10/120  loss=0.7854 acc=72.3%  val=87.1%  lr=2.99e-05    35s
2026-03-20 19:17:18,888 [INFO]   S2 Ep  11/120  loss=0.7720 acc=72.8%  val=87.1%  lr=2.99e-05    35s
2026-03-20 19:17:53,452 [INFO]   S2 Ep  12/120  loss=0.7766 acc=72.7%  val=87.3%  lr=2.98e-05    35s
2026-03-20 19:18:28,403 [INFO]   S2 Ep  13/120  loss=0.7642 acc=73.5%  val=87.5%  lr=2.97e-05    35s
2026-03-20 19:19:03,234 [INFO]   S2 Ep  14/120  loss=0.7790 acc=72.6%  val=87.1%  lr=2.96e-05    35s
2026-03-20 19:19:37,912 [INFO]   S2 Ep  15/120  loss=0.7648 acc=73.6%  val=87.0%  lr=2.95e-05    35s
2026-03-20 19:20:12,589 [INFO]   S2 Ep  16/120  loss=0.7434 acc=75.0%  val=87.5%  lr=2.94e-05    35s
2026-03-20 19:20:48,807 [INFO]   S2 Ep  17/120  loss=0.7769 acc=72.6%  val=87.2%  lr=2.93e-05    36s
2026-03-20 19:21:23,924 [INFO]   S2 Ep  18/120  loss=0.7554 acc=73.9%  val=87.0%  lr=2.92e-05    35s
2026-03-20 19:21:58,494 [INFO]   S2 Ep  19/120  loss=0.7741 acc=72.8%  val=87.2%  lr=2.90e-05    35s
2026-03-20 19:22:33,424 [INFO]   S2 Ep  20/120  loss=0.7728 acc=73.3%  val=87.1%  lr=2.89e-05    35s
2026-03-20 19:23:07,793 [INFO]   S2 Ep  21/120  loss=0.7550 acc=74.2%  val=86.9%  lr=2.87e-05    34s
2026-03-20 19:23:42,975 [INFO]   S2 Ep  22/120  loss=0.7415 acc=75.0%  val=87.0%  lr=2.86e-05    35s
2026-03-20 19:24:18,522 [INFO]   S2 Ep  23/120  loss=0.7577 acc=73.7%  val=87.1%  lr=2.84e-05    36s
2026-03-20 19:24:53,418 [INFO]   S2 Ep  24/120  loss=0.7699 acc=72.9%  val=86.4%  lr=2.82e-05    35s
2026-03-20 19:25:27,874 [INFO]   S2 Ep  25/120  loss=0.7481 acc=74.3%  val=86.9%  lr=2.80e-05    34s
2026-03-20 19:26:02,631 [INFO]   S2 Ep  26/120  loss=0.7742 acc=72.7%  val=87.2%  lr=2.78e-05    35s
2026-03-20 19:26:38,093 [INFO]   S2 Ep  27/120  loss=0.7517 acc=74.1%  val=87.1%  lr=2.76e-05    35s
2026-03-20 19:27:13,667 [INFO]   S2 Ep  28/120  loss=0.7359 acc=75.0%  val=87.2%  lr=2.73e-05    36s
2026-03-20 19:27:48,689 [INFO]   S2 Ep  29/120  loss=0.7457 acc=74.4%  val=86.8%  lr=2.71e-05    35s
2026-03-20 19:28:24,277 [INFO]   S2 Ep  30/120  loss=0.7549 acc=74.4%  val=87.8%  lr=2.68e-05    36s
2026-03-20 19:28:59,010 [INFO]   S2 Ep  31/120  loss=0.7627 acc=73.1%  val=86.6%  lr=2.66e-05    35s
2026-03-20 19:29:33,762 [INFO]   S2 Ep  32/120  loss=0.7666 acc=73.2%  val=86.9%  lr=2.63e-05    35s
2026-03-20 19:30:08,302 [INFO]   S2 Ep  33/120  loss=0.7602 acc=73.5%  val=86.7%  lr=2.60e-05    35s
2026-03-20 19:30:43,237 [INFO]   S2 Ep  34/120  loss=0.7503 acc=73.9%  val=86.5%  lr=2.58e-05    35s
2026-03-20 19:31:18,801 [INFO]   S2 Ep  35/120  loss=0.7688 acc=72.7%  val=86.7%  lr=2.55e-05    36s
2026-03-20 19:31:54,257 [INFO]   S2 Ep  36/120  loss=0.7453 acc=74.4%  val=86.8%  lr=2.52e-05    35s
2026-03-20 19:32:28,737 [INFO]   S2 Ep  37/120  loss=0.7536 acc=73.7%  val=86.9%  lr=2.49e-05    34s
2026-03-20 19:33:03,557 [INFO]   S2 Ep  38/120  loss=0.7661 acc=73.2%  val=86.7%  lr=2.45e-05    35s
2026-03-20 19:33:39,670 [INFO]   S2 Ep  39/120  loss=0.7657 acc=73.1%  val=87.4%  lr=2.42e-05    36s
2026-03-20 19:34:16,009 [INFO]   S2 Ep  40/120  loss=0.7590 acc=73.7%  val=87.3%  lr=2.39e-05    36s
2026-03-20 19:34:52,504 [INFO]   S2 Ep  41/120  loss=0.7293 acc=74.9%  val=87.1%  lr=2.35e-05    36s
2026-03-20 19:34:52,504 [INFO]   Early stop at ep 41
2026-03-20 19:34:52,506 [INFO] ── Stage 3: SWA (20 ep) ──
2026-03-20 19:35:29,641 [INFO]   SWA Ep  1/20  loss=0.7458  swa_val=87.8%  37s
2026-03-20 19:36:07,260 [INFO]   SWA Ep  2/20  loss=0.7508  swa_val=87.9%  38s
2026-03-20 19:36:44,573 [INFO]   SWA Ep  3/20  loss=0.7383  swa_val=87.9%  37s
2026-03-20 19:37:21,366 [INFO]   SWA Ep  4/20  loss=0.7684  swa_val=87.6%  37s
2026-03-20 19:37:57,805 [INFO]   SWA Ep  5/20  loss=0.7430  swa_val=87.9%  36s
2026-03-20 19:38:34,951 [INFO]   SWA Ep  6/20  loss=0.7512  swa_val=87.8%  37s
2026-03-20 19:39:11,566 [INFO]   SWA Ep  7/20  loss=0.7250  swa_val=87.6%  37s
2026-03-20 19:39:48,246 [INFO]   SWA Ep  8/20  loss=0.7661  swa_val=87.6%  37s
2026-03-20 19:40:25,195 [INFO]   SWA Ep  9/20  loss=0.7713  swa_val=87.6%  37s
2026-03-20 19:41:02,186 [INFO]   SWA Ep 10/20  loss=0.7570  swa_val=87.6%  37s
2026-03-20 19:41:39,424 [INFO]   SWA Ep 11/20  loss=0.7663  swa_val=87.4%  37s
2026-03-20 19:42:16,104 [INFO]   SWA Ep 12/20  loss=0.7522  swa_val=87.5%  37s
2026-03-20 19:42:52,640 [INFO]   SWA Ep 13/20  loss=0.7474  swa_val=87.6%  37s
2026-03-20 19:43:29,110 [INFO]   SWA Ep 14/20  loss=0.7989  swa_val=87.8%  36s
2026-03-20 19:44:05,842 [INFO]   SWA Ep 15/20  loss=0.8017  swa_val=87.5%  37s
2026-03-20 19:44:42,906 [INFO]   SWA Ep 16/20  loss=0.8084  swa_val=88.0%  37s
2026-03-20 19:45:20,049 [INFO]   SWA Ep 17/20  loss=0.7900  swa_val=87.8%  37s
2026-03-20 19:45:57,101 [INFO]   SWA Ep 18/20  loss=0.8328  swa_val=88.0%  37s
2026-03-20 19:46:34,152 [INFO]   SWA Ep 19/20  loss=0.8033  swa_val=88.0%  37s
2026-03-20 19:47:11,068 [INFO]   SWA Ep 20/20  loss=0.7834  swa_val=87.8%  37s
2026-03-20 19:47:30,258 [INFO]   SWA final: 87.69% (regular best: 88.03%)
2026-03-20 19:47:30,259 [INFO]   Fold 1 best: 88.03%
2026-03-20 19:47:32,123 [INFO] ================================================================
2026-03-20 19:47:32,123 [INFO] FOLD 2 / 5
2026-03-20 19:47:32,123 [INFO] ================================================================
2026-03-20 19:47:32,316 [INFO] Loading pretrained weights from Hugging Face hub (timm/tf_efficientnetv2_s.in21k_ft_in1k)
2026-03-20 19:47:37,392 [INFO] HTTP Request: HEAD https://huggingface.co/timm/tf_efficientnetv2_s.in21k_ft_in1k/resolve/main/model.safetensors "HTTP/1.1 302 Found"
2026-03-20 19:47:37,393 [INFO] [timm/tf_efficientnetv2_s.in21k_ft_in1k] Safe alternative available for 'pytorch_model.bin' (as 'model.safetensors'). Loading weights using safetensors.
2026-03-20 19:47:37,427 [WARNING] Unexpected keys (bn2.num_batches_tracked, bn2.bias, bn2.running_mean, bn2.running_var, bn2.weight, classifier.bias, classifier.weight, conv_head.weight) found while loading pretrained weights. This may be expected if model is being adapted.
2026-03-20 19:47:37,590 [INFO]   Born-again from /data/slr/checkpoints_v24/best_fold1.pt (val 87.89%)
2026-03-20 19:47:37,591 [INFO] ── Stage 1: head warmup (5 ep) ──
2026-03-20 19:47:57,531 [INFO]   S1 Ep 1/5  loss=0.3209 acc=97.0%  val=87.4%  20s
2026-03-20 19:47:57,656 [INFO]   ★ best 87.35%
2026-03-20 19:48:14,578 [INFO]   S1 Ep 2/5  loss=0.3240 acc=97.1%  val=87.4%  17s
2026-03-20 19:48:31,169 [INFO]   S1 Ep 3/5  loss=0.3229 acc=97.1%  val=87.8%  17s
2026-03-20 19:48:31,343 [INFO]   ★ best 87.83%
2026-03-20 19:48:48,661 [INFO]   S1 Ep 4/5  loss=0.3211 acc=97.0%  val=87.6%  17s
2026-03-20 19:49:05,662 [INFO]   S1 Ep 5/5  loss=0.3166 acc=97.2%  val=87.6%  17s
2026-03-20 19:49:05,663 [INFO] ── Stage 2: full fine-tune (120 ep) ──
2026-03-20 19:49:05,665 [INFO] LLRD: 14 groups, LR [5.34e-06 … 3.00e-05]
2026-03-20 19:49:42,237 [INFO]   S2 Ep   1/120  loss=0.7991 acc=71.3%  val=87.8%  lr=3.13e-06    37s
2026-03-20 19:50:18,528 [INFO]   S2 Ep   2/120  loss=0.7877 acc=71.5%  val=87.7%  lr=8.40e-06    36s
2026-03-20 19:50:53,298 [INFO]   S2 Ep   3/120  loss=0.7851 acc=72.1%  val=86.9%  lr=1.56e-05    35s
2026-03-20 19:51:28,383 [INFO]   S2 Ep   4/120  loss=0.8080 acc=70.7%  val=87.1%  lr=2.28e-05    35s
2026-03-20 19:52:04,119 [INFO]   S2 Ep   5/120  loss=0.8129 acc=70.0%  val=86.9%  lr=2.81e-05    36s
2026-03-20 19:52:39,086 [INFO]   S2 Ep   6/120  loss=0.8004 acc=71.0%  val=86.5%  lr=3.00e-05    35s
2026-03-20 19:53:14,193 [INFO]   S2 Ep   7/120  loss=0.7628 acc=73.1%  val=86.9%  lr=3.00e-05    35s
2026-03-20 19:53:49,491 [INFO]   S2 Ep   8/120  loss=0.8039 acc=70.4%  val=86.5%  lr=3.00e-05    35s
2026-03-20 19:54:24,279 [INFO]   S2 Ep   9/120  loss=0.8151 acc=70.0%  val=86.4%  lr=2.99e-05    35s
2026-03-20 19:54:59,102 [INFO]   S2 Ep  10/120  loss=0.8153 acc=70.0%  val=86.2%  lr=2.99e-05    35s
2026-03-20 19:55:34,407 [INFO]   S2 Ep  11/120  loss=0.8085 acc=70.2%  val=86.7%  lr=2.99e-05    35s
2026-03-20 19:56:09,241 [INFO]   S2 Ep  12/120  loss=0.7937 acc=71.2%  val=86.7%  lr=2.98e-05    35s
2026-03-20 19:56:45,613 [INFO]   S2 Ep  13/120  loss=0.7820 acc=72.0%  val=86.6%  lr=2.97e-05    36s
2026-03-20 19:57:20,845 [INFO]   S2 Ep  14/120  loss=0.8132 acc=69.9%  val=86.8%  lr=2.96e-05    35s
2026-03-20 19:57:55,792 [INFO]   S2 Ep  15/120  loss=0.8196 acc=69.6%  val=86.0%  lr=2.95e-05    35s
2026-03-20 19:58:30,614 [INFO]   S2 Ep  16/120  loss=0.7899 acc=71.1%  val=87.0%  lr=2.94e-05    35s
2026-03-20 19:59:05,455 [INFO]   S2 Ep  17/120  loss=0.7776 acc=71.8%  val=86.7%  lr=2.93e-05    35s
2026-03-20 19:59:41,038 [INFO]   S2 Ep  18/120  loss=0.7810 acc=72.2%  val=86.4%  lr=2.92e-05    36s
2026-03-20 20:00:16,659 [INFO]   S2 Ep  19/120  loss=0.7857 acc=71.5%  val=86.8%  lr=2.90e-05    36s
2026-03-20 20:00:53,082 [INFO]   S2 Ep  20/120  loss=0.7855 acc=71.7%  val=86.7%  lr=2.89e-05    36s
2026-03-20 20:01:27,915 [INFO]   S2 Ep  21/120  loss=0.7901 acc=71.4%  val=86.8%  lr=2.87e-05    35s
2026-03-20 20:02:02,875 [INFO]   S2 Ep  22/120  loss=0.8023 acc=70.4%  val=86.6%  lr=2.86e-05    35s
2026-03-20 20:02:38,307 [INFO]   S2 Ep  23/120  loss=0.7875 acc=71.7%  val=86.7%  lr=2.84e-05    35s
2026-03-20 20:03:13,122 [INFO]   S2 Ep  24/120  loss=0.7862 acc=71.6%  val=86.4%  lr=2.82e-05    35s
2026-03-20 20:03:48,094 [INFO]   S2 Ep  25/120  loss=0.7875 acc=71.2%  val=86.9%  lr=2.80e-05    35s
2026-03-20 20:04:23,046 [INFO]   S2 Ep  26/120  loss=0.7779 acc=71.9%  val=86.9%  lr=2.78e-05    35s
2026-03-20 20:04:58,207 [INFO]   S2 Ep  27/120  loss=0.8010 acc=70.5%  val=86.7%  lr=2.76e-05    35s
2026-03-20 20:05:33,849 [INFO]   S2 Ep  28/120  loss=0.7816 acc=71.7%  val=87.1%  lr=2.73e-05    36s
2026-03-20 20:06:09,448 [INFO]   S2 Ep  29/120  loss=0.7866 acc=72.0%  val=87.0%  lr=2.71e-05    36s
2026-03-20 20:06:44,510 [INFO]   S2 Ep  30/120  loss=0.8040 acc=70.8%  val=87.5%  lr=2.68e-05    35s
2026-03-20 20:07:19,343 [INFO]   S2 Ep  31/120  loss=0.7894 acc=71.3%  val=86.8%  lr=2.66e-05    35s
2026-03-20 20:07:54,629 [INFO]   S2 Ep  32/120  loss=0.7764 acc=72.4%  val=87.0%  lr=2.63e-05    35s
2026-03-20 20:08:29,499 [INFO]   S2 Ep  33/120  loss=0.7709 acc=73.0%  val=86.8%  lr=2.60e-05    35s
2026-03-20 20:09:04,537 [INFO]   S2 Ep  34/120  loss=0.7805 acc=71.9%  val=87.5%  lr=2.58e-05    35s
2026-03-20 20:09:40,195 [INFO]   S2 Ep  35/120  loss=0.7974 acc=71.0%  val=86.8%  lr=2.55e-05    36s
2026-03-20 20:10:16,692 [INFO]   S2 Ep  36/120  loss=0.7877 acc=71.5%  val=87.1%  lr=2.52e-05    36s
2026-03-20 20:10:51,736 [INFO]   S2 Ep  37/120  loss=0.7654 acc=72.6%  val=86.8%  lr=2.49e-05    35s
2026-03-20 20:11:26,620 [INFO]   S2 Ep  38/120  loss=0.7767 acc=72.3%  val=86.8%  lr=2.45e-05    35s
2026-03-20 20:12:01,758 [INFO]   S2 Ep  39/120  loss=0.7848 acc=71.9%  val=86.7%  lr=2.42e-05    35s
2026-03-20 20:12:36,430 [INFO]   S2 Ep  40/120  loss=0.7468 acc=74.3%  val=86.2%  lr=2.39e-05    35s
2026-03-20 20:12:36,431 [INFO]   Early stop at ep 40
2026-03-20 20:12:36,433 [INFO] ── Stage 3: SWA (20 ep) ──
2026-03-20 20:13:13,787 [INFO]   SWA Ep  1/20  loss=0.7781  swa_val=87.6%  37s
2026-03-20 20:13:49,611 [INFO]   SWA Ep  2/20  loss=0.7931  swa_val=87.8%  36s
2026-03-20 20:14:24,704 [INFO]   SWA Ep  3/20  loss=0.7949  swa_val=87.7%  35s
2026-03-20 20:14:59,783 [INFO]   SWA Ep  4/20  loss=0.7911  swa_val=87.8%  35s
2026-03-20 20:15:35,919 [INFO]   SWA Ep  5/20  loss=0.7979  swa_val=87.7%  36s
2026-03-20 20:16:12,199 [INFO]   SWA Ep  6/20  loss=0.7959  swa_val=87.7%  36s
2026-03-20 20:16:47,266 [INFO]   SWA Ep  7/20  loss=0.7973  swa_val=87.7%  35s
2026-03-20 20:17:22,323 [INFO]   SWA Ep  8/20  loss=0.7942  swa_val=87.5%  35s
2026-03-20 20:17:57,338 [INFO]   SWA Ep  9/20  loss=0.8010  swa_val=87.3%  35s
2026-03-20 20:18:32,690 [INFO]   SWA Ep 10/20  loss=0.7907  swa_val=87.4%  35s
2026-03-20 20:19:07,407 [INFO]   SWA Ep 11/20  loss=0.7860  swa_val=87.6%  35s
2026-03-20 20:19:42,856 [INFO]   SWA Ep 12/20  loss=0.7892  swa_val=87.7%  35s
2026-03-20 20:20:17,985 [INFO]   SWA Ep 13/20  loss=0.7768  swa_val=88.0%  35s
2026-03-20 20:20:52,880 [INFO]   SWA Ep 14/20  loss=0.7778  swa_val=87.4%  35s
2026-03-20 20:21:27,846 [INFO]   SWA Ep 15/20  loss=0.7852  swa_val=87.6%  35s
2026-03-20 20:22:02,628 [INFO]   SWA Ep 16/20  loss=0.7815  swa_val=87.6%  35s
2026-03-20 20:22:37,396 [INFO]   SWA Ep 17/20  loss=0.7671  swa_val=87.6%  35s
2026-03-20 20:23:12,454 [INFO]   SWA Ep 18/20  loss=0.7847  swa_val=87.5%  35s
2026-03-20 20:23:47,623 [INFO]   SWA Ep 19/20  loss=0.7934  swa_val=87.6%  35s
2026-03-20 20:24:22,824 [INFO]   SWA Ep 20/20  loss=0.7801  swa_val=87.7%  35s
2026-03-20 20:24:41,118 [INFO]   SWA final: 87.69% (regular best: 87.83%)
2026-03-20 20:24:41,119 [INFO]   Fold 2 best: 87.83%
2026-03-20 20:24:42,662 [INFO] ================================================================
2026-03-20 20:24:42,662 [INFO] FOLD 3 / 5
2026-03-20 20:24:42,662 [INFO] ================================================================
2026-03-20 20:24:42,885 [INFO] Loading pretrained weights from Hugging Face hub (timm/tf_efficientnetv2_s.in21k_ft_in1k)
2026-03-20 20:24:42,949 [INFO] HTTP Request: HEAD https://huggingface.co/timm/tf_efficientnetv2_s.in21k_ft_in1k/resolve/main/model.safetensors "HTTP/1.1 302 Found"
2026-03-20 20:24:42,950 [WARNING] Warning: You are sending unauthenticated requests to the HF Hub. Please set a HF_TOKEN to enable higher rate limits and faster downloads.
2026-03-20 20:24:42,950 [INFO] [timm/tf_efficientnetv2_s.in21k_ft_in1k] Safe alternative available for 'pytorch_model.bin' (as 'model.safetensors'). Loading weights using safetensors.
2026-03-20 20:24:42,981 [WARNING] Unexpected keys (bn2.num_batches_tracked, bn2.bias, bn2.running_mean, bn2.running_var, bn2.weight, classifier.bias, classifier.weight, conv_head.weight) found while loading pretrained weights. This may be expected if model is being adapted.
2026-03-20 20:24:43,294 [INFO]   Born-again from /data/slr/checkpoints_v24/best_fold2.pt (val 89.28%)
2026-03-20 20:24:43,295 [INFO] ── Stage 1: head warmup (5 ep) ──
2026-03-20 20:25:07,310 [INFO]   S1 Ep 1/5  loss=0.3176 acc=97.2%  val=88.9%  24s
2026-03-20 20:25:07,454 [INFO]   ★ best 88.94%
2026-03-20 20:25:23,980 [INFO]   S1 Ep 2/5  loss=0.3230 acc=97.0%  val=88.8%  17s
2026-03-20 20:25:39,806 [INFO]   S1 Ep 3/5  loss=0.3202 acc=97.1%  val=88.9%  16s
2026-03-20 20:25:55,668 [INFO]   S1 Ep 4/5  loss=0.3181 acc=97.2%  val=89.0%  16s
2026-03-20 20:25:55,813 [INFO]   ★ best 88.98%
2026-03-20 20:26:11,650 [INFO]   S1 Ep 5/5  loss=0.3185 acc=97.0%  val=89.1%  16s
2026-03-20 20:26:11,802 [INFO]   ★ best 89.11%
2026-03-20 20:26:11,803 [INFO] ── Stage 2: full fine-tune (120 ep) ──
2026-03-20 20:26:11,805 [INFO] LLRD: 14 groups, LR [5.34e-06 … 3.00e-05]
2026-03-20 20:26:46,614 [INFO]   S2 Ep   1/120  loss=0.7849 acc=71.7%  val=89.0%  lr=3.13e-06    35s
2026-03-20 20:27:21,503 [INFO]   S2 Ep   2/120  loss=0.7918 acc=71.4%  val=88.4%  lr=8.40e-06    35s
2026-03-20 20:27:56,810 [INFO]   S2 Ep   3/120  loss=0.7821 acc=71.8%  val=88.5%  lr=1.56e-05    35s
2026-03-20 20:28:32,023 [INFO]   S2 Ep   4/120  loss=0.7763 acc=72.6%  val=88.7%  lr=2.28e-05    35s
2026-03-20 20:29:07,260 [INFO]   S2 Ep   5/120  loss=0.7852 acc=71.5%  val=87.7%  lr=2.81e-05    35s
2026-03-20 20:29:42,480 [INFO]   S2 Ep   6/120  loss=0.8105 acc=70.2%  val=87.7%  lr=3.00e-05    35s
2026-03-20 20:30:20,802 [INFO]   S2 Ep   7/120  loss=0.8121 acc=70.1%  val=88.2%  lr=3.00e-05    38s
2026-03-20 20:30:59,023 [INFO]   S2 Ep   8/120  loss=0.7972 acc=71.1%  val=87.4%  lr=3.00e-05    38s
2026-03-20 20:31:36,516 [INFO]   S2 Ep   9/120  loss=0.8181 acc=69.9%  val=87.6%  lr=2.99e-05    37s
2026-03-20 20:32:14,227 [INFO]   S2 Ep  10/120  loss=0.8001 acc=70.5%  val=88.1%  lr=2.99e-05    38s
2026-03-20 20:32:50,187 [INFO]   S2 Ep  11/120  loss=0.8185 acc=69.8%  val=87.8%  lr=2.99e-05    36s
2026-03-20 20:33:25,771 [INFO]   S2 Ep  12/120  loss=0.8324 acc=69.1%  val=87.7%  lr=2.98e-05    36s
2026-03-20 20:34:00,614 [INFO]   S2 Ep  13/120  loss=0.8052 acc=70.2%  val=87.7%  lr=2.97e-05    35s
2026-03-20 20:34:36,064 [INFO]   S2 Ep  14/120  loss=0.7968 acc=71.4%  val=87.7%  lr=2.96e-05    35s
2026-03-20 20:35:11,189 [INFO]   S2 Ep  15/120  loss=0.7991 acc=71.2%  val=87.7%  lr=2.95e-05    35s
2026-03-20 20:35:46,045 [INFO]   S2 Ep  16/120  loss=0.8363 acc=68.2%  val=87.9%  lr=2.94e-05    35s
2026-03-20 20:36:21,083 [INFO]   S2 Ep  17/120  loss=0.8215 acc=69.1%  val=87.8%  lr=2.93e-05    35s
2026-03-20 20:36:57,030 [INFO]   S2 Ep  18/120  loss=0.7803 acc=72.1%  val=88.2%  lr=2.92e-05    36s
2026-03-20 20:37:31,986 [INFO]   S2 Ep  19/120  loss=0.7901 acc=71.1%  val=87.5%  lr=2.90e-05    35s
2026-03-20 20:38:06,575 [INFO]   S2 Ep  20/120  loss=0.7884 acc=71.2%  val=87.3%  lr=2.89e-05    35s
2026-03-20 20:38:41,410 [INFO]   S2 Ep  21/120  loss=0.7817 acc=71.7%  val=87.7%  lr=2.87e-05    35s
2026-03-20 20:39:16,427 [INFO]   S2 Ep  22/120  loss=0.7780 acc=72.1%  val=87.7%  lr=2.86e-05    35s
2026-03-20 20:39:52,417 [INFO]   S2 Ep  23/120  loss=0.7727 acc=72.2%  val=88.0%  lr=2.84e-05    36s
2026-03-20 20:40:27,967 [INFO]   S2 Ep  24/120  loss=0.7965 acc=70.8%  val=88.3%  lr=2.82e-05    36s
2026-03-20 20:41:02,925 [INFO]   S2 Ep  25/120  loss=0.7605 acc=73.2%  val=87.4%  lr=2.80e-05    35s
2026-03-20 20:41:37,720 [INFO]   S2 Ep  26/120  loss=0.7878 acc=71.5%  val=88.1%  lr=2.78e-05    35s
2026-03-20 20:42:12,841 [INFO]   S2 Ep  27/120  loss=0.7874 acc=71.3%  val=88.0%  lr=2.76e-05    35s
2026-03-20 20:42:48,008 [INFO]   S2 Ep  28/120  loss=0.7941 acc=70.9%  val=88.7%  lr=2.73e-05    35s
2026-03-20 20:43:23,346 [INFO]   S2 Ep  29/120  loss=0.8127 acc=70.3%  val=88.3%  lr=2.71e-05    35s
2026-03-20 20:43:58,159 [INFO]   S2 Ep  30/120  loss=0.7889 acc=71.6%  val=88.3%  lr=2.68e-05    35s
2026-03-20 20:44:33,308 [INFO]   S2 Ep  31/120  loss=0.7694 acc=72.7%  val=88.1%  lr=2.66e-05    35s
2026-03-20 20:45:08,588 [INFO]   S2 Ep  32/120  loss=0.8041 acc=70.1%  val=87.9%  lr=2.63e-05    35s
2026-03-20 20:45:43,800 [INFO]   S2 Ep  33/120  loss=0.7842 acc=71.6%  val=88.2%  lr=2.60e-05    35s
2026-03-20 20:46:18,743 [INFO]   S2 Ep  34/120  loss=0.7723 acc=72.5%  val=88.2%  lr=2.58e-05    35s
2026-03-20 20:46:54,896 [INFO]   S2 Ep  35/120  loss=0.7778 acc=71.7%  val=88.0%  lr=2.55e-05    36s
2026-03-20 20:47:30,059 [INFO]   S2 Ep  36/120  loss=0.7825 acc=71.7%  val=87.8%  lr=2.52e-05    35s
2026-03-20 20:48:05,288 [INFO]   S2 Ep  37/120  loss=0.7857 acc=71.2%  val=88.0%  lr=2.49e-05    35s
2026-03-20 20:48:40,509 [INFO]   S2 Ep  38/120  loss=0.7867 acc=71.1%  val=88.0%  lr=2.45e-05    35s
2026-03-20 20:49:15,620 [INFO]   S2 Ep  39/120  loss=0.7699 acc=72.3%  val=88.4%  lr=2.42e-05    35s
2026-03-20 20:49:51,413 [INFO]   S2 Ep  40/120  loss=0.7650 acc=72.7%  val=88.1%  lr=2.39e-05    36s
2026-03-20 20:49:51,413 [INFO]   Early stop at ep 40
2026-03-20 20:49:51,415 [INFO] ── Stage 3: SWA (20 ep) ──
2026-03-20 20:50:26,677 [INFO]   SWA Ep  1/20  loss=0.7956  swa_val=88.9%  35s
2026-03-20 20:51:03,193 [INFO]   SWA Ep  2/20  loss=0.7998  swa_val=88.8%  37s
2026-03-20 20:51:38,162 [INFO]   SWA Ep  3/20  loss=0.7911  swa_val=88.4%  35s
2026-03-20 20:52:13,683 [INFO]   SWA Ep  4/20  loss=0.7870  swa_val=88.8%  36s
2026-03-20 20:52:48,499 [INFO]   SWA Ep  5/20  loss=0.7875  swa_val=88.7%  35s
2026-03-20 20:53:24,301 [INFO]   SWA Ep  6/20  loss=0.8037  swa_val=88.7%  36s
2026-03-20 20:54:00,144 [INFO]   SWA Ep  7/20  loss=0.8012  swa_val=88.9%  36s
2026-03-20 20:54:35,233 [INFO]   SWA Ep  8/20  loss=0.7951  swa_val=89.0%  35s
2026-03-20 20:55:10,367 [INFO]   SWA Ep  9/20  loss=0.7969  swa_val=88.7%  35s
2026-03-20 20:55:47,060 [INFO]   SWA Ep 10/20  loss=0.7556  swa_val=88.7%  37s
2026-03-20 20:56:24,219 [INFO]   SWA Ep 11/20  loss=0.7887  swa_val=88.9%  37s
2026-03-20 20:57:01,307 [INFO]   SWA Ep 12/20  loss=0.7768  swa_val=88.7%  37s
2026-03-20 20:57:39,232 [INFO]   SWA Ep 13/20  loss=0.8002  swa_val=88.5%  38s
2026-03-20 20:58:16,991 [INFO]   SWA Ep 14/20  loss=0.7737  swa_val=88.8%  38s
2026-03-20 20:58:53,942 [INFO]   SWA Ep 15/20  loss=0.7963  swa_val=88.6%  37s
2026-03-20 20:59:30,611 [INFO]   SWA Ep 16/20  loss=0.7668  swa_val=88.9%  37s
2026-03-20 21:00:07,618 [INFO]   SWA Ep 17/20  loss=0.7982  swa_val=88.8%  37s
2026-03-20 21:00:44,408 [INFO]   SWA Ep 18/20  loss=0.7803  swa_val=88.7%  37s
2026-03-20 21:01:21,944 [INFO]   SWA Ep 19/20  loss=0.7876  swa_val=88.7%  38s
2026-03-20 21:01:59,261 [INFO]   SWA Ep 20/20  loss=0.7891  swa_val=88.7%  37s
2026-03-20 21:02:17,546 [INFO]   SWA final: 88.98% (regular best: 89.11%)
2026-03-20 21:02:17,546 [INFO]   Fold 3 best: 89.11%
2026-03-20 21:02:19,435 [INFO] ================================================================
2026-03-20 21:02:19,435 [INFO] FOLD 4 / 5
2026-03-20 21:02:19,435 [INFO] ================================================================
2026-03-20 21:02:19,619 [INFO] Loading pretrained weights from Hugging Face hub (timm/tf_efficientnetv2_s.in21k_ft_in1k)
2026-03-20 21:02:19,881 [INFO] HTTP Request: HEAD https://huggingface.co/timm/tf_efficientnetv2_s.in21k_ft_in1k/resolve/main/model.safetensors "HTTP/1.1 302 Found"
2026-03-20 21:02:19,883 [INFO] [timm/tf_efficientnetv2_s.in21k_ft_in1k] Safe alternative available for 'pytorch_model.bin' (as 'model.safetensors'). Loading weights using safetensors.
2026-03-20 21:02:19,914 [WARNING] Unexpected keys (bn2.num_batches_tracked, bn2.bias, bn2.running_mean, bn2.running_var, bn2.weight, classifier.bias, classifier.weight, conv_head.weight) found while loading pretrained weights. This may be expected if model is being adapted.
2026-03-20 21:02:20,108 [INFO]   Born-again from /data/slr/checkpoints_v24/best_fold3.pt (val 88.57%)
2026-03-20 21:02:20,110 [INFO] ── Stage 1: head warmup (5 ep) ──
2026-03-20 21:02:38,861 [INFO]   S1 Ep 1/5  loss=0.3249 acc=96.7%  val=88.5%  19s
2026-03-20 21:02:39,001 [INFO]   ★ best 88.53%
2026-03-20 21:02:55,712 [INFO]   S1 Ep 2/5  loss=0.3273 acc=96.9%  val=88.5%  17s
2026-03-20 21:03:12,081 [INFO]   S1 Ep 3/5  loss=0.3261 acc=96.8%  val=88.2%  16s
2026-03-20 21:03:28,883 [INFO]   S1 Ep 4/5  loss=0.3234 acc=96.9%  val=88.0%  17s
2026-03-20 21:03:45,770 [INFO]   S1 Ep 5/5  loss=0.3189 acc=97.1%  val=88.4%  17s
2026-03-20 21:03:45,771 [INFO] ── Stage 2: full fine-tune (120 ep) ──
2026-03-20 21:03:45,773 [INFO] LLRD: 14 groups, LR [5.34e-06 … 3.00e-05]
2026-03-20 21:04:22,293 [INFO]   S2 Ep   1/120  loss=0.8158 acc=69.9%  val=88.6%  lr=3.13e-06    37s
2026-03-20 21:04:22,454 [INFO]   ★ best 88.64%
2026-03-20 21:04:59,697 [INFO]   S2 Ep   2/120  loss=0.8320 acc=69.2%  val=88.4%  lr=8.40e-06    37s
2026-03-20 21:05:35,837 [INFO]   S2 Ep   3/120  loss=0.7823 acc=72.3%  val=88.2%  lr=1.56e-05    36s
2026-03-20 21:06:12,188 [INFO]   S2 Ep   4/120  loss=0.8216 acc=69.4%  val=88.0%  lr=2.28e-05    36s
2026-03-20 21:06:48,672 [INFO]   S2 Ep   5/120  loss=0.8104 acc=70.5%  val=87.9%  lr=2.81e-05    36s
2026-03-20 21:07:26,291 [INFO]   S2 Ep   6/120  loss=0.8280 acc=69.4%  val=87.2%  lr=3.00e-05    38s
2026-03-20 21:08:03,358 [INFO]   S2 Ep   7/120  loss=0.8288 acc=69.5%  val=87.4%  lr=3.00e-05    37s
2026-03-20 21:08:41,131 [INFO]   S2 Ep   8/120  loss=0.8313 acc=69.3%  val=87.3%  lr=3.00e-05    38s
2026-03-20 21:09:18,473 [INFO]   S2 Ep   9/120  loss=0.7960 acc=70.9%  val=87.3%  lr=2.99e-05    37s
2026-03-20 21:09:55,736 [INFO]   S2 Ep  10/120  loss=0.8078 acc=70.7%  val=88.2%  lr=2.99e-05    37s
2026-03-20 21:10:33,365 [INFO]   S2 Ep  11/120  loss=0.8179 acc=69.8%  val=88.1%  lr=2.99e-05    38s
2026-03-20 21:11:10,779 [INFO]   S2 Ep  12/120  loss=0.8185 acc=70.2%  val=88.2%  lr=2.98e-05    37s
2026-03-20 21:11:47,520 [INFO]   S2 Ep  13/120  loss=0.7751 acc=71.9%  val=87.5%  lr=2.97e-05    37s
2026-03-20 21:12:24,920 [INFO]   S2 Ep  14/120  loss=0.7880 acc=71.6%  val=87.2%  lr=2.96e-05    37s
2026-03-20 21:13:01,619 [INFO]   S2 Ep  15/120  loss=0.7890 acc=71.8%  val=88.0%  lr=2.95e-05    37s
2026-03-20 21:13:38,495 [INFO]   S2 Ep  16/120  loss=0.7904 acc=71.9%  val=87.9%  lr=2.94e-05    37s
2026-03-20 21:14:14,653 [INFO]   S2 Ep  17/120  loss=0.7952 acc=71.4%  val=87.8%  lr=2.93e-05    36s
2026-03-20 21:14:52,045 [INFO]   S2 Ep  18/120  loss=0.7861 acc=71.6%  val=87.8%  lr=2.92e-05    37s
2026-03-20 21:15:28,388 [INFO]   S2 Ep  19/120  loss=0.8069 acc=70.7%  val=87.9%  lr=2.90e-05    36s
2026-03-20 21:16:05,142 [INFO]   S2 Ep  20/120  loss=0.7785 acc=72.3%  val=87.6%  lr=2.89e-05    37s
2026-03-20 21:16:42,746 [INFO]   S2 Ep  21/120  loss=0.8068 acc=70.9%  val=87.7%  lr=2.87e-05    38s
2026-03-20 21:17:19,367 [INFO]   S2 Ep  22/120  loss=0.7721 acc=72.5%  val=87.6%  lr=2.86e-05    37s
2026-03-20 21:17:56,694 [INFO]   S2 Ep  23/120  loss=0.7871 acc=71.5%  val=88.0%  lr=2.84e-05    37s
2026-03-20 21:18:34,293 [INFO]   S2 Ep  24/120  loss=0.8024 acc=70.8%  val=87.9%  lr=2.82e-05    38s
2026-03-20 21:19:10,831 [INFO]   S2 Ep  25/120  loss=0.8337 acc=68.6%  val=87.7%  lr=2.80e-05    37s
2026-03-20 21:19:47,245 [INFO]   S2 Ep  26/120  loss=0.7737 acc=72.3%  val=88.3%  lr=2.78e-05    36s
2026-03-20 21:20:25,494 [INFO]   S2 Ep  27/120  loss=0.7996 acc=71.2%  val=87.8%  lr=2.76e-05    38s
2026-03-20 21:21:02,420 [INFO]   S2 Ep  28/120  loss=0.7963 acc=71.0%  val=88.7%  lr=2.73e-05    37s
2026-03-20 21:21:02,563 [INFO]   ★ best 88.70%
2026-03-20 21:21:39,160 [INFO]   S2 Ep  29/120  loss=0.7941 acc=71.0%  val=88.3%  lr=2.71e-05    37s
2026-03-20 21:22:16,794 [INFO]   S2 Ep  30/120  loss=0.7904 acc=71.5%  val=88.0%  lr=2.68e-05    38s
2026-03-20 21:22:54,105 [INFO]   S2 Ep  31/120  loss=0.7893 acc=71.7%  val=88.1%  lr=2.66e-05    37s
2026-03-20 21:23:30,685 [INFO]   S2 Ep  32/120  loss=0.7872 acc=71.6%  val=87.7%  lr=2.63e-05    37s
2026-03-20 21:24:07,341 [INFO]   S2 Ep  33/120  loss=0.7847 acc=71.8%  val=87.6%  lr=2.60e-05    37s
2026-03-20 21:24:44,513 [INFO]   S2 Ep  34/120  loss=0.7776 acc=72.4%  val=87.8%  lr=2.58e-05    37s
2026-03-20 21:25:20,376 [INFO]   S2 Ep  35/120  loss=0.7621 acc=72.8%  val=87.7%  lr=2.55e-05    36s
2026-03-20 21:25:57,172 [INFO]   S2 Ep  36/120  loss=0.7812 acc=72.3%  val=87.9%  lr=2.52e-05    37s
2026-03-20 21:26:33,940 [INFO]   S2 Ep  37/120  loss=0.7767 acc=72.4%  val=88.4%  lr=2.49e-05    37s
2026-03-20 21:27:10,974 [INFO]   S2 Ep  38/120  loss=0.7973 acc=70.8%  val=88.5%  lr=2.45e-05    37s
2026-03-20 21:27:47,875 [INFO]   S2 Ep  39/120  loss=0.7819 acc=71.9%  val=88.0%  lr=2.42e-05    37s
2026-03-20 21:28:24,503 [INFO]   S2 Ep  40/120  loss=0.7983 acc=70.6%  val=87.7%  lr=2.39e-05    37s
2026-03-20 21:29:00,843 [INFO]   S2 Ep  41/120  loss=0.8115 acc=70.3%  val=88.2%  lr=2.35e-05    36s
2026-03-20 21:29:36,781 [INFO]   S2 Ep  42/120  loss=0.7687 acc=72.7%  val=88.3%  lr=2.32e-05    36s
2026-03-20 21:30:12,848 [INFO]   S2 Ep  43/120  loss=0.7963 acc=71.2%  val=88.1%  lr=2.29e-05    36s
2026-03-20 21:30:49,063 [INFO]   S2 Ep  44/120  loss=0.7808 acc=71.6%  val=88.5%  lr=2.25e-05    36s
2026-03-20 21:31:26,155 [INFO]   S2 Ep  45/120  loss=0.7969 acc=70.8%  val=88.5%  lr=2.21e-05    37s
2026-03-20 21:32:03,123 [INFO]   S2 Ep  46/120  loss=0.7936 acc=71.1%  val=88.5%  lr=2.18e-05    37s
2026-03-20 21:32:39,847 [INFO]   S2 Ep  47/120  loss=0.7934 acc=71.0%  val=88.0%  lr=2.14e-05    37s
2026-03-20 21:33:17,139 [INFO]   S2 Ep  48/120  loss=0.7903 acc=71.3%  val=87.9%  lr=2.10e-05    37s
2026-03-20 21:33:52,877 [INFO]   S2 Ep  49/120  loss=0.7625 acc=72.8%  val=88.2%  lr=2.06e-05    36s
2026-03-20 21:34:29,566 [INFO]   S2 Ep  50/120  loss=0.7766 acc=72.1%  val=88.4%  lr=2.03e-05    37s
2026-03-20 21:35:05,297 [INFO]   S2 Ep  51/120  loss=0.7586 acc=73.1%  val=88.0%  lr=1.99e-05    36s
2026-03-20 21:35:41,095 [INFO]   S2 Ep  52/120  loss=0.7733 acc=72.3%  val=87.9%  lr=1.95e-05    36s
2026-03-20 21:36:17,015 [INFO]   S2 Ep  53/120  loss=0.7919 acc=71.1%  val=88.2%  lr=1.91e-05    36s
2026-03-20 21:36:52,900 [INFO]   S2 Ep  54/120  loss=0.7436 acc=73.7%  val=88.5%  lr=1.87e-05    36s
2026-03-20 21:37:28,602 [INFO]   S2 Ep  55/120  loss=0.7573 acc=73.2%  val=88.1%  lr=1.83e-05    36s
2026-03-20 21:38:04,392 [INFO]   S2 Ep  56/120  loss=0.7839 acc=71.9%  val=87.9%  lr=1.79e-05    36s
2026-03-20 21:38:40,417 [INFO]   S2 Ep  57/120  loss=0.7573 acc=73.2%  val=88.4%  lr=1.75e-05    36s
2026-03-20 21:39:16,602 [INFO]   S2 Ep  58/120  loss=0.7513 acc=73.3%  val=87.9%  lr=1.71e-05    36s
2026-03-20 21:39:52,125 [INFO]   S2 Ep  59/120  loss=0.7660 acc=72.7%  val=88.4%  lr=1.66e-05    36s
2026-03-20 21:40:27,669 [INFO]   S2 Ep  60/120  loss=0.7768 acc=72.1%  val=87.6%  lr=1.62e-05    36s
2026-03-20 21:41:04,110 [INFO]   S2 Ep  61/120  loss=0.7674 acc=72.1%  val=88.0%  lr=1.58e-05    36s
2026-03-20 21:41:40,166 [INFO]   S2 Ep  62/120  loss=0.7627 acc=72.8%  val=88.2%  lr=1.54e-05    36s
2026-03-20 21:42:15,950 [INFO]   S2 Ep  63/120  loss=0.7824 acc=72.0%  val=87.6%  lr=1.50e-05    36s
2026-03-20 21:42:52,199 [INFO]   S2 Ep  64/120  loss=0.7522 acc=73.5%  val=88.0%  lr=1.46e-05    36s
2026-03-20 21:43:28,324 [INFO]   S2 Ep  65/120  loss=0.7527 acc=73.0%  val=88.3%  lr=1.42e-05    36s
2026-03-20 21:44:05,198 [INFO]   S2 Ep  66/120  loss=0.7921 acc=70.8%  val=88.2%  lr=1.38e-05    37s
2026-03-20 21:44:41,476 [INFO]   S2 Ep  67/120  loss=0.7644 acc=73.2%  val=88.5%  lr=1.33e-05    36s
2026-03-20 21:45:18,339 [INFO]   S2 Ep  68/120  loss=0.7374 acc=74.3%  val=87.8%  lr=1.29e-05    37s
2026-03-20 21:45:18,339 [INFO]   Early stop at ep 68
2026-03-20 21:45:18,341 [INFO] ── Stage 3: SWA (20 ep) ──
2026-03-20 21:45:55,146 [INFO]   SWA Ep  1/20  loss=0.7804  swa_val=88.1%  37s
2026-03-20 21:46:32,194 [INFO]   SWA Ep  2/20  loss=0.7784  swa_val=88.5%  37s
2026-03-20 21:47:09,968 [INFO]   SWA Ep  3/20  loss=0.7735  swa_val=88.5%  38s
2026-03-20 21:47:46,243 [INFO]   SWA Ep  4/20  loss=0.7741  swa_val=88.5%  36s
2026-03-20 21:48:22,391 [INFO]   SWA Ep  5/20  loss=0.7775  swa_val=88.4%  36s
2026-03-20 21:48:59,670 [INFO]   SWA Ep  6/20  loss=0.7897  swa_val=88.8%  37s
2026-03-20 21:49:37,285 [INFO]   SWA Ep  7/20  loss=0.7605  swa_val=88.6%  38s
2026-03-20 21:50:14,909 [INFO]   SWA Ep  8/20  loss=0.7819  swa_val=88.4%  38s
2026-03-20 21:50:53,070 [INFO]   SWA Ep  9/20  loss=0.7830  swa_val=88.6%  38s
2026-03-20 21:51:30,115 [INFO]   SWA Ep 10/20  loss=0.7636  swa_val=88.5%  37s
2026-03-20 21:52:07,024 [INFO]   SWA Ep 11/20  loss=0.7744  swa_val=88.1%  37s
2026-03-20 21:52:43,681 [INFO]   SWA Ep 12/20  loss=0.7752  swa_val=88.6%  37s
2026-03-20 21:53:20,866 [INFO]   SWA Ep 13/20  loss=0.7864  swa_val=88.6%  37s
2026-03-20 21:53:57,973 [INFO]   SWA Ep 14/20  loss=0.7749  swa_val=88.6%  37s
2026-03-20 21:54:35,327 [INFO]   SWA Ep 15/20  loss=0.7963  swa_val=88.7%  37s
2026-03-20 21:55:11,691 [INFO]   SWA Ep 16/20  loss=0.7491  swa_val=88.6%  36s
2026-03-20 21:55:48,762 [INFO]   SWA Ep 17/20  loss=0.7900  swa_val=88.5%  37s
2026-03-20 21:56:25,432 [INFO]   SWA Ep 18/20  loss=0.7601  swa_val=88.7%  37s
2026-03-20 21:57:02,564 [INFO]   SWA Ep 19/20  loss=0.7615  swa_val=88.4%  37s
2026-03-20 21:57:39,728 [INFO]   SWA Ep 20/20  loss=0.8043  swa_val=88.5%  37s
2026-03-20 21:57:58,165 [INFO]   SWA final: 88.91% (regular best: 88.70%)
2026-03-20 21:57:58,330 [INFO]   ★ SWA beats regular!
2026-03-20 21:57:58,331 [INFO]   Fold 4 best: 88.91%
2026-03-20 21:57:59,928 [INFO] ================================================================
2026-03-20 21:57:59,928 [INFO] FOLD 5 / 5
2026-03-20 21:57:59,928 [INFO] ================================================================
2026-03-20 21:58:00,106 [INFO] Loading pretrained weights from Hugging Face hub (timm/tf_efficientnetv2_s.in21k_ft_in1k)
2026-03-20 21:58:00,431 [INFO] HTTP Request: HEAD https://huggingface.co/timm/tf_efficientnetv2_s.in21k_ft_in1k/resolve/main/model.safetensors "HTTP/1.1 302 Found"
2026-03-20 21:58:00,433 [INFO] [timm/tf_efficientnetv2_s.in21k_ft_in1k] Safe alternative available for 'pytorch_model.bin' (as 'model.safetensors'). Loading weights using safetensors.
2026-03-20 21:58:00,463 [WARNING] Unexpected keys (bn2.num_batches_tracked, bn2.bias, bn2.running_mean, bn2.running_var, bn2.weight, classifier.bias, classifier.weight, conv_head.weight) found while loading pretrained weights. This may be expected if model is being adapted.
2026-03-20 21:58:00,620 [INFO]   Born-again from /data/slr/checkpoints_v24/best_fold4.pt (val 88.36%)
2026-03-20 21:58:00,621 [INFO] ── Stage 1: head warmup (5 ep) ──
2026-03-20 21:58:20,117 [INFO]   S1 Ep 1/5  loss=0.3195 acc=97.2%  val=87.9%  19s
2026-03-20 21:58:20,256 [INFO]   ★ best 87.86%
2026-03-20 21:58:36,570 [INFO]   S1 Ep 2/5  loss=0.3251 acc=96.9%  val=87.9%  16s
2026-03-20 21:58:53,397 [INFO]   S1 Ep 3/5  loss=0.3220 acc=97.1%  val=87.8%  17s
2026-03-20 21:59:10,258 [INFO]   S1 Ep 4/5  loss=0.3199 acc=97.1%  val=87.7%  17s
2026-03-20 21:59:26,903 [INFO]   S1 Ep 5/5  loss=0.3196 acc=96.9%  val=87.9%  17s
2026-03-20 21:59:27,087 [INFO]   ★ best 87.92%
2026-03-20 21:59:27,087 [INFO] ── Stage 2: full fine-tune (120 ep) ──
2026-03-20 21:59:27,090 [INFO] LLRD: 14 groups, LR [5.34e-06 … 3.00e-05]
2026-03-20 22:00:03,070 [INFO]   S2 Ep   1/120  loss=0.7879 acc=72.0%  val=88.2%  lr=3.13e-06    36s
2026-03-20 22:00:03,230 [INFO]   ★ best 88.23%
2026-03-20 22:00:39,004 [INFO]   S2 Ep   2/120  loss=0.7969 acc=70.9%  val=88.0%  lr=8.40e-06    36s
2026-03-20 22:01:14,740 [INFO]   S2 Ep   3/120  loss=0.7937 acc=71.0%  val=87.9%  lr=1.56e-05    36s
2026-03-20 22:01:50,691 [INFO]   S2 Ep   4/120  loss=0.8063 acc=70.5%  val=87.6%  lr=2.28e-05    36s
2026-03-20 22:02:26,403 [INFO]   S2 Ep   5/120  loss=0.8137 acc=70.3%  val=87.1%  lr=2.81e-05    36s
2026-03-20 22:03:01,987 [INFO]   S2 Ep   6/120  loss=0.7901 acc=71.3%  val=87.1%  lr=3.00e-05    36s
2026-03-20 22:03:38,379 [INFO]   S2 Ep   7/120  loss=0.8210 acc=69.7%  val=87.2%  lr=3.00e-05    36s
2026-03-20 22:04:13,904 [INFO]   S2 Ep   8/120  loss=0.7859 acc=71.7%  val=86.9%  lr=3.00e-05    36s
2026-03-20 22:04:49,703 [INFO]   S2 Ep   9/120  loss=0.7739 acc=72.7%  val=87.2%  lr=2.99e-05    36s
2026-03-20 22:05:25,749 [INFO]   S2 Ep  10/120  loss=0.8131 acc=70.0%  val=87.0%  lr=2.99e-05    36s
2026-03-20 22:06:01,640 [INFO]   S2 Ep  11/120  loss=0.8000 acc=70.9%  val=86.9%  lr=2.99e-05    36s
2026-03-20 22:06:37,401 [INFO]   S2 Ep  12/120  loss=0.7856 acc=71.6%  val=87.2%  lr=2.98e-05    36s
2026-03-20 22:07:12,982 [INFO]   S2 Ep  13/120  loss=0.7907 acc=71.6%  val=87.7%  lr=2.97e-05    36s
2026-03-20 22:07:48,529 [INFO]   S2 Ep  14/120  loss=0.7852 acc=71.9%  val=87.0%  lr=2.96e-05    36s
2026-03-20 22:08:24,606 [INFO]   S2 Ep  15/120  loss=0.8281 acc=68.5%  val=86.8%  lr=2.95e-05    36s
2026-03-20 22:09:00,185 [INFO]   S2 Ep  16/120  loss=0.7802 acc=71.5%  val=86.4%  lr=2.94e-05    36s
2026-03-20 22:09:36,127 [INFO]   S2 Ep  17/120  loss=0.7979 acc=70.7%  val=87.5%  lr=2.93e-05    36s
2026-03-20 22:10:11,653 [INFO]   S2 Ep  18/120  loss=0.7954 acc=71.3%  val=87.3%  lr=2.92e-05    36s
2026-03-20 22:10:47,441 [INFO]   S2 Ep  19/120  loss=0.7584 acc=73.4%  val=87.4%  lr=2.90e-05    36s
2026-03-20 22:11:23,063 [INFO]   S2 Ep  20/120  loss=0.8162 acc=69.9%  val=86.7%  lr=2.89e-05    36s
2026-03-20 22:11:58,809 [INFO]   S2 Ep  21/120  loss=0.8021 acc=70.6%  val=87.0%  lr=2.87e-05    36s
2026-03-20 22:12:34,308 [INFO]   S2 Ep  22/120  loss=0.7703 acc=72.2%  val=87.4%  lr=2.86e-05    35s
2026-03-20 22:13:09,860 [INFO]   S2 Ep  23/120  loss=0.7759 acc=72.4%  val=87.2%  lr=2.84e-05    36s
2026-03-20 22:13:45,366 [INFO]   S2 Ep  24/120  loss=0.7960 acc=71.1%  val=87.4%  lr=2.82e-05    36s
2026-03-20 22:14:20,879 [INFO]   S2 Ep  25/120  loss=0.7870 acc=72.1%  val=87.2%  lr=2.80e-05    36s
2026-03-20 22:14:56,645 [INFO]   S2 Ep  26/120  loss=0.8150 acc=69.6%  val=87.1%  lr=2.78e-05    36s
2026-03-20 22:15:32,445 [INFO]   S2 Ep  27/120  loss=0.7806 acc=71.8%  val=87.4%  lr=2.76e-05    36s
2026-03-20 22:16:08,323 [INFO]   S2 Ep  28/120  loss=0.8100 acc=70.3%  val=87.3%  lr=2.73e-05    36s
2026-03-20 22:16:43,944 [INFO]   S2 Ep  29/120  loss=0.7676 acc=72.2%  val=87.7%  lr=2.71e-05    36s
2026-03-20 22:17:19,821 [INFO]   S2 Ep  30/120  loss=0.7597 acc=72.9%  val=87.6%  lr=2.68e-05    36s
2026-03-20 22:17:55,465 [INFO]   S2 Ep  31/120  loss=0.7488 acc=73.6%  val=87.8%  lr=2.66e-05    36s
2026-03-20 22:18:31,156 [INFO]   S2 Ep  32/120  loss=0.8025 acc=70.8%  val=87.1%  lr=2.63e-05    36s
2026-03-20 22:19:06,706 [INFO]   S2 Ep  33/120  loss=0.7863 acc=71.3%  val=87.3%  lr=2.60e-05    36s
2026-03-20 22:19:42,965 [INFO]   S2 Ep  34/120  loss=0.8015 acc=70.5%  val=87.6%  lr=2.58e-05    36s
2026-03-20 22:20:19,061 [INFO]   S2 Ep  35/120  loss=0.7791 acc=71.9%  val=87.7%  lr=2.55e-05    36s
2026-03-20 22:20:54,723 [INFO]   S2 Ep  36/120  loss=0.7859 acc=71.5%  val=87.7%  lr=2.52e-05    36s
2026-03-20 22:21:30,202 [INFO]   S2 Ep  37/120  loss=0.7665 acc=72.6%  val=87.9%  lr=2.49e-05    35s
2026-03-20 22:22:06,479 [INFO]   S2 Ep  38/120  loss=0.7722 acc=72.4%  val=87.3%  lr=2.45e-05    36s
2026-03-20 22:22:41,967 [INFO]   S2 Ep  39/120  loss=0.8096 acc=70.0%  val=87.3%  lr=2.42e-05    35s
2026-03-20 22:23:17,716 [INFO]   S2 Ep  40/120  loss=0.7855 acc=71.7%  val=87.0%  lr=2.39e-05    36s
2026-03-20 22:23:53,553 [INFO]   S2 Ep  41/120  loss=0.7948 acc=70.9%  val=87.5%  lr=2.35e-05    36s
2026-03-20 22:23:53,554 [INFO]   Early stop at ep 41
2026-03-20 22:23:53,556 [INFO] ── Stage 3: SWA (20 ep) ──
2026-03-20 22:24:29,718 [INFO]   SWA Ep  1/20  loss=0.7815  swa_val=88.3%  36s
2026-03-20 22:25:05,391 [INFO]   SWA Ep  2/20  loss=0.7963  swa_val=88.2%  36s
2026-03-20 22:25:41,269 [INFO]   SWA Ep  3/20  loss=0.7841  swa_val=88.1%  36s
2026-03-20 22:26:16,856 [INFO]   SWA Ep  4/20  loss=0.7730  swa_val=88.3%  36s
2026-03-20 22:26:52,986 [INFO]   SWA Ep  5/20  loss=0.7981  swa_val=88.1%  36s
2026-03-20 22:27:29,893 [INFO]   SWA Ep  6/20  loss=0.8034  swa_val=88.2%  37s
2026-03-20 22:28:05,607 [INFO]   SWA Ep  7/20  loss=0.7720  swa_val=88.1%  36s
2026-03-20 22:28:41,810 [INFO]   SWA Ep  8/20  loss=0.7923  swa_val=88.2%  36s
2026-03-20 22:29:19,137 [INFO]   SWA Ep  9/20  loss=0.7860  swa_val=88.0%  37s
2026-03-20 22:29:55,003 [INFO]   SWA Ep 10/20  loss=0.7674  swa_val=88.1%  36s
2026-03-20 22:30:30,791 [INFO]   SWA Ep 11/20  loss=0.7835  swa_val=88.0%  36s
2026-03-20 22:31:06,858 [INFO]   SWA Ep 12/20  loss=0.7954  swa_val=88.3%  36s
2026-03-20 22:31:43,091 [INFO]   SWA Ep 13/20  loss=0.7950  swa_val=88.1%  36s
2026-03-20 22:32:18,676 [INFO]   SWA Ep 14/20  loss=0.8069  swa_val=88.1%  36s
2026-03-20 22:32:54,331 [INFO]   SWA Ep 15/20  loss=0.7862  swa_val=88.1%  36s
2026-03-20 22:33:29,860 [INFO]   SWA Ep 16/20  loss=0.7810  swa_val=88.4%  36s
2026-03-20 22:34:05,523 [INFO]   SWA Ep 17/20  loss=0.8076  swa_val=88.1%  36s
2026-03-20 22:34:41,431 [INFO]   SWA Ep 18/20  loss=0.7953  swa_val=88.1%  36s
2026-03-20 22:35:17,209 [INFO]   SWA Ep 19/20  loss=0.7771  swa_val=88.3%  36s
2026-03-20 22:35:52,851 [INFO]   SWA Ep 20/20  loss=0.7869  swa_val=88.1%  36s
2026-03-20 22:36:11,455 [INFO]   SWA final: 87.86% (regular best: 88.23%)
2026-03-20 22:36:11,455 [INFO]   Fold 5 best: 88.23%
2026-03-20 22:36:13,930 [INFO] ================================================================
2026-03-20 22:36:13,930 [INFO] 5-FOLD CV
2026-03-20 22:36:13,930 [INFO] ================================================================
2026-03-20 22:36:13,930 [INFO]   Fold 1 : 88.03%
2026-03-20 22:36:13,930 [INFO]   Fold 2 : 87.83%
2026-03-20 22:36:13,930 [INFO]   Fold 3 : 89.11%
2026-03-20 22:36:13,930 [INFO]   Fold 4 : 88.91%
2026-03-20 22:36:13,930 [INFO]   Fold 5 : 88.23%
2026-03-20 22:36:13,930 [INFO]   Mean: 88.42% ± 0.50%
2026-03-20 22:41:49,439 [INFO] Done.
