2026-03-22 07:58:34,877 [INFO] GPU: NVIDIA H200
2026-03-22 07:58:34,878 [INFO] Config: {
  "data_dir": "/data/slr/track2_",
  "output_dir": "/data/slr/checkpoints_v55",
  "max_frames": 48,
  "img_size": 224,
  "n_classes": 126,
  "teacher_img_size": 224,
  "teacher_max_frames": 48,
  "channel_means": [
    -64.3217,
    -62.9119,
    -63.9254
  ],
  "channel_stds": [
    12.5721,
    11.662,
    11.7259
  ],
  "n_folds": 5,
  "batch_size": 48,
  "num_workers": 2,
  "stage1_epochs": 5,
  "stage1_lr": 0.0002,
  "stage2_epochs": 100,
  "stage2_lr": 4e-05,
  "swa_epochs": 15,
  "swa_lr": 4e-06,
  "weight_decay": 0.05,
  "warmup_pct": 0.05,
  "label_smoothing": 0.1,
  "early_stopping_patience": 30,
  "grad_clip_norm": 1.0,
  "llrd_decay": 0.75,
  "kd_alpha": 0.5,
  "kd_tau": 4.0,
  "mixup_alpha": 0.4,
  "cutmix_alpha": 1.0,
  "cutmix_prob": 0.5,
  "time_mask_max": 8,
  "range_mask_max": 30,
  "noise_std": 0.1,
  "time_warp_lo": 0.8,
  "time_warp_hi": 1.2,
  "time_reverse_prob": 0.5,
  "channel_shuffle_prob": 0.2,
  "channel_drop_prob": 0.1,
  "random_erase_prob": 0.2,
  "circ_shift_prob": 0.3,
  "circ_shift_max": 8,
  "amp_scale_prob": 0.5,
  "amp_scale_lo": 0.8,
  "amp_scale_hi": 1.2,
  "model_name": "convnextv2_tiny.fcmae_ft_in22k_in1k",
  "drop_path_rate": 0.2,
  "proj_dim": 512,
  "drop_rate": 0.3,
  "ms_dropout_samples": 5,
  "seed": 42
}
2026-03-22 07:58:34,878 [INFO] ★★★ PSEUDO-LABELING + ConvNeXtV2 @ 224 ★★★
2026-03-22 07:58:34,952 [INFO] Train: 14742 | Eval: 9828
2026-03-22 07:58:39,765 [INFO] Computing pseudo-labels from 6-model ensemble (threshold=0.70)…
2026-03-22 07:58:39,791 [INFO]   Loaded v11: torch.Size([9828, 126])
2026-03-22 07:58:39,812 [INFO]   Loaded vit_v9: torch.Size([9828, 126])
2026-03-22 07:58:39,833 [INFO]   Loaded v18: torch.Size([9828, 126])
2026-03-22 07:58:39,852 [INFO]   Loaded v25: torch.Size([9828, 126])
2026-03-22 07:58:39,873 [INFO]   Loaded v24: torch.Size([9828, 126])
2026-03-22 07:58:39,894 [INFO]   Loaded v38: torch.Size([9828, 126])
2026-03-22 07:58:39,909 [INFO]   Confidence stats: mean=0.800, median=0.864, max=0.892, min=0.108
2026-03-22 07:58:39,909 [INFO]   Pseudo-labeled: 8427 / 9828 (85.7%) above threshold 0.70
2026-03-22 07:58:39,938 [INFO]   Class distribution: 126 unique classes in pseudo-labels
2026-03-22 07:58:39,941 [INFO] Pre-computing teacher soft labels …
2026-03-22 07:58:41,931 [INFO]   Loaded 5 teachers
2026-03-22 07:59:59,670 [INFO]   Soft labels: 14742
2026-03-22 07:59:59,673 [INFO] KD α=0.50 τ=4.0 | born-again v11 | +8427 pseudo-labeled
2026-03-22 07:59:59,678 [INFO] ================================================================
2026-03-22 07:59:59,678 [INFO] FOLD 1 / 5
2026-03-22 07:59:59,678 [INFO] ================================================================
2026-03-22 07:59:59,679 [INFO]   Train: 11793 (orig) + 8427 (pseudo) = 20220 | Val: 2949
2026-03-22 07:59:59,913 [INFO] Loading pretrained weights from Hugging Face hub (timm/convnextv2_tiny.fcmae_ft_in22k_in1k)
2026-03-22 08:00:00,185 [INFO] HTTP Request: HEAD https://huggingface.co/timm/convnextv2_tiny.fcmae_ft_in22k_in1k/resolve/main/model.safetensors "HTTP/1.1 302 Found"
2026-03-22 08:00:00,185 [WARNING] Warning: You are sending unauthenticated requests to the HF Hub. Please set a HF_TOKEN to enable higher rate limits and faster downloads.
2026-03-22 08:00:00,187 [INFO] [timm/convnextv2_tiny.fcmae_ft_in22k_in1k] Safe alternative available for 'pytorch_model.bin' (as 'model.safetensors'). Loading weights using safetensors.
2026-03-22 08:00:00,204 [INFO] Missing keys (head.fc.weight, head.fc.bias) discovered while loading pretrained weights. This is expected if model is being adapted.
2026-03-22 08:00:00,308 [INFO]   Born-again ← best_fold0.pt (val 90.78%)
2026-03-22 08:00:00,308 [INFO] ── Stage 1: head warmup (5 ep) ──
2026-03-22 08:00:44,489 [INFO]   S1 Ep 1/5  loss=0.4785 acc=97.4%  val=90.8%  44s
2026-03-22 08:00:44,665 [INFO]   ★ best 90.78%
2026-03-22 08:01:13,903 [INFO]   S1 Ep 2/5  loss=0.4837 acc=97.4%  val=90.7%  29s
2026-03-22 08:01:40,751 [INFO]   S1 Ep 3/5  loss=0.4798 acc=97.4%  val=90.7%  27s
2026-03-22 08:02:08,213 [INFO]   S1 Ep 4/5  loss=0.4767 acc=97.5%  val=90.8%  27s
2026-03-22 08:02:35,894 [INFO]   S1 Ep 5/5  loss=0.4764 acc=97.5%  val=90.6%  28s
2026-03-22 08:02:35,895 [INFO] ── Stage 2: full fine-tune (100 ep) ──
2026-03-22 08:02:35,896 [INFO] LLRD: 12 groups, LR [9.49e-06 … 4.00e-05]
2026-03-22 08:03:26,438 [INFO]   S2 Ep   1/100  loss=1.0728 acc=72.1%  val=90.6%  lr=5.27e-06    51s
2026-03-22 08:04:12,756 [INFO]   S2 Ep   2/100  loss=1.0718 acc=71.5%  val=90.4%  lr=1.49e-05    46s
2026-03-22 08:04:58,701 [INFO]   S2 Ep   3/100  loss=1.0922 acc=71.1%  val=90.1%  lr=2.67e-05    46s
2026-03-22 08:05:45,020 [INFO]   S2 Ep   4/100  loss=1.0454 acc=73.1%  val=89.8%  lr=3.63e-05    46s
2026-03-22 08:06:30,400 [INFO]   S2 Ep   5/100  loss=1.0904 acc=71.2%  val=89.5%  lr=4.00e-05    45s
2026-03-22 08:07:16,034 [INFO]   S2 Ep   6/100  loss=1.1013 acc=70.4%  val=89.2%  lr=4.00e-05    46s
2026-03-22 08:08:02,139 [INFO]   S2 Ep   7/100  loss=1.0999 acc=70.6%  val=89.9%  lr=4.00e-05    46s
2026-03-22 08:08:47,752 [INFO]   S2 Ep   8/100  loss=1.0842 acc=71.3%  val=89.9%  lr=3.99e-05    46s
2026-03-22 08:09:33,838 [INFO]   S2 Ep   9/100  loss=1.1023 acc=70.7%  val=89.9%  lr=3.98e-05    46s
2026-03-22 08:10:20,124 [INFO]   S2 Ep  10/100  loss=1.0931 acc=70.7%  val=90.4%  lr=3.97e-05    46s
2026-03-22 08:11:06,394 [INFO]   S2 Ep  11/100  loss=1.0875 acc=70.5%  val=88.9%  lr=3.96e-05    46s
2026-03-22 08:11:52,630 [INFO]   S2 Ep  12/100  loss=1.0979 acc=70.3%  val=89.1%  lr=3.95e-05    46s
2026-03-22 08:12:38,672 [INFO]   S2 Ep  13/100  loss=1.0851 acc=71.4%  val=89.3%  lr=3.93e-05    46s
2026-03-22 08:13:24,422 [INFO]   S2 Ep  14/100  loss=1.0883 acc=70.8%  val=89.3%  lr=3.91e-05    46s
2026-03-22 08:14:10,800 [INFO]   S2 Ep  15/100  loss=1.0868 acc=71.8%  val=89.4%  lr=3.89e-05    46s
2026-03-22 08:14:56,793 [INFO]   S2 Ep  16/100  loss=1.0513 acc=72.7%  val=89.1%  lr=3.87e-05    46s
2026-03-22 08:15:42,302 [INFO]   S2 Ep  17/100  loss=1.0961 acc=70.3%  val=89.5%  lr=3.84e-05    46s
2026-03-22 08:16:28,216 [INFO]   S2 Ep  18/100  loss=1.0728 acc=71.6%  val=89.1%  lr=3.82e-05    46s
2026-03-22 08:17:14,419 [INFO]   S2 Ep  19/100  loss=1.0677 acc=72.2%  val=89.4%  lr=3.79e-05    46s
2026-03-22 08:18:00,327 [INFO]   S2 Ep  20/100  loss=1.1049 acc=70.4%  val=89.7%  lr=3.76e-05    46s
2026-03-22 08:18:46,250 [INFO]   S2 Ep  21/100  loss=1.0742 acc=71.7%  val=89.3%  lr=3.73e-05    46s
2026-03-22 08:19:31,991 [INFO]   S2 Ep  22/100  loss=1.0797 acc=72.2%  val=89.4%  lr=3.69e-05    46s
2026-03-22 08:20:17,877 [INFO]   S2 Ep  23/100  loss=1.0502 acc=72.8%  val=89.7%  lr=3.66e-05    46s
2026-03-22 08:21:04,135 [INFO]   S2 Ep  24/100  loss=1.0659 acc=72.2%  val=89.5%  lr=3.62e-05    46s
2026-03-22 08:21:50,441 [INFO]   S2 Ep  25/100  loss=1.0678 acc=71.4%  val=89.9%  lr=3.58e-05    46s
2026-03-22 08:22:36,242 [INFO]   S2 Ep  26/100  loss=1.0669 acc=72.3%  val=89.5%  lr=3.54e-05    46s
2026-03-22 08:23:22,537 [INFO]   S2 Ep  27/100  loss=1.0667 acc=71.9%  val=89.7%  lr=3.49e-05    46s
2026-03-22 08:24:09,002 [INFO]   S2 Ep  28/100  loss=1.0492 acc=72.6%  val=89.5%  lr=3.45e-05    46s
2026-03-22 08:24:54,936 [INFO]   S2 Ep  29/100  loss=1.1129 acc=69.6%  val=89.5%  lr=3.40e-05    46s
2026-03-22 08:25:40,817 [INFO]   S2 Ep  30/100  loss=1.0351 acc=73.8%  val=89.4%  lr=3.35e-05    46s
2026-03-22 08:25:40,818 [INFO]   Early stop at ep 30
2026-03-22 08:25:40,819 [INFO] ── Stage 3: SWA (15 ep) ──
2026-03-22 08:26:27,234 [INFO]   SWA Ep  1/15  loss=1.0804  swa_val=90.7%  46s
2026-03-22 08:27:13,604 [INFO]   SWA Ep  2/15  loss=1.0708  swa_val=90.6%  46s
2026-03-22 08:27:59,179 [INFO]   SWA Ep  3/15  loss=1.0426  swa_val=90.7%  46s
2026-03-22 08:28:45,217 [INFO]   SWA Ep  4/15  loss=1.0455  swa_val=90.7%  46s
2026-03-22 08:29:31,448 [INFO]   SWA Ep  5/15  loss=1.0544  swa_val=90.6%  46s
2026-03-22 08:30:17,236 [INFO]   SWA Ep  6/15  loss=1.0598  swa_val=90.6%  46s
2026-03-22 08:31:03,463 [INFO]   SWA Ep  7/15  loss=1.0771  swa_val=90.7%  46s
2026-03-22 08:31:49,157 [INFO]   SWA Ep  8/15  loss=1.0383  swa_val=90.7%  46s
2026-03-22 08:32:35,292 [INFO]   SWA Ep  9/15  loss=1.0827  swa_val=90.7%  46s
2026-03-22 08:33:21,413 [INFO]   SWA Ep 10/15  loss=1.0546  swa_val=90.7%  46s
2026-03-22 08:34:07,318 [INFO]   SWA Ep 11/15  loss=1.0515  swa_val=90.6%  46s
2026-03-22 08:34:53,598 [INFO]   SWA Ep 12/15  loss=1.0629  swa_val=90.6%  46s
2026-03-22 08:35:39,741 [INFO]   SWA Ep 13/15  loss=1.0473  swa_val=90.6%  46s
2026-03-22 08:36:25,978 [INFO]   SWA Ep 14/15  loss=1.0471  swa_val=90.6%  46s
2026-03-22 08:37:12,119 [INFO]   SWA Ep 15/15  loss=1.0683  swa_val=90.7%  46s
2026-03-22 08:37:15,892 [INFO]   SWA final: 90.71% (regular best: 90.78%)
2026-03-22 08:37:15,892 [INFO]   Fold 1 best: 90.78%
2026-03-22 08:37:15,907 [INFO] ================================================================
2026-03-22 08:37:15,907 [INFO] FOLD 2 / 5
2026-03-22 08:37:15,907 [INFO] ================================================================
2026-03-22 08:37:15,910 [INFO]   Train: 11793 (orig) + 8427 (pseudo) = 20220 | Val: 2949
2026-03-22 08:37:16,136 [INFO] Loading pretrained weights from Hugging Face hub (timm/convnextv2_tiny.fcmae_ft_in22k_in1k)
2026-03-22 08:37:16,383 [INFO] HTTP Request: HEAD https://huggingface.co/timm/convnextv2_tiny.fcmae_ft_in22k_in1k/resolve/main/model.safetensors "HTTP/1.1 302 Found"
2026-03-22 08:37:16,385 [INFO] [timm/convnextv2_tiny.fcmae_ft_in22k_in1k] Safe alternative available for 'pytorch_model.bin' (as 'model.safetensors'). Loading weights using safetensors.
2026-03-22 08:37:16,401 [INFO] Missing keys (head.fc.weight, head.fc.bias) discovered while loading pretrained weights. This is expected if model is being adapted.
2026-03-22 08:37:16,513 [INFO]   Born-again ← best_fold1.pt (val 89.69%)
2026-03-22 08:37:16,513 [INFO] ── Stage 1: head warmup (5 ep) ──
2026-03-22 08:37:44,451 [INFO]   S1 Ep 1/5  loss=0.4779 acc=97.5%  val=89.6%  28s
2026-03-22 08:37:44,594 [INFO]   ★ best 89.59%
2026-03-22 08:38:11,573 [INFO]   S1 Ep 2/5  loss=0.4867 acc=97.3%  val=89.6%  27s
2026-03-22 08:38:40,263 [INFO]   S1 Ep 3/5  loss=0.4827 acc=97.4%  val=89.5%  29s
2026-03-22 08:39:07,501 [INFO]   S1 Ep 4/5  loss=0.4789 acc=97.6%  val=89.5%  27s
2026-03-22 08:39:35,010 [INFO]   S1 Ep 5/5  loss=0.4793 acc=97.4%  val=89.5%  28s
2026-03-22 08:39:35,011 [INFO] ── Stage 2: full fine-tune (100 ep) ──
2026-03-22 08:39:35,012 [INFO] LLRD: 12 groups, LR [9.49e-06 … 4.00e-05]
2026-03-22 08:40:21,282 [INFO]   S2 Ep   1/100  loss=1.0601 acc=72.3%  val=89.6%  lr=5.27e-06    46s
2026-03-22 08:41:07,844 [INFO]   S2 Ep   2/100  loss=1.0778 acc=72.0%  val=89.1%  lr=1.49e-05    47s
2026-03-22 08:41:54,257 [INFO]   S2 Ep   3/100  loss=1.0601 acc=72.6%  val=89.0%  lr=2.67e-05    46s
2026-03-22 08:42:40,504 [INFO]   S2 Ep   4/100  loss=1.0910 acc=71.0%  val=89.1%  lr=3.63e-05    46s
2026-03-22 08:43:26,653 [INFO]   S2 Ep   5/100  loss=1.0763 acc=72.1%  val=88.6%  lr=4.00e-05    46s
2026-03-22 08:44:12,432 [INFO]   S2 Ep   6/100  loss=1.1105 acc=70.0%  val=89.3%  lr=4.00e-05    46s
2026-03-22 08:44:58,511 [INFO]   S2 Ep   7/100  loss=1.0928 acc=71.0%  val=88.3%  lr=4.00e-05    46s
2026-03-22 08:45:44,713 [INFO]   S2 Ep   8/100  loss=1.0979 acc=70.8%  val=88.6%  lr=3.99e-05    46s
2026-03-22 08:46:30,026 [INFO]   S2 Ep   9/100  loss=1.0975 acc=71.0%  val=88.7%  lr=3.98e-05    45s
2026-03-22 08:47:16,192 [INFO]   S2 Ep  10/100  loss=1.1154 acc=70.2%  val=89.0%  lr=3.97e-05    46s
2026-03-22 08:48:02,507 [INFO]   S2 Ep  11/100  loss=1.0737 acc=71.8%  val=88.3%  lr=3.96e-05    46s
2026-03-22 08:48:47,779 [INFO]   S2 Ep  12/100  loss=1.1179 acc=69.3%  val=88.6%  lr=3.95e-05    45s
2026-03-22 08:49:33,767 [INFO]   S2 Ep  13/100  loss=1.0797 acc=71.4%  val=88.4%  lr=3.93e-05    46s
2026-03-22 08:50:20,069 [INFO]   S2 Ep  14/100  loss=1.0760 acc=72.1%  val=88.5%  lr=3.91e-05    46s
2026-03-22 08:51:06,189 [INFO]   S2 Ep  15/100  loss=1.0811 acc=71.8%  val=89.0%  lr=3.89e-05    46s
2026-03-22 08:51:52,118 [INFO]   S2 Ep  16/100  loss=1.0701 acc=72.0%  val=88.8%  lr=3.87e-05    46s
