2026-03-23 12:56:28,742 [INFO] GPU: NVIDIA H200
2026-03-23 12:56:28,743 [INFO] Config: {
  "data_dir": "/data/slr/track2_",
  "output_dir": "/data/slr/checkpoints_v88",
  "max_frames": 48,
  "img_size": 224,
  "n_classes": 126,
  "channel_means": [
    -64.3217,
    -62.9119,
    -63.9254
  ],
  "channel_stds": [
    12.5721,
    11.662,
    11.7259
  ],
  "n_folds": 5,
  "batch_size": 48,
  "num_workers": 2,
  "stage1_epochs": 5,
  "stage1_lr": 0.0002,
  "stage2_epochs": 150,
  "stage2_lr": 4e-05,
  "swa_epochs": 20,
  "swa_lr": 4e-06,
  "weight_decay": 0.05,
  "warmup_pct": 0.05,
  "label_smoothing": 0.1,
  "early_stopping_patience": 30,
  "grad_clip_norm": 1.0,
  "llrd_decay": 0.75,
  "mixup_alpha": 0.4,
  "cutmix_alpha": 1.0,
  "cutmix_prob": 0.5,
  "time_mask_max": 8,
  "range_mask_max": 30,
  "noise_std": 0.1,
  "time_warp_lo": 0.8,
  "time_warp_hi": 1.2,
  "time_reverse_prob": 0.5,
  "channel_shuffle_prob": 0.2,
  "channel_drop_prob": 0.1,
  "random_erase_prob": 0.2,
  "circ_shift_prob": 0.3,
  "circ_shift_max": 8,
  "amp_scale_prob": 0.5,
  "amp_scale_lo": 0.8,
  "amp_scale_hi": 1.2,
  "model_name": "convnextv2_tiny.fcmae_ft_in22k_in1k",
  "drop_path_rate": 0.2,
  "proj_dim": 512,
  "drop_rate": 0.3,
  "ms_dropout_samples": 5,
  "seed": 42,
  "train_seed": 137
}
2026-03-23 12:56:28,743 [INFO] Different train seed=137 | born-again v66 | Fold 0
2026-03-23 12:56:28,822 [INFO] Train: 14742 | Eval: 9828
2026-03-23 12:56:33,652 [INFO] ================================================================
2026-03-23 12:56:33,652 [INFO] FOLD 0 — Different seed (train_seed=137, fold_seed=42)
2026-03-23 12:56:33,652 [INFO] ================================================================
2026-03-23 12:56:33,654 [INFO]   Train: 11793 | Val: 2949
2026-03-23 12:56:33,887 [INFO] Loading pretrained weights from Hugging Face hub (timm/convnextv2_tiny.fcmae_ft_in22k_in1k)
2026-03-23 12:56:39,018 [INFO] HTTP Request: HEAD https://huggingface.co/timm/convnextv2_tiny.fcmae_ft_in22k_in1k/resolve/main/model.safetensors "HTTP/1.1 302 Found"
2026-03-23 12:56:39,020 [INFO] [timm/convnextv2_tiny.fcmae_ft_in22k_in1k] Safe alternative available for 'pytorch_model.bin' (as 'model.safetensors'). Loading weights using safetensors.
2026-03-23 12:56:39,039 [INFO] Missing keys (head.fc.weight, head.fc.bias) discovered while loading pretrained weights. This is expected if model is being adapted.
2026-03-23 12:56:39,404 [INFO]   Born-again ← best_fold0.pt (val 90.84%)
2026-03-23 12:56:39,405 [INFO] ── Stage 1: head warmup (5 ep) ──
2026-03-23 12:57:12,484 [INFO]   S1 Ep 1/5  loss=0.8980 acc=97.3%  val=90.4%  33s
2026-03-23 12:57:12,637 [INFO]   ★ best 90.44%
2026-03-23 12:57:27,954 [INFO]   S1 Ep 2/5  loss=0.9144 acc=96.9%  val=90.5%  15s
2026-03-23 12:57:28,134 [INFO]   ★ best 90.51%
2026-03-23 12:57:43,319 [INFO]   S1 Ep 3/5  loss=0.9019 acc=97.1%  val=90.5%  15s
2026-03-23 12:57:43,521 [INFO]   ★ best 90.54%
2026-03-23 12:57:58,799 [INFO]   S1 Ep 4/5  loss=0.8991 acc=97.4%  val=90.5%  15s
2026-03-23 12:58:14,073 [INFO]   S1 Ep 5/5  loss=0.8877 acc=97.5%  val=90.5%  15s
2026-03-23 12:58:14,074 [INFO] ── Stage 2: full fine-tune (150 ep, patience 30) ──
2026-03-23 12:58:14,075 [INFO] LLRD: 12 groups, LR [9.49e-06 … 4.00e-05]
2026-03-23 12:58:40,709 [INFO]   S2 Ep   1/150  loss=1.8680 acc=71.5%  val=90.5%  lr=3.26e-06    27s
2026-03-23 12:58:57,431 [INFO]   S2 Ep   2/150  loss=1.9104 acc=70.4%  val=90.2%  lr=7.96e-06    17s
2026-03-23 12:59:14,140 [INFO]   S2 Ep   3/150  loss=1.9619 acc=68.7%  val=90.3%  lr=1.49e-05    17s
2026-03-23 12:59:31,239 [INFO]   S2 Ep   4/150  loss=1.8292 acc=72.3%  val=90.4%  lr=2.28e-05    17s
2026-03-23 12:59:48,357 [INFO]   S2 Ep   5/150  loss=1.8079 acc=73.6%  val=89.6%  lr=3.04e-05    17s
2026-03-23 13:00:04,755 [INFO]   S2 Ep   6/150  loss=1.9172 acc=69.9%  val=89.4%  lr=3.63e-05    16s
2026-03-23 13:00:21,528 [INFO]   S2 Ep   7/150  loss=1.8615 acc=71.7%  val=89.6%  lr=3.96e-05    17s
2026-03-23 13:00:38,181 [INFO]   S2 Ep   8/150  loss=1.9316 acc=69.6%  val=89.7%  lr=4.00e-05    17s
2026-03-23 13:00:54,228 [INFO]   S2 Ep   9/150  loss=1.8906 acc=70.5%  val=88.8%  lr=4.00e-05    16s
2026-03-23 13:01:10,517 [INFO]   S2 Ep  10/150  loss=1.8988 acc=70.4%  val=89.2%  lr=4.00e-05    16s
2026-03-23 13:01:27,057 [INFO]   S2 Ep  11/150  loss=1.9689 acc=68.5%  val=89.3%  lr=3.99e-05    17s
2026-03-23 13:01:43,347 [INFO]   S2 Ep  12/150  loss=1.8561 acc=72.0%  val=88.0%  lr=3.99e-05    16s
2026-03-23 13:01:59,599 [INFO]   S2 Ep  13/150  loss=1.8788 acc=71.1%  val=88.4%  lr=3.99e-05    16s
2026-03-23 13:02:16,191 [INFO]   S2 Ep  14/150  loss=1.9268 acc=68.9%  val=89.0%  lr=3.98e-05    17s
2026-03-23 13:02:32,789 [INFO]   S2 Ep  15/150  loss=1.8369 acc=72.0%  val=88.5%  lr=3.97e-05    17s
2026-03-23 13:02:49,360 [INFO]   S2 Ep  16/150  loss=1.9178 acc=69.0%  val=88.8%  lr=3.96e-05    17s
2026-03-23 13:03:05,557 [INFO]   S2 Ep  17/150  loss=1.8982 acc=70.5%  val=88.9%  lr=3.96e-05    16s
2026-03-23 13:03:22,216 [INFO]   S2 Ep  18/150  loss=1.9155 acc=69.5%  val=88.8%  lr=3.95e-05    17s
2026-03-23 13:03:39,050 [INFO]   S2 Ep  19/150  loss=1.8334 acc=71.6%  val=89.1%  lr=3.94e-05    17s
2026-03-23 13:03:55,299 [INFO]   S2 Ep  20/150  loss=1.9141 acc=69.9%  val=89.6%  lr=3.92e-05    16s
2026-03-23 13:04:11,146 [INFO]   S2 Ep  21/150  loss=1.8275 acc=71.7%  val=88.5%  lr=3.91e-05    16s
2026-03-23 13:04:27,292 [INFO]   S2 Ep  22/150  loss=1.8181 acc=72.3%  val=88.8%  lr=3.90e-05    16s
2026-03-23 13:04:43,803 [INFO]   S2 Ep  23/150  loss=1.7980 acc=74.0%  val=89.0%  lr=3.88e-05    17s
2026-03-23 13:04:59,707 [INFO]   S2 Ep  24/150  loss=1.8514 acc=71.5%  val=88.4%  lr=3.87e-05    16s
2026-03-23 13:05:16,230 [INFO]   S2 Ep  25/150  loss=1.8844 acc=70.8%  val=88.5%  lr=3.85e-05    17s
2026-03-23 13:05:32,531 [INFO]   S2 Ep  26/150  loss=1.8869 acc=71.0%  val=88.8%  lr=3.84e-05    16s
2026-03-23 13:05:48,760 [INFO]   S2 Ep  27/150  loss=1.8569 acc=71.7%  val=89.1%  lr=3.82e-05    16s
2026-03-23 13:06:04,722 [INFO]   S2 Ep  28/150  loss=1.8688 acc=71.4%  val=88.5%  lr=3.80e-05    16s
2026-03-23 13:06:21,001 [INFO]   S2 Ep  29/150  loss=1.8299 acc=71.9%  val=88.8%  lr=3.78e-05    16s
2026-03-23 13:06:37,199 [INFO]   S2 Ep  30/150  loss=1.8934 acc=70.4%  val=89.1%  lr=3.76e-05    16s
2026-03-23 13:06:37,200 [INFO]   Early stop at ep 30
2026-03-23 13:06:37,201 [INFO] ── Stage 3: SWA (20 ep, lr=4.0e-06) ──
2026-03-23 13:06:53,228 [INFO]   SWA Ep  1/20  loss=1.8567  swa_val=90.0%  16s
2026-03-23 13:07:08,966 [INFO]   SWA Ep  2/20  loss=1.8949  swa_val=90.4%  16s
2026-03-23 13:07:24,677 [INFO]   SWA Ep  3/20  loss=1.7811  swa_val=90.4%  16s
2026-03-23 13:07:40,852 [INFO]   SWA Ep  4/20  loss=1.8673  swa_val=90.5%  16s
2026-03-23 13:07:56,861 [INFO]   SWA Ep  5/20  loss=1.8880  swa_val=90.6%  16s
2026-03-23 13:08:13,006 [INFO]   SWA Ep  6/20  loss=1.9044  swa_val=90.6%  16s
2026-03-23 13:08:29,039 [INFO]   SWA Ep  7/20  loss=1.8652  swa_val=90.6%  16s
2026-03-23 13:08:45,120 [INFO]   SWA Ep  8/20  loss=1.8391  swa_val=90.6%  16s
2026-03-23 13:09:01,136 [INFO]   SWA Ep  9/20  loss=1.9140  swa_val=90.5%  16s
2026-03-23 13:09:17,446 [INFO]   SWA Ep 10/20  loss=1.8481  swa_val=90.5%  16s
2026-03-23 13:09:33,455 [INFO]   SWA Ep 11/20  loss=1.8338  swa_val=90.6%  16s
2026-03-23 13:09:49,509 [INFO]   SWA Ep 12/20  loss=1.8539  swa_val=90.6%  16s
2026-03-23 13:10:05,524 [INFO]   SWA Ep 13/20  loss=1.8581  swa_val=90.5%  16s
2026-03-23 13:10:21,886 [INFO]   SWA Ep 14/20  loss=1.8372  swa_val=90.5%  16s
2026-03-23 13:10:37,724 [INFO]   SWA Ep 15/20  loss=1.8716  swa_val=90.4%  16s
2026-03-23 13:10:53,959 [INFO]   SWA Ep 16/20  loss=1.8407  swa_val=90.4%  16s
2026-03-23 13:11:10,487 [INFO]   SWA Ep 17/20  loss=1.8617  swa_val=90.4%  17s
2026-03-23 13:11:26,848 [INFO]   SWA Ep 18/20  loss=1.8109  swa_val=90.3%  16s
2026-03-23 13:11:43,472 [INFO]   SWA Ep 19/20  loss=1.8056  swa_val=90.3%  17s
2026-03-23 13:11:59,274 [INFO]   SWA Ep 20/20  loss=1.8138  swa_val=90.4%  16s
2026-03-23 13:12:01,568 [INFO]   SWA final: 90.37% (regular best: 90.54%)
2026-03-23 13:12:01,568 [INFO]   Fold 0 best: 90.54%
2026-03-23 13:12:41,354 [INFO] TTA changed 130 / 9828 (1.3%)
2026-03-23 13:12:41,362 [INFO] Done.
