2026-03-23 15:05:10,301 [INFO] GPU: NVIDIA H200
2026-03-23 15:05:10,301 [INFO] Config: {
  "data_dir": "/data/slr/track2_",
  "output_dir": "/data/slr/checkpoints_v96",
  "max_frames": 48,
  "img_size": 224,
  "n_classes": 126,
  "channel_means": [
    -64.3217,
    -62.9119,
    -63.9254
  ],
  "channel_stds": [
    12.5721,
    11.662,
    11.7259
  ],
  "n_folds": 5,
  "batch_size": 48,
  "num_workers": 2,
  "stage1_epochs": 10,
  "stage1_lr": 0.0005,
  "stage2_epochs": 300,
  "stage2_lr": 0.0001,
  "swa_epochs": 30,
  "swa_lr": 1e-05,
  "weight_decay": 0.05,
  "warmup_pct": 0.1,
  "label_smoothing": 0.1,
  "early_stopping_patience": 50,
  "grad_clip_norm": 1.0,
  "llrd_decay": 1.0,
  "mixup_alpha": 0.4,
  "cutmix_alpha": 1.0,
  "cutmix_prob": 0.5,
  "time_mask_max": 8,
  "range_mask_max": 30,
  "noise_std": 0.1,
  "time_warp_lo": 0.8,
  "time_warp_hi": 1.2,
  "time_reverse_prob": 0.5,
  "channel_shuffle_prob": 0.2,
  "channel_drop_prob": 0.1,
  "random_erase_prob": 0.2,
  "circ_shift_prob": 0.3,
  "circ_shift_max": 8,
  "amp_scale_prob": 0.5,
  "amp_scale_lo": 0.8,
  "amp_scale_hi": 1.2,
  "model_name": "convnextv2_tiny.fcmae_ft_in22k_in1k",
  "drop_path_rate": 0.2,
  "proj_dim": 512,
  "drop_rate": 0.3,
  "ms_dropout_samples": 5,
  "seed": 42
}
2026-03-23 15:05:10,301 [INFO] NO KD | NO threshold | AMP | LLRD fixed | Fold 0
2026-03-23 15:05:10,371 [INFO] Train: 14742 | Eval: 9828
2026-03-23 15:05:15,033 [INFO] ================================================================
2026-03-23 15:05:15,042 [INFO] FOLD 0 — CLEAN BASELINE (no KD, no threshold)
2026-03-23 15:05:15,042 [INFO] ================================================================
2026-03-23 15:05:15,044 [INFO]   Train: 11793 | Val: 2949
2026-03-23 15:05:15,879 [INFO]   Training from SCRATCH (no pretrain, no born-again)
2026-03-23 15:05:15,880 [INFO] ── Stage 1: head warmup (10 ep) ──
2026-03-23 15:05:48,549 [INFO]   S1 Ep 1/10  loss=4.8543 acc=0.7%  val=0.8%  33s
2026-03-23 15:05:48,701 [INFO]   ★ best 0.78%
2026-03-23 15:06:03,083 [INFO]   S1 Ep 2/10  loss=4.8534 acc=0.8%  val=0.7%  14s
2026-03-23 15:06:17,625 [INFO]   S1 Ep 3/10  loss=4.8496 acc=0.7%  val=0.8%  15s
2026-03-23 15:06:33,050 [INFO]   S1 Ep 4/10  loss=4.8459 acc=0.7%  val=0.8%  15s
2026-03-23 15:06:47,529 [INFO]   S1 Ep 5/10  loss=4.8443 acc=0.7%  val=0.9%  14s
2026-03-23 15:06:47,689 [INFO]   ★ best 0.88%
2026-03-23 15:07:02,058 [INFO]   S1 Ep 6/10  loss=4.8426 acc=0.7%  val=0.8%  14s
2026-03-23 15:07:16,400 [INFO]   S1 Ep 7/10  loss=4.8413 acc=0.7%  val=0.9%  14s
2026-03-23 15:07:16,615 [INFO]   ★ best 0.92%
2026-03-23 15:07:31,556 [INFO]   S1 Ep 8/10  loss=4.8391 acc=0.6%  val=0.6%  15s
2026-03-23 15:07:46,052 [INFO]   S1 Ep 9/10  loss=4.8372 acc=0.9%  val=0.8%  14s
2026-03-23 15:08:00,999 [INFO]   S1 Ep 10/10  loss=4.8358 acc=1.0%  val=0.8%  15s
2026-03-23 15:08:00,999 [INFO] ── Stage 2: full fine-tune (300 ep, patience 50) ──
2026-03-23 15:08:01,000 [INFO] LLRD: 2 groups, LR [1.00e-04 … 1.00e-04]
2026-03-23 15:08:41,418 [INFO]   S2 Ep   1/300  loss=4.8359 acc=0.7%  val=0.7%  lr=4.26e-06    40s
2026-03-23 15:09:10,892 [INFO]   S2 Ep   2/300  loss=4.8355 acc=0.8%  val=0.8%  lr=5.05e-06    29s
2026-03-23 15:09:39,207 [INFO]   S2 Ep   3/300  loss=4.8346 acc=0.9%  val=1.0%  lr=6.35e-06    28s
2026-03-23 15:09:39,388 [INFO]   ★ best 1.02%
2026-03-23 15:10:08,867 [INFO]   S2 Ep   4/300  loss=4.8316 acc=1.0%  val=1.1%  lr=8.15e-06    29s
2026-03-23 15:10:09,026 [INFO]   ★ best 1.05%
2026-03-23 15:10:37,141 [INFO]   S2 Ep   5/300  loss=4.8269 acc=1.1%  val=1.4%  lr=1.04e-05    28s
2026-03-23 15:10:37,315 [INFO]   ★ best 1.39%
2026-03-23 15:11:06,771 [INFO]   S2 Ep   6/300  loss=4.8180 acc=1.1%  val=1.6%  lr=1.32e-05    29s
2026-03-23 15:11:06,975 [INFO]   ★ best 1.63%
2026-03-23 15:11:35,321 [INFO]   S2 Ep   7/300  loss=4.8115 acc=1.2%  val=1.4%  lr=1.63e-05    28s
2026-03-23 15:12:04,830 [INFO]   S2 Ep   8/300  loss=4.7998 acc=1.2%  val=1.3%  lr=1.99e-05    30s
2026-03-23 15:12:33,833 [INFO]   S2 Ep   9/300  loss=4.7871 acc=1.2%  val=1.7%  lr=2.38e-05    29s
2026-03-23 15:12:34,042 [INFO]   ★ best 1.66%
2026-03-23 15:13:02,391 [INFO]   S2 Ep  10/300  loss=4.7766 acc=1.2%  val=1.4%  lr=2.80e-05    28s
2026-03-23 15:13:32,012 [INFO]   S2 Ep  11/300  loss=4.7703 acc=1.2%  val=1.5%  lr=3.25e-05    30s
2026-03-23 15:13:59,799 [INFO]   S2 Ep  12/300  loss=4.7701 acc=1.3%  val=1.5%  lr=3.72e-05    28s
2026-03-23 15:14:27,355 [INFO]   S2 Ep  13/300  loss=4.7570 acc=1.4%  val=1.4%  lr=4.20e-05    28s
2026-03-23 15:14:54,863 [INFO]   S2 Ep  14/300  loss=4.7390 acc=1.3%  val=2.1%  lr=4.70e-05    28s
2026-03-23 15:14:55,035 [INFO]   ★ best 2.10%
2026-03-23 15:15:22,476 [INFO]   S2 Ep  15/300  loss=4.7389 acc=1.6%  val=1.9%  lr=5.20e-05    27s
2026-03-23 15:15:49,879 [INFO]   S2 Ep  16/300  loss=4.7336 acc=1.5%  val=2.3%  lr=5.70e-05    27s
2026-03-23 15:15:50,065 [INFO]   ★ best 2.31%
2026-03-23 15:16:17,698 [INFO]   S2 Ep  17/300  loss=4.7078 acc=1.8%  val=3.1%  lr=6.20e-05    28s
2026-03-23 15:16:17,866 [INFO]   ★ best 3.09%
2026-03-23 15:16:45,309 [INFO]   S2 Ep  18/300  loss=4.7030 acc=1.9%  val=3.3%  lr=6.68e-05    27s
2026-03-23 15:16:45,492 [INFO]   ★ best 3.26%
2026-03-23 15:17:13,085 [INFO]   S2 Ep  19/300  loss=4.6694 acc=2.0%  val=3.8%  lr=7.15e-05    28s
2026-03-23 15:17:13,261 [INFO]   ★ best 3.76%
2026-03-23 15:17:40,791 [INFO]   S2 Ep  20/300  loss=4.6475 acc=2.3%  val=4.0%  lr=7.60e-05    28s
2026-03-23 15:17:40,962 [INFO]   ★ best 4.00%
2026-03-23 15:18:08,368 [INFO]   S2 Ep  21/300  loss=4.6228 acc=3.0%  val=4.7%  lr=8.02e-05    27s
2026-03-23 15:18:08,594 [INFO]   ★ best 4.68%
2026-03-23 15:18:35,860 [INFO]   S2 Ep  22/300  loss=4.5943 acc=2.9%  val=4.7%  lr=8.41e-05    27s
2026-03-23 15:19:03,311 [INFO]   S2 Ep  23/300  loss=4.5710 acc=3.2%  val=5.0%  lr=8.77e-05    27s
2026-03-23 15:19:03,511 [INFO]   ★ best 4.95%
2026-03-23 15:19:30,918 [INFO]   S2 Ep  24/300  loss=4.5298 acc=3.7%  val=6.2%  lr=9.08e-05    27s
2026-03-23 15:19:31,099 [INFO]   ★ best 6.21%
2026-03-23 15:19:58,634 [INFO]   S2 Ep  25/300  loss=4.4775 acc=4.5%  val=8.0%  lr=9.36e-05    28s
2026-03-23 15:19:58,831 [INFO]   ★ best 7.97%
2026-03-23 15:20:26,450 [INFO]   S2 Ep  26/300  loss=4.4385 acc=4.7%  val=9.0%  lr=9.59e-05    28s
2026-03-23 15:20:26,638 [INFO]   ★ best 8.95%
2026-03-23 15:20:54,035 [INFO]   S2 Ep  27/300  loss=4.3841 acc=5.9%  val=9.8%  lr=9.77e-05    27s
2026-03-23 15:20:54,230 [INFO]   ★ best 9.80%
2026-03-23 15:21:21,867 [INFO]   S2 Ep  28/300  loss=4.3581 acc=6.4%  val=12.6%  lr=9.90e-05    28s
2026-03-23 15:21:22,036 [INFO]   ★ best 12.61%
2026-03-23 15:21:49,885 [INFO]   S2 Ep  29/300  loss=4.3271 acc=6.8%  val=13.8%  lr=9.97e-05    28s
2026-03-23 15:21:50,097 [INFO]   ★ best 13.77%
2026-03-23 15:22:17,695 [INFO]   S2 Ep  30/300  loss=4.2412 acc=8.6%  val=15.5%  lr=1.00e-04    28s
2026-03-23 15:22:17,858 [INFO]   ★ best 15.53%
2026-03-23 15:22:45,459 [INFO]   S2 Ep  31/300  loss=4.2497 acc=8.7%  val=16.8%  lr=1.00e-04    28s
2026-03-23 15:22:45,662 [INFO]   ★ best 16.75%
2026-03-23 15:23:13,242 [INFO]   S2 Ep  32/300  loss=4.1405 acc=10.4%  val=21.7%  lr=1.00e-04    28s
2026-03-23 15:23:13,414 [INFO]   ★ best 21.67%
2026-03-23 15:23:41,376 [INFO]   S2 Ep  33/300  loss=4.1298 acc=11.3%  val=22.3%  lr=1.00e-04    28s
2026-03-23 15:23:41,540 [INFO]   ★ best 22.31%
2026-03-23 15:24:09,519 [INFO]   S2 Ep  34/300  loss=4.0765 acc=12.3%  val=25.3%  lr=9.99e-05    28s
2026-03-23 15:24:09,696 [INFO]   ★ best 25.33%
2026-03-23 15:24:37,836 [INFO]   S2 Ep  35/300  loss=4.0074 acc=14.1%  val=29.3%  lr=9.99e-05    28s
2026-03-23 15:24:38,010 [INFO]   ★ best 29.30%
2026-03-23 15:25:05,926 [INFO]   S2 Ep  36/300  loss=3.9538 acc=15.9%  val=29.7%  lr=9.99e-05    28s
2026-03-23 15:25:06,150 [INFO]   ★ best 29.67%
2026-03-23 15:25:34,369 [INFO]   S2 Ep  37/300  loss=3.8693 acc=17.5%  val=33.0%  lr=9.98e-05    28s
2026-03-23 15:25:34,574 [INFO]   ★ best 32.99%
2026-03-23 15:26:02,769 [INFO]   S2 Ep  38/300  loss=3.8088 acc=19.1%  val=34.6%  lr=9.98e-05    28s
2026-03-23 15:26:02,943 [INFO]   ★ best 34.59%
2026-03-23 15:26:31,402 [INFO]   S2 Ep  39/300  loss=3.7208 acc=20.5%  val=35.4%  lr=9.97e-05    28s
2026-03-23 15:26:31,677 [INFO]   ★ best 35.44%
2026-03-23 15:26:59,754 [INFO]   S2 Ep  40/300  loss=3.7377 acc=21.6%  val=40.2%  lr=9.97e-05    28s
2026-03-23 15:26:59,978 [INFO]   ★ best 40.18%
2026-03-23 15:27:27,689 [INFO]   S2 Ep  41/300  loss=3.7010 acc=22.1%  val=40.6%  lr=9.96e-05    28s
2026-03-23 15:27:27,899 [INFO]   ★ best 40.62%
2026-03-23 15:27:52,720 [INFO]   S2 Ep  42/300  loss=3.6602 acc=23.4%  val=41.4%  lr=9.95e-05    25s
2026-03-23 15:27:52,950 [INFO]   ★ best 41.44%
2026-03-23 15:28:23,031 [INFO]   S2 Ep  43/300  loss=3.6023 acc=24.6%  val=45.2%  lr=9.94e-05    30s
2026-03-23 15:28:23,246 [INFO]   ★ best 45.24%
2026-03-23 15:28:44,257 [INFO]   S2 Ep  44/300  loss=3.5400 acc=26.8%  val=46.9%  lr=9.93e-05    21s
2026-03-23 15:28:44,437 [INFO]   ★ best 46.86%
2026-03-23 15:29:02,030 [INFO]   S2 Ep  45/300  loss=3.5383 acc=26.7%  val=47.8%  lr=9.92e-05    18s
2026-03-23 15:29:02,246 [INFO]   ★ best 47.81%
2026-03-23 15:29:19,332 [INFO]   S2 Ep  46/300  loss=3.4457 acc=29.2%  val=49.5%  lr=9.91e-05    17s
2026-03-23 15:29:19,530 [INFO]   ★ best 49.51%
2026-03-23 15:29:37,875 [INFO]   S2 Ep  47/300  loss=3.3536 acc=31.2%  val=49.4%  lr=9.90e-05    18s
2026-03-23 15:29:55,461 [INFO]   S2 Ep  48/300  loss=3.4233 acc=30.1%  val=49.9%  lr=9.89e-05    18s
2026-03-23 15:29:55,671 [INFO]   ★ best 49.95%
2026-03-23 15:30:14,234 [INFO]   S2 Ep  49/300  loss=3.3985 acc=30.9%  val=54.4%  lr=9.88e-05    19s
2026-03-23 15:30:14,502 [INFO]   ★ best 54.43%
2026-03-23 15:30:32,423 [INFO]   S2 Ep  50/300  loss=3.4427 acc=30.0%  val=53.9%  lr=9.87e-05    18s
2026-03-23 15:30:50,541 [INFO]   S2 Ep  51/300  loss=3.2328 acc=35.1%  val=55.8%  lr=9.85e-05    18s
2026-03-23 15:30:50,761 [INFO]   ★ best 55.82%
2026-03-23 15:31:08,212 [INFO]   S2 Ep  52/300  loss=3.2294 acc=35.4%  val=57.7%  lr=9.84e-05    17s
2026-03-23 15:31:08,501 [INFO]   ★ best 57.71%
2026-03-23 15:31:25,492 [INFO]   S2 Ep  53/300  loss=3.2690 acc=34.6%  val=57.5%  lr=9.82e-05    17s
2026-03-23 15:31:42,353 [INFO]   S2 Ep  54/300  loss=3.2596 acc=35.3%  val=58.0%  lr=9.81e-05    17s
2026-03-23 15:31:42,552 [INFO]   ★ best 57.95%
2026-03-23 15:32:00,111 [INFO]   S2 Ep  55/300  loss=3.1876 acc=37.2%  val=59.0%  lr=9.79e-05    18s
2026-03-23 15:32:00,351 [INFO]   ★ best 59.04%
2026-03-23 15:32:16,754 [INFO]   S2 Ep  56/300  loss=3.1383 acc=38.5%  val=61.0%  lr=9.77e-05    16s
2026-03-23 15:32:16,942 [INFO]   ★ best 61.00%
2026-03-23 15:32:33,700 [INFO]   S2 Ep  57/300  loss=3.1075 acc=39.5%  val=61.1%  lr=9.76e-05    17s
2026-03-23 15:32:33,899 [INFO]   ★ best 61.11%
2026-03-23 15:32:51,851 [INFO]   S2 Ep  58/300  loss=3.0898 acc=40.0%  val=62.3%  lr=9.74e-05    18s
2026-03-23 15:32:52,034 [INFO]   ★ best 62.29%
2026-03-23 15:33:09,583 [INFO]   S2 Ep  59/300  loss=3.0489 acc=40.9%  val=61.6%  lr=9.72e-05    18s
2026-03-23 15:33:26,442 [INFO]   S2 Ep  60/300  loss=3.0153 acc=41.9%  val=61.7%  lr=9.70e-05    17s
2026-03-23 15:33:44,225 [INFO]   S2 Ep  61/300  loss=3.0247 acc=42.5%  val=62.5%  lr=9.68e-05    18s
2026-03-23 15:33:44,400 [INFO]   ★ best 62.46%
2026-03-23 15:34:01,603 [INFO]   S2 Ep  62/300  loss=3.0231 acc=42.1%  val=65.3%  lr=9.66e-05    17s
2026-03-23 15:34:01,798 [INFO]   ★ best 65.34%
