2026-03-19 12:23:41,526 [INFO] GPU: NVIDIA H200
2026-03-19 12:23:41,527 [INFO] Config: {
  "data_dir": "/data/slr/track2_",
  "output_dir": "/data/slr/checkpoints_v21",
  "max_frames": 48,
  "img_size": 224,
  "n_classes": 126,
  "teacher_img_size": 224,
  "teacher_max_frames": 48,
  "channel_means": [
    -64.3217,
    -62.9119,
    -63.9254
  ],
  "channel_stds": [
    12.5721,
    11.662,
    11.7259
  ],
  "n_folds": 5,
  "batch_size": 48,
  "num_workers": 4,
  "stage1_epochs": 8,
  "stage1_lr": 0.0003,
  "stage2_epochs": 100,
  "stage2_lr": 5e-05,
  "swa_epochs": 15,
  "swa_lr": 5e-06,
  "weight_decay": 0.05,
  "warmup_pct": 0.05,
  "label_smoothing": 0.1,
  "early_stopping_patience": 30,
  "grad_clip_norm": 1.0,
  "llrd_decay": 0.75,
  "kd_alpha": 0.3,
  "kd_tau": 4.0,
  "mixup_alpha": 0.4,
  "cutmix_alpha": 1.0,
  "cutmix_prob": 0.5,
  "time_mask_max": 8,
  "range_mask_max": 30,
  "noise_std": 0.1,
  "time_warp_lo": 0.8,
  "time_warp_hi": 1.2,
  "time_reverse_prob": 0.5,
  "channel_shuffle_prob": 0.2,
  "channel_drop_prob": 0.1,
  "random_erase_prob": 0.2,
  "circ_shift_prob": 0.3,
  "circ_shift_max": 8,
  "amp_scale_prob": 0.5,
  "amp_scale_lo": 0.8,
  "amp_scale_hi": 1.2,
  "model_name": "convnextv2_tiny.fcmae_ft_in22k_in1k",
  "drop_path_rate": 0.2,
  "proj_dim": 512,
  "drop_rate": 0.3,
  "ms_dropout_samples": 5,
  "seed": 42
}
2026-03-19 12:23:41,527 [INFO] ★★★ LOG-SCALE PREPROCESSING (not z-score!) ★★★
2026-03-19 12:23:41,598 [INFO] Train: 14742 | Eval: 9828
2026-03-19 12:23:45,960 [INFO] Pre-computing teacher soft labels (z-score @ 224) …
2026-03-19 12:23:49,113 [INFO]   Loaded 10 teachers
2026-03-19 12:25:44,346 [INFO]   Soft labels: 14742
2026-03-19 12:25:44,347 [INFO] KD α=0.30 τ=4.0 | LOG-SCALE preprocessing | NO born-again (fresh ImageNet)
2026-03-19 12:25:44,351 [INFO] ================================================================
2026-03-19 12:25:44,351 [INFO] FOLD 1 / 5
2026-03-19 12:25:44,351 [INFO] ================================================================
2026-03-19 12:25:44,565 [INFO] Loading pretrained weights from Hugging Face hub (timm/convnextv2_tiny.fcmae_ft_in22k_in1k)
2026-03-19 12:25:44,634 [INFO] HTTP Request: HEAD https://huggingface.co/timm/convnextv2_tiny.fcmae_ft_in22k_in1k/resolve/main/model.safetensors "HTTP/1.1 302 Found"
2026-03-19 12:25:44,636 [INFO] [timm/convnextv2_tiny.fcmae_ft_in22k_in1k] Safe alternative available for 'pytorch_model.bin' (as 'model.safetensors'). Loading weights using safetensors.
2026-03-19 12:25:44,650 [INFO] Missing keys (head.fc.weight, head.fc.bias) discovered while loading pretrained weights. This is expected if model is being adapted.
2026-03-19 12:25:44,676 [INFO]   Using fresh ImageNet pretrained weights (no born-again)
2026-03-19 12:25:44,676 [INFO] ── Stage 1: head warmup (8 ep) ──
2026-03-19 12:26:06,538 [INFO]   S1 Ep 1/8  loss=1.9130 acc=0.7%  val=0.8%  22s
2026-03-19 12:26:06,674 [INFO]   ★ best 0.78%
2026-03-19 12:26:15,092 [INFO]   S1 Ep 2/8  loss=1.9104 acc=0.7%  val=0.9%  8s
2026-03-19 12:26:15,250 [INFO]   ★ best 0.88%
2026-03-19 12:26:23,559 [INFO]   S1 Ep 3/8  loss=1.9085 acc=1.0%  val=0.9%  8s
2026-03-19 12:26:23,714 [INFO]   ★ best 0.92%
2026-03-19 12:26:32,007 [INFO]   S1 Ep 4/8  loss=1.9062 acc=0.8%  val=1.5%  8s
2026-03-19 12:26:32,170 [INFO]   ★ best 1.49%
2026-03-19 12:26:40,232 [INFO]   S1 Ep 5/8  loss=1.9045 acc=1.1%  val=1.4%  8s
2026-03-19 12:26:48,277 [INFO]   S1 Ep 6/8  loss=1.9027 acc=0.8%  val=1.4%  8s
2026-03-19 12:26:56,287 [INFO]   S1 Ep 7/8  loss=1.9004 acc=1.1%  val=1.5%  8s
2026-03-19 12:27:04,042 [INFO]   S1 Ep 8/8  loss=1.8986 acc=1.4%  val=1.6%  8s
2026-03-19 12:27:04,197 [INFO]   ★ best 1.59%
2026-03-19 12:27:04,197 [INFO] ── Stage 2: full fine-tune (100 ep) ──
2026-03-19 12:27:04,198 [INFO] LLRD: 12 groups, LR [1.19e-05 … 5.00e-05]
2026-03-19 12:27:33,415 [INFO]   S2 Ep   1/100  loss=1.8987 acc=1.4%  val=1.5%  lr=6.59e-06    29s
2026-03-19 12:27:58,313 [INFO]   S2 Ep   2/100  loss=1.8895 acc=1.6%  val=2.3%  lr=1.86e-05    25s
2026-03-19 12:27:58,472 [INFO]   ★ best 2.31%
2026-03-19 12:28:23,368 [INFO]   S2 Ep   3/100  loss=1.8779 acc=1.9%  val=2.7%  lr=3.35e-05    25s
2026-03-19 12:28:23,547 [INFO]   ★ best 2.71%
2026-03-19 12:28:48,389 [INFO]   S2 Ep   4/100  loss=1.8657 acc=2.3%  val=4.9%  lr=4.54e-05    25s
2026-03-19 12:28:48,569 [INFO]   ★ best 4.88%
2026-03-19 12:29:13,458 [INFO]   S2 Ep   5/100  loss=1.8534 acc=3.1%  val=6.4%  lr=5.00e-05    25s
2026-03-19 12:29:13,634 [INFO]   ★ best 6.44%
2026-03-19 12:29:38,525 [INFO]   S2 Ep   6/100  loss=1.8239 acc=4.4%  val=8.5%  lr=5.00e-05    25s
2026-03-19 12:29:38,704 [INFO]   ★ best 8.55%
2026-03-19 12:30:03,597 [INFO]   S2 Ep   7/100  loss=1.7940 acc=5.9%  val=13.2%  lr=4.99e-05    25s
2026-03-19 12:30:03,777 [INFO]   ★ best 13.22%
2026-03-19 12:30:28,686 [INFO]   S2 Ep   8/100  loss=1.7737 acc=7.7%  val=17.5%  lr=4.99e-05    25s
2026-03-19 12:30:28,875 [INFO]   ★ best 17.50%
2026-03-19 12:30:53,772 [INFO]   S2 Ep   9/100  loss=1.7394 acc=9.3%  val=19.8%  lr=4.98e-05    25s
2026-03-19 12:30:53,952 [INFO]   ★ best 19.80%
2026-03-19 12:31:18,846 [INFO]   S2 Ep  10/100  loss=1.7196 acc=11.3%  val=24.7%  lr=4.97e-05    25s
2026-03-19 12:31:19,003 [INFO]   ★ best 24.65%
2026-03-19 12:31:43,868 [INFO]   S2 Ep  11/100  loss=1.6909 acc=13.3%  val=29.1%  lr=4.95e-05    25s
2026-03-19 12:31:44,022 [INFO]   ★ best 29.09%
2026-03-19 12:32:08,901 [INFO]   S2 Ep  12/100  loss=1.6762 acc=14.4%  val=30.4%  lr=4.93e-05    25s
2026-03-19 12:32:09,084 [INFO]   ★ best 30.38%
2026-03-19 12:32:33,952 [INFO]   S2 Ep  13/100  loss=1.6395 acc=17.1%  val=36.4%  lr=4.91e-05    25s
2026-03-19 12:32:34,144 [INFO]   ★ best 36.35%
2026-03-19 12:32:58,990 [INFO]   S2 Ep  14/100  loss=1.6148 acc=18.7%  val=38.3%  lr=4.89e-05    25s
2026-03-19 12:32:59,148 [INFO]   ★ best 38.28%
2026-03-19 12:33:24,031 [INFO]   S2 Ep  15/100  loss=1.6020 acc=19.8%  val=41.6%  lr=4.86e-05    25s
2026-03-19 12:33:24,180 [INFO]   ★ best 41.57%
2026-03-19 12:33:49,021 [INFO]   S2 Ep  16/100  loss=1.5992 acc=20.1%  val=42.8%  lr=4.84e-05    25s
2026-03-19 12:33:49,204 [INFO]   ★ best 42.79%
2026-03-19 12:34:14,084 [INFO]   S2 Ep  17/100  loss=1.5447 acc=23.5%  val=43.9%  lr=4.81e-05    25s
2026-03-19 12:34:14,257 [INFO]   ★ best 43.88%
2026-03-19 12:34:39,098 [INFO]   S2 Ep  18/100  loss=1.5468 acc=23.7%  val=46.7%  lr=4.77e-05    25s
2026-03-19 12:34:39,276 [INFO]   ★ best 46.73%
2026-03-19 12:35:04,172 [INFO]   S2 Ep  19/100  loss=1.5215 acc=25.3%  val=49.7%  lr=4.74e-05    25s
2026-03-19 12:35:04,346 [INFO]   ★ best 49.75%
2026-03-19 12:35:29,198 [INFO]   S2 Ep  20/100  loss=1.5095 acc=26.5%  val=50.3%  lr=4.70e-05    25s
2026-03-19 12:35:29,390 [INFO]   ★ best 50.29%
2026-03-19 12:35:54,229 [INFO]   S2 Ep  21/100  loss=1.4949 acc=27.4%  val=52.3%  lr=4.66e-05    25s
2026-03-19 12:35:54,384 [INFO]   ★ best 52.29%
2026-03-19 12:36:19,230 [INFO]   S2 Ep  22/100  loss=1.4641 acc=29.7%  val=53.7%  lr=4.62e-05    25s
2026-03-19 12:36:19,372 [INFO]   ★ best 53.75%
2026-03-19 12:36:44,230 [INFO]   S2 Ep  23/100  loss=1.4588 acc=29.8%  val=52.9%  lr=4.57e-05    25s
2026-03-19 12:37:09,075 [INFO]   S2 Ep  24/100  loss=1.4375 acc=31.2%  val=57.2%  lr=4.52e-05    25s
2026-03-19 12:37:09,223 [INFO]   ★ best 57.24%
2026-03-19 12:37:34,123 [INFO]   S2 Ep  25/100  loss=1.4196 acc=32.3%  val=58.9%  lr=4.47e-05    25s
2026-03-19 12:37:34,265 [INFO]   ★ best 58.90%
2026-03-19 12:37:59,157 [INFO]   S2 Ep  26/100  loss=1.4074 acc=33.5%  val=59.1%  lr=4.42e-05    25s
2026-03-19 12:37:59,308 [INFO]   ★ best 59.10%
2026-03-19 12:38:24,169 [INFO]   S2 Ep  27/100  loss=1.3846 acc=34.1%  val=60.4%  lr=4.37e-05    25s
2026-03-19 12:38:24,350 [INFO]   ★ best 60.36%
2026-03-19 12:38:49,254 [INFO]   S2 Ep  28/100  loss=1.3742 acc=35.4%  val=61.3%  lr=4.31e-05    25s
2026-03-19 12:38:49,410 [INFO]   ★ best 61.31%
2026-03-19 12:39:14,273 [INFO]   S2 Ep  29/100  loss=1.3760 acc=35.4%  val=62.5%  lr=4.25e-05    25s
2026-03-19 12:39:14,419 [INFO]   ★ best 62.53%
2026-03-19 12:39:39,247 [INFO]   S2 Ep  30/100  loss=1.3342 acc=38.0%  val=63.0%  lr=4.19e-05    25s
2026-03-19 12:39:39,393 [INFO]   ★ best 63.00%
2026-03-19 12:40:04,256 [INFO]   S2 Ep  31/100  loss=1.3647 acc=35.7%  val=64.4%  lr=4.13e-05    25s
2026-03-19 12:40:04,399 [INFO]   ★ best 64.39%
2026-03-19 12:40:29,282 [INFO]   S2 Ep  32/100  loss=1.3103 acc=39.3%  val=65.7%  lr=4.07e-05    25s
2026-03-19 12:40:29,424 [INFO]   ★ best 65.68%
2026-03-19 12:40:54,313 [INFO]   S2 Ep  33/100  loss=1.3306 acc=38.5%  val=64.2%  lr=4.00e-05    25s
2026-03-19 12:41:19,200 [INFO]   S2 Ep  34/100  loss=1.3232 acc=38.5%  val=65.7%  lr=3.94e-05    25s
2026-03-19 12:41:19,345 [INFO]   ★ best 65.72%
2026-03-19 12:41:44,238 [INFO]   S2 Ep  35/100  loss=1.3092 acc=39.4%  val=66.9%  lr=3.87e-05    25s
2026-03-19 12:41:44,387 [INFO]   ★ best 66.90%
2026-03-19 12:42:09,300 [INFO]   S2 Ep  36/100  loss=1.2987 acc=40.6%  val=68.2%  lr=3.80e-05    25s
2026-03-19 12:42:09,455 [INFO]   ★ best 68.23%
2026-03-19 12:42:34,343 [INFO]   S2 Ep  37/100  loss=1.2716 acc=42.1%  val=68.7%  lr=3.73e-05    25s
2026-03-19 12:42:34,494 [INFO]   ★ best 68.67%
2026-03-19 12:42:59,396 [INFO]   S2 Ep  38/100  loss=1.2781 acc=41.8%  val=68.8%  lr=3.65e-05    25s
2026-03-19 12:42:59,551 [INFO]   ★ best 68.80%
2026-03-19 12:43:24,445 [INFO]   S2 Ep  39/100  loss=1.2242 acc=44.9%  val=69.2%  lr=3.58e-05    25s
2026-03-19 12:43:24,594 [INFO]   ★ best 69.24%
2026-03-19 12:43:49,502 [INFO]   S2 Ep  40/100  loss=1.2591 acc=43.1%  val=70.1%  lr=3.50e-05    25s
2026-03-19 12:43:49,647 [INFO]   ★ best 70.09%
2026-03-19 12:44:14,565 [INFO]   S2 Ep  41/100  loss=1.2552 acc=43.0%  val=69.0%  lr=3.43e-05    25s
2026-03-19 12:44:39,456 [INFO]   S2 Ep  42/100  loss=1.2412 acc=43.8%  val=70.7%  lr=3.35e-05    25s
2026-03-19 12:44:39,607 [INFO]   ★ best 70.67%
2026-03-19 12:45:04,489 [INFO]   S2 Ep  43/100  loss=1.2303 acc=44.6%  val=71.1%  lr=3.27e-05    25s
2026-03-19 12:45:04,641 [INFO]   ★ best 71.07%
2026-03-19 12:45:29,511 [INFO]   S2 Ep  44/100  loss=1.2210 acc=45.5%  val=71.9%  lr=3.19e-05    25s
2026-03-19 12:45:29,700 [INFO]   ★ best 71.89%
2026-03-19 12:45:54,588 [INFO]   S2 Ep  45/100  loss=1.2296 acc=44.7%  val=72.1%  lr=3.11e-05    25s
2026-03-19 12:45:54,771 [INFO]   ★ best 72.13%
2026-03-19 12:46:19,678 [INFO]   S2 Ep  46/100  loss=1.1959 acc=46.6%  val=72.5%  lr=3.03e-05    25s
2026-03-19 12:46:19,859 [INFO]   ★ best 72.47%
2026-03-19 12:46:44,741 [INFO]   S2 Ep  47/100  loss=1.1655 acc=48.3%  val=72.6%  lr=2.95e-05    25s
2026-03-19 12:46:44,924 [INFO]   ★ best 72.57%
2026-03-19 12:47:09,805 [INFO]   S2 Ep  48/100  loss=1.2095 acc=45.8%  val=73.3%  lr=2.87e-05    25s
2026-03-19 12:47:09,982 [INFO]   ★ best 73.28%
2026-03-19 12:47:34,870 [INFO]   S2 Ep  49/100  loss=1.2096 acc=46.0%  val=73.1%  lr=2.79e-05    25s
2026-03-19 12:47:59,748 [INFO]   S2 Ep  50/100  loss=1.2330 acc=44.4%  val=73.6%  lr=2.71e-05    25s
2026-03-19 12:47:59,938 [INFO]   ★ best 73.58%
2026-03-19 12:48:24,817 [INFO]   S2 Ep  51/100  loss=1.1435 acc=49.7%  val=73.5%  lr=2.62e-05    25s
2026-03-19 12:48:49,699 [INFO]   S2 Ep  52/100  loss=1.1638 acc=48.5%  val=74.1%  lr=2.54e-05    25s
2026-03-19 12:48:49,879 [INFO]   ★ best 74.09%
2026-03-19 12:49:14,788 [INFO]   S2 Ep  53/100  loss=1.1860 acc=47.3%  val=74.2%  lr=2.46e-05    25s
2026-03-19 12:49:14,982 [INFO]   ★ best 74.16%
2026-03-19 12:49:39,873 [INFO]   S2 Ep  54/100  loss=1.1852 acc=47.4%  val=73.9%  lr=2.38e-05    25s
2026-03-19 12:50:04,808 [INFO]   S2 Ep  55/100  loss=1.1640 acc=48.8%  val=75.4%  lr=2.29e-05    25s
2026-03-19 12:50:04,989 [INFO]   ★ best 75.45%
2026-03-19 12:50:29,883 [INFO]   S2 Ep  56/100  loss=1.1370 acc=50.1%  val=74.9%  lr=2.21e-05    25s
2026-03-19 12:50:54,799 [INFO]   S2 Ep  57/100  loss=1.1411 acc=49.9%  val=74.8%  lr=2.13e-05    25s
2026-03-19 12:51:19,690 [INFO]   S2 Ep  58/100  loss=1.1438 acc=50.0%  val=75.1%  lr=2.05e-05    25s
2026-03-19 12:51:44,598 [INFO]   S2 Ep  59/100  loss=1.1375 acc=50.1%  val=75.9%  lr=1.97e-05    25s
2026-03-19 12:51:44,784 [INFO]   ★ best 75.92%
2026-03-19 12:52:09,681 [INFO]   S2 Ep  60/100  loss=1.1297 acc=50.9%  val=75.8%  lr=1.89e-05    25s
2026-03-19 12:52:34,581 [INFO]   S2 Ep  61/100  loss=1.1348 acc=50.8%  val=75.7%  lr=1.81e-05    25s
2026-03-19 12:52:59,500 [INFO]   S2 Ep  62/100  loss=1.1347 acc=50.7%  val=75.8%  lr=1.73e-05    25s
2026-03-19 12:53:24,409 [INFO]   S2 Ep  63/100  loss=1.1533 acc=49.5%  val=76.8%  lr=1.65e-05    25s
2026-03-19 12:53:24,597 [INFO]   ★ best 76.84%
2026-03-19 12:53:49,463 [INFO]   S2 Ep  64/100  loss=1.1033 acc=52.4%  val=76.9%  lr=1.57e-05    25s
2026-03-19 12:53:49,652 [INFO]   ★ best 76.91%
2026-03-19 12:54:14,581 [INFO]   S2 Ep  65/100  loss=1.1216 acc=51.2%  val=76.3%  lr=1.50e-05    25s
2026-03-19 12:54:39,504 [INFO]   S2 Ep  66/100  loss=1.1225 acc=51.0%  val=76.9%  lr=1.42e-05    25s
2026-03-19 12:55:04,418 [INFO]   S2 Ep  67/100  loss=1.1473 acc=49.7%  val=77.1%  lr=1.35e-05    25s
2026-03-19 12:55:04,606 [INFO]   ★ best 77.14%
2026-03-19 12:55:29,477 [INFO]   S2 Ep  68/100  loss=1.1141 acc=51.9%  val=77.4%  lr=1.27e-05    25s
2026-03-19 12:55:29,631 [INFO]   ★ best 77.42%
2026-03-19 12:55:54,512 [INFO]   S2 Ep  69/100  loss=1.1043 acc=52.7%  val=77.1%  lr=1.20e-05    25s
2026-03-19 12:56:19,406 [INFO]   S2 Ep  70/100  loss=1.1050 acc=52.4%  val=76.8%  lr=1.13e-05    25s
2026-03-19 12:56:44,281 [INFO]   S2 Ep  71/100  loss=1.1179 acc=51.7%  val=77.0%  lr=1.06e-05    25s
2026-03-19 12:57:09,148 [INFO]   S2 Ep  72/100  loss=1.1080 acc=51.9%  val=77.6%  lr=9.97e-06    25s
2026-03-19 12:57:09,329 [INFO]   ★ best 77.55%
2026-03-19 12:57:34,209 [INFO]   S2 Ep  73/100  loss=1.1007 acc=52.4%  val=77.7%  lr=9.32e-06    25s
2026-03-19 12:57:34,380 [INFO]   ★ best 77.72%
2026-03-19 12:57:59,294 [INFO]   S2 Ep  74/100  loss=1.0889 acc=53.2%  val=77.4%  lr=8.68e-06    25s
2026-03-19 12:58:24,185 [INFO]   S2 Ep  75/100  loss=1.0980 acc=52.7%  val=77.6%  lr=8.07e-06    25s
2026-03-19 12:58:49,038 [INFO]   S2 Ep  76/100  loss=1.0948 acc=52.9%  val=78.1%  lr=7.47e-06    25s
2026-03-19 12:58:49,222 [INFO]   ★ best 78.09%
2026-03-19 12:59:14,090 [INFO]   S2 Ep  77/100  loss=1.1123 acc=52.4%  val=77.4%  lr=6.89e-06    25s
2026-03-19 12:59:38,939 [INFO]   S2 Ep  78/100  loss=1.0983 acc=52.7%  val=77.6%  lr=6.33e-06    25s
2026-03-19 13:00:03,832 [INFO]   S2 Ep  79/100  loss=1.1020 acc=52.5%  val=78.0%  lr=5.79e-06    25s
2026-03-19 13:00:28,712 [INFO]   S2 Ep  80/100  loss=1.0775 acc=54.2%  val=78.2%  lr=5.27e-06    25s
2026-03-19 13:00:28,902 [INFO]   ★ best 78.23%
2026-03-19 13:00:53,794 [INFO]   S2 Ep  81/100  loss=1.1013 acc=52.7%  val=77.9%  lr=4.77e-06    25s
2026-03-19 13:01:18,691 [INFO]   S2 Ep  82/100  loss=1.1306 acc=51.0%  val=78.4%  lr=4.30e-06    25s
2026-03-19 13:01:18,869 [INFO]   ★ best 78.37%
2026-03-19 13:01:43,745 [INFO]   S2 Ep  83/100  loss=1.0466 acc=56.0%  val=78.0%  lr=3.85e-06    25s
2026-03-19 13:02:08,631 [INFO]   S2 Ep  84/100  loss=1.1007 acc=52.4%  val=78.1%  lr=3.42e-06    25s
2026-03-19 13:02:33,537 [INFO]   S2 Ep  85/100  loss=1.0951 acc=53.1%  val=78.5%  lr=3.01e-06    25s
2026-03-19 13:02:33,687 [INFO]   ★ best 78.47%
2026-03-19 13:02:58,600 [INFO]   S2 Ep  86/100  loss=1.0745 acc=54.2%  val=78.3%  lr=2.63e-06    25s
2026-03-19 13:03:23,482 [INFO]   S2 Ep  87/100  loss=1.1095 acc=52.3%  val=78.1%  lr=2.28e-06    25s
2026-03-19 13:03:48,346 [INFO]   S2 Ep  88/100  loss=1.1030 acc=52.4%  val=78.2%  lr=1.94e-06    25s
2026-03-19 13:04:13,580 [INFO]   S2 Ep  89/100  loss=1.0980 acc=52.9%  val=78.4%  lr=1.64e-06    25s
2026-03-19 13:04:38,457 [INFO]   S2 Ep  90/100  loss=1.0799 acc=53.7%  val=78.2%  lr=1.36e-06    25s
2026-03-19 13:05:03,340 [INFO]   S2 Ep  91/100  loss=1.0781 acc=54.2%  val=78.2%  lr=1.10e-06    25s
2026-03-19 13:05:28,240 [INFO]   S2 Ep  92/100  loss=1.1074 acc=52.3%  val=78.3%  lr=8.71e-07    25s
2026-03-19 13:05:53,113 [INFO]   S2 Ep  93/100  loss=1.0891 acc=53.5%  val=78.1%  lr=6.68e-07    25s
2026-03-19 13:06:17,967 [INFO]   S2 Ep  94/100  loss=1.0967 acc=52.8%  val=78.1%  lr=4.92e-07    25s
2026-03-19 13:06:42,832 [INFO]   S2 Ep  95/100  loss=1.1042 acc=52.7%  val=78.2%  lr=3.42e-07    25s
2026-03-19 13:07:07,663 [INFO]   S2 Ep  96/100  loss=1.0624 acc=54.9%  val=78.1%  lr=2.20e-07    25s
2026-03-19 13:07:32,524 [INFO]   S2 Ep  97/100  loss=1.1185 acc=51.7%  val=78.1%  lr=1.25e-07    25s
2026-03-19 13:07:57,396 [INFO]   S2 Ep  98/100  loss=1.1092 acc=52.1%  val=78.1%  lr=5.64e-08    25s
2026-03-19 13:08:22,241 [INFO]   S2 Ep  99/100  loss=1.1000 acc=52.7%  val=78.1%  lr=1.56e-08    25s
2026-03-19 13:08:47,082 [INFO]   S2 Ep 100/100  loss=1.0591 acc=55.4%  val=78.1%  lr=2.00e-09    25s
2026-03-19 13:08:47,082 [INFO] ── Stage 3: SWA (15 ep) ──
2026-03-19 13:09:12,015 [INFO]   SWA Ep  1/15  loss=1.1032  swa_val=78.0%  25s
2026-03-19 13:09:36,870 [INFO]   SWA Ep  2/15  loss=1.1007  swa_val=77.9%  25s
2026-03-19 13:10:01,713 [INFO]   SWA Ep  3/15  loss=1.0767  swa_val=78.2%  25s
2026-03-19 13:10:26,546 [INFO]   SWA Ep  4/15  loss=1.0867  swa_val=77.8%  25s
2026-03-19 13:10:51,385 [INFO]   SWA Ep  5/15  loss=1.0753  swa_val=77.8%  25s
2026-03-19 13:11:16,261 [INFO]   SWA Ep  6/15  loss=1.0697  swa_val=78.0%  25s
2026-03-19 13:11:41,100 [INFO]   SWA Ep  7/15  loss=1.0617  swa_val=78.0%  25s
2026-03-19 13:12:05,948 [INFO]   SWA Ep  8/15  loss=1.0613  swa_val=78.1%  25s
2026-03-19 13:12:30,794 [INFO]   SWA Ep  9/15  loss=1.0508  swa_val=78.2%  25s
2026-03-19 13:12:55,600 [INFO]   SWA Ep 10/15  loss=1.0582  swa_val=78.3%  25s
2026-03-19 13:13:20,439 [INFO]   SWA Ep 11/15  loss=1.0558  swa_val=78.3%  25s
2026-03-19 13:13:45,310 [INFO]   SWA Ep 12/15  loss=1.0905  swa_val=78.3%  25s
2026-03-19 13:14:10,152 [INFO]   SWA Ep 13/15  loss=1.0969  swa_val=78.3%  25s
2026-03-19 13:14:35,009 [INFO]   SWA Ep 14/15  loss=1.0982  swa_val=78.3%  25s
2026-03-19 13:14:59,877 [INFO]   SWA Ep 15/15  loss=1.0952  swa_val=78.1%  25s
2026-03-19 13:15:01,309 [INFO]   SWA final: 78.09% (regular best: 78.47%)
2026-03-19 13:15:01,309 [INFO]   Fold 1 best: 78.47%
2026-03-19 13:15:02,857 [INFO] ================================================================
2026-03-19 13:15:02,857 [INFO] FOLD 2 / 5
2026-03-19 13:15:02,857 [INFO] ================================================================
2026-03-19 13:15:03,076 [INFO] Loading pretrained weights from Hugging Face hub (timm/convnextv2_tiny.fcmae_ft_in22k_in1k)
2026-03-19 13:15:03,324 [INFO] HTTP Request: HEAD https://huggingface.co/timm/convnextv2_tiny.fcmae_ft_in22k_in1k/resolve/main/model.safetensors "HTTP/1.1 302 Found"
2026-03-19 13:15:03,324 [WARNING] Warning: You are sending unauthenticated requests to the HF Hub. Please set a HF_TOKEN to enable higher rate limits and faster downloads.
2026-03-19 13:15:03,325 [INFO] [timm/convnextv2_tiny.fcmae_ft_in22k_in1k] Safe alternative available for 'pytorch_model.bin' (as 'model.safetensors'). Loading weights using safetensors.
2026-03-19 13:15:03,341 [INFO] Missing keys (head.fc.weight, head.fc.bias) discovered while loading pretrained weights. This is expected if model is being adapted.
2026-03-19 13:15:03,371 [INFO]   Using fresh ImageNet pretrained weights (no born-again)
2026-03-19 13:15:03,372 [INFO] ── Stage 1: head warmup (8 ep) ──
2026-03-19 13:15:14,168 [INFO]   S1 Ep 1/8  loss=1.9116 acc=0.8%  val=0.8%  11s
2026-03-19 13:15:14,299 [INFO]   ★ best 0.85%
2026-03-19 13:15:21,808 [INFO]   S1 Ep 2/8  loss=1.9104 acc=0.9%  val=0.9%  8s
2026-03-19 13:15:21,966 [INFO]   ★ best 0.92%
2026-03-19 13:15:29,803 [INFO]   S1 Ep 3/8  loss=1.9083 acc=0.8%  val=0.8%  8s
2026-03-19 13:15:37,877 [INFO]   S1 Ep 4/8  loss=1.9062 acc=1.0%  val=1.5%  8s
2026-03-19 13:15:38,016 [INFO]   ★ best 1.49%
2026-03-19 13:15:45,608 [INFO]   S1 Ep 5/8  loss=1.9047 acc=0.9%  val=1.4%  8s
2026-03-19 13:15:53,178 [INFO]   S1 Ep 6/8  loss=1.9033 acc=0.9%  val=1.8%  8s
2026-03-19 13:15:53,318 [INFO]   ★ best 1.76%
2026-03-19 13:16:00,858 [INFO]   S1 Ep 7/8  loss=1.9017 acc=1.0%  val=1.3%  8s
2026-03-19 13:16:08,346 [INFO]   S1 Ep 8/8  loss=1.9004 acc=1.2%  val=1.3%  7s
2026-03-19 13:16:08,347 [INFO] ── Stage 2: full fine-tune (100 ep) ──
2026-03-19 13:16:08,347 [INFO] LLRD: 12 groups, LR [1.19e-05 … 5.00e-05]
2026-03-19 13:16:33,358 [INFO]   S2 Ep   1/100  loss=1.9000 acc=1.2%  val=1.5%  lr=6.59e-06    25s
2026-03-19 13:16:58,301 [INFO]   S2 Ep   2/100  loss=1.8929 acc=1.3%  val=1.8%  lr=1.86e-05    25s
2026-03-19 13:16:58,449 [INFO]   ★ best 1.83%
2026-03-19 13:17:23,357 [INFO]   S2 Ep   3/100  loss=1.8798 acc=1.7%  val=2.5%  lr=3.35e-05    25s
2026-03-19 13:17:23,503 [INFO]   ★ best 2.54%
2026-03-19 13:17:48,449 [INFO]   S2 Ep   4/100  loss=1.8681 acc=2.3%  val=3.6%  lr=4.54e-05    25s
2026-03-19 13:17:48,594 [INFO]   ★ best 3.63%
2026-03-19 13:18:13,471 [INFO]   S2 Ep   5/100  loss=1.8540 acc=2.9%  val=6.3%  lr=5.00e-05    25s
2026-03-19 13:18:13,641 [INFO]   ★ best 6.34%
2026-03-19 13:18:38,591 [INFO]   S2 Ep   6/100  loss=1.8295 acc=3.8%  val=8.8%  lr=5.00e-05    25s
2026-03-19 13:18:38,758 [INFO]   ★ best 8.78%
2026-03-19 13:19:03,714 [INFO]   S2 Ep   7/100  loss=1.8034 acc=5.5%  val=11.5%  lr=4.99e-05    25s
2026-03-19 13:19:03,877 [INFO]   ★ best 11.50%
2026-03-19 13:19:28,800 [INFO]   S2 Ep   8/100  loss=1.7690 acc=7.9%  val=16.2%  lr=4.99e-05    25s
2026-03-19 13:19:28,974 [INFO]   ★ best 16.21%
2026-03-19 13:19:53,936 [INFO]   S2 Ep   9/100  loss=1.7441 acc=9.4%  val=18.3%  lr=4.98e-05    25s
2026-03-19 13:19:54,116 [INFO]   ★ best 18.31%
2026-03-19 13:20:19,070 [INFO]   S2 Ep  10/100  loss=1.7166 acc=11.4%  val=23.7%  lr=4.97e-05    25s
2026-03-19 13:20:19,248 [INFO]   ★ best 23.67%
2026-03-19 13:20:44,200 [INFO]   S2 Ep  11/100  loss=1.6902 acc=13.2%  val=28.7%  lr=4.95e-05    25s
2026-03-19 13:20:44,380 [INFO]   ★ best 28.72%
2026-03-19 13:21:09,328 [INFO]   S2 Ep  12/100  loss=1.6574 acc=15.3%  val=28.8%  lr=4.93e-05    25s
2026-03-19 13:21:09,507 [INFO]   ★ best 28.76%
2026-03-19 13:21:34,430 [INFO]   S2 Ep  13/100  loss=1.6390 acc=17.3%  val=33.8%  lr=4.91e-05    25s
2026-03-19 13:21:34,605 [INFO]   ★ best 33.81%
2026-03-19 13:21:59,503 [INFO]   S2 Ep  14/100  loss=1.6184 acc=18.1%  val=38.1%  lr=4.89e-05    25s
2026-03-19 13:21:59,650 [INFO]   ★ best 38.15%
2026-03-19 13:22:24,608 [INFO]   S2 Ep  15/100  loss=1.5972 acc=20.1%  val=40.7%  lr=4.86e-05    25s
2026-03-19 13:22:24,764 [INFO]   ★ best 40.69%
2026-03-19 13:22:49,680 [INFO]   S2 Ep  16/100  loss=1.5736 acc=21.5%  val=43.6%  lr=4.84e-05    25s
2026-03-19 13:22:49,830 [INFO]   ★ best 43.61%
2026-03-19 13:23:14,797 [INFO]   S2 Ep  17/100  loss=1.5580 acc=22.6%  val=46.8%  lr=4.81e-05    25s
2026-03-19 13:23:14,959 [INFO]   ★ best 46.83%
2026-03-19 13:23:39,942 [INFO]   S2 Ep  18/100  loss=1.5443 acc=23.9%  val=47.9%  lr=4.77e-05    25s
2026-03-19 13:23:40,098 [INFO]   ★ best 47.88%
2026-03-19 13:24:04,994 [INFO]   S2 Ep  19/100  loss=1.5193 acc=25.6%  val=49.3%  lr=4.74e-05    25s
2026-03-19 13:24:05,162 [INFO]   ★ best 49.34%
2026-03-19 13:24:30,054 [INFO]   S2 Ep  20/100  loss=1.5091 acc=26.7%  val=51.4%  lr=4.70e-05    25s
2026-03-19 13:24:30,232 [INFO]   ★ best 51.37%
2026-03-19 13:24:55,189 [INFO]   S2 Ep  21/100  loss=1.4957 acc=27.1%  val=51.6%  lr=4.66e-05    25s
2026-03-19 13:24:55,340 [INFO]   ★ best 51.58%
2026-03-19 13:25:20,310 [INFO]   S2 Ep  22/100  loss=1.4639 acc=29.4%  val=53.9%  lr=4.62e-05    25s
2026-03-19 13:25:20,474 [INFO]   ★ best 53.92%
2026-03-19 13:25:45,457 [INFO]   S2 Ep  23/100  loss=1.4375 acc=31.0%  val=55.3%  lr=4.57e-05    25s
2026-03-19 13:25:45,619 [INFO]   ★ best 55.31%
2026-03-19 13:26:10,529 [INFO]   S2 Ep  24/100  loss=1.4188 acc=32.0%  val=56.7%  lr=4.52e-05    25s
2026-03-19 13:26:10,700 [INFO]   ★ best 56.73%
2026-03-19 13:26:35,636 [INFO]   S2 Ep  25/100  loss=1.4215 acc=32.2%  val=58.1%  lr=4.47e-05    25s
2026-03-19 13:26:35,802 [INFO]   ★ best 58.12%
2026-03-19 13:27:00,741 [INFO]   S2 Ep  26/100  loss=1.4254 acc=32.0%  val=58.0%  lr=4.42e-05    25s
2026-03-19 13:27:25,651 [INFO]   S2 Ep  27/100  loss=1.4243 acc=32.3%  val=59.6%  lr=4.37e-05    25s
2026-03-19 13:27:25,821 [INFO]   ★ best 59.61%
2026-03-19 13:27:50,793 [INFO]   S2 Ep  28/100  loss=1.3831 acc=34.5%  val=61.3%  lr=4.31e-05    25s
2026-03-19 13:27:50,954 [INFO]   ★ best 61.28%
2026-03-19 13:28:15,942 [INFO]   S2 Ep  29/100  loss=1.3910 acc=34.2%  val=60.9%  lr=4.25e-05    25s
2026-03-19 13:28:40,844 [INFO]   S2 Ep  30/100  loss=1.3428 acc=37.0%  val=63.4%  lr=4.19e-05    25s
2026-03-19 13:28:41,003 [INFO]   ★ best 63.41%
2026-03-19 13:29:05,894 [INFO]   S2 Ep  31/100  loss=1.3370 acc=37.4%  val=64.1%  lr=4.13e-05    25s
2026-03-19 13:29:06,068 [INFO]   ★ best 64.06%
2026-03-19 13:29:31,013 [INFO]   S2 Ep  32/100  loss=1.3509 acc=36.7%  val=64.6%  lr=4.07e-05    25s
2026-03-19 13:29:31,185 [INFO]   ★ best 64.63%
2026-03-19 13:29:56,099 [INFO]   S2 Ep  33/100  loss=1.3027 acc=40.0%  val=65.7%  lr=4.00e-05    25s
2026-03-19 13:29:56,266 [INFO]   ★ best 65.68%
2026-03-19 13:30:21,108 [INFO]   S2 Ep  34/100  loss=1.2965 acc=39.8%  val=65.7%  lr=3.94e-05    25s
2026-03-19 13:30:45,985 [INFO]   S2 Ep  35/100  loss=1.2687 acc=41.8%  val=66.9%  lr=3.87e-05    25s
2026-03-19 13:30:46,155 [INFO]   ★ best 66.94%
2026-03-19 13:31:11,048 [INFO]   S2 Ep  36/100  loss=1.2970 acc=40.6%  val=67.5%  lr=3.80e-05    25s
2026-03-19 13:31:11,196 [INFO]   ★ best 67.51%
2026-03-19 13:31:36,065 [INFO]   S2 Ep  37/100  loss=1.2945 acc=40.8%  val=68.1%  lr=3.73e-05    25s
2026-03-19 13:31:36,216 [INFO]   ★ best 68.12%
2026-03-19 13:32:01,117 [INFO]   S2 Ep  38/100  loss=1.3019 acc=40.3%  val=68.6%  lr=3.65e-05    25s
2026-03-19 13:32:01,277 [INFO]   ★ best 68.60%
2026-03-19 13:32:26,210 [INFO]   S2 Ep  39/100  loss=1.2757 acc=41.6%  val=69.9%  lr=3.58e-05    25s
2026-03-19 13:32:26,366 [INFO]   ★ best 69.92%
2026-03-19 13:32:51,356 [INFO]   S2 Ep  40/100  loss=1.2766 acc=41.6%  val=69.3%  lr=3.50e-05    25s
2026-03-19 13:33:16,269 [INFO]   S2 Ep  41/100  loss=1.2383 acc=44.5%  val=69.9%  lr=3.43e-05    25s
2026-03-19 13:33:41,220 [INFO]   S2 Ep  42/100  loss=1.2577 acc=42.5%  val=70.4%  lr=3.35e-05    25s
2026-03-19 13:33:41,377 [INFO]   ★ best 70.36%
2026-03-19 13:34:06,372 [INFO]   S2 Ep  43/100  loss=1.2455 acc=43.7%  val=71.0%  lr=3.27e-05    25s
2026-03-19 13:34:06,527 [INFO]   ★ best 70.97%
2026-03-19 13:34:31,457 [INFO]   S2 Ep  44/100  loss=1.2162 acc=45.3%  val=70.8%  lr=3.19e-05    25s
2026-03-19 13:34:56,373 [INFO]   S2 Ep  45/100  loss=1.2355 acc=44.7%  val=71.8%  lr=3.11e-05    25s
2026-03-19 13:34:56,544 [INFO]   ★ best 71.79%
2026-03-19 13:35:21,424 [INFO]   S2 Ep  46/100  loss=1.2185 acc=45.3%  val=72.2%  lr=3.03e-05    25s
2026-03-19 13:35:21,585 [INFO]   ★ best 72.16%
2026-03-19 13:35:46,504 [INFO]   S2 Ep  47/100  loss=1.1682 acc=48.6%  val=72.2%  lr=2.95e-05    25s
2026-03-19 13:35:46,661 [INFO]   ★ best 72.19%
2026-03-19 13:36:11,620 [INFO]   S2 Ep  48/100  loss=1.2030 acc=46.7%  val=72.5%  lr=2.87e-05    25s
2026-03-19 13:36:11,790 [INFO]   ★ best 72.53%
2026-03-19 13:36:36,730 [INFO]   S2 Ep  49/100  loss=1.1754 acc=47.5%  val=73.0%  lr=2.79e-05    25s
2026-03-19 13:36:36,877 [INFO]   ★ best 72.97%
2026-03-19 13:37:01,814 [INFO]   S2 Ep  50/100  loss=1.1942 acc=46.5%  val=73.8%  lr=2.71e-05    25s
2026-03-19 13:37:01,967 [INFO]   ★ best 73.75%
2026-03-19 13:37:26,949 [INFO]   S2 Ep  51/100  loss=1.1826 acc=47.9%  val=73.2%  lr=2.62e-05    25s
2026-03-19 13:37:51,850 [INFO]   S2 Ep  52/100  loss=1.1780 acc=47.7%  val=73.5%  lr=2.54e-05    25s
2026-03-19 13:38:16,787 [INFO]   S2 Ep  53/100  loss=1.1673 acc=48.7%  val=73.7%  lr=2.46e-05    25s
2026-03-19 13:38:41,717 [INFO]   S2 Ep  54/100  loss=1.1789 acc=47.6%  val=74.0%  lr=2.38e-05    25s
2026-03-19 13:38:41,869 [INFO]   ★ best 73.96%
2026-03-19 13:39:06,780 [INFO]   S2 Ep  55/100  loss=1.1642 acc=48.7%  val=74.1%  lr=2.29e-05    25s
2026-03-19 13:39:06,926 [INFO]   ★ best 74.13%
2026-03-19 13:39:31,819 [INFO]   S2 Ep  56/100  loss=1.1452 acc=49.2%  val=75.1%  lr=2.21e-05    25s
2026-03-19 13:39:31,979 [INFO]   ★ best 75.11%
2026-03-19 13:39:56,951 [INFO]   S2 Ep  57/100  loss=1.1554 acc=49.8%  val=74.9%  lr=2.13e-05    25s
2026-03-19 13:40:21,850 [INFO]   S2 Ep  58/100  loss=1.1732 acc=48.6%  val=75.1%  lr=2.05e-05    25s
2026-03-19 13:40:22,023 [INFO]   ★ best 75.14%
2026-03-19 13:40:46,950 [INFO]   S2 Ep  59/100  loss=1.1414 acc=50.0%  val=76.0%  lr=1.97e-05    25s
2026-03-19 13:40:47,098 [INFO]   ★ best 75.99%
2026-03-19 13:41:12,014 [INFO]   S2 Ep  60/100  loss=1.1289 acc=51.0%  val=75.9%  lr=1.89e-05    25s
2026-03-19 13:41:36,921 [INFO]   S2 Ep  61/100  loss=1.1175 acc=51.6%  val=76.0%  lr=1.81e-05    25s
2026-03-19 13:41:37,065 [INFO]   ★ best 76.03%
2026-03-19 13:42:01,986 [INFO]   S2 Ep  62/100  loss=1.1650 acc=49.0%  val=75.1%  lr=1.73e-05    25s
2026-03-19 13:42:26,880 [INFO]   S2 Ep  63/100  loss=1.1092 acc=52.1%  val=76.2%  lr=1.65e-05    25s
2026-03-19 13:42:27,031 [INFO]   ★ best 76.23%
2026-03-19 13:42:51,926 [INFO]   S2 Ep  64/100  loss=1.1578 acc=48.9%  val=75.2%  lr=1.57e-05    25s
2026-03-19 13:43:16,806 [INFO]   S2 Ep  65/100  loss=1.1488 acc=49.7%  val=76.5%  lr=1.50e-05    25s
2026-03-19 13:43:16,954 [INFO]   ★ best 76.53%
2026-03-19 13:43:41,844 [INFO]   S2 Ep  66/100  loss=1.1529 acc=49.6%  val=76.2%  lr=1.42e-05    25s
2026-03-19 13:44:06,799 [INFO]   S2 Ep  67/100  loss=1.1214 acc=51.1%  val=76.0%  lr=1.35e-05    25s
2026-03-19 13:44:31,747 [INFO]   S2 Ep  68/100  loss=1.1158 acc=51.5%  val=76.9%  lr=1.27e-05    25s
2026-03-19 13:44:31,891 [INFO]   ★ best 76.87%
2026-03-19 13:44:56,846 [INFO]   S2 Ep  69/100  loss=1.1155 acc=51.6%  val=76.0%  lr=1.20e-05    25s
2026-03-19 13:45:21,814 [INFO]   S2 Ep  70/100  loss=1.1391 acc=50.4%  val=76.8%  lr=1.13e-05    25s
2026-03-19 13:45:46,730 [INFO]   S2 Ep  71/100  loss=1.1296 acc=50.9%  val=77.3%  lr=1.06e-05    25s
2026-03-19 13:45:46,873 [INFO]   ★ best 77.31%
2026-03-19 13:46:11,794 [INFO]   S2 Ep  72/100  loss=1.1117 acc=51.9%  val=77.3%  lr=9.97e-06    25s
2026-03-19 13:46:36,732 [INFO]   S2 Ep  73/100  loss=1.1542 acc=49.6%  val=77.1%  lr=9.32e-06    25s
2026-03-19 13:47:01,669 [INFO]   S2 Ep  74/100  loss=1.1053 acc=52.6%  val=76.9%  lr=8.68e-06    25s
2026-03-19 13:47:26,585 [INFO]   S2 Ep  75/100  loss=1.0956 acc=52.8%  val=77.2%  lr=8.07e-06    25s
2026-03-19 13:47:51,489 [INFO]   S2 Ep  76/100  loss=1.1034 acc=52.8%  val=77.5%  lr=7.47e-06    25s
2026-03-19 13:47:51,636 [INFO]   ★ best 77.52%
2026-03-19 13:48:16,582 [INFO]   S2 Ep  77/100  loss=1.1130 acc=51.7%  val=77.4%  lr=6.89e-06    25s
2026-03-19 13:48:41,490 [INFO]   S2 Ep  78/100  loss=1.0882 acc=53.4%  val=77.5%  lr=6.33e-06    25s
2026-03-19 13:49:06,396 [INFO]   S2 Ep  79/100  loss=1.0807 acc=53.7%  val=77.4%  lr=5.79e-06    25s
2026-03-19 13:49:31,305 [INFO]   S2 Ep  80/100  loss=1.1056 acc=52.6%  val=77.7%  lr=5.27e-06    25s
2026-03-19 13:49:31,456 [INFO]   ★ best 77.72%
2026-03-19 13:49:56,365 [INFO]   S2 Ep  81/100  loss=1.0648 acc=54.8%  val=77.1%  lr=4.77e-06    25s
2026-03-19 13:50:21,342 [INFO]   S2 Ep  82/100  loss=1.1241 acc=51.5%  val=77.4%  lr=4.30e-06    25s
2026-03-19 13:50:46,288 [INFO]   S2 Ep  83/100  loss=1.0898 acc=53.2%  val=77.6%  lr=3.85e-06    25s
2026-03-19 13:51:11,184 [INFO]   S2 Ep  84/100  loss=1.0981 acc=53.1%  val=77.7%  lr=3.42e-06    25s
2026-03-19 13:51:36,107 [INFO]   S2 Ep  85/100  loss=1.1090 acc=52.1%  val=77.9%  lr=3.01e-06    25s
2026-03-19 13:51:36,256 [INFO]   ★ best 77.86%
2026-03-19 13:52:01,130 [INFO]   S2 Ep  86/100  loss=1.0888 acc=53.4%  val=77.7%  lr=2.63e-06    25s
2026-03-19 13:52:26,016 [INFO]   S2 Ep  87/100  loss=1.0977 acc=52.6%  val=77.7%  lr=2.28e-06    25s
2026-03-19 13:52:51,000 [INFO]   S2 Ep  88/100  loss=1.0902 acc=53.7%  val=77.3%  lr=1.94e-06    25s
2026-03-19 13:53:16,001 [INFO]   S2 Ep  89/100  loss=1.1014 acc=52.6%  val=77.6%  lr=1.64e-06    25s
2026-03-19 13:53:40,938 [INFO]   S2 Ep  90/100  loss=1.0803 acc=54.1%  val=77.9%  lr=1.36e-06    25s
2026-03-19 13:54:05,907 [INFO]   S2 Ep  91/100  loss=1.0728 acc=54.2%  val=77.9%  lr=1.10e-06    25s
2026-03-19 13:54:30,838 [INFO]   S2 Ep  92/100  loss=1.0965 acc=53.3%  val=77.9%  lr=8.71e-07    25s
2026-03-19 13:54:55,726 [INFO]   S2 Ep  93/100  loss=1.0850 acc=53.7%  val=77.8%  lr=6.68e-07    25s
2026-03-19 13:55:20,627 [INFO]   S2 Ep  94/100  loss=1.0754 acc=54.5%  val=77.8%  lr=4.92e-07    25s
2026-03-19 13:55:45,621 [INFO]   S2 Ep  95/100  loss=1.0779 acc=54.2%  val=78.0%  lr=3.42e-07    25s
2026-03-19 13:55:45,777 [INFO]   ★ best 77.96%
2026-03-19 13:56:10,697 [INFO]   S2 Ep  96/100  loss=1.1312 acc=50.8%  val=77.8%  lr=2.20e-07    25s
2026-03-19 13:56:35,623 [INFO]   S2 Ep  97/100  loss=1.0967 acc=53.4%  val=78.0%  lr=1.25e-07    25s
2026-03-19 13:57:00,596 [INFO]   S2 Ep  98/100  loss=1.1006 acc=53.1%  val=78.0%  lr=5.64e-08    25s
2026-03-19 13:57:00,755 [INFO]   ★ best 77.99%
2026-03-19 13:57:25,744 [INFO]   S2 Ep  99/100  loss=1.0887 acc=53.3%  val=78.0%  lr=1.56e-08    25s
2026-03-19 13:57:25,905 [INFO]   ★ best 78.03%
2026-03-19 13:57:50,856 [INFO]   S2 Ep 100/100  loss=1.1015 acc=52.9%  val=78.0%  lr=2.00e-09    25s
2026-03-19 13:57:50,857 [INFO] ── Stage 3: SWA (15 ep) ──
2026-03-19 13:58:15,873 [INFO]   SWA Ep  1/15  loss=1.1328  swa_val=77.8%  25s
2026-03-19 13:58:40,767 [INFO]   SWA Ep  2/15  loss=1.1119  swa_val=77.8%  25s
2026-03-19 13:59:05,686 [INFO]   SWA Ep  3/15  loss=1.0960  swa_val=77.6%  25s
2026-03-19 13:59:30,658 [INFO]   SWA Ep  4/15  loss=1.0648  swa_val=77.9%  25s
2026-03-19 13:59:55,545 [INFO]   SWA Ep  5/15  loss=1.1015  swa_val=77.8%  25s
2026-03-19 14:00:20,440 [INFO]   SWA Ep  6/15  loss=1.0926  swa_val=78.0%  25s
2026-03-19 14:00:45,291 [INFO]   SWA Ep  7/15  loss=1.1340  swa_val=78.1%  25s
2026-03-19 14:01:10,235 [INFO]   SWA Ep  8/15  loss=1.0888  swa_val=77.9%  25s
2026-03-19 14:01:35,094 [INFO]   SWA Ep  9/15  loss=1.0964  swa_val=78.1%  25s
2026-03-19 14:01:59,959 [INFO]   SWA Ep 10/15  loss=1.0937  swa_val=78.1%  25s
2026-03-19 14:02:24,861 [INFO]   SWA Ep 11/15  loss=1.0764  swa_val=78.1%  25s
2026-03-19 14:02:49,743 [INFO]   SWA Ep 12/15  loss=1.0627  swa_val=78.1%  25s
2026-03-19 14:03:14,624 [INFO]   SWA Ep 13/15  loss=1.1073  swa_val=78.0%  25s
2026-03-19 14:03:39,564 [INFO]   SWA Ep 14/15  loss=1.0742  swa_val=78.1%  25s
2026-03-19 14:04:04,517 [INFO]   SWA Ep 15/15  loss=1.0746  swa_val=78.1%  25s
2026-03-19 14:04:05,934 [INFO]   SWA final: 78.13% (regular best: 78.03%)
2026-03-19 14:04:06,081 [INFO]   ★ SWA beats regular!
2026-03-19 14:04:06,081 [INFO]   Fold 2 best: 78.13%
2026-03-19 14:04:07,773 [INFO] ================================================================
2026-03-19 14:04:07,773 [INFO] FOLD 3 / 5
2026-03-19 14:04:07,773 [INFO] ================================================================
2026-03-19 14:04:07,982 [INFO] Loading pretrained weights from Hugging Face hub (timm/convnextv2_tiny.fcmae_ft_in22k_in1k)
2026-03-19 14:04:08,282 [INFO] HTTP Request: HEAD https://huggingface.co/timm/convnextv2_tiny.fcmae_ft_in22k_in1k/resolve/main/model.safetensors "HTTP/1.1 302 Found"
2026-03-19 14:04:08,283 [INFO] [timm/convnextv2_tiny.fcmae_ft_in22k_in1k] Safe alternative available for 'pytorch_model.bin' (as 'model.safetensors'). Loading weights using safetensors.
2026-03-19 14:04:08,299 [INFO] Missing keys (head.fc.weight, head.fc.bias) discovered while loading pretrained weights. This is expected if model is being adapted.
2026-03-19 14:04:08,325 [INFO]   Using fresh ImageNet pretrained weights (no born-again)
2026-03-19 14:04:08,325 [INFO] ── Stage 1: head warmup (8 ep) ──
2026-03-19 14:04:24,335 [INFO]   S1 Ep 1/8  loss=1.9131 acc=0.7%  val=0.8%  16s
2026-03-19 14:04:24,451 [INFO]   ★ best 0.85%
2026-03-19 14:04:32,015 [INFO]   S1 Ep 2/8  loss=1.9106 acc=0.7%  val=1.1%  8s
2026-03-19 14:04:32,158 [INFO]   ★ best 1.05%
2026-03-19 14:04:39,682 [INFO]   S1 Ep 3/8  loss=1.9085 acc=0.8%  val=0.8%  8s
2026-03-19 14:04:47,123 [INFO]   S1 Ep 4/8  loss=1.9069 acc=0.8%  val=0.8%  7s
2026-03-19 14:04:54,590 [INFO]   S1 Ep 5/8  loss=1.9052 acc=0.9%  val=0.8%  7s
2026-03-19 14:05:02,030 [INFO]   S1 Ep 6/8  loss=1.9033 acc=0.9%  val=1.7%  7s
2026-03-19 14:05:02,211 [INFO]   ★ best 1.66%
2026-03-19 14:05:09,696 [INFO]   S1 Ep 7/8  loss=1.9020 acc=1.1%  val=1.5%  7s
2026-03-19 14:05:17,225 [INFO]   S1 Ep 8/8  loss=1.9008 acc=1.2%  val=1.6%  8s
2026-03-19 14:05:17,225 [INFO] ── Stage 2: full fine-tune (100 ep) ──
2026-03-19 14:05:17,226 [INFO] LLRD: 12 groups, LR [1.19e-05 … 5.00e-05]
2026-03-19 14:05:42,143 [INFO]   S2 Ep   1/100  loss=1.9005 acc=1.2%  val=2.1%  lr=6.59e-06    25s
2026-03-19 14:05:42,298 [INFO]   ★ best 2.07%
2026-03-19 14:06:07,219 [INFO]   S2 Ep   2/100  loss=1.8930 acc=1.5%  val=2.0%  lr=1.86e-05    25s
2026-03-19 14:06:32,088 [INFO]   S2 Ep   3/100  loss=1.8792 acc=1.8%  val=3.5%  lr=3.35e-05    25s
2026-03-19 14:06:32,245 [INFO]   ★ best 3.53%
2026-03-19 14:06:57,177 [INFO]   S2 Ep   4/100  loss=1.8660 acc=2.3%  val=3.8%  lr=4.54e-05    25s
2026-03-19 14:06:57,332 [INFO]   ★ best 3.83%
2026-03-19 14:07:22,233 [INFO]   S2 Ep   5/100  loss=1.8519 acc=3.0%  val=5.7%  lr=5.00e-05    25s
2026-03-19 14:07:22,383 [INFO]   ★ best 5.66%
2026-03-19 14:07:47,274 [INFO]   S2 Ep   6/100  loss=1.8243 acc=4.2%  val=9.8%  lr=5.00e-05    25s
2026-03-19 14:07:47,428 [INFO]   ★ best 9.77%
2026-03-19 14:08:12,363 [INFO]   S2 Ep   7/100  loss=1.8042 acc=5.9%  val=10.7%  lr=4.99e-05    25s
2026-03-19 14:08:12,511 [INFO]   ★ best 10.72%
2026-03-19 14:08:37,425 [INFO]   S2 Ep   8/100  loss=1.7667 acc=8.0%  val=16.4%  lr=4.99e-05    25s
2026-03-19 14:08:37,573 [INFO]   ★ best 16.42%
2026-03-19 14:09:02,440 [INFO]   S2 Ep   9/100  loss=1.7366 acc=9.5%  val=20.8%  lr=4.98e-05    25s
2026-03-19 14:09:02,588 [INFO]   ★ best 20.79%
2026-03-19 14:09:27,438 [INFO]   S2 Ep  10/100  loss=1.7122 acc=11.2%  val=26.2%  lr=4.97e-05    25s
2026-03-19 14:09:27,585 [INFO]   ★ best 26.22%
2026-03-19 14:09:52,520 [INFO]   S2 Ep  11/100  loss=1.6752 acc=14.1%  val=28.4%  lr=4.95e-05    25s
2026-03-19 14:09:52,661 [INFO]   ★ best 28.39%
2026-03-19 14:10:17,566 [INFO]   S2 Ep  12/100  loss=1.6680 acc=15.0%  val=32.0%  lr=4.93e-05    25s
2026-03-19 14:10:17,711 [INFO]   ★ best 31.99%
2026-03-19 14:10:42,593 [INFO]   S2 Ep  13/100  loss=1.6347 acc=16.9%  val=34.2%  lr=4.91e-05    25s
2026-03-19 14:10:42,748 [INFO]   ★ best 34.23%
2026-03-19 14:11:07,660 [INFO]   S2 Ep  14/100  loss=1.6047 acc=19.0%  val=40.5%  lr=4.89e-05    25s
2026-03-19 14:11:07,808 [INFO]   ★ best 40.47%
2026-03-19 14:11:32,733 [INFO]   S2 Ep  15/100  loss=1.6030 acc=19.7%  val=41.7%  lr=4.86e-05    25s
2026-03-19 14:11:32,877 [INFO]   ★ best 41.66%
2026-03-19 14:11:57,759 [INFO]   S2 Ep  16/100  loss=1.5809 acc=21.2%  val=42.9%  lr=4.84e-05    25s
2026-03-19 14:11:57,904 [INFO]   ★ best 42.91%
2026-03-19 14:12:22,814 [INFO]   S2 Ep  17/100  loss=1.5646 acc=22.5%  val=45.4%  lr=4.81e-05    25s
2026-03-19 14:12:22,962 [INFO]   ★ best 45.39%
2026-03-19 14:12:47,835 [INFO]   S2 Ep  18/100  loss=1.5215 acc=25.0%  val=48.2%  lr=4.77e-05    25s
2026-03-19 14:12:47,984 [INFO]   ★ best 48.20%
2026-03-19 14:13:12,929 [INFO]   S2 Ep  19/100  loss=1.5220 acc=25.2%  val=49.2%  lr=4.74e-05    25s
2026-03-19 14:13:13,078 [INFO]   ★ best 49.15%
2026-03-19 14:13:37,982 [INFO]   S2 Ep  20/100  loss=1.4928 acc=27.4%  val=51.6%  lr=4.70e-05    25s
2026-03-19 14:13:38,133 [INFO]   ★ best 51.56%
