2026-03-18 10:43:28,769 [INFO] GPU: NVIDIA H200
2026-03-18 10:43:28,769 [INFO] Config: {
  "data_dir": "/data/slr/track2_",
  "output_dir": "/data/slr/checkpoints_v15",
  "max_frames": 48,
  "n_classes": 126,
  "channel_means": [
    -64.3217,
    -62.9119,
    -63.9254
  ],
  "channel_stds": [
    12.5721,
    11.662,
    11.7259
  ],
  "n_folds": 5,
  "batch_size": 64,
  "num_workers": 4,
  "img_size": 224,
  "stage1_epochs": 5,
  "stage1_lr": 0.0002,
  "stage2_epochs": 100,
  "stage2_lr": 3e-05,
  "weight_decay": 0.05,
  "warmup_pct": 0.05,
  "label_smoothing": 0.1,
  "early_stopping_patience": 35,
  "grad_clip_norm": 1.0,
  "llrd_decay": 0.8,
  "sam_rho": 0.05,
  "ce_weight": 0.4,
  "supcon_weight": 0.3,
  "kd_weight": 0.3,
  "kd_tau": 4.0,
  "supcon_temp": 0.1,
  "proj_out_dim": 128,
  "time_mask_max": 8,
  "range_mask_max": 30,
  "noise_std": 0.1,
  "time_warp_lo": 0.8,
  "time_warp_hi": 1.2,
  "time_reverse_prob": 0.5,
  "channel_shuffle_prob": 0.2,
  "channel_drop_prob": 0.1,
  "random_erase_prob": 0.2,
  "circ_shift_prob": 0.3,
  "circ_shift_max": 8,
  "amp_scale_prob": 0.5,
  "amp_scale_lo": 0.8,
  "amp_scale_hi": 1.2,
  "model_name": "convnextv2_tiny.fcmae_ft_in22k_in1k",
  "drop_path_rate": 0.2,
  "proj_dim": 512,
  "drop_rate": 0.3,
  "ms_dropout_samples": 5,
  "seed": 42
}
2026-03-18 10:43:28,844 [INFO] Train: 14742 | Eval: 9828 | Classes: 126
2026-03-18 10:43:33,236 [INFO] Pre-computing teacher soft labels on TRAINING data only …
2026-03-18 10:43:36,783 [INFO]   Loaded 10 teacher models
2026-03-18 10:44:48,590 [INFO]   Soft labels ready: 14742 samples
2026-03-18 10:44:48,591 [INFO] Loss: 0.4*CE + 0.3*SupCon(τ=0.10) + 0.3*KD | SAM ρ=0.050 | NO PL
2026-03-18 10:44:48,595 [INFO] ================================================================
2026-03-18 10:44:48,595 [INFO] FOLD 1 / 5
2026-03-18 10:44:48,595 [INFO] ================================================================
2026-03-18 10:44:48,596 [INFO]   Train: 11793 | Val: 2949
2026-03-18 10:44:48,798 [INFO] Loading pretrained weights from Hugging Face hub (timm/convnextv2_tiny.fcmae_ft_in22k_in1k)
2026-03-18 10:44:53,950 [INFO] HTTP Request: HEAD https://huggingface.co/timm/convnextv2_tiny.fcmae_ft_in22k_in1k/resolve/main/model.safetensors "HTTP/1.1 302 Found"
2026-03-18 10:44:53,951 [INFO] [timm/convnextv2_tiny.fcmae_ft_in22k_in1k] Safe alternative available for 'pytorch_model.bin' (as 'model.safetensors'). Loading weights using safetensors.
2026-03-18 10:44:53,967 [INFO] Missing keys (head.fc.weight, head.fc.bias) discovered while loading pretrained weights. This is expected if model is being adapted.
2026-03-18 10:44:54,088 [INFO]   Born-again ← best_fold0.pt (val 90.78%, new_keys=4)
2026-03-18 10:44:54,088 [INFO] ── Stage 1: head+proj warmup (5 ep, no SAM) ──
2026-03-18 10:45:19,357 [INFO]   S1 Ep 1/5  loss=0.4900 acc=97.4% ce=0.899 sc=0.373  val=90.8%  25s
2026-03-18 10:45:19,624 [INFO]   ★ best 90.81%
2026-03-18 10:45:27,878 [INFO]   S1 Ep 2/5  loss=0.5001 acc=97.5% ce=0.905 sc=0.397  val=90.8%  8s
2026-03-18 10:45:36,122 [INFO]   S1 Ep 3/5  loss=0.4897 acc=97.2% ce=0.905 sc=0.360  val=90.9%  8s
2026-03-18 10:45:36,267 [INFO]   ★ best 90.88%
2026-03-18 10:45:44,505 [INFO]   S1 Ep 4/5  loss=0.4826 acc=97.5% ce=0.900 sc=0.345  val=90.7%  8s
2026-03-18 10:45:52,734 [INFO]   S1 Ep 5/5  loss=0.4642 acc=97.6% ce=0.893 sc=0.296  val=90.8%  8s
2026-03-18 10:45:52,734 [INFO] ── Stage 2: full SAM+LLRD+SupCon (100 ep, patience 35) ──
2026-03-18 10:45:52,735 [INFO] LLRD: 12 groups, LR [9.83e-06 … 3.00e-05]
2026-03-18 10:46:45,057 [INFO]   S2 Ep   1/100  loss=0.4683 acc=97.7% ce=0.889 sc=0.309  val=90.3%  lr=3.96e-06    52s
2026-03-18 10:47:33,301 [INFO]   S2 Ep   2/100  loss=0.4836 acc=97.2% ce=0.901 sc=0.340  val=90.1%  lr=1.12e-05    48s
2026-03-18 10:48:21,517 [INFO]   S2 Ep   3/100  loss=0.4833 acc=96.9% ce=0.911 sc=0.328  val=89.7%  lr=2.01e-05    48s
2026-03-18 10:49:09,805 [INFO]   S2 Ep   4/100  loss=0.4914 acc=96.9% ce=0.914 sc=0.352  val=89.0%  lr=2.73e-05    48s
2026-03-18 10:49:58,019 [INFO]   S2 Ep   5/100  loss=0.5067 acc=96.6% ce=0.929 sc=0.380  val=88.9%  lr=3.00e-05    48s
2026-03-18 10:50:46,205 [INFO]   S2 Ep   6/100  loss=0.4982 acc=96.9% ce=0.927 sc=0.355  val=88.7%  lr=3.00e-05    48s
2026-03-18 10:51:34,386 [INFO]   S2 Ep   7/100  loss=0.4975 acc=96.4% ce=0.929 sc=0.349  val=89.1%  lr=3.00e-05    48s
2026-03-18 10:52:22,562 [INFO]   S2 Ep   8/100  loss=0.5030 acc=96.4% ce=0.930 sc=0.366  val=89.0%  lr=2.99e-05    48s
2026-03-18 10:53:10,818 [INFO]   S2 Ep   9/100  loss=0.4983 acc=96.5% ce=0.933 sc=0.346  val=88.4%  lr=2.99e-05    48s
2026-03-18 10:53:58,967 [INFO]   S2 Ep  10/100  loss=0.5035 acc=96.5% ce=0.933 sc=0.363  val=88.4%  lr=2.98e-05    48s
2026-03-18 10:54:47,143 [INFO]   S2 Ep  11/100  loss=0.4951 acc=96.6% ce=0.926 sc=0.346  val=88.9%  lr=2.97e-05    48s
2026-03-18 10:55:35,339 [INFO]   S2 Ep  12/100  loss=0.5015 acc=96.6% ce=0.925 sc=0.368  val=88.6%  lr=2.96e-05    48s
2026-03-18 10:56:23,565 [INFO]   S2 Ep  13/100  loss=0.4986 acc=96.8% ce=0.926 sc=0.358  val=88.5%  lr=2.95e-05    48s
2026-03-18 10:57:11,848 [INFO]   S2 Ep  14/100  loss=0.5009 acc=96.7% ce=0.925 sc=0.367  val=89.4%  lr=2.93e-05    48s
2026-03-18 10:58:00,051 [INFO]   S2 Ep  15/100  loss=0.5012 acc=96.6% ce=0.929 sc=0.362  val=88.1%  lr=2.92e-05    48s
2026-03-18 10:58:48,276 [INFO]   S2 Ep  16/100  loss=0.5005 acc=96.6% ce=0.928 sc=0.361  val=88.4%  lr=2.90e-05    48s
2026-03-18 10:59:36,628 [INFO]   S2 Ep  17/100  loss=0.4932 acc=96.8% ce=0.921 sc=0.348  val=88.3%  lr=2.88e-05    48s
2026-03-18 11:00:24,979 [INFO]   S2 Ep  18/100  loss=0.4937 acc=96.9% ce=0.923 sc=0.347  val=88.2%  lr=2.86e-05    48s
2026-03-18 11:01:13,220 [INFO]   S2 Ep  19/100  loss=0.4923 acc=96.8% ce=0.925 sc=0.338  val=88.9%  lr=2.84e-05    48s
2026-03-18 11:02:01,452 [INFO]   S2 Ep  20/100  loss=0.4931 acc=96.6% ce=0.925 sc=0.340  val=88.7%  lr=2.82e-05    48s
2026-03-18 11:02:49,725 [INFO]   S2 Ep  21/100  loss=0.4984 acc=96.6% ce=0.930 sc=0.352  val=89.0%  lr=2.79e-05    48s
2026-03-18 11:03:37,877 [INFO]   S2 Ep  22/100  loss=0.4845 acc=96.9% ce=0.919 sc=0.321  val=88.8%  lr=2.77e-05    48s
2026-03-18 11:04:26,069 [INFO]   S2 Ep  23/100  loss=0.4887 acc=96.9% ce=0.917 sc=0.339  val=88.9%  lr=2.74e-05    48s
2026-03-18 11:05:14,415 [INFO]   S2 Ep  24/100  loss=0.4819 acc=97.2% ce=0.911 sc=0.325  val=88.7%  lr=2.71e-05    48s
2026-03-18 11:06:02,864 [INFO]   S2 Ep  25/100  loss=0.4912 acc=97.0% ce=0.917 sc=0.347  val=88.3%  lr=2.68e-05    48s
2026-03-18 11:06:51,335 [INFO]   S2 Ep  26/100  loss=0.4806 acc=97.5% ce=0.905 sc=0.328  val=88.5%  lr=2.65e-05    48s
2026-03-18 11:07:39,774 [INFO]   S2 Ep  27/100  loss=0.4805 acc=97.2% ce=0.910 sc=0.322  val=88.1%  lr=2.62e-05    48s
2026-03-18 11:08:28,219 [INFO]   S2 Ep  28/100  loss=0.4849 acc=96.9% ce=0.920 sc=0.322  val=88.4%  lr=2.59e-05    48s
2026-03-18 11:09:16,638 [INFO]   S2 Ep  29/100  loss=0.4795 acc=97.2% ce=0.912 sc=0.317  val=88.1%  lr=2.55e-05    48s
2026-03-18 11:10:05,050 [INFO]   S2 Ep  30/100  loss=0.4873 acc=97.1% ce=0.913 sc=0.340  val=88.7%  lr=2.52e-05    48s
2026-03-18 11:10:53,529 [INFO]   S2 Ep  31/100  loss=0.4849 acc=97.0% ce=0.915 sc=0.328  val=87.8%  lr=2.48e-05    48s
2026-03-18 11:11:42,020 [INFO]   S2 Ep  32/100  loss=0.4848 acc=97.2% ce=0.912 sc=0.332  val=88.1%  lr=2.44e-05    48s
2026-03-18 11:12:30,437 [INFO]   S2 Ep  33/100  loss=0.4746 acc=97.4% ce=0.906 sc=0.308  val=88.6%  lr=2.40e-05    48s
2026-03-18 11:13:18,850 [INFO]   S2 Ep  34/100  loss=0.4833 acc=97.0% ce=0.912 sc=0.329  val=88.5%  lr=2.36e-05    48s
2026-03-18 11:14:07,366 [INFO]   S2 Ep  35/100  loss=0.4839 acc=97.2% ce=0.910 sc=0.333  val=88.2%  lr=2.32e-05    49s
2026-03-18 11:14:07,366 [INFO]   Early stopping at epoch 35
2026-03-18 11:14:07,366 [INFO]   Fold 1 best: 90.88%
2026-03-18 11:14:07,706 [INFO] ================================================================
2026-03-18 11:14:07,706 [INFO] FOLD 2 / 5
2026-03-18 11:14:07,706 [INFO] ================================================================
2026-03-18 11:14:07,709 [INFO]   Train: 11793 | Val: 2949
2026-03-18 11:14:07,921 [INFO] Loading pretrained weights from Hugging Face hub (timm/convnextv2_tiny.fcmae_ft_in22k_in1k)
2026-03-18 11:14:08,038 [INFO] HTTP Request: HEAD https://huggingface.co/timm/convnextv2_tiny.fcmae_ft_in22k_in1k/resolve/main/model.safetensors "HTTP/1.1 302 Found"
2026-03-18 11:14:08,039 [INFO] [timm/convnextv2_tiny.fcmae_ft_in22k_in1k] Safe alternative available for 'pytorch_model.bin' (as 'model.safetensors'). Loading weights using safetensors.
2026-03-18 11:14:08,056 [INFO] Missing keys (head.fc.weight, head.fc.bias) discovered while loading pretrained weights. This is expected if model is being adapted.
2026-03-18 11:14:08,170 [INFO]   Born-again ← best_fold1.pt (val 89.69%, new_keys=4)
2026-03-18 11:14:08,171 [INFO] ── Stage 1: head+proj warmup (5 ep, no SAM) ──
2026-03-18 11:14:17,330 [INFO]   S1 Ep 1/5  loss=0.4957 acc=97.6% ce=0.896 sc=0.397  val=89.5%  9s
2026-03-18 11:14:17,444 [INFO]   ★ best 89.45%
2026-03-18 11:14:25,820 [INFO]   S1 Ep 2/5  loss=0.5038 acc=97.2% ce=0.914 sc=0.393  val=89.4%  8s
2026-03-18 11:14:34,231 [INFO]   S1 Ep 3/5  loss=0.5001 acc=97.5% ce=0.911 sc=0.383  val=89.5%  8s
2026-03-18 11:14:34,371 [INFO]   ★ best 89.49%
2026-03-18 11:14:42,794 [INFO]   S1 Ep 4/5  loss=0.4871 acc=97.4% ce=0.907 sc=0.347  val=89.4%  8s
2026-03-18 11:14:51,101 [INFO]   S1 Ep 5/5  loss=0.4676 acc=97.8% ce=0.893 sc=0.304  val=89.5%  8s
2026-03-18 11:14:51,101 [INFO] ── Stage 2: full SAM+LLRD+SupCon (100 ep, patience 35) ──
2026-03-18 11:14:51,102 [INFO] LLRD: 12 groups, LR [9.83e-06 … 3.00e-05]
2026-03-18 11:15:39,517 [INFO]   S2 Ep   1/100  loss=0.4761 acc=97.5% ce=0.898 sc=0.321  val=89.2%  lr=3.96e-06    48s
2026-03-18 11:16:27,921 [INFO]   S2 Ep   2/100  loss=0.4828 acc=97.1% ce=0.904 sc=0.332  val=89.1%  lr=1.12e-05    48s
2026-03-18 11:17:16,283 [INFO]   S2 Ep   3/100  loss=0.4890 acc=97.2% ce=0.906 sc=0.351  val=89.0%  lr=2.01e-05    48s
2026-03-18 11:18:04,661 [INFO]   S2 Ep   4/100  loss=0.4888 acc=96.6% ce=0.921 sc=0.329  val=88.8%  lr=2.73e-05    48s
2026-03-18 11:18:53,069 [INFO]   S2 Ep   5/100  loss=0.5034 acc=96.4% ce=0.930 sc=0.365  val=88.1%  lr=3.00e-05    48s
2026-03-18 11:19:41,420 [INFO]   S2 Ep   6/100  loss=0.5005 acc=96.4% ce=0.931 sc=0.356  val=88.1%  lr=3.00e-05    48s
2026-03-18 11:20:29,800 [INFO]   S2 Ep   7/100  loss=0.5064 acc=96.5% ce=0.930 sc=0.375  val=88.5%  lr=3.00e-05    48s
2026-03-18 11:21:18,215 [INFO]   S2 Ep   8/100  loss=0.5080 acc=96.4% ce=0.934 sc=0.374  val=88.2%  lr=2.99e-05    48s
2026-03-18 11:22:06,572 [INFO]   S2 Ep   9/100  loss=0.4969 acc=96.6% ce=0.930 sc=0.344  val=88.4%  lr=2.99e-05    48s
2026-03-18 11:22:54,970 [INFO]   S2 Ep  10/100  loss=0.4991 acc=96.5% ce=0.933 sc=0.347  val=88.5%  lr=2.98e-05    48s
2026-03-18 11:23:43,337 [INFO]   S2 Ep  11/100  loss=0.5049 acc=96.4% ce=0.937 sc=0.360  val=88.5%  lr=2.97e-05    48s
2026-03-18 11:24:31,744 [INFO]   S2 Ep  12/100  loss=0.5055 acc=96.5% ce=0.935 sc=0.366  val=88.2%  lr=2.96e-05    48s
2026-03-18 11:25:20,150 [INFO]   S2 Ep  13/100  loss=0.5000 acc=96.7% ce=0.932 sc=0.352  val=88.2%  lr=2.95e-05    48s
2026-03-18 11:26:08,484 [INFO]   S2 Ep  14/100  loss=0.5071 acc=96.8% ce=0.929 sc=0.380  val=88.2%  lr=2.93e-05    48s
2026-03-18 11:26:56,914 [INFO]   S2 Ep  15/100  loss=0.5063 acc=96.5% ce=0.936 sc=0.367  val=88.0%  lr=2.92e-05    48s
2026-03-18 11:27:45,412 [INFO]   S2 Ep  16/100  loss=0.4939 acc=97.0% ce=0.922 sc=0.345  val=88.2%  lr=2.90e-05    48s
2026-03-18 11:28:33,764 [INFO]   S2 Ep  17/100  loss=0.4928 acc=96.8% ce=0.926 sc=0.337  val=88.1%  lr=2.88e-05    48s
2026-03-18 11:29:22,183 [INFO]   S2 Ep  18/100  loss=0.4930 acc=96.6% ce=0.927 sc=0.336  val=88.2%  lr=2.86e-05    48s
2026-03-18 11:30:10,570 [INFO]   S2 Ep  19/100  loss=0.4978 acc=96.7% ce=0.928 sc=0.351  val=88.6%  lr=2.84e-05    48s
2026-03-18 11:30:58,990 [INFO]   S2 Ep  20/100  loss=0.4893 acc=96.8% ce=0.925 sc=0.326  val=88.0%  lr=2.82e-05    48s
2026-03-18 11:31:47,319 [INFO]   S2 Ep  21/100  loss=0.4972 acc=96.9% ce=0.925 sc=0.353  val=88.2%  lr=2.79e-05    48s
2026-03-18 11:32:35,642 [INFO]   S2 Ep  22/100  loss=0.5025 acc=96.8% ce=0.927 sc=0.368  val=87.6%  lr=2.77e-05    48s
2026-03-18 11:33:23,978 [INFO]   S2 Ep  23/100  loss=0.4904 acc=96.9% ce=0.924 sc=0.332  val=87.9%  lr=2.74e-05    48s
2026-03-18 11:34:12,401 [INFO]   S2 Ep  24/100  loss=0.4889 acc=97.0% ce=0.921 sc=0.332  val=87.9%  lr=2.71e-05    48s
2026-03-18 11:35:00,820 [INFO]   S2 Ep  25/100  loss=0.4972 acc=96.8% ce=0.921 sc=0.358  val=88.1%  lr=2.68e-05    48s
2026-03-18 11:35:49,183 [INFO]   S2 Ep  26/100  loss=0.4809 acc=97.1% ce=0.914 sc=0.315  val=88.0%  lr=2.65e-05    48s
2026-03-18 11:36:37,570 [INFO]   S2 Ep  27/100  loss=0.4913 acc=97.0% ce=0.919 sc=0.343  val=88.0%  lr=2.62e-05    48s
2026-03-18 11:37:25,997 [INFO]   S2 Ep  28/100  loss=0.4815 acc=97.4% ce=0.916 sc=0.315  val=87.8%  lr=2.59e-05    48s
2026-03-18 11:38:14,358 [INFO]   S2 Ep  29/100  loss=0.4778 acc=97.1% ce=0.913 sc=0.307  val=87.8%  lr=2.55e-05    48s
2026-03-18 11:39:02,724 [INFO]   S2 Ep  30/100  loss=0.4801 acc=97.1% ce=0.917 sc=0.307  val=87.8%  lr=2.52e-05    48s
2026-03-18 11:39:51,134 [INFO]   S2 Ep  31/100  loss=0.4839 acc=97.3% ce=0.911 sc=0.330  val=87.9%  lr=2.48e-05    48s
2026-03-18 11:40:39,572 [INFO]   S2 Ep  32/100  loss=0.4959 acc=96.9% ce=0.923 sc=0.352  val=88.1%  lr=2.44e-05    48s
2026-03-18 11:41:27,987 [INFO]   S2 Ep  33/100  loss=0.4883 acc=97.3% ce=0.913 sc=0.342  val=88.0%  lr=2.40e-05    48s
2026-03-18 11:42:16,415 [INFO]   S2 Ep  34/100  loss=0.4846 acc=97.1% ce=0.914 sc=0.329  val=88.3%  lr=2.36e-05    48s
2026-03-18 11:43:04,795 [INFO]   S2 Ep  35/100  loss=0.4824 acc=97.1% ce=0.915 sc=0.320  val=87.7%  lr=2.32e-05    48s
2026-03-18 11:43:04,795 [INFO]   Early stopping at epoch 35
2026-03-18 11:43:04,795 [INFO]   Fold 2 best: 89.49%
2026-03-18 11:43:05,122 [INFO] ================================================================
2026-03-18 11:43:05,122 [INFO] FOLD 3 / 5
2026-03-18 11:43:05,122 [INFO] ================================================================
2026-03-18 11:43:05,125 [INFO]   Train: 11794 | Val: 2948
2026-03-18 11:43:05,326 [INFO] Loading pretrained weights from Hugging Face hub (timm/convnextv2_tiny.fcmae_ft_in22k_in1k)
2026-03-18 11:43:05,476 [INFO] HTTP Request: HEAD https://huggingface.co/timm/convnextv2_tiny.fcmae_ft_in22k_in1k/resolve/main/model.safetensors "HTTP/1.1 302 Found"
2026-03-18 11:43:05,477 [INFO] [timm/convnextv2_tiny.fcmae_ft_in22k_in1k] Safe alternative available for 'pytorch_model.bin' (as 'model.safetensors'). Loading weights using safetensors.
2026-03-18 11:43:05,495 [INFO] Missing keys (head.fc.weight, head.fc.bias) discovered while loading pretrained weights. This is expected if model is being adapted.
2026-03-18 11:43:05,624 [INFO]   Born-again ← best_fold2.pt (val 91.25%, new_keys=4)
2026-03-18 11:43:05,625 [INFO] ── Stage 1: head+proj warmup (5 ep, no SAM) ──
2026-03-18 11:43:19,631 [INFO]   S1 Ep 1/5  loss=0.4912 acc=97.3% ce=0.908 sc=0.362  val=91.0%  14s
2026-03-18 11:43:19,745 [INFO]   ★ best 91.04%
2026-03-18 11:43:28,060 [INFO]   S1 Ep 2/5  loss=0.4981 acc=97.3% ce=0.911 sc=0.380  val=91.0%  8s
2026-03-18 11:43:36,437 [INFO]   S1 Ep 3/5  loss=0.4888 acc=97.1% ce=0.909 sc=0.351  val=91.0%  8s
2026-03-18 11:43:44,760 [INFO]   S1 Ep 4/5  loss=0.4810 acc=97.3% ce=0.904 sc=0.333  val=90.9%  8s
2026-03-18 11:43:53,185 [INFO]   S1 Ep 5/5  loss=0.4783 acc=97.2% ce=0.903 sc=0.325  val=91.0%  8s
2026-03-18 11:43:53,186 [INFO] ── Stage 2: full SAM+LLRD+SupCon (100 ep, patience 35) ──
2026-03-18 11:43:53,187 [INFO] LLRD: 12 groups, LR [9.83e-06 … 3.00e-05]
2026-03-18 11:44:41,575 [INFO]   S2 Ep   1/100  loss=0.4826 acc=97.2% ce=0.906 sc=0.333  val=90.7%  lr=3.96e-06    48s
2026-03-18 11:45:30,026 [INFO]   S2 Ep   2/100  loss=0.4901 acc=96.9% ce=0.909 sc=0.352  val=90.5%  lr=1.12e-05    48s
2026-03-18 11:46:18,373 [INFO]   S2 Ep   3/100  loss=0.4839 acc=97.0% ce=0.909 sc=0.333  val=90.4%  lr=2.01e-05    48s
2026-03-18 11:47:06,696 [INFO]   S2 Ep   4/100  loss=0.4981 acc=96.6% ce=0.922 sc=0.362  val=90.4%  lr=2.73e-05    48s
2026-03-18 11:47:55,111 [INFO]   S2 Ep   5/100  loss=0.5062 acc=96.6% ce=0.931 sc=0.375  val=89.8%  lr=3.00e-05    48s
2026-03-18 11:48:43,482 [INFO]   S2 Ep   6/100  loss=0.5104 acc=96.2% ce=0.939 sc=0.376  val=89.5%  lr=3.00e-05    48s
2026-03-18 11:49:31,893 [INFO]   S2 Ep   7/100  loss=0.5035 acc=96.6% ce=0.930 sc=0.367  val=90.0%  lr=3.00e-05    48s
2026-03-18 11:50:20,376 [INFO]   S2 Ep   8/100  loss=0.5011 acc=96.5% ce=0.929 sc=0.360  val=89.8%  lr=2.99e-05    48s
2026-03-18 11:51:08,792 [INFO]   S2 Ep   9/100  loss=0.5087 acc=96.4% ce=0.935 sc=0.377  val=89.0%  lr=2.99e-05    48s
2026-03-18 11:51:57,173 [INFO]   S2 Ep  10/100  loss=0.4969 acc=96.6% ce=0.927 sc=0.350  val=90.0%  lr=2.98e-05    48s
2026-03-18 11:52:45,533 [INFO]   S2 Ep  11/100  loss=0.4975 acc=96.7% ce=0.927 sc=0.351  val=89.4%  lr=2.97e-05    48s
2026-03-18 11:53:33,945 [INFO]   S2 Ep  12/100  loss=0.4914 acc=96.4% ce=0.932 sc=0.324  val=89.1%  lr=2.96e-05    48s
2026-03-18 11:54:22,296 [INFO]   S2 Ep  13/100  loss=0.5105 acc=96.2% ce=0.941 sc=0.374  val=89.2%  lr=2.95e-05    48s
2026-03-18 11:55:10,699 [INFO]   S2 Ep  14/100  loss=0.5021 acc=96.3% ce=0.936 sc=0.354  val=89.6%  lr=2.93e-05    48s
2026-03-18 11:55:59,226 [INFO]   S2 Ep  15/100  loss=0.4995 acc=96.6% ce=0.929 sc=0.355  val=89.4%  lr=2.92e-05    49s
2026-03-18 11:56:47,656 [INFO]   S2 Ep  16/100  loss=0.5051 acc=96.3% ce=0.930 sc=0.373  val=89.6%  lr=2.90e-05    48s
2026-03-18 11:57:35,975 [INFO]   S2 Ep  17/100  loss=0.5029 acc=96.7% ce=0.927 sc=0.370  val=89.6%  lr=2.88e-05    48s
2026-03-18 11:58:24,287 [INFO]   S2 Ep  18/100  loss=0.4974 acc=96.7% ce=0.926 sc=0.353  val=89.5%  lr=2.86e-05    48s
2026-03-18 11:59:12,696 [INFO]   S2 Ep  19/100  loss=0.5037 acc=96.6% ce=0.928 sc=0.372  val=89.2%  lr=2.84e-05    48s
2026-03-18 12:00:01,081 [INFO]   S2 Ep  20/100  loss=0.4983 acc=96.8% ce=0.926 sc=0.357  val=88.8%  lr=2.82e-05    48s
2026-03-18 12:00:49,410 [INFO]   S2 Ep  21/100  loss=0.4934 acc=96.8% ce=0.921 sc=0.347  val=89.1%  lr=2.79e-05    48s
2026-03-18 12:01:37,726 [INFO]   S2 Ep  22/100  loss=0.4951 acc=96.5% ce=0.928 sc=0.342  val=89.5%  lr=2.77e-05    48s
2026-03-18 12:02:26,039 [INFO]   S2 Ep  23/100  loss=0.4859 acc=97.0% ce=0.919 sc=0.325  val=89.1%  lr=2.74e-05    48s
2026-03-18 12:03:14,409 [INFO]   S2 Ep  24/100  loss=0.4892 acc=96.8% ce=0.918 sc=0.337  val=89.2%  lr=2.71e-05    48s
2026-03-18 12:04:02,824 [INFO]   S2 Ep  25/100  loss=0.4883 acc=96.9% ce=0.918 sc=0.335  val=89.3%  lr=2.68e-05    48s
2026-03-18 12:04:51,275 [INFO]   S2 Ep  26/100  loss=0.4924 acc=97.0% ce=0.917 sc=0.350  val=89.4%  lr=2.65e-05    48s
2026-03-18 12:05:39,644 [INFO]   S2 Ep  27/100  loss=0.4949 acc=96.7% ce=0.924 sc=0.349  val=89.5%  lr=2.62e-05    48s
2026-03-18 12:06:27,997 [INFO]   S2 Ep  28/100  loss=0.4850 acc=97.0% ce=0.915 sc=0.328  val=89.2%  lr=2.59e-05    48s
2026-03-18 12:07:16,307 [INFO]   S2 Ep  29/100  loss=0.4842 acc=97.0% ce=0.915 sc=0.325  val=89.5%  lr=2.55e-05    48s
2026-03-18 12:08:04,745 [INFO]   S2 Ep  30/100  loss=0.4835 acc=97.2% ce=0.911 sc=0.330  val=88.8%  lr=2.52e-05    48s
2026-03-18 12:08:53,251 [INFO]   S2 Ep  31/100  loss=0.4847 acc=97.2% ce=0.913 sc=0.331  val=89.1%  lr=2.48e-05    49s
2026-03-18 12:09:41,697 [INFO]   S2 Ep  32/100  loss=0.4842 acc=97.1% ce=0.912 sc=0.331  val=89.5%  lr=2.44e-05    48s
2026-03-18 12:10:30,118 [INFO]   S2 Ep  33/100  loss=0.4826 acc=97.1% ce=0.911 sc=0.327  val=88.9%  lr=2.40e-05    48s
2026-03-18 12:11:18,448 [INFO]   S2 Ep  34/100  loss=0.4808 acc=97.4% ce=0.907 sc=0.328  val=89.1%  lr=2.36e-05    48s
2026-03-18 12:12:06,722 [INFO]   S2 Ep  35/100  loss=0.4767 acc=97.5% ce=0.903 sc=0.319  val=88.9%  lr=2.32e-05    48s
2026-03-18 12:12:06,722 [INFO]   Early stopping at epoch 35
2026-03-18 12:12:06,722 [INFO]   Fold 3 best: 91.04%
2026-03-18 12:12:07,027 [INFO] ================================================================
2026-03-18 12:12:07,027 [INFO] FOLD 4 / 5
2026-03-18 12:12:07,027 [INFO] ================================================================
2026-03-18 12:12:07,030 [INFO]   Train: 11794 | Val: 2948
2026-03-18 12:12:07,237 [INFO] Loading pretrained weights from Hugging Face hub (timm/convnextv2_tiny.fcmae_ft_in22k_in1k)
2026-03-18 12:12:07,289 [INFO] HTTP Request: HEAD https://huggingface.co/timm/convnextv2_tiny.fcmae_ft_in22k_in1k/resolve/main/model.safetensors "HTTP/1.1 302 Found"
2026-03-18 12:12:07,290 [WARNING] Warning: You are sending unauthenticated requests to the HF Hub. Please set a HF_TOKEN to enable higher rate limits and faster downloads.
2026-03-18 12:12:07,291 [INFO] [timm/convnextv2_tiny.fcmae_ft_in22k_in1k] Safe alternative available for 'pytorch_model.bin' (as 'model.safetensors'). Loading weights using safetensors.
2026-03-18 12:12:07,309 [INFO] Missing keys (head.fc.weight, head.fc.bias) discovered while loading pretrained weights. This is expected if model is being adapted.
2026-03-18 12:12:07,423 [INFO]   Born-again ← best_fold3.pt (val 90.98%, new_keys=4)
2026-03-18 12:12:07,424 [INFO] ── Stage 1: head+proj warmup (5 ep, no SAM) ──
2026-03-18 12:12:16,368 [INFO]   S1 Ep 1/5  loss=0.4891 acc=97.6% ce=0.893 sc=0.379  val=90.8%  9s
2026-03-18 12:12:16,486 [INFO]   ★ best 90.81%
2026-03-18 12:12:24,922 [INFO]   S1 Ep 2/5  loss=0.4851 acc=97.5% ce=0.900 sc=0.352  val=90.7%  8s
2026-03-18 12:12:33,311 [INFO]   S1 Ep 3/5  loss=0.4811 acc=97.6% ce=0.899 sc=0.340  val=90.8%  8s
2026-03-18 12:12:33,458 [INFO]   ★ best 90.84%
2026-03-18 12:12:41,831 [INFO]   S1 Ep 4/5  loss=0.4800 acc=97.4% ce=0.902 sc=0.333  val=90.8%  8s
2026-03-18 12:12:50,279 [INFO]   S1 Ep 5/5  loss=0.4700 acc=97.6% ce=0.891 sc=0.317  val=90.7%  8s
2026-03-18 12:12:50,279 [INFO] ── Stage 2: full SAM+LLRD+SupCon (100 ep, patience 35) ──
2026-03-18 12:12:50,280 [INFO] LLRD: 12 groups, LR [9.83e-06 … 3.00e-05]
2026-03-18 12:13:38,581 [INFO]   S2 Ep   1/100  loss=0.4702 acc=97.6% ce=0.895 sc=0.307  val=90.6%  lr=3.96e-06    48s
2026-03-18 12:14:26,968 [INFO]   S2 Ep   2/100  loss=0.4797 acc=97.1% ce=0.904 sc=0.323  val=90.4%  lr=1.12e-05    48s
2026-03-18 12:15:15,277 [INFO]   S2 Ep   3/100  loss=0.4862 acc=96.9% ce=0.909 sc=0.340  val=90.3%  lr=2.01e-05    48s
2026-03-18 12:16:03,579 [INFO]   S2 Ep   4/100  loss=0.4905 acc=97.0% ce=0.916 sc=0.344  val=89.4%  lr=2.73e-05    48s
2026-03-18 12:16:51,826 [INFO]   S2 Ep   5/100  loss=0.4967 acc=96.7% ce=0.922 sc=0.356  val=88.8%  lr=3.00e-05    48s
2026-03-18 12:17:40,184 [INFO]   S2 Ep   6/100  loss=0.5051 acc=96.6% ce=0.929 sc=0.373  val=89.2%  lr=3.00e-05    48s
2026-03-18 12:18:28,518 [INFO]   S2 Ep   7/100  loss=0.5031 acc=96.4% ce=0.933 sc=0.362  val=89.1%  lr=3.00e-05    48s
2026-03-18 12:19:16,827 [INFO]   S2 Ep   8/100  loss=0.5080 acc=96.4% ce=0.932 sc=0.380  val=89.1%  lr=2.99e-05    48s
2026-03-18 12:20:05,077 [INFO]   S2 Ep   9/100  loss=0.5081 acc=96.3% ce=0.939 sc=0.369  val=89.1%  lr=2.99e-05    48s
2026-03-18 12:20:53,351 [INFO]   S2 Ep  10/100  loss=0.5105 acc=96.4% ce=0.937 sc=0.380  val=89.3%  lr=2.98e-05    48s
2026-03-18 12:21:41,629 [INFO]   S2 Ep  11/100  loss=0.5147 acc=96.3% ce=0.934 sc=0.398  val=89.4%  lr=2.97e-05    48s
2026-03-18 12:22:29,975 [INFO]   S2 Ep  12/100  loss=0.4978 acc=96.7% ce=0.926 sc=0.355  val=89.1%  lr=2.96e-05    48s
2026-03-18 12:23:18,474 [INFO]   S2 Ep  13/100  loss=0.4960 acc=96.8% ce=0.921 sc=0.355  val=89.5%  lr=2.95e-05    48s
2026-03-18 12:24:06,795 [INFO]   S2 Ep  14/100  loss=0.4964 acc=96.7% ce=0.928 sc=0.346  val=89.5%  lr=2.93e-05    48s
2026-03-18 12:24:55,092 [INFO]   S2 Ep  15/100  loss=0.4867 acc=97.2% ce=0.915 sc=0.334  val=89.5%  lr=2.92e-05    48s
2026-03-18 12:25:43,408 [INFO]   S2 Ep  16/100  loss=0.5008 acc=96.7% ce=0.923 sc=0.368  val=89.7%  lr=2.90e-05    48s
2026-03-18 12:26:31,836 [INFO]   S2 Ep  17/100  loss=0.5000 acc=96.6% ce=0.928 sc=0.360  val=90.0%  lr=2.88e-05    48s
2026-03-18 12:27:20,178 [INFO]   S2 Ep  18/100  loss=0.4924 acc=96.8% ce=0.922 sc=0.343  val=89.8%  lr=2.86e-05    48s
2026-03-18 12:28:08,457 [INFO]   S2 Ep  19/100  loss=0.4904 acc=96.8% ce=0.920 sc=0.339  val=89.4%  lr=2.84e-05    48s
2026-03-18 12:28:56,734 [INFO]   S2 Ep  20/100  loss=0.4984 acc=96.7% ce=0.924 sc=0.359  val=89.2%  lr=2.82e-05    48s
2026-03-18 12:29:45,001 [INFO]   S2 Ep  21/100  loss=0.4906 acc=97.1% ce=0.915 sc=0.346  val=89.0%  lr=2.79e-05    48s
2026-03-18 12:30:33,305 [INFO]   S2 Ep  22/100  loss=0.4868 acc=97.1% ce=0.915 sc=0.334  val=88.9%  lr=2.77e-05    48s
2026-03-18 12:31:21,584 [INFO]   S2 Ep  23/100  loss=0.4863 acc=96.7% ce=0.918 sc=0.329  val=88.9%  lr=2.74e-05    48s
2026-03-18 12:32:09,882 [INFO]   S2 Ep  24/100  loss=0.4886 acc=96.8% ce=0.921 sc=0.332  val=88.9%  lr=2.71e-05    48s
2026-03-18 12:32:58,215 [INFO]   S2 Ep  25/100  loss=0.4945 acc=96.9% ce=0.922 sc=0.350  val=89.3%  lr=2.68e-05    48s
2026-03-18 12:33:46,523 [INFO]   S2 Ep  26/100  loss=0.4877 acc=97.0% ce=0.918 sc=0.333  val=89.3%  lr=2.65e-05    48s
2026-03-18 12:34:34,914 [INFO]   S2 Ep  27/100  loss=0.4850 acc=97.0% ce=0.917 sc=0.324  val=88.8%  lr=2.62e-05    48s
2026-03-18 12:35:23,208 [INFO]   S2 Ep  28/100  loss=0.4898 acc=97.0% ce=0.913 sc=0.348  val=89.6%  lr=2.59e-05    48s
2026-03-18 12:36:11,527 [INFO]   S2 Ep  29/100  loss=0.4960 acc=96.7% ce=0.921 sc=0.356  val=89.3%  lr=2.55e-05    48s
2026-03-18 12:36:59,937 [INFO]   S2 Ep  30/100  loss=0.4842 acc=97.1% ce=0.912 sc=0.329  val=89.1%  lr=2.52e-05    48s
2026-03-18 12:37:48,326 [INFO]   S2 Ep  31/100  loss=0.4871 acc=97.0% ce=0.916 sc=0.333  val=89.0%  lr=2.48e-05    48s
2026-03-18 12:38:36,677 [INFO]   S2 Ep  32/100  loss=0.4827 acc=97.4% ce=0.910 sc=0.328  val=88.8%  lr=2.44e-05    48s
2026-03-18 12:39:25,025 [INFO]   S2 Ep  33/100  loss=0.4842 acc=97.0% ce=0.916 sc=0.324  val=89.6%  lr=2.40e-05    48s
2026-03-18 12:40:13,441 [INFO]   S2 Ep  34/100  loss=0.4794 acc=97.3% ce=0.907 sc=0.322  val=88.9%  lr=2.36e-05    48s
2026-03-18 12:41:01,767 [INFO]   S2 Ep  35/100  loss=0.4757 acc=97.4% ce=0.904 sc=0.315  val=89.0%  lr=2.32e-05    48s
2026-03-18 12:41:01,767 [INFO]   Early stopping at epoch 35
2026-03-18 12:41:01,767 [INFO]   Fold 4 best: 90.84%
2026-03-18 12:41:02,063 [INFO] ================================================================
2026-03-18 12:41:02,064 [INFO] FOLD 5 / 5
2026-03-18 12:41:02,064 [INFO] ================================================================
2026-03-18 12:41:02,066 [INFO]   Train: 11794 | Val: 2948
2026-03-18 12:41:02,281 [INFO] Loading pretrained weights from Hugging Face hub (timm/convnextv2_tiny.fcmae_ft_in22k_in1k)
2026-03-18 12:41:02,786 [INFO] HTTP Request: HEAD https://huggingface.co/timm/convnextv2_tiny.fcmae_ft_in22k_in1k/resolve/main/model.safetensors "HTTP/1.1 302 Found"
2026-03-18 12:41:02,788 [INFO] [timm/convnextv2_tiny.fcmae_ft_in22k_in1k] Safe alternative available for 'pytorch_model.bin' (as 'model.safetensors'). Loading weights using safetensors.
2026-03-18 12:41:02,807 [INFO] Missing keys (head.fc.weight, head.fc.bias) discovered while loading pretrained weights. This is expected if model is being adapted.
2026-03-18 12:41:02,911 [INFO]   Born-again ← best_fold4.pt (val 89.08%, new_keys=4)
2026-03-18 12:41:02,912 [INFO] ── Stage 1: head+proj warmup (5 ep, no SAM) ──
2026-03-18 12:41:11,988 [INFO]   S1 Ep 1/5  loss=0.6261 acc=93.4% ce=1.022 sc=0.625  val=88.8%  9s
2026-03-18 12:41:12,115 [INFO]   ★ best 88.84%
2026-03-18 12:41:20,581 [INFO]   S1 Ep 2/5  loss=0.5965 acc=93.9% ce=1.013 sc=0.538  val=88.6%  8s
2026-03-18 12:41:28,995 [INFO]   S1 Ep 3/5  loss=0.5919 acc=93.7% ce=1.025 sc=0.507  val=88.7%  8s
2026-03-18 12:41:37,430 [INFO]   S1 Ep 4/5  loss=0.5829 acc=93.9% ce=1.008 sc=0.502  val=88.7%  8s
2026-03-18 12:41:45,864 [INFO]   S1 Ep 5/5  loss=0.5755 acc=94.2% ce=1.003 sc=0.487  val=88.7%  8s
2026-03-18 12:41:45,864 [INFO] ── Stage 2: full SAM+LLRD+SupCon (100 ep, patience 35) ──
2026-03-18 12:41:45,865 [INFO] LLRD: 12 groups, LR [9.83e-06 … 3.00e-05]
2026-03-18 12:42:34,724 [INFO]   S2 Ep   1/100  loss=0.5785 acc=94.1% ce=1.008 sc=0.485  val=88.3%  lr=3.96e-06    49s
2026-03-18 12:43:23,085 [INFO]   S2 Ep   2/100  loss=0.5809 acc=93.4% ce=1.019 sc=0.476  val=88.1%  lr=1.12e-05    48s
2026-03-18 12:44:11,410 [INFO]   S2 Ep   3/100  loss=0.5910 acc=93.5% ce=1.024 sc=0.504  val=87.9%  lr=2.01e-05    48s
2026-03-18 12:44:59,743 [INFO]   S2 Ep   4/100  loss=0.6252 acc=92.3% ce=1.054 sc=0.573  val=87.6%  lr=2.73e-05    48s
2026-03-18 12:45:48,159 [INFO]   S2 Ep   5/100  loss=0.6235 acc=92.4% ce=1.056 sc=0.564  val=87.5%  lr=3.00e-05    48s
2026-03-18 12:46:36,477 [INFO]   S2 Ep   6/100  loss=0.6382 acc=92.4% ce=1.064 sc=0.601  val=87.4%  lr=3.00e-05    48s
2026-03-18 12:47:24,843 [INFO]   S2 Ep   7/100  loss=0.6167 acc=92.3% ce=1.060 sc=0.535  val=87.1%  lr=3.00e-05    48s
2026-03-18 12:48:13,245 [INFO]   S2 Ep   8/100  loss=0.6245 acc=92.5% ce=1.057 sc=0.567  val=87.0%  lr=2.99e-05    48s
2026-03-18 12:49:01,600 [INFO]   S2 Ep   9/100  loss=0.6154 acc=93.2% ce=1.046 sc=0.552  val=87.0%  lr=2.99e-05    48s
2026-03-18 12:49:49,894 [INFO]   S2 Ep  10/100  loss=0.6117 acc=92.9% ce=1.042 sc=0.544  val=87.1%  lr=2.98e-05    48s
2026-03-18 12:50:38,374 [INFO]   S2 Ep  11/100  loss=0.6128 acc=92.7% ce=1.051 sc=0.537  val=86.8%  lr=2.97e-05    48s
2026-03-18 12:51:26,905 [INFO]   S2 Ep  12/100  loss=0.6014 acc=92.9% ce=1.045 sc=0.508  val=86.9%  lr=2.96e-05    49s
2026-03-18 12:52:15,540 [INFO]   S2 Ep  13/100  loss=0.6080 acc=93.2% ce=1.047 sc=0.527  val=87.1%  lr=2.95e-05    49s
2026-03-18 12:53:04,097 [INFO]   S2 Ep  14/100  loss=0.6144 acc=92.7% ce=1.047 sc=0.548  val=86.9%  lr=2.93e-05    49s
2026-03-18 12:53:52,676 [INFO]   S2 Ep  15/100  loss=0.6101 acc=93.4% ce=1.042 sc=0.541  val=87.6%  lr=2.92e-05    49s
2026-03-18 12:54:41,134 [INFO]   S2 Ep  16/100  loss=0.6045 acc=93.1% ce=1.038 sc=0.528  val=87.7%  lr=2.90e-05    48s
2026-03-18 12:55:29,638 [INFO]   S2 Ep  17/100  loss=0.6075 acc=93.2% ce=1.038 sc=0.537  val=86.4%  lr=2.88e-05    49s
2026-03-18 12:56:18,104 [INFO]   S2 Ep  18/100  loss=0.6015 acc=93.6% ce=1.031 sc=0.529  val=87.1%  lr=2.86e-05    48s
2026-03-18 12:57:06,480 [INFO]   S2 Ep  19/100  loss=0.5942 acc=93.3% ce=1.036 sc=0.498  val=87.1%  lr=2.84e-05    48s
2026-03-18 12:57:54,926 [INFO]   S2 Ep  20/100  loss=0.5940 acc=93.4% ce=1.029 sc=0.507  val=86.9%  lr=2.82e-05    48s
2026-03-18 12:58:43,301 [INFO]   S2 Ep  21/100  loss=0.5958 acc=93.7% ce=1.031 sc=0.509  val=87.6%  lr=2.79e-05    48s
2026-03-18 12:59:31,743 [INFO]   S2 Ep  22/100  loss=0.5874 acc=93.9% ce=1.025 sc=0.490  val=87.2%  lr=2.77e-05    48s
2026-03-18 13:00:20,176 [INFO]   S2 Ep  23/100  loss=0.5870 acc=94.0% ce=1.016 sc=0.503  val=86.4%  lr=2.74e-05    48s
2026-03-18 13:01:08,562 [INFO]   S2 Ep  24/100  loss=0.5878 acc=93.8% ce=1.021 sc=0.498  val=87.1%  lr=2.71e-05    48s
2026-03-18 13:01:56,907 [INFO]   S2 Ep  25/100  loss=0.5888 acc=93.6% ce=1.031 sc=0.486  val=87.4%  lr=2.68e-05    48s
2026-03-18 13:02:45,222 [INFO]   S2 Ep  26/100  loss=0.5847 acc=93.7% ce=1.023 sc=0.485  val=87.4%  lr=2.65e-05    48s
2026-03-18 13:03:33,531 [INFO]   S2 Ep  27/100  loss=0.5857 acc=93.6% ce=1.026 sc=0.485  val=87.1%  lr=2.62e-05    48s
2026-03-18 13:04:21,830 [INFO]   S2 Ep  28/100  loss=0.5855 acc=93.8% ce=1.017 sc=0.498  val=87.4%  lr=2.59e-05    48s
2026-03-18 13:05:10,285 [INFO]   S2 Ep  29/100  loss=0.5763 acc=94.1% ce=1.012 sc=0.475  val=87.1%  lr=2.55e-05    48s
2026-03-18 13:05:58,665 [INFO]   S2 Ep  30/100  loss=0.5695 acc=94.1% ce=1.007 sc=0.460  val=87.5%  lr=2.52e-05    48s
2026-03-18 13:06:47,042 [INFO]   S2 Ep  31/100  loss=0.5629 acc=94.1% ce=1.013 sc=0.428  val=87.6%  lr=2.48e-05    48s
2026-03-18 13:07:35,423 [INFO]   S2 Ep  32/100  loss=0.5631 acc=94.6% ce=0.997 sc=0.453  val=87.5%  lr=2.44e-05    48s
2026-03-18 13:08:23,722 [INFO]   S2 Ep  33/100  loss=0.5710 acc=94.2% ce=1.009 sc=0.461  val=87.2%  lr=2.40e-05    48s
2026-03-18 13:09:12,088 [INFO]   S2 Ep  34/100  loss=0.5624 acc=94.6% ce=0.996 sc=0.451  val=87.7%  lr=2.36e-05    48s
2026-03-18 13:10:00,422 [INFO]   S2 Ep  35/100  loss=0.5601 acc=94.4% ce=0.996 sc=0.445  val=87.3%  lr=2.32e-05    48s
2026-03-18 13:10:00,422 [INFO]   Early stopping at epoch 35
2026-03-18 13:10:00,422 [INFO]   Fold 5 best: 88.84%
2026-03-18 13:10:00,733 [INFO] ================================================================
2026-03-18 13:10:00,733 [INFO] 5-FOLD CV RESULTS
2026-03-18 13:10:00,733 [INFO] ================================================================
2026-03-18 13:10:00,733 [INFO]   Fold 1 : 90.88%
2026-03-18 13:10:00,733 [INFO]   Fold 2 : 89.49%
2026-03-18 13:10:00,733 [INFO]   Fold 3 : 91.04%
2026-03-18 13:10:00,733 [INFO]   Fold 4 : 90.84%
2026-03-18 13:10:00,733 [INFO]   Fold 5 : 88.84%
2026-03-18 13:10:00,733 [INFO]   Mean  : 90.22% ± 0.89%
2026-03-18 13:14:04,931 [INFO] TTA changed 137 / 9828 (1.4%)
2026-03-18 13:14:04,938 [INFO] Done.
