2026-03-22 07:49:21,249 [INFO] GPU: NVIDIA H200
2026-03-22 07:49:21,250 [INFO] Config: {
  "data_dir": "/data/slr/track2_",
  "output_dir": "/data/slr/checkpoints_v56",
  "max_frames": 64,
  "img_size": [
    64,
    256
  ],
  "n_classes": 126,
  "teacher_img_size": 224,
  "teacher_max_frames": 48,
  "channel_means": [
    -64.3217,
    -62.9119,
    -63.9254
  ],
  "channel_stds": [
    12.5721,
    11.662,
    11.7259
  ],
  "n_folds": 5,
  "batch_size": 64,
  "num_workers": 2,
  "stage1_epochs": 5,
  "stage1_lr": 0.0002,
  "stage2_epochs": 100,
  "stage2_lr": 4e-05,
  "swa_epochs": 15,
  "swa_lr": 4e-06,
  "weight_decay": 0.05,
  "warmup_pct": 0.05,
  "label_smoothing": 0.1,
  "early_stopping_patience": 30,
  "grad_clip_norm": 1.0,
  "llrd_decay": 0.75,
  "kd_alpha": 0.5,
  "kd_tau": 4.0,
  "mixup_alpha": 0.4,
  "cutmix_alpha": 1.0,
  "cutmix_prob": 0.5,
  "time_mask_max": 10,
  "range_mask_max": 30,
  "noise_std": 0.1,
  "time_warp_lo": 0.8,
  "time_warp_hi": 1.2,
  "time_reverse_prob": 0.5,
  "channel_shuffle_prob": 0.2,
  "channel_drop_prob": 0.1,
  "random_erase_prob": 0.2,
  "circ_shift_prob": 0.3,
  "circ_shift_max": 10,
  "amp_scale_prob": 0.5,
  "amp_scale_lo": 0.8,
  "amp_scale_hi": 1.2,
  "model_name": "convnextv2_tiny.fcmae_ft_in22k_in1k",
  "drop_path_rate": 0.2,
  "proj_dim": 512,
  "drop_rate": 0.3,
  "ms_dropout_samples": 5,
  "seed": 42
}
2026-03-22 07:49:21,250 [INFO] ★★★ NATIVE RESOLUTION: (64, 256) — 2.4x temporal stretch (vs 8.4x) ★★★
2026-03-22 07:49:21,329 [INFO] Train: 14742 | Eval: 9828
2026-03-22 07:49:37,774 [INFO] Pre-computing teacher soft labels …
2026-03-22 07:49:40,629 [INFO]   Loaded 5 teachers
2026-03-22 07:54:14,039 [INFO]   Soft labels: 14742
2026-03-22 07:54:14,040 [INFO] KD α=0.50 τ=4.0 | born-again from v11 | native (64,256)
2026-03-22 07:54:14,049 [INFO] ================================================================
2026-03-22 07:54:14,049 [INFO] FOLD 1 / 5
2026-03-22 07:54:14,049 [INFO] ================================================================
2026-03-22 07:54:14,279 [INFO] Loading pretrained weights from Hugging Face hub (timm/convnextv2_tiny.fcmae_ft_in22k_in1k)
2026-03-22 07:54:19,367 [INFO] HTTP Request: HEAD https://huggingface.co/timm/convnextv2_tiny.fcmae_ft_in22k_in1k/resolve/main/model.safetensors "HTTP/1.1 302 Found"
2026-03-22 07:54:19,370 [INFO] [timm/convnextv2_tiny.fcmae_ft_in22k_in1k] Safe alternative available for 'pytorch_model.bin' (as 'model.safetensors'). Loading weights using safetensors.
2026-03-22 07:54:19,427 [INFO] Missing keys (head.fc.weight, head.fc.bias) discovered while loading pretrained weights. This is expected if model is being adapted.
2026-03-22 07:54:19,581 [INFO]   Born-again ← best_fold0.pt (val 90.78%)
2026-03-22 07:54:19,582 [INFO] ── Stage 1: head warmup (5 ep) ──
2026-03-22 07:54:54,271 [INFO]   S1 Ep 1/5  loss=2.7318 acc=1.9%  val=3.2%  35s
2026-03-22 07:54:54,419 [INFO]   ★ best 3.22%
2026-03-22 07:55:09,224 [INFO]   S1 Ep 2/5  loss=2.6459 acc=3.2%  val=5.7%  15s
2026-03-22 07:55:09,386 [INFO]   ★ best 5.70%
2026-03-22 07:55:24,607 [INFO]   S1 Ep 3/5  loss=2.5985 acc=4.6%  val=7.0%  15s
2026-03-22 07:55:24,788 [INFO]   ★ best 6.99%
2026-03-22 07:55:39,925 [INFO]   S1 Ep 4/5  loss=2.5709 acc=5.5%  val=7.9%  15s
2026-03-22 07:55:40,103 [INFO]   ★ best 7.87%
2026-03-22 07:55:55,086 [INFO]   S1 Ep 5/5  loss=2.5558 acc=5.8%  val=8.0%  15s
2026-03-22 07:55:55,255 [INFO]   ★ best 7.97%
2026-03-22 07:55:55,255 [INFO] ── Stage 2: full fine-tune (100 ep) ──
2026-03-22 07:55:55,256 [INFO] LLRD: 12 groups, LR [9.49e-06 … 4.00e-05]
2026-03-22 07:56:14,738 [INFO]   S2 Ep   1/100  loss=2.6183 acc=5.0%  val=10.3%  lr=5.27e-06    19s
2026-03-22 07:56:14,922 [INFO]   ★ best 10.31%
2026-03-22 07:56:30,303 [INFO]   S2 Ep   2/100  loss=2.5228 acc=7.9%  val=16.2%  lr=1.49e-05    15s
2026-03-22 07:56:30,515 [INFO]   ★ best 16.17%
2026-03-22 07:56:45,805 [INFO]   S2 Ep   3/100  loss=2.4191 acc=12.0%  val=30.1%  lr=2.68e-05    15s
2026-03-22 07:56:46,009 [INFO]   ★ best 30.08%
2026-03-22 07:57:01,336 [INFO]   S2 Ep   4/100  loss=2.2322 acc=19.8%  val=41.6%  lr=3.64e-05    15s
2026-03-22 07:57:01,508 [INFO]   ★ best 41.57%
2026-03-22 07:57:16,878 [INFO]   S2 Ep   5/100  loss=2.1089 acc=25.4%  val=52.1%  lr=4.00e-05    15s
2026-03-22 07:57:17,069 [INFO]   ★ best 52.09%
2026-03-22 07:57:32,353 [INFO]   S2 Ep   6/100  loss=2.0220 acc=29.7%  val=56.4%  lr=4.00e-05    15s
2026-03-22 07:57:32,525 [INFO]   ★ best 56.36%
2026-03-22 07:57:47,104 [INFO]   S2 Ep   7/100  loss=1.8898 acc=35.1%  val=59.7%  lr=4.00e-05    15s
2026-03-22 07:57:47,294 [INFO]   ★ best 59.72%
2026-03-22 07:58:02,877 [INFO]   S2 Ep   8/100  loss=1.8020 acc=38.7%  val=62.8%  lr=3.99e-05    16s
2026-03-22 07:58:03,044 [INFO]   ★ best 62.80%
2026-03-22 07:58:18,751 [INFO]   S2 Ep   9/100  loss=1.8157 acc=38.5%  val=64.3%  lr=3.98e-05    16s
2026-03-22 07:58:18,920 [INFO]   ★ best 64.29%
2026-03-22 07:58:33,868 [INFO]   S2 Ep  10/100  loss=1.7838 acc=40.0%  val=66.8%  lr=3.97e-05    15s
2026-03-22 07:58:34,062 [INFO]   ★ best 66.77%
2026-03-22 07:58:48,951 [INFO]   S2 Ep  11/100  loss=1.7602 acc=41.0%  val=67.2%  lr=3.96e-05    15s
2026-03-22 07:58:49,160 [INFO]   ★ best 67.21%
2026-03-22 07:59:03,494 [INFO]   S2 Ep  12/100  loss=1.7484 acc=41.7%  val=68.4%  lr=3.95e-05    14s
2026-03-22 07:59:03,731 [INFO]   ★ best 68.36%
2026-03-22 07:59:18,727 [INFO]   S2 Ep  13/100  loss=1.6922 acc=44.0%  val=68.5%  lr=3.93e-05    15s
2026-03-22 07:59:18,935 [INFO]   ★ best 68.50%
2026-03-22 07:59:34,145 [INFO]   S2 Ep  14/100  loss=1.7107 acc=43.3%  val=69.6%  lr=3.91e-05    15s
2026-03-22 07:59:34,371 [INFO]   ★ best 69.58%
2026-03-22 07:59:49,323 [INFO]   S2 Ep  15/100  loss=1.6571 acc=45.7%  val=70.5%  lr=3.89e-05    15s
2026-03-22 07:59:49,551 [INFO]   ★ best 70.50%
2026-03-22 08:00:04,805 [INFO]   S2 Ep  16/100  loss=1.6382 acc=46.8%  val=71.5%  lr=3.87e-05    15s
2026-03-22 08:00:05,013 [INFO]   ★ best 71.52%
2026-03-22 08:00:20,364 [INFO]   S2 Ep  17/100  loss=1.6181 acc=47.5%  val=71.1%  lr=3.84e-05    15s
2026-03-22 08:00:35,397 [INFO]   S2 Ep  18/100  loss=1.5794 acc=49.0%  val=71.7%  lr=3.82e-05    15s
2026-03-22 08:00:35,603 [INFO]   ★ best 71.69%
2026-03-22 08:00:51,191 [INFO]   S2 Ep  19/100  loss=1.5822 acc=49.6%  val=72.6%  lr=3.79e-05    16s
2026-03-22 08:00:51,398 [INFO]   ★ best 72.63%
2026-03-22 08:01:06,602 [INFO]   S2 Ep  20/100  loss=1.5762 acc=49.8%  val=72.7%  lr=3.76e-05    15s
2026-03-22 08:01:06,782 [INFO]   ★ best 72.67%
2026-03-22 08:01:21,939 [INFO]   S2 Ep  21/100  loss=1.5916 acc=48.7%  val=72.7%  lr=3.73e-05    15s
2026-03-22 08:01:22,153 [INFO]   ★ best 72.70%
2026-03-22 08:01:37,877 [INFO]   S2 Ep  22/100  loss=1.5300 acc=51.4%  val=73.2%  lr=3.69e-05    16s
2026-03-22 08:01:38,090 [INFO]   ★ best 73.18%
2026-03-22 08:01:54,497 [INFO]   S2 Ep  23/100  loss=1.5168 acc=52.0%  val=74.3%  lr=3.66e-05    16s
2026-03-22 08:01:54,713 [INFO]   ★ best 74.26%
2026-03-22 08:02:09,893 [INFO]   S2 Ep  24/100  loss=1.5385 acc=51.0%  val=74.0%  lr=3.62e-05    15s
2026-03-22 08:02:24,776 [INFO]   S2 Ep  25/100  loss=1.4899 acc=53.4%  val=73.2%  lr=3.58e-05    15s
2026-03-22 08:02:39,742 [INFO]   S2 Ep  26/100  loss=1.4922 acc=53.3%  val=74.5%  lr=3.54e-05    15s
2026-03-22 08:02:39,936 [INFO]   ★ best 74.53%
2026-03-22 08:02:55,409 [INFO]   S2 Ep  27/100  loss=1.4769 acc=53.8%  val=75.0%  lr=3.49e-05    15s
2026-03-22 08:02:55,632 [INFO]   ★ best 75.04%
2026-03-22 08:03:10,810 [INFO]   S2 Ep  28/100  loss=1.4865 acc=54.1%  val=74.9%  lr=3.45e-05    15s
2026-03-22 08:03:26,104 [INFO]   S2 Ep  29/100  loss=1.4774 acc=54.5%  val=75.3%  lr=3.40e-05    15s
2026-03-22 08:03:26,303 [INFO]   ★ best 75.28%
2026-03-22 08:03:41,739 [INFO]   S2 Ep  30/100  loss=1.4936 acc=53.5%  val=75.3%  lr=3.35e-05    15s
2026-03-22 08:03:41,937 [INFO]   ★ best 75.31%
2026-03-22 08:03:56,222 [INFO]   S2 Ep  31/100  loss=1.5145 acc=52.2%  val=75.1%  lr=3.30e-05    14s
2026-03-22 08:04:10,950 [INFO]   S2 Ep  32/100  loss=1.4347 acc=55.9%  val=75.6%  lr=3.25e-05    15s
2026-03-22 08:04:11,169 [INFO]   ★ best 75.58%
2026-03-22 08:04:26,653 [INFO]   S2 Ep  33/100  loss=1.4747 acc=54.8%  val=76.1%  lr=3.20e-05    15s
2026-03-22 08:04:26,901 [INFO]   ★ best 76.06%
2026-03-22 08:04:42,183 [INFO]   S2 Ep  34/100  loss=1.4713 acc=54.5%  val=76.0%  lr=3.15e-05    15s
2026-03-22 08:04:57,192 [INFO]   S2 Ep  35/100  loss=1.4457 acc=55.5%  val=75.6%  lr=3.09e-05    15s
2026-03-22 08:05:12,634 [INFO]   S2 Ep  36/100  loss=1.4791 acc=53.5%  val=76.2%  lr=3.04e-05    15s
2026-03-22 08:05:12,839 [INFO]   ★ best 76.16%
2026-03-22 08:05:28,518 [INFO]   S2 Ep  37/100  loss=1.4303 acc=56.9%  val=76.1%  lr=2.98e-05    16s
2026-03-22 08:05:43,940 [INFO]   S2 Ep  38/100  loss=1.4183 acc=57.3%  val=76.0%  lr=2.92e-05    15s
2026-03-22 08:05:59,114 [INFO]   S2 Ep  39/100  loss=1.4156 acc=57.1%  val=77.5%  lr=2.86e-05    15s
2026-03-22 08:05:59,327 [INFO]   ★ best 77.48%
2026-03-22 08:06:14,919 [INFO]   S2 Ep  40/100  loss=1.3520 acc=59.9%  val=77.3%  lr=2.80e-05    16s
2026-03-22 08:06:30,264 [INFO]   S2 Ep  41/100  loss=1.4620 acc=55.6%  val=77.3%  lr=2.74e-05    15s
2026-03-22 08:06:45,251 [INFO]   S2 Ep  42/100  loss=1.3830 acc=58.8%  val=77.0%  lr=2.68e-05    15s
2026-03-22 08:07:00,611 [INFO]   S2 Ep  43/100  loss=1.4211 acc=57.0%  val=76.9%  lr=2.62e-05    15s
2026-03-22 08:07:15,320 [INFO]   S2 Ep  44/100  loss=1.4170 acc=57.4%  val=77.5%  lr=2.55e-05    15s
2026-03-22 08:07:15,511 [INFO]   ★ best 77.52%
2026-03-22 08:07:30,767 [INFO]   S2 Ep  45/100  loss=1.3772 acc=58.8%  val=77.4%  lr=2.49e-05    15s
2026-03-22 08:07:45,750 [INFO]   S2 Ep  46/100  loss=1.4287 acc=57.0%  val=77.2%  lr=2.43e-05    15s
2026-03-22 08:08:00,825 [INFO]   S2 Ep  47/100  loss=1.3708 acc=59.0%  val=77.7%  lr=2.36e-05    15s
2026-03-22 08:08:01,044 [INFO]   ★ best 77.65%
2026-03-22 08:08:16,415 [INFO]   S2 Ep  48/100  loss=1.4088 acc=57.4%  val=77.3%  lr=2.30e-05    15s
2026-03-22 08:08:31,933 [INFO]   S2 Ep  49/100  loss=1.3671 acc=59.8%  val=77.4%  lr=2.23e-05    16s
2026-03-22 08:08:47,192 [INFO]   S2 Ep  50/100  loss=1.3951 acc=58.6%  val=78.1%  lr=2.16e-05    15s
2026-03-22 08:08:47,423 [INFO]   ★ best 78.13%
2026-03-22 08:09:02,634 [INFO]   S2 Ep  51/100  loss=1.3248 acc=61.7%  val=78.6%  lr=2.10e-05    15s
2026-03-22 08:09:02,837 [INFO]   ★ best 78.60%
2026-03-22 08:09:17,968 [INFO]   S2 Ep  52/100  loss=1.3414 acc=60.7%  val=78.4%  lr=2.03e-05    15s
2026-03-22 08:09:33,010 [INFO]   S2 Ep  53/100  loss=1.3567 acc=59.4%  val=78.2%  lr=1.97e-05    15s
2026-03-22 08:09:47,566 [INFO]   S2 Ep  54/100  loss=1.3887 acc=58.9%  val=78.4%  lr=1.90e-05    15s
2026-03-22 08:10:02,851 [INFO]   S2 Ep  55/100  loss=1.3817 acc=59.0%  val=78.5%  lr=1.83e-05    15s
2026-03-22 08:10:19,292 [INFO]   S2 Ep  56/100  loss=1.2849 acc=63.5%  val=78.0%  lr=1.77e-05    16s
2026-03-22 08:10:33,680 [INFO]   S2 Ep  57/100  loss=1.3478 acc=60.2%  val=78.2%  lr=1.70e-05    14s
2026-03-22 08:10:48,898 [INFO]   S2 Ep  58/100  loss=1.3483 acc=60.4%  val=78.4%  lr=1.64e-05    15s
2026-03-22 08:11:04,210 [INFO]   S2 Ep  59/100  loss=1.3175 acc=61.6%  val=78.2%  lr=1.57e-05    15s
2026-03-22 08:11:19,631 [INFO]   S2 Ep  60/100  loss=1.3806 acc=59.2%  val=78.8%  lr=1.51e-05    15s
2026-03-22 08:11:19,848 [INFO]   ★ best 78.77%
2026-03-22 08:11:35,243 [INFO]   S2 Ep  61/100  loss=1.2944 acc=63.1%  val=78.4%  lr=1.44e-05    15s
2026-03-22 08:11:50,340 [INFO]   S2 Ep  62/100  loss=1.3601 acc=60.0%  val=78.5%  lr=1.38e-05    15s
2026-03-22 08:12:05,581 [INFO]   S2 Ep  63/100  loss=1.3893 acc=58.3%  val=78.8%  lr=1.32e-05    15s
2026-03-22 08:12:05,777 [INFO]   ★ best 78.84%
2026-03-22 08:12:20,807 [INFO]   S2 Ep  64/100  loss=1.3446 acc=60.4%  val=79.0%  lr=1.26e-05    15s
2026-03-22 08:12:21,050 [INFO]   ★ best 79.01%
2026-03-22 08:12:35,830 [INFO]   S2 Ep  65/100  loss=1.3563 acc=60.2%  val=79.1%  lr=1.20e-05    15s
2026-03-22 08:12:36,030 [INFO]   ★ best 79.15%
2026-03-22 08:12:50,355 [INFO]   S2 Ep  66/100  loss=1.3028 acc=62.4%  val=78.7%  lr=1.14e-05    14s
2026-03-22 08:13:05,449 [INFO]   S2 Ep  67/100  loss=1.3632 acc=59.6%  val=78.6%  lr=1.08e-05    15s
2026-03-22 08:13:20,763 [INFO]   S2 Ep  68/100  loss=1.3269 acc=61.7%  val=79.1%  lr=1.02e-05    15s
2026-03-22 08:13:35,747 [INFO]   S2 Ep  69/100  loss=1.2513 acc=64.3%  val=78.8%  lr=9.62e-06    15s
2026-03-22 08:13:51,136 [INFO]   S2 Ep  70/100  loss=1.3135 acc=61.8%  val=78.9%  lr=9.06e-06    15s
2026-03-22 08:14:06,270 [INFO]   S2 Ep  71/100  loss=1.3877 acc=58.7%  val=78.9%  lr=8.51e-06    15s
2026-03-22 08:14:21,747 [INFO]   S2 Ep  72/100  loss=1.3450 acc=60.7%  val=79.3%  lr=7.98e-06    15s
2026-03-22 08:14:21,960 [INFO]   ★ best 79.35%
2026-03-22 08:14:37,148 [INFO]   S2 Ep  73/100  loss=1.2873 acc=63.5%  val=79.2%  lr=7.45e-06    15s
2026-03-22 08:14:52,196 [INFO]   S2 Ep  74/100  loss=1.3150 acc=61.7%  val=79.4%  lr=6.95e-06    15s
2026-03-22 08:14:52,369 [INFO]   ★ best 79.38%
2026-03-22 08:15:07,599 [INFO]   S2 Ep  75/100  loss=1.3094 acc=62.4%  val=78.9%  lr=6.45e-06    15s
2026-03-22 08:15:22,877 [INFO]   S2 Ep  76/100  loss=1.2597 acc=64.6%  val=79.0%  lr=5.97e-06    15s
2026-03-22 08:15:38,607 [INFO]   S2 Ep  77/100  loss=1.3255 acc=62.0%  val=79.5%  lr=5.51e-06    16s
2026-03-22 08:15:38,817 [INFO]   ★ best 79.45%
2026-03-22 08:15:53,475 [INFO]   S2 Ep  78/100  loss=1.3425 acc=60.5%  val=79.1%  lr=5.06e-06    15s
2026-03-22 08:16:08,313 [INFO]   S2 Ep  79/100  loss=1.3253 acc=61.6%  val=79.1%  lr=4.63e-06    15s
2026-03-22 08:16:22,893 [INFO]   S2 Ep  80/100  loss=1.3244 acc=60.9%  val=79.1%  lr=4.22e-06    15s
2026-03-22 08:16:37,866 [INFO]   S2 Ep  81/100  loss=1.3902 acc=59.1%  val=78.9%  lr=3.82e-06    15s
2026-03-22 08:16:52,768 [INFO]   S2 Ep  82/100  loss=1.3154 acc=62.0%  val=79.3%  lr=3.44e-06    15s
2026-03-22 08:17:07,760 [INFO]   S2 Ep  83/100  loss=1.3773 acc=59.2%  val=79.5%  lr=3.08e-06    15s
2026-03-22 08:17:07,993 [INFO]   ★ best 79.48%
2026-03-22 08:17:23,415 [INFO]   S2 Ep  84/100  loss=1.3865 acc=58.6%  val=79.4%  lr=2.73e-06    15s
2026-03-22 08:17:38,248 [INFO]   S2 Ep  85/100  loss=1.3029 acc=62.5%  val=79.7%  lr=2.41e-06    15s
2026-03-22 08:17:38,445 [INFO]   ★ best 79.65%
2026-03-22 08:17:53,710 [INFO]   S2 Ep  86/100  loss=1.3570 acc=60.4%  val=79.5%  lr=2.11e-06    15s
2026-03-22 08:18:08,540 [INFO]   S2 Ep  87/100  loss=1.2790 acc=64.1%  val=79.4%  lr=1.82e-06    15s
2026-03-22 08:18:23,219 [INFO]   S2 Ep  88/100  loss=1.4062 acc=57.7%  val=79.2%  lr=1.55e-06    15s
2026-03-22 08:18:39,595 [INFO]   S2 Ep  89/100  loss=1.3434 acc=61.0%  val=79.5%  lr=1.31e-06    16s
2026-03-22 08:18:54,802 [INFO]   S2 Ep  90/100  loss=1.3238 acc=61.6%  val=79.5%  lr=1.08e-06    15s
2026-03-22 08:19:10,117 [INFO]   S2 Ep  91/100  loss=1.3090 acc=62.4%  val=79.5%  lr=8.80e-07    15s
2026-03-22 08:19:25,431 [INFO]   S2 Ep  92/100  loss=1.3060 acc=62.8%  val=79.5%  lr=6.96e-07    15s
2026-03-22 08:19:41,120 [INFO]   S2 Ep  93/100  loss=1.3216 acc=61.9%  val=79.5%  lr=5.34e-07    16s
2026-03-22 08:19:56,448 [INFO]   S2 Ep  94/100  loss=1.2604 acc=64.8%  val=79.5%  lr=3.93e-07    15s
2026-03-22 08:20:11,426 [INFO]   S2 Ep  95/100  loss=1.3116 acc=62.0%  val=79.5%  lr=2.74e-07    15s
2026-03-22 08:20:27,579 [INFO]   S2 Ep  96/100  loss=1.3562 acc=60.5%  val=79.6%  lr=1.76e-07    16s
2026-03-22 08:20:42,841 [INFO]   S2 Ep  97/100  loss=1.2869 acc=63.2%  val=79.5%  lr=9.96e-08    15s
2026-03-22 08:20:58,135 [INFO]   S2 Ep  98/100  loss=1.2918 acc=63.5%  val=79.5%  lr=4.51e-08    15s
2026-03-22 08:21:13,399 [INFO]   S2 Ep  99/100  loss=1.3407 acc=61.4%  val=79.5%  lr=1.24e-08    15s
2026-03-22 08:21:28,629 [INFO]   S2 Ep 100/100  loss=1.3078 acc=62.4%  val=79.5%  lr=1.60e-09    15s
2026-03-22 08:21:28,630 [INFO] ── Stage 3: SWA (15 ep) ──
2026-03-22 08:21:43,891 [INFO]   SWA Ep  1/15  loss=1.3075  swa_val=79.5%  15s
2026-03-22 08:21:59,180 [INFO]   SWA Ep  2/15  loss=1.3347  swa_val=79.5%  15s
2026-03-22 08:22:14,384 [INFO]   SWA Ep  3/15  loss=1.3561  swa_val=79.6%  15s
2026-03-22 08:22:29,590 [INFO]   SWA Ep  4/15  loss=1.2929  swa_val=79.5%  15s
2026-03-22 08:22:44,696 [INFO]   SWA Ep  5/15  loss=1.3345  swa_val=79.5%  15s
2026-03-22 08:23:00,682 [INFO]   SWA Ep  6/15  loss=1.2886  swa_val=79.5%  16s
2026-03-22 08:23:16,210 [INFO]   SWA Ep  7/15  loss=1.3294  swa_val=79.7%  16s
2026-03-22 08:23:31,835 [INFO]   SWA Ep  8/15  loss=1.2565  swa_val=79.8%  16s
2026-03-22 08:23:47,180 [INFO]   SWA Ep  9/15  loss=1.2996  swa_val=79.8%  15s
2026-03-22 08:24:03,204 [INFO]   SWA Ep 10/15  loss=1.3347  swa_val=79.8%  16s
2026-03-22 08:24:18,561 [INFO]   SWA Ep 11/15  loss=1.2902  swa_val=79.9%  15s
2026-03-22 08:24:33,723 [INFO]   SWA Ep 12/15  loss=1.2837  swa_val=80.0%  15s
2026-03-22 08:24:49,825 [INFO]   SWA Ep 13/15  loss=1.2716  swa_val=80.0%  16s
2026-03-22 08:25:05,030 [INFO]   SWA Ep 14/15  loss=1.2850  swa_val=79.9%  15s
2026-03-22 08:25:20,465 [INFO]   SWA Ep 15/15  loss=1.3076  swa_val=80.0%  15s
2026-03-22 08:25:23,456 [INFO]   SWA final: 80.03% (regular best: 79.65%)
2026-03-22 08:25:23,637 [INFO]   ★ SWA beats regular!
2026-03-22 08:25:23,637 [INFO]   Fold 1 best: 80.03%
2026-03-22 08:25:23,650 [INFO] ================================================================
2026-03-22 08:25:23,651 [INFO] FOLD 2 / 5
2026-03-22 08:25:23,651 [INFO] ================================================================
2026-03-22 08:25:23,929 [INFO] Loading pretrained weights from Hugging Face hub (timm/convnextv2_tiny.fcmae_ft_in22k_in1k)
2026-03-22 08:25:24,009 [INFO] HTTP Request: HEAD https://huggingface.co/timm/convnextv2_tiny.fcmae_ft_in22k_in1k/resolve/main/model.safetensors "HTTP/1.1 302 Found"
2026-03-22 08:25:24,011 [INFO] [timm/convnextv2_tiny.fcmae_ft_in22k_in1k] Safe alternative available for 'pytorch_model.bin' (as 'model.safetensors'). Loading weights using safetensors.
2026-03-22 08:25:24,029 [INFO] Missing keys (head.fc.weight, head.fc.bias) discovered while loading pretrained weights. This is expected if model is being adapted.
2026-03-22 08:25:24,142 [INFO]   Born-again ← best_fold1.pt (val 89.69%)
2026-03-22 08:25:24,142 [INFO] ── Stage 1: head warmup (5 ep) ──
2026-03-22 08:25:40,157 [INFO]   S1 Ep 1/5  loss=2.7548 acc=2.7%  val=3.5%  16s
2026-03-22 08:25:40,286 [INFO]   ★ best 3.53%
2026-03-22 08:25:55,853 [INFO]   S1 Ep 2/5  loss=2.6212 acc=3.7%  val=6.4%  16s
2026-03-22 08:25:56,004 [INFO]   ★ best 6.44%
2026-03-22 08:26:11,562 [INFO]   S1 Ep 3/5  loss=2.5643 acc=5.4%  val=9.1%  16s
2026-03-22 08:26:11,912 [INFO]   ★ best 9.05%
2026-03-22 08:26:27,293 [INFO]   S1 Ep 4/5  loss=2.5403 acc=6.3%  val=9.4%  15s
2026-03-22 08:26:27,470 [INFO]   ★ best 9.39%
2026-03-22 08:26:42,398 [INFO]   S1 Ep 5/5  loss=2.5236 acc=6.8%  val=10.0%  15s
2026-03-22 08:26:42,574 [INFO]   ★ best 9.97%
2026-03-22 08:26:42,574 [INFO] ── Stage 2: full fine-tune (100 ep) ──
2026-03-22 08:26:42,576 [INFO] LLRD: 12 groups, LR [9.49e-06 … 4.00e-05]
2026-03-22 08:26:58,134 [INFO]   S2 Ep   1/100  loss=2.6035 acc=5.7%  val=12.1%  lr=5.27e-06    16s
2026-03-22 08:26:58,309 [INFO]   ★ best 12.14%
2026-03-22 08:27:13,556 [INFO]   S2 Ep   2/100  loss=2.5387 acc=7.8%  val=18.9%  lr=1.49e-05    15s
2026-03-22 08:27:13,719 [INFO]   ★ best 18.85%
2026-03-22 08:27:29,721 [INFO]   S2 Ep   3/100  loss=2.3963 acc=12.9%  val=31.4%  lr=2.68e-05    16s
2026-03-22 08:27:29,888 [INFO]   ★ best 31.43%
2026-03-22 08:27:45,367 [INFO]   S2 Ep   4/100  loss=2.2124 acc=20.5%  val=44.5%  lr=3.64e-05    15s
2026-03-22 08:27:45,539 [INFO]   ★ best 44.52%
2026-03-22 08:28:01,036 [INFO]   S2 Ep   5/100  loss=2.0899 acc=26.4%  val=51.8%  lr=4.00e-05    15s
2026-03-22 08:28:01,208 [INFO]   ★ best 51.78%
2026-03-22 08:28:16,508 [INFO]   S2 Ep   6/100  loss=1.9741 acc=30.7%  val=56.9%  lr=4.00e-05    15s
2026-03-22 08:28:16,690 [INFO]   ★ best 56.93%
2026-03-22 08:28:32,025 [INFO]   S2 Ep   7/100  loss=1.9516 acc=32.6%  val=59.8%  lr=4.00e-05    15s
2026-03-22 08:28:32,193 [INFO]   ★ best 59.82%
2026-03-22 08:28:47,448 [INFO]   S2 Ep   8/100  loss=1.8192 acc=38.0%  val=64.8%  lr=3.99e-05    15s
2026-03-22 08:28:47,631 [INFO]   ★ best 64.80%
2026-03-22 08:29:03,110 [INFO]   S2 Ep   9/100  loss=1.8625 acc=36.5%  val=65.2%  lr=3.98e-05    15s
2026-03-22 08:29:03,292 [INFO]   ★ best 65.21%
2026-03-22 08:29:18,748 [INFO]   S2 Ep  10/100  loss=1.7933 acc=39.7%  val=67.3%  lr=3.97e-05    15s
2026-03-22 08:29:18,927 [INFO]   ★ best 67.28%
2026-03-22 08:29:35,833 [INFO]   S2 Ep  11/100  loss=1.7700 acc=40.6%  val=68.7%  lr=3.96e-05    17s
2026-03-22 08:29:36,000 [INFO]   ★ best 68.67%
2026-03-22 08:29:51,421 [INFO]   S2 Ep  12/100  loss=1.6911 acc=43.6%  val=69.4%  lr=3.95e-05    15s
2026-03-22 08:29:51,600 [INFO]   ★ best 69.45%
2026-03-22 08:30:05,971 [INFO]   S2 Ep  13/100  loss=1.6975 acc=43.6%  val=69.8%  lr=3.93e-05    14s
2026-03-22 08:30:06,148 [INFO]   ★ best 69.79%
2026-03-22 08:30:21,930 [INFO]   S2 Ep  14/100  loss=1.6915 acc=44.1%  val=70.5%  lr=3.91e-05    16s
2026-03-22 08:30:22,101 [INFO]   ★ best 70.46%
2026-03-22 08:30:37,342 [INFO]   S2 Ep  15/100  loss=1.6447 acc=46.0%  val=71.1%  lr=3.89e-05    15s
2026-03-22 08:30:37,520 [INFO]   ★ best 71.07%
2026-03-22 08:30:53,019 [INFO]   S2 Ep  16/100  loss=1.5794 acc=49.3%  val=72.2%  lr=3.87e-05    15s
2026-03-22 08:30:53,193 [INFO]   ★ best 72.16%
2026-03-22 08:31:08,457 [INFO]   S2 Ep  17/100  loss=1.5902 acc=48.6%  val=71.8%  lr=3.84e-05    15s
2026-03-22 08:31:23,670 [INFO]   S2 Ep  18/100  loss=1.5850 acc=48.9%  val=72.4%  lr=3.82e-05    15s
2026-03-22 08:31:23,839 [INFO]   ★ best 72.36%
2026-03-22 08:31:39,161 [INFO]   S2 Ep  19/100  loss=1.6205 acc=47.8%  val=73.1%  lr=3.79e-05    15s
2026-03-22 08:31:39,348 [INFO]   ★ best 73.08%
2026-03-22 08:31:54,920 [INFO]   S2 Ep  20/100  loss=1.5320 acc=51.6%  val=72.9%  lr=3.76e-05    16s
2026-03-22 08:32:10,310 [INFO]   S2 Ep  21/100  loss=1.5576 acc=50.2%  val=73.7%  lr=3.73e-05    15s
2026-03-22 08:32:10,464 [INFO]   ★ best 73.72%
2026-03-22 08:32:26,117 [INFO]   S2 Ep  22/100  loss=1.5465 acc=50.8%  val=74.5%  lr=3.69e-05    16s
2026-03-22 08:32:26,281 [INFO]   ★ best 74.53%
2026-03-22 08:32:40,856 [INFO]   S2 Ep  23/100  loss=1.5038 acc=52.6%  val=74.8%  lr=3.66e-05    15s
2026-03-22 08:32:41,031 [INFO]   ★ best 74.81%
2026-03-22 08:32:57,787 [INFO]   S2 Ep  24/100  loss=1.5189 acc=52.3%  val=75.7%  lr=3.62e-05    17s
2026-03-22 08:32:57,952 [INFO]   ★ best 75.72%
2026-03-22 08:33:13,056 [INFO]   S2 Ep  25/100  loss=1.5377 acc=50.9%  val=74.9%  lr=3.58e-05    15s
2026-03-22 08:33:28,648 [INFO]   S2 Ep  26/100  loss=1.5628 acc=50.1%  val=76.1%  lr=3.54e-05    16s
2026-03-22 08:33:28,840 [INFO]   ★ best 76.13%
2026-03-22 08:33:44,291 [INFO]   S2 Ep  27/100  loss=1.4791 acc=54.0%  val=75.1%  lr=3.49e-05    15s
2026-03-22 08:33:59,147 [INFO]   S2 Ep  28/100  loss=1.4576 acc=54.9%  val=75.7%  lr=3.45e-05    15s
2026-03-22 08:34:14,124 [INFO]   S2 Ep  29/100  loss=1.5606 acc=50.6%  val=75.8%  lr=3.40e-05    15s
2026-03-22 08:34:29,491 [INFO]   S2 Ep  30/100  loss=1.4470 acc=55.9%  val=75.4%  lr=3.35e-05    15s
2026-03-22 08:34:45,011 [INFO]   S2 Ep  31/100  loss=1.5235 acc=52.7%  val=76.5%  lr=3.30e-05    16s
2026-03-22 08:34:45,180 [INFO]   ★ best 76.50%
2026-03-22 08:35:00,773 [INFO]   S2 Ep  32/100  loss=1.3980 acc=57.8%  val=76.9%  lr=3.25e-05    16s
2026-03-22 08:35:00,951 [INFO]   ★ best 76.94%
2026-03-22 08:35:16,160 [INFO]   S2 Ep  33/100  loss=1.4160 acc=57.4%  val=76.6%  lr=3.20e-05    15s
2026-03-22 08:35:31,586 [INFO]   S2 Ep  34/100  loss=1.4112 acc=57.0%  val=76.7%  lr=3.15e-05    15s
2026-03-22 08:35:47,997 [INFO]   S2 Ep  35/100  loss=1.4631 acc=55.1%  val=77.1%  lr=3.09e-05    16s
2026-03-22 08:35:48,165 [INFO]   ★ best 77.08%
2026-03-22 08:36:03,439 [INFO]   S2 Ep  36/100  loss=1.4864 acc=53.5%  val=76.6%  lr=3.04e-05    15s
2026-03-22 08:36:19,318 [INFO]   S2 Ep  37/100  loss=1.3993 acc=58.0%  val=77.1%  lr=2.98e-05    16s
2026-03-22 08:36:19,517 [INFO]   ★ best 77.14%
2026-03-22 08:36:34,412 [INFO]   S2 Ep  38/100  loss=1.4852 acc=54.3%  val=77.2%  lr=2.92e-05    15s
2026-03-22 08:36:34,611 [INFO]   ★ best 77.18%
2026-03-22 08:36:49,355 [INFO]   S2 Ep  39/100  loss=1.4255 acc=56.6%  val=76.9%  lr=2.86e-05    15s
2026-03-22 08:37:04,868 [INFO]   S2 Ep  40/100  loss=1.4354 acc=56.1%  val=77.9%  lr=2.80e-05    16s
2026-03-22 08:37:05,053 [INFO]   ★ best 77.92%
2026-03-22 08:37:20,457 [INFO]   S2 Ep  41/100  loss=1.3560 acc=59.5%  val=77.2%  lr=2.74e-05    15s
2026-03-22 08:37:36,245 [INFO]   S2 Ep  42/100  loss=1.3949 acc=58.5%  val=76.8%  lr=2.68e-05    16s
2026-03-22 08:37:51,557 [INFO]   S2 Ep  43/100  loss=1.3849 acc=58.4%  val=77.0%  lr=2.62e-05    15s
2026-03-22 08:38:06,614 [INFO]   S2 Ep  44/100  loss=1.4892 acc=54.4%  val=78.3%  lr=2.55e-05    15s
2026-03-22 08:38:06,772 [INFO]   ★ best 78.33%
2026-03-22 08:38:21,924 [INFO]   S2 Ep  45/100  loss=1.4070 acc=58.0%  val=77.9%  lr=2.49e-05    15s
2026-03-22 08:38:37,613 [INFO]   S2 Ep  46/100  loss=1.4162 acc=57.2%  val=77.3%  lr=2.43e-05    16s
2026-03-22 08:38:53,283 [INFO]   S2 Ep  47/100  loss=1.3982 acc=58.1%  val=78.4%  lr=2.36e-05    16s
2026-03-22 08:38:53,462 [INFO]   ★ best 78.40%
2026-03-22 08:39:08,079 [INFO]   S2 Ep  48/100  loss=1.4069 acc=58.1%  val=78.3%  lr=2.30e-05    15s
2026-03-22 08:39:23,209 [INFO]   S2 Ep  49/100  loss=1.4198 acc=57.3%  val=78.0%  lr=2.23e-05    15s
2026-03-22 08:39:38,412 [INFO]   S2 Ep  50/100  loss=1.3874 acc=58.3%  val=78.6%  lr=2.16e-05    15s
2026-03-22 08:39:38,591 [INFO]   ★ best 78.64%
2026-03-22 08:39:54,052 [INFO]   S2 Ep  51/100  loss=1.4136 acc=58.1%  val=78.7%  lr=2.10e-05    15s
2026-03-22 08:39:54,212 [INFO]   ★ best 78.74%
2026-03-22 08:40:09,771 [INFO]   S2 Ep  52/100  loss=1.3578 acc=60.0%  val=78.9%  lr=2.03e-05    16s
2026-03-22 08:40:09,940 [INFO]   ★ best 78.94%
2026-03-22 08:40:25,721 [INFO]   S2 Ep  53/100  loss=1.3419 acc=60.7%  val=78.8%  lr=1.97e-05    16s
2026-03-22 08:40:40,955 [INFO]   S2 Ep  54/100  loss=1.3432 acc=60.9%  val=78.7%  lr=1.90e-05    15s
2026-03-22 08:40:56,591 [INFO]   S2 Ep  55/100  loss=1.3617 acc=59.4%  val=78.6%  lr=1.83e-05    16s
2026-03-22 08:41:12,321 [INFO]   S2 Ep  56/100  loss=1.3747 acc=58.9%  val=78.6%  lr=1.77e-05    16s
2026-03-22 08:41:28,096 [INFO]   S2 Ep  57/100  loss=1.4043 acc=58.1%  val=78.9%  lr=1.70e-05    16s
2026-03-22 08:41:43,680 [INFO]   S2 Ep  58/100  loss=1.3615 acc=60.0%  val=78.2%  lr=1.64e-05    16s
2026-03-22 08:41:59,249 [INFO]   S2 Ep  59/100  loss=1.3218 acc=61.7%  val=78.9%  lr=1.57e-05    16s
2026-03-22 08:42:14,671 [INFO]   S2 Ep  60/100  loss=1.3348 acc=61.3%  val=79.3%  lr=1.51e-05    15s
2026-03-22 08:42:14,836 [INFO]   ★ best 79.28%
2026-03-22 08:42:30,428 [INFO]   S2 Ep  61/100  loss=1.3442 acc=61.1%  val=79.2%  lr=1.44e-05    16s
2026-03-22 08:42:45,649 [INFO]   S2 Ep  62/100  loss=1.3650 acc=59.9%  val=78.7%  lr=1.38e-05    15s
2026-03-22 08:43:00,197 [INFO]   S2 Ep  63/100  loss=1.3012 acc=62.4%  val=79.3%  lr=1.32e-05    15s
2026-03-22 08:43:16,140 [INFO]   S2 Ep  64/100  loss=1.3723 acc=59.7%  val=79.0%  lr=1.26e-05    16s
2026-03-22 08:43:31,696 [INFO]   S2 Ep  65/100  loss=1.3441 acc=60.9%  val=78.9%  lr=1.20e-05    16s
2026-03-22 08:43:46,899 [INFO]   S2 Ep  66/100  loss=1.3332 acc=61.0%  val=79.2%  lr=1.14e-05    15s
2026-03-22 08:44:02,213 [INFO]   S2 Ep  67/100  loss=1.3848 acc=59.1%  val=79.4%  lr=1.08e-05    15s
2026-03-22 08:44:02,375 [INFO]   ★ best 79.38%
2026-03-22 08:44:17,993 [INFO]   S2 Ep  68/100  loss=1.3374 acc=61.1%  val=79.3%  lr=1.02e-05    16s
2026-03-22 08:44:32,853 [INFO]   S2 Ep  69/100  loss=1.3697 acc=60.1%  val=79.4%  lr=9.62e-06    15s
2026-03-22 08:44:33,030 [INFO]   ★ best 79.42%
2026-03-22 08:44:48,271 [INFO]   S2 Ep  70/100  loss=1.3622 acc=60.2%  val=79.2%  lr=9.06e-06    15s
2026-03-22 08:45:04,454 [INFO]   S2 Ep  71/100  loss=1.3346 acc=61.3%  val=79.4%  lr=8.51e-06    16s
2026-03-22 08:45:19,553 [INFO]   S2 Ep  72/100  loss=1.3169 acc=61.7%  val=79.2%  lr=7.98e-06    15s
2026-03-22 08:45:34,897 [INFO]   S2 Ep  73/100  loss=1.3295 acc=61.5%  val=79.2%  lr=7.45e-06    15s
2026-03-22 08:45:50,122 [INFO]   S2 Ep  74/100  loss=1.3713 acc=59.5%  val=79.6%  lr=6.95e-06    15s
2026-03-22 08:45:50,289 [INFO]   ★ best 79.55%
2026-03-22 08:46:05,630 [INFO]   S2 Ep  75/100  loss=1.3544 acc=61.0%  val=79.1%  lr=6.45e-06    15s
2026-03-22 08:46:21,157 [INFO]   S2 Ep  76/100  loss=1.3822 acc=59.0%  val=79.5%  lr=5.97e-06    16s
2026-03-22 08:46:36,801 [INFO]   S2 Ep  77/100  loss=1.2968 acc=63.0%  val=79.4%  lr=5.51e-06    16s
2026-03-22 08:46:52,297 [INFO]   S2 Ep  78/100  loss=1.3764 acc=59.4%  val=79.6%  lr=5.06e-06    15s
2026-03-22 08:46:52,468 [INFO]   ★ best 79.62%
2026-03-22 08:47:08,693 [INFO]   S2 Ep  79/100  loss=1.3238 acc=62.3%  val=79.4%  lr=4.63e-06    16s
2026-03-22 08:47:23,813 [INFO]   S2 Ep  80/100  loss=1.3708 acc=59.2%  val=79.3%  lr=4.22e-06    15s
2026-03-22 08:47:39,243 [INFO]   S2 Ep  81/100  loss=1.3270 acc=62.0%  val=79.6%  lr=3.82e-06    15s
2026-03-22 08:47:54,468 [INFO]   S2 Ep  82/100  loss=1.3338 acc=61.1%  val=79.7%  lr=3.44e-06    15s
2026-03-22 08:47:54,641 [INFO]   ★ best 79.69%
2026-03-22 08:48:09,538 [INFO]   S2 Ep  83/100  loss=1.3809 acc=59.6%  val=79.7%  lr=3.08e-06    15s
2026-03-22 08:48:24,543 [INFO]   S2 Ep  84/100  loss=1.2994 acc=62.8%  val=79.7%  lr=2.73e-06    15s
2026-03-22 08:48:24,728 [INFO]   ★ best 79.72%
2026-03-22 08:48:40,020 [INFO]   S2 Ep  85/100  loss=1.3125 acc=62.3%  val=79.7%  lr=2.41e-06    15s
2026-03-22 08:48:55,186 [INFO]   S2 Ep  86/100  loss=1.2930 acc=63.3%  val=79.6%  lr=2.11e-06    15s
2026-03-22 08:49:09,792 [INFO]   S2 Ep  87/100  loss=1.3155 acc=62.3%  val=79.6%  lr=1.82e-06    15s
2026-03-22 08:49:24,543 [INFO]   S2 Ep  88/100  loss=1.3190 acc=61.6%  val=79.8%  lr=1.55e-06    15s
2026-03-22 08:49:24,735 [INFO]   ★ best 79.76%
2026-03-22 08:49:40,882 [INFO]   S2 Ep  89/100  loss=1.4064 acc=58.0%  val=79.8%  lr=1.31e-06    16s
2026-03-22 08:49:41,061 [INFO]   ★ best 79.79%
2026-03-22 08:49:57,043 [INFO]   S2 Ep  90/100  loss=1.2387 acc=65.6%  val=79.7%  lr=1.08e-06    16s
2026-03-22 08:50:13,256 [INFO]   S2 Ep  91/100  loss=1.3074 acc=62.6%  val=79.6%  lr=8.80e-07    16s
2026-03-22 08:50:28,416 [INFO]   S2 Ep  92/100  loss=1.3650 acc=60.0%  val=79.6%  lr=6.96e-07    15s
2026-03-22 08:50:43,380 [INFO]   S2 Ep  93/100  loss=1.3027 acc=62.6%  val=79.5%  lr=5.34e-07    15s
2026-03-22 08:50:58,668 [INFO]   S2 Ep  94/100  loss=1.2779 acc=63.9%  val=79.6%  lr=3.93e-07    15s
2026-03-22 08:51:14,004 [INFO]   S2 Ep  95/100  loss=1.3807 acc=59.1%  val=79.6%  lr=2.74e-07    15s
2026-03-22 08:51:29,505 [INFO]   S2 Ep  96/100  loss=1.2794 acc=64.1%  val=79.6%  lr=1.76e-07    16s
2026-03-22 08:51:44,812 [INFO]   S2 Ep  97/100  loss=1.3388 acc=60.8%  val=79.7%  lr=9.96e-08    15s
2026-03-22 08:51:59,593 [INFO]   S2 Ep  98/100  loss=1.3154 acc=61.8%  val=79.6%  lr=4.51e-08    15s
2026-03-22 08:52:14,674 [INFO]   S2 Ep  99/100  loss=1.2984 acc=63.2%  val=79.7%  lr=1.24e-08    15s
2026-03-22 08:52:30,251 [INFO]   S2 Ep 100/100  loss=1.3000 acc=63.0%  val=79.7%  lr=1.60e-09    16s
2026-03-22 08:52:30,253 [INFO] ── Stage 3: SWA (15 ep) ──
2026-03-22 08:52:45,335 [INFO]   SWA Ep  1/15  loss=1.3854  swa_val=79.8%  15s
2026-03-22 08:53:00,528 [INFO]   SWA Ep  2/15  loss=1.3396  swa_val=79.7%  15s
2026-03-22 08:53:15,444 [INFO]   SWA Ep  3/15  loss=1.2722  swa_val=79.9%  15s
2026-03-22 08:53:30,642 [INFO]   SWA Ep  4/15  loss=1.3538  swa_val=79.8%  15s
2026-03-22 08:53:45,534 [INFO]   SWA Ep  5/15  loss=1.3386  swa_val=79.7%  15s
2026-03-22 08:54:01,324 [INFO]   SWA Ep  6/15  loss=1.2644  swa_val=79.7%  16s
2026-03-22 08:54:17,764 [INFO]   SWA Ep  7/15  loss=1.2854  swa_val=79.6%  16s
2026-03-22 08:54:42,976 [INFO]   SWA Ep  8/15  loss=1.3526  swa_val=79.6%  25s
2026-03-22 08:55:08,428 [INFO]   SWA Ep  9/15  loss=1.2923  swa_val=79.7%  25s
2026-03-22 08:55:34,396 [INFO]   SWA Ep 10/15  loss=1.3018  swa_val=79.5%  26s
2026-03-22 08:55:59,933 [INFO]   SWA Ep 11/15  loss=1.3168  swa_val=79.4%  26s
2026-03-22 08:56:15,916 [INFO]   SWA Ep 12/15  loss=1.2828  swa_val=79.4%  16s
2026-03-22 08:56:30,934 [INFO]   SWA Ep 13/15  loss=1.2802  swa_val=79.5%  15s
2026-03-22 08:56:46,072 [INFO]   SWA Ep 14/15  loss=1.3133  swa_val=79.5%  15s
2026-03-22 08:57:06,107 [INFO]   SWA Ep 15/15  loss=1.3207  swa_val=79.5%  20s
2026-03-22 08:57:09,603 [INFO]   SWA final: 79.48% (regular best: 79.79%)
2026-03-22 08:57:09,603 [INFO]   Fold 2 best: 79.79%
2026-03-22 08:57:09,615 [INFO] ================================================================
2026-03-22 08:57:09,615 [INFO] FOLD 3 / 5
2026-03-22 08:57:09,615 [INFO] ================================================================
2026-03-22 08:57:09,837 [INFO] Loading pretrained weights from Hugging Face hub (timm/convnextv2_tiny.fcmae_ft_in22k_in1k)
2026-03-22 08:57:10,060 [INFO] HTTP Request: HEAD https://huggingface.co/timm/convnextv2_tiny.fcmae_ft_in22k_in1k/resolve/main/model.safetensors "HTTP/1.1 302 Found"
2026-03-22 08:57:10,062 [INFO] [timm/convnextv2_tiny.fcmae_ft_in22k_in1k] Safe alternative available for 'pytorch_model.bin' (as 'model.safetensors'). Loading weights using safetensors.
2026-03-22 08:57:10,087 [INFO] Missing keys (head.fc.weight, head.fc.bias) discovered while loading pretrained weights. This is expected if model is being adapted.
2026-03-22 08:57:10,413 [INFO]   Born-again ← best_fold2.pt (val 91.25%)
2026-03-22 08:57:10,414 [INFO] ── Stage 1: head warmup (5 ep) ──
