2026-03-20 19:06:54,464 [INFO] GPU: NVIDIA H200
2026-03-20 19:06:54,468 [INFO] Config: {
  "data_dir": "/data/slr/track2_",
  "output_dir": "/data/slr/checkpoints_v40",
  "max_frames": 48,
  "img_size": 384,
  "n_classes": 126,
  "teacher_img_size": 224,
  "teacher_max_frames": 48,
  "channel_means": [
    -64.3217,
    -62.9119,
    -63.9254
  ],
  "channel_stds": [
    12.5721,
    11.662,
    11.7259
  ],
  "n_folds": 5,
  "batch_size": 24,
  "num_workers": 4,
  "stage1_epochs": 5,
  "stage1_lr": 0.0002,
  "stage2_epochs": 120,
  "stage2_lr": 3e-05,
  "swa_epochs": 20,
  "swa_lr": 3e-06,
  "weight_decay": 0.05,
  "warmup_pct": 0.05,
  "label_smoothing": 0.1,
  "early_stopping_patience": 40,
  "grad_clip_norm": 1.0,
  "llrd_decay": 0.75,
  "kd_alpha": 0.5,
  "kd_tau": 4.0,
  "mixup_alpha": 0.6,
  "cutmix_alpha": 1.5,
  "cutmix_prob": 0.5,
  "time_mask_max": 12,
  "range_mask_max": 40,
  "noise_std": 0.15,
  "time_warp_lo": 0.75,
  "time_warp_hi": 1.25,
  "time_reverse_prob": 0.5,
  "channel_shuffle_prob": 0.3,
  "channel_drop_prob": 0.15,
  "random_erase_prob": 0.3,
  "circ_shift_prob": 0.4,
  "circ_shift_max": 10,
  "amp_scale_prob": 0.6,
  "amp_scale_lo": 0.75,
  "amp_scale_hi": 1.25,
  "model_name": "convnextv2_tiny.fcmae_ft_in22k_in1k",
  "drop_path_rate": 0.2,
  "proj_dim": 512,
  "drop_rate": 0.3,
  "ms_dropout_samples": 5,
  "seed": 42
}
2026-03-20 19:06:54,468 [INFO] ★★★ HIGH RESOLUTION: 384×384 ★★★
2026-03-20 19:06:54,544 [INFO] Train: 14742 | Eval: 9828
2026-03-20 19:06:59,255 [INFO] Pre-computing teacher soft labels (at 224×224) …
2026-03-20 19:07:01,121 [INFO]   Loaded 5 teachers
2026-03-20 19:08:17,775 [INFO]   Soft labels: 14742
2026-03-20 19:08:17,776 [INFO] KD α=0.50 τ=4.0 | SWA 20 ep @ lr=3.0e-06 | NO PL | NATIVE RES
2026-03-20 19:08:17,780 [INFO] ================================================================
2026-03-20 19:08:17,780 [INFO] FOLD 1 / 5
2026-03-20 19:08:17,780 [INFO] ================================================================
2026-03-20 19:08:17,782 [INFO]   Train: 11793 | Val: 2949
2026-03-20 19:08:18,003 [INFO] Loading pretrained weights from Hugging Face hub (timm/convnextv2_tiny.fcmae_ft_in22k_in1k)
2026-03-20 19:08:18,148 [INFO] HTTP Request: HEAD https://huggingface.co/timm/convnextv2_tiny.fcmae_ft_in22k_in1k/resolve/main/model.safetensors "HTTP/1.1 302 Found"
2026-03-20 19:08:18,150 [INFO] [timm/convnextv2_tiny.fcmae_ft_in22k_in1k] Safe alternative available for 'pytorch_model.bin' (as 'model.safetensors'). Loading weights using safetensors.
2026-03-20 19:08:18,165 [INFO] Missing keys (head.fc.weight, head.fc.bias) discovered while loading pretrained weights. This is expected if model is being adapted.
2026-03-20 19:08:18,285 [INFO]   Born-again ← best_fold0.pt (val 90.23%)
2026-03-20 19:08:18,286 [INFO] ── Stage 1: head warmup (5 ep) ──
2026-03-20 19:09:00,277 [INFO]   S1 Ep 1/5  loss=0.6093 acc=91.0%  val=90.3%  42s
2026-03-20 19:09:00,393 [INFO]   ★ best 90.27%
2026-03-20 19:09:21,352 [INFO]   S1 Ep 2/5  loss=0.6229 acc=90.6%  val=90.4%  21s
2026-03-20 19:09:21,503 [INFO]   ★ best 90.44%
2026-03-20 19:09:42,463 [INFO]   S1 Ep 3/5  loss=0.6151 acc=91.2%  val=90.3%  21s
2026-03-20 19:10:03,424 [INFO]   S1 Ep 4/5  loss=0.6046 acc=91.4%  val=90.3%  21s
2026-03-20 19:10:24,393 [INFO]   S1 Ep 5/5  loss=0.6023 acc=91.4%  val=90.4%  21s
2026-03-20 19:10:24,393 [INFO] ── Stage 2: full fine-tune (120 ep, patience 40) ──
2026-03-20 19:10:24,394 [INFO] LLRD: 12 groups, LR [7.12e-06 … 3.00e-05]
2026-03-20 19:11:38,645 [INFO]   S2 Ep   1/120  loss=1.2668 acc=64.4%  val=90.0%  lr=3.13e-06    74s
2026-03-20 19:12:48,079 [INFO]   S2 Ep   2/120  loss=1.2503 acc=65.1%  val=89.9%  lr=8.40e-06    69s
2026-03-20 19:13:57,585 [INFO]   S2 Ep   3/120  loss=1.2571 acc=65.0%  val=89.6%  lr=1.56e-05    70s
2026-03-20 19:15:07,184 [INFO]   S2 Ep   4/120  loss=1.2588 acc=64.6%  val=88.9%  lr=2.28e-05    70s
2026-03-20 19:16:16,582 [INFO]   S2 Ep   5/120  loss=1.3104 acc=62.2%  val=89.9%  lr=2.81e-05    69s
2026-03-20 19:17:26,039 [INFO]   S2 Ep   6/120  loss=1.2952 acc=62.9%  val=89.4%  lr=3.00e-05    69s
2026-03-20 19:18:35,708 [INFO]   S2 Ep   7/120  loss=1.2952 acc=62.5%  val=89.1%  lr=3.00e-05    70s
2026-03-20 19:19:45,225 [INFO]   S2 Ep   8/120  loss=1.2577 acc=64.5%  val=88.8%  lr=3.00e-05    70s
2026-03-20 19:20:54,663 [INFO]   S2 Ep   9/120  loss=1.2777 acc=63.6%  val=88.9%  lr=2.99e-05    69s
2026-03-20 19:22:04,299 [INFO]   S2 Ep  10/120  loss=1.2507 acc=64.4%  val=89.1%  lr=2.99e-05    70s
2026-03-20 19:23:13,900 [INFO]   S2 Ep  11/120  loss=1.2587 acc=63.9%  val=88.8%  lr=2.99e-05    70s
2026-03-20 19:24:23,332 [INFO]   S2 Ep  12/120  loss=1.2453 acc=64.8%  val=88.9%  lr=2.98e-05    69s
2026-03-20 19:25:32,816 [INFO]   S2 Ep  13/120  loss=1.2535 acc=64.2%  val=89.0%  lr=2.97e-05    69s
2026-03-20 19:26:42,313 [INFO]   S2 Ep  14/120  loss=1.2792 acc=63.4%  val=88.6%  lr=2.96e-05    69s
2026-03-20 19:27:51,695 [INFO]   S2 Ep  15/120  loss=1.2345 acc=65.4%  val=88.5%  lr=2.95e-05    69s
2026-03-20 19:29:01,348 [INFO]   S2 Ep  16/120  loss=1.2617 acc=64.1%  val=88.7%  lr=2.94e-05    70s
2026-03-20 19:30:10,986 [INFO]   S2 Ep  17/120  loss=1.2265 acc=65.6%  val=88.6%  lr=2.93e-05    70s
2026-03-20 19:31:20,450 [INFO]   S2 Ep  18/120  loss=1.2551 acc=64.3%  val=88.7%  lr=2.92e-05    69s
2026-03-20 19:32:29,891 [INFO]   S2 Ep  19/120  loss=1.2554 acc=64.0%  val=89.4%  lr=2.90e-05    69s
2026-03-20 19:33:39,324 [INFO]   S2 Ep  20/120  loss=1.2242 acc=66.0%  val=88.9%  lr=2.89e-05    69s
2026-03-20 19:34:48,981 [INFO]   S2 Ep  21/120  loss=1.2534 acc=64.8%  val=88.4%  lr=2.87e-05    70s
2026-03-20 19:35:58,593 [INFO]   S2 Ep  22/120  loss=1.2570 acc=64.9%  val=88.3%  lr=2.86e-05    70s
2026-03-20 19:37:08,292 [INFO]   S2 Ep  23/120  loss=1.2666 acc=64.0%  val=88.3%  lr=2.84e-05    70s
2026-03-20 19:38:17,907 [INFO]   S2 Ep  24/120  loss=1.2736 acc=63.8%  val=88.1%  lr=2.82e-05    70s
2026-03-20 19:39:27,546 [INFO]   S2 Ep  25/120  loss=1.2484 acc=65.1%  val=88.5%  lr=2.80e-05    70s
2026-03-20 19:40:37,167 [INFO]   S2 Ep  26/120  loss=1.2589 acc=64.0%  val=89.1%  lr=2.78e-05    70s
2026-03-20 19:41:46,546 [INFO]   S2 Ep  27/120  loss=1.2454 acc=64.9%  val=89.2%  lr=2.76e-05    69s
2026-03-20 19:42:55,915 [INFO]   S2 Ep  28/120  loss=1.2369 acc=65.4%  val=89.1%  lr=2.73e-05    69s
2026-03-20 19:44:05,289 [INFO]   S2 Ep  29/120  loss=1.2244 acc=65.9%  val=88.9%  lr=2.71e-05    69s
2026-03-20 19:45:14,700 [INFO]   S2 Ep  30/120  loss=1.2099 acc=66.3%  val=88.1%  lr=2.68e-05    69s
2026-03-20 19:46:24,040 [INFO]   S2 Ep  31/120  loss=1.2527 acc=64.4%  val=89.1%  lr=2.66e-05    69s
2026-03-20 19:47:33,443 [INFO]   S2 Ep  32/120  loss=1.2576 acc=64.4%  val=88.8%  lr=2.63e-05    69s
2026-03-20 19:48:42,882 [INFO]   S2 Ep  33/120  loss=1.2258 acc=65.9%  val=88.5%  lr=2.60e-05    69s
2026-03-20 19:49:52,367 [INFO]   S2 Ep  34/120  loss=1.2310 acc=65.7%  val=88.5%  lr=2.58e-05    69s
2026-03-20 19:51:01,866 [INFO]   S2 Ep  35/120  loss=1.2276 acc=65.7%  val=88.7%  lr=2.55e-05    69s
2026-03-20 19:52:11,332 [INFO]   S2 Ep  36/120  loss=1.2260 acc=66.0%  val=88.6%  lr=2.52e-05    69s
2026-03-20 19:53:20,744 [INFO]   S2 Ep  37/120  loss=1.2195 acc=65.7%  val=88.9%  lr=2.49e-05    69s
2026-03-20 19:54:30,039 [INFO]   S2 Ep  38/120  loss=1.2453 acc=64.6%  val=88.9%  lr=2.45e-05    69s
2026-03-20 19:55:39,514 [INFO]   S2 Ep  39/120  loss=1.2294 acc=65.3%  val=88.7%  lr=2.42e-05    69s
2026-03-20 19:56:48,963 [INFO]   S2 Ep  40/120  loss=1.1861 acc=67.3%  val=89.2%  lr=2.39e-05    69s
2026-03-20 19:56:48,963 [INFO]   Early stop at ep 40
2026-03-20 19:56:48,964 [INFO] ── Stage 3: SWA (20 ep, lr=3.0e-06) ──
2026-03-20 19:57:58,658 [INFO]   SWA Ep  1/20  loss=1.3039  swa_val=90.1%  70s
2026-03-20 19:59:08,183 [INFO]   SWA Ep  2/20  loss=1.2543  swa_val=90.3%  70s
2026-03-20 20:00:17,741 [INFO]   SWA Ep  3/20  loss=1.2633  swa_val=90.3%  70s
2026-03-20 20:01:27,107 [INFO]   SWA Ep  4/20  loss=1.2322  swa_val=90.4%  69s
2026-03-20 20:02:36,614 [INFO]   SWA Ep  5/20  loss=1.2501  swa_val=90.4%  70s
2026-03-20 20:03:46,117 [INFO]   SWA Ep  6/20  loss=1.2375  swa_val=90.2%  70s
2026-03-20 20:04:55,412 [INFO]   SWA Ep  7/20  loss=1.2683  swa_val=90.2%  69s
2026-03-20 20:06:04,809 [INFO]   SWA Ep  8/20  loss=1.2534  swa_val=90.3%  69s
2026-03-20 20:07:14,108 [INFO]   SWA Ep  9/20  loss=1.2472  swa_val=90.2%  69s
2026-03-20 20:08:23,364 [INFO]   SWA Ep 10/20  loss=1.2542  swa_val=90.2%  69s
2026-03-20 20:09:32,707 [INFO]   SWA Ep 11/20  loss=1.2621  swa_val=90.2%  69s
2026-03-20 20:10:42,032 [INFO]   SWA Ep 12/20  loss=1.2551  swa_val=90.2%  69s
2026-03-20 20:11:51,465 [INFO]   SWA Ep 13/20  loss=1.2292  swa_val=90.1%  69s
2026-03-20 20:13:00,932 [INFO]   SWA Ep 14/20  loss=1.2541  swa_val=90.2%  69s
2026-03-20 20:14:10,424 [INFO]   SWA Ep 15/20  loss=1.2639  swa_val=90.3%  69s
2026-03-20 20:15:19,916 [INFO]   SWA Ep 16/20  loss=1.2424  swa_val=90.3%  69s
2026-03-20 20:16:29,331 [INFO]   SWA Ep 17/20  loss=1.2407  swa_val=90.2%  69s
2026-03-20 20:17:38,771 [INFO]   SWA Ep 18/20  loss=1.2456  swa_val=90.3%  69s
2026-03-20 20:18:48,126 [INFO]   SWA Ep 19/20  loss=1.2701  swa_val=90.3%  69s
2026-03-20 20:19:57,390 [INFO]   SWA Ep 20/20  loss=1.2403  swa_val=90.3%  69s
2026-03-20 20:19:57,390 [INFO]   Updating BN stats for SWA model …
2026-03-20 20:20:01,297 [INFO]   SWA final: 90.27% (regular best: 90.44%)
2026-03-20 20:20:01,297 [INFO]   Fold 1 best: 90.44%
2026-03-20 20:20:02,827 [INFO] ================================================================
2026-03-20 20:20:02,827 [INFO] FOLD 2 / 5
2026-03-20 20:20:02,827 [INFO] ================================================================
2026-03-20 20:20:02,829 [INFO]   Train: 11793 | Val: 2949
2026-03-20 20:20:03,053 [INFO] Loading pretrained weights from Hugging Face hub (timm/convnextv2_tiny.fcmae_ft_in22k_in1k)
2026-03-20 20:20:03,244 [INFO] HTTP Request: HEAD https://huggingface.co/timm/convnextv2_tiny.fcmae_ft_in22k_in1k/resolve/main/model.safetensors "HTTP/1.1 302 Found"
2026-03-20 20:20:03,246 [INFO] [timm/convnextv2_tiny.fcmae_ft_in22k_in1k] Safe alternative available for 'pytorch_model.bin' (as 'model.safetensors'). Loading weights using safetensors.
2026-03-20 20:20:03,261 [INFO] Missing keys (head.fc.weight, head.fc.bias) discovered while loading pretrained weights. This is expected if model is being adapted.
2026-03-20 20:20:03,364 [INFO]   Born-again ← best_fold1.pt (val 89.11%)
2026-03-20 20:20:03,364 [INFO] ── Stage 1: head warmup (5 ep) ──
2026-03-20 20:20:27,686 [INFO]   S1 Ep 1/5  loss=0.5688 acc=93.2%  val=89.0%  24s
2026-03-20 20:20:27,812 [INFO]   ★ best 88.98%
2026-03-20 20:20:48,485 [INFO]   S1 Ep 2/5  loss=0.5864 acc=92.7%  val=89.0%  21s
2026-03-20 20:21:09,511 [INFO]   S1 Ep 3/5  loss=0.5851 acc=92.9%  val=88.9%  21s
2026-03-20 20:21:30,520 [INFO]   S1 Ep 4/5  loss=0.5846 acc=92.3%  val=89.0%  21s
2026-03-20 20:21:51,245 [INFO]   S1 Ep 5/5  loss=0.5690 acc=93.2%  val=89.1%  21s
2026-03-20 20:21:51,409 [INFO]   ★ best 89.08%
2026-03-20 20:21:51,410 [INFO] ── Stage 2: full fine-tune (120 ep, patience 40) ──
2026-03-20 20:21:51,411 [INFO] LLRD: 12 groups, LR [7.12e-06 … 3.00e-05]
2026-03-20 20:23:00,887 [INFO]   S2 Ep   1/120  loss=1.2282 acc=65.6%  val=88.8%  lr=3.13e-06    69s
2026-03-20 20:24:10,149 [INFO]   S2 Ep   2/120  loss=1.2139 acc=66.6%  val=88.6%  lr=8.40e-06    69s
2026-03-20 20:25:19,390 [INFO]   S2 Ep   3/120  loss=1.2282 acc=65.9%  val=88.6%  lr=1.56e-05    69s
2026-03-20 20:26:28,890 [INFO]   S2 Ep   4/120  loss=1.2844 acc=63.6%  val=88.5%  lr=2.28e-05    69s
2026-03-20 20:27:38,406 [INFO]   S2 Ep   5/120  loss=1.2653 acc=64.3%  val=88.0%  lr=2.81e-05    70s
2026-03-20 20:28:47,910 [INFO]   S2 Ep   6/120  loss=1.2174 acc=66.7%  val=88.6%  lr=3.00e-05    70s
2026-03-20 20:29:57,288 [INFO]   S2 Ep   7/120  loss=1.2781 acc=63.6%  val=88.2%  lr=3.00e-05    69s
2026-03-20 20:31:06,567 [INFO]   S2 Ep   8/120  loss=1.2574 acc=64.4%  val=88.1%  lr=3.00e-05    69s
2026-03-20 20:32:15,792 [INFO]   S2 Ep   9/120  loss=1.2834 acc=63.7%  val=88.4%  lr=2.99e-05    69s
2026-03-20 20:33:25,110 [INFO]   S2 Ep  10/120  loss=1.2447 acc=65.2%  val=88.2%  lr=2.99e-05    69s
2026-03-20 20:34:34,521 [INFO]   S2 Ep  11/120  loss=1.2617 acc=64.3%  val=88.2%  lr=2.99e-05    69s
2026-03-20 20:35:43,813 [INFO]   S2 Ep  12/120  loss=1.2613 acc=64.4%  val=87.9%  lr=2.98e-05    69s
2026-03-20 20:36:53,098 [INFO]   S2 Ep  13/120  loss=1.2170 acc=66.4%  val=87.4%  lr=2.97e-05    69s
2026-03-20 20:38:02,480 [INFO]   S2 Ep  14/120  loss=1.2253 acc=65.9%  val=88.1%  lr=2.96e-05    69s
2026-03-20 20:39:11,800 [INFO]   S2 Ep  15/120  loss=1.2856 acc=62.9%  val=88.0%  lr=2.95e-05    69s
2026-03-20 20:40:21,077 [INFO]   S2 Ep  16/120  loss=1.2507 acc=64.7%  val=88.0%  lr=2.94e-05    69s
2026-03-20 20:41:30,480 [INFO]   S2 Ep  17/120  loss=1.2566 acc=64.2%  val=88.4%  lr=2.93e-05    69s
2026-03-20 20:42:39,816 [INFO]   S2 Ep  18/120  loss=1.2348 acc=65.6%  val=88.2%  lr=2.92e-05    69s
2026-03-20 20:43:49,279 [INFO]   S2 Ep  19/120  loss=1.2286 acc=65.7%  val=87.5%  lr=2.90e-05    69s
2026-03-20 20:44:58,562 [INFO]   S2 Ep  20/120  loss=1.2467 acc=64.9%  val=88.2%  lr=2.89e-05    69s
2026-03-20 20:46:08,078 [INFO]   S2 Ep  21/120  loss=1.1946 acc=67.3%  val=87.7%  lr=2.87e-05    70s
2026-03-20 20:47:17,590 [INFO]   S2 Ep  22/120  loss=1.2470 acc=65.1%  val=88.0%  lr=2.86e-05    70s
2026-03-20 20:48:27,095 [INFO]   S2 Ep  23/120  loss=1.2603 acc=64.1%  val=87.5%  lr=2.84e-05    70s
2026-03-20 20:49:36,461 [INFO]   S2 Ep  24/120  loss=1.2441 acc=64.8%  val=88.4%  lr=2.82e-05    69s
2026-03-20 20:50:45,817 [INFO]   S2 Ep  25/120  loss=1.2526 acc=64.9%  val=88.3%  lr=2.80e-05    69s
2026-03-20 20:51:55,021 [INFO]   S2 Ep  26/120  loss=1.2299 acc=65.7%  val=88.2%  lr=2.78e-05    69s
2026-03-20 20:53:04,238 [INFO]   S2 Ep  27/120  loss=1.2340 acc=65.0%  val=87.9%  lr=2.76e-05    69s
2026-03-20 20:54:13,485 [INFO]   S2 Ep  28/120  loss=1.2283 acc=65.5%  val=88.2%  lr=2.73e-05    69s
2026-03-20 20:55:22,776 [INFO]   S2 Ep  29/120  loss=1.2333 acc=65.1%  val=87.8%  lr=2.71e-05    69s
2026-03-20 20:56:32,270 [INFO]   S2 Ep  30/120  loss=1.2117 acc=66.1%  val=88.1%  lr=2.68e-05    69s
2026-03-20 20:57:41,758 [INFO]   S2 Ep  31/120  loss=1.2281 acc=65.2%  val=88.4%  lr=2.66e-05    69s
2026-03-20 20:58:51,142 [INFO]   S2 Ep  32/120  loss=1.2118 acc=66.6%  val=88.1%  lr=2.63e-05    69s
2026-03-20 21:00:00,639 [INFO]   S2 Ep  33/120  loss=1.2331 acc=65.7%  val=87.7%  lr=2.60e-05    69s
2026-03-20 21:01:10,049 [INFO]   S2 Ep  34/120  loss=1.2411 acc=64.9%  val=87.8%  lr=2.58e-05    69s
2026-03-20 21:02:19,320 [INFO]   S2 Ep  35/120  loss=1.2238 acc=65.7%  val=88.1%  lr=2.55e-05    69s
2026-03-20 21:03:28,606 [INFO]   S2 Ep  36/120  loss=1.2090 acc=66.8%  val=87.8%  lr=2.52e-05    69s
2026-03-20 21:04:37,937 [INFO]   S2 Ep  37/120  loss=1.2260 acc=65.6%  val=87.7%  lr=2.49e-05    69s
2026-03-20 21:05:47,325 [INFO]   S2 Ep  38/120  loss=1.2261 acc=65.3%  val=88.3%  lr=2.45e-05    69s
2026-03-20 21:06:56,650 [INFO]   S2 Ep  39/120  loss=1.2295 acc=65.3%  val=88.0%  lr=2.42e-05    69s
2026-03-20 21:08:05,986 [INFO]   S2 Ep  40/120  loss=1.2396 acc=65.2%  val=87.7%  lr=2.39e-05    69s
2026-03-20 21:08:05,986 [INFO]   Early stop at ep 40
2026-03-20 21:08:05,987 [INFO] ── Stage 3: SWA (20 ep, lr=3.0e-06) ──
2026-03-20 21:09:15,535 [INFO]   SWA Ep  1/20  loss=1.2102  swa_val=88.8%  69s
2026-03-20 21:10:24,966 [INFO]   SWA Ep  2/20  loss=1.2405  swa_val=88.8%  69s
2026-03-20 21:11:34,456 [INFO]   SWA Ep  3/20  loss=1.2681  swa_val=88.6%  69s
2026-03-20 21:12:43,869 [INFO]   SWA Ep  4/20  loss=1.2563  swa_val=88.6%  69s
2026-03-20 21:13:53,243 [INFO]   SWA Ep  5/20  loss=1.2319  swa_val=88.7%  69s
2026-03-20 21:15:02,734 [INFO]   SWA Ep  6/20  loss=1.2403  swa_val=88.7%  69s
2026-03-20 21:16:12,033 [INFO]   SWA Ep  7/20  loss=1.2153  swa_val=88.7%  69s
2026-03-20 21:17:21,310 [INFO]   SWA Ep  8/20  loss=1.2452  swa_val=88.7%  69s
2026-03-20 21:18:30,570 [INFO]   SWA Ep  9/20  loss=1.2428  swa_val=88.8%  69s
2026-03-20 21:19:39,813 [INFO]   SWA Ep 10/20  loss=1.2330  swa_val=88.7%  69s
2026-03-20 21:20:49,203 [INFO]   SWA Ep 11/20  loss=1.2276  swa_val=88.8%  69s
2026-03-20 21:21:58,692 [INFO]   SWA Ep 12/20  loss=1.2171  swa_val=88.8%  69s
2026-03-20 21:23:08,095 [INFO]   SWA Ep 13/20  loss=1.2279  swa_val=88.9%  69s
2026-03-20 21:24:17,485 [INFO]   SWA Ep 14/20  loss=1.2293  swa_val=88.8%  69s
2026-03-20 21:25:26,829 [INFO]   SWA Ep 15/20  loss=1.2104  swa_val=88.8%  69s
2026-03-20 21:26:36,270 [INFO]   SWA Ep 16/20  loss=1.2114  swa_val=88.8%  69s
2026-03-20 21:27:45,708 [INFO]   SWA Ep 17/20  loss=1.2358  swa_val=88.9%  69s
2026-03-20 21:28:55,137 [INFO]   SWA Ep 18/20  loss=1.2264  swa_val=89.0%  69s
2026-03-20 21:30:04,544 [INFO]   SWA Ep 19/20  loss=1.2264  swa_val=88.9%  69s
2026-03-20 21:31:14,034 [INFO]   SWA Ep 20/20  loss=1.2259  swa_val=89.0%  69s
2026-03-20 21:31:14,034 [INFO]   Updating BN stats for SWA model …
2026-03-20 21:31:17,989 [INFO]   SWA final: 88.98% (regular best: 89.08%)
2026-03-20 21:31:17,989 [INFO]   Fold 2 best: 89.08%
2026-03-20 21:31:19,806 [INFO] ================================================================
2026-03-20 21:31:19,806 [INFO] FOLD 3 / 5
2026-03-20 21:31:19,806 [INFO] ================================================================
2026-03-20 21:31:19,808 [INFO]   Train: 11794 | Val: 2948
2026-03-20 21:31:20,030 [INFO] Loading pretrained weights from Hugging Face hub (timm/convnextv2_tiny.fcmae_ft_in22k_in1k)
2026-03-20 21:31:20,220 [INFO] HTTP Request: HEAD https://huggingface.co/timm/convnextv2_tiny.fcmae_ft_in22k_in1k/resolve/main/model.safetensors "HTTP/1.1 302 Found"
2026-03-20 21:31:20,222 [INFO] [timm/convnextv2_tiny.fcmae_ft_in22k_in1k] Safe alternative available for 'pytorch_model.bin' (as 'model.safetensors'). Loading weights using safetensors.
2026-03-20 21:31:20,237 [INFO] Missing keys (head.fc.weight, head.fc.bias) discovered while loading pretrained weights. This is expected if model is being adapted.
2026-03-20 21:31:20,360 [INFO]   Born-again ← best_fold2.pt (val 90.33%)
2026-03-20 21:31:20,361 [INFO] ── Stage 1: head warmup (5 ep) ──
2026-03-20 21:31:50,486 [INFO]   S1 Ep 1/5  loss=0.5728 acc=92.9%  val=90.2%  30s
2026-03-20 21:31:50,647 [INFO]   ★ best 90.23%
2026-03-20 21:32:11,631 [INFO]   S1 Ep 2/5  loss=0.5822 acc=92.7%  val=90.2%  21s
2026-03-20 21:32:32,497 [INFO]   S1 Ep 3/5  loss=0.5826 acc=92.7%  val=90.1%  21s
2026-03-20 21:32:53,378 [INFO]   S1 Ep 4/5  loss=0.5814 acc=92.6%  val=90.3%  21s
2026-03-20 21:32:53,555 [INFO]   ★ best 90.33%
2026-03-20 21:33:14,472 [INFO]   S1 Ep 5/5  loss=0.5729 acc=92.9%  val=90.3%  21s
2026-03-20 21:33:14,472 [INFO] ── Stage 2: full fine-tune (120 ep, patience 40) ──
2026-03-20 21:33:14,473 [INFO] LLRD: 12 groups, LR [7.12e-06 … 3.00e-05]
2026-03-20 21:34:24,267 [INFO]   S2 Ep   1/120  loss=1.2671 acc=64.1%  val=90.2%  lr=3.13e-06    70s
2026-03-20 21:35:34,008 [INFO]   S2 Ep   2/120  loss=1.2615 acc=64.7%  val=90.1%  lr=8.40e-06    70s
2026-03-20 21:36:43,755 [INFO]   S2 Ep   3/120  loss=1.2300 acc=65.9%  val=89.9%  lr=1.56e-05    70s
2026-03-20 21:37:53,510 [INFO]   S2 Ep   4/120  loss=1.2605 acc=64.2%  val=89.4%  lr=2.28e-05    70s
2026-03-20 21:39:03,221 [INFO]   S2 Ep   5/120  loss=1.2756 acc=63.6%  val=89.3%  lr=2.81e-05    70s
2026-03-20 21:40:12,880 [INFO]   S2 Ep   6/120  loss=1.2457 acc=65.1%  val=89.3%  lr=3.00e-05    70s
2026-03-20 21:41:22,594 [INFO]   S2 Ep   7/120  loss=1.2506 acc=64.7%  val=89.8%  lr=3.00e-05    70s
2026-03-20 21:42:32,400 [INFO]   S2 Ep   8/120  loss=1.2755 acc=63.2%  val=88.9%  lr=3.00e-05    70s
2026-03-20 21:43:42,110 [INFO]   S2 Ep   9/120  loss=1.2518 acc=64.9%  val=89.5%  lr=2.99e-05    70s
2026-03-20 21:44:51,743 [INFO]   S2 Ep  10/120  loss=1.2531 acc=64.7%  val=89.0%  lr=2.99e-05    70s
2026-03-20 21:46:01,341 [INFO]   S2 Ep  11/120  loss=1.2431 acc=65.4%  val=88.6%  lr=2.99e-05    70s
2026-03-20 21:47:10,962 [INFO]   S2 Ep  12/120  loss=1.2659 acc=63.8%  val=89.0%  lr=2.98e-05    70s
2026-03-20 21:48:20,553 [INFO]   S2 Ep  13/120  loss=1.2400 acc=65.3%  val=89.0%  lr=2.97e-05    70s
2026-03-20 21:49:30,151 [INFO]   S2 Ep  14/120  loss=1.2599 acc=64.0%  val=89.1%  lr=2.96e-05    70s
2026-03-20 21:50:39,732 [INFO]   S2 Ep  15/120  loss=1.2593 acc=64.3%  val=89.1%  lr=2.95e-05    70s
2026-03-20 21:51:49,297 [INFO]   S2 Ep  16/120  loss=1.2521 acc=64.7%  val=89.0%  lr=2.94e-05    70s
2026-03-20 21:52:58,651 [INFO]   S2 Ep  17/120  loss=1.2374 acc=65.3%  val=89.1%  lr=2.93e-05    69s
2026-03-20 21:54:07,991 [INFO]   S2 Ep  18/120  loss=1.2445 acc=65.4%  val=88.4%  lr=2.92e-05    69s
2026-03-20 21:55:17,460 [INFO]   S2 Ep  19/120  loss=1.2484 acc=64.8%  val=88.9%  lr=2.90e-05    69s
2026-03-20 21:56:26,935 [INFO]   S2 Ep  20/120  loss=1.2551 acc=64.5%  val=88.6%  lr=2.89e-05    69s
2026-03-20 21:57:36,471 [INFO]   S2 Ep  21/120  loss=1.2334 acc=65.4%  val=88.8%  lr=2.87e-05    70s
2026-03-20 21:58:46,021 [INFO]   S2 Ep  22/120  loss=1.2259 acc=65.6%  val=88.4%  lr=2.86e-05    70s
2026-03-20 21:59:55,435 [INFO]   S2 Ep  23/120  loss=1.2461 acc=64.7%  val=88.7%  lr=2.84e-05    69s
2026-03-20 22:01:04,978 [INFO]   S2 Ep  24/120  loss=1.2165 acc=66.2%  val=88.0%  lr=2.82e-05    70s
2026-03-20 22:02:14,490 [INFO]   S2 Ep  25/120  loss=1.2191 acc=66.0%  val=88.6%  lr=2.80e-05    70s
2026-03-20 22:03:23,941 [INFO]   S2 Ep  26/120  loss=1.2347 acc=64.9%  val=88.7%  lr=2.78e-05    69s
2026-03-20 22:04:33,404 [INFO]   S2 Ep  27/120  loss=1.2272 acc=65.8%  val=88.8%  lr=2.76e-05    69s
2026-03-20 22:05:42,789 [INFO]   S2 Ep  28/120  loss=1.2554 acc=64.1%  val=88.5%  lr=2.73e-05    69s
2026-03-20 22:06:52,158 [INFO]   S2 Ep  29/120  loss=1.1994 acc=66.7%  val=89.3%  lr=2.71e-05    69s
2026-03-20 22:08:01,787 [INFO]   S2 Ep  30/120  loss=1.2447 acc=64.7%  val=89.3%  lr=2.68e-05    70s
2026-03-20 22:09:11,195 [INFO]   S2 Ep  31/120  loss=1.2207 acc=65.6%  val=89.3%  lr=2.66e-05    69s
2026-03-20 22:10:20,574 [INFO]   S2 Ep  32/120  loss=1.2533 acc=64.6%  val=89.7%  lr=2.63e-05    69s
2026-03-20 22:11:29,985 [INFO]   S2 Ep  33/120  loss=1.2324 acc=65.1%  val=89.4%  lr=2.60e-05    69s
2026-03-20 22:12:39,559 [INFO]   S2 Ep  34/120  loss=1.2096 acc=66.7%  val=89.2%  lr=2.58e-05    70s
2026-03-20 22:13:49,157 [INFO]   S2 Ep  35/120  loss=1.1861 acc=67.3%  val=89.2%  lr=2.55e-05    70s
2026-03-20 22:14:58,566 [INFO]   S2 Ep  36/120  loss=1.2056 acc=66.5%  val=89.1%  lr=2.52e-05    69s
2026-03-20 22:16:08,128 [INFO]   S2 Ep  37/120  loss=1.2239 acc=66.0%  val=89.2%  lr=2.49e-05    70s
2026-03-20 22:17:17,698 [INFO]   S2 Ep  38/120  loss=1.2237 acc=65.2%  val=89.0%  lr=2.45e-05    70s
2026-03-20 22:18:27,426 [INFO]   S2 Ep  39/120  loss=1.2126 acc=66.2%  val=89.3%  lr=2.42e-05    70s
2026-03-20 22:19:37,032 [INFO]   S2 Ep  40/120  loss=1.2199 acc=65.9%  val=89.5%  lr=2.39e-05    70s
2026-03-20 22:19:37,033 [INFO]   Early stop at ep 40
2026-03-20 22:19:37,033 [INFO] ── Stage 3: SWA (20 ep, lr=3.0e-06) ──
2026-03-20 22:20:46,723 [INFO]   SWA Ep  1/20  loss=1.2567  swa_val=90.0%  70s
2026-03-20 22:21:56,227 [INFO]   SWA Ep  2/20  loss=1.2324  swa_val=90.1%  70s
2026-03-20 22:23:05,910 [INFO]   SWA Ep  3/20  loss=1.2150  swa_val=90.2%  70s
2026-03-20 22:24:15,246 [INFO]   SWA Ep  4/20  loss=1.2294  swa_val=90.2%  69s
2026-03-20 22:25:24,840 [INFO]   SWA Ep  5/20  loss=1.2401  swa_val=90.3%  70s
2026-03-20 22:26:34,410 [INFO]   SWA Ep  6/20  loss=1.2348  swa_val=90.2%  70s
2026-03-20 22:27:43,751 [INFO]   SWA Ep  7/20  loss=1.2345  swa_val=90.1%  69s
2026-03-20 22:28:53,297 [INFO]   SWA Ep  8/20  loss=1.2521  swa_val=90.1%  70s
2026-03-20 22:30:02,908 [INFO]   SWA Ep  9/20  loss=1.2363  swa_val=90.0%  70s
2026-03-20 22:31:12,462 [INFO]   SWA Ep 10/20  loss=1.2486  swa_val=90.0%  70s
2026-03-20 22:32:22,065 [INFO]   SWA Ep 11/20  loss=1.2277  swa_val=90.0%  70s
2026-03-20 22:33:31,383 [INFO]   SWA Ep 12/20  loss=1.2490  swa_val=90.1%  69s
2026-03-20 22:34:40,683 [INFO]   SWA Ep 13/20  loss=1.2260  swa_val=90.1%  69s
2026-03-20 22:35:50,090 [INFO]   SWA Ep 14/20  loss=1.2283  swa_val=90.2%  69s
2026-03-20 22:36:59,467 [INFO]   SWA Ep 15/20  loss=1.2223  swa_val=90.2%  69s
2026-03-20 22:38:08,931 [INFO]   SWA Ep 16/20  loss=1.2347  swa_val=90.2%  69s
2026-03-20 22:39:18,380 [INFO]   SWA Ep 17/20  loss=1.2265  swa_val=90.2%  69s
2026-03-20 22:40:27,847 [INFO]   SWA Ep 18/20  loss=1.2230  swa_val=90.2%  69s
2026-03-20 22:41:37,307 [INFO]   SWA Ep 19/20  loss=1.2142  swa_val=90.2%  69s
2026-03-20 22:42:46,799 [INFO]   SWA Ep 20/20  loss=1.2454  swa_val=90.1%  69s
2026-03-20 22:42:46,799 [INFO]   Updating BN stats for SWA model …
2026-03-20 22:42:50,781 [INFO]   SWA final: 90.13% (regular best: 90.33%)
2026-03-20 22:42:50,782 [INFO]   Fold 3 best: 90.33%
2026-03-20 22:42:52,381 [INFO] ================================================================
2026-03-20 22:42:52,382 [INFO] FOLD 4 / 5
2026-03-20 22:42:52,382 [INFO] ================================================================
2026-03-20 22:42:52,384 [INFO]   Train: 11794 | Val: 2948
2026-03-20 22:42:52,610 [INFO] Loading pretrained weights from Hugging Face hub (timm/convnextv2_tiny.fcmae_ft_in22k_in1k)
2026-03-20 22:42:52,754 [INFO] HTTP Request: HEAD https://huggingface.co/timm/convnextv2_tiny.fcmae_ft_in22k_in1k/resolve/main/model.safetensors "HTTP/1.1 302 Found"
2026-03-20 22:42:52,756 [INFO] [timm/convnextv2_tiny.fcmae_ft_in22k_in1k] Safe alternative available for 'pytorch_model.bin' (as 'model.safetensors'). Loading weights using safetensors.
2026-03-20 22:42:52,771 [INFO] Missing keys (head.fc.weight, head.fc.bias) discovered while loading pretrained weights. This is expected if model is being adapted.
2026-03-20 22:42:52,883 [INFO]   Born-again ← best_fold3.pt (val 90.54%)
2026-03-20 22:42:52,884 [INFO] ── Stage 1: head warmup (5 ep) ──
2026-03-20 22:43:17,316 [INFO]   S1 Ep 1/5  loss=0.5716 acc=93.1%  val=90.4%  24s
2026-03-20 22:43:17,455 [INFO]   ★ best 90.40%
2026-03-20 22:43:38,351 [INFO]   S1 Ep 2/5  loss=0.5828 acc=92.9%  val=90.5%  21s
2026-03-20 22:43:38,520 [INFO]   ★ best 90.50%
2026-03-20 22:43:59,463 [INFO]   S1 Ep 3/5  loss=0.5882 acc=92.4%  val=90.6%  21s
2026-03-20 22:43:59,647 [INFO]   ★ best 90.57%
2026-03-20 22:44:20,546 [INFO]   S1 Ep 4/5  loss=0.5728 acc=93.0%  val=90.5%  21s
2026-03-20 22:44:41,474 [INFO]   S1 Ep 5/5  loss=0.5708 acc=93.1%  val=90.5%  21s
2026-03-20 22:44:41,474 [INFO] ── Stage 2: full fine-tune (120 ep, patience 40) ──
2026-03-20 22:44:41,475 [INFO] LLRD: 12 groups, LR [7.12e-06 … 3.00e-05]
2026-03-20 22:45:50,938 [INFO]   S2 Ep   1/120  loss=1.2294 acc=65.5%  val=90.5%  lr=3.13e-06    69s
2026-03-20 22:47:00,432 [INFO]   S2 Ep   2/120  loss=1.2571 acc=64.5%  val=90.2%  lr=8.40e-06    69s
2026-03-20 22:48:09,990 [INFO]   S2 Ep   3/120  loss=1.2283 acc=66.1%  val=89.9%  lr=1.56e-05    70s
2026-03-20 22:49:19,483 [INFO]   S2 Ep   4/120  loss=1.2349 acc=65.0%  val=89.9%  lr=2.28e-05    69s
2026-03-20 22:50:28,993 [INFO]   S2 Ep   5/120  loss=1.2767 acc=63.4%  val=89.2%  lr=2.81e-05    70s
2026-03-20 22:51:38,464 [INFO]   S2 Ep   6/120  loss=1.2621 acc=64.5%  val=88.9%  lr=3.00e-05    69s
2026-03-20 22:52:47,945 [INFO]   S2 Ep   7/120  loss=1.2656 acc=64.3%  val=88.8%  lr=3.00e-05    69s
2026-03-20 22:53:57,490 [INFO]   S2 Ep   8/120  loss=1.2718 acc=63.6%  val=88.6%  lr=3.00e-05    70s
2026-03-20 22:55:07,053 [INFO]   S2 Ep   9/120  loss=1.2517 acc=64.9%  val=89.2%  lr=2.99e-05    70s
2026-03-20 22:56:16,586 [INFO]   S2 Ep  10/120  loss=1.2561 acc=64.8%  val=89.0%  lr=2.99e-05    70s
2026-03-20 22:57:26,143 [INFO]   S2 Ep  11/120  loss=1.2636 acc=64.5%  val=89.0%  lr=2.99e-05    70s
2026-03-20 22:58:35,686 [INFO]   S2 Ep  12/120  loss=1.2775 acc=63.2%  val=89.5%  lr=2.98e-05    70s
2026-03-20 22:59:45,151 [INFO]   S2 Ep  13/120  loss=1.2399 acc=65.5%  val=89.3%  lr=2.97e-05    69s
2026-03-20 23:00:54,620 [INFO]   S2 Ep  14/120  loss=1.2313 acc=65.7%  val=89.4%  lr=2.96e-05    69s
2026-03-20 23:02:04,142 [INFO]   S2 Ep  15/120  loss=1.2573 acc=64.5%  val=88.5%  lr=2.95e-05    70s
2026-03-20 23:03:13,656 [INFO]   S2 Ep  16/120  loss=1.2386 acc=65.1%  val=88.5%  lr=2.94e-05    70s
2026-03-20 23:04:23,110 [INFO]   S2 Ep  17/120  loss=1.2315 acc=65.7%  val=89.0%  lr=2.93e-05    69s
2026-03-20 23:05:32,650 [INFO]   S2 Ep  18/120  loss=1.2386 acc=65.3%  val=89.2%  lr=2.92e-05    70s
2026-03-20 23:06:42,119 [INFO]   S2 Ep  19/120  loss=1.2286 acc=65.6%  val=89.5%  lr=2.90e-05    69s
2026-03-20 23:07:51,711 [INFO]   S2 Ep  20/120  loss=1.2507 acc=64.7%  val=88.8%  lr=2.89e-05    70s
2026-03-20 23:09:01,189 [INFO]   S2 Ep  21/120  loss=1.2492 acc=64.7%  val=89.5%  lr=2.87e-05    69s
2026-03-20 23:10:10,722 [INFO]   S2 Ep  22/120  loss=1.2257 acc=66.0%  val=89.3%  lr=2.86e-05    70s
2026-03-20 23:11:20,255 [INFO]   S2 Ep  23/120  loss=1.2363 acc=65.5%  val=89.3%  lr=2.84e-05    70s
2026-03-20 23:12:29,751 [INFO]   S2 Ep  24/120  loss=1.2424 acc=64.6%  val=89.3%  lr=2.82e-05    69s
2026-03-20 23:13:39,275 [INFO]   S2 Ep  25/120  loss=1.2347 acc=65.3%  val=89.4%  lr=2.80e-05    70s
2026-03-20 23:14:48,829 [INFO]   S2 Ep  26/120  loss=1.2300 acc=65.3%  val=89.5%  lr=2.78e-05    70s
2026-03-20 23:15:58,366 [INFO]   S2 Ep  27/120  loss=1.2481 acc=64.6%  val=89.1%  lr=2.76e-05    70s
2026-03-20 23:17:07,882 [INFO]   S2 Ep  28/120  loss=1.2293 acc=65.7%  val=89.6%  lr=2.73e-05    70s
2026-03-20 23:18:17,406 [INFO]   S2 Ep  29/120  loss=1.2432 acc=64.9%  val=89.8%  lr=2.71e-05    70s
2026-03-20 23:19:27,001 [INFO]   S2 Ep  30/120  loss=1.2128 acc=66.4%  val=89.0%  lr=2.68e-05    70s
2026-03-20 23:20:36,507 [INFO]   S2 Ep  31/120  loss=1.2335 acc=65.3%  val=88.8%  lr=2.66e-05    69s
2026-03-20 23:21:45,996 [INFO]   S2 Ep  32/120  loss=1.2156 acc=66.5%  val=89.1%  lr=2.63e-05    69s
2026-03-20 23:22:55,499 [INFO]   S2 Ep  33/120  loss=1.2191 acc=66.0%  val=89.5%  lr=2.60e-05    70s
2026-03-20 23:24:05,029 [INFO]   S2 Ep  34/120  loss=1.2184 acc=66.1%  val=89.3%  lr=2.58e-05    70s
2026-03-20 23:25:14,528 [INFO]   S2 Ep  35/120  loss=1.2242 acc=65.1%  val=89.8%  lr=2.55e-05    69s
2026-03-20 23:26:24,008 [INFO]   S2 Ep  36/120  loss=1.2055 acc=66.7%  val=89.3%  lr=2.52e-05    69s
2026-03-20 23:27:33,562 [INFO]   S2 Ep  37/120  loss=1.2009 acc=67.0%  val=89.7%  lr=2.49e-05    70s
2026-03-20 23:28:43,082 [INFO]   S2 Ep  38/120  loss=1.1822 acc=68.1%  val=89.0%  lr=2.45e-05    70s
2026-03-20 23:29:52,582 [INFO]   S2 Ep  39/120  loss=1.2419 acc=64.9%  val=89.2%  lr=2.42e-05    70s
2026-03-20 23:31:02,064 [INFO]   S2 Ep  40/120  loss=1.2010 acc=66.7%  val=89.1%  lr=2.39e-05    69s
2026-03-20 23:31:02,064 [INFO]   Early stop at ep 40
2026-03-20 23:31:02,065 [INFO] ── Stage 3: SWA (20 ep, lr=3.0e-06) ──
2026-03-20 23:32:11,626 [INFO]   SWA Ep  1/20  loss=1.2557  swa_val=90.1%  69s
2026-03-20 23:33:21,089 [INFO]   SWA Ep  2/20  loss=1.2423  swa_val=90.1%  69s
2026-03-20 23:34:30,480 [INFO]   SWA Ep  3/20  loss=1.2650  swa_val=90.3%  69s
2026-03-20 23:35:39,915 [INFO]   SWA Ep  4/20  loss=1.2116  swa_val=90.2%  69s
2026-03-20 23:36:49,369 [INFO]   SWA Ep  5/20  loss=1.2348  swa_val=90.4%  69s
2026-03-20 23:37:58,852 [INFO]   SWA Ep  6/20  loss=1.2505  swa_val=90.3%  69s
2026-03-20 23:39:08,277 [INFO]   SWA Ep  7/20  loss=1.2188  swa_val=90.2%  69s
2026-03-20 23:40:17,737 [INFO]   SWA Ep  8/20  loss=1.2046  swa_val=90.2%  69s
2026-03-20 23:41:27,201 [INFO]   SWA Ep  9/20  loss=1.2156  swa_val=90.1%  69s
2026-03-20 23:42:36,675 [INFO]   SWA Ep 10/20  loss=1.2397  swa_val=90.1%  69s
2026-03-20 23:43:46,096 [INFO]   SWA Ep 11/20  loss=1.2100  swa_val=90.2%  69s
2026-03-20 23:44:55,505 [INFO]   SWA Ep 12/20  loss=1.2326  swa_val=90.2%  69s
2026-03-20 23:46:04,918 [INFO]   SWA Ep 13/20  loss=1.2050  swa_val=90.1%  69s
2026-03-20 23:47:14,400 [INFO]   SWA Ep 14/20  loss=1.2145  swa_val=90.2%  69s
2026-03-20 23:48:23,861 [INFO]   SWA Ep 15/20  loss=1.2129  swa_val=90.2%  69s
2026-03-20 23:49:33,150 [INFO]   SWA Ep 16/20  loss=1.2399  swa_val=90.3%  69s
2026-03-20 23:50:42,617 [INFO]   SWA Ep 17/20  loss=1.2053  swa_val=90.3%  69s
2026-03-20 23:51:52,045 [INFO]   SWA Ep 18/20  loss=1.2251  swa_val=90.3%  69s
2026-03-20 23:53:01,418 [INFO]   SWA Ep 19/20  loss=1.2102  swa_val=90.3%  69s
2026-03-20 23:54:10,849 [INFO]   SWA Ep 20/20  loss=1.2343  swa_val=90.3%  69s
2026-03-20 23:54:10,849 [INFO]   Updating BN stats for SWA model …
2026-03-20 23:54:14,819 [INFO]   SWA final: 90.30% (regular best: 90.57%)
2026-03-20 23:54:14,819 [INFO]   Fold 4 best: 90.57%
2026-03-20 23:54:16,767 [INFO] ================================================================
2026-03-20 23:54:16,767 [INFO] FOLD 5 / 5
2026-03-20 23:54:16,767 [INFO] ================================================================
2026-03-20 23:54:16,770 [INFO]   Train: 11794 | Val: 2948
2026-03-20 23:54:17,060 [INFO] Loading pretrained weights from Hugging Face hub (timm/convnextv2_tiny.fcmae_ft_in22k_in1k)
2026-03-20 23:54:22,126 [INFO] HTTP Request: HEAD https://huggingface.co/timm/convnextv2_tiny.fcmae_ft_in22k_in1k/resolve/main/model.safetensors "HTTP/1.1 302 Found"
2026-03-20 23:54:22,128 [INFO] [timm/convnextv2_tiny.fcmae_ft_in22k_in1k] Safe alternative available for 'pytorch_model.bin' (as 'model.safetensors'). Loading weights using safetensors.
2026-03-20 23:54:22,147 [INFO] Missing keys (head.fc.weight, head.fc.bias) discovered while loading pretrained weights. This is expected if model is being adapted.
2026-03-20 23:54:22,268 [INFO]   Born-again ← best_fold4.pt (val 89.31%)
2026-03-20 23:54:22,269 [INFO] ── Stage 1: head warmup (5 ep) ──
2026-03-20 23:54:46,593 [INFO]   S1 Ep 1/5  loss=0.6375 acc=90.2%  val=89.0%  24s
2026-03-20 23:54:46,733 [INFO]   ★ best 88.98%
2026-03-20 23:55:07,506 [INFO]   S1 Ep 2/5  loss=0.6398 acc=90.5%  val=89.1%  21s
2026-03-20 23:55:07,668 [INFO]   ★ best 89.15%
2026-03-20 23:55:28,493 [INFO]   S1 Ep 3/5  loss=0.6493 acc=89.7%  val=89.2%  21s
2026-03-20 23:55:28,643 [INFO]   ★ best 89.21%
2026-03-20 23:55:49,566 [INFO]   S1 Ep 4/5  loss=0.6285 acc=90.5%  val=89.2%  21s
2026-03-20 23:56:10,386 [INFO]   S1 Ep 5/5  loss=0.6252 acc=90.6%  val=89.2%  21s
2026-03-20 23:56:10,387 [INFO] ── Stage 2: full fine-tune (120 ep, patience 40) ──
2026-03-20 23:56:10,387 [INFO] LLRD: 12 groups, LR [7.12e-06 … 3.00e-05]
2026-03-20 23:57:19,855 [INFO]   S2 Ep   1/120  loss=1.2995 acc=63.3%  val=88.9%  lr=3.13e-06    69s
2026-03-20 23:58:29,294 [INFO]   S2 Ep   2/120  loss=1.2886 acc=63.7%  val=88.5%  lr=8.40e-06    69s
2026-03-20 23:59:38,738 [INFO]   S2 Ep   3/120  loss=1.3101 acc=62.8%  val=88.4%  lr=1.56e-05    69s
2026-03-21 00:00:48,205 [INFO]   S2 Ep   4/120  loss=1.3237 acc=62.0%  val=88.2%  lr=2.28e-05    69s
2026-03-21 00:01:57,626 [INFO]   S2 Ep   5/120  loss=1.3184 acc=62.5%  val=88.4%  lr=2.81e-05    69s
2026-03-21 00:03:06,898 [INFO]   S2 Ep   6/120  loss=1.3402 acc=61.2%  val=88.1%  lr=3.00e-05    69s
2026-03-21 00:04:16,357 [INFO]   S2 Ep   7/120  loss=1.3200 acc=62.4%  val=88.0%  lr=3.00e-05    69s
2026-03-21 00:05:25,878 [INFO]   S2 Ep   8/120  loss=1.3436 acc=61.5%  val=87.7%  lr=3.00e-05    70s
2026-03-21 00:06:35,303 [INFO]   S2 Ep   9/120  loss=1.3235 acc=62.2%  val=87.9%  lr=2.99e-05    69s
2026-03-21 00:07:44,583 [INFO]   S2 Ep  10/120  loss=1.3657 acc=60.2%  val=87.0%  lr=2.99e-05    69s
2026-03-21 00:08:53,972 [INFO]   S2 Ep  11/120  loss=1.3369 acc=61.7%  val=87.4%  lr=2.99e-05    69s
2026-03-21 00:10:03,465 [INFO]   S2 Ep  12/120  loss=1.3392 acc=61.5%  val=87.9%  lr=2.98e-05    69s
2026-03-21 00:11:12,955 [INFO]   S2 Ep  13/120  loss=1.3505 acc=60.9%  val=87.3%  lr=2.97e-05    69s
2026-03-21 00:12:22,373 [INFO]   S2 Ep  14/120  loss=1.3084 acc=62.7%  val=87.7%  lr=2.96e-05    69s
2026-03-21 00:13:31,713 [INFO]   S2 Ep  15/120  loss=1.3009 acc=62.8%  val=87.7%  lr=2.95e-05    69s
2026-03-21 00:14:41,014 [INFO]   S2 Ep  16/120  loss=1.3377 acc=62.0%  val=87.8%  lr=2.94e-05    69s
2026-03-21 00:15:50,396 [INFO]   S2 Ep  17/120  loss=1.3211 acc=62.7%  val=87.7%  lr=2.93e-05    69s
2026-03-21 00:16:59,903 [INFO]   S2 Ep  18/120  loss=1.3179 acc=62.2%  val=87.6%  lr=2.92e-05    69s
2026-03-21 00:18:09,345 [INFO]   S2 Ep  19/120  loss=1.3347 acc=61.4%  val=87.5%  lr=2.90e-05    69s
2026-03-21 00:19:18,788 [INFO]   S2 Ep  20/120  loss=1.3309 acc=61.5%  val=87.5%  lr=2.89e-05    69s
2026-03-21 00:20:28,098 [INFO]   S2 Ep  21/120  loss=1.3267 acc=61.7%  val=88.3%  lr=2.87e-05    69s
2026-03-21 00:21:37,675 [INFO]   S2 Ep  22/120  loss=1.3108 acc=62.7%  val=88.1%  lr=2.86e-05    70s
2026-03-21 00:22:47,111 [INFO]   S2 Ep  23/120  loss=1.3150 acc=62.6%  val=87.6%  lr=2.84e-05    69s
2026-03-21 00:23:56,569 [INFO]   S2 Ep  24/120  loss=1.3035 acc=62.6%  val=87.9%  lr=2.82e-05    69s
2026-03-21 00:25:06,039 [INFO]   S2 Ep  25/120  loss=1.2951 acc=63.6%  val=87.8%  lr=2.80e-05    69s
2026-03-21 00:26:15,508 [INFO]   S2 Ep  26/120  loss=1.2778 acc=64.1%  val=87.7%  lr=2.78e-05    69s
2026-03-21 00:27:24,882 [INFO]   S2 Ep  27/120  loss=1.3029 acc=63.0%  val=87.6%  lr=2.76e-05    69s
2026-03-21 00:28:34,387 [INFO]   S2 Ep  28/120  loss=1.3429 acc=60.9%  val=88.1%  lr=2.73e-05    70s
2026-03-21 00:29:43,933 [INFO]   S2 Ep  29/120  loss=1.3059 acc=62.6%  val=87.9%  lr=2.71e-05    70s
2026-03-21 00:30:53,349 [INFO]   S2 Ep  30/120  loss=1.2819 acc=63.7%  val=88.5%  lr=2.68e-05    69s
2026-03-21 00:32:02,575 [INFO]   S2 Ep  31/120  loss=1.2801 acc=63.5%  val=88.6%  lr=2.66e-05    69s
2026-03-21 00:33:11,932 [INFO]   S2 Ep  32/120  loss=1.3128 acc=62.5%  val=88.4%  lr=2.63e-05    69s
2026-03-21 00:34:21,214 [INFO]   S2 Ep  33/120  loss=1.2778 acc=64.0%  val=88.2%  lr=2.60e-05    69s
2026-03-21 00:35:30,584 [INFO]   S2 Ep  34/120  loss=1.2549 acc=64.7%  val=87.8%  lr=2.58e-05    69s
2026-03-21 00:36:40,008 [INFO]   S2 Ep  35/120  loss=1.2938 acc=63.2%  val=88.6%  lr=2.55e-05    69s
2026-03-21 00:37:49,505 [INFO]   S2 Ep  36/120  loss=1.3036 acc=62.6%  val=88.7%  lr=2.52e-05    69s
2026-03-21 00:38:58,993 [INFO]   S2 Ep  37/120  loss=1.2871 acc=63.3%  val=88.6%  lr=2.49e-05    69s
2026-03-21 00:40:08,429 [INFO]   S2 Ep  38/120  loss=1.3042 acc=62.9%  val=88.3%  lr=2.45e-05    69s
2026-03-21 00:41:17,972 [INFO]   S2 Ep  39/120  loss=1.3288 acc=61.2%  val=88.7%  lr=2.42e-05    70s
2026-03-21 00:42:27,450 [INFO]   S2 Ep  40/120  loss=1.2769 acc=63.7%  val=88.8%  lr=2.39e-05    69s
2026-03-21 00:42:27,450 [INFO]   Early stop at ep 40
2026-03-21 00:42:27,451 [INFO] ── Stage 3: SWA (20 ep, lr=3.0e-06) ──
2026-03-21 00:43:36,995 [INFO]   SWA Ep  1/20  loss=1.3057  swa_val=88.6%  69s
2026-03-21 00:44:46,404 [INFO]   SWA Ep  2/20  loss=1.3281  swa_val=88.9%  69s
2026-03-21 00:45:55,634 [INFO]   SWA Ep  3/20  loss=1.3347  swa_val=89.1%  69s
2026-03-21 00:47:05,000 [INFO]   SWA Ep  4/20  loss=1.3194  swa_val=89.0%  69s
2026-03-21 00:48:14,445 [INFO]   SWA Ep  5/20  loss=1.3231  swa_val=89.0%  69s
2026-03-21 00:49:23,806 [INFO]   SWA Ep  6/20  loss=1.3050  swa_val=88.9%  69s
2026-03-21 00:50:33,033 [INFO]   SWA Ep  7/20  loss=1.3001  swa_val=88.9%  69s
2026-03-21 00:51:42,527 [INFO]   SWA Ep  8/20  loss=1.3108  swa_val=88.9%  69s
2026-03-21 00:52:51,962 [INFO]   SWA Ep  9/20  loss=1.2858  swa_val=89.0%  69s
2026-03-21 00:54:01,243 [INFO]   SWA Ep 10/20  loss=1.3242  swa_val=88.9%  69s
2026-03-21 00:55:10,529 [INFO]   SWA Ep 11/20  loss=1.2771  swa_val=89.0%  69s
2026-03-21 00:56:19,951 [INFO]   SWA Ep 12/20  loss=1.3290  swa_val=89.0%  69s
2026-03-21 00:57:29,271 [INFO]   SWA Ep 13/20  loss=1.3205  swa_val=89.0%  69s
2026-03-21 00:58:38,693 [INFO]   SWA Ep 14/20  loss=1.3010  swa_val=89.0%  69s
2026-03-21 00:59:48,090 [INFO]   SWA Ep 15/20  loss=1.3207  swa_val=89.0%  69s
2026-03-21 01:00:57,505 [INFO]   SWA Ep 16/20  loss=1.3017  swa_val=89.0%  69s
2026-03-21 01:02:06,859 [INFO]   SWA Ep 17/20  loss=1.2925  swa_val=89.0%  69s
2026-03-21 01:03:16,251 [INFO]   SWA Ep 18/20  loss=1.3048  swa_val=89.1%  69s
2026-03-21 01:04:25,441 [INFO]   SWA Ep 19/20  loss=1.3080  swa_val=89.1%  69s
2026-03-21 01:05:34,872 [INFO]   SWA Ep 20/20  loss=1.3118  swa_val=89.1%  69s
2026-03-21 01:05:34,872 [INFO]   Updating BN stats for SWA model …
2026-03-21 01:05:38,714 [INFO]   SWA final: 89.08% (regular best: 89.21%)
2026-03-21 01:05:38,714 [INFO]   Fold 5 best: 89.21%
2026-03-21 01:05:40,149 [INFO] ================================================================
2026-03-21 01:05:40,149 [INFO] 5-FOLD CV
2026-03-21 01:05:40,149 [INFO] ================================================================
2026-03-21 01:05:40,149 [INFO]   Fold 1 : 90.44%
2026-03-21 01:05:40,149 [INFO]   Fold 2 : 89.08%
2026-03-21 01:05:40,149 [INFO]   Fold 3 : 90.33%
2026-03-21 01:05:40,149 [INFO]   Fold 4 : 90.57%
2026-03-21 01:05:40,149 [INFO]   Fold 5 : 89.21%
2026-03-21 01:05:40,149 [INFO]   Mean: 89.93% ± 0.64%
2026-03-21 01:17:15,522 [INFO] TTA changed 141 / 9828 (1.4%)
2026-03-21 01:17:15,535 [INFO] Done.
