2026-03-16 11:33:04,861 [INFO] GPU : NVIDIA H200
2026-03-16 11:33:04,861 [INFO] Config : {
  "data_dir": "/data/slr/track2_",
  "output_dir": "/data/slr/checkpoints_vit_v7",
  "max_frames": 48,
  "n_range_bins": 256,
  "n_classes": 126,
  "img_size": 224,
  "channel_means": [
    -64.3217,
    -62.9119,
    -63.9254
  ],
  "channel_stds": [
    12.5721,
    11.662,
    11.7259
  ],
  "n_folds": 5,
  "batch_size": 48,
  "num_workers": 4,
  "stage1_epochs": 10,
  "stage1_lr": 0.0003,
  "stage2_epochs": 160,
  "stage2_lr": 3e-05,
  "weight_decay": 0.05,
  "warmup_pct": 0.1,
  "label_smoothing": 0.1,
  "early_stopping_patience": 40,
  "grad_clip_norm": 1.0,
  "llrd_stage_decay": 0.8,
  "kd_alpha": 0.6,
  "kd_tau": 4.0,
  "pseudo_label_threshold": 0.95,
  "mixup_alpha": 0.4,
  "cutmix_alpha": 1.0,
  "cutmix_prob": 0.5,
  "time_mask_max": 8,
  "range_mask_max": 30,
  "noise_std": 0.1,
  "time_warp_lo": 0.8,
  "time_warp_hi": 1.2,
  "time_reverse_prob": 0.5,
  "channel_shuffle_prob": 0.2,
  "channel_drop_prob": 0.1,
  "random_erase_prob": 0.2,
  "model_name": "swin_small_patch4_window7_224.ms_in22k_ft_in1k",
  "drop_path_rate": 0.3,
  "drop_rate": 0.3,
  "ms_dropout_samples": 5,
  "pretrained": true,
  "seed": 42,
  "cnn_model_name": "convnext_tiny.fb_in22k_ft_in1k"
}
2026-03-16 11:33:04,932 [INFO] Train: 14742  |  Eval: 9828  |  Classes: 126
2026-03-16 11:33:04,932 [INFO] Pre-loading training data …
2026-03-16 11:33:07,407 [INFO] Pre-loading eval data …
2026-03-16 11:33:09,046 [INFO] Generating pseudo-labels (threshold=0.95) …
2026-03-16 11:33:12,086 [INFO]   Loaded 10 CNN teacher models for pseudo-labeling
2026-03-16 11:33:55,496 [INFO]   Pseudo-labeled: 0 / 9828 kept (0.0%); avg conf = 0.000
2026-03-16 11:33:55,510 [INFO] Pre-computing teacher soft labels (v7+v6 CNN) …
2026-03-16 11:33:58,230 [INFO]   Loaded 10 teacher models
2026-03-16 11:34:51,480 [INFO]   Soft labels ready: 14742 samples from 10 teachers
2026-03-16 11:34:51,484 [INFO] KD: α=0.60  τ=4.0  | PL: 0 extra samples
2026-03-16 11:34:51,488 [INFO] ================================================================
2026-03-16 11:34:51,488 [INFO] FOLD 1 / 5
2026-03-16 11:34:51,488 [INFO] ================================================================
2026-03-16 11:34:51,489 [INFO]   Train: 11793 (orig 11793 + PL 0)  |  Val: 2949
2026-03-16 11:34:51,887 [INFO] Loading pretrained weights from Hugging Face hub (timm/swin_small_patch4_window7_224.ms_in22k_ft_in1k)
2026-03-16 11:34:56,950 [INFO] HTTP Request: HEAD https://huggingface.co/timm/swin_small_patch4_window7_224.ms_in22k_ft_in1k/resolve/main/model.safetensors "HTTP/1.1 302 Found"
2026-03-16 11:34:56,951 [INFO] [timm/swin_small_patch4_window7_224.ms_in22k_ft_in1k] Safe alternative available for 'pytorch_model.bin' (as 'model.safetensors'). Loading weights using safetensors.
2026-03-16 11:34:57,150 [INFO]   Born-again ← best_fold0.pt: loaded 329, skipped 0 (val 83.86%)
2026-03-16 11:34:57,151 [INFO] Model: swin_small_patch4_window7_224.ms_in22k_ft_in1k  |  48.93M params
2026-03-16 11:34:57,152 [INFO] ── Stage 1: head-only + KD (10 epochs) ──
2026-03-16 11:35:09,049 [INFO]   S1 Ep  1/10  train 0.6605 / 94.9%  val 1.3038 / 83.7%    12s
2026-03-16 11:35:09,310 [INFO]   ★ best 83.72%
2026-03-16 11:35:20,385 [INFO]   S1 Ep  2/10  train 0.6590 / 94.8%  val 1.3121 / 83.4%    11s
2026-03-16 11:35:31,483 [INFO]   S1 Ep  3/10  train 0.6554 / 95.1%  val 1.3162 / 83.6%    11s
2026-03-16 11:35:42,507 [INFO]   S1 Ep  4/10  train 0.6548 / 94.8%  val 1.3161 / 83.7%    11s
2026-03-16 11:35:53,602 [INFO]   S1 Ep  5/10  train 0.6557 / 94.5%  val 1.3168 / 83.8%    11s
2026-03-16 11:35:53,832 [INFO]   ★ best 83.76%
2026-03-16 11:36:04,935 [INFO]   S1 Ep  6/10  train 0.6533 / 94.7%  val 1.3180 / 83.8%    11s
2026-03-16 11:36:16,027 [INFO]   S1 Ep  7/10  train 0.6484 / 94.9%  val 1.3155 / 83.7%    11s
2026-03-16 11:36:27,126 [INFO]   S1 Ep  8/10  train 0.6491 / 94.9%  val 1.3142 / 83.7%    11s
2026-03-16 11:36:38,196 [INFO]   S1 Ep  9/10  train 0.6460 / 95.1%  val 1.3135 / 83.7%    11s
2026-03-16 11:36:49,294 [INFO]   S1 Ep 10/10  train 0.6495 / 94.9%  val 1.3135 / 83.7%    11s
2026-03-16 11:36:49,294 [INFO] Stage 1 done — best val: 83.76%
2026-03-16 11:36:49,295 [INFO] ── Stage 2: full fine-tuning + KD (160 epochs, patience 40) ──
2026-03-16 11:36:49,298 [INFO] LLRD: 12 groups, LR [9.83e-06 … 3.00e-05]
2026-03-16 11:37:16,126 [INFO]   S2 Ep   1/160  train 1.3445 / 68.3%  val 1.3044 / 83.8%  lr 1.48e-06    27s
2026-03-16 11:37:16,377 [INFO]   ★ best 83.83% → /data/slr/checkpoints_vit_v7/best_fold0.pt
2026-03-16 11:37:43,268 [INFO]   S2 Ep   2/160  train 1.3308 / 68.9%  val 1.3035 / 83.8%  lr 2.30e-06    27s
2026-03-16 11:38:09,921 [INFO]   S2 Ep   3/160  train 1.3229 / 69.3%  val 1.3023 / 83.8%  lr 3.63e-06    27s
2026-03-16 11:38:36,580 [INFO]   S2 Ep   4/160  train 1.3080 / 70.0%  val 1.3087 / 83.7%  lr 5.42e-06    27s
2026-03-16 11:39:03,305 [INFO]   S2 Ep   5/160  train 1.3826 / 66.5%  val 1.3099 / 83.7%  lr 7.60e-06    27s
2026-03-16 11:39:29,990 [INFO]   S2 Ep   6/160  train 1.2886 / 70.8%  val 1.3102 / 83.9%  lr 1.01e-05    27s
2026-03-16 11:39:30,238 [INFO]   ★ best 83.86% → /data/slr/checkpoints_vit_v7/best_fold0.pt
2026-03-16 11:39:56,850 [INFO]   S2 Ep   7/160  train 1.2781 / 70.7%  val 1.3065 / 84.0%  lr 1.28e-05    27s
2026-03-16 11:39:57,089 [INFO]   ★ best 84.03% → /data/slr/checkpoints_vit_v7/best_fold0.pt
2026-03-16 11:40:23,875 [INFO]   S2 Ep   8/160  train 1.3588 / 67.3%  val 1.3120 / 83.5%  lr 1.56e-05    27s
2026-03-16 11:40:50,538 [INFO]   S2 Ep   9/160  train 1.3091 / 69.4%  val 1.3120 / 83.5%  lr 1.84e-05    27s
2026-03-16 11:41:17,215 [INFO]   S2 Ep  10/160  train 1.3425 / 67.5%  val 1.3266 / 83.5%  lr 2.11e-05    27s
2026-03-16 11:41:43,907 [INFO]   S2 Ep  11/160  train 1.3349 / 68.9%  val 1.3167 / 83.4%  lr 2.36e-05    27s
2026-03-16 11:42:10,595 [INFO]   S2 Ep  12/160  train 1.3509 / 67.4%  val 1.3197 / 83.9%  lr 2.58e-05    27s
2026-03-16 11:42:37,237 [INFO]   S2 Ep  13/160  train 1.3130 / 69.7%  val 1.3225 / 83.3%  lr 2.76e-05    27s
2026-03-16 11:43:03,994 [INFO]   S2 Ep  14/160  train 1.3088 / 69.6%  val 1.3269 / 83.7%  lr 2.89e-05    27s
2026-03-16 11:43:30,642 [INFO]   S2 Ep  15/160  train 1.3403 / 68.2%  val 1.3243 / 83.1%  lr 2.97e-05    27s
2026-03-16 11:43:57,318 [INFO]   S2 Ep  16/160  train 1.4071 / 65.5%  val 1.3215 / 83.6%  lr 3.00e-05    27s
2026-03-16 11:44:24,004 [INFO]   S2 Ep  17/160  train 1.2853 / 70.2%  val 1.3171 / 83.8%  lr 3.00e-05    27s
2026-03-16 11:44:50,644 [INFO]   S2 Ep  18/160  train 1.3448 / 67.4%  val 1.3406 / 82.8%  lr 3.00e-05    27s
2026-03-16 11:45:17,258 [INFO]   S2 Ep  19/160  train 1.3278 / 68.4%  val 1.3126 / 84.2%  lr 3.00e-05    27s
2026-03-16 11:45:17,502 [INFO]   ★ best 84.16% → /data/slr/checkpoints_vit_v7/best_fold0.pt
2026-03-16 11:45:44,297 [INFO]   S2 Ep  20/160  train 1.3425 / 67.6%  val 1.3284 / 83.7%  lr 2.99e-05    27s
2026-03-16 11:46:10,940 [INFO]   S2 Ep  21/160  train 1.3407 / 68.2%  val 1.3196 / 83.9%  lr 2.99e-05    27s
2026-03-16 11:46:37,567 [INFO]   S2 Ep  22/160  train 1.3104 / 69.3%  val 1.3244 / 83.7%  lr 2.99e-05    27s
2026-03-16 11:47:04,247 [INFO]   S2 Ep  23/160  train 1.3121 / 68.3%  val 1.3247 / 83.8%  lr 2.98e-05    27s
2026-03-16 11:47:30,893 [INFO]   S2 Ep  24/160  train 1.3165 / 69.3%  val 1.3338 / 83.3%  lr 2.98e-05    27s
2026-03-16 11:47:57,544 [INFO]   S2 Ep  25/160  train 1.3195 / 70.0%  val 1.3266 / 83.8%  lr 2.97e-05    27s
2026-03-16 11:48:24,271 [INFO]   S2 Ep  26/160  train 1.3014 / 69.2%  val 1.3176 / 84.1%  lr 2.96e-05    27s
2026-03-16 11:48:50,887 [INFO]   S2 Ep  27/160  train 1.2862 / 70.2%  val 1.3481 / 83.3%  lr 2.96e-05    27s
2026-03-16 11:49:17,478 [INFO]   S2 Ep  28/160  train 1.2950 / 69.4%  val 1.3389 / 83.3%  lr 2.95e-05    27s
2026-03-16 11:49:44,099 [INFO]   S2 Ep  29/160  train 1.3316 / 67.6%  val 1.3448 / 83.4%  lr 2.94e-05    27s
2026-03-16 11:50:10,706 [INFO]   S2 Ep  30/160  train 1.2796 / 70.5%  val 1.3405 / 83.6%  lr 2.93e-05    27s
2026-03-16 11:50:37,410 [INFO]   S2 Ep  31/160  train 1.3388 / 67.0%  val 1.3266 / 83.6%  lr 2.92e-05    27s
2026-03-16 11:51:04,279 [INFO]   S2 Ep  32/160  train 1.2760 / 70.6%  val 1.3274 / 83.8%  lr 2.91e-05    27s
2026-03-16 11:51:30,919 [INFO]   S2 Ep  33/160  train 1.3043 / 69.1%  val 1.3211 / 83.8%  lr 2.90e-05    27s
2026-03-16 11:51:57,565 [INFO]   S2 Ep  34/160  train 1.3231 / 68.8%  val 1.3287 / 83.9%  lr 2.89e-05    27s
2026-03-16 11:52:24,179 [INFO]   S2 Ep  35/160  train 1.3206 / 68.6%  val 1.3313 / 83.4%  lr 2.87e-05    27s
2026-03-16 11:52:50,796 [INFO]   S2 Ep  36/160  train 1.3161 / 69.1%  val 1.3386 / 83.2%  lr 2.86e-05    27s
2026-03-16 11:53:17,414 [INFO]   S2 Ep  37/160  train 1.2665 / 71.0%  val 1.3470 / 83.6%  lr 2.85e-05    27s
2026-03-16 11:53:44,192 [INFO]   S2 Ep  38/160  train 1.3100 / 69.7%  val 1.3334 / 83.9%  lr 2.83e-05    27s
2026-03-16 11:54:10,770 [INFO]   S2 Ep  39/160  train 1.2183 / 73.0%  val 1.3412 / 83.8%  lr 2.82e-05    27s
2026-03-16 11:54:37,361 [INFO]   S2 Ep  40/160  train 1.2974 / 69.6%  val 1.3390 / 84.1%  lr 2.80e-05    27s
2026-03-16 11:55:03,978 [INFO]   S2 Ep  41/160  train 1.3017 / 69.2%  val 1.3409 / 83.9%  lr 2.78e-05    27s
2026-03-16 11:55:30,628 [INFO]   S2 Ep  42/160  train 1.2836 / 69.6%  val 1.3267 / 83.9%  lr 2.77e-05    27s
2026-03-16 11:55:57,226 [INFO]   S2 Ep  43/160  train 1.2782 / 69.7%  val 1.3401 / 83.7%  lr 2.75e-05    27s
2026-03-16 11:56:24,027 [INFO]   S2 Ep  44/160  train 1.2882 / 70.8%  val 1.3400 / 83.8%  lr 2.73e-05    27s
2026-03-16 11:56:50,728 [INFO]   S2 Ep  45/160  train 1.3138 / 68.9%  val 1.3400 / 83.5%  lr 2.71e-05    27s
2026-03-16 11:57:17,422 [INFO]   S2 Ep  46/160  train 1.2536 / 71.2%  val 1.3170 / 84.7%  lr 2.69e-05    27s
2026-03-16 11:57:17,773 [INFO]   ★ best 84.71% → /data/slr/checkpoints_vit_v7/best_fold0.pt
2026-03-16 11:57:44,457 [INFO]   S2 Ep  47/160  train 1.2266 / 72.5%  val 1.3473 / 83.7%  lr 2.67e-05    27s
2026-03-16 11:58:11,087 [INFO]   S2 Ep  48/160  train 1.3078 / 68.9%  val 1.3291 / 83.7%  lr 2.65e-05    27s
2026-03-16 11:58:37,736 [INFO]   S2 Ep  49/160  train 1.3147 / 68.3%  val 1.3311 / 83.4%  lr 2.63e-05    27s
2026-03-16 11:59:04,553 [INFO]   S2 Ep  50/160  train 1.3421 / 67.2%  val 1.3480 / 83.6%  lr 2.61e-05    27s
2026-03-16 11:59:31,189 [INFO]   S2 Ep  51/160  train 1.2175 / 73.3%  val 1.3605 / 82.9%  lr 2.58e-05    27s
2026-03-16 11:59:57,811 [INFO]   S2 Ep  52/160  train 1.2559 / 71.2%  val 1.3229 / 84.2%  lr 2.56e-05    27s
2026-03-16 12:00:24,457 [INFO]   S2 Ep  53/160  train 1.3035 / 69.3%  val 1.3241 / 84.3%  lr 2.54e-05    27s
2026-03-16 12:00:51,030 [INFO]   S2 Ep  54/160  train 1.2997 / 69.4%  val 1.3287 / 83.6%  lr 2.51e-05    27s
2026-03-16 12:01:17,638 [INFO]   S2 Ep  55/160  train 1.2700 / 70.4%  val 1.3075 / 84.6%  lr 2.49e-05    27s
2026-03-16 12:01:44,424 [INFO]   S2 Ep  56/160  train 1.2422 / 71.5%  val 1.3421 / 83.7%  lr 2.46e-05    27s
2026-03-16 12:02:11,046 [INFO]   S2 Ep  57/160  train 1.2440 / 71.5%  val 1.3238 / 84.3%  lr 2.44e-05    27s
2026-03-16 12:02:37,691 [INFO]   S2 Ep  58/160  train 1.2700 / 70.6%  val 1.3158 / 84.3%  lr 2.41e-05    27s
2026-03-16 12:03:04,337 [INFO]   S2 Ep  59/160  train 1.2563 / 71.1%  val 1.3184 / 84.5%  lr 2.39e-05    27s
2026-03-16 12:03:31,004 [INFO]   S2 Ep  60/160  train 1.2505 / 71.4%  val 1.3325 / 84.5%  lr 2.36e-05    27s
2026-03-16 12:03:57,636 [INFO]   S2 Ep  61/160  train 1.2710 / 70.8%  val 1.3466 / 83.9%  lr 2.33e-05    27s
2026-03-16 12:04:24,485 [INFO]   S2 Ep  62/160  train 1.2542 / 71.0%  val 1.3410 / 84.0%  lr 2.31e-05    27s
2026-03-16 12:04:51,167 [INFO]   S2 Ep  63/160  train 1.3013 / 69.0%  val 1.3362 / 83.8%  lr 2.28e-05    27s
2026-03-16 12:05:17,793 [INFO]   S2 Ep  64/160  train 1.2288 / 72.6%  val 1.3281 / 83.9%  lr 2.25e-05    27s
2026-03-16 12:05:44,452 [INFO]   S2 Ep  65/160  train 1.2608 / 71.1%  val 1.3408 / 84.1%  lr 2.22e-05    27s
2026-03-16 12:06:11,081 [INFO]   S2 Ep  66/160  train 1.2556 / 70.7%  val 1.3411 / 83.9%  lr 2.19e-05    27s
2026-03-16 12:06:37,754 [INFO]   S2 Ep  67/160  train 1.3045 / 68.5%  val 1.3295 / 84.0%  lr 2.16e-05    27s
2026-03-16 12:07:04,519 [INFO]   S2 Ep  68/160  train 1.2488 / 71.1%  val 1.3315 / 84.4%  lr 2.13e-05    27s
2026-03-16 12:07:31,161 [INFO]   S2 Ep  69/160  train 1.2454 / 71.7%  val 1.3209 / 84.7%  lr 2.10e-05    27s
2026-03-16 12:07:57,816 [INFO]   S2 Ep  70/160  train 1.2519 / 71.2%  val 1.3257 / 84.2%  lr 2.07e-05    27s
2026-03-16 12:08:24,496 [INFO]   S2 Ep  71/160  train 1.2857 / 70.2%  val 1.3281 / 84.6%  lr 2.04e-05    27s
2026-03-16 12:08:51,178 [INFO]   S2 Ep  72/160  train 1.2494 / 71.0%  val 1.3276 / 84.6%  lr 2.01e-05    27s
2026-03-16 12:09:17,843 [INFO]   S2 Ep  73/160  train 1.2566 / 71.0%  val 1.3191 / 84.6%  lr 1.98e-05    27s
2026-03-16 12:09:44,557 [INFO]   S2 Ep  74/160  train 1.2363 / 72.2%  val 1.3102 / 84.8%  lr 1.95e-05    27s
2026-03-16 12:09:44,838 [INFO]   ★ best 84.81% → /data/slr/checkpoints_vit_v7/best_fold0.pt
2026-03-16 12:10:11,492 [INFO]   S2 Ep  75/160  train 1.2328 / 72.1%  val 1.3166 / 84.8%  lr 1.92e-05    27s
2026-03-16 12:10:38,112 [INFO]   S2 Ep  76/160  train 1.2392 / 71.1%  val 1.3267 / 84.4%  lr 1.89e-05    27s
2026-03-16 12:11:04,768 [INFO]   S2 Ep  77/160  train 1.2535 / 70.6%  val 1.3315 / 84.1%  lr 1.86e-05    27s
2026-03-16 12:11:31,425 [INFO]   S2 Ep  78/160  train 1.2402 / 71.4%  val 1.3271 / 84.4%  lr 1.82e-05    27s
2026-03-16 12:11:58,081 [INFO]   S2 Ep  79/160  train 1.2504 / 70.9%  val 1.3457 / 83.5%  lr 1.79e-05    27s
2026-03-16 12:12:24,722 [INFO]   S2 Ep  80/160  train 1.2296 / 72.5%  val 1.3259 / 84.2%  lr 1.76e-05    27s
2026-03-16 12:12:51,463 [INFO]   S2 Ep  81/160  train 1.2649 / 70.3%  val 1.3276 / 84.1%  lr 1.73e-05    27s
2026-03-16 12:13:18,091 [INFO]   S2 Ep  82/160  train 1.3075 / 68.5%  val 1.3274 / 84.6%  lr 1.70e-05    27s
2026-03-16 12:13:44,688 [INFO]   S2 Ep  83/160  train 1.1888 / 73.8%  val 1.3216 / 84.5%  lr 1.66e-05    27s
2026-03-16 12:14:11,281 [INFO]   S2 Ep  84/160  train 1.2552 / 70.4%  val 1.3254 / 84.0%  lr 1.63e-05    27s
2026-03-16 12:14:37,912 [INFO]   S2 Ep  85/160  train 1.2522 / 70.8%  val 1.3246 / 84.8%  lr 1.60e-05    27s
2026-03-16 12:14:38,200 [INFO]   ★ best 84.84% → /data/slr/checkpoints_vit_v7/best_fold0.pt
2026-03-16 12:15:04,848 [INFO]   S2 Ep  86/160  train 1.2173 / 72.5%  val 1.3321 / 83.9%  lr 1.57e-05    27s
2026-03-16 12:15:31,613 [INFO]   S2 Ep  87/160  train 1.2703 / 69.5%  val 1.3288 / 84.4%  lr 1.53e-05    27s
2026-03-16 12:15:58,272 [INFO]   S2 Ep  88/160  train 1.2639 / 70.4%  val 1.3151 / 84.5%  lr 1.50e-05    27s
2026-03-16 12:16:24,844 [INFO]   S2 Ep  89/160  train 1.2716 / 69.7%  val 1.3235 / 84.7%  lr 1.47e-05    27s
2026-03-16 12:16:51,451 [INFO]   S2 Ep  90/160  train 1.2309 / 72.0%  val 1.3276 / 84.0%  lr 1.43e-05    27s
2026-03-16 12:17:18,090 [INFO]   S2 Ep  91/160  train 1.2363 / 71.6%  val 1.3240 / 84.4%  lr 1.40e-05    27s
2026-03-16 12:17:44,725 [INFO]   S2 Ep  92/160  train 1.2638 / 70.2%  val 1.3299 / 84.3%  lr 1.37e-05    27s
2026-03-16 12:18:11,476 [INFO]   S2 Ep  93/160  train 1.2460 / 71.3%  val 1.3213 / 84.2%  lr 1.34e-05    27s
2026-03-16 12:18:38,076 [INFO]   S2 Ep  94/160  train 1.2508 / 70.8%  val 1.3316 / 83.8%  lr 1.30e-05    27s
2026-03-16 12:19:04,712 [INFO]   S2 Ep  95/160  train 1.2575 / 70.6%  val 1.3215 / 84.0%  lr 1.27e-05    27s
2026-03-16 12:19:31,354 [INFO]   S2 Ep  96/160  train 1.2055 / 72.5%  val 1.3272 / 84.1%  lr 1.24e-05    27s
2026-03-16 12:19:57,964 [INFO]   S2 Ep  97/160  train 1.2598 / 69.5%  val 1.3317 / 84.2%  lr 1.21e-05    27s
2026-03-16 12:20:24,563 [INFO]   S2 Ep  98/160  train 1.2689 / 70.6%  val 1.3240 / 84.3%  lr 1.18e-05    27s
2026-03-16 12:20:51,279 [INFO]   S2 Ep  99/160  train 1.2520 / 70.4%  val 1.3200 / 84.2%  lr 1.14e-05    27s
2026-03-16 12:21:17,904 [INFO]   S2 Ep 100/160  train 1.1895 / 73.6%  val 1.3211 / 84.2%  lr 1.11e-05    27s
2026-03-16 12:21:44,565 [INFO]   S2 Ep 101/160  train 1.2390 / 71.1%  val 1.3165 / 84.5%  lr 1.08e-05    27s
2026-03-16 12:22:11,181 [INFO]   S2 Ep 102/160  train 1.2345 / 71.0%  val 1.3230 / 84.3%  lr 1.05e-05    27s
2026-03-16 12:22:37,803 [INFO]   S2 Ep 103/160  train 1.2075 / 73.6%  val 1.3247 / 84.5%  lr 1.02e-05    27s
2026-03-16 12:23:04,467 [INFO]   S2 Ep 104/160  train 1.2229 / 72.2%  val 1.3246 / 84.2%  lr 9.87e-06    27s
2026-03-16 12:23:31,234 [INFO]   S2 Ep 105/160  train 1.2162 / 72.4%  val 1.3245 / 84.0%  lr 9.56e-06    27s
2026-03-16 12:23:57,839 [INFO]   S2 Ep 106/160  train 1.1983 / 73.0%  val 1.3180 / 84.7%  lr 9.26e-06    27s
2026-03-16 12:24:24,443 [INFO]   S2 Ep 107/160  train 1.1846 / 73.6%  val 1.3168 / 84.5%  lr 8.96e-06    27s
2026-03-16 12:24:51,033 [INFO]   S2 Ep 108/160  train 1.1975 / 73.7%  val 1.3142 / 84.6%  lr 8.66e-06    27s
2026-03-16 12:25:17,631 [INFO]   S2 Ep 109/160  train 1.1790 / 73.6%  val 1.3197 / 84.5%  lr 8.37e-06    27s
2026-03-16 12:25:44,260 [INFO]   S2 Ep 110/160  train 1.1948 / 72.8%  val 1.3179 / 84.7%  lr 8.07e-06    27s
2026-03-16 12:26:10,951 [INFO]   S2 Ep 111/160  train 1.1810 / 73.2%  val 1.3337 / 84.3%  lr 7.78e-06    27s
2026-03-16 12:26:37,592 [INFO]   S2 Ep 112/160  train 1.2231 / 71.8%  val 1.3198 / 84.5%  lr 7.50e-06    27s
2026-03-16 12:27:04,238 [INFO]   S2 Ep 113/160  train 1.2403 / 71.3%  val 1.3261 / 84.2%  lr 7.22e-06    27s
2026-03-16 12:27:30,754 [INFO]   S2 Ep 114/160  train 1.2532 / 70.4%  val 1.3253 / 84.4%  lr 6.94e-06    27s
2026-03-16 12:27:57,263 [INFO]   S2 Ep 115/160  train 1.2358 / 71.4%  val 1.3210 / 84.1%  lr 6.67e-06    27s
2026-03-16 12:28:23,727 [INFO]   S2 Ep 116/160  train 1.2013 / 72.8%  val 1.3297 / 84.2%  lr 6.40e-06    26s
2026-03-16 12:28:50,349 [INFO]   S2 Ep 117/160  train 1.2261 / 71.7%  val 1.3194 / 84.6%  lr 6.13e-06    27s
2026-03-16 12:29:16,857 [INFO]   S2 Ep 118/160  train 1.2447 / 70.0%  val 1.3187 / 84.3%  lr 5.87e-06    27s
2026-03-16 12:29:43,460 [INFO]   S2 Ep 119/160  train 1.2433 / 71.1%  val 1.3188 / 84.4%  lr 5.61e-06    27s
2026-03-16 12:30:10,003 [INFO]   S2 Ep 120/160  train 1.2652 / 69.5%  val 1.3197 / 84.4%  lr 5.36e-06    27s
2026-03-16 12:30:36,521 [INFO]   S2 Ep 121/160  train 1.2506 / 71.0%  val 1.3209 / 84.5%  lr 5.11e-06    27s
2026-03-16 12:31:03,100 [INFO]   S2 Ep 122/160  train 1.2311 / 71.1%  val 1.3240 / 84.2%  lr 4.87e-06    27s
2026-03-16 12:31:29,776 [INFO]   S2 Ep 123/160  train 1.1961 / 72.8%  val 1.3205 / 84.3%  lr 4.63e-06    27s
2026-03-16 12:31:56,319 [INFO]   S2 Ep 124/160  train 1.2326 / 71.8%  val 1.3184 / 84.1%  lr 4.39e-06    27s
2026-03-16 12:32:22,845 [INFO]   S2 Ep 125/160  train 1.2260 / 72.1%  val 1.3172 / 84.5%  lr 4.16e-06    27s
2026-03-16 12:32:22,845 [INFO]   Early stopping at S2 epoch 125
2026-03-16 12:32:22,845 [INFO]   Fold 1 best val acc: 84.84%
2026-03-16 12:32:23,162 [INFO] ================================================================
2026-03-16 12:32:23,163 [INFO] FOLD 2 / 5
2026-03-16 12:32:23,163 [INFO] ================================================================
2026-03-16 12:32:23,165 [INFO]   Train: 11793 (orig 11793 + PL 0)  |  Val: 2949
2026-03-16 12:32:23,541 [INFO] Loading pretrained weights from Hugging Face hub (timm/swin_small_patch4_window7_224.ms_in22k_ft_in1k)
2026-03-16 12:32:23,723 [INFO] HTTP Request: HEAD https://huggingface.co/timm/swin_small_patch4_window7_224.ms_in22k_ft_in1k/resolve/main/model.safetensors "HTTP/1.1 302 Found"
2026-03-16 12:32:23,724 [INFO] [timm/swin_small_patch4_window7_224.ms_in22k_ft_in1k] Safe alternative available for 'pytorch_model.bin' (as 'model.safetensors'). Loading weights using safetensors.
2026-03-16 12:32:23,910 [INFO]   Born-again ← best_fold1.pt: loaded 329, skipped 0 (val 83.52%)
2026-03-16 12:32:23,911 [INFO] Model: swin_small_patch4_window7_224.ms_in22k_ft_in1k  |  48.93M params
2026-03-16 12:32:23,911 [INFO] ── Stage 1: head-only + KD (10 epochs) ──
2026-03-16 12:32:35,479 [INFO]   S1 Ep  1/10  train 0.6553 / 95.1%  val 1.3502 / 83.4%    12s
2026-03-16 12:32:35,679 [INFO]   ★ best 83.42%
2026-03-16 12:32:46,729 [INFO]   S1 Ep  2/10  train 0.6508 / 95.2%  val 1.3601 / 83.3%    11s
2026-03-16 12:32:57,775 [INFO]   S1 Ep  3/10  train 0.6526 / 94.8%  val 1.3619 / 83.5%    11s
2026-03-16 12:32:58,011 [INFO]   ★ best 83.52%
2026-03-16 12:33:09,050 [INFO]   S1 Ep  4/10  train 0.6530 / 94.6%  val 1.3626 / 83.4%    11s
2026-03-16 12:33:20,055 [INFO]   S1 Ep  5/10  train 0.6497 / 95.0%  val 1.3629 / 83.2%    11s
2026-03-16 12:33:31,090 [INFO]   S1 Ep  6/10  train 0.6486 / 94.9%  val 1.3624 / 83.2%    11s
2026-03-16 12:33:42,118 [INFO]   S1 Ep  7/10  train 0.6460 / 95.2%  val 1.3617 / 83.5%    11s
2026-03-16 12:33:53,156 [INFO]   S1 Ep  8/10  train 0.6520 / 94.9%  val 1.3606 / 83.7%    11s
2026-03-16 12:33:53,411 [INFO]   ★ best 83.66%
2026-03-16 12:34:04,459 [INFO]   S1 Ep  9/10  train 0.6462 / 95.2%  val 1.3604 / 83.7%    11s
2026-03-16 12:34:15,517 [INFO]   S1 Ep 10/10  train 0.6492 / 94.9%  val 1.3603 / 83.7%    11s
2026-03-16 12:34:15,517 [INFO] Stage 1 done — best val: 83.66%
2026-03-16 12:34:15,517 [INFO] ── Stage 2: full fine-tuning + KD (160 epochs, patience 40) ──
2026-03-16 12:34:15,518 [INFO] LLRD: 12 groups, LR [9.83e-06 … 3.00e-05]
2026-03-16 12:34:42,047 [INFO]   S2 Ep   1/160  train 1.3173 / 69.5%  val 1.3489 / 83.4%  lr 1.48e-06    27s
2026-03-16 12:35:08,503 [INFO]   S2 Ep   2/160  train 1.2845 / 70.5%  val 1.3447 / 83.7%  lr 2.30e-06    26s
2026-03-16 12:35:08,737 [INFO]   ★ best 83.69% → /data/slr/checkpoints_vit_v7/best_fold1.pt
2026-03-16 12:35:35,412 [INFO]   S2 Ep   3/160  train 1.3027 / 68.9%  val 1.3439 / 83.6%  lr 3.63e-06    27s
2026-03-16 12:36:01,920 [INFO]   S2 Ep   4/160  train 1.3152 / 70.3%  val 1.3473 / 83.6%  lr 5.42e-06    27s
2026-03-16 12:36:28,395 [INFO]   S2 Ep   5/160  train 1.3206 / 69.1%  val 1.3482 / 83.6%  lr 7.60e-06    26s
2026-03-16 12:36:55,011 [INFO]   S2 Ep   6/160  train 1.3040 / 70.0%  val 1.3509 / 83.4%  lr 1.01e-05    27s
2026-03-16 12:37:21,590 [INFO]   S2 Ep   7/160  train 1.3268 / 69.1%  val 1.3548 / 83.1%  lr 1.28e-05    27s
2026-03-16 12:37:48,230 [INFO]   S2 Ep   8/160  train 1.3494 / 67.6%  val 1.3630 / 82.9%  lr 1.56e-05    27s
2026-03-16 12:38:14,974 [INFO]   S2 Ep   9/160  train 1.3230 / 69.1%  val 1.3556 / 82.7%  lr 1.84e-05    27s
2026-03-16 12:38:41,543 [INFO]   S2 Ep  10/160  train 1.3474 / 68.4%  val 1.3727 / 83.0%  lr 2.11e-05    27s
2026-03-16 12:39:08,047 [INFO]   S2 Ep  11/160  train 1.3457 / 67.4%  val 1.3653 / 83.0%  lr 2.36e-05    27s
2026-03-16 12:39:34,576 [INFO]   S2 Ep  12/160  train 1.3091 / 69.1%  val 1.3679 / 83.2%  lr 2.58e-05    27s
2026-03-16 12:40:01,134 [INFO]   S2 Ep  13/160  train 1.3045 / 70.2%  val 1.3668 / 83.5%  lr 2.76e-05    27s
2026-03-16 12:40:27,721 [INFO]   S2 Ep  14/160  train 1.2716 / 70.6%  val 1.3633 / 82.7%  lr 2.89e-05    27s
2026-03-16 12:40:54,338 [INFO]   S2 Ep  15/160  train 1.3111 / 69.1%  val 1.3839 / 82.8%  lr 2.97e-05    27s
2026-03-16 12:41:20,907 [INFO]   S2 Ep  16/160  train 1.3731 / 67.2%  val 1.3769 / 82.8%  lr 3.00e-05    27s
2026-03-16 12:41:47,441 [INFO]   S2 Ep  17/160  train 1.3738 / 66.5%  val 1.3839 / 82.6%  lr 3.00e-05    27s
2026-03-16 12:42:14,092 [INFO]   S2 Ep  18/160  train 1.3059 / 68.9%  val 1.3789 / 82.8%  lr 3.00e-05    27s
2026-03-16 12:42:40,659 [INFO]   S2 Ep  19/160  train 1.3462 / 67.2%  val 1.3826 / 82.6%  lr 3.00e-05    27s
2026-03-16 12:43:07,209 [INFO]   S2 Ep  20/160  train 1.3039 / 69.9%  val 1.3781 / 82.9%  lr 2.99e-05    27s
2026-03-16 12:43:33,889 [INFO]   S2 Ep  21/160  train 1.2892 / 70.4%  val 1.3912 / 82.9%  lr 2.99e-05    27s
2026-03-16 12:44:00,410 [INFO]   S2 Ep  22/160  train 1.3547 / 67.2%  val 1.3772 / 83.0%  lr 2.99e-05    27s
2026-03-16 12:44:26,946 [INFO]   S2 Ep  23/160  train 1.2786 / 70.4%  val 1.3824 / 82.4%  lr 2.98e-05    27s
2026-03-16 12:44:53,489 [INFO]   S2 Ep  24/160  train 1.2923 / 70.1%  val 1.3768 / 83.0%  lr 2.98e-05    27s
2026-03-16 12:45:20,026 [INFO]   S2 Ep  25/160  train 1.2423 / 72.0%  val 1.3660 / 83.3%  lr 2.97e-05    27s
2026-03-16 12:45:46,576 [INFO]   S2 Ep  26/160  train 1.3092 / 69.0%  val 1.3803 / 82.9%  lr 2.96e-05    27s
2026-03-16 12:46:13,256 [INFO]   S2 Ep  27/160  train 1.3171 / 69.1%  val 1.3775 / 83.1%  lr 2.96e-05    27s
2026-03-16 12:46:39,821 [INFO]   S2 Ep  28/160  train 1.3446 / 67.4%  val 1.3905 / 82.4%  lr 2.95e-05    27s
2026-03-16 12:47:06,353 [INFO]   S2 Ep  29/160  train 1.3155 / 69.3%  val 1.3827 / 82.9%  lr 2.94e-05    27s
2026-03-16 12:47:32,857 [INFO]   S2 Ep  30/160  train 1.3255 / 68.3%  val 1.3778 / 83.3%  lr 2.93e-05    27s
2026-03-16 12:47:59,432 [INFO]   S2 Ep  31/160  train 1.2807 / 70.5%  val 1.3944 / 82.5%  lr 2.92e-05    27s
2026-03-16 12:48:25,998 [INFO]   S2 Ep  32/160  train 1.3312 / 68.3%  val 1.3713 / 83.6%  lr 2.91e-05    27s
2026-03-16 12:48:52,673 [INFO]   S2 Ep  33/160  train 1.3279 / 68.8%  val 1.3804 / 82.8%  lr 2.90e-05    27s
2026-03-16 12:49:19,225 [INFO]   S2 Ep  34/160  train 1.2791 / 70.8%  val 1.3737 / 83.3%  lr 2.89e-05    27s
2026-03-16 12:49:45,834 [INFO]   S2 Ep  35/160  train 1.3300 / 68.7%  val 1.4003 / 82.8%  lr 2.87e-05    27s
2026-03-16 12:50:12,389 [INFO]   S2 Ep  36/160  train 1.3075 / 69.4%  val 1.3822 / 83.1%  lr 2.86e-05    27s
2026-03-16 12:50:38,922 [INFO]   S2 Ep  37/160  train 1.2351 / 72.2%  val 1.3821 / 83.1%  lr 2.85e-05    27s
2026-03-16 12:51:05,475 [INFO]   S2 Ep  38/160  train 1.2935 / 70.2%  val 1.3986 / 82.6%  lr 2.83e-05    27s
2026-03-16 12:51:32,097 [INFO]   S2 Ep  39/160  train 1.2648 / 70.6%  val 1.4000 / 82.3%  lr 2.82e-05    27s
2026-03-16 12:51:58,638 [INFO]   S2 Ep  40/160  train 1.3022 / 69.0%  val 1.3846 / 83.3%  lr 2.80e-05    27s
2026-03-16 12:52:25,244 [INFO]   S2 Ep  41/160  train 1.2747 / 70.2%  val 1.3811 / 82.9%  lr 2.78e-05    27s
2026-03-16 12:52:51,982 [INFO]   S2 Ep  42/160  train 1.2820 / 70.0%  val 1.3897 / 82.9%  lr 2.77e-05    27s
2026-03-16 12:52:51,982 [INFO]   Early stopping at S2 epoch 42
2026-03-16 12:52:51,982 [INFO]   Fold 2 best val acc: 83.69%
2026-03-16 12:52:52,293 [INFO] ================================================================
2026-03-16 12:52:52,293 [INFO] FOLD 3 / 5
2026-03-16 12:52:52,293 [INFO] ================================================================
2026-03-16 12:52:52,295 [INFO]   Train: 11794 (orig 11794 + PL 0)  |  Val: 2948
2026-03-16 12:52:52,669 [INFO] Loading pretrained weights from Hugging Face hub (timm/swin_small_patch4_window7_224.ms_in22k_ft_in1k)
2026-03-16 12:52:52,962 [INFO] HTTP Request: HEAD https://huggingface.co/timm/swin_small_patch4_window7_224.ms_in22k_ft_in1k/resolve/main/model.safetensors "HTTP/1.1 302 Found"
2026-03-16 12:52:52,964 [INFO] [timm/swin_small_patch4_window7_224.ms_in22k_ft_in1k] Safe alternative available for 'pytorch_model.bin' (as 'model.safetensors'). Loading weights using safetensors.
2026-03-16 12:52:53,237 [INFO]   Born-again ← best_fold2.pt: loaded 329, skipped 0 (val 85.11%)
2026-03-16 12:52:53,239 [INFO] Model: swin_small_patch4_window7_224.ms_in22k_ft_in1k  |  48.93M params
2026-03-16 12:52:53,239 [INFO] ── Stage 1: head-only + KD (10 epochs) ──
2026-03-16 12:53:05,031 [INFO]   S1 Ep  1/10  train 0.6684 / 94.6%  val 1.2617 / 85.0%    12s
2026-03-16 12:53:05,265 [INFO]   ★ best 85.04%
2026-03-16 12:53:16,528 [INFO]   S1 Ep  2/10  train 0.6674 / 94.4%  val 1.2729 / 84.9%    11s
2026-03-16 12:53:27,656 [INFO]   S1 Ep  3/10  train 0.6684 / 94.4%  val 1.2756 / 85.1%    11s
2026-03-16 12:53:27,922 [INFO]   ★ best 85.14%
2026-03-16 12:53:39,009 [INFO]   S1 Ep  4/10  train 0.6639 / 94.4%  val 1.2773 / 84.8%    11s
2026-03-16 12:53:50,201 [INFO]   S1 Ep  5/10  train 0.6671 / 94.2%  val 1.2777 / 85.0%    11s
2026-03-16 12:54:01,346 [INFO]   S1 Ep  6/10  train 0.6602 / 94.7%  val 1.2764 / 85.2%    11s
2026-03-16 12:54:01,622 [INFO]   ★ best 85.21%
2026-03-16 12:54:12,677 [INFO]   S1 Ep  7/10  train 0.6571 / 94.7%  val 1.2761 / 85.2%    11s
2026-03-16 12:54:23,693 [INFO]   S1 Ep  8/10  train 0.6545 / 94.7%  val 1.2755 / 85.0%    11s
2026-03-16 12:54:34,802 [INFO]   S1 Ep  9/10  train 0.6509 / 95.1%  val 1.2761 / 85.2%    11s
2026-03-16 12:54:45,837 [INFO]   S1 Ep 10/10  train 0.6492 / 95.0%  val 1.2760 / 85.2%    11s
2026-03-16 12:54:45,837 [INFO] Stage 1 done — best val: 85.21%
2026-03-16 12:54:45,837 [INFO] ── Stage 2: full fine-tuning + KD (160 epochs, patience 40) ──
2026-03-16 12:54:45,839 [INFO] LLRD: 12 groups, LR [9.83e-06 … 3.00e-05]
2026-03-16 12:55:12,475 [INFO]   S2 Ep   1/160  train 1.3309 / 68.8%  val 1.2681 / 85.0%  lr 1.48e-06    27s
2026-03-16 12:55:39,020 [INFO]   S2 Ep   2/160  train 1.3505 / 68.2%  val 1.2672 / 85.3%  lr 2.30e-06    27s
2026-03-16 12:55:39,299 [INFO]   ★ best 85.31% → /data/slr/checkpoints_vit_v7/best_fold2.pt
2026-03-16 12:56:06,107 [INFO]   S2 Ep   3/160  train 1.3346 / 68.5%  val 1.2675 / 85.1%  lr 3.63e-06    27s
2026-03-16 12:56:32,610 [INFO]   S2 Ep   4/160  train 1.3014 / 70.6%  val 1.2706 / 85.0%  lr 5.42e-06    27s
2026-03-16 12:56:59,110 [INFO]   S2 Ep   5/160  train 1.3462 / 69.0%  val 1.2707 / 85.1%  lr 7.60e-06    26s
2026-03-16 12:57:25,637 [INFO]   S2 Ep   6/160  train 1.3610 / 67.9%  val 1.2681 / 84.8%  lr 1.01e-05    27s
2026-03-16 12:57:52,168 [INFO]   S2 Ep   7/160  train 1.3154 / 69.7%  val 1.2790 / 84.8%  lr 1.28e-05    27s
2026-03-16 12:58:18,718 [INFO]   S2 Ep   8/160  train 1.3026 / 70.0%  val 1.2745 / 84.8%  lr 1.56e-05    27s
2026-03-16 12:58:45,397 [INFO]   S2 Ep   9/160  train 1.2838 / 70.8%  val 1.2797 / 85.0%  lr 1.84e-05    27s
2026-03-16 12:59:11,942 [INFO]   S2 Ep  10/160  train 1.3779 / 67.2%  val 1.2875 / 84.7%  lr 2.11e-05    27s
2026-03-16 12:59:38,498 [INFO]   S2 Ep  11/160  train 1.3045 / 70.7%  val 1.2817 / 84.9%  lr 2.36e-05    27s
2026-03-16 13:00:05,020 [INFO]   S2 Ep  12/160  train 1.3720 / 66.4%  val 1.3013 / 84.3%  lr 2.58e-05    27s
2026-03-16 13:00:31,627 [INFO]   S2 Ep  13/160  train 1.3536 / 67.5%  val 1.2871 / 84.7%  lr 2.76e-05    27s
2026-03-16 13:00:58,230 [INFO]   S2 Ep  14/160  train 1.3628 / 66.9%  val 1.2810 / 84.9%  lr 2.89e-05    27s
2026-03-16 13:01:24,967 [INFO]   S2 Ep  15/160  train 1.3215 / 68.7%  val 1.2946 / 84.6%  lr 2.97e-05    27s
2026-03-16 13:01:51,477 [INFO]   S2 Ep  16/160  train 1.3225 / 69.2%  val 1.2995 / 84.7%  lr 3.00e-05    27s
2026-03-16 13:02:18,011 [INFO]   S2 Ep  17/160  train 1.3207 / 68.5%  val 1.2881 / 85.0%  lr 3.00e-05    27s
2026-03-16 13:02:44,606 [INFO]   S2 Ep  18/160  train 1.3665 / 67.0%  val 1.2890 / 84.9%  lr 3.00e-05    27s
2026-03-16 13:03:11,131 [INFO]   S2 Ep  19/160  train 1.3372 / 67.7%  val 1.3010 / 85.1%  lr 3.00e-05    27s
2026-03-16 13:03:37,684 [INFO]   S2 Ep  20/160  train 1.3268 / 68.9%  val 1.3121 / 84.7%  lr 2.99e-05    27s
2026-03-16 13:04:04,391 [INFO]   S2 Ep  21/160  train 1.3849 / 66.1%  val 1.3180 / 84.4%  lr 2.99e-05    27s
2026-03-16 13:04:30,945 [INFO]   S2 Ep  22/160  train 1.3154 / 68.8%  val 1.3021 / 84.7%  lr 2.99e-05    27s
2026-03-16 13:04:57,504 [INFO]   S2 Ep  23/160  train 1.3047 / 69.3%  val 1.2929 / 85.0%  lr 2.98e-05    27s
2026-03-16 13:05:24,141 [INFO]   S2 Ep  24/160  train 1.3084 / 69.7%  val 1.2981 / 84.4%  lr 2.98e-05    27s
2026-03-16 13:05:50,707 [INFO]   S2 Ep  25/160  train 1.3251 / 68.3%  val 1.3036 / 84.5%  lr 2.97e-05    27s
2026-03-16 13:06:17,225 [INFO]   S2 Ep  26/160  train 1.2972 / 69.7%  val 1.3103 / 83.8%  lr 2.96e-05    27s
2026-03-16 13:06:43,892 [INFO]   S2 Ep  27/160  train 1.2879 / 70.1%  val 1.3225 / 84.0%  lr 2.96e-05    27s
2026-03-16 13:07:10,428 [INFO]   S2 Ep  28/160  train 1.3347 / 68.2%  val 1.2954 / 84.3%  lr 2.95e-05    27s
2026-03-16 13:07:36,954 [INFO]   S2 Ep  29/160  train 1.2710 / 71.1%  val 1.3055 / 84.9%  lr 2.94e-05    27s
2026-03-16 13:08:03,496 [INFO]   S2 Ep  30/160  train 1.3618 / 67.2%  val 1.2869 / 84.9%  lr 2.93e-05    27s
2026-03-16 13:08:30,031 [INFO]   S2 Ep  31/160  train 1.2912 / 69.8%  val 1.2978 / 84.5%  lr 2.92e-05    27s
2026-03-16 13:08:56,566 [INFO]   S2 Ep  32/160  train 1.3115 / 69.4%  val 1.2892 / 85.3%  lr 2.91e-05    27s
2026-03-16 13:09:23,284 [INFO]   S2 Ep  33/160  train 1.3116 / 68.9%  val 1.3125 / 84.4%  lr 2.90e-05    27s
2026-03-16 13:09:49,804 [INFO]   S2 Ep  34/160  train 1.2869 / 69.9%  val 1.3135 / 84.3%  lr 2.89e-05    27s
2026-03-16 13:10:16,314 [INFO]   S2 Ep  35/160  train 1.3219 / 69.4%  val 1.2984 / 84.9%  lr 2.87e-05    27s
2026-03-16 13:10:42,863 [INFO]   S2 Ep  36/160  train 1.3063 / 69.5%  val 1.3066 / 84.1%  lr 2.86e-05    27s
2026-03-16 13:11:09,394 [INFO]   S2 Ep  37/160  train 1.3112 / 68.6%  val 1.3085 / 84.6%  lr 2.85e-05    27s
2026-03-16 13:11:35,894 [INFO]   S2 Ep  38/160  train 1.2931 / 69.8%  val 1.2946 / 84.9%  lr 2.83e-05    26s
2026-03-16 13:12:02,602 [INFO]   S2 Ep  39/160  train 1.2720 / 70.3%  val 1.2836 / 85.2%  lr 2.82e-05    27s
2026-03-16 13:12:29,140 [INFO]   S2 Ep  40/160  train 1.3191 / 69.1%  val 1.2948 / 84.8%  lr 2.80e-05    27s
2026-03-16 13:12:55,682 [INFO]   S2 Ep  41/160  train 1.2847 / 69.7%  val 1.2886 / 85.3%  lr 2.78e-05    27s
2026-03-16 13:12:55,943 [INFO]   ★ best 85.35% → /data/slr/checkpoints_vit_v7/best_fold2.pt
2026-03-16 13:13:22,551 [INFO]   S2 Ep  42/160  train 1.2754 / 70.7%  val 1.3005 / 84.9%  lr 2.77e-05    27s
2026-03-16 13:13:49,104 [INFO]   S2 Ep  43/160  train 1.2799 / 70.4%  val 1.2953 / 84.6%  lr 2.75e-05    27s
2026-03-16 13:14:15,653 [INFO]   S2 Ep  44/160  train 1.3663 / 66.5%  val 1.3022 / 84.4%  lr 2.73e-05    27s
2026-03-16 13:14:42,273 [INFO]   S2 Ep  45/160  train 1.3025 / 69.4%  val 1.2997 / 84.8%  lr 2.71e-05    27s
2026-03-16 13:15:08,778 [INFO]   S2 Ep  46/160  train 1.2961 / 69.5%  val 1.2953 / 84.8%  lr 2.69e-05    27s
2026-03-16 13:15:35,320 [INFO]   S2 Ep  47/160  train 1.2937 / 69.3%  val 1.2922 / 85.0%  lr 2.67e-05    27s
2026-03-16 13:16:01,816 [INFO]   S2 Ep  48/160  train 1.3081 / 69.6%  val 1.2915 / 84.4%  lr 2.65e-05    26s
2026-03-16 13:16:28,361 [INFO]   S2 Ep  49/160  train 1.3280 / 67.4%  val 1.2836 / 85.4%  lr 2.63e-05    27s
2026-03-16 13:16:28,619 [INFO]   ★ best 85.41% → /data/slr/checkpoints_vit_v7/best_fold2.pt
2026-03-16 13:16:55,197 [INFO]   S2 Ep  50/160  train 1.3068 / 69.3%  val 1.2869 / 85.4%  lr 2.61e-05    27s
2026-03-16 13:16:55,454 [INFO]   ★ best 85.45% → /data/slr/checkpoints_vit_v7/best_fold2.pt
2026-03-16 13:17:22,153 [INFO]   S2 Ep  51/160  train 1.2850 / 69.9%  val 1.2865 / 85.1%  lr 2.58e-05    27s
2026-03-16 13:17:48,707 [INFO]   S2 Ep  52/160  train 1.2380 / 71.7%  val 1.2859 / 84.9%  lr 2.56e-05    27s
2026-03-16 13:18:15,257 [INFO]   S2 Ep  53/160  train 1.2895 / 69.5%  val 1.2893 / 85.1%  lr 2.54e-05    27s
2026-03-16 13:18:41,797 [INFO]   S2 Ep  54/160  train 1.2874 / 70.1%  val 1.2932 / 85.1%  lr 2.51e-05    27s
2026-03-16 13:19:08,336 [INFO]   S2 Ep  55/160  train 1.3428 / 67.2%  val 1.2944 / 85.4%  lr 2.49e-05    27s
2026-03-16 13:19:34,872 [INFO]   S2 Ep  56/160  train 1.2866 / 69.8%  val 1.2914 / 84.7%  lr 2.46e-05    27s
2026-03-16 13:20:01,530 [INFO]   S2 Ep  57/160  train 1.2924 / 70.1%  val 1.2984 / 84.6%  lr 2.44e-05    27s
2026-03-16 13:20:28,111 [INFO]   S2 Ep  58/160  train 1.3019 / 69.2%  val 1.2849 / 85.0%  lr 2.41e-05    27s
2026-03-16 13:20:54,680 [INFO]   S2 Ep  59/160  train 1.2592 / 70.8%  val 1.2888 / 85.3%  lr 2.39e-05    27s
2026-03-16 13:21:21,241 [INFO]   S2 Ep  60/160  train 1.2427 / 71.5%  val 1.3037 / 84.6%  lr 2.36e-05    27s
2026-03-16 13:21:47,713 [INFO]   S2 Ep  61/160  train 1.3029 / 68.8%  val 1.2996 / 85.0%  lr 2.33e-05    26s
2026-03-16 13:22:14,254 [INFO]   S2 Ep  62/160  train 1.2649 / 70.1%  val 1.2951 / 85.0%  lr 2.31e-05    27s
2026-03-16 13:22:40,948 [INFO]   S2 Ep  63/160  train 1.2308 / 72.1%  val 1.2955 / 85.1%  lr 2.28e-05    27s
2026-03-16 13:23:07,510 [INFO]   S2 Ep  64/160  train 1.2538 / 71.2%  val 1.2856 / 85.4%  lr 2.25e-05    27s
2026-03-16 13:23:34,043 [INFO]   S2 Ep  65/160  train 1.2671 / 70.5%  val 1.2816 / 85.2%  lr 2.22e-05    27s
2026-03-16 13:24:00,596 [INFO]   S2 Ep  66/160  train 1.2652 / 70.5%  val 1.3050 / 84.9%  lr 2.19e-05    27s
2026-03-16 13:24:27,138 [INFO]   S2 Ep  67/160  train 1.2439 / 71.5%  val 1.2904 / 85.4%  lr 2.16e-05    27s
2026-03-16 13:24:53,663 [INFO]   S2 Ep  68/160  train 1.2921 / 69.4%  val 1.2970 / 85.2%  lr 2.13e-05    27s
2026-03-16 13:25:20,312 [INFO]   S2 Ep  69/160  train 1.2369 / 71.6%  val 1.3041 / 85.2%  lr 2.10e-05    27s
2026-03-16 13:25:46,836 [INFO]   S2 Ep  70/160  train 1.2918 / 69.4%  val 1.2952 / 85.5%  lr 2.07e-05    27s
2026-03-16 13:25:47,096 [INFO]   ★ best 85.52% → /data/slr/checkpoints_vit_v7/best_fold2.pt
2026-03-16 13:26:13,638 [INFO]   S2 Ep  71/160  train 1.2205 / 72.4%  val 1.2808 / 85.4%  lr 2.04e-05    27s
2026-03-16 13:26:40,226 [INFO]   S2 Ep  72/160  train 1.2165 / 72.6%  val 1.2890 / 85.5%  lr 2.01e-05    27s
2026-03-16 13:27:06,784 [INFO]   S2 Ep  73/160  train 1.2438 / 70.9%  val 1.2834 / 85.7%  lr 1.98e-05    27s
2026-03-16 13:27:07,038 [INFO]   ★ best 85.65% → /data/slr/checkpoints_vit_v7/best_fold2.pt
2026-03-16 13:27:33,549 [INFO]   S2 Ep  74/160  train 1.2208 / 72.7%  val 1.2898 / 85.4%  lr 1.95e-05    27s
2026-03-16 13:28:00,277 [INFO]   S2 Ep  75/160  train 1.2816 / 69.2%  val 1.2872 / 85.3%  lr 1.92e-05    27s
2026-03-16 13:28:26,837 [INFO]   S2 Ep  76/160  train 1.2537 / 71.4%  val 1.2814 / 85.6%  lr 1.89e-05    27s
2026-03-16 13:28:53,401 [INFO]   S2 Ep  77/160  train 1.2224 / 72.2%  val 1.3031 / 84.6%  lr 1.86e-05    27s
2026-03-16 13:29:19,905 [INFO]   S2 Ep  78/160  train 1.2977 / 69.4%  val 1.2906 / 85.3%  lr 1.82e-05    27s
2026-03-16 13:29:46,437 [INFO]   S2 Ep  79/160  train 1.2731 / 70.0%  val 1.2974 / 85.2%  lr 1.79e-05    27s
2026-03-16 13:30:12,965 [INFO]   S2 Ep  80/160  train 1.2872 / 69.6%  val 1.2866 / 85.2%  lr 1.76e-05    27s
2026-03-16 13:30:39,637 [INFO]   S2 Ep  81/160  train 1.2058 / 72.8%  val 1.2873 / 85.4%  lr 1.73e-05    27s
2026-03-16 13:31:06,278 [INFO]   S2 Ep  82/160  train 1.2556 / 70.7%  val 1.2865 / 85.0%  lr 1.70e-05    27s
2026-03-16 13:31:32,893 [INFO]   S2 Ep  83/160  train 1.2409 / 71.9%  val 1.2860 / 85.4%  lr 1.66e-05    27s
2026-03-16 13:31:59,476 [INFO]   S2 Ep  84/160  train 1.2573 / 71.6%  val 1.2916 / 85.1%  lr 1.63e-05    27s
2026-03-16 13:32:26,018 [INFO]   S2 Ep  85/160  train 1.2393 / 70.9%  val 1.2920 / 85.0%  lr 1.60e-05    27s
2026-03-16 13:32:52,509 [INFO]   S2 Ep  86/160  train 1.2646 / 70.4%  val 1.2869 / 85.2%  lr 1.57e-05    26s
2026-03-16 13:33:19,051 [INFO]   S2 Ep  87/160  train 1.2385 / 71.8%  val 1.2910 / 85.2%  lr 1.53e-05    27s
2026-03-16 13:33:45,723 [INFO]   S2 Ep  88/160  train 1.2471 / 71.1%  val 1.3017 / 84.8%  lr 1.50e-05    27s
2026-03-16 13:34:12,230 [INFO]   S2 Ep  89/160  train 1.1874 / 73.5%  val 1.2958 / 84.8%  lr 1.47e-05    27s
2026-03-16 13:34:38,755 [INFO]   S2 Ep  90/160  train 1.2632 / 70.4%  val 1.3091 / 85.3%  lr 1.43e-05    27s
2026-03-16 13:35:05,297 [INFO]   S2 Ep  91/160  train 1.2117 / 72.1%  val 1.2998 / 84.6%  lr 1.40e-05    27s
2026-03-16 13:35:31,883 [INFO]   S2 Ep  92/160  train 1.2340 / 71.3%  val 1.2962 / 85.0%  lr 1.37e-05    27s
2026-03-16 13:35:58,388 [INFO]   S2 Ep  93/160  train 1.2160 / 72.5%  val 1.2800 / 85.2%  lr 1.34e-05    27s
2026-03-16 13:36:25,075 [INFO]   S2 Ep  94/160  train 1.2495 / 70.7%  val 1.2801 / 85.5%  lr 1.30e-05    27s
2026-03-16 13:36:51,591 [INFO]   S2 Ep  95/160  train 1.2349 / 71.9%  val 1.2784 / 85.5%  lr 1.27e-05    27s
2026-03-16 13:37:18,079 [INFO]   S2 Ep  96/160  train 1.2297 / 72.7%  val 1.2855 / 85.5%  lr 1.24e-05    26s
2026-03-16 13:37:44,591 [INFO]   S2 Ep  97/160  train 1.2556 / 70.4%  val 1.2863 / 85.3%  lr 1.21e-05    27s
2026-03-16 13:38:11,199 [INFO]   S2 Ep  98/160  train 1.2699 / 70.3%  val 1.3007 / 84.7%  lr 1.18e-05    27s
2026-03-16 13:38:37,779 [INFO]   S2 Ep  99/160  train 1.2310 / 72.2%  val 1.2855 / 85.4%  lr 1.14e-05    27s
2026-03-16 13:39:04,488 [INFO]   S2 Ep 100/160  train 1.2373 / 71.4%  val 1.2828 / 85.4%  lr 1.11e-05    27s
2026-03-16 13:39:31,015 [INFO]   S2 Ep 101/160  train 1.2758 / 70.2%  val 1.2883 / 85.4%  lr 1.08e-05    27s
2026-03-16 13:39:57,545 [INFO]   S2 Ep 102/160  train 1.2562 / 70.0%  val 1.2845 / 85.2%  lr 1.05e-05    27s
2026-03-16 13:40:24,076 [INFO]   S2 Ep 103/160  train 1.2426 / 70.6%  val 1.2789 / 85.1%  lr 1.02e-05    27s
2026-03-16 13:40:50,632 [INFO]   S2 Ep 104/160  train 1.2642 / 71.0%  val 1.2871 / 85.2%  lr 9.87e-06    27s
2026-03-16 13:41:17,242 [INFO]   S2 Ep 105/160  train 1.2135 / 72.2%  val 1.2820 / 85.7%  lr 9.56e-06    27s
2026-03-16 13:41:17,534 [INFO]   ★ best 85.72% → /data/slr/checkpoints_vit_v7/best_fold2.pt
2026-03-16 13:41:44,263 [INFO]   S2 Ep 106/160  train 1.2621 / 70.2%  val 1.2804 / 85.6%  lr 9.26e-06    27s
2026-03-16 13:42:10,800 [INFO]   S2 Ep 107/160  train 1.2415 / 71.0%  val 1.2815 / 85.8%  lr 8.96e-06    27s
2026-03-16 13:42:11,081 [INFO]   ★ best 85.75% → /data/slr/checkpoints_vit_v7/best_fold2.pt
2026-03-16 13:42:37,628 [INFO]   S2 Ep 108/160  train 1.2612 / 69.8%  val 1.2801 / 85.5%  lr 8.66e-06    27s
2026-03-16 13:43:04,226 [INFO]   S2 Ep 109/160  train 1.2302 / 71.9%  val 1.2787 / 85.6%  lr 8.37e-06    27s
2026-03-16 13:43:30,841 [INFO]   S2 Ep 110/160  train 1.2041 / 72.5%  val 1.2795 / 85.8%  lr 8.07e-06    27s
2026-03-16 13:43:57,407 [INFO]   S2 Ep 111/160  train 1.2631 / 70.3%  val 1.2700 / 86.2%  lr 7.78e-06    27s
2026-03-16 13:43:57,671 [INFO]   ★ best 86.16% → /data/slr/checkpoints_vit_v7/best_fold2.pt
2026-03-16 13:44:24,454 [INFO]   S2 Ep 112/160  train 1.2284 / 71.2%  val 1.2765 / 85.9%  lr 7.50e-06    27s
2026-03-16 13:44:51,039 [INFO]   S2 Ep 113/160  train 1.2678 / 70.4%  val 1.2745 / 85.8%  lr 7.22e-06    27s
2026-03-16 13:45:17,605 [INFO]   S2 Ep 114/160  train 1.1421 / 75.2%  val 1.2787 / 86.0%  lr 6.94e-06    27s
2026-03-16 13:45:44,145 [INFO]   S2 Ep 115/160  train 1.2281 / 72.2%  val 1.2799 / 86.0%  lr 6.67e-06    27s
2026-03-16 13:46:10,669 [INFO]   S2 Ep 116/160  train 1.2478 / 72.2%  val 1.2787 / 85.9%  lr 6.40e-06    27s
2026-03-16 13:46:37,236 [INFO]   S2 Ep 117/160  train 1.2646 / 70.7%  val 1.2781 / 85.9%  lr 6.13e-06    27s
2026-03-16 13:47:03,939 [INFO]   S2 Ep 118/160  train 1.2271 / 71.7%  val 1.2783 / 86.0%  lr 5.87e-06    27s
2026-03-16 13:47:30,477 [INFO]   S2 Ep 119/160  train 1.1958 / 73.7%  val 1.2776 / 86.0%  lr 5.61e-06    27s
2026-03-16 13:47:57,110 [INFO]   S2 Ep 120/160  train 1.2461 / 71.0%  val 1.2724 / 85.7%  lr 5.36e-06    27s
2026-03-16 13:48:23,692 [INFO]   S2 Ep 121/160  train 1.2200 / 72.8%  val 1.2711 / 86.1%  lr 5.11e-06    27s
2026-03-16 13:48:50,266 [INFO]   S2 Ep 122/160  train 1.2031 / 72.9%  val 1.2767 / 86.0%  lr 4.87e-06    27s
2026-03-16 13:49:16,849 [INFO]   S2 Ep 123/160  train 1.2339 / 70.6%  val 1.2800 / 85.7%  lr 4.63e-06    27s
2026-03-16 13:49:43,529 [INFO]   S2 Ep 124/160  train 1.1938 / 73.1%  val 1.2784 / 85.9%  lr 4.39e-06    27s
2026-03-16 13:50:10,107 [INFO]   S2 Ep 125/160  train 1.1964 / 73.3%  val 1.2755 / 85.9%  lr 4.16e-06    27s
2026-03-16 13:50:36,688 [INFO]   S2 Ep 126/160  train 1.1847 / 73.5%  val 1.2778 / 86.0%  lr 3.94e-06    27s
2026-03-16 13:51:03,284 [INFO]   S2 Ep 127/160  train 1.2435 / 70.7%  val 1.2730 / 85.9%  lr 3.72e-06    27s
2026-03-16 13:51:29,869 [INFO]   S2 Ep 128/160  train 1.2268 / 71.9%  val 1.2738 / 86.0%  lr 3.51e-06    27s
2026-03-16 13:51:56,443 [INFO]   S2 Ep 129/160  train 1.2170 / 72.6%  val 1.2776 / 85.8%  lr 3.30e-06    27s
2026-03-16 13:52:23,201 [INFO]   S2 Ep 130/160  train 1.2123 / 72.6%  val 1.2740 / 85.9%  lr 3.10e-06    27s
2026-03-16 13:52:49,774 [INFO]   S2 Ep 131/160  train 1.1797 / 73.8%  val 1.2737 / 85.9%  lr 2.90e-06    27s
2026-03-16 13:53:16,334 [INFO]   S2 Ep 132/160  train 1.2297 / 71.3%  val 1.2752 / 85.7%  lr 2.71e-06    27s
2026-03-16 13:53:42,933 [INFO]   S2 Ep 133/160  train 1.2406 / 71.4%  val 1.2744 / 85.7%  lr 2.53e-06    27s
2026-03-16 13:54:09,496 [INFO]   S2 Ep 134/160  train 1.2146 / 71.6%  val 1.2759 / 85.8%  lr 2.35e-06    27s
2026-03-16 13:54:36,064 [INFO]   S2 Ep 135/160  train 1.2341 / 70.8%  val 1.2732 / 85.7%  lr 2.18e-06    27s
2026-03-16 13:55:02,712 [INFO]   S2 Ep 136/160  train 1.2017 / 72.7%  val 1.2740 / 85.8%  lr 2.01e-06    27s
2026-03-16 13:55:29,213 [INFO]   S2 Ep 137/160  train 1.2063 / 72.9%  val 1.2706 / 85.9%  lr 1.85e-06    27s
2026-03-16 13:55:55,774 [INFO]   S2 Ep 138/160  train 1.1788 / 74.4%  val 1.2727 / 85.8%  lr 1.70e-06    27s
2026-03-16 13:56:22,339 [INFO]   S2 Ep 139/160  train 1.1832 / 73.8%  val 1.2713 / 85.7%  lr 1.55e-06    27s
2026-03-16 13:56:48,891 [INFO]   S2 Ep 140/160  train 1.2410 / 71.5%  val 1.2724 / 85.6%  lr 1.41e-06    27s
2026-03-16 13:57:15,377 [INFO]   S2 Ep 141/160  train 1.2163 / 72.3%  val 1.2713 / 85.9%  lr 1.27e-06    26s
2026-03-16 13:57:42,027 [INFO]   S2 Ep 142/160  train 1.2109 / 72.1%  val 1.2720 / 85.8%  lr 1.14e-06    27s
2026-03-16 13:58:08,543 [INFO]   S2 Ep 143/160  train 1.2506 / 70.4%  val 1.2717 / 85.9%  lr 1.02e-06    27s
2026-03-16 13:58:35,127 [INFO]   S2 Ep 144/160  train 1.2299 / 71.6%  val 1.2723 / 85.8%  lr 9.05e-07    27s
2026-03-16 13:59:01,627 [INFO]   S2 Ep 145/160  train 1.1976 / 73.3%  val 1.2743 / 85.8%  lr 7.97e-07    26s
2026-03-16 13:59:28,115 [INFO]   S2 Ep 146/160  train 1.2610 / 70.6%  val 1.2756 / 85.7%  lr 6.95e-07    26s
2026-03-16 13:59:54,595 [INFO]   S2 Ep 147/160  train 1.1781 / 73.4%  val 1.2738 / 85.8%  lr 6.00e-07    26s
2026-03-16 14:00:21,217 [INFO]   S2 Ep 148/160  train 1.2191 / 71.9%  val 1.2736 / 85.8%  lr 5.12e-07    27s
2026-03-16 14:00:47,695 [INFO]   S2 Ep 149/160  train 1.2135 / 72.5%  val 1.2731 / 85.8%  lr 4.31e-07    26s
2026-03-16 14:01:14,154 [INFO]   S2 Ep 150/160  train 1.1776 / 74.4%  val 1.2739 / 85.8%  lr 3.56e-07    26s
2026-03-16 14:01:40,606 [INFO]   S2 Ep 151/160  train 1.1658 / 74.2%  val 1.2731 / 85.8%  lr 2.89e-07    26s
2026-03-16 14:01:40,606 [INFO]   Early stopping at S2 epoch 151
2026-03-16 14:01:40,606 [INFO]   Fold 3 best val acc: 86.16%
2026-03-16 14:01:40,909 [INFO] ================================================================
2026-03-16 14:01:40,909 [INFO] FOLD 4 / 5
2026-03-16 14:01:40,909 [INFO] ================================================================
2026-03-16 14:01:40,912 [INFO]   Train: 11794 (orig 11794 + PL 0)  |  Val: 2948
2026-03-16 14:01:41,347 [INFO] Loading pretrained weights from Hugging Face hub (timm/swin_small_patch4_window7_224.ms_in22k_ft_in1k)
2026-03-16 14:01:41,658 [INFO] HTTP Request: HEAD https://huggingface.co/timm/swin_small_patch4_window7_224.ms_in22k_ft_in1k/resolve/main/model.safetensors "HTTP/1.1 302 Found"
2026-03-16 14:01:41,658 [WARNING] Warning: You are sending unauthenticated requests to the HF Hub. Please set a HF_TOKEN to enable higher rate limits and faster downloads.
2026-03-16 14:01:41,659 [INFO] [timm/swin_small_patch4_window7_224.ms_in22k_ft_in1k] Safe alternative available for 'pytorch_model.bin' (as 'model.safetensors'). Loading weights using safetensors.
2026-03-16 14:01:41,849 [INFO]   Born-again ← best_fold3.pt: loaded 329, skipped 0 (val 85.35%)
2026-03-16 14:01:41,851 [INFO] Model: swin_small_patch4_window7_224.ms_in22k_ft_in1k  |  48.93M params
2026-03-16 14:01:41,851 [INFO] ── Stage 1: head-only + KD (10 epochs) ──
2026-03-16 14:01:53,522 [INFO]   S1 Ep  1/10  train 0.6781 / 94.9%  val 1.2972 / 85.4%    12s
2026-03-16 14:01:53,732 [INFO]   ★ best 85.45%
2026-03-16 14:02:04,763 [INFO]   S1 Ep  2/10  train 0.6663 / 95.0%  val 1.3019 / 85.0%    11s
2026-03-16 14:02:15,791 [INFO]   S1 Ep  3/10  train 0.6587 / 94.8%  val 1.3091 / 85.3%    11s
2026-03-16 14:02:26,805 [INFO]   S1 Ep  4/10  train 0.6598 / 94.8%  val 1.3063 / 85.3%    11s
2026-03-16 14:02:37,796 [INFO]   S1 Ep  5/10  train 0.6545 / 94.9%  val 1.3069 / 85.2%    11s
2026-03-16 14:02:48,829 [INFO]   S1 Ep  6/10  train 0.6504 / 95.1%  val 1.3058 / 85.3%    11s
2026-03-16 14:02:59,831 [INFO]   S1 Ep  7/10  train 0.6537 / 95.0%  val 1.3041 / 85.3%    11s
2026-03-16 14:03:10,840 [INFO]   S1 Ep  8/10  train 0.6514 / 94.9%  val 1.3028 / 85.3%    11s
2026-03-16 14:03:21,931 [INFO]   S1 Ep  9/10  train 0.6506 / 94.9%  val 1.3023 / 85.4%    11s
2026-03-16 14:03:32,965 [INFO]   S1 Ep 10/10  train 0.6524 / 94.9%  val 1.3023 / 85.4%    11s
2026-03-16 14:03:32,965 [INFO] Stage 1 done — best val: 85.45%
2026-03-16 14:03:32,965 [INFO] ── Stage 2: full fine-tuning + KD (160 epochs, patience 40) ──
2026-03-16 14:03:32,967 [INFO] LLRD: 12 groups, LR [9.83e-06 … 3.00e-05]
2026-03-16 14:03:59,516 [INFO]   S2 Ep   1/160  train 1.3491 / 68.9%  val 1.2947 / 85.5%  lr 1.48e-06    27s
2026-03-16 14:03:59,787 [INFO]   ★ best 85.55% → /data/slr/checkpoints_vit_v7/best_fold3.pt
2026-03-16 14:04:26,480 [INFO]   S2 Ep   2/160  train 1.3374 / 69.1%  val 1.2928 / 85.2%  lr 2.30e-06    27s
2026-03-16 14:04:53,032 [INFO]   S2 Ep   3/160  train 1.3292 / 69.1%  val 1.2929 / 85.2%  lr 3.63e-06    27s
2026-03-16 14:05:19,588 [INFO]   S2 Ep   4/160  train 1.3234 / 68.6%  val 1.2925 / 85.3%  lr 5.42e-06    27s
2026-03-16 14:05:46,104 [INFO]   S2 Ep   5/160  train 1.2916 / 70.1%  val 1.2904 / 85.2%  lr 7.60e-06    27s
2026-03-16 14:06:12,695 [INFO]   S2 Ep   6/160  train 1.3042 / 69.6%  val 1.2935 / 85.4%  lr 1.01e-05    27s
2026-03-16 14:06:39,254 [INFO]   S2 Ep   7/160  train 1.3004 / 70.1%  val 1.2981 / 85.1%  lr 1.28e-05    27s
2026-03-16 14:07:05,869 [INFO]   S2 Ep   8/160  train 1.3416 / 67.9%  val 1.3053 / 85.5%  lr 1.56e-05    27s
2026-03-16 14:07:32,416 [INFO]   S2 Ep   9/160  train 1.3342 / 68.6%  val 1.2966 / 85.0%  lr 1.84e-05    27s
2026-03-16 14:07:58,920 [INFO]   S2 Ep  10/160  train 1.2914 / 70.3%  val 1.2990 / 84.7%  lr 2.11e-05    27s
2026-03-16 14:08:25,437 [INFO]   S2 Ep  11/160  train 1.2803 / 71.2%  val 1.3075 / 85.1%  lr 2.36e-05    27s
2026-03-16 14:08:52,003 [INFO]   S2 Ep  12/160  train 1.3070 / 68.8%  val 1.3002 / 84.9%  lr 2.58e-05    27s
2026-03-16 14:09:18,513 [INFO]   S2 Ep  13/160  train 1.3428 / 67.8%  val 1.3127 / 84.8%  lr 2.76e-05    27s
2026-03-16 14:09:45,051 [INFO]   S2 Ep  14/160  train 1.3174 / 68.8%  val 1.3242 / 84.1%  lr 2.89e-05    27s
2026-03-16 14:10:11,710 [INFO]   S2 Ep  15/160  train 1.3225 / 68.8%  val 1.3256 / 85.0%  lr 2.97e-05    27s
2026-03-16 14:10:38,216 [INFO]   S2 Ep  16/160  train 1.3343 / 68.3%  val 1.3145 / 85.1%  lr 3.00e-05    27s
2026-03-16 14:11:04,818 [INFO]   S2 Ep  17/160  train 1.2923 / 70.1%  val 1.3241 / 84.6%  lr 3.00e-05    27s
2026-03-16 14:11:31,338 [INFO]   S2 Ep  18/160  train 1.3583 / 67.1%  val 1.3330 / 84.2%  lr 3.00e-05    27s
2026-03-16 14:11:57,886 [INFO]   S2 Ep  19/160  train 1.2981 / 69.5%  val 1.3322 / 84.5%  lr 3.00e-05    27s
2026-03-16 14:12:24,419 [INFO]   S2 Ep  20/160  train 1.3017 / 69.4%  val 1.3258 / 84.6%  lr 2.99e-05    27s
2026-03-16 14:12:51,096 [INFO]   S2 Ep  21/160  train 1.3443 / 68.0%  val 1.3217 / 84.6%  lr 2.99e-05    27s
2026-03-16 14:13:17,654 [INFO]   S2 Ep  22/160  train 1.3246 / 68.0%  val 1.3252 / 85.0%  lr 2.99e-05    27s
2026-03-16 14:13:44,180 [INFO]   S2 Ep  23/160  train 1.3361 / 67.6%  val 1.3283 / 84.7%  lr 2.98e-05    27s
2026-03-16 14:14:10,712 [INFO]   S2 Ep  24/160  train 1.2625 / 71.9%  val 1.3250 / 84.2%  lr 2.98e-05    27s
2026-03-16 14:14:37,312 [INFO]   S2 Ep  25/160  train 1.2721 / 70.6%  val 1.3214 / 84.4%  lr 2.97e-05    27s
2026-03-16 14:15:03,873 [INFO]   S2 Ep  26/160  train 1.3208 / 68.8%  val 1.3413 / 84.3%  lr 2.96e-05    27s
2026-03-16 14:15:30,548 [INFO]   S2 Ep  27/160  train 1.3150 / 69.1%  val 1.3173 / 84.7%  lr 2.96e-05    27s
2026-03-16 14:15:57,047 [INFO]   S2 Ep  28/160  train 1.2806 / 70.3%  val 1.3213 / 84.8%  lr 2.95e-05    26s
2026-03-16 14:16:23,612 [INFO]   S2 Ep  29/160  train 1.2959 / 69.6%  val 1.3289 / 84.3%  lr 2.94e-05    27s
2026-03-16 14:16:50,103 [INFO]   S2 Ep  30/160  train 1.3054 / 70.1%  val 1.3229 / 84.9%  lr 2.93e-05    26s
2026-03-16 14:17:16,599 [INFO]   S2 Ep  31/160  train 1.3030 / 69.6%  val 1.3358 / 84.8%  lr 2.92e-05    26s
2026-03-16 14:17:43,127 [INFO]   S2 Ep  32/160  train 1.2721 / 70.6%  val 1.3111 / 85.0%  lr 2.91e-05    27s
2026-03-16 14:18:09,794 [INFO]   S2 Ep  33/160  train 1.2937 / 69.5%  val 1.3230 / 85.1%  lr 2.90e-05    27s
2026-03-16 14:18:36,317 [INFO]   S2 Ep  34/160  train 1.2810 / 70.5%  val 1.3319 / 84.9%  lr 2.89e-05    27s
2026-03-16 14:19:02,813 [INFO]   S2 Ep  35/160  train 1.2945 / 70.1%  val 1.3327 / 84.7%  lr 2.87e-05    26s
2026-03-16 14:19:29,343 [INFO]   S2 Ep  36/160  train 1.3091 / 69.4%  val 1.3358 / 84.6%  lr 2.86e-05    27s
2026-03-16 14:19:55,904 [INFO]   S2 Ep  37/160  train 1.3154 / 68.8%  val 1.3199 / 84.8%  lr 2.85e-05    27s
2026-03-16 14:20:22,479 [INFO]   S2 Ep  38/160  train 1.2896 / 69.8%  val 1.3232 / 84.4%  lr 2.83e-05    27s
2026-03-16 14:20:49,161 [INFO]   S2 Ep  39/160  train 1.2433 / 72.1%  val 1.3106 / 84.6%  lr 2.82e-05    27s
2026-03-16 14:21:15,735 [INFO]   S2 Ep  40/160  train 1.2845 / 70.0%  val 1.3235 / 84.2%  lr 2.80e-05    27s
2026-03-16 14:21:42,287 [INFO]   S2 Ep  41/160  train 1.3166 / 68.0%  val 1.3328 / 84.7%  lr 2.78e-05    27s
2026-03-16 14:21:42,287 [INFO]   Early stopping at S2 epoch 41
2026-03-16 14:21:42,287 [INFO]   Fold 4 best val acc: 85.55%
2026-03-16 14:21:42,605 [INFO] ================================================================
2026-03-16 14:21:42,605 [INFO] FOLD 5 / 5
2026-03-16 14:21:42,605 [INFO] ================================================================
2026-03-16 14:21:42,607 [INFO]   Train: 11794 (orig 11794 + PL 0)  |  Val: 2948
2026-03-16 14:21:43,012 [INFO] Loading pretrained weights from Hugging Face hub (timm/swin_small_patch4_window7_224.ms_in22k_ft_in1k)
2026-03-16 14:21:43,183 [INFO] HTTP Request: HEAD https://huggingface.co/timm/swin_small_patch4_window7_224.ms_in22k_ft_in1k/resolve/main/model.safetensors "HTTP/1.1 302 Found"
2026-03-16 14:21:43,184 [INFO] [timm/swin_small_patch4_window7_224.ms_in22k_ft_in1k] Safe alternative available for 'pytorch_model.bin' (as 'model.safetensors'). Loading weights using safetensors.
2026-03-16 14:21:43,383 [INFO]   Born-again ← best_fold4.pt: loaded 329, skipped 0 (val 85.58%)
2026-03-16 14:21:43,384 [INFO] Model: swin_small_patch4_window7_224.ms_in22k_ft_in1k  |  48.93M params
2026-03-16 14:21:43,384 [INFO] ── Stage 1: head-only + KD (10 epochs) ──
2026-03-16 14:21:55,002 [INFO]   S1 Ep  1/10  train 0.5659 / 97.7%  val 1.3228 / 85.6%    12s
2026-03-16 14:21:55,215 [INFO]   ★ best 85.58%
2026-03-16 14:22:06,240 [INFO]   S1 Ep  2/10  train 0.5686 / 97.7%  val 1.3280 / 85.3%    11s
2026-03-16 14:22:17,305 [INFO]   S1 Ep  3/10  train 0.5665 / 97.8%  val 1.3272 / 85.6%    11s
2026-03-16 14:22:17,559 [INFO]   ★ best 85.62%
2026-03-16 14:22:28,623 [INFO]   S1 Ep  4/10  train 0.5665 / 97.7%  val 1.3266 / 85.4%    11s
2026-03-16 14:22:39,629 [INFO]   S1 Ep  5/10  train 0.5694 / 97.7%  val 1.3238 / 85.5%    11s
2026-03-16 14:22:50,692 [INFO]   S1 Ep  6/10  train 0.5657 / 97.8%  val 1.3233 / 85.3%    11s
2026-03-16 14:23:01,728 [INFO]   S1 Ep  7/10  train 0.5662 / 97.6%  val 1.3242 / 85.4%    11s
2026-03-16 14:23:12,736 [INFO]   S1 Ep  8/10  train 0.5655 / 97.9%  val 1.3239 / 85.5%    11s
2026-03-16 14:23:23,799 [INFO]   S1 Ep  9/10  train 0.5654 / 97.7%  val 1.3232 / 85.4%    11s
2026-03-16 14:23:34,834 [INFO]   S1 Ep 10/10  train 0.5667 / 97.6%  val 1.3231 / 85.4%    11s
2026-03-16 14:23:34,834 [INFO] Stage 1 done — best val: 85.62%
2026-03-16 14:23:34,834 [INFO] ── Stage 2: full fine-tuning + KD (160 epochs, patience 40) ──
2026-03-16 14:23:34,836 [INFO] LLRD: 12 groups, LR [9.83e-06 … 3.00e-05]
2026-03-16 14:24:01,432 [INFO]   S2 Ep   1/160  train 1.1724 / 73.2%  val 1.3176 / 85.5%  lr 1.48e-06    27s
2026-03-16 14:24:28,002 [INFO]   S2 Ep   2/160  train 1.1874 / 72.2%  val 1.3155 / 85.2%  lr 2.30e-06    27s
2026-03-16 14:24:54,728 [INFO]   S2 Ep   3/160  train 1.1630 / 74.6%  val 1.3145 / 85.6%  lr 3.63e-06    27s
2026-03-16 14:25:21,252 [INFO]   S2 Ep   4/160  train 1.2150 / 71.4%  val 1.3183 / 85.4%  lr 5.42e-06    27s
2026-03-16 14:25:47,825 [INFO]   S2 Ep   5/160  train 1.1774 / 73.7%  val 1.3178 / 85.3%  lr 7.60e-06    27s
2026-03-16 14:26:14,408 [INFO]   S2 Ep   6/160  train 1.2462 / 70.1%  val 1.3157 / 85.5%  lr 1.01e-05    27s
2026-03-16 14:26:40,933 [INFO]   S2 Ep   7/160  train 1.1366 / 75.5%  val 1.3160 / 85.5%  lr 1.28e-05    27s
2026-03-16 14:27:07,501 [INFO]   S2 Ep   8/160  train 1.1831 / 72.8%  val 1.3187 / 85.2%  lr 1.56e-05    27s
2026-03-16 14:27:34,240 [INFO]   S2 Ep   9/160  train 1.2016 / 71.9%  val 1.3234 / 84.9%  lr 1.84e-05    27s
2026-03-16 14:28:00,794 [INFO]   S2 Ep  10/160  train 1.2152 / 70.7%  val 1.3390 / 85.2%  lr 2.11e-05    27s
2026-03-16 14:28:27,393 [INFO]   S2 Ep  11/160  train 1.2101 / 70.7%  val 1.3292 / 85.4%  lr 2.36e-05    27s
2026-03-16 14:28:53,998 [INFO]   S2 Ep  12/160  train 1.1775 / 73.5%  val 1.3418 / 85.2%  lr 2.58e-05    27s
2026-03-16 14:29:20,621 [INFO]   S2 Ep  13/160  train 1.1897 / 72.3%  val 1.3373 / 84.8%  lr 2.76e-05    27s
2026-03-16 14:29:47,155 [INFO]   S2 Ep  14/160  train 1.1761 / 72.9%  val 1.3433 / 85.0%  lr 2.89e-05    27s
2026-03-16 14:30:13,822 [INFO]   S2 Ep  15/160  train 1.2592 / 69.8%  val 1.3789 / 84.2%  lr 2.97e-05    27s
2026-03-16 14:30:40,412 [INFO]   S2 Ep  16/160  train 1.1683 / 74.1%  val 1.3574 / 84.4%  lr 3.00e-05    27s
2026-03-16 14:31:06,962 [INFO]   S2 Ep  17/160  train 1.1879 / 73.1%  val 1.3592 / 84.1%  lr 3.00e-05    27s
2026-03-16 14:31:33,552 [INFO]   S2 Ep  18/160  train 1.2127 / 71.7%  val 1.3535 / 84.7%  lr 3.00e-05    27s
2026-03-16 14:32:00,148 [INFO]   S2 Ep  19/160  train 1.2214 / 71.7%  val 1.3474 / 84.4%  lr 3.00e-05    27s
2026-03-16 14:32:26,716 [INFO]   S2 Ep  20/160  train 1.1528 / 74.6%  val 1.3624 / 84.3%  lr 2.99e-05    27s
2026-03-16 14:32:53,436 [INFO]   S2 Ep  21/160  train 1.2322 / 71.2%  val 1.3473 / 85.1%  lr 2.99e-05    27s
2026-03-16 14:33:19,964 [INFO]   S2 Ep  22/160  train 1.1952 / 73.3%  val 1.3591 / 84.7%  lr 2.99e-05    27s
2026-03-16 14:33:46,507 [INFO]   S2 Ep  23/160  train 1.2089 / 71.7%  val 1.3451 / 85.4%  lr 2.98e-05    27s
2026-03-16 14:34:13,066 [INFO]   S2 Ep  24/160  train 1.2104 / 72.3%  val 1.3610 / 84.1%  lr 2.98e-05    27s
2026-03-16 14:34:39,606 [INFO]   S2 Ep  25/160  train 1.2036 / 73.1%  val 1.3483 / 84.9%  lr 2.97e-05    27s
2026-03-16 14:35:06,122 [INFO]   S2 Ep  26/160  train 1.2312 / 71.3%  val 1.3583 / 84.5%  lr 2.96e-05    27s
2026-03-16 14:35:32,738 [INFO]   S2 Ep  27/160  train 1.2026 / 72.9%  val 1.3393 / 84.6%  lr 2.96e-05    27s
2026-03-16 14:35:59,311 [INFO]   S2 Ep  28/160  train 1.2015 / 71.4%  val 1.3503 / 84.4%  lr 2.95e-05    27s
2026-03-16 14:36:25,859 [INFO]   S2 Ep  29/160  train 1.2583 / 69.6%  val 1.3512 / 85.0%  lr 2.94e-05    27s
2026-03-16 14:36:52,426 [INFO]   S2 Ep  30/160  train 1.2558 / 70.1%  val 1.3467 / 85.1%  lr 2.93e-05    27s
2026-03-16 14:37:18,954 [INFO]   S2 Ep  31/160  train 1.1788 / 73.8%  val 1.3528 / 84.7%  lr 2.92e-05    27s
2026-03-16 14:37:45,711 [INFO]   S2 Ep  32/160  train 1.1784 / 73.8%  val 1.3644 / 84.3%  lr 2.91e-05    27s
2026-03-16 14:38:12,377 [INFO]   S2 Ep  33/160  train 1.1710 / 73.7%  val 1.3527 / 85.2%  lr 2.90e-05    27s
2026-03-16 14:38:38,917 [INFO]   S2 Ep  34/160  train 1.1918 / 72.9%  val 1.3734 / 85.0%  lr 2.89e-05    27s
2026-03-16 14:39:05,458 [INFO]   S2 Ep  35/160  train 1.2135 / 71.9%  val 1.3593 / 84.6%  lr 2.87e-05    27s
2026-03-16 14:39:31,982 [INFO]   S2 Ep  36/160  train 1.2407 / 70.5%  val 1.3571 / 84.4%  lr 2.86e-05    27s
2026-03-16 14:39:58,542 [INFO]   S2 Ep  37/160  train 1.1707 / 74.2%  val 1.3683 / 84.5%  lr 2.85e-05    27s
2026-03-16 14:40:25,070 [INFO]   S2 Ep  38/160  train 1.1597 / 74.0%  val 1.3495 / 85.2%  lr 2.83e-05    27s
2026-03-16 14:40:51,719 [INFO]   S2 Ep  39/160  train 1.2035 / 72.6%  val 1.3313 / 85.4%  lr 2.82e-05    27s
2026-03-16 14:41:18,270 [INFO]   S2 Ep  40/160  train 1.2045 / 72.7%  val 1.3571 / 84.9%  lr 2.80e-05    27s
2026-03-16 14:41:18,270 [INFO]   Early stopping at S2 epoch 40
2026-03-16 14:41:18,270 [INFO]   Fold 5 best val acc: 85.62%
2026-03-16 14:41:18,570 [INFO] ================================================================
2026-03-16 14:41:18,570 [INFO] 5-FOLD CV RESULTS
2026-03-16 14:41:18,570 [INFO] ================================================================
2026-03-16 14:41:18,570 [INFO]   Fold 1 : 84.84%
2026-03-16 14:41:18,570 [INFO]   Fold 2 : 83.69%
2026-03-16 14:41:18,570 [INFO]   Fold 3 : 86.16%
2026-03-16 14:41:18,570 [INFO]   Fold 4 : 85.55%
2026-03-16 14:41:18,570 [INFO]   Fold 5 : 85.62%
2026-03-16 14:41:18,570 [INFO]   Mean  : 85.17% ± 0.85%
2026-03-16 14:41:18,571 [INFO] Loading ViT v7 checkpoints …
2026-03-16 14:41:56,055 [INFO] Submission (no TTA) → /data/slr/checkpoints_vit_v7/submission_no_tta.csv  (9828 rows)
2026-03-16 14:41:56,055 [INFO] Running 10-way TTA × 5 folds …
2026-03-16 14:47:39,210 [INFO] Submission (TTA) → /data/slr/checkpoints_vit_v7/submission_tta.csv
2026-03-16 14:47:39,211 [INFO] TTA changed 281 / 9828 (2.9%)
2026-03-16 14:47:39,224 [INFO] Saved vit_v7 TTA probs → /data/slr/checkpoints_vit_v7/eval_probs_tta.pt
2026-03-16 14:47:39,224 [INFO] Loading CNN v7 for cross-arch ensemble …
2026-03-16 14:50:36,563 [INFO] Submission (ViT v7 + CNN v7) → /data/slr/checkpoints_vit_v7/submission_vit7+cnn7_ensemble.csv
2026-03-16 14:50:36,563 [INFO] Ensemble differs from ViT-only in 529 predictions
2026-03-16 14:50:36,563 [INFO] Done.
