2026-03-23 12:17:45,987 [INFO] GPU: NVIDIA H200
2026-03-23 12:17:45,987 [INFO] Config: {
  "data_dir": "/data/slr/track2_",
  "output_dir": "/data/slr/checkpoints_v80",
  "max_frames": 48,
  "img_size": 224,
  "n_classes": 126,
  "channel_means": [
    -64.3217,
    -62.9119,
    -63.9254
  ],
  "channel_stds": [
    12.5721,
    11.662,
    11.7259
  ],
  "n_folds": 5,
  "batch_size": 48,
  "num_workers": 2,
  "stage1_epochs": 5,
  "stage1_lr": 0.0002,
  "stage2_epochs": 150,
  "stage2_lr": 4e-05,
  "swa_epochs": 20,
  "swa_lr": 4e-06,
  "weight_decay": 0.05,
  "warmup_pct": 0.05,
  "label_smoothing": 0.1,
  "early_stopping_patience": 30,
  "grad_clip_norm": 1.0,
  "llrd_decay": 0.75,
  "mixup_alpha": 0.4,
  "cutmix_alpha": 1.0,
  "cutmix_prob": 0.5,
  "time_mask_max": 8,
  "range_mask_max": 30,
  "noise_std": 0.1,
  "time_warp_lo": 0.8,
  "time_warp_hi": 1.2,
  "time_reverse_prob": 0.5,
  "channel_shuffle_prob": 0.2,
  "channel_drop_prob": 0.1,
  "random_erase_prob": 0.2,
  "circ_shift_prob": 0.3,
  "circ_shift_max": 8,
  "amp_scale_prob": 0.5,
  "amp_scale_lo": 0.8,
  "amp_scale_hi": 1.2,
  "model_name": "convnextv2_tiny.fcmae_ft_in22k_in1k",
  "drop_path_rate": 0.2,
  "proj_dim": 512,
  "drop_rate": 0.3,
  "ms_dropout_samples": 5,
  "seed": 42
}
2026-03-23 12:17:45,987 [INFO] Motion-weighted range bins | born-again v66 | Fold 0
2026-03-23 12:17:46,067 [INFO] Train: 14742 | Eval: 9828
2026-03-23 12:17:50,951 [INFO] ================================================================
2026-03-23 12:17:50,952 [INFO] FOLD 0 — Motion-weighted range bins
2026-03-23 12:17:50,952 [INFO] ================================================================
2026-03-23 12:17:50,953 [INFO]   Train: 11793 | Val: 2949
2026-03-23 12:17:51,183 [INFO] Loading pretrained weights from Hugging Face hub (timm/convnextv2_tiny.fcmae_ft_in22k_in1k)
2026-03-23 12:17:51,243 [INFO] HTTP Request: HEAD https://huggingface.co/timm/convnextv2_tiny.fcmae_ft_in22k_in1k/resolve/main/model.safetensors "HTTP/1.1 302 Found"
2026-03-23 12:17:51,244 [INFO] [timm/convnextv2_tiny.fcmae_ft_in22k_in1k] Safe alternative available for 'pytorch_model.bin' (as 'model.safetensors'). Loading weights using safetensors.
2026-03-23 12:17:51,265 [INFO] Missing keys (head.fc.weight, head.fc.bias) discovered while loading pretrained weights. This is expected if model is being adapted.
2026-03-23 12:17:51,556 [INFO]   Born-again ← best_fold0.pt (val 90.84%)
2026-03-23 12:17:51,558 [INFO] ── Stage 1: head warmup (5 ep) ──
2026-03-23 12:18:22,643 [INFO]   S1 Ep 1/5  loss=0.9929 acc=94.1%  val=86.5%  31s
2026-03-23 12:18:22,785 [INFO]   ★ best 86.50%
2026-03-23 12:18:38,178 [INFO]   S1 Ep 2/5  loss=0.9786 acc=94.6%  val=86.8%  15s
2026-03-23 12:18:38,331 [INFO]   ★ best 86.81%
2026-03-23 12:18:54,439 [INFO]   S1 Ep 3/5  loss=0.9765 acc=94.8%  val=86.7%  16s
2026-03-23 12:19:09,850 [INFO]   S1 Ep 4/5  loss=0.9857 acc=94.2%  val=86.9%  15s
2026-03-23 12:19:10,019 [INFO]   ★ best 86.91%
2026-03-23 12:19:25,715 [INFO]   S1 Ep 5/5  loss=0.9837 acc=94.4%  val=86.9%  16s
2026-03-23 12:19:25,716 [INFO] ── Stage 2: full fine-tune (150 ep, patience 30) ──
2026-03-23 12:19:25,717 [INFO] LLRD: 12 groups, LR [9.49e-06 … 4.00e-05]
2026-03-23 12:19:52,304 [INFO]   S2 Ep   1/150  loss=2.0325 acc=68.3%  val=87.6%  lr=3.26e-06    27s
2026-03-23 12:19:52,487 [INFO]   ★ best 87.59%
2026-03-23 12:20:08,249 [INFO]   S2 Ep   2/150  loss=1.9680 acc=69.4%  val=88.0%  lr=7.96e-06    16s
2026-03-23 12:20:08,417 [INFO]   ★ best 88.03%
2026-03-23 12:20:24,264 [INFO]   S2 Ep   3/150  loss=1.9551 acc=69.4%  val=88.0%  lr=1.49e-05    16s
2026-03-23 12:20:39,825 [INFO]   S2 Ep   4/150  loss=1.9023 acc=71.0%  val=88.3%  lr=2.28e-05    16s
2026-03-23 12:20:40,005 [INFO]   ★ best 88.30%
2026-03-23 12:20:55,911 [INFO]   S2 Ep   5/150  loss=2.0108 acc=67.2%  val=88.0%  lr=3.04e-05    16s
2026-03-23 12:21:11,660 [INFO]   S2 Ep   6/150  loss=1.8820 acc=71.6%  val=87.7%  lr=3.63e-05    16s
2026-03-23 12:21:27,323 [INFO]   S2 Ep   7/150  loss=1.8698 acc=71.4%  val=87.7%  lr=3.96e-05    16s
2026-03-23 12:21:42,718 [INFO]   S2 Ep   8/150  loss=1.9963 acc=68.2%  val=88.0%  lr=4.00e-05    15s
2026-03-23 12:21:58,470 [INFO]   S2 Ep   9/150  loss=1.9133 acc=70.1%  val=87.9%  lr=4.00e-05    16s
2026-03-23 12:22:14,368 [INFO]   S2 Ep  10/150  loss=1.9588 acc=68.6%  val=87.8%  lr=4.00e-05    16s
2026-03-23 12:22:30,043 [INFO]   S2 Ep  11/150  loss=1.9336 acc=70.2%  val=87.2%  lr=3.99e-05    16s
2026-03-23 12:22:46,181 [INFO]   S2 Ep  12/150  loss=1.9685 acc=68.0%  val=88.3%  lr=3.99e-05    16s
2026-03-23 12:23:02,088 [INFO]   S2 Ep  13/150  loss=1.8968 acc=70.9%  val=88.2%  lr=3.99e-05    16s
2026-03-23 12:23:18,634 [INFO]   S2 Ep  14/150  loss=1.8917 acc=71.0%  val=88.3%  lr=3.98e-05    17s
2026-03-23 12:23:18,846 [INFO]   ★ best 88.34%
2026-03-23 12:23:34,681 [INFO]   S2 Ep  15/150  loss=1.9394 acc=69.4%  val=88.1%  lr=3.97e-05    16s
2026-03-23 12:23:50,671 [INFO]   S2 Ep  16/150  loss=2.0273 acc=66.8%  val=88.2%  lr=3.96e-05    16s
2026-03-23 12:24:07,837 [INFO]   S2 Ep  17/150  loss=1.8526 acc=72.1%  val=87.6%  lr=3.96e-05    17s
2026-03-23 12:24:23,604 [INFO]   S2 Ep  18/150  loss=1.9419 acc=68.4%  val=87.7%  lr=3.95e-05    16s
2026-03-23 12:24:39,642 [INFO]   S2 Ep  19/150  loss=1.9140 acc=69.5%  val=88.2%  lr=3.94e-05    16s
2026-03-23 12:24:55,558 [INFO]   S2 Ep  20/150  loss=1.9318 acc=68.7%  val=88.6%  lr=3.92e-05    16s
2026-03-23 12:24:55,757 [INFO]   ★ best 88.61%
2026-03-23 12:25:13,108 [INFO]   S2 Ep  21/150  loss=1.9404 acc=69.7%  val=88.6%  lr=3.91e-05    17s
2026-03-23 12:25:13,320 [INFO]   ★ best 88.64%
2026-03-23 12:25:29,976 [INFO]   S2 Ep  22/150  loss=1.8960 acc=71.0%  val=88.3%  lr=3.90e-05    17s
2026-03-23 12:25:45,860 [INFO]   S2 Ep  23/150  loss=1.9146 acc=69.4%  val=87.9%  lr=3.88e-05    16s
2026-03-23 12:26:01,833 [INFO]   S2 Ep  24/150  loss=1.9223 acc=70.0%  val=88.4%  lr=3.87e-05    16s
2026-03-23 12:26:17,354 [INFO]   S2 Ep  25/150  loss=1.9157 acc=71.2%  val=87.6%  lr=3.85e-05    16s
2026-03-23 12:26:33,340 [INFO]   S2 Ep  26/150  loss=1.8883 acc=70.4%  val=87.9%  lr=3.84e-05    16s
2026-03-23 12:26:49,402 [INFO]   S2 Ep  27/150  loss=1.8605 acc=71.5%  val=88.2%  lr=3.82e-05    16s
2026-03-23 12:27:05,728 [INFO]   S2 Ep  28/150  loss=1.8731 acc=70.8%  val=87.9%  lr=3.80e-05    16s
2026-03-23 12:27:21,633 [INFO]   S2 Ep  29/150  loss=1.9029 acc=69.6%  val=87.4%  lr=3.78e-05    16s
2026-03-23 12:27:38,377 [INFO]   S2 Ep  30/150  loss=1.8529 acc=71.6%  val=87.8%  lr=3.76e-05    17s
2026-03-23 12:27:54,753 [INFO]   S2 Ep  31/150  loss=1.9296 acc=68.8%  val=88.3%  lr=3.74e-05    16s
2026-03-23 12:28:10,760 [INFO]   S2 Ep  32/150  loss=1.8408 acc=72.2%  val=87.7%  lr=3.72e-05    16s
2026-03-23 12:28:26,737 [INFO]   S2 Ep  33/150  loss=1.9023 acc=69.9%  val=87.6%  lr=3.69e-05    16s
2026-03-23 12:28:42,879 [INFO]   S2 Ep  34/150  loss=1.9173 acc=70.2%  val=88.5%  lr=3.67e-05    16s
2026-03-23 12:28:58,690 [INFO]   S2 Ep  35/150  loss=1.9035 acc=70.1%  val=87.9%  lr=3.64e-05    16s
2026-03-23 12:29:14,488 [INFO]   S2 Ep  36/150  loss=1.9039 acc=70.2%  val=88.0%  lr=3.62e-05    16s
2026-03-23 12:29:30,452 [INFO]   S2 Ep  37/150  loss=1.8381 acc=71.9%  val=88.1%  lr=3.59e-05    16s
2026-03-23 12:29:46,364 [INFO]   S2 Ep  38/150  loss=1.9038 acc=71.2%  val=88.0%  lr=3.56e-05    16s
2026-03-23 12:30:02,230 [INFO]   S2 Ep  39/150  loss=1.7748 acc=74.0%  val=87.8%  lr=3.54e-05    16s
2026-03-23 12:30:18,552 [INFO]   S2 Ep  40/150  loss=1.8851 acc=70.6%  val=88.2%  lr=3.51e-05    16s
2026-03-23 12:30:34,552 [INFO]   S2 Ep  41/150  loss=1.8895 acc=70.4%  val=88.3%  lr=3.48e-05    16s
2026-03-23 12:30:50,789 [INFO]   S2 Ep  42/150  loss=1.8465 acc=70.9%  val=88.2%  lr=3.45e-05    16s
2026-03-23 12:31:06,920 [INFO]   S2 Ep  43/150  loss=1.8409 acc=70.8%  val=88.2%  lr=3.42e-05    16s
2026-03-23 12:31:23,504 [INFO]   S2 Ep  44/150  loss=1.8647 acc=71.6%  val=88.0%  lr=3.39e-05    17s
2026-03-23 12:31:39,629 [INFO]   S2 Ep  45/150  loss=1.9018 acc=69.8%  val=87.8%  lr=3.35e-05    16s
2026-03-23 12:31:55,733 [INFO]   S2 Ep  46/150  loss=1.8127 acc=72.7%  val=87.9%  lr=3.32e-05    16s
2026-03-23 12:32:11,859 [INFO]   S2 Ep  47/150  loss=1.7733 acc=73.8%  val=88.0%  lr=3.29e-05    16s
2026-03-23 12:32:28,238 [INFO]   S2 Ep  48/150  loss=1.8728 acc=70.6%  val=87.9%  lr=3.25e-05    16s
2026-03-23 12:32:44,581 [INFO]   S2 Ep  49/150  loss=1.8950 acc=70.0%  val=87.9%  lr=3.22e-05    16s
2026-03-23 12:33:00,915 [INFO]   S2 Ep  50/150  loss=1.9613 acc=68.0%  val=87.9%  lr=3.18e-05    16s
2026-03-23 12:33:17,322 [INFO]   S2 Ep  51/150  loss=1.7722 acc=74.7%  val=88.1%  lr=3.15e-05    16s
2026-03-23 12:33:17,323 [INFO]   Early stop at ep 51
2026-03-23 12:33:17,324 [INFO] ── Stage 3: SWA (20 ep, lr=4.0e-06) ──
2026-03-23 12:33:34,513 [INFO]   SWA Ep  1/20  loss=1.8563  swa_val=88.8%  17s
2026-03-23 12:33:50,678 [INFO]   SWA Ep  2/20  loss=1.9155  swa_val=88.8%  16s
2026-03-23 12:34:07,471 [INFO]   SWA Ep  3/20  loss=1.9106  swa_val=88.9%  17s
2026-03-23 12:34:24,393 [INFO]   SWA Ep  4/20  loss=1.8645  swa_val=88.9%  17s
2026-03-23 12:34:41,046 [INFO]   SWA Ep  5/20  loss=1.8196  swa_val=89.0%  17s
2026-03-23 12:34:57,577 [INFO]   SWA Ep  6/20  loss=1.8397  swa_val=89.0%  17s
2026-03-23 12:35:15,179 [INFO]   SWA Ep  7/20  loss=1.8540  swa_val=89.1%  18s
2026-03-23 12:35:31,803 [INFO]   SWA Ep  8/20  loss=1.8305  swa_val=89.1%  17s
2026-03-23 12:35:48,491 [INFO]   SWA Ep  9/20  loss=1.8370  swa_val=89.1%  17s
2026-03-23 12:36:05,127 [INFO]   SWA Ep 10/20  loss=1.8665  swa_val=89.1%  17s
2026-03-23 12:36:21,711 [INFO]   SWA Ep 11/20  loss=1.8473  swa_val=89.0%  17s
2026-03-23 12:36:38,270 [INFO]   SWA Ep 12/20  loss=1.9093  swa_val=89.0%  17s
2026-03-23 12:36:54,925 [INFO]   SWA Ep 13/20  loss=1.8100  swa_val=89.0%  17s
2026-03-23 12:37:12,118 [INFO]   SWA Ep 14/20  loss=1.8499  swa_val=89.0%  17s
2026-03-23 12:37:28,344 [INFO]   SWA Ep 15/20  loss=1.8453  swa_val=89.0%  16s
2026-03-23 12:37:45,409 [INFO]   SWA Ep 16/20  loss=1.9112  swa_val=89.1%  17s
2026-03-23 12:38:02,547 [INFO]   SWA Ep 17/20  loss=1.8419  swa_val=89.1%  17s
2026-03-23 12:38:19,694 [INFO]   SWA Ep 18/20  loss=1.8325  swa_val=89.1%  17s
2026-03-23 12:38:36,926 [INFO]   SWA Ep 19/20  loss=1.8366  swa_val=89.0%  17s
2026-03-23 12:38:53,936 [INFO]   SWA Ep 20/20  loss=1.8849  swa_val=89.0%  17s
2026-03-23 12:38:56,104 [INFO]   SWA final: 88.98% (regular best: 88.64%)
2026-03-23 12:38:56,289 [INFO]   ★ SWA beats regular! 88.98%
2026-03-23 12:38:56,289 [INFO]   Fold 0 best: 88.98%
2026-03-23 12:39:36,135 [INFO] TTA changed 130 / 9828 (1.3%)
2026-03-23 12:39:36,143 [INFO] Done.
