2026-03-23 06:27:31,210 [INFO] GPU: NVIDIA H200
2026-03-23 06:27:31,211 [INFO] Config: {
  "data_dir": "/data/slr/track2_",
  "output_dir": "/data/slr/checkpoints_v61",
  "max_frames": 48,
  "img_size": 224,
  "n_classes": 126,
  "channel_means": [
    -64.3217,
    -62.9119,
    -63.9254
  ],
  "channel_stds": [
    12.5721,
    11.662,
    11.7259
  ],
  "n_folds": 5,
  "batch_size": 48,
  "num_workers": 2,
  "stage1_epochs": 5,
  "stage1_lr": 0.00015,
  "stage2_epochs": 200,
  "stage2_lr": 4e-05,
  "swa_epochs": 25,
  "swa_lr": 4e-06,
  "weight_decay": 0.06,
  "warmup_pct": 0.06,
  "label_smoothing": 0.12,
  "early_stopping_patience": 50,
  "grad_clip_norm": 1.0,
  "llrd_decay": 0.85,
  "kd_alpha": 0.8,
  "kd_tau": 5.0,
  "mixup_alpha": 0.4,
  "cutmix_alpha": 1.0,
  "cutmix_prob": 0.5,
  "time_mask_max": 8,
  "range_mask_max": 30,
  "noise_std": 0.1,
  "time_warp_lo": 0.8,
  "time_warp_hi": 1.2,
  "time_reverse_prob": 0.5,
  "channel_shuffle_prob": 0.2,
  "channel_drop_prob": 0.1,
  "random_erase_prob": 0.22,
  "circ_shift_prob": 0.3,
  "circ_shift_max": 8,
  "amp_scale_prob": 0.5,
  "amp_scale_lo": 0.8,
  "amp_scale_hi": 1.2,
  "model_name": "swinv2_cr_small_224.sw_in1k",
  "drop_path_rate": 0.25,
  "proj_dim": 512,
  "drop_rate": 0.35,
  "ms_dropout_samples": 5,
  "seed": 42,
  "run_fold": 0
}
2026-03-23 06:27:31,211 [INFO] Student: SwinV2-CR-Small@224 (49M) — SINGLE FOLD 0
2026-03-23 06:27:31,285 [INFO] Train: 14742 | Eval: 9828
2026-03-23 06:27:35,950 [INFO] Pre-computing 8-teacher ensemble soft labels …
2026-03-23 06:27:35,954 [INFO]   [1/8] checkpoints_v11 @ 224×224
2026-03-23 06:28:38,465 [INFO]     → 5 folds loaded
2026-03-23 06:28:38,465 [INFO]   [2/8] checkpoints_vit_v9 @ 224×224
2026-03-23 06:29:42,852 [INFO]     → 5 folds loaded
2026-03-23 06:29:42,853 [INFO]   [3/8] checkpoints_v18 @ 384×384
2026-03-23 06:31:59,700 [INFO]     → 5 folds loaded
2026-03-23 06:31:59,700 [INFO]   [4/8] checkpoints_v25 @ 448×448
2026-03-23 06:34:52,831 [INFO]     → 5 folds loaded
2026-03-23 06:34:52,832 [INFO]   [5/8] checkpoints_v24 @ 384×384
2026-03-23 06:37:04,754 [INFO]     → 5 folds loaded
2026-03-23 06:37:04,754 [INFO]   [6/8] checkpoints_v38 @ 512×512
2026-03-23 06:40:59,482 [INFO]     → 5 folds loaded
2026-03-23 06:40:59,483 [INFO]   [7/8] checkpoints_v47 @ 320×320
2026-03-23 06:42:34,571 [INFO]     → 5 folds loaded
2026-03-23 06:42:34,572 [INFO]   [8/8] checkpoints_v52 @ 384×384
2026-03-23 06:44:31,036 [INFO]     → 5 folds loaded
2026-03-23 06:44:31,037 [INFO]   Ensemble from 8 teachers → soft labels for 14742 samples
2026-03-23 06:44:31,055 [INFO] KD α=0.80 τ=5.0 | SWA 25 ep | SINGLE FOLD | Head transfer from v11
2026-03-23 06:44:31,059 [INFO] ================================================================
2026-03-23 06:44:31,059 [INFO] FOLD 0 (single fold mode)
2026-03-23 06:44:31,059 [INFO] ================================================================
2026-03-23 06:44:31,061 [INFO]   Train: 11793 | Val: 2949
2026-03-23 06:44:31,289 [INFO] Loading pretrained weights from Hugging Face hub (timm/swinv2_cr_small_224.sw_in1k)
2026-03-23 06:44:31,355 [INFO] HTTP Request: HEAD https://huggingface.co/timm/swinv2_cr_small_224.sw_in1k/resolve/main/model.safetensors "HTTP/1.1 302 Found"
2026-03-23 06:44:31,401 [INFO] HTTP Request: GET https://huggingface.co/api/models/timm/swinv2_cr_small_224.sw_in1k/xet-read-token/d0659b4eb49cd94152a001b13bc2704931634857 "HTTP/1.1 200 OK"
2026-03-23 06:44:40,419 [INFO] [timm/swinv2_cr_small_224.sw_in1k] Safe alternative available for 'pytorch_model.bin' (as 'model.safetensors'). Loading weights using safetensors.
2026-03-23 06:44:40,451 [INFO] Missing keys (head.fc.weight, head.fc.bias) discovered while loading pretrained weights. This is expected if model is being adapted.
2026-03-23 06:44:40,601 [INFO]   Head transfer from v11 fold 0: 24/24 weights loaded
2026-03-23 06:44:40,604 [INFO]   Model params: 49.7M
2026-03-23 06:44:40,605 [INFO] ── Stage 1: head warmup (5 ep) ──
2026-03-23 06:44:55,282 [INFO]   S1 Ep 1/5  loss=3.9863 acc=0.8%  val=0.8%  15s
2026-03-23 06:44:55,604 [INFO]   ★ best 0.81%
2026-03-23 06:45:10,416 [INFO]   S1 Ep 2/5  loss=3.9729 acc=0.8%  val=0.8%  15s
2026-03-23 06:45:10,731 [INFO]   ★ best 0.85%
2026-03-23 06:45:25,053 [INFO]   S1 Ep 3/5  loss=3.9689 acc=0.8%  val=1.1%  14s
2026-03-23 06:45:25,375 [INFO]   ★ best 1.09%
2026-03-23 06:45:39,645 [INFO]   S1 Ep 4/5  loss=3.9527 acc=0.9%  val=1.8%  14s
2026-03-23 06:45:39,955 [INFO]   ★ best 1.80%
2026-03-23 06:45:54,547 [INFO]   S1 Ep 5/5  loss=3.9372 acc=1.2%  val=2.0%  15s
2026-03-23 06:45:54,825 [INFO]   ★ best 2.03%
2026-03-23 06:45:54,826 [INFO] ── Stage 2: full fine-tune (200 ep, patience 50) ──
2026-03-23 06:45:54,828 [INFO] LLRD: 10 groups, LR [1.77e-05 … 4.00e-05]
2026-03-23 06:46:21,545 [INFO]   S2 Ep   1/200  loss=3.9394 acc=1.2%  val=1.8%  lr=2.25e-06    27s
2026-03-23 06:46:47,158 [INFO]   S2 Ep   2/200  loss=3.9249 acc=1.1%  val=1.8%  lr=4.17e-06    26s
2026-03-23 06:47:12,245 [INFO]   S2 Ep   3/200  loss=3.9015 acc=1.4%  val=2.1%  lr=7.23e-06    25s
2026-03-23 06:47:12,517 [INFO]   ★ best 2.07%
2026-03-23 06:47:37,568 [INFO]   S2 Ep   4/200  loss=3.8860 acc=1.5%  val=1.8%  lr=1.12e-05    25s
2026-03-23 06:48:03,591 [INFO]   S2 Ep   5/200  loss=3.8743 acc=1.6%  val=2.4%  lr=1.58e-05    26s
2026-03-23 06:48:03,873 [INFO]   ★ best 2.37%
2026-03-23 06:48:29,372 [INFO]   S2 Ep   6/200  loss=3.8495 acc=1.9%  val=2.8%  lr=2.08e-05    25s
2026-03-23 06:48:29,715 [INFO]   ★ best 2.78%
2026-03-23 06:48:55,125 [INFO]   S2 Ep   7/200  loss=3.8310 acc=2.4%  val=4.6%  lr=2.58e-05    25s
2026-03-23 06:48:55,468 [INFO]   ★ best 4.65%
2026-03-23 06:49:20,974 [INFO]   S2 Ep   8/200  loss=3.7968 acc=3.4%  val=6.6%  lr=3.04e-05    26s
2026-03-23 06:49:21,296 [INFO]   ★ best 6.65%
2026-03-23 06:49:46,887 [INFO]   S2 Ep   9/200  loss=3.7215 acc=4.4%  val=11.2%  lr=3.44e-05    26s
2026-03-23 06:49:47,207 [INFO]   ★ best 11.16%
2026-03-23 06:50:14,627 [INFO]   S2 Ep  10/200  loss=3.6169 acc=7.1%  val=16.6%  lr=3.74e-05    27s
2026-03-23 06:50:14,957 [INFO]   ★ best 16.62%
2026-03-23 06:50:40,118 [INFO]   S2 Ep  11/200  loss=3.4798 acc=9.7%  val=20.9%  lr=3.94e-05    25s
2026-03-23 06:50:40,454 [INFO]   ★ best 20.85%
2026-03-23 06:51:05,984 [INFO]   S2 Ep  12/200  loss=3.3988 acc=11.9%  val=27.0%  lr=4.00e-05    26s
2026-03-23 06:51:06,297 [INFO]   ★ best 27.03%
2026-03-23 06:51:32,131 [INFO]   S2 Ep  13/200  loss=3.2713 acc=15.8%  val=31.7%  lr=4.00e-05    26s
2026-03-23 06:51:32,473 [INFO]   ★ best 31.67%
2026-03-23 06:51:57,736 [INFO]   S2 Ep  14/200  loss=3.1822 acc=18.1%  val=39.6%  lr=4.00e-05    25s
2026-03-23 06:51:58,071 [INFO]   ★ best 39.61%
2026-03-23 06:52:23,264 [INFO]   S2 Ep  15/200  loss=3.1295 acc=20.1%  val=40.7%  lr=4.00e-05    25s
2026-03-23 06:52:23,601 [INFO]   ★ best 40.73%
2026-03-23 06:52:48,727 [INFO]   S2 Ep  16/200  loss=3.1169 acc=21.5%  val=44.5%  lr=4.00e-05    25s
2026-03-23 06:52:49,083 [INFO]   ★ best 44.49%
2026-03-23 06:53:14,257 [INFO]   S2 Ep  17/200  loss=2.9616 acc=25.4%  val=47.7%  lr=3.99e-05    25s
2026-03-23 06:53:14,587 [INFO]   ★ best 47.68%
2026-03-23 06:53:40,052 [INFO]   S2 Ep  18/200  loss=2.9685 acc=26.0%  val=50.4%  lr=3.99e-05    25s
2026-03-23 06:53:40,394 [INFO]   ★ best 50.36%
2026-03-23 06:54:06,255 [INFO]   S2 Ep  19/200  loss=2.8963 acc=27.8%  val=54.7%  lr=3.99e-05    26s
2026-03-23 06:54:06,580 [INFO]   ★ best 54.70%
2026-03-23 06:54:32,517 [INFO]   S2 Ep  20/200  loss=2.8711 acc=29.0%  val=56.1%  lr=3.98e-05    26s
2026-03-23 06:54:32,854 [INFO]   ★ best 56.05%
2026-03-23 06:54:58,014 [INFO]   S2 Ep  21/200  loss=2.8192 acc=31.5%  val=56.7%  lr=3.98e-05    25s
2026-03-23 06:54:58,341 [INFO]   ★ best 56.73%
2026-03-23 06:55:23,667 [INFO]   S2 Ep  22/200  loss=2.7614 acc=33.1%  val=57.9%  lr=3.97e-05    25s
2026-03-23 06:55:24,003 [INFO]   ★ best 57.92%
2026-03-23 06:55:49,565 [INFO]   S2 Ep  23/200  loss=2.7292 acc=33.7%  val=61.3%  lr=3.97e-05    26s
2026-03-23 06:55:49,901 [INFO]   ★ best 61.28%
2026-03-23 06:56:15,337 [INFO]   S2 Ep  24/200  loss=2.6962 acc=35.1%  val=62.0%  lr=3.96e-05    25s
2026-03-23 06:56:15,664 [INFO]   ★ best 62.02%
2026-03-23 06:56:40,855 [INFO]   S2 Ep  25/200  loss=2.6575 acc=36.9%  val=63.1%  lr=3.95e-05    25s
2026-03-23 06:56:41,227 [INFO]   ★ best 63.11%
2026-03-23 06:57:07,323 [INFO]   S2 Ep  26/200  loss=2.6108 acc=38.0%  val=64.2%  lr=3.95e-05    26s
2026-03-23 06:57:07,673 [INFO]   ★ best 64.16%
2026-03-23 06:57:33,742 [INFO]   S2 Ep  27/200  loss=2.5794 acc=38.8%  val=64.8%  lr=3.94e-05    26s
2026-03-23 06:57:34,096 [INFO]   ★ best 64.77%
2026-03-23 06:57:59,434 [INFO]   S2 Ep  28/200  loss=2.5493 acc=40.4%  val=65.0%  lr=3.93e-05    25s
2026-03-23 06:57:59,791 [INFO]   ★ best 64.97%
2026-03-23 06:58:25,065 [INFO]   S2 Ep  29/200  loss=2.5621 acc=40.1%  val=68.3%  lr=3.92e-05    25s
2026-03-23 06:58:25,383 [INFO]   ★ best 68.26%
2026-03-23 06:58:50,449 [INFO]   S2 Ep  30/200  loss=2.4968 acc=41.7%  val=68.3%  lr=3.91e-05    25s
2026-03-23 06:59:16,000 [INFO]   S2 Ep  31/200  loss=2.5446 acc=40.6%  val=68.9%  lr=3.90e-05    26s
2026-03-23 06:59:16,339 [INFO]   ★ best 68.94%
2026-03-23 06:59:41,643 [INFO]   S2 Ep  32/200  loss=2.4223 acc=45.2%  val=69.6%  lr=3.89e-05    25s
2026-03-23 06:59:41,983 [INFO]   ★ best 69.58%
2026-03-23 07:00:07,170 [INFO]   S2 Ep  33/200  loss=2.4623 acc=44.3%  val=70.2%  lr=3.88e-05    25s
2026-03-23 07:00:07,489 [INFO]   ★ best 70.16%
2026-03-23 07:00:32,724 [INFO]   S2 Ep  34/200  loss=2.4572 acc=44.2%  val=70.4%  lr=3.87e-05    25s
2026-03-23 07:00:33,037 [INFO]   ★ best 70.36%
2026-03-23 07:00:58,226 [INFO]   S2 Ep  35/200  loss=2.4320 acc=45.0%  val=69.8%  lr=3.85e-05    25s
2026-03-23 07:01:23,895 [INFO]   S2 Ep  36/200  loss=2.4061 acc=46.3%  val=71.9%  lr=3.84e-05    26s
2026-03-23 07:01:24,231 [INFO]   ★ best 71.89%
2026-03-23 07:01:49,743 [INFO]   S2 Ep  37/200  loss=2.3562 acc=47.1%  val=71.9%  lr=3.83e-05    26s
2026-03-23 07:01:50,069 [INFO]   ★ best 71.92%
2026-03-23 07:02:15,665 [INFO]   S2 Ep  38/200  loss=2.3642 acc=47.6%  val=72.2%  lr=3.81e-05    26s
2026-03-23 07:02:15,979 [INFO]   ★ best 72.23%
2026-03-23 07:02:41,678 [INFO]   S2 Ep  39/200  loss=2.2551 acc=51.1%  val=72.2%  lr=3.80e-05    26s
2026-03-23 07:03:06,698 [INFO]   S2 Ep  40/200  loss=2.3344 acc=48.3%  val=74.0%  lr=3.78e-05    25s
2026-03-23 07:03:07,028 [INFO]   ★ best 73.99%
2026-03-23 07:03:32,549 [INFO]   S2 Ep  41/200  loss=2.3396 acc=48.1%  val=74.0%  lr=3.77e-05    26s
2026-03-23 07:03:57,754 [INFO]   S2 Ep  42/200  loss=2.2874 acc=49.8%  val=74.6%  lr=3.75e-05    25s
2026-03-23 07:03:58,082 [INFO]   ★ best 74.57%
2026-03-23 07:04:23,201 [INFO]   S2 Ep  43/200  loss=2.2641 acc=50.5%  val=74.3%  lr=3.74e-05    25s
2026-03-23 07:04:49,244 [INFO]   S2 Ep  44/200  loss=2.2553 acc=51.6%  val=74.6%  lr=3.72e-05    26s
2026-03-23 07:04:49,564 [INFO]   ★ best 74.60%
2026-03-23 07:05:14,753 [INFO]   S2 Ep  45/200  loss=2.2759 acc=50.3%  val=75.3%  lr=3.70e-05    25s
2026-03-23 07:05:15,090 [INFO]   ★ best 75.35%
2026-03-23 07:05:40,475 [INFO]   S2 Ep  46/200  loss=2.2018 acc=53.2%  val=74.7%  lr=3.69e-05    25s
2026-03-23 07:06:06,150 [INFO]   S2 Ep  47/200  loss=2.1419 acc=55.0%  val=75.7%  lr=3.67e-05    26s
2026-03-23 07:06:06,500 [INFO]   ★ best 75.72%
2026-03-23 07:06:32,417 [INFO]   S2 Ep  48/200  loss=2.2408 acc=51.7%  val=74.7%  lr=3.65e-05    26s
2026-03-23 07:06:57,530 [INFO]   S2 Ep  49/200  loss=2.2367 acc=52.0%  val=75.2%  lr=3.63e-05    25s
2026-03-23 07:07:22,958 [INFO]   S2 Ep  50/200  loss=2.2712 acc=50.8%  val=75.5%  lr=3.61e-05    25s
2026-03-23 07:07:48,458 [INFO]   S2 Ep  51/200  loss=2.0984 acc=56.7%  val=76.2%  lr=3.59e-05    25s
2026-03-23 07:07:48,814 [INFO]   ★ best 76.20%
2026-03-23 07:08:14,418 [INFO]   S2 Ep  52/200  loss=2.1343 acc=55.3%  val=76.3%  lr=3.57e-05    26s
2026-03-23 07:08:14,760 [INFO]   ★ best 76.30%
2026-03-23 07:08:40,077 [INFO]   S2 Ep  53/200  loss=2.1748 acc=54.7%  val=76.8%  lr=3.55e-05    25s
2026-03-23 07:08:40,403 [INFO]   ★ best 76.81%
2026-03-23 07:09:05,757 [INFO]   S2 Ep  54/200  loss=2.1617 acc=54.8%  val=77.3%  lr=3.53e-05    25s
2026-03-23 07:09:06,075 [INFO]   ★ best 77.28%
2026-03-23 07:09:31,448 [INFO]   S2 Ep  55/200  loss=2.1299 acc=55.4%  val=76.5%  lr=3.51e-05    25s
2026-03-23 07:09:56,713 [INFO]   S2 Ep  56/200  loss=2.0823 acc=57.4%  val=76.6%  lr=3.48e-05    25s
2026-03-23 07:10:21,676 [INFO]   S2 Ep  57/200  loss=2.0792 acc=57.8%  val=78.1%  lr=3.46e-05    25s
2026-03-23 07:10:21,996 [INFO]   ★ best 78.06%
2026-03-23 07:10:47,250 [INFO]   S2 Ep  58/200  loss=2.0862 acc=57.5%  val=77.7%  lr=3.44e-05    25s
2026-03-23 07:11:12,433 [INFO]   S2 Ep  59/200  loss=2.0711 acc=57.7%  val=78.1%  lr=3.41e-05    25s
2026-03-23 07:11:12,776 [INFO]   ★ best 78.13%
2026-03-23 07:11:38,081 [INFO]   S2 Ep  60/200  loss=2.0647 acc=58.0%  val=77.8%  lr=3.39e-05    25s
2026-03-23 07:12:03,507 [INFO]   S2 Ep  61/200  loss=2.0678 acc=58.3%  val=78.2%  lr=3.37e-05    25s
2026-03-23 07:12:03,865 [INFO]   ★ best 78.20%
2026-03-23 07:12:30,377 [INFO]   S2 Ep  62/200  loss=2.0616 acc=58.2%  val=77.7%  lr=3.34e-05    27s
2026-03-23 07:12:56,034 [INFO]   S2 Ep  63/200  loss=2.1039 acc=57.0%  val=77.7%  lr=3.32e-05    26s
2026-03-23 07:13:22,541 [INFO]   S2 Ep  64/200  loss=1.9866 acc=61.0%  val=78.6%  lr=3.29e-05    27s
2026-03-23 07:13:22,872 [INFO]   ★ best 78.57%
2026-03-23 07:13:48,473 [INFO]   S2 Ep  65/200  loss=2.0357 acc=59.3%  val=78.4%  lr=3.27e-05    26s
2026-03-23 07:14:13,950 [INFO]   S2 Ep  66/200  loss=2.0312 acc=59.4%  val=79.1%  lr=3.24e-05    25s
2026-03-23 07:14:14,237 [INFO]   ★ best 79.15%
2026-03-23 07:14:39,745 [INFO]   S2 Ep  67/200  loss=2.0752 acc=57.3%  val=78.3%  lr=3.21e-05    26s
2026-03-23 07:15:05,267 [INFO]   S2 Ep  68/200  loss=2.0103 acc=59.9%  val=79.5%  lr=3.19e-05    26s
2026-03-23 07:15:05,590 [INFO]   ★ best 79.45%
2026-03-23 07:15:32,212 [INFO]   S2 Ep  69/200  loss=1.9888 acc=61.1%  val=79.0%  lr=3.16e-05    27s
2026-03-23 07:15:57,769 [INFO]   S2 Ep  70/200  loss=1.9956 acc=60.7%  val=79.4%  lr=3.13e-05    26s
2026-03-23 07:16:25,600 [INFO]   S2 Ep  71/200  loss=2.0175 acc=60.2%  val=78.3%  lr=3.10e-05    28s
2026-03-23 07:16:51,411 [INFO]   S2 Ep  72/200  loss=1.9797 acc=61.0%  val=79.0%  lr=3.08e-05    26s
2026-03-23 07:17:17,347 [INFO]   S2 Ep  73/200  loss=1.9837 acc=61.2%  val=78.0%  lr=3.05e-05    26s
2026-03-23 07:17:43,260 [INFO]   S2 Ep  74/200  loss=1.9486 acc=62.2%  val=79.0%  lr=3.02e-05    26s
2026-03-23 07:18:08,723 [INFO]   S2 Ep  75/200  loss=1.9470 acc=62.1%  val=79.5%  lr=2.99e-05    25s
2026-03-23 07:18:09,060 [INFO]   ★ best 79.52%
2026-03-23 07:18:34,910 [INFO]   S2 Ep  76/200  loss=1.9532 acc=61.5%  val=79.1%  lr=2.96e-05    26s
2026-03-23 07:19:00,359 [INFO]   S2 Ep  77/200  loss=1.9685 acc=61.3%  val=79.7%  lr=2.93e-05    25s
2026-03-23 07:19:00,690 [INFO]   ★ best 79.69%
2026-03-23 07:19:26,422 [INFO]   S2 Ep  78/200  loss=1.9475 acc=61.8%  val=79.7%  lr=2.90e-05    26s
2026-03-23 07:19:53,065 [INFO]   S2 Ep  79/200  loss=1.9487 acc=62.0%  val=80.1%  lr=2.87e-05    27s
2026-03-23 07:19:53,363 [INFO]   ★ best 80.13%
2026-03-23 07:20:20,307 [INFO]   S2 Ep  80/200  loss=1.9070 acc=63.5%  val=80.1%  lr=2.84e-05    27s
2026-03-23 07:20:45,863 [INFO]   S2 Ep  81/200  loss=1.9423 acc=62.5%  val=80.6%  lr=2.81e-05    26s
2026-03-23 07:20:46,160 [INFO]   ★ best 80.64%
2026-03-23 07:21:12,161 [INFO]   S2 Ep  82/200  loss=1.9977 acc=60.6%  val=80.6%  lr=2.78e-05    26s
2026-03-23 07:21:37,423 [INFO]   S2 Ep  83/200  loss=1.8480 acc=65.1%  val=80.1%  lr=2.75e-05    25s
2026-03-23 07:22:02,964 [INFO]   S2 Ep  84/200  loss=1.9255 acc=62.3%  val=79.7%  lr=2.72e-05    26s
2026-03-23 07:22:28,555 [INFO]   S2 Ep  85/200  loss=1.9228 acc=62.8%  val=79.8%  lr=2.69e-05    26s
2026-03-23 07:22:53,808 [INFO]   S2 Ep  86/200  loss=1.8757 acc=64.5%  val=80.7%  lr=2.66e-05    25s
2026-03-23 07:22:54,076 [INFO]   ★ best 80.67%
2026-03-23 07:23:19,120 [INFO]   S2 Ep  87/200  loss=1.9448 acc=61.3%  val=80.2%  lr=2.62e-05    25s
2026-03-23 07:23:44,119 [INFO]   S2 Ep  88/200  loss=1.9141 acc=63.1%  val=80.7%  lr=2.59e-05    25s
2026-03-23 07:23:44,398 [INFO]   ★ best 80.71%
2026-03-23 07:24:09,690 [INFO]   S2 Ep  89/200  loss=1.9172 acc=62.9%  val=80.4%  lr=2.56e-05    25s
2026-03-23 07:24:34,737 [INFO]   S2 Ep  90/200  loss=1.8715 acc=64.7%  val=81.1%  lr=2.53e-05    25s
2026-03-23 07:24:35,075 [INFO]   ★ best 81.08%
2026-03-23 07:25:00,206 [INFO]   S2 Ep  91/200  loss=1.8728 acc=64.9%  val=80.8%  lr=2.50e-05    25s
2026-03-23 07:25:26,102 [INFO]   S2 Ep  92/200  loss=1.9128 acc=62.7%  val=80.6%  lr=2.46e-05    26s
2026-03-23 07:25:51,593 [INFO]   S2 Ep  93/200  loss=1.8721 acc=64.8%  val=80.3%  lr=2.43e-05    25s
2026-03-23 07:26:17,305 [INFO]   S2 Ep  94/200  loss=1.8882 acc=63.8%  val=80.9%  lr=2.40e-05    26s
2026-03-23 07:26:42,539 [INFO]   S2 Ep  95/200  loss=1.8851 acc=63.8%  val=80.7%  lr=2.37e-05    25s
2026-03-23 07:27:08,755 [INFO]   S2 Ep  96/200  loss=1.8024 acc=66.4%  val=80.8%  lr=2.33e-05    26s
2026-03-23 07:27:34,302 [INFO]   S2 Ep  97/200  loss=1.8981 acc=63.1%  val=80.6%  lr=2.30e-05    26s
2026-03-23 07:27:59,986 [INFO]   S2 Ep  98/200  loss=1.8940 acc=63.9%  val=81.1%  lr=2.27e-05    26s
2026-03-23 07:28:25,551 [INFO]   S2 Ep  99/200  loss=1.8528 acc=64.7%  val=80.6%  lr=2.23e-05    26s
2026-03-23 07:28:50,687 [INFO]   S2 Ep 100/200  loss=1.7940 acc=67.3%  val=80.5%  lr=2.20e-05    25s
2026-03-23 07:29:15,888 [INFO]   S2 Ep 101/200  loss=1.8439 acc=65.1%  val=80.5%  lr=2.17e-05    25s
2026-03-23 07:29:41,150 [INFO]   S2 Ep 102/200  loss=1.8194 acc=65.9%  val=80.8%  lr=2.13e-05    25s
2026-03-23 07:30:06,439 [INFO]   S2 Ep 103/200  loss=1.7867 acc=67.9%  val=81.4%  lr=2.10e-05    25s
2026-03-23 07:30:06,732 [INFO]   ★ best 81.38%
2026-03-23 07:30:32,449 [INFO]   S2 Ep 104/200  loss=1.8147 acc=66.5%  val=81.2%  lr=2.07e-05    26s
2026-03-23 07:30:57,969 [INFO]   S2 Ep 105/200  loss=1.7907 acc=67.5%  val=81.3%  lr=2.03e-05    26s
2026-03-23 07:31:23,282 [INFO]   S2 Ep 106/200  loss=1.7772 acc=67.4%  val=81.0%  lr=2.00e-05    25s
2026-03-23 07:31:48,401 [INFO]   S2 Ep 107/200  loss=1.7564 acc=68.1%  val=81.7%  lr=1.97e-05    25s
2026-03-23 07:31:48,708 [INFO]   ★ best 81.69%
2026-03-23 07:32:14,692 [INFO]   S2 Ep 108/200  loss=1.7666 acc=68.0%  val=81.4%  lr=1.93e-05    26s
2026-03-23 07:32:39,763 [INFO]   S2 Ep 109/200  loss=1.7360 acc=69.1%  val=81.2%  lr=1.90e-05    25s
2026-03-23 07:33:04,739 [INFO]   S2 Ep 110/200  loss=1.7519 acc=67.7%  val=81.6%  lr=1.87e-05    25s
2026-03-23 07:33:30,082 [INFO]   S2 Ep 111/200  loss=1.7430 acc=68.0%  val=81.1%  lr=1.83e-05    25s
2026-03-23 07:33:55,408 [INFO]   S2 Ep 112/200  loss=1.8056 acc=66.4%  val=81.2%  lr=1.80e-05    25s
2026-03-23 07:34:20,726 [INFO]   S2 Ep 113/200  loss=1.8166 acc=65.8%  val=81.3%  lr=1.77e-05    25s
2026-03-23 07:34:45,965 [INFO]   S2 Ep 114/200  loss=1.8270 acc=65.6%  val=81.7%  lr=1.73e-05    25s
2026-03-23 07:35:11,341 [INFO]   S2 Ep 115/200  loss=1.8107 acc=66.5%  val=81.6%  lr=1.70e-05    25s
2026-03-23 07:35:37,161 [INFO]   S2 Ep 116/200  loss=1.7440 acc=68.4%  val=80.7%  lr=1.67e-05    26s
2026-03-23 07:36:02,430 [INFO]   S2 Ep 117/200  loss=1.7860 acc=67.0%  val=81.8%  lr=1.63e-05    25s
2026-03-23 07:36:02,732 [INFO]   ★ best 81.76%
2026-03-23 07:36:27,897 [INFO]   S2 Ep 118/200  loss=1.8102 acc=65.1%  val=81.9%  lr=1.60e-05    25s
2026-03-23 07:36:28,191 [INFO]   ★ best 81.86%
2026-03-23 07:36:53,845 [INFO]   S2 Ep 119/200  loss=1.7795 acc=67.0%  val=81.3%  lr=1.57e-05    26s
2026-03-23 07:37:18,885 [INFO]   S2 Ep 120/200  loss=1.8303 acc=65.2%  val=81.8%  lr=1.54e-05    25s
2026-03-23 07:37:44,075 [INFO]   S2 Ep 121/200  loss=1.8008 acc=66.7%  val=81.7%  lr=1.50e-05    25s
2026-03-23 07:38:09,659 [INFO]   S2 Ep 122/200  loss=1.7846 acc=66.9%  val=81.3%  lr=1.47e-05    26s
2026-03-23 07:38:34,808 [INFO]   S2 Ep 123/200  loss=1.7268 acc=68.9%  val=81.3%  lr=1.44e-05    25s
2026-03-23 07:39:00,463 [INFO]   S2 Ep 124/200  loss=1.7748 acc=68.1%  val=81.0%  lr=1.41e-05    26s
2026-03-23 07:39:25,438 [INFO]   S2 Ep 125/200  loss=1.7668 acc=67.9%  val=81.7%  lr=1.38e-05    25s
2026-03-23 07:39:50,855 [INFO]   S2 Ep 126/200  loss=1.7545 acc=68.0%  val=81.7%  lr=1.34e-05    25s
2026-03-23 07:40:16,190 [INFO]   S2 Ep 127/200  loss=1.7063 acc=69.5%  val=81.6%  lr=1.31e-05    25s
2026-03-23 07:40:41,912 [INFO]   S2 Ep 128/200  loss=1.7345 acc=68.1%  val=82.2%  lr=1.28e-05    26s
2026-03-23 07:40:42,218 [INFO]   ★ best 82.23%
2026-03-23 07:41:07,885 [INFO]   S2 Ep 129/200  loss=1.7490 acc=69.3%  val=81.7%  lr=1.25e-05    26s
2026-03-23 07:41:33,200 [INFO]   S2 Ep 130/200  loss=1.7491 acc=67.9%  val=82.0%  lr=1.22e-05    25s
2026-03-23 07:41:58,460 [INFO]   S2 Ep 131/200  loss=1.7283 acc=69.0%  val=82.0%  lr=1.19e-05    25s
2026-03-23 07:42:23,885 [INFO]   S2 Ep 132/200  loss=1.7501 acc=68.2%  val=81.9%  lr=1.16e-05    25s
2026-03-23 07:42:49,170 [INFO]   S2 Ep 133/200  loss=1.7710 acc=67.3%  val=82.1%  lr=1.13e-05    25s
2026-03-23 07:43:14,748 [INFO]   S2 Ep 134/200  loss=1.7574 acc=68.1%  val=82.4%  lr=1.10e-05    26s
2026-03-23 07:43:15,031 [INFO]   ★ best 82.43%
2026-03-23 07:43:40,203 [INFO]   S2 Ep 135/200  loss=1.7578 acc=68.3%  val=82.1%  lr=1.07e-05    25s
2026-03-23 07:44:07,374 [INFO]   S2 Ep 136/200  loss=1.7568 acc=67.1%  val=82.3%  lr=1.04e-05    27s
2026-03-23 07:44:32,938 [INFO]   S2 Ep 137/200  loss=1.7244 acc=68.5%  val=82.4%  lr=1.01e-05    26s
2026-03-23 07:44:58,330 [INFO]   S2 Ep 138/200  loss=1.7042 acc=69.7%  val=81.9%  lr=9.81e-06    25s
2026-03-23 07:45:24,070 [INFO]   S2 Ep 139/200  loss=1.6715 acc=70.9%  val=82.2%  lr=9.52e-06    26s
2026-03-23 07:45:49,996 [INFO]   S2 Ep 140/200  loss=1.7260 acc=68.8%  val=81.7%  lr=9.24e-06    26s
2026-03-23 07:46:16,128 [INFO]   S2 Ep 141/200  loss=1.7841 acc=67.6%  val=81.9%  lr=8.96e-06    26s
2026-03-23 07:46:41,996 [INFO]   S2 Ep 142/200  loss=1.7925 acc=66.6%  val=81.9%  lr=8.68e-06    26s
2026-03-23 07:47:07,796 [INFO]   S2 Ep 143/200  loss=1.7073 acc=68.7%  val=82.1%  lr=8.41e-06    26s
2026-03-23 07:47:34,073 [INFO]   S2 Ep 144/200  loss=1.7515 acc=67.3%  val=81.9%  lr=8.14e-06    26s
2026-03-23 07:47:59,832 [INFO]   S2 Ep 145/200  loss=1.6939 acc=70.1%  val=82.4%  lr=7.87e-06    26s
2026-03-23 07:48:25,856 [INFO]   S2 Ep 146/200  loss=1.6856 acc=70.4%  val=82.3%  lr=7.61e-06    26s
2026-03-23 07:48:52,010 [INFO]   S2 Ep 147/200  loss=1.7666 acc=67.5%  val=82.5%  lr=7.34e-06    26s
2026-03-23 07:48:52,307 [INFO]   ★ best 82.47%
2026-03-23 07:49:18,023 [INFO]   S2 Ep 148/200  loss=1.6648 acc=70.9%  val=82.6%  lr=7.09e-06    26s
2026-03-23 07:49:18,344 [INFO]   ★ best 82.57%
2026-03-23 07:49:44,339 [INFO]   S2 Ep 149/200  loss=1.6825 acc=70.8%  val=82.5%  lr=6.83e-06    26s
2026-03-23 07:50:10,434 [INFO]   S2 Ep 150/200  loss=1.6315 acc=72.2%  val=82.4%  lr=6.58e-06    26s
2026-03-23 07:50:36,642 [INFO]   S2 Ep 151/200  loss=1.7153 acc=69.0%  val=82.2%  lr=6.34e-06    26s
2026-03-23 07:51:03,106 [INFO]   S2 Ep 152/200  loss=1.7127 acc=69.2%  val=82.7%  lr=6.10e-06    26s
2026-03-23 07:51:03,460 [INFO]   ★ best 82.74%
2026-03-23 07:51:29,320 [INFO]   S2 Ep 153/200  loss=1.7564 acc=67.3%  val=82.2%  lr=5.86e-06    26s
2026-03-23 07:51:55,085 [INFO]   S2 Ep 154/200  loss=1.7200 acc=69.2%  val=82.1%  lr=5.62e-06    26s
2026-03-23 07:52:21,108 [INFO]   S2 Ep 155/200  loss=1.7393 acc=68.1%  val=82.5%  lr=5.39e-06    26s
2026-03-23 07:52:47,206 [INFO]   S2 Ep 156/200  loss=1.6721 acc=70.6%  val=82.3%  lr=5.17e-06    26s
2026-03-23 07:53:13,148 [INFO]   S2 Ep 157/200  loss=1.7345 acc=68.6%  val=82.7%  lr=4.95e-06    26s
2026-03-23 07:53:38,929 [INFO]   S2 Ep 158/200  loss=1.7294 acc=68.9%  val=82.6%  lr=4.73e-06    26s
2026-03-23 07:54:05,966 [INFO]   S2 Ep 159/200  loss=1.6713 acc=70.8%  val=82.4%  lr=4.51e-06    27s
2026-03-23 07:54:32,939 [INFO]   S2 Ep 160/200  loss=1.7319 acc=68.8%  val=82.7%  lr=4.30e-06    27s
2026-03-23 07:54:59,965 [INFO]   S2 Ep 161/200  loss=1.7026 acc=69.7%  val=82.6%  lr=4.10e-06    27s
2026-03-23 07:55:26,013 [INFO]   S2 Ep 162/200  loss=1.6258 acc=72.4%  val=83.0%  lr=3.90e-06    26s
2026-03-23 07:55:26,347 [INFO]   ★ best 83.01%
2026-03-23 07:55:52,462 [INFO]   S2 Ep 163/200  loss=1.6983 acc=70.0%  val=82.6%  lr=3.70e-06    26s
2026-03-23 07:56:18,871 [INFO]   S2 Ep 164/200  loss=1.6455 acc=71.3%  val=83.0%  lr=3.51e-06    26s
2026-03-23 07:56:19,212 [INFO]   ★ best 83.05%
2026-03-23 07:56:45,056 [INFO]   S2 Ep 165/200  loss=1.6970 acc=69.0%  val=82.6%  lr=3.33e-06    26s
2026-03-23 07:57:11,311 [INFO]   S2 Ep 166/200  loss=1.6840 acc=69.9%  val=83.0%  lr=3.14e-06    26s
2026-03-23 07:57:37,459 [INFO]   S2 Ep 167/200  loss=1.6907 acc=69.8%  val=82.9%  lr=2.97e-06    26s
2026-03-23 07:58:03,871 [INFO]   S2 Ep 168/200  loss=1.6714 acc=70.2%  val=82.5%  lr=2.79e-06    26s
2026-03-23 07:58:29,772 [INFO]   S2 Ep 169/200  loss=1.6927 acc=69.4%  val=82.6%  lr=2.62e-06    26s
2026-03-23 07:58:56,405 [INFO]   S2 Ep 170/200  loss=1.6762 acc=70.2%  val=82.8%  lr=2.46e-06    27s
2026-03-23 07:59:23,921 [INFO]   S2 Ep 171/200  loss=1.6571 acc=71.6%  val=82.6%  lr=2.30e-06    28s
2026-03-23 07:59:52,227 [INFO]   S2 Ep 172/200  loss=1.6903 acc=70.4%  val=83.0%  lr=2.15e-06    28s
2026-03-23 08:00:18,767 [INFO]   S2 Ep 173/200  loss=1.7194 acc=68.7%  val=82.9%  lr=2.00e-06    27s
2026-03-23 08:00:45,459 [INFO]   S2 Ep 174/200  loss=1.6673 acc=70.7%  val=82.9%  lr=1.86e-06    27s
2026-03-23 08:01:12,401 [INFO]   S2 Ep 175/200  loss=1.6380 acc=71.9%  val=83.1%  lr=1.72e-06    27s
2026-03-23 08:01:12,763 [INFO]   ★ best 83.08%
2026-03-23 08:01:39,970 [INFO]   S2 Ep 176/200  loss=1.6262 acc=72.1%  val=82.9%  lr=1.59e-06    27s
2026-03-23 08:02:06,914 [INFO]   S2 Ep 177/200  loss=1.7473 acc=67.9%  val=83.2%  lr=1.46e-06    27s
2026-03-23 08:02:07,263 [INFO]   ★ best 83.25%
2026-03-23 08:02:34,060 [INFO]   S2 Ep 178/200  loss=1.6474 acc=72.4%  val=82.8%  lr=1.34e-06    27s
2026-03-23 08:03:01,278 [INFO]   S2 Ep 179/200  loss=1.7319 acc=68.1%  val=82.8%  lr=1.22e-06    27s
2026-03-23 08:03:28,331 [INFO]   S2 Ep 180/200  loss=1.7085 acc=69.0%  val=82.7%  lr=1.11e-06    27s
2026-03-23 08:03:55,092 [INFO]   S2 Ep 181/200  loss=1.7249 acc=68.4%  val=83.2%  lr=1.00e-06    27s
2026-03-23 08:04:21,810 [INFO]   S2 Ep 182/200  loss=1.6721 acc=69.8%  val=82.8%  lr=8.99e-07    27s
2026-03-23 08:04:48,956 [INFO]   S2 Ep 183/200  loss=1.6787 acc=70.5%  val=83.2%  lr=8.03e-07    27s
2026-03-23 08:05:15,897 [INFO]   S2 Ep 184/200  loss=1.6791 acc=69.9%  val=83.4%  lr=7.12e-07    27s
2026-03-23 08:05:16,252 [INFO]   ★ best 83.38%
2026-03-23 08:05:42,636 [INFO]   S2 Ep 185/200  loss=1.7308 acc=68.5%  val=82.9%  lr=6.26e-07    26s
2026-03-23 08:06:08,113 [INFO]   S2 Ep 186/200  loss=1.6979 acc=69.2%  val=83.0%  lr=5.46e-07    25s
2026-03-23 08:06:33,641 [INFO]   S2 Ep 187/200  loss=1.6770 acc=70.2%  val=83.0%  lr=4.71e-07    26s
2026-03-23 08:06:58,938 [INFO]   S2 Ep 188/200  loss=1.7492 acc=67.5%  val=82.9%  lr=4.02e-07    25s
2026-03-23 08:07:24,836 [INFO]   S2 Ep 189/200  loss=1.6825 acc=69.8%  val=83.0%  lr=3.38e-07    26s
2026-03-23 08:07:50,288 [INFO]   S2 Ep 190/200  loss=1.6678 acc=70.6%  val=82.9%  lr=2.80e-07    25s
2026-03-23 08:08:15,440 [INFO]   S2 Ep 191/200  loss=1.6642 acc=71.0%  val=82.9%  lr=2.27e-07    25s
2026-03-23 08:08:41,246 [INFO]   S2 Ep 192/200  loss=1.6845 acc=69.5%  val=82.9%  lr=1.80e-07    26s
2026-03-23 08:09:07,371 [INFO]   S2 Ep 193/200  loss=1.6525 acc=71.2%  val=82.8%  lr=1.38e-07    26s
2026-03-23 08:09:33,556 [INFO]   S2 Ep 194/200  loss=1.6394 acc=71.8%  val=82.8%  lr=1.02e-07    26s
2026-03-23 08:09:58,499 [INFO]   S2 Ep 195/200  loss=1.6988 acc=69.6%  val=82.8%  lr=7.13e-08    25s
2026-03-23 08:10:23,906 [INFO]   S2 Ep 196/200  loss=1.6255 acc=72.4%  val=82.9%  lr=4.62e-08    25s
2026-03-23 08:10:49,471 [INFO]   S2 Ep 197/200  loss=1.7300 acc=68.6%  val=82.8%  lr=2.67e-08    26s
2026-03-23 08:11:16,363 [INFO]   S2 Ep 198/200  loss=1.6587 acc=70.7%  val=82.9%  lr=1.27e-08    27s
2026-03-23 08:11:42,633 [INFO]   S2 Ep 199/200  loss=1.6830 acc=70.0%  val=82.9%  lr=4.37e-09    26s
2026-03-23 08:12:07,724 [INFO]   S2 Ep 200/200  loss=1.6865 acc=69.8%  val=82.9%  lr=1.60e-09    25s
2026-03-23 08:12:07,726 [INFO] ── Stage 3: SWA (25 ep, lr=4.0e-06) ──
2026-03-23 08:12:32,888 [INFO]   SWA Ep  1/25  loss=1.6809  swa_val=82.8%  25s
2026-03-23 08:12:58,287 [INFO]   SWA Ep  2/25  loss=1.7060  swa_val=82.7%  25s
2026-03-23 08:13:24,737 [INFO]   SWA Ep  3/25  loss=1.6925  swa_val=82.7%  26s
2026-03-23 08:13:50,501 [INFO]   SWA Ep  4/25  loss=1.7182  swa_val=82.8%  26s
2026-03-23 08:14:16,601 [INFO]   SWA Ep  5/25  loss=1.6750  swa_val=82.9%  26s
2026-03-23 08:14:42,773 [INFO]   SWA Ep  6/25  loss=1.6423  swa_val=82.9%  26s
2026-03-23 08:15:08,576 [INFO]   SWA Ep  7/25  loss=1.7114  swa_val=82.8%  26s
2026-03-23 08:15:34,780 [INFO]   SWA Ep  8/25  loss=1.6789  swa_val=82.9%  26s
2026-03-23 08:16:01,463 [INFO]   SWA Ep  9/25  loss=1.6632  swa_val=82.9%  27s
2026-03-23 08:16:28,006 [INFO]   SWA Ep 10/25  loss=1.6703  swa_val=82.8%  27s
2026-03-23 08:16:55,662 [INFO]   SWA Ep 11/25  loss=1.7613  swa_val=82.8%  28s
2026-03-23 08:17:23,735 [INFO]   SWA Ep 12/25  loss=1.6934  swa_val=82.9%  28s
2026-03-23 08:17:51,781 [INFO]   SWA Ep 13/25  loss=1.6983  swa_val=82.8%  28s
2026-03-23 08:18:19,329 [INFO]   SWA Ep 14/25  loss=1.6880  swa_val=82.7%  28s
2026-03-23 08:18:45,827 [INFO]   SWA Ep 15/25  loss=1.7144  swa_val=82.8%  26s
2026-03-23 08:19:15,199 [INFO]   SWA Ep 16/25  loss=1.7529  swa_val=82.8%  29s
2026-03-23 08:19:42,932 [INFO]   SWA Ep 17/25  loss=1.7220  swa_val=82.8%  28s
2026-03-23 08:20:12,218 [INFO]   SWA Ep 18/25  loss=1.6822  swa_val=82.8%  29s
2026-03-23 08:20:39,646 [INFO]   SWA Ep 19/25  loss=1.6389  swa_val=82.7%  27s
2026-03-23 08:21:06,747 [INFO]   SWA Ep 20/25  loss=1.6957  swa_val=82.8%  27s
2026-03-23 08:21:33,876 [INFO]   SWA Ep 21/25  loss=1.6863  swa_val=82.8%  27s
2026-03-23 08:21:59,361 [INFO]   SWA Ep 22/25  loss=1.7546  swa_val=82.8%  25s
2026-03-23 08:22:23,991 [INFO]   SWA Ep 23/25  loss=1.6811  swa_val=82.9%  25s
2026-03-23 08:22:49,223 [INFO]   SWA Ep 24/25  loss=1.6980  swa_val=82.8%  25s
2026-03-23 08:23:14,628 [INFO]   SWA Ep 25/25  loss=1.6971  swa_val=82.9%  25s
2026-03-23 08:23:14,629 [INFO]   Updating BN stats for SWA model …
2026-03-23 08:23:16,665 [INFO]   SWA final: 82.88% (regular best: 83.38%)
2026-03-23 08:23:16,665 [INFO]   Fold 0 best: 83.38%
2026-03-23 08:23:16,706 [INFO] ================================================================
2026-03-23 08:23:16,706 [INFO] RESULT: Fold 0 accuracy = 83.38%
2026-03-23 08:23:16,706 [INFO] ================================================================
2026-03-23 08:24:00,460 [INFO] Done.
