2026-03-18 14:00:23,460 [INFO] GPU: NVIDIA H200
2026-03-18 14:00:23,460 [INFO] Config: {
  "data_dir": "/data/slr/track2_",
  "output_dir": "/data/slr/checkpoints_v17",
  "max_frames": 64,
  "img_size": null,
  "n_classes": 126,
  "teacher_img_size": 224,
  "teacher_max_frames": 48,
  "channel_means": [
    -64.3217,
    -62.9119,
    -63.9254
  ],
  "channel_stds": [
    12.5721,
    11.662,
    11.7259
  ],
  "n_folds": 5,
  "batch_size": 64,
  "num_workers": 4,
  "stage1_epochs": 5,
  "stage1_lr": 0.0002,
  "stage2_epochs": 80,
  "stage2_lr": 5e-05,
  "swa_epochs": 15,
  "swa_lr": 5e-06,
  "weight_decay": 0.05,
  "warmup_pct": 0.05,
  "label_smoothing": 0.1,
  "early_stopping_patience": 30,
  "grad_clip_norm": 1.0,
  "llrd_decay": 0.75,
  "kd_alpha": 0.5,
  "kd_tau": 4.0,
  "mixup_alpha": 0.4,
  "cutmix_alpha": 1.0,
  "cutmix_prob": 0.5,
  "time_mask_max": 8,
  "range_mask_max": 30,
  "noise_std": 0.1,
  "time_warp_lo": 0.8,
  "time_warp_hi": 1.2,
  "time_reverse_prob": 0.5,
  "channel_shuffle_prob": 0.2,
  "channel_drop_prob": 0.1,
  "random_erase_prob": 0.2,
  "circ_shift_prob": 0.3,
  "circ_shift_max": 8,
  "amp_scale_prob": 0.5,
  "amp_scale_lo": 0.8,
  "amp_scale_hi": 1.2,
  "model_name": "convnextv2_tiny.fcmae_ft_in22k_in1k",
  "drop_path_rate": 0.2,
  "proj_dim": 512,
  "drop_rate": 0.3,
  "ms_dropout_samples": 5,
  "seed": 42
}
2026-03-18 14:00:23,460 [INFO] ★★★ NATIVE RESOLUTION: 64 × 256 (NO RESIZE!) ★★★
2026-03-18 14:00:23,531 [INFO] Train: 14742 | Eval: 9828
2026-03-18 14:00:27,773 [INFO] Pre-computing teacher soft labels (at 224×224) …
2026-03-18 14:00:29,683 [INFO]   Loaded 5 teachers
2026-03-18 14:01:43,996 [INFO]   Soft labels: 14742
2026-03-18 14:01:43,997 [INFO] KD α=0.50 τ=4.0 | SWA 15 ep @ lr=5.0e-06 | NO PL | NATIVE RES
2026-03-18 14:01:44,001 [INFO] ================================================================
2026-03-18 14:01:44,001 [INFO] FOLD 1 / 5
2026-03-18 14:01:44,001 [INFO] ================================================================
2026-03-18 14:01:44,003 [INFO]   Train: 11793 | Val: 2949
2026-03-18 14:01:44,212 [INFO] Loading pretrained weights from Hugging Face hub (timm/convnextv2_tiny.fcmae_ft_in22k_in1k)
2026-03-18 14:01:44,402 [INFO] HTTP Request: HEAD https://huggingface.co/timm/convnextv2_tiny.fcmae_ft_in22k_in1k/resolve/main/model.safetensors "HTTP/1.1 302 Found"
2026-03-18 14:01:44,403 [INFO] [timm/convnextv2_tiny.fcmae_ft_in22k_in1k] Safe alternative available for 'pytorch_model.bin' (as 'model.safetensors'). Loading weights using safetensors.
2026-03-18 14:01:44,420 [INFO] Missing keys (head.fc.weight, head.fc.bias) discovered while loading pretrained weights. This is expected if model is being adapted.
2026-03-18 14:01:44,533 [INFO]   Born-again ← best_fold0.pt (val 90.78%)
2026-03-18 14:01:44,533 [INFO] ── Stage 1: head warmup (5 ep) ──
2026-03-18 14:02:07,189 [INFO]   S1 Ep 1/5  loss=2.7345 acc=1.9%  val=3.2%  23s
2026-03-18 14:02:07,306 [INFO]   ★ best 3.15%
2026-03-18 14:02:12,008 [INFO]   S1 Ep 2/5  loss=2.6449 acc=3.3%  val=5.3%  5s
2026-03-18 14:02:12,149 [INFO]   ★ best 5.29%
2026-03-18 14:02:16,713 [INFO]   S1 Ep 3/5  loss=2.6024 acc=4.3%  val=6.8%  5s
2026-03-18 14:02:16,855 [INFO]   ★ best 6.85%
2026-03-18 14:02:21,823 [INFO]   S1 Ep 4/5  loss=2.5667 acc=5.6%  val=7.8%  5s
2026-03-18 14:02:21,969 [INFO]   ★ best 7.80%
2026-03-18 14:02:26,737 [INFO]   S1 Ep 5/5  loss=2.5564 acc=5.9%  val=7.8%  5s
2026-03-18 14:02:26,871 [INFO]   ★ best 7.83%
2026-03-18 14:02:26,872 [INFO] ── Stage 2: full fine-tune (80 ep, patience 30) ──
2026-03-18 14:02:26,873 [INFO] LLRD: 12 groups, LR [1.19e-05 … 5.00e-05]
2026-03-18 14:02:40,270 [INFO]   S2 Ep   1/80  loss=2.6113 acc=4.7%  val=10.7%  lr=9.05e-06    13s
2026-03-18 14:02:40,428 [INFO]   ★ best 10.72%
2026-03-18 14:02:49,946 [INFO]   S2 Ep   2/80  loss=2.4818 acc=9.6%  val=22.5%  lr=2.61e-05    10s
2026-03-18 14:02:50,133 [INFO]   ★ best 22.52%
2026-03-18 14:02:59,616 [INFO]   S2 Ep   3/80  loss=2.3137 acc=16.6%  val=39.5%  lr=4.30e-05     9s
2026-03-18 14:02:59,758 [INFO]   ★ best 39.47%
2026-03-18 14:03:09,291 [INFO]   S2 Ep   4/80  loss=2.1138 acc=25.2%  val=51.2%  lr=5.00e-05    10s
2026-03-18 14:03:09,483 [INFO]   ★ best 51.17%
2026-03-18 14:03:19,157 [INFO]   S2 Ep   5/80  loss=1.9892 acc=30.4%  val=55.7%  lr=5.00e-05    10s
2026-03-18 14:03:19,335 [INFO]   ★ best 55.71%
2026-03-18 14:03:28,750 [INFO]   S2 Ep   6/80  loss=1.9253 acc=33.7%  val=59.8%  lr=4.99e-05     9s
2026-03-18 14:03:28,921 [INFO]   ★ best 59.78%
2026-03-18 14:03:38,509 [INFO]   S2 Ep   7/80  loss=1.8167 acc=38.5%  val=63.3%  lr=4.98e-05    10s
2026-03-18 14:03:38,684 [INFO]   ★ best 63.34%
2026-03-18 14:03:48,157 [INFO]   S2 Ep   8/80  loss=1.7208 acc=42.5%  val=63.7%  lr=4.97e-05     9s
2026-03-18 14:03:48,297 [INFO]   ★ best 63.72%
2026-03-18 14:03:57,769 [INFO]   S2 Ep   9/80  loss=1.7491 acc=41.5%  val=67.3%  lr=4.95e-05     9s
2026-03-18 14:03:57,932 [INFO]   ★ best 67.34%
2026-03-18 14:04:07,462 [INFO]   S2 Ep  10/80  loss=1.7238 acc=42.8%  val=68.6%  lr=4.92e-05    10s
2026-03-18 14:04:07,608 [INFO]   ★ best 68.63%
2026-03-18 14:04:17,006 [INFO]   S2 Ep  11/80  loss=1.6951 acc=43.7%  val=69.7%  lr=4.90e-05     9s
2026-03-18 14:04:17,145 [INFO]   ★ best 69.72%
2026-03-18 14:04:26,528 [INFO]   S2 Ep  12/80  loss=1.6869 acc=44.3%  val=69.9%  lr=4.86e-05     9s
2026-03-18 14:04:26,667 [INFO]   ★ best 69.92%
2026-03-18 14:04:36,066 [INFO]   S2 Ep  13/80  loss=1.6373 acc=46.4%  val=70.5%  lr=4.83e-05     9s
2026-03-18 14:04:36,281 [INFO]   ★ best 70.50%
2026-03-18 14:04:45,709 [INFO]   S2 Ep  14/80  loss=1.6596 acc=45.7%  val=71.9%  lr=4.79e-05     9s
2026-03-18 14:04:45,887 [INFO]   ★ best 71.85%
2026-03-18 14:04:55,272 [INFO]   S2 Ep  15/80  loss=1.5928 acc=49.1%  val=72.7%  lr=4.75e-05     9s
2026-03-18 14:04:55,451 [INFO]   ★ best 72.74%
2026-03-18 14:05:04,944 [INFO]   S2 Ep  16/80  loss=1.5939 acc=48.8%  val=72.7%  lr=4.70e-05     9s
2026-03-18 14:05:14,310 [INFO]   S2 Ep  17/80  loss=1.5650 acc=49.9%  val=73.4%  lr=4.65e-05     9s
2026-03-18 14:05:14,481 [INFO]   ★ best 73.45%
2026-03-18 14:05:23,900 [INFO]   S2 Ep  18/80  loss=1.5309 acc=51.1%  val=73.5%  lr=4.59e-05     9s
2026-03-18 14:05:24,082 [INFO]   ★ best 73.52%
2026-03-18 14:05:33,499 [INFO]   S2 Ep  19/80  loss=1.5270 acc=51.8%  val=73.4%  lr=4.53e-05     9s
2026-03-18 14:05:42,845 [INFO]   S2 Ep  20/80  loss=1.5228 acc=52.1%  val=74.1%  lr=4.47e-05     9s
2026-03-18 14:05:43,027 [INFO]   ★ best 74.13%
2026-03-18 14:05:52,412 [INFO]   S2 Ep  21/80  loss=1.5515 acc=50.6%  val=75.0%  lr=4.41e-05     9s
2026-03-18 14:05:52,589 [INFO]   ★ best 74.97%
2026-03-18 14:06:02,061 [INFO]   S2 Ep  22/80  loss=1.4810 acc=54.1%  val=74.8%  lr=4.34e-05     9s
2026-03-18 14:06:11,570 [INFO]   S2 Ep  23/80  loss=1.4693 acc=54.1%  val=75.1%  lr=4.27e-05    10s
2026-03-18 14:06:11,738 [INFO]   ★ best 75.14%
2026-03-18 14:06:21,108 [INFO]   S2 Ep  24/80  loss=1.4844 acc=53.8%  val=75.6%  lr=4.19e-05     9s
2026-03-18 14:06:21,298 [INFO]   ★ best 75.58%
2026-03-18 14:06:30,661 [INFO]   S2 Ep  25/80  loss=1.4325 acc=55.7%  val=76.1%  lr=4.12e-05     9s
2026-03-18 14:06:30,836 [INFO]   ★ best 76.09%
2026-03-18 14:06:40,227 [INFO]   S2 Ep  26/80  loss=1.4490 acc=55.3%  val=76.0%  lr=4.04e-05     9s
2026-03-18 14:06:49,587 [INFO]   S2 Ep  27/80  loss=1.4243 acc=56.0%  val=76.9%  lr=3.95e-05     9s
2026-03-18 14:06:49,769 [INFO]   ★ best 76.91%
2026-03-18 14:06:59,349 [INFO]   S2 Ep  28/80  loss=1.4418 acc=56.2%  val=76.0%  lr=3.87e-05    10s
2026-03-18 14:07:08,875 [INFO]   S2 Ep  29/80  loss=1.4389 acc=56.3%  val=76.7%  lr=3.78e-05    10s
2026-03-18 14:07:18,469 [INFO]   S2 Ep  30/80  loss=1.4535 acc=55.9%  val=77.0%  lr=3.69e-05    10s
2026-03-18 14:07:18,646 [INFO]   ★ best 76.98%
2026-03-18 14:07:28,038 [INFO]   S2 Ep  31/80  loss=1.4710 acc=54.1%  val=76.7%  lr=3.60e-05     9s
2026-03-18 14:07:37,752 [INFO]   S2 Ep  32/80  loss=1.3838 acc=57.9%  val=76.8%  lr=3.50e-05    10s
2026-03-18 14:07:47,459 [INFO]   S2 Ep  33/80  loss=1.4332 acc=56.4%  val=77.4%  lr=3.41e-05    10s
2026-03-18 14:07:47,637 [INFO]   ★ best 77.42%
2026-03-18 14:07:57,012 [INFO]   S2 Ep  34/80  loss=1.4401 acc=56.1%  val=77.3%  lr=3.31e-05     9s
2026-03-18 14:08:06,416 [INFO]   S2 Ep  35/80  loss=1.4037 acc=57.6%  val=77.8%  lr=3.21e-05     9s
2026-03-18 14:08:06,593 [INFO]   ★ best 77.82%
2026-03-18 14:08:15,976 [INFO]   S2 Ep  36/80  loss=1.4293 acc=56.3%  val=77.0%  lr=3.11e-05     9s
2026-03-18 14:08:25,477 [INFO]   S2 Ep  37/80  loss=1.3880 acc=58.6%  val=77.2%  lr=3.01e-05    10s
2026-03-18 14:08:34,898 [INFO]   S2 Ep  38/80  loss=1.3763 acc=58.6%  val=77.9%  lr=2.91e-05     9s
2026-03-18 14:08:35,090 [INFO]   ★ best 77.89%
2026-03-18 14:08:44,428 [INFO]   S2 Ep  39/80  loss=1.3644 acc=59.4%  val=77.6%  lr=2.81e-05     9s
2026-03-18 14:08:53,799 [INFO]   S2 Ep  40/80  loss=1.3189 acc=61.4%  val=77.5%  lr=2.71e-05     9s
2026-03-18 14:09:03,188 [INFO]   S2 Ep  41/80  loss=1.4231 acc=57.0%  val=78.4%  lr=2.60e-05     9s
2026-03-18 14:09:03,372 [INFO]   ★ best 78.37%
2026-03-18 14:09:12,770 [INFO]   S2 Ep  42/80  loss=1.3496 acc=60.2%  val=77.9%  lr=2.50e-05     9s
2026-03-18 14:09:22,170 [INFO]   S2 Ep  43/80  loss=1.3870 acc=58.7%  val=77.8%  lr=2.40e-05     9s
2026-03-18 14:09:31,584 [INFO]   S2 Ep  44/80  loss=1.3826 acc=59.0%  val=78.5%  lr=2.29e-05     9s
2026-03-18 14:09:31,767 [INFO]   ★ best 78.50%
2026-03-18 14:09:41,230 [INFO]   S2 Ep  45/80  loss=1.3351 acc=60.7%  val=78.0%  lr=2.19e-05     9s
2026-03-18 14:09:50,644 [INFO]   S2 Ep  46/80  loss=1.3921 acc=58.2%  val=78.1%  lr=2.09e-05     9s
2026-03-18 14:10:00,064 [INFO]   S2 Ep  47/80  loss=1.3363 acc=61.1%  val=78.1%  lr=1.99e-05     9s
2026-03-18 14:10:09,491 [INFO]   S2 Ep  48/80  loss=1.3665 acc=59.4%  val=78.1%  lr=1.89e-05     9s
2026-03-18 14:10:18,915 [INFO]   S2 Ep  49/80  loss=1.3275 acc=61.6%  val=79.1%  lr=1.79e-05     9s
2026-03-18 14:10:19,092 [INFO]   ★ best 79.11%
2026-03-18 14:10:28,592 [INFO]   S2 Ep  50/80  loss=1.3579 acc=60.3%  val=78.7%  lr=1.69e-05     9s
2026-03-18 14:10:37,989 [INFO]   S2 Ep  51/80  loss=1.2835 acc=63.6%  val=78.3%  lr=1.59e-05     9s
2026-03-18 14:10:47,441 [INFO]   S2 Ep  52/80  loss=1.3044 acc=62.5%  val=78.9%  lr=1.50e-05     9s
2026-03-18 14:10:57,120 [INFO]   S2 Ep  53/80  loss=1.3205 acc=61.5%  val=78.8%  lr=1.40e-05    10s
2026-03-18 14:11:06,738 [INFO]   S2 Ep  54/80  loss=1.3542 acc=60.3%  val=78.9%  lr=1.31e-05    10s
2026-03-18 14:11:16,397 [INFO]   S2 Ep  55/80  loss=1.3400 acc=61.1%  val=79.2%  lr=1.22e-05    10s
2026-03-18 14:11:16,582 [INFO]   ★ best 79.25%
2026-03-18 14:11:26,319 [INFO]   S2 Ep  56/80  loss=1.2599 acc=64.8%  val=78.9%  lr=1.13e-05    10s
2026-03-18 14:11:35,727 [INFO]   S2 Ep  57/80  loss=1.3033 acc=62.4%  val=79.1%  lr=1.05e-05     9s
2026-03-18 14:11:45,239 [INFO]   S2 Ep  58/80  loss=1.3111 acc=62.3%  val=78.7%  lr=9.64e-06    10s
2026-03-18 14:11:54,773 [INFO]   S2 Ep  59/80  loss=1.2851 acc=62.9%  val=79.0%  lr=8.84e-06    10s
2026-03-18 14:12:04,172 [INFO]   S2 Ep  60/80  loss=1.3421 acc=61.2%  val=79.5%  lr=8.07e-06     9s
2026-03-18 14:12:04,348 [INFO]   ★ best 79.45%
2026-03-18 14:12:13,775 [INFO]   S2 Ep  61/80  loss=1.2682 acc=64.3%  val=79.2%  lr=7.32e-06     9s
2026-03-18 14:12:23,201 [INFO]   S2 Ep  62/80  loss=1.3357 acc=61.1%  val=79.2%  lr=6.60e-06     9s
2026-03-18 14:12:32,623 [INFO]   S2 Ep  63/80  loss=1.3524 acc=60.3%  val=79.4%  lr=5.92e-06     9s
2026-03-18 14:12:42,109 [INFO]   S2 Ep  64/80  loss=1.3220 acc=61.4%  val=79.4%  lr=5.27e-06     9s
2026-03-18 14:12:51,618 [INFO]   S2 Ep  65/80  loss=1.3269 acc=61.0%  val=79.1%  lr=4.65e-06    10s
2026-03-18 14:13:01,242 [INFO]   S2 Ep  66/80  loss=1.2728 acc=63.7%  val=79.5%  lr=4.07e-06    10s
2026-03-18 14:13:10,801 [INFO]   S2 Ep  67/80  loss=1.3348 acc=61.0%  val=79.3%  lr=3.52e-06    10s
2026-03-18 14:13:20,445 [INFO]   S2 Ep  68/80  loss=1.3017 acc=62.9%  val=79.3%  lr=3.01e-06    10s
2026-03-18 14:13:30,040 [INFO]   S2 Ep  69/80  loss=1.2262 acc=65.6%  val=79.7%  lr=2.54e-06    10s
2026-03-18 14:13:30,187 [INFO]   ★ best 79.65%
2026-03-18 14:13:39,765 [INFO]   S2 Ep  70/80  loss=1.2865 acc=62.7%  val=79.3%  lr=2.11e-06    10s
2026-03-18 14:13:49,258 [INFO]   S2 Ep  71/80  loss=1.3649 acc=60.0%  val=79.2%  lr=1.71e-06     9s
2026-03-18 14:13:58,763 [INFO]   S2 Ep  72/80  loss=1.3113 acc=62.1%  val=79.4%  lr=1.35e-06     9s
2026-03-18 14:14:08,284 [INFO]   S2 Ep  73/80  loss=1.2642 acc=64.6%  val=79.2%  lr=1.04e-06    10s
2026-03-18 14:14:17,788 [INFO]   S2 Ep  74/80  loss=1.2937 acc=62.5%  val=79.5%  lr=7.66e-07    10s
2026-03-18 14:14:27,362 [INFO]   S2 Ep  75/80  loss=1.2956 acc=63.4%  val=79.2%  lr=5.33e-07    10s
2026-03-18 14:14:36,938 [INFO]   S2 Ep  76/80  loss=1.2537 acc=64.8%  val=79.5%  lr=3.42e-07    10s
2026-03-18 14:14:46,564 [INFO]   S2 Ep  77/80  loss=1.3107 acc=62.4%  val=79.5%  lr=1.93e-07    10s
2026-03-18 14:14:56,074 [INFO]   S2 Ep  78/80  loss=1.3167 acc=61.7%  val=79.4%  lr=8.69e-08    10s
2026-03-18 14:15:05,677 [INFO]   S2 Ep  79/80  loss=1.3080 acc=62.2%  val=79.4%  lr=2.31e-08    10s
2026-03-18 14:15:15,253 [INFO]   S2 Ep  80/80  loss=1.3149 acc=61.4%  val=79.4%  lr=2.00e-09    10s
2026-03-18 14:15:15,254 [INFO] ── Stage 3: SWA (15 ep, lr=5.0e-06) ──
2026-03-18 14:15:24,946 [INFO]   SWA Ep  1/15  loss=1.3866  swa_val=79.2%  10s
2026-03-18 14:15:34,463 [INFO]   SWA Ep  2/15  loss=1.3128  swa_val=79.4%  10s
2026-03-18 14:15:43,975 [INFO]   SWA Ep  3/15  loss=1.3776  swa_val=79.5%  10s
2026-03-18 14:15:53,527 [INFO]   SWA Ep  4/15  loss=1.3740  swa_val=79.6%  10s
2026-03-18 14:16:02,966 [INFO]   SWA Ep  5/15  loss=1.2974  swa_val=79.8%  9s
2026-03-18 14:16:12,433 [INFO]   SWA Ep  6/15  loss=1.3515  swa_val=79.8%  9s
2026-03-18 14:16:21,882 [INFO]   SWA Ep  7/15  loss=1.2648  swa_val=80.0%  9s
2026-03-18 14:16:31,321 [INFO]   SWA Ep  8/15  loss=1.4051  swa_val=79.9%  9s
2026-03-18 14:16:40,772 [INFO]   SWA Ep  9/15  loss=1.3258  swa_val=80.0%  9s
2026-03-18 14:16:50,335 [INFO]   SWA Ep 10/15  loss=1.3073  swa_val=79.9%  10s
2026-03-18 14:16:59,966 [INFO]   SWA Ep 11/15  loss=1.2923  swa_val=79.9%  10s
2026-03-18 14:17:09,560 [INFO]   SWA Ep 12/15  loss=1.2955  swa_val=80.0%  10s
2026-03-18 14:17:19,195 [INFO]   SWA Ep 13/15  loss=1.3124  swa_val=80.0%  10s
2026-03-18 14:17:28,772 [INFO]   SWA Ep 14/15  loss=1.2511  swa_val=80.0%  10s
2026-03-18 14:17:38,336 [INFO]   SWA Ep 15/15  loss=1.2989  swa_val=79.9%  10s
2026-03-18 14:17:38,336 [INFO]   Updating BN stats for SWA model …
2026-03-18 14:17:38,855 [INFO]   SWA final: 79.89% (regular best: 79.65%)
2026-03-18 14:17:39,025 [INFO]   ★ SWA beats regular! 79.89%
2026-03-18 14:17:39,026 [INFO]   Fold 1 best: 79.89%
2026-03-18 14:17:40,453 [INFO] ================================================================
2026-03-18 14:17:40,453 [INFO] FOLD 2 / 5
2026-03-18 14:17:40,453 [INFO] ================================================================
2026-03-18 14:17:40,456 [INFO]   Train: 11793 | Val: 2949
2026-03-18 14:17:40,668 [INFO] Loading pretrained weights from Hugging Face hub (timm/convnextv2_tiny.fcmae_ft_in22k_in1k)
2026-03-18 14:17:40,777 [INFO] HTTP Request: HEAD https://huggingface.co/timm/convnextv2_tiny.fcmae_ft_in22k_in1k/resolve/main/model.safetensors "HTTP/1.1 302 Found"
2026-03-18 14:17:40,778 [INFO] [timm/convnextv2_tiny.fcmae_ft_in22k_in1k] Safe alternative available for 'pytorch_model.bin' (as 'model.safetensors'). Loading weights using safetensors.
2026-03-18 14:17:40,795 [INFO] Missing keys (head.fc.weight, head.fc.bias) discovered while loading pretrained weights. This is expected if model is being adapted.
2026-03-18 14:17:40,902 [INFO]   Born-again ← best_fold1.pt (val 89.69%)
2026-03-18 14:17:40,903 [INFO] ── Stage 1: head warmup (5 ep) ──
2026-03-18 14:17:48,273 [INFO]   S1 Ep 1/5  loss=2.7536 acc=2.8%  val=3.5%  7s
2026-03-18 14:17:48,397 [INFO]   ★ best 3.49%
2026-03-18 14:17:52,882 [INFO]   S1 Ep 2/5  loss=2.6234 acc=3.7%  val=6.2%  4s
2026-03-18 14:17:53,038 [INFO]   ★ best 6.17%
2026-03-18 14:17:57,609 [INFO]   S1 Ep 3/5  loss=2.5682 acc=5.1%  val=8.9%  5s
2026-03-18 14:17:57,760 [INFO]   ★ best 8.92%
2026-03-18 14:18:02,236 [INFO]   S1 Ep 4/5  loss=2.5385 acc=6.6%  val=10.0%  4s
2026-03-18 14:18:02,381 [INFO]   ★ best 9.97%
2026-03-18 14:18:06,858 [INFO]   S1 Ep 5/5  loss=2.5244 acc=6.8%  val=9.7%  4s
2026-03-18 14:18:06,858 [INFO] ── Stage 2: full fine-tune (80 ep, patience 30) ──
2026-03-18 14:18:06,859 [INFO] LLRD: 12 groups, LR [1.19e-05 … 5.00e-05]
2026-03-18 14:18:16,394 [INFO]   S2 Ep   1/80  loss=2.6031 acc=5.7%  val=13.2%  lr=9.05e-06    10s
2026-03-18 14:18:16,545 [INFO]   ★ best 13.16%
2026-03-18 14:18:26,039 [INFO]   S2 Ep   2/80  loss=2.4818 acc=9.5%  val=24.2%  lr=2.61e-05     9s
2026-03-18 14:18:26,181 [INFO]   ★ best 24.21%
2026-03-18 14:18:35,731 [INFO]   S2 Ep   3/80  loss=2.2835 acc=17.6%  val=40.8%  lr=4.30e-05    10s
2026-03-18 14:18:35,886 [INFO]   ★ best 40.76%
2026-03-18 14:18:45,446 [INFO]   S2 Ep   4/80  loss=2.1391 acc=24.3%  val=51.6%  lr=5.00e-05    10s
2026-03-18 14:18:45,603 [INFO]   ★ best 51.61%
2026-03-18 14:18:55,174 [INFO]   S2 Ep   5/80  loss=1.9841 acc=30.9%  val=56.7%  lr=5.00e-05    10s
2026-03-18 14:18:55,340 [INFO]   ★ best 56.73%
2026-03-18 14:19:04,922 [INFO]   S2 Ep   6/80  loss=1.8856 acc=35.4%  val=62.4%  lr=4.99e-05    10s
2026-03-18 14:19:05,089 [INFO]   ★ best 62.43%
2026-03-18 14:19:14,635 [INFO]   S2 Ep   7/80  loss=1.8577 acc=36.5%  val=66.2%  lr=4.98e-05    10s
2026-03-18 14:19:14,784 [INFO]   ★ best 66.16%
2026-03-18 14:19:24,351 [INFO]   S2 Ep   8/80  loss=1.8241 acc=37.9%  val=66.4%  lr=4.97e-05    10s
2026-03-18 14:19:24,506 [INFO]   ★ best 66.36%
2026-03-18 14:19:34,001 [INFO]   S2 Ep   9/80  loss=1.7291 acc=42.5%  val=68.9%  lr=4.95e-05     9s
2026-03-18 14:19:34,156 [INFO]   ★ best 68.94%
2026-03-18 14:19:43,691 [INFO]   S2 Ep  10/80  loss=1.7311 acc=42.5%  val=68.7%  lr=4.92e-05    10s
2026-03-18 14:19:53,191 [INFO]   S2 Ep  11/80  loss=1.6609 acc=45.4%  val=70.5%  lr=4.90e-05     9s
2026-03-18 14:19:53,341 [INFO]   ★ best 70.53%
2026-03-18 14:20:02,852 [INFO]   S2 Ep  12/80  loss=1.6763 acc=44.6%  val=71.1%  lr=4.86e-05    10s
2026-03-18 14:20:02,998 [INFO]   ★ best 71.07%
2026-03-18 14:20:12,499 [INFO]   S2 Ep  13/80  loss=1.5901 acc=48.8%  val=71.7%  lr=4.83e-05    10s
2026-03-18 14:20:12,652 [INFO]   ★ best 71.69%
2026-03-18 14:20:22,244 [INFO]   S2 Ep  14/80  loss=1.6020 acc=48.2%  val=73.0%  lr=4.79e-05    10s
2026-03-18 14:20:22,397 [INFO]   ★ best 72.97%
2026-03-18 14:20:31,945 [INFO]   S2 Ep  15/80  loss=1.6141 acc=47.7%  val=73.0%  lr=4.75e-05    10s
2026-03-18 14:20:32,102 [INFO]   ★ best 73.04%
2026-03-18 14:20:41,617 [INFO]   S2 Ep  16/80  loss=1.5758 acc=49.5%  val=73.4%  lr=4.70e-05    10s
2026-03-18 14:20:41,770 [INFO]   ★ best 73.41%
2026-03-18 14:20:51,302 [INFO]   S2 Ep  17/80  loss=1.5419 acc=50.8%  val=73.5%  lr=4.65e-05    10s
2026-03-18 14:20:51,452 [INFO]   ★ best 73.52%
2026-03-18 14:21:00,989 [INFO]   S2 Ep  18/80  loss=1.5204 acc=51.5%  val=74.6%  lr=4.59e-05    10s
2026-03-18 14:21:01,156 [INFO]   ★ best 74.57%
2026-03-18 14:21:10,747 [INFO]   S2 Ep  19/80  loss=1.5185 acc=52.4%  val=74.5%  lr=4.53e-05    10s
2026-03-18 14:21:20,363 [INFO]   S2 Ep  20/80  loss=1.5389 acc=51.1%  val=75.1%  lr=4.47e-05    10s
2026-03-18 14:21:20,510 [INFO]   ★ best 75.11%
2026-03-18 14:21:30,005 [INFO]   S2 Ep  21/80  loss=1.5266 acc=51.9%  val=75.2%  lr=4.41e-05     9s
2026-03-18 14:21:30,154 [INFO]   ★ best 75.25%
2026-03-18 14:21:39,647 [INFO]   S2 Ep  22/80  loss=1.5416 acc=51.3%  val=75.0%  lr=4.34e-05     9s
2026-03-18 14:21:49,122 [INFO]   S2 Ep  23/80  loss=1.4814 acc=53.7%  val=75.7%  lr=4.27e-05     9s
2026-03-18 14:21:49,278 [INFO]   ★ best 75.65%
2026-03-18 14:21:58,822 [INFO]   S2 Ep  24/80  loss=1.4298 acc=55.9%  val=75.7%  lr=4.19e-05    10s
2026-03-18 14:21:58,978 [INFO]   ★ best 75.69%
2026-03-18 14:22:08,521 [INFO]   S2 Ep  25/80  loss=1.4675 acc=54.4%  val=76.4%  lr=4.12e-05    10s
2026-03-18 14:22:08,671 [INFO]   ★ best 76.36%
2026-03-18 14:22:18,201 [INFO]   S2 Ep  26/80  loss=1.4331 acc=55.6%  val=76.6%  lr=4.04e-05    10s
2026-03-18 14:22:18,353 [INFO]   ★ best 76.64%
2026-03-18 14:22:27,898 [INFO]   S2 Ep  27/80  loss=1.4957 acc=53.2%  val=76.2%  lr=3.95e-05    10s
2026-03-18 14:22:37,367 [INFO]   S2 Ep  28/80  loss=1.3953 acc=58.1%  val=76.4%  lr=3.87e-05     9s
2026-03-18 14:22:46,892 [INFO]   S2 Ep  29/80  loss=1.4924 acc=53.6%  val=76.8%  lr=3.78e-05    10s
2026-03-18 14:22:47,045 [INFO]   ★ best 76.84%
2026-03-18 14:22:56,593 [INFO]   S2 Ep  30/80  loss=1.4485 acc=56.1%  val=76.4%  lr=3.69e-05    10s
2026-03-18 14:23:06,031 [INFO]   S2 Ep  31/80  loss=1.4523 acc=55.5%  val=77.6%  lr=3.60e-05     9s
2026-03-18 14:23:06,182 [INFO]   ★ best 77.62%
2026-03-18 14:23:15,723 [INFO]   S2 Ep  32/80  loss=1.3891 acc=58.6%  val=77.3%  lr=3.50e-05    10s
2026-03-18 14:23:25,506 [INFO]   S2 Ep  33/80  loss=1.4271 acc=56.5%  val=77.3%  lr=3.41e-05    10s
2026-03-18 14:23:35,327 [INFO]   S2 Ep  34/80  loss=1.4332 acc=56.4%  val=77.7%  lr=3.31e-05    10s
2026-03-18 14:23:35,477 [INFO]   ★ best 77.69%
2026-03-18 14:23:44,989 [INFO]   S2 Ep  35/80  loss=1.3996 acc=57.6%  val=77.6%  lr=3.21e-05    10s
2026-03-18 14:23:54,524 [INFO]   S2 Ep  36/80  loss=1.3502 acc=60.5%  val=77.8%  lr=3.11e-05    10s
2026-03-18 14:23:54,683 [INFO]   ★ best 77.79%
2026-03-18 14:24:04,219 [INFO]   S2 Ep  37/80  loss=1.3620 acc=59.4%  val=77.4%  lr=3.01e-05    10s
2026-03-18 14:24:13,744 [INFO]   S2 Ep  38/80  loss=1.3700 acc=59.5%  val=78.8%  lr=2.91e-05    10s
2026-03-18 14:24:13,905 [INFO]   ★ best 78.81%
2026-03-18 14:24:23,425 [INFO]   S2 Ep  39/80  loss=1.4193 acc=57.2%  val=78.2%  lr=2.81e-05    10s
2026-03-18 14:24:32,933 [INFO]   S2 Ep  40/80  loss=1.3272 acc=61.7%  val=77.9%  lr=2.71e-05    10s
2026-03-18 14:24:42,759 [INFO]   S2 Ep  41/80  loss=1.3621 acc=59.9%  val=78.4%  lr=2.60e-05    10s
2026-03-18 14:24:52,230 [INFO]   S2 Ep  42/80  loss=1.3709 acc=59.3%  val=78.2%  lr=2.50e-05     9s
2026-03-18 14:25:01,719 [INFO]   S2 Ep  43/80  loss=1.3392 acc=60.5%  val=78.2%  lr=2.40e-05     9s
2026-03-18 14:25:11,272 [INFO]   S2 Ep  44/80  loss=1.3529 acc=60.4%  val=78.7%  lr=2.29e-05    10s
2026-03-18 14:25:20,794 [INFO]   S2 Ep  45/80  loss=1.3687 acc=59.6%  val=79.2%  lr=2.19e-05    10s
2026-03-18 14:25:20,960 [INFO]   ★ best 79.25%
2026-03-18 14:25:30,505 [INFO]   S2 Ep  46/80  loss=1.4073 acc=57.6%  val=78.7%  lr=2.09e-05    10s
2026-03-18 14:25:40,041 [INFO]   S2 Ep  47/80  loss=1.3279 acc=61.1%  val=78.8%  lr=1.99e-05    10s
2026-03-18 14:25:49,559 [INFO]   S2 Ep  48/80  loss=1.3055 acc=62.1%  val=78.7%  lr=1.89e-05    10s
2026-03-18 14:25:59,067 [INFO]   S2 Ep  49/80  loss=1.4161 acc=57.5%  val=78.7%  lr=1.79e-05    10s
2026-03-18 14:26:08,697 [INFO]   S2 Ep  50/80  loss=1.3157 acc=62.0%  val=78.5%  lr=1.69e-05    10s
2026-03-18 14:26:18,294 [INFO]   S2 Ep  51/80  loss=1.3979 acc=58.7%  val=78.7%  lr=1.59e-05    10s
2026-03-18 14:26:27,904 [INFO]   S2 Ep  52/80  loss=1.2690 acc=63.9%  val=78.8%  lr=1.50e-05    10s
2026-03-18 14:26:37,482 [INFO]   S2 Ep  53/80  loss=1.2977 acc=62.6%  val=79.1%  lr=1.40e-05    10s
2026-03-18 14:26:47,038 [INFO]   S2 Ep  54/80  loss=1.2956 acc=62.6%  val=78.9%  lr=1.31e-05    10s
2026-03-18 14:26:56,556 [INFO]   S2 Ep  55/80  loss=1.3515 acc=60.4%  val=79.0%  lr=1.22e-05    10s
2026-03-18 14:27:06,023 [INFO]   S2 Ep  56/80  loss=1.3739 acc=58.6%  val=78.8%  lr=1.13e-05     9s
2026-03-18 14:27:15,452 [INFO]   S2 Ep  57/80  loss=1.2803 acc=64.0%  val=79.4%  lr=1.05e-05     9s
2026-03-18 14:27:15,617 [INFO]   ★ best 79.38%
2026-03-18 14:27:25,203 [INFO]   S2 Ep  58/80  loss=1.3880 acc=59.0%  val=79.7%  lr=9.64e-06    10s
2026-03-18 14:27:25,349 [INFO]   ★ best 79.65%
2026-03-18 14:27:34,920 [INFO]   S2 Ep  59/80  loss=1.3277 acc=61.6%  val=79.6%  lr=8.84e-06    10s
2026-03-18 14:27:44,473 [INFO]   S2 Ep  60/80  loss=1.3347 acc=61.2%  val=79.7%  lr=8.07e-06    10s
2026-03-18 14:27:44,637 [INFO]   ★ best 79.72%
2026-03-18 14:27:54,074 [INFO]   S2 Ep  61/80  loss=1.2588 acc=64.2%  val=79.8%  lr=7.32e-06     9s
2026-03-18 14:27:54,226 [INFO]   ★ best 79.76%
2026-03-18 14:28:03,685 [INFO]   S2 Ep  62/80  loss=1.2921 acc=63.5%  val=79.8%  lr=6.60e-06     9s
2026-03-18 14:28:13,156 [INFO]   S2 Ep  63/80  loss=1.2893 acc=63.1%  val=79.8%  lr=5.92e-06     9s
2026-03-18 14:28:13,315 [INFO]   ★ best 79.82%
2026-03-18 14:28:22,767 [INFO]   S2 Ep  64/80  loss=1.4123 acc=57.6%  val=79.4%  lr=5.27e-06     9s
2026-03-18 14:28:32,212 [INFO]   S2 Ep  65/80  loss=1.3249 acc=61.7%  val=79.7%  lr=4.65e-06     9s
2026-03-18 14:28:41,646 [INFO]   S2 Ep  66/80  loss=1.3308 acc=61.0%  val=80.1%  lr=4.07e-06     9s
2026-03-18 14:28:41,800 [INFO]   ★ best 80.06%
2026-03-18 14:28:51,217 [INFO]   S2 Ep  67/80  loss=1.3300 acc=61.4%  val=79.7%  lr=3.52e-06     9s
2026-03-18 14:29:00,691 [INFO]   S2 Ep  68/80  loss=1.3255 acc=61.9%  val=79.9%  lr=3.01e-06     9s
2026-03-18 14:29:10,127 [INFO]   S2 Ep  69/80  loss=1.3479 acc=60.5%  val=79.9%  lr=2.54e-06     9s
2026-03-18 14:29:19,627 [INFO]   S2 Ep  70/80  loss=1.3164 acc=61.9%  val=79.7%  lr=2.11e-06    10s
2026-03-18 14:29:29,071 [INFO]   S2 Ep  71/80  loss=1.3388 acc=61.8%  val=79.8%  lr=1.71e-06     9s
2026-03-18 14:29:38,530 [INFO]   S2 Ep  72/80  loss=1.2858 acc=63.6%  val=79.8%  lr=1.35e-06     9s
2026-03-18 14:29:47,991 [INFO]   S2 Ep  73/80  loss=1.2721 acc=64.2%  val=79.8%  lr=1.04e-06     9s
2026-03-18 14:29:57,399 [INFO]   S2 Ep  74/80  loss=1.2819 acc=63.9%  val=79.9%  lr=7.66e-07     9s
2026-03-18 14:30:06,823 [INFO]   S2 Ep  75/80  loss=1.3031 acc=62.4%  val=80.0%  lr=5.33e-07     9s
2026-03-18 14:30:16,269 [INFO]   S2 Ep  76/80  loss=1.3149 acc=61.6%  val=79.9%  lr=3.42e-07     9s
2026-03-18 14:30:25,714 [INFO]   S2 Ep  77/80  loss=1.3431 acc=60.9%  val=79.9%  lr=1.93e-07     9s
2026-03-18 14:30:35,336 [INFO]   S2 Ep  78/80  loss=1.3208 acc=61.9%  val=79.9%  lr=8.69e-08    10s
2026-03-18 14:30:44,767 [INFO]   S2 Ep  79/80  loss=1.2687 acc=64.4%  val=79.9%  lr=2.31e-08     9s
2026-03-18 14:30:54,225 [INFO]   S2 Ep  80/80  loss=1.3056 acc=62.5%  val=79.9%  lr=2.00e-09     9s
2026-03-18 14:30:54,226 [INFO] ── Stage 3: SWA (15 ep, lr=5.0e-06) ──
2026-03-18 14:31:03,741 [INFO]   SWA Ep  1/15  loss=1.3194  swa_val=79.7%  9s
2026-03-18 14:31:13,160 [INFO]   SWA Ep  2/15  loss=1.3352  swa_val=79.9%  9s
2026-03-18 14:31:22,585 [INFO]   SWA Ep  3/15  loss=1.2646  swa_val=79.9%  9s
2026-03-18 14:31:32,057 [INFO]   SWA Ep  4/15  loss=1.3405  swa_val=79.9%  9s
2026-03-18 14:31:41,453 [INFO]   SWA Ep  5/15  loss=1.3180  swa_val=80.0%  9s
2026-03-18 14:31:50,892 [INFO]   SWA Ep  6/15  loss=1.3055  swa_val=79.9%  9s
2026-03-18 14:32:00,264 [INFO]   SWA Ep  7/15  loss=1.3444  swa_val=79.7%  9s
2026-03-18 14:32:09,686 [INFO]   SWA Ep  8/15  loss=1.3134  swa_val=79.9%  9s
2026-03-18 14:32:19,096 [INFO]   SWA Ep  9/15  loss=1.3412  swa_val=79.9%  9s
2026-03-18 14:32:28,497 [INFO]   SWA Ep 10/15  loss=1.3367  swa_val=79.8%  9s
2026-03-18 14:32:37,954 [INFO]   SWA Ep 11/15  loss=1.3075  swa_val=79.8%  9s
2026-03-18 14:32:47,378 [INFO]   SWA Ep 12/15  loss=1.2945  swa_val=80.0%  9s
2026-03-18 14:32:56,766 [INFO]   SWA Ep 13/15  loss=1.2985  swa_val=80.0%  9s
2026-03-18 14:33:06,161 [INFO]   SWA Ep 14/15  loss=1.3503  swa_val=80.1%  9s
2026-03-18 14:33:15,606 [INFO]   SWA Ep 15/15  loss=1.3342  swa_val=80.0%  9s
2026-03-18 14:33:15,606 [INFO]   Updating BN stats for SWA model …
2026-03-18 14:33:16,101 [INFO]   SWA final: 80.03% (regular best: 80.06%)
2026-03-18 14:33:16,101 [INFO]   Fold 2 best: 80.06%
2026-03-18 14:33:17,371 [INFO] ================================================================
2026-03-18 14:33:17,372 [INFO] FOLD 3 / 5
2026-03-18 14:33:17,372 [INFO] ================================================================
2026-03-18 14:33:17,374 [INFO]   Train: 11794 | Val: 2948
2026-03-18 14:33:17,579 [INFO] Loading pretrained weights from Hugging Face hub (timm/convnextv2_tiny.fcmae_ft_in22k_in1k)
2026-03-18 14:33:18,003 [INFO] HTTP Request: HEAD https://huggingface.co/timm/convnextv2_tiny.fcmae_ft_in22k_in1k/resolve/main/model.safetensors "HTTP/1.1 302 Found"
2026-03-18 14:33:18,004 [INFO] [timm/convnextv2_tiny.fcmae_ft_in22k_in1k] Safe alternative available for 'pytorch_model.bin' (as 'model.safetensors'). Loading weights using safetensors.
2026-03-18 14:33:18,023 [INFO] Missing keys (head.fc.weight, head.fc.bias) discovered while loading pretrained weights. This is expected if model is being adapted.
2026-03-18 14:33:18,127 [INFO]   Born-again ← best_fold2.pt (val 91.25%)
2026-03-18 14:33:18,128 [INFO] ── Stage 1: head warmup (5 ep) ──
2026-03-18 14:33:30,072 [INFO]   S1 Ep 1/5  loss=2.7318 acc=1.8%  val=3.2%  12s
2026-03-18 14:33:30,196 [INFO]   ★ best 3.15%
2026-03-18 14:33:34,641 [INFO]   S1 Ep 2/5  loss=2.6507 acc=2.9%  val=5.5%  4s
2026-03-18 14:33:34,792 [INFO]   ★ best 5.46%
2026-03-18 14:33:39,168 [INFO]   S1 Ep 3/5  loss=2.5951 acc=4.5%  val=7.3%  4s
2026-03-18 14:33:39,308 [INFO]   ★ best 7.29%
2026-03-18 14:33:43,712 [INFO]   S1 Ep 4/5  loss=2.5642 acc=5.5%  val=7.9%  4s
2026-03-18 14:33:43,862 [INFO]   ★ best 7.90%
2026-03-18 14:33:48,301 [INFO]   S1 Ep 5/5  loss=2.5521 acc=5.5%  val=8.0%  4s
2026-03-18 14:33:48,446 [INFO]   ★ best 8.04%
2026-03-18 14:33:48,447 [INFO] ── Stage 2: full fine-tune (80 ep, patience 30) ──
2026-03-18 14:33:48,448 [INFO] LLRD: 12 groups, LR [1.19e-05 … 5.00e-05]
2026-03-18 14:33:57,848 [INFO]   S2 Ep   1/80  loss=2.6203 acc=4.8%  val=10.4%  lr=9.05e-06     9s
2026-03-18 14:33:58,000 [INFO]   ★ best 10.41%
2026-03-18 14:34:07,356 [INFO]   S2 Ep   2/80  loss=2.5006 acc=9.1%  val=22.4%  lr=2.61e-05     9s
2026-03-18 14:34:07,501 [INFO]   ★ best 22.39%
2026-03-18 14:34:16,874 [INFO]   S2 Ep   3/80  loss=2.3383 acc=15.8%  val=39.4%  lr=4.30e-05     9s
2026-03-18 14:34:17,028 [INFO]   ★ best 39.42%
2026-03-18 14:34:26,420 [INFO]   S2 Ep   4/80  loss=2.1265 acc=24.8%  val=51.6%  lr=5.00e-05     9s
2026-03-18 14:34:26,566 [INFO]   ★ best 51.59%
2026-03-18 14:34:35,990 [INFO]   S2 Ep   5/80  loss=2.0390 acc=28.6%  val=57.4%  lr=5.00e-05     9s
2026-03-18 14:34:36,140 [INFO]   ★ best 57.36%
2026-03-18 14:34:45,547 [INFO]   S2 Ep   6/80  loss=1.9209 acc=33.6%  val=62.3%  lr=4.99e-05     9s
2026-03-18 14:34:45,693 [INFO]   ★ best 62.31%
2026-03-18 14:34:55,138 [INFO]   S2 Ep   7/80  loss=1.8674 acc=35.8%  val=64.7%  lr=4.98e-05     9s
2026-03-18 14:34:55,298 [INFO]   ★ best 64.65%
2026-03-18 14:35:04,706 [INFO]   S2 Ep   8/80  loss=1.8391 acc=37.7%  val=66.7%  lr=4.97e-05     9s
2026-03-18 14:35:04,849 [INFO]   ★ best 66.72%
2026-03-18 14:35:14,306 [INFO]   S2 Ep   9/80  loss=1.7487 acc=41.4%  val=68.1%  lr=4.95e-05     9s
2026-03-18 14:35:14,455 [INFO]   ★ best 68.08%
2026-03-18 14:35:23,903 [INFO]   S2 Ep  10/80  loss=1.7111 acc=42.9%  val=69.6%  lr=4.92e-05     9s
2026-03-18 14:35:24,059 [INFO]   ★ best 69.61%
2026-03-18 14:35:33,488 [INFO]   S2 Ep  11/80  loss=1.6751 acc=44.1%  val=70.8%  lr=4.90e-05     9s
2026-03-18 14:35:33,634 [INFO]   ★ best 70.83%
2026-03-18 14:35:43,102 [INFO]   S2 Ep  12/80  loss=1.6641 acc=45.3%  val=71.8%  lr=4.86e-05     9s
2026-03-18 14:35:43,258 [INFO]   ★ best 71.85%
2026-03-18 14:35:52,722 [INFO]   S2 Ep  13/80  loss=1.6404 acc=46.2%  val=73.1%  lr=4.83e-05     9s
2026-03-18 14:35:52,879 [INFO]   ★ best 73.10%
2026-03-18 14:36:02,299 [INFO]   S2 Ep  14/80  loss=1.6973 acc=44.2%  val=73.3%  lr=4.79e-05     9s
2026-03-18 14:36:02,457 [INFO]   ★ best 73.30%
2026-03-18 14:36:11,854 [INFO]   S2 Ep  15/80  loss=1.5459 acc=50.2%  val=73.5%  lr=4.75e-05     9s
2026-03-18 14:36:12,008 [INFO]   ★ best 73.51%
2026-03-18 14:36:21,438 [INFO]   S2 Ep  16/80  loss=1.5822 acc=49.1%  val=74.3%  lr=4.70e-05     9s
2026-03-18 14:36:21,592 [INFO]   ★ best 74.25%
2026-03-18 14:36:30,974 [INFO]   S2 Ep  17/80  loss=1.6132 acc=47.8%  val=74.5%  lr=4.65e-05     9s
2026-03-18 14:36:31,132 [INFO]   ★ best 74.46%
2026-03-18 14:36:40,710 [INFO]   S2 Ep  18/80  loss=1.5481 acc=50.7%  val=74.8%  lr=4.59e-05    10s
2026-03-18 14:36:40,874 [INFO]   ★ best 74.76%
2026-03-18 14:36:50,486 [INFO]   S2 Ep  19/80  loss=1.5098 acc=52.5%  val=75.7%  lr=4.53e-05    10s
2026-03-18 14:36:50,650 [INFO]   ★ best 75.68%
2026-03-18 14:37:00,116 [INFO]   S2 Ep  20/80  loss=1.5956 acc=48.5%  val=76.4%  lr=4.47e-05     9s
2026-03-18 14:37:00,263 [INFO]   ★ best 76.36%
2026-03-18 14:37:09,733 [INFO]   S2 Ep  21/80  loss=1.4897 acc=53.4%  val=75.9%  lr=4.41e-05     9s
2026-03-18 14:37:19,220 [INFO]   S2 Ep  22/80  loss=1.5375 acc=50.9%  val=75.7%  lr=4.34e-05     9s
2026-03-18 14:37:28,622 [INFO]   S2 Ep  23/80  loss=1.5074 acc=52.8%  val=76.4%  lr=4.27e-05     9s
2026-03-18 14:37:28,778 [INFO]   ★ best 76.39%
2026-03-18 14:37:38,209 [INFO]   S2 Ep  24/80  loss=1.4756 acc=54.2%  val=76.6%  lr=4.19e-05     9s
2026-03-18 14:37:38,360 [INFO]   ★ best 76.59%
2026-03-18 14:37:47,766 [INFO]   S2 Ep  25/80  loss=1.4662 acc=54.9%  val=76.9%  lr=4.12e-05     9s
2026-03-18 14:37:47,915 [INFO]   ★ best 76.93%
2026-03-18 14:37:57,328 [INFO]   S2 Ep  26/80  loss=1.5339 acc=51.9%  val=77.6%  lr=4.04e-05     9s
2026-03-18 14:37:57,478 [INFO]   ★ best 77.58%
2026-03-18 14:38:06,900 [INFO]   S2 Ep  27/80  loss=1.4843 acc=54.2%  val=76.9%  lr=3.95e-05     9s
2026-03-18 14:38:16,306 [INFO]   S2 Ep  28/80  loss=1.4100 acc=57.1%  val=78.1%  lr=3.87e-05     9s
2026-03-18 14:38:16,462 [INFO]   ★ best 78.12%
2026-03-18 14:38:25,847 [INFO]   S2 Ep  29/80  loss=1.4814 acc=54.4%  val=78.2%  lr=3.78e-05     9s
2026-03-18 14:38:25,992 [INFO]   ★ best 78.19%
2026-03-18 14:38:35,393 [INFO]   S2 Ep  30/80  loss=1.4561 acc=55.6%  val=78.4%  lr=3.69e-05     9s
2026-03-18 14:38:35,531 [INFO]   ★ best 78.43%
2026-03-18 14:38:44,979 [INFO]   S2 Ep  31/80  loss=1.3820 acc=58.7%  val=78.0%  lr=3.60e-05     9s
2026-03-18 14:38:54,399 [INFO]   S2 Ep  32/80  loss=1.4008 acc=58.0%  val=78.1%  lr=3.50e-05     9s
2026-03-18 14:39:03,795 [INFO]   S2 Ep  33/80  loss=1.4621 acc=54.7%  val=78.3%  lr=3.41e-05     9s
2026-03-18 14:39:13,228 [INFO]   S2 Ep  34/80  loss=1.3989 acc=57.7%  val=77.9%  lr=3.31e-05     9s
2026-03-18 14:39:22,599 [INFO]   S2 Ep  35/80  loss=1.3980 acc=57.8%  val=79.0%  lr=3.21e-05     9s
2026-03-18 14:39:22,759 [INFO]   ★ best 79.00%
2026-03-18 14:39:32,160 [INFO]   S2 Ep  36/80  loss=1.4092 acc=57.4%  val=78.1%  lr=3.11e-05     9s
2026-03-18 14:39:41,531 [INFO]   S2 Ep  37/80  loss=1.3733 acc=59.0%  val=78.8%  lr=3.01e-05     9s
2026-03-18 14:39:50,927 [INFO]   S2 Ep  38/80  loss=1.3718 acc=59.0%  val=79.4%  lr=2.91e-05     9s
2026-03-18 14:39:51,093 [INFO]   ★ best 79.38%
2026-03-18 14:40:00,498 [INFO]   S2 Ep  39/80  loss=1.3917 acc=58.6%  val=78.4%  lr=2.81e-05     9s
2026-03-18 14:40:09,896 [INFO]   S2 Ep  40/80  loss=1.4015 acc=58.2%  val=79.4%  lr=2.71e-05     9s
2026-03-18 14:40:19,287 [INFO]   S2 Ep  41/80  loss=1.4099 acc=57.6%  val=79.1%  lr=2.60e-05     9s
2026-03-18 14:40:28,694 [INFO]   S2 Ep  42/80  loss=1.4591 acc=55.2%  val=79.4%  lr=2.50e-05     9s
2026-03-18 14:40:28,849 [INFO]   ★ best 79.44%
2026-03-18 14:40:38,216 [INFO]   S2 Ep  43/80  loss=1.3316 acc=60.6%  val=79.6%  lr=2.40e-05     9s
2026-03-18 14:40:38,367 [INFO]   ★ best 79.65%
2026-03-18 14:40:47,783 [INFO]   S2 Ep  44/80  loss=1.3897 acc=58.5%  val=79.6%  lr=2.29e-05     9s
2026-03-18 14:40:57,163 [INFO]   S2 Ep  45/80  loss=1.3316 acc=61.0%  val=79.5%  lr=2.19e-05     9s
2026-03-18 14:41:06,523 [INFO]   S2 Ep  46/80  loss=1.3666 acc=59.5%  val=80.0%  lr=2.09e-05     9s
2026-03-18 14:41:06,665 [INFO]   ★ best 79.95%
2026-03-18 14:41:16,139 [INFO]   S2 Ep  47/80  loss=1.3593 acc=59.9%  val=79.6%  lr=1.99e-05     9s
2026-03-18 14:41:25,562 [INFO]   S2 Ep  48/80  loss=1.2626 acc=64.0%  val=79.9%  lr=1.89e-05     9s
2026-03-18 14:41:34,945 [INFO]   S2 Ep  49/80  loss=1.3723 acc=58.8%  val=79.9%  lr=1.79e-05     9s
2026-03-18 14:41:44,366 [INFO]   S2 Ep  50/80  loss=1.3762 acc=59.6%  val=79.9%  lr=1.69e-05     9s
2026-03-18 14:41:53,803 [INFO]   S2 Ep  51/80  loss=1.3230 acc=61.4%  val=80.1%  lr=1.59e-05     9s
2026-03-18 14:41:53,960 [INFO]   ★ best 80.05%
2026-03-18 14:42:03,511 [INFO]   S2 Ep  52/80  loss=1.3447 acc=60.6%  val=79.8%  lr=1.50e-05    10s
2026-03-18 14:42:13,121 [INFO]   S2 Ep  53/80  loss=1.3490 acc=60.6%  val=79.6%  lr=1.40e-05    10s
2026-03-18 14:42:22,525 [INFO]   S2 Ep  54/80  loss=1.3489 acc=60.2%  val=80.0%  lr=1.31e-05     9s
2026-03-18 14:42:31,890 [INFO]   S2 Ep  55/80  loss=1.2934 acc=62.6%  val=79.9%  lr=1.22e-05     9s
2026-03-18 14:42:41,261 [INFO]   S2 Ep  56/80  loss=1.3659 acc=60.2%  val=80.2%  lr=1.13e-05     9s
2026-03-18 14:42:41,414 [INFO]   ★ best 80.22%
2026-03-18 14:42:50,816 [INFO]   S2 Ep  57/80  loss=1.3222 acc=61.3%  val=80.4%  lr=1.05e-05     9s
2026-03-18 14:42:50,985 [INFO]   ★ best 80.43%
2026-03-18 14:43:00,375 [INFO]   S2 Ep  58/80  loss=1.3204 acc=61.8%  val=80.4%  lr=9.64e-06     9s
2026-03-18 14:43:09,744 [INFO]   S2 Ep  59/80  loss=1.3565 acc=59.8%  val=80.4%  lr=8.84e-06     9s
2026-03-18 14:43:19,156 [INFO]   S2 Ep  60/80  loss=1.3645 acc=59.7%  val=80.1%  lr=8.07e-06     9s
2026-03-18 14:43:28,530 [INFO]   S2 Ep  61/80  loss=1.3181 acc=62.5%  val=80.5%  lr=7.32e-06     9s
2026-03-18 14:43:28,687 [INFO]   ★ best 80.46%
2026-03-18 14:43:38,176 [INFO]   S2 Ep  62/80  loss=1.2829 acc=63.2%  val=80.0%  lr=6.60e-06     9s
2026-03-18 14:43:47,830 [INFO]   S2 Ep  63/80  loss=1.2905 acc=62.9%  val=80.5%  lr=5.92e-06    10s
2026-03-18 14:43:57,341 [INFO]   S2 Ep  64/80  loss=1.2842 acc=63.5%  val=80.4%  lr=5.27e-06    10s
2026-03-18 14:44:06,743 [INFO]   S2 Ep  65/80  loss=1.2656 acc=64.2%  val=80.4%  lr=4.65e-06     9s
2026-03-18 14:44:16,148 [INFO]   S2 Ep  66/80  loss=1.3612 acc=59.6%  val=80.7%  lr=4.07e-06     9s
2026-03-18 14:44:16,292 [INFO]   ★ best 80.66%
2026-03-18 14:44:25,722 [INFO]   S2 Ep  67/80  loss=1.2901 acc=63.2%  val=80.2%  lr=3.52e-06     9s
2026-03-18 14:44:35,141 [INFO]   S2 Ep  68/80  loss=1.3253 acc=61.2%  val=80.5%  lr=3.01e-06     9s
2026-03-18 14:44:44,531 [INFO]   S2 Ep  69/80  loss=1.3350 acc=61.9%  val=80.0%  lr=2.54e-06     9s
2026-03-18 14:44:53,984 [INFO]   S2 Ep  70/80  loss=1.2760 acc=64.2%  val=80.4%  lr=2.11e-06     9s
2026-03-18 14:45:03,346 [INFO]   S2 Ep  71/80  loss=1.3089 acc=62.4%  val=80.6%  lr=1.71e-06     9s
2026-03-18 14:45:12,792 [INFO]   S2 Ep  72/80  loss=1.3216 acc=62.0%  val=80.4%  lr=1.35e-06     9s
2026-03-18 14:45:22,193 [INFO]   S2 Ep  73/80  loss=1.2735 acc=64.1%  val=80.4%  lr=1.04e-06     9s
2026-03-18 14:45:31,643 [INFO]   S2 Ep  74/80  loss=1.3605 acc=60.3%  val=80.4%  lr=7.66e-07     9s
2026-03-18 14:45:41,096 [INFO]   S2 Ep  75/80  loss=1.3031 acc=62.4%  val=80.5%  lr=5.33e-07     9s
2026-03-18 14:45:50,612 [INFO]   S2 Ep  76/80  loss=1.3498 acc=60.1%  val=80.4%  lr=3.42e-07    10s
2026-03-18 14:46:00,145 [INFO]   S2 Ep  77/80  loss=1.3281 acc=61.6%  val=80.3%  lr=1.93e-07    10s
2026-03-18 14:46:09,514 [INFO]   S2 Ep  78/80  loss=1.2706 acc=63.6%  val=80.4%  lr=8.69e-08     9s
2026-03-18 14:46:18,920 [INFO]   S2 Ep  79/80  loss=1.3229 acc=61.2%  val=80.4%  lr=2.31e-08     9s
2026-03-18 14:46:28,257 [INFO]   S2 Ep  80/80  loss=1.3280 acc=61.8%  val=80.4%  lr=2.00e-09     9s
2026-03-18 14:46:28,258 [INFO] ── Stage 3: SWA (15 ep, lr=5.0e-06) ──
2026-03-18 14:46:37,698 [INFO]   SWA Ep  1/15  loss=1.3982  swa_val=80.4%  9s
2026-03-18 14:46:47,093 [INFO]   SWA Ep  2/15  loss=1.3573  swa_val=80.4%  9s
2026-03-18 14:46:56,472 [INFO]   SWA Ep  3/15  loss=1.3683  swa_val=80.4%  9s
2026-03-18 14:47:05,836 [INFO]   SWA Ep  4/15  loss=1.3123  swa_val=80.5%  9s
2026-03-18 14:47:15,290 [INFO]   SWA Ep  5/15  loss=1.3831  swa_val=80.7%  9s
2026-03-18 14:47:24,697 [INFO]   SWA Ep  6/15  loss=1.2555  swa_val=80.6%  9s
2026-03-18 14:47:34,107 [INFO]   SWA Ep  7/15  loss=1.3134  swa_val=80.5%  9s
2026-03-18 14:47:43,530 [INFO]   SWA Ep  8/15  loss=1.2771  swa_val=80.6%  9s
2026-03-18 14:47:53,016 [INFO]   SWA Ep  9/15  loss=1.2764  swa_val=80.5%  9s
2026-03-18 14:48:02,445 [INFO]   SWA Ep 10/15  loss=1.3361  swa_val=80.7%  9s
2026-03-18 14:48:11,833 [INFO]   SWA Ep 11/15  loss=1.2794  swa_val=80.7%  9s
2026-03-18 14:48:21,264 [INFO]   SWA Ep 12/15  loss=1.3061  swa_val=80.5%  9s
2026-03-18 14:48:30,607 [INFO]   SWA Ep 13/15  loss=1.2709  swa_val=80.5%  9s
2026-03-18 14:48:39,987 [INFO]   SWA Ep 14/15  loss=1.3177  swa_val=80.5%  9s
2026-03-18 14:48:49,357 [INFO]   SWA Ep 15/15  loss=1.2909  swa_val=80.5%  9s
2026-03-18 14:48:49,357 [INFO]   Updating BN stats for SWA model …
2026-03-18 14:48:49,868 [INFO]   SWA final: 80.50% (regular best: 80.66%)
2026-03-18 14:48:49,869 [INFO]   Fold 3 best: 80.66%
2026-03-18 14:48:51,303 [INFO] ================================================================
2026-03-18 14:48:51,304 [INFO] FOLD 4 / 5
2026-03-18 14:48:51,304 [INFO] ================================================================
2026-03-18 14:48:51,306 [INFO]   Train: 11794 | Val: 2948
2026-03-18 14:48:51,520 [INFO] Loading pretrained weights from Hugging Face hub (timm/convnextv2_tiny.fcmae_ft_in22k_in1k)
2026-03-18 14:48:56,693 [INFO] HTTP Request: HEAD https://huggingface.co/timm/convnextv2_tiny.fcmae_ft_in22k_in1k/resolve/main/model.safetensors "HTTP/1.1 302 Found"
2026-03-18 14:48:56,694 [INFO] [timm/convnextv2_tiny.fcmae_ft_in22k_in1k] Safe alternative available for 'pytorch_model.bin' (as 'model.safetensors'). Loading weights using safetensors.
2026-03-18 14:48:56,711 [INFO] Missing keys (head.fc.weight, head.fc.bias) discovered while loading pretrained weights. This is expected if model is being adapted.
2026-03-18 14:48:56,809 [INFO]   Born-again ← best_fold3.pt (val 90.98%)
2026-03-18 14:48:56,809 [INFO] ── Stage 1: head warmup (5 ep) ──
2026-03-18 14:49:03,681 [INFO]   S1 Ep 1/5  loss=2.7277 acc=2.0%  val=3.6%  7s
2026-03-18 14:49:03,803 [INFO]   ★ best 3.56%
2026-03-18 14:49:08,381 [INFO]   S1 Ep 2/5  loss=2.6526 acc=3.3%  val=5.6%  5s
2026-03-18 14:49:08,529 [INFO]   ★ best 5.56%
2026-03-18 14:49:13,267 [INFO]   S1 Ep 3/5  loss=2.6032 acc=4.6%  val=7.1%  5s
2026-03-18 14:49:13,398 [INFO]   ★ best 7.06%
2026-03-18 14:49:18,196 [INFO]   S1 Ep 4/5  loss=2.5759 acc=5.1%  val=7.5%  5s
2026-03-18 14:49:18,343 [INFO]   ★ best 7.50%
2026-03-18 14:49:23,170 [INFO]   S1 Ep 5/5  loss=2.5597 acc=5.4%  val=7.6%  5s
2026-03-18 14:49:23,306 [INFO]   ★ best 7.63%
2026-03-18 14:49:23,306 [INFO] ── Stage 2: full fine-tune (80 ep, patience 30) ──
2026-03-18 14:49:23,307 [INFO] LLRD: 12 groups, LR [1.19e-05 … 5.00e-05]
2026-03-18 14:49:32,704 [INFO]   S2 Ep   1/80  loss=2.6063 acc=5.3%  val=11.1%  lr=9.05e-06     9s
2026-03-18 14:49:32,858 [INFO]   ★ best 11.06%
2026-03-18 14:49:42,226 [INFO]   S2 Ep   2/80  loss=2.4988 acc=9.0%  val=22.7%  lr=2.61e-05     9s
2026-03-18 14:49:42,377 [INFO]   ★ best 22.73%
2026-03-18 14:49:51,833 [INFO]   S2 Ep   3/80  loss=2.3223 acc=16.6%  val=40.9%  lr=4.30e-05     9s
2026-03-18 14:49:51,996 [INFO]   ★ best 40.91%
2026-03-18 14:50:01,394 [INFO]   S2 Ep   4/80  loss=2.1280 acc=24.5%  val=52.1%  lr=5.00e-05     9s
2026-03-18 14:50:01,545 [INFO]   ★ best 52.14%
2026-03-18 14:50:10,920 [INFO]   S2 Ep   5/80  loss=2.0010 acc=30.1%  val=59.0%  lr=5.00e-05     9s
2026-03-18 14:50:11,089 [INFO]   ★ best 58.99%
2026-03-18 14:50:20,552 [INFO]   S2 Ep   6/80  loss=1.8722 acc=35.7%  val=62.1%  lr=4.99e-05     9s
2026-03-18 14:50:20,696 [INFO]   ★ best 62.14%
2026-03-18 14:50:30,114 [INFO]   S2 Ep   7/80  loss=1.8078 acc=38.5%  val=65.1%  lr=4.98e-05     9s
2026-03-18 14:50:30,282 [INFO]   ★ best 65.06%
2026-03-18 14:50:39,672 [INFO]   S2 Ep   8/80  loss=1.7956 acc=39.4%  val=66.1%  lr=4.97e-05     9s
2026-03-18 14:50:39,827 [INFO]   ★ best 66.15%
2026-03-18 14:50:49,232 [INFO]   S2 Ep   9/80  loss=1.7674 acc=41.0%  val=68.5%  lr=4.95e-05     9s
2026-03-18 14:50:49,389 [INFO]   ★ best 68.45%
2026-03-18 14:50:58,797 [INFO]   S2 Ep  10/80  loss=1.7277 acc=42.7%  val=69.7%  lr=4.92e-05     9s
2026-03-18 14:50:58,944 [INFO]   ★ best 69.67%
2026-03-18 14:51:08,362 [INFO]   S2 Ep  11/80  loss=1.7327 acc=42.6%  val=70.0%  lr=4.90e-05     9s
2026-03-18 14:51:08,523 [INFO]   ★ best 70.01%
2026-03-18 14:51:17,945 [INFO]   S2 Ep  12/80  loss=1.6832 acc=44.2%  val=71.4%  lr=4.86e-05     9s
2026-03-18 14:51:18,095 [INFO]   ★ best 71.40%
2026-03-18 14:51:27,672 [INFO]   S2 Ep  13/80  loss=1.6552 acc=45.8%  val=72.1%  lr=4.83e-05    10s
2026-03-18 14:51:27,835 [INFO]   ★ best 72.12%
2026-03-18 14:51:37,223 [INFO]   S2 Ep  14/80  loss=1.5895 acc=48.8%  val=73.2%  lr=4.79e-05     9s
2026-03-18 14:51:37,381 [INFO]   ★ best 73.24%
2026-03-18 14:51:46,850 [INFO]   S2 Ep  15/80  loss=1.5722 acc=49.7%  val=73.4%  lr=4.75e-05     9s
2026-03-18 14:51:46,991 [INFO]   ★ best 73.44%
2026-03-18 14:51:56,422 [INFO]   S2 Ep  16/80  loss=1.6403 acc=46.4%  val=73.8%  lr=4.70e-05     9s
2026-03-18 14:51:56,583 [INFO]   ★ best 73.85%
2026-03-18 14:52:06,189 [INFO]   S2 Ep  17/80  loss=1.5906 acc=49.0%  val=75.2%  lr=4.65e-05    10s
2026-03-18 14:52:06,338 [INFO]   ★ best 75.24%
2026-03-18 14:52:15,777 [INFO]   S2 Ep  18/80  loss=1.5596 acc=50.2%  val=75.1%  lr=4.59e-05     9s
2026-03-18 14:52:25,200 [INFO]   S2 Ep  19/80  loss=1.6184 acc=48.3%  val=73.7%  lr=4.53e-05     9s
2026-03-18 14:52:34,636 [INFO]   S2 Ep  20/80  loss=1.5376 acc=51.4%  val=75.7%  lr=4.47e-05     9s
2026-03-18 14:52:34,793 [INFO]   ★ best 75.75%
2026-03-18 14:52:44,216 [INFO]   S2 Ep  21/80  loss=1.5072 acc=52.6%  val=76.3%  lr=4.41e-05     9s
2026-03-18 14:52:44,366 [INFO]   ★ best 76.32%
2026-03-18 14:52:53,763 [INFO]   S2 Ep  22/80  loss=1.4828 acc=53.7%  val=76.5%  lr=4.34e-05     9s
2026-03-18 14:52:53,923 [INFO]   ★ best 76.46%
2026-03-18 14:53:03,345 [INFO]   S2 Ep  23/80  loss=1.4796 acc=54.0%  val=76.5%  lr=4.27e-05     9s
2026-03-18 14:53:12,767 [INFO]   S2 Ep  24/80  loss=1.4339 acc=55.8%  val=76.6%  lr=4.19e-05     9s
2026-03-18 14:53:12,924 [INFO]   ★ best 76.59%
2026-03-18 14:53:22,411 [INFO]   S2 Ep  25/80  loss=1.4848 acc=53.3%  val=76.7%  lr=4.12e-05     9s
2026-03-18 14:53:22,578 [INFO]   ★ best 76.70%
2026-03-18 14:53:32,012 [INFO]   S2 Ep  26/80  loss=1.5069 acc=52.9%  val=76.7%  lr=4.04e-05     9s
2026-03-18 14:53:32,160 [INFO]   ★ best 76.73%
2026-03-18 14:53:41,610 [INFO]   S2 Ep  27/80  loss=1.4634 acc=54.8%  val=76.7%  lr=3.95e-05     9s
2026-03-18 14:53:51,019 [INFO]   S2 Ep  28/80  loss=1.3688 acc=59.1%  val=76.8%  lr=3.87e-05     9s
2026-03-18 14:53:51,181 [INFO]   ★ best 76.76%
2026-03-18 14:54:00,629 [INFO]   S2 Ep  29/80  loss=1.4372 acc=56.5%  val=77.7%  lr=3.78e-05     9s
2026-03-18 14:54:00,791 [INFO]   ★ best 77.68%
2026-03-18 14:54:10,235 [INFO]   S2 Ep  30/80  loss=1.4131 acc=57.4%  val=77.6%  lr=3.69e-05     9s
2026-03-18 14:54:19,652 [INFO]   S2 Ep  31/80  loss=1.4378 acc=56.4%  val=77.0%  lr=3.60e-05     9s
2026-03-18 14:54:29,048 [INFO]   S2 Ep  32/80  loss=1.3513 acc=60.5%  val=77.5%  lr=3.50e-05     9s
2026-03-18 14:54:38,485 [INFO]   S2 Ep  33/80  loss=1.4162 acc=57.3%  val=77.4%  lr=3.41e-05     9s
2026-03-18 14:54:47,895 [INFO]   S2 Ep  34/80  loss=1.4299 acc=57.2%  val=77.4%  lr=3.31e-05     9s
2026-03-18 14:54:57,285 [INFO]   S2 Ep  35/80  loss=1.4044 acc=58.1%  val=76.8%  lr=3.21e-05     9s
2026-03-18 14:55:06,708 [INFO]   S2 Ep  36/80  loss=1.4631 acc=55.3%  val=77.7%  lr=3.11e-05     9s
2026-03-18 14:55:06,870 [INFO]   ★ best 77.75%
2026-03-18 14:55:16,297 [INFO]   S2 Ep  37/80  loss=1.4063 acc=57.8%  val=78.0%  lr=3.01e-05     9s
2026-03-18 14:55:16,462 [INFO]   ★ best 77.95%
2026-03-18 14:55:25,860 [INFO]   S2 Ep  38/80  loss=1.3813 acc=58.7%  val=77.4%  lr=2.91e-05     9s
2026-03-18 14:55:35,292 [INFO]   S2 Ep  39/80  loss=1.4046 acc=57.9%  val=77.3%  lr=2.81e-05     9s
2026-03-18 14:55:44,688 [INFO]   S2 Ep  40/80  loss=1.4050 acc=58.1%  val=78.4%  lr=2.71e-05     9s
2026-03-18 14:55:44,847 [INFO]   ★ best 78.36%
2026-03-18 14:55:54,233 [INFO]   S2 Ep  41/80  loss=1.3583 acc=59.4%  val=78.3%  lr=2.60e-05     9s
2026-03-18 14:56:03,651 [INFO]   S2 Ep  42/80  loss=1.3100 acc=62.4%  val=77.7%  lr=2.50e-05     9s
2026-03-18 14:56:13,103 [INFO]   S2 Ep  43/80  loss=1.3933 acc=58.2%  val=77.4%  lr=2.40e-05     9s
2026-03-18 14:56:22,507 [INFO]   S2 Ep  44/80  loss=1.3960 acc=58.0%  val=78.1%  lr=2.29e-05     9s
2026-03-18 14:56:31,913 [INFO]   S2 Ep  45/80  loss=1.3458 acc=60.7%  val=79.1%  lr=2.19e-05     9s
2026-03-18 14:56:32,092 [INFO]   ★ best 79.14%
2026-03-18 14:56:41,476 [INFO]   S2 Ep  46/80  loss=1.3643 acc=59.7%  val=78.6%  lr=2.09e-05     9s
2026-03-18 14:56:50,872 [INFO]   S2 Ep  47/80  loss=1.3513 acc=60.8%  val=78.2%  lr=1.99e-05     9s
2026-03-18 14:57:00,266 [INFO]   S2 Ep  48/80  loss=1.3104 acc=61.9%  val=78.3%  lr=1.89e-05     9s
2026-03-18 14:57:09,635 [INFO]   S2 Ep  49/80  loss=1.3753 acc=59.4%  val=78.7%  lr=1.79e-05     9s
2026-03-18 14:57:19,086 [INFO]   S2 Ep  50/80  loss=1.3588 acc=60.1%  val=78.8%  lr=1.69e-05     9s
2026-03-18 14:57:28,539 [INFO]   S2 Ep  51/80  loss=1.3023 acc=62.2%  val=78.8%  lr=1.59e-05     9s
2026-03-18 14:57:37,956 [INFO]   S2 Ep  52/80  loss=1.3303 acc=60.7%  val=78.7%  lr=1.50e-05     9s
2026-03-18 14:57:47,452 [INFO]   S2 Ep  53/80  loss=1.3380 acc=61.0%  val=78.8%  lr=1.40e-05     9s
2026-03-18 14:57:56,991 [INFO]   S2 Ep  54/80  loss=1.3748 acc=59.5%  val=78.7%  lr=1.31e-05    10s
2026-03-18 14:58:06,540 [INFO]   S2 Ep  55/80  loss=1.3205 acc=61.4%  val=78.6%  lr=1.22e-05    10s
2026-03-18 14:58:16,134 [INFO]   S2 Ep  56/80  loss=1.3047 acc=62.6%  val=78.8%  lr=1.13e-05    10s
2026-03-18 14:58:25,542 [INFO]   S2 Ep  57/80  loss=1.3142 acc=62.0%  val=78.9%  lr=1.05e-05     9s
2026-03-18 14:58:34,879 [INFO]   S2 Ep  58/80  loss=1.2836 acc=63.6%  val=78.7%  lr=9.64e-06     9s
2026-03-18 14:58:44,270 [INFO]   S2 Ep  59/80  loss=1.3237 acc=61.4%  val=78.9%  lr=8.84e-06     9s
2026-03-18 14:58:53,808 [INFO]   S2 Ep  60/80  loss=1.2710 acc=64.1%  val=79.0%  lr=8.07e-06    10s
2026-03-18 14:59:03,216 [INFO]   S2 Ep  61/80  loss=1.3157 acc=61.9%  val=79.1%  lr=7.32e-06     9s
2026-03-18 14:59:12,749 [INFO]   S2 Ep  62/80  loss=1.2902 acc=63.3%  val=78.9%  lr=6.60e-06    10s
2026-03-18 14:59:22,185 [INFO]   S2 Ep  63/80  loss=1.3979 acc=58.5%  val=79.2%  lr=5.92e-06     9s
2026-03-18 14:59:22,352 [INFO]   ★ best 79.17%
2026-03-18 14:59:31,729 [INFO]   S2 Ep  64/80  loss=1.3338 acc=61.1%  val=79.3%  lr=5.27e-06     9s
2026-03-18 14:59:31,876 [INFO]   ★ best 79.27%
2026-03-18 14:59:41,252 [INFO]   S2 Ep  65/80  loss=1.3156 acc=62.1%  val=79.3%  lr=4.65e-06     9s
2026-03-18 14:59:50,625 [INFO]   S2 Ep  66/80  loss=1.2947 acc=62.8%  val=79.1%  lr=4.07e-06     9s
2026-03-18 14:59:59,982 [INFO]   S2 Ep  67/80  loss=1.2849 acc=63.4%  val=79.2%  lr=3.52e-06     9s
2026-03-18 15:00:09,359 [INFO]   S2 Ep  68/80  loss=1.2846 acc=63.7%  val=79.1%  lr=3.01e-06     9s
2026-03-18 15:00:18,748 [INFO]   S2 Ep  69/80  loss=1.2865 acc=63.1%  val=79.1%  lr=2.54e-06     9s
2026-03-18 15:00:28,159 [INFO]   S2 Ep  70/80  loss=1.2941 acc=63.3%  val=79.2%  lr=2.11e-06     9s
2026-03-18 15:00:37,559 [INFO]   S2 Ep  71/80  loss=1.2954 acc=63.1%  val=78.9%  lr=1.71e-06     9s
2026-03-18 15:00:46,994 [INFO]   S2 Ep  72/80  loss=1.2992 acc=62.7%  val=79.0%  lr=1.35e-06     9s
2026-03-18 15:00:56,434 [INFO]   S2 Ep  73/80  loss=1.2899 acc=62.9%  val=79.1%  lr=1.04e-06     9s
2026-03-18 15:01:05,864 [INFO]   S2 Ep  74/80  loss=1.3814 acc=59.3%  val=79.1%  lr=7.66e-07     9s
2026-03-18 15:01:15,249 [INFO]   S2 Ep  75/80  loss=1.2558 acc=65.4%  val=79.2%  lr=5.33e-07     9s
2026-03-18 15:01:24,688 [INFO]   S2 Ep  76/80  loss=1.3288 acc=61.4%  val=79.1%  lr=3.42e-07     9s
2026-03-18 15:01:34,124 [INFO]   S2 Ep  77/80  loss=1.2910 acc=62.9%  val=79.2%  lr=1.93e-07     9s
2026-03-18 15:01:43,554 [INFO]   S2 Ep  78/80  loss=1.3178 acc=62.3%  val=79.2%  lr=8.69e-08     9s
2026-03-18 15:01:52,958 [INFO]   S2 Ep  79/80  loss=1.3073 acc=62.8%  val=79.2%  lr=2.31e-08     9s
2026-03-18 15:02:02,363 [INFO]   S2 Ep  80/80  loss=1.3419 acc=60.4%  val=79.2%  lr=2.00e-09     9s
2026-03-18 15:02:02,363 [INFO] ── Stage 3: SWA (15 ep, lr=5.0e-06) ──
2026-03-18 15:02:11,854 [INFO]   SWA Ep  1/15  loss=1.3162  swa_val=79.2%  9s
2026-03-18 15:02:21,423 [INFO]   SWA Ep  2/15  loss=1.3442  swa_val=79.5%  10s
2026-03-18 15:02:30,831 [INFO]   SWA Ep  3/15  loss=1.3324  swa_val=79.3%  9s
2026-03-18 15:02:40,200 [INFO]   SWA Ep  4/15  loss=1.2677  swa_val=79.3%  9s
2026-03-18 15:02:49,576 [INFO]   SWA Ep  5/15  loss=1.3543  swa_val=79.4%  9s
2026-03-18 15:02:59,002 [INFO]   SWA Ep  6/15  loss=1.3154  swa_val=79.1%  9s
2026-03-18 15:03:08,355 [INFO]   SWA Ep  7/15  loss=1.3787  swa_val=79.1%  9s
2026-03-18 15:03:17,723 [INFO]   SWA Ep  8/15  loss=1.2982  swa_val=79.2%  9s
2026-03-18 15:03:27,115 [INFO]   SWA Ep  9/15  loss=1.3519  swa_val=79.3%  9s
2026-03-18 15:03:36,471 [INFO]   SWA Ep 10/15  loss=1.2707  swa_val=79.2%  9s
2026-03-18 15:03:45,849 [INFO]   SWA Ep 11/15  loss=1.2931  swa_val=79.2%  9s
2026-03-18 15:03:55,242 [INFO]   SWA Ep 12/15  loss=1.2910  swa_val=79.2%  9s
2026-03-18 15:04:04,644 [INFO]   SWA Ep 13/15  loss=1.3329  swa_val=79.3%  9s
2026-03-18 15:04:14,053 [INFO]   SWA Ep 14/15  loss=1.2672  swa_val=79.4%  9s
2026-03-18 15:04:23,427 [INFO]   SWA Ep 15/15  loss=1.3348  swa_val=79.4%  9s
2026-03-18 15:04:23,437 [INFO]   Updating BN stats for SWA model …
2026-03-18 15:04:23,930 [INFO]   SWA final: 79.38% (regular best: 79.27%)
2026-03-18 15:04:24,091 [INFO]   ★ SWA beats regular! 79.38%
2026-03-18 15:04:24,091 [INFO]   Fold 4 best: 79.38%
2026-03-18 15:04:25,324 [INFO] ================================================================
2026-03-18 15:04:25,324 [INFO] FOLD 5 / 5
2026-03-18 15:04:25,324 [INFO] ================================================================
2026-03-18 15:04:25,327 [INFO]   Train: 11794 | Val: 2948
2026-03-18 15:04:25,538 [INFO] Loading pretrained weights from Hugging Face hub (timm/convnextv2_tiny.fcmae_ft_in22k_in1k)
2026-03-18 15:04:25,799 [INFO] HTTP Request: HEAD https://huggingface.co/timm/convnextv2_tiny.fcmae_ft_in22k_in1k/resolve/main/model.safetensors "HTTP/1.1 302 Found"
2026-03-18 15:04:25,800 [INFO] [timm/convnextv2_tiny.fcmae_ft_in22k_in1k] Safe alternative available for 'pytorch_model.bin' (as 'model.safetensors'). Loading weights using safetensors.
2026-03-18 15:04:25,815 [INFO] Missing keys (head.fc.weight, head.fc.bias) discovered while loading pretrained weights. This is expected if model is being adapted.
2026-03-18 15:04:25,909 [INFO]   Born-again ← best_fold4.pt (val 89.08%)
2026-03-18 15:04:25,910 [INFO] ── Stage 1: head warmup (5 ep) ──
2026-03-18 15:04:32,627 [INFO]   S1 Ep 1/5  loss=2.7226 acc=2.6%  val=3.6%  7s
2026-03-18 15:04:32,767 [INFO]   ★ best 3.60%
2026-03-18 15:04:37,243 [INFO]   S1 Ep 2/5  loss=2.6062 acc=3.9%  val=6.4%  4s
2026-03-18 15:04:37,396 [INFO]   ★ best 6.45%
2026-03-18 15:04:41,845 [INFO]   S1 Ep 3/5  loss=2.5483 acc=5.7%  val=8.6%  4s
2026-03-18 15:04:42,006 [INFO]   ★ best 8.65%
2026-03-18 15:04:46,430 [INFO]   S1 Ep 4/5  loss=2.5130 acc=6.8%  val=9.8%  4s
2026-03-18 15:04:46,577 [INFO]   ★ best 9.77%
2026-03-18 15:04:50,993 [INFO]   S1 Ep 5/5  loss=2.4988 acc=7.5%  val=9.9%  4s
2026-03-18 15:04:51,144 [INFO]   ★ best 9.91%
2026-03-18 15:04:51,144 [INFO] ── Stage 2: full fine-tune (80 ep, patience 30) ──
2026-03-18 15:04:51,145 [INFO] LLRD: 12 groups, LR [1.19e-05 … 5.00e-05]
2026-03-18 15:05:00,579 [INFO]   S2 Ep   1/80  loss=2.5690 acc=6.5%  val=13.9%  lr=9.05e-06     9s
2026-03-18 15:05:00,740 [INFO]   ★ best 13.91%
2026-03-18 15:05:10,139 [INFO]   S2 Ep   2/80  loss=2.4892 acc=9.8%  val=24.3%  lr=2.61e-05     9s
2026-03-18 15:05:10,304 [INFO]   ★ best 24.25%
2026-03-18 15:05:19,735 [INFO]   S2 Ep   3/80  loss=2.3216 acc=16.6%  val=40.5%  lr=4.30e-05     9s
2026-03-18 15:05:19,897 [INFO]   ★ best 40.50%
2026-03-18 15:05:29,306 [INFO]   S2 Ep   4/80  loss=2.1542 acc=23.8%  val=50.0%  lr=5.00e-05     9s
2026-03-18 15:05:29,453 [INFO]   ★ best 50.00%
2026-03-18 15:05:38,870 [INFO]   S2 Ep   5/80  loss=1.9860 acc=30.5%  val=56.0%  lr=5.00e-05     9s
2026-03-18 15:05:39,023 [INFO]   ★ best 56.04%
2026-03-18 15:05:48,395 [INFO]   S2 Ep   6/80  loss=1.9373 acc=33.2%  val=60.1%  lr=4.99e-05     9s
2026-03-18 15:05:48,552 [INFO]   ★ best 60.07%
2026-03-18 15:05:57,966 [INFO]   S2 Ep   7/80  loss=1.9400 acc=33.3%  val=63.7%  lr=4.98e-05     9s
2026-03-18 15:05:58,121 [INFO]   ★ best 63.67%
2026-03-18 15:06:07,601 [INFO]   S2 Ep   8/80  loss=1.8750 acc=35.7%  val=63.4%  lr=4.97e-05     9s
2026-03-18 15:06:17,075 [INFO]   S2 Ep   9/80  loss=1.8189 acc=38.6%  val=65.7%  lr=4.95e-05     9s
2026-03-18 15:06:17,223 [INFO]   ★ best 65.74%
2026-03-18 15:06:26,608 [INFO]   S2 Ep  10/80  loss=1.7722 acc=40.3%  val=67.5%  lr=4.92e-05     9s
2026-03-18 15:06:26,760 [INFO]   ★ best 67.50%
2026-03-18 15:06:36,156 [INFO]   S2 Ep  11/80  loss=1.7190 acc=42.4%  val=68.3%  lr=4.90e-05     9s
2026-03-18 15:06:36,314 [INFO]   ★ best 68.28%
2026-03-18 15:06:45,713 [INFO]   S2 Ep  12/80  loss=1.7139 acc=43.3%  val=68.1%  lr=4.86e-05     9s
2026-03-18 15:06:55,096 [INFO]   S2 Ep  13/80  loss=1.7097 acc=43.4%  val=69.4%  lr=4.83e-05     9s
2026-03-18 15:06:55,253 [INFO]   ★ best 69.37%
2026-03-18 15:07:04,638 [INFO]   S2 Ep  14/80  loss=1.6732 acc=45.3%  val=70.2%  lr=4.79e-05     9s
2026-03-18 15:07:04,784 [INFO]   ★ best 70.18%
2026-03-18 15:07:14,213 [INFO]   S2 Ep  15/80  loss=1.6181 acc=47.2%  val=71.3%  lr=4.75e-05     9s
2026-03-18 15:07:14,363 [INFO]   ★ best 71.30%
2026-03-18 15:07:23,828 [INFO]   S2 Ep  16/80  loss=1.6489 acc=46.1%  val=70.5%  lr=4.70e-05     9s
2026-03-18 15:07:33,251 [INFO]   S2 Ep  17/80  loss=1.6589 acc=46.1%  val=71.8%  lr=4.65e-05     9s
2026-03-18 15:07:33,407 [INFO]   ★ best 71.78%
2026-03-18 15:07:42,799 [INFO]   S2 Ep  18/80  loss=1.6393 acc=47.0%  val=72.4%  lr=4.59e-05     9s
2026-03-18 15:07:42,946 [INFO]   ★ best 72.35%
2026-03-18 15:07:52,338 [INFO]   S2 Ep  19/80  loss=1.5833 acc=49.2%  val=72.6%  lr=4.53e-05     9s
2026-03-18 15:07:52,500 [INFO]   ★ best 72.63%
2026-03-18 15:08:01,910 [INFO]   S2 Ep  20/80  loss=1.6214 acc=47.6%  val=73.4%  lr=4.47e-05     9s
2026-03-18 15:08:02,057 [INFO]   ★ best 73.37%
2026-03-18 15:08:11,462 [INFO]   S2 Ep  21/80  loss=1.6288 acc=47.5%  val=73.0%  lr=4.41e-05     9s
2026-03-18 15:08:20,844 [INFO]   S2 Ep  22/80  loss=1.6333 acc=47.6%  val=73.3%  lr=4.34e-05     9s
2026-03-18 15:08:30,263 [INFO]   S2 Ep  23/80  loss=1.5183 acc=52.0%  val=74.2%  lr=4.27e-05     9s
2026-03-18 15:08:30,423 [INFO]   ★ best 74.19%
2026-03-18 15:08:39,842 [INFO]   S2 Ep  24/80  loss=1.5550 acc=50.4%  val=74.3%  lr=4.19e-05     9s
2026-03-18 15:08:39,989 [INFO]   ★ best 74.32%
2026-03-18 15:08:49,400 [INFO]   S2 Ep  25/80  loss=1.5611 acc=50.4%  val=74.3%  lr=4.12e-05     9s
2026-03-18 15:08:58,773 [INFO]   S2 Ep  26/80  loss=1.5543 acc=50.8%  val=75.0%  lr=4.04e-05     9s
2026-03-18 15:08:58,928 [INFO]   ★ best 74.97%
2026-03-18 15:09:08,336 [INFO]   S2 Ep  27/80  loss=1.5694 acc=49.8%  val=75.1%  lr=3.95e-05     9s
2026-03-18 15:09:08,501 [INFO]   ★ best 75.14%
2026-03-18 15:09:17,972 [INFO]   S2 Ep  28/80  loss=1.5534 acc=50.9%  val=75.8%  lr=3.87e-05     9s
2026-03-18 15:09:18,122 [INFO]   ★ best 75.78%
2026-03-18 15:09:27,558 [INFO]   S2 Ep  29/80  loss=1.5444 acc=51.1%  val=75.3%  lr=3.78e-05     9s
2026-03-18 15:09:37,014 [INFO]   S2 Ep  30/80  loss=1.4846 acc=53.9%  val=76.1%  lr=3.69e-05     9s
2026-03-18 15:09:37,168 [INFO]   ★ best 76.12%
2026-03-18 15:09:46,601 [INFO]   S2 Ep  31/80  loss=1.4631 acc=54.9%  val=75.8%  lr=3.60e-05     9s
2026-03-18 15:09:56,012 [INFO]   S2 Ep  32/80  loss=1.4677 acc=54.9%  val=76.5%  lr=3.50e-05     9s
2026-03-18 15:09:56,179 [INFO]   ★ best 76.49%
2026-03-18 15:10:05,555 [INFO]   S2 Ep  33/80  loss=1.4553 acc=55.8%  val=75.7%  lr=3.41e-05     9s
2026-03-18 15:10:15,029 [INFO]   S2 Ep  34/80  loss=1.4819 acc=54.1%  val=76.3%  lr=3.31e-05     9s
2026-03-18 15:10:24,474 [INFO]   S2 Ep  35/80  loss=1.5059 acc=53.2%  val=76.3%  lr=3.21e-05     9s
2026-03-18 15:10:34,040 [INFO]   S2 Ep  36/80  loss=1.4323 acc=56.7%  val=76.5%  lr=3.11e-05    10s
2026-03-18 15:10:43,471 [INFO]   S2 Ep  37/80  loss=1.4673 acc=55.2%  val=76.1%  lr=3.01e-05     9s
2026-03-18 15:10:52,976 [INFO]   S2 Ep  38/80  loss=1.4789 acc=54.7%  val=77.1%  lr=2.91e-05    10s
2026-03-18 15:10:53,142 [INFO]   ★ best 77.14%
2026-03-18 15:11:02,659 [INFO]   S2 Ep  39/80  loss=1.4175 acc=57.2%  val=77.2%  lr=2.81e-05    10s
2026-03-18 15:11:02,808 [INFO]   ★ best 77.20%
2026-03-18 15:11:12,213 [INFO]   S2 Ep  40/80  loss=1.4499 acc=56.1%  val=77.2%  lr=2.71e-05     9s
2026-03-18 15:11:21,632 [INFO]   S2 Ep  41/80  loss=1.4632 acc=55.6%  val=77.4%  lr=2.60e-05     9s
2026-03-18 15:11:21,796 [INFO]   ★ best 77.37%
2026-03-18 15:11:31,280 [INFO]   S2 Ep  42/80  loss=1.4636 acc=55.8%  val=77.6%  lr=2.50e-05     9s
2026-03-18 15:11:31,428 [INFO]   ★ best 77.58%
2026-03-18 15:11:40,811 [INFO]   S2 Ep  43/80  loss=1.4179 acc=57.8%  val=77.7%  lr=2.40e-05     9s
2026-03-18 15:11:40,979 [INFO]   ★ best 77.68%
2026-03-18 15:11:50,355 [INFO]   S2 Ep  44/80  loss=1.4909 acc=54.8%  val=77.4%  lr=2.29e-05     9s
2026-03-18 15:11:59,734 [INFO]   S2 Ep  45/80  loss=1.4056 acc=57.5%  val=77.7%  lr=2.19e-05     9s
2026-03-18 15:11:59,897 [INFO]   ★ best 77.75%
2026-03-18 15:12:09,289 [INFO]   S2 Ep  46/80  loss=1.4342 acc=56.5%  val=77.5%  lr=2.09e-05     9s
2026-03-18 15:12:18,668 [INFO]   S2 Ep  47/80  loss=1.4610 acc=55.6%  val=76.9%  lr=1.99e-05     9s
2026-03-18 15:12:28,088 [INFO]   S2 Ep  48/80  loss=1.4320 acc=56.7%  val=77.4%  lr=1.89e-05     9s
2026-03-18 15:12:37,453 [INFO]   S2 Ep  49/80  loss=1.4430 acc=56.2%  val=77.6%  lr=1.79e-05     9s
2026-03-18 15:12:46,836 [INFO]   S2 Ep  50/80  loss=1.3919 acc=58.4%  val=77.8%  lr=1.69e-05     9s
2026-03-18 15:12:47,001 [INFO]   ★ best 77.78%
2026-03-18 15:12:56,344 [INFO]   S2 Ep  51/80  loss=1.4067 acc=57.4%  val=77.8%  lr=1.59e-05     9s
2026-03-18 15:13:05,726 [INFO]   S2 Ep  52/80  loss=1.4002 acc=58.1%  val=77.8%  lr=1.50e-05     9s
2026-03-18 15:13:05,889 [INFO]   ★ best 77.85%
2026-03-18 15:13:15,345 [INFO]   S2 Ep  53/80  loss=1.4205 acc=57.2%  val=78.2%  lr=1.40e-05     9s
2026-03-18 15:13:15,499 [INFO]   ★ best 78.15%
2026-03-18 15:13:24,904 [INFO]   S2 Ep  54/80  loss=1.4347 acc=56.5%  val=78.0%  lr=1.31e-05     9s
2026-03-18 15:13:34,355 [INFO]   S2 Ep  55/80  loss=1.3984 acc=58.7%  val=77.8%  lr=1.22e-05     9s
2026-03-18 15:13:43,771 [INFO]   S2 Ep  56/80  loss=1.3475 acc=60.6%  val=77.7%  lr=1.13e-05     9s
2026-03-18 15:13:53,143 [INFO]   S2 Ep  57/80  loss=1.3851 acc=59.1%  val=77.9%  lr=1.05e-05     9s
2026-03-18 15:14:02,570 [INFO]   S2 Ep  58/80  loss=1.4068 acc=57.7%  val=78.1%  lr=9.64e-06     9s
2026-03-18 15:14:12,009 [INFO]   S2 Ep  59/80  loss=1.4764 acc=54.6%  val=78.1%  lr=8.84e-06     9s
2026-03-18 15:14:21,383 [INFO]   S2 Ep  60/80  loss=1.3658 acc=59.7%  val=78.5%  lr=8.07e-06     9s
2026-03-18 15:14:21,535 [INFO]   ★ best 78.49%
2026-03-18 15:14:30,924 [INFO]   S2 Ep  61/80  loss=1.3762 acc=59.2%  val=78.7%  lr=7.32e-06     9s
2026-03-18 15:14:31,072 [INFO]   ★ best 78.70%
2026-03-18 15:14:40,537 [INFO]   S2 Ep  62/80  loss=1.3644 acc=60.4%  val=78.8%  lr=6.60e-06     9s
2026-03-18 15:14:40,698 [INFO]   ★ best 78.77%
2026-03-18 15:14:50,138 [INFO]   S2 Ep  63/80  loss=1.3479 acc=60.7%  val=78.6%  lr=5.92e-06     9s
2026-03-18 15:14:59,516 [INFO]   S2 Ep  64/80  loss=1.3546 acc=60.1%  val=78.6%  lr=5.27e-06     9s
2026-03-18 15:15:08,915 [INFO]   S2 Ep  65/80  loss=1.3582 acc=59.8%  val=78.6%  lr=4.65e-06     9s
2026-03-18 15:15:18,318 [INFO]   S2 Ep  66/80  loss=1.3687 acc=60.0%  val=78.6%  lr=4.07e-06     9s
2026-03-18 15:15:27,738 [INFO]   S2 Ep  67/80  loss=1.3581 acc=59.9%  val=78.6%  lr=3.52e-06     9s
2026-03-18 15:15:37,141 [INFO]   S2 Ep  68/80  loss=1.3821 acc=58.8%  val=78.7%  lr=3.01e-06     9s
2026-03-18 15:15:46,519 [INFO]   S2 Ep  69/80  loss=1.4400 acc=56.5%  val=78.6%  lr=2.54e-06     9s
2026-03-18 15:15:55,949 [INFO]   S2 Ep  70/80  loss=1.3625 acc=60.3%  val=78.5%  lr=2.11e-06     9s
2026-03-18 15:16:05,363 [INFO]   S2 Ep  71/80  loss=1.3704 acc=60.2%  val=78.6%  lr=1.71e-06     9s
2026-03-18 15:16:14,801 [INFO]   S2 Ep  72/80  loss=1.4368 acc=56.9%  val=78.9%  lr=1.35e-06     9s
2026-03-18 15:16:14,963 [INFO]   ★ best 78.87%
2026-03-18 15:16:24,481 [INFO]   S2 Ep  73/80  loss=1.3924 acc=58.8%  val=78.6%  lr=1.04e-06    10s
2026-03-18 15:16:34,075 [INFO]   S2 Ep  74/80  loss=1.3736 acc=59.8%  val=78.8%  lr=7.66e-07    10s
2026-03-18 15:16:43,463 [INFO]   S2 Ep  75/80  loss=1.3753 acc=60.0%  val=78.7%  lr=5.33e-07     9s
2026-03-18 15:16:52,921 [INFO]   S2 Ep  76/80  loss=1.3467 acc=60.4%  val=78.7%  lr=3.42e-07     9s
2026-03-18 15:17:02,320 [INFO]   S2 Ep  77/80  loss=1.3994 acc=58.8%  val=78.7%  lr=1.93e-07     9s
2026-03-18 15:17:11,785 [INFO]   S2 Ep  78/80  loss=1.3671 acc=59.8%  val=78.7%  lr=8.69e-08     9s
2026-03-18 15:17:21,230 [INFO]   S2 Ep  79/80  loss=1.3628 acc=59.9%  val=78.7%  lr=2.31e-08     9s
2026-03-18 15:17:30,651 [INFO]   S2 Ep  80/80  loss=1.3665 acc=60.1%  val=78.7%  lr=2.00e-09     9s
2026-03-18 15:17:30,653 [INFO] ── Stage 3: SWA (15 ep, lr=5.0e-06) ──
2026-03-18 15:17:40,094 [INFO]   SWA Ep  1/15  loss=1.3943  swa_val=78.8%  9s
2026-03-18 15:17:49,672 [INFO]   SWA Ep  2/15  loss=1.3710  swa_val=78.8%  10s
2026-03-18 15:17:59,076 [INFO]   SWA Ep  3/15  loss=1.4061  swa_val=78.6%  9s
2026-03-18 15:18:08,506 [INFO]   SWA Ep  4/15  loss=1.4017  swa_val=78.8%  9s
2026-03-18 15:18:17,914 [INFO]   SWA Ep  5/15  loss=1.3627  swa_val=78.7%  9s
2026-03-18 15:18:27,316 [INFO]   SWA Ep  6/15  loss=1.3421  swa_val=78.6%  9s
2026-03-18 15:18:36,817 [INFO]   SWA Ep  7/15  loss=1.3226  swa_val=78.7%  10s
2026-03-18 15:18:46,524 [INFO]   SWA Ep  8/15  loss=1.4230  swa_val=78.6%  10s
2026-03-18 15:18:55,974 [INFO]   SWA Ep  9/15  loss=1.3477  swa_val=78.6%  9s
2026-03-18 15:19:05,348 [INFO]   SWA Ep 10/15  loss=1.3335  swa_val=78.6%  9s
2026-03-18 15:19:14,742 [INFO]   SWA Ep 11/15  loss=1.3376  swa_val=78.7%  9s
2026-03-18 15:19:24,135 [INFO]   SWA Ep 12/15  loss=1.3362  swa_val=78.8%  9s
2026-03-18 15:19:33,552 [INFO]   SWA Ep 13/15  loss=1.3589  swa_val=78.8%  9s
2026-03-18 15:19:42,904 [INFO]   SWA Ep 14/15  loss=1.3523  swa_val=78.9%  9s
2026-03-18 15:19:52,251 [INFO]   SWA Ep 15/15  loss=1.3701  swa_val=78.9%  9s
2026-03-18 15:19:52,251 [INFO]   Updating BN stats for SWA model …
2026-03-18 15:19:52,742 [INFO]   SWA final: 78.90% (regular best: 78.87%)
2026-03-18 15:19:52,900 [INFO]   ★ SWA beats regular! 78.90%
2026-03-18 15:19:52,900 [INFO]   Fold 5 best: 78.90%
2026-03-18 15:19:54,519 [INFO] ================================================================
2026-03-18 15:19:54,519 [INFO] 5-FOLD CV
2026-03-18 15:19:54,519 [INFO] ================================================================
2026-03-18 15:19:54,519 [INFO]   Fold 1 : 79.89%
2026-03-18 15:19:54,519 [INFO]   Fold 2 : 80.06%
2026-03-18 15:19:54,519 [INFO]   Fold 3 : 80.66%
2026-03-18 15:19:54,519 [INFO]   Fold 4 : 79.38%
2026-03-18 15:19:54,519 [INFO]   Fold 5 : 78.90%
2026-03-18 15:19:54,519 [INFO]   Mean: 79.78% ± 0.60%
2026-03-18 15:21:29,696 [INFO] TTA changed 290 / 9828 (3.0%)
2026-03-18 15:21:29,704 [INFO] Done.
