2026-03-22 15:03:53,553 [INFO] GPU: NVIDIA H200
2026-03-22 15:03:53,554 [INFO] Config: {
  "data_dir": "/data/slr/track2_",
  "output_dir": "/data/slr/checkpoints_v59",
  "max_frames": 48,
  "img_size": 448,
  "n_classes": 126,
  "channel_means": [
    -64.3217,
    -62.9119,
    -63.9254
  ],
  "channel_stds": [
    12.5721,
    11.662,
    11.7259
  ],
  "n_folds": 5,
  "batch_size": 20,
  "num_workers": 2,
  "stage1_epochs": 5,
  "stage1_lr": 0.0002,
  "stage2_epochs": 120,
  "stage2_lr": 4e-05,
  "swa_epochs": 20,
  "swa_lr": 4e-06,
  "weight_decay": 0.05,
  "warmup_pct": 0.05,
  "label_smoothing": 0.1,
  "early_stopping_patience": 30,
  "grad_clip_norm": 1.0,
  "llrd_decay": 0.75,
  "kd_alpha": 0.6,
  "kd_tau": 3.0,
  "mixup_alpha": 0.4,
  "cutmix_alpha": 1.0,
  "cutmix_prob": 0.5,
  "time_mask_max": 8,
  "range_mask_max": 30,
  "noise_std": 0.1,
  "time_warp_lo": 0.8,
  "time_warp_hi": 1.2,
  "time_reverse_prob": 0.5,
  "channel_shuffle_prob": 0.2,
  "channel_drop_prob": 0.1,
  "random_erase_prob": 0.2,
  "circ_shift_prob": 0.3,
  "circ_shift_max": 8,
  "amp_scale_prob": 0.5,
  "amp_scale_lo": 0.8,
  "amp_scale_hi": 1.2,
  "model_name": "convnextv2_tiny.fcmae_ft_in22k_in1k",
  "drop_path_rate": 0.2,
  "proj_dim": 512,
  "drop_rate": 0.3,
  "ms_dropout_samples": 5,
  "seed": 42
}
2026-03-22 15:03:53,554 [INFO] Student: ConvNeXtV2-Tiny @ 448×448
2026-03-22 15:03:53,632 [INFO] Train: 14742 | Eval: 9828
2026-03-22 15:03:58,377 [INFO] Pre-computing 8-teacher ensemble soft labels (per-teacher resolution) …
2026-03-22 15:03:58,380 [INFO]   [1/8] checkpoints_v11 @ 224×224
2026-03-22 15:04:52,943 [INFO]     → 5 folds loaded
2026-03-22 15:04:52,943 [INFO]   [2/8] checkpoints_vit_v9 @ 224×224
2026-03-22 15:05:53,510 [INFO]     → 5 folds loaded
2026-03-22 15:05:53,510 [INFO]   [3/8] checkpoints_v18 @ 384×384
2026-03-22 15:08:17,699 [INFO]     → 5 folds loaded
2026-03-22 15:08:17,700 [INFO]   [4/8] checkpoints_v25 @ 448×448
2026-03-22 15:11:06,983 [INFO]     → 5 folds loaded
2026-03-22 15:11:06,984 [INFO]   [5/8] checkpoints_v24 @ 384×384
2026-03-22 15:13:30,507 [INFO]     → 5 folds loaded
2026-03-22 15:13:30,507 [INFO]   [6/8] checkpoints_v38 @ 512×512
2026-03-22 15:17:03,271 [INFO]     → 5 folds loaded
2026-03-22 15:17:03,272 [INFO]   [7/8] checkpoints_v47 @ 320×320
2026-03-22 15:18:50,898 [INFO]     → 5 folds loaded
2026-03-22 15:18:50,899 [INFO]   [8/8] checkpoints_v52 @ 384×384
2026-03-22 15:20:51,454 [INFO]     → 5 folds loaded
2026-03-22 15:20:51,455 [INFO]   Ensemble from 8 teachers → soft labels for 14742 samples
2026-03-22 15:20:51,481 [INFO] KD α=0.60 τ=3.0 | SWA 20 ep @ lr=4.0e-06 | NO PL | 8-TEACHER ENSEMBLE KD
2026-03-22 15:20:51,485 [INFO] ================================================================
2026-03-22 15:20:51,485 [INFO] FOLD 1 / 5
2026-03-22 15:20:51,485 [INFO] ================================================================
2026-03-22 15:20:51,487 [INFO]   Train: 11793 | Val: 2949
2026-03-22 15:20:51,703 [INFO] Loading pretrained weights from Hugging Face hub (timm/convnextv2_tiny.fcmae_ft_in22k_in1k)
2026-03-22 15:20:51,854 [INFO] HTTP Request: HEAD https://huggingface.co/timm/convnextv2_tiny.fcmae_ft_in22k_in1k/resolve/main/model.safetensors "HTTP/1.1 302 Found"
2026-03-22 15:20:51,854 [WARNING] Warning: You are sending unauthenticated requests to the HF Hub. Please set a HF_TOKEN to enable higher rate limits and faster downloads.
2026-03-22 15:20:51,856 [INFO] [timm/convnextv2_tiny.fcmae_ft_in22k_in1k] Safe alternative available for 'pytorch_model.bin' (as 'model.safetensors'). Loading weights using safetensors.
2026-03-22 15:20:51,873 [INFO] Missing keys (head.fc.weight, head.fc.bias) discovered while loading pretrained weights. This is expected if model is being adapted.
2026-03-22 15:20:51,988 [INFO]   Born-again ← best_fold0.pt (val 90.74%)
2026-03-22 15:20:51,989 [INFO] ── Stage 1: head warmup (5 ep) ──
2026-03-22 15:21:47,650 [INFO]   S1 Ep 1/5  loss=0.5625 acc=97.7%  val=90.7%  56s
2026-03-22 15:21:47,784 [INFO]   ★ best 90.74%
2026-03-22 15:22:29,908 [INFO]   S1 Ep 2/5  loss=0.5716 acc=97.4%  val=90.5%  42s
2026-03-22 15:23:12,613 [INFO]   S1 Ep 3/5  loss=0.5680 acc=97.7%  val=90.4%  43s
2026-03-22 15:23:54,533 [INFO]   S1 Ep 4/5  loss=0.5653 acc=97.6%  val=90.5%  42s
2026-03-22 15:24:37,551 [INFO]   S1 Ep 5/5  loss=0.5565 acc=98.0%  val=90.4%  43s
2026-03-22 15:24:37,551 [INFO] ── Stage 2: full fine-tune (120 ep, patience 30) ──
2026-03-22 15:24:37,552 [INFO] LLRD: 12 groups, LR [9.49e-06 … 4.00e-05]
2026-03-22 15:26:17,400 [INFO]   S2 Ep   1/120  loss=1.2005 acc=73.3%  val=90.7%  lr=4.17e-06   100s
2026-03-22 15:27:52,489 [INFO]   S2 Ep   2/120  loss=1.2196 acc=73.2%  val=90.4%  lr=1.12e-05    95s
2026-03-22 15:29:27,651 [INFO]   S2 Ep   3/120  loss=1.1999 acc=74.0%  val=90.4%  lr=2.08e-05    95s
2026-03-22 15:31:02,637 [INFO]   S2 Ep   4/120  loss=1.2339 acc=72.4%  val=89.5%  lr=3.04e-05    95s
2026-03-22 15:32:37,568 [INFO]   S2 Ep   5/120  loss=1.2460 acc=72.4%  val=89.0%  lr=3.74e-05    95s
2026-03-22 15:34:13,477 [INFO]   S2 Ep   6/120  loss=1.2243 acc=73.0%  val=88.1%  lr=4.00e-05    96s
2026-03-22 15:35:49,555 [INFO]   S2 Ep   7/120  loss=1.2616 acc=71.6%  val=89.4%  lr=4.00e-05    96s
2026-03-22 15:37:24,683 [INFO]   S2 Ep   8/120  loss=1.2394 acc=72.1%  val=88.3%  lr=4.00e-05    95s
2026-03-22 15:38:59,877 [INFO]   S2 Ep   9/120  loss=1.2413 acc=71.9%  val=88.6%  lr=3.99e-05    95s
2026-03-22 15:40:35,680 [INFO]   S2 Ep  10/120  loss=1.2568 acc=71.4%  val=88.2%  lr=3.99e-05    96s
2026-03-22 15:42:10,655 [INFO]   S2 Ep  11/120  loss=1.2803 acc=70.8%  val=89.2%  lr=3.98e-05    95s
2026-03-22 15:43:45,612 [INFO]   S2 Ep  12/120  loss=1.2415 acc=72.3%  val=88.9%  lr=3.97e-05    95s
2026-03-22 15:45:20,848 [INFO]   S2 Ep  13/120  loss=1.2125 acc=74.0%  val=88.8%  lr=3.96e-05    95s
2026-03-22 15:46:55,894 [INFO]   S2 Ep  14/120  loss=1.2442 acc=72.2%  val=88.3%  lr=3.95e-05    95s
2026-03-22 15:48:31,347 [INFO]   S2 Ep  15/120  loss=1.2553 acc=71.6%  val=87.8%  lr=3.94e-05    95s
2026-03-22 15:50:06,422 [INFO]   S2 Ep  16/120  loss=1.2241 acc=72.9%  val=88.5%  lr=3.92e-05    95s
2026-03-22 15:51:41,532 [INFO]   S2 Ep  17/120  loss=1.2482 acc=72.2%  val=89.3%  lr=3.91e-05    95s
2026-03-22 15:53:16,425 [INFO]   S2 Ep  18/120  loss=1.2481 acc=72.0%  val=88.5%  lr=3.89e-05    95s
2026-03-22 15:54:51,291 [INFO]   S2 Ep  19/120  loss=1.2081 acc=73.6%  val=88.6%  lr=3.87e-05    95s
2026-03-22 15:56:26,000 [INFO]   S2 Ep  20/120  loss=1.2687 acc=70.9%  val=88.3%  lr=3.85e-05    95s
2026-03-22 15:58:01,209 [INFO]   S2 Ep  21/120  loss=1.2355 acc=72.2%  val=89.1%  lr=3.83e-05    95s
2026-03-22 15:59:36,044 [INFO]   S2 Ep  22/120  loss=1.2496 acc=71.7%  val=89.4%  lr=3.81e-05    95s
2026-03-22 16:01:10,877 [INFO]   S2 Ep  23/120  loss=1.2507 acc=71.6%  val=89.0%  lr=3.78e-05    95s
2026-03-22 16:02:46,031 [INFO]   S2 Ep  24/120  loss=1.2117 acc=73.3%  val=89.1%  lr=3.76e-05    95s
2026-03-22 16:04:21,130 [INFO]   S2 Ep  25/120  loss=1.1986 acc=73.9%  val=89.1%  lr=3.73e-05    95s
2026-03-22 16:05:56,647 [INFO]   S2 Ep  26/120  loss=1.2471 acc=72.2%  val=89.7%  lr=3.70e-05    96s
2026-03-22 16:07:32,160 [INFO]   S2 Ep  27/120  loss=1.2556 acc=71.6%  val=88.8%  lr=3.67e-05    96s
2026-03-22 16:09:07,288 [INFO]   S2 Ep  28/120  loss=1.2459 acc=71.2%  val=89.5%  lr=3.64e-05    95s
2026-03-22 16:10:42,454 [INFO]   S2 Ep  29/120  loss=1.2368 acc=72.1%  val=88.9%  lr=3.61e-05    95s
2026-03-22 16:12:18,084 [INFO]   S2 Ep  30/120  loss=1.2322 acc=72.4%  val=89.6%  lr=3.58e-05    96s
2026-03-22 16:12:18,084 [INFO]   Early stop at ep 30
2026-03-22 16:12:18,085 [INFO] ── Stage 3: SWA (20 ep, lr=4.0e-06) ──
2026-03-22 16:13:53,131 [INFO]   SWA Ep  1/20  loss=1.2106  swa_val=90.2%  95s
2026-03-22 16:15:28,118 [INFO]   SWA Ep  2/20  loss=1.1999  swa_val=90.3%  95s
2026-03-22 16:17:03,035 [INFO]   SWA Ep  3/20  loss=1.2194  swa_val=90.3%  95s
2026-03-22 16:18:37,822 [INFO]   SWA Ep  4/20  loss=1.1923  swa_val=90.2%  95s
2026-03-22 16:20:12,639 [INFO]   SWA Ep  5/20  loss=1.2105  swa_val=90.2%  95s
2026-03-22 16:21:47,430 [INFO]   SWA Ep  6/20  loss=1.2504  swa_val=90.3%  95s
2026-03-22 16:23:22,319 [INFO]   SWA Ep  7/20  loss=1.2298  swa_val=90.3%  95s
2026-03-22 16:24:57,209 [INFO]   SWA Ep  8/20  loss=1.1944  swa_val=90.2%  95s
2026-03-22 16:26:32,882 [INFO]   SWA Ep  9/20  loss=1.1997  swa_val=90.3%  96s
2026-03-22 16:28:07,743 [INFO]   SWA Ep 10/20  loss=1.1928  swa_val=90.3%  95s
2026-03-22 16:29:42,598 [INFO]   SWA Ep 11/20  loss=1.2104  swa_val=90.3%  95s
2026-03-22 16:31:17,858 [INFO]   SWA Ep 12/20  loss=1.2148  swa_val=90.3%  95s
2026-03-22 16:32:52,961 [INFO]   SWA Ep 13/20  loss=1.2103  swa_val=90.3%  95s
2026-03-22 16:34:28,009 [INFO]   SWA Ep 14/20  loss=1.1700  swa_val=90.2%  95s
2026-03-22 16:36:02,961 [INFO]   SWA Ep 15/20  loss=1.1975  swa_val=90.2%  95s
2026-03-22 16:37:37,841 [INFO]   SWA Ep 16/20  loss=1.1854  swa_val=90.3%  95s
2026-03-22 16:39:12,890 [INFO]   SWA Ep 17/20  loss=1.2082  swa_val=90.3%  95s
2026-03-22 16:40:47,826 [INFO]   SWA Ep 18/20  loss=1.1931  swa_val=90.3%  95s
2026-03-22 16:42:23,113 [INFO]   SWA Ep 19/20  loss=1.2162  swa_val=90.3%  95s
2026-03-22 16:43:58,010 [INFO]   SWA Ep 20/20  loss=1.2263  swa_val=90.3%  95s
2026-03-22 16:43:58,023 [INFO]   Updating BN stats for SWA model …
2026-03-22 16:44:04,391 [INFO]   SWA final: 90.30% (regular best: 90.74%)
2026-03-22 16:44:04,391 [INFO]   Fold 1 best: 90.74%
2026-03-22 16:44:04,409 [INFO] ================================================================
2026-03-22 16:44:04,409 [INFO] FOLD 2 / 5
2026-03-22 16:44:04,409 [INFO] ================================================================
2026-03-22 16:44:04,412 [INFO]   Train: 11793 | Val: 2949
2026-03-22 16:44:04,630 [INFO] Loading pretrained weights from Hugging Face hub (timm/convnextv2_tiny.fcmae_ft_in22k_in1k)
2026-03-22 16:44:04,739 [INFO] HTTP Request: HEAD https://huggingface.co/timm/convnextv2_tiny.fcmae_ft_in22k_in1k/resolve/main/model.safetensors "HTTP/1.1 302 Found"
2026-03-22 16:44:04,741 [INFO] [timm/convnextv2_tiny.fcmae_ft_in22k_in1k] Safe alternative available for 'pytorch_model.bin' (as 'model.safetensors'). Loading weights using safetensors.
2026-03-22 16:44:04,758 [INFO] Missing keys (head.fc.weight, head.fc.bias) discovered while loading pretrained weights. This is expected if model is being adapted.
2026-03-22 16:44:04,860 [INFO]   Born-again ← best_fold1.pt (val 89.86%)
2026-03-22 16:44:04,860 [INFO] ── Stage 1: head warmup (5 ep) ──
2026-03-22 16:44:40,852 [INFO]   S1 Ep 1/5  loss=0.5580 acc=97.9%  val=89.5%  36s
2026-03-22 16:44:40,996 [INFO]   ★ best 89.52%
2026-03-22 16:45:17,498 [INFO]   S1 Ep 2/5  loss=0.5633 acc=97.9%  val=89.8%  37s
2026-03-22 16:45:17,677 [INFO]   ★ best 89.76%
2026-03-22 16:45:54,026 [INFO]   S1 Ep 3/5  loss=0.5654 acc=97.7%  val=89.9%  36s
2026-03-22 16:45:54,183 [INFO]   ★ best 89.89%
2026-03-22 16:46:30,044 [INFO]   S1 Ep 4/5  loss=0.5586 acc=98.1%  val=89.7%  36s
2026-03-22 16:47:06,439 [INFO]   S1 Ep 5/5  loss=0.5532 acc=98.1%  val=89.8%  36s
2026-03-22 16:47:06,439 [INFO] ── Stage 2: full fine-tune (120 ep, patience 30) ──
2026-03-22 16:47:06,441 [INFO] LLRD: 12 groups, LR [9.49e-06 … 4.00e-05]
2026-03-22 16:48:41,306 [INFO]   S2 Ep   1/120  loss=1.2236 acc=73.0%  val=89.8%  lr=4.17e-06    95s
2026-03-22 16:50:16,252 [INFO]   S2 Ep   2/120  loss=1.1764 acc=75.0%  val=89.5%  lr=1.12e-05    95s
2026-03-22 16:51:51,652 [INFO]   S2 Ep   3/120  loss=1.2228 acc=72.9%  val=89.0%  lr=2.08e-05    95s
2026-03-22 16:53:26,637 [INFO]   S2 Ep   4/120  loss=1.2248 acc=73.2%  val=88.7%  lr=3.04e-05    95s
2026-03-22 16:55:01,932 [INFO]   S2 Ep   5/120  loss=1.2285 acc=72.5%  val=88.2%  lr=3.74e-05    95s
2026-03-22 16:56:36,745 [INFO]   S2 Ep   6/120  loss=1.2552 acc=71.2%  val=87.9%  lr=4.00e-05    95s
2026-03-22 16:58:11,747 [INFO]   S2 Ep   7/120  loss=1.2478 acc=72.0%  val=87.6%  lr=4.00e-05    95s
2026-03-22 16:59:46,755 [INFO]   S2 Ep   8/120  loss=1.2266 acc=72.3%  val=88.0%  lr=4.00e-05    95s
2026-03-22 17:01:21,888 [INFO]   S2 Ep   9/120  loss=1.2477 acc=72.2%  val=88.1%  lr=3.99e-05    95s
2026-03-22 17:02:57,347 [INFO]   S2 Ep  10/120  loss=1.2539 acc=71.8%  val=87.7%  lr=3.99e-05    95s
2026-03-22 17:04:32,752 [INFO]   S2 Ep  11/120  loss=1.2172 acc=73.3%  val=88.2%  lr=3.98e-05    95s
2026-03-22 17:06:07,737 [INFO]   S2 Ep  12/120  loss=1.2646 acc=71.3%  val=87.6%  lr=3.97e-05    95s
2026-03-22 17:07:42,916 [INFO]   S2 Ep  13/120  loss=1.2611 acc=71.6%  val=86.7%  lr=3.96e-05    95s
2026-03-22 17:09:17,787 [INFO]   S2 Ep  14/120  loss=1.2427 acc=72.4%  val=88.1%  lr=3.95e-05    95s
2026-03-22 17:10:52,703 [INFO]   S2 Ep  15/120  loss=1.2250 acc=72.6%  val=88.5%  lr=3.94e-05    95s
2026-03-22 17:12:27,584 [INFO]   S2 Ep  16/120  loss=1.2473 acc=72.0%  val=88.3%  lr=3.92e-05    95s
2026-03-22 17:14:02,495 [INFO]   S2 Ep  17/120  loss=1.2335 acc=72.6%  val=88.7%  lr=3.91e-05    95s
2026-03-22 17:15:37,436 [INFO]   S2 Ep  18/120  loss=1.2552 acc=71.6%  val=88.1%  lr=3.89e-05    95s
2026-03-22 17:17:12,324 [INFO]   S2 Ep  19/120  loss=1.2199 acc=72.8%  val=88.2%  lr=3.87e-05    95s
2026-03-22 17:18:47,891 [INFO]   S2 Ep  20/120  loss=1.2066 acc=73.4%  val=88.4%  lr=3.85e-05    96s
2026-03-22 17:20:22,727 [INFO]   S2 Ep  21/120  loss=1.2366 acc=71.9%  val=87.9%  lr=3.83e-05    95s
2026-03-22 17:21:57,561 [INFO]   S2 Ep  22/120  loss=1.2750 acc=71.1%  val=88.6%  lr=3.81e-05    95s
2026-03-22 17:23:32,382 [INFO]   S2 Ep  23/120  loss=1.1990 acc=73.8%  val=87.7%  lr=3.78e-05    95s
2026-03-22 17:25:07,343 [INFO]   S2 Ep  24/120  loss=1.2004 acc=73.5%  val=88.8%  lr=3.76e-05    95s
2026-03-22 17:26:42,218 [INFO]   S2 Ep  25/120  loss=1.2329 acc=72.2%  val=87.7%  lr=3.73e-05    95s
2026-03-22 17:28:16,994 [INFO]   S2 Ep  26/120  loss=1.2127 acc=73.6%  val=87.9%  lr=3.70e-05    95s
2026-03-22 17:29:51,885 [INFO]   S2 Ep  27/120  loss=1.2583 acc=71.1%  val=88.5%  lr=3.67e-05    95s
2026-03-22 17:31:26,598 [INFO]   S2 Ep  28/120  loss=1.2183 acc=73.1%  val=88.2%  lr=3.64e-05    95s
2026-03-22 17:33:01,370 [INFO]   S2 Ep  29/120  loss=1.2144 acc=72.8%  val=87.7%  lr=3.61e-05    95s
2026-03-22 17:34:36,078 [INFO]   S2 Ep  30/120  loss=1.2005 acc=73.7%  val=87.7%  lr=3.58e-05    95s
2026-03-22 17:34:36,078 [INFO]   Early stop at ep 30
2026-03-22 17:34:36,080 [INFO] ── Stage 3: SWA (20 ep, lr=4.0e-06) ──
2026-03-22 17:36:10,757 [INFO]   SWA Ep  1/20  loss=1.1870  swa_val=89.3%  95s
2026-03-22 17:37:46,968 [INFO]   SWA Ep  2/20  loss=1.1966  swa_val=89.5%  96s
2026-03-22 17:39:21,738 [INFO]   SWA Ep  3/20  loss=1.2015  swa_val=89.7%  95s
2026-03-22 17:40:56,467 [INFO]   SWA Ep  4/20  loss=1.1793  swa_val=89.8%  95s
2026-03-22 17:42:31,319 [INFO]   SWA Ep  5/20  loss=1.2235  swa_val=89.7%  95s
2026-03-22 17:44:06,040 [INFO]   SWA Ep  6/20  loss=1.1730  swa_val=89.8%  95s
2026-03-22 17:45:41,190 [INFO]   SWA Ep  7/20  loss=1.1677  swa_val=89.7%  95s
2026-03-22 17:47:16,162 [INFO]   SWA Ep  8/20  loss=1.2365  swa_val=89.8%  95s
2026-03-22 17:48:51,189 [INFO]   SWA Ep  9/20  loss=1.1949  swa_val=89.7%  95s
2026-03-22 17:50:25,997 [INFO]   SWA Ep 10/20  loss=1.1909  swa_val=89.7%  95s
2026-03-22 17:52:00,764 [INFO]   SWA Ep 11/20  loss=1.2357  swa_val=89.8%  95s
2026-03-22 17:53:35,521 [INFO]   SWA Ep 12/20  loss=1.2218  swa_val=89.9%  95s
2026-03-22 17:55:10,443 [INFO]   SWA Ep 13/20  loss=1.2258  swa_val=89.9%  95s
2026-03-22 17:56:45,139 [INFO]   SWA Ep 14/20  loss=1.2039  swa_val=90.0%  95s
2026-03-22 17:58:20,000 [INFO]   SWA Ep 15/20  loss=1.2374  swa_val=89.8%  95s
2026-03-22 17:59:54,967 [INFO]   SWA Ep 16/20  loss=1.1849  swa_val=89.9%  95s
2026-03-22 18:01:29,667 [INFO]   SWA Ep 17/20  loss=1.1575  swa_val=90.0%  95s
2026-03-22 18:03:04,882 [INFO]   SWA Ep 18/20  loss=1.2121  swa_val=90.1%  95s
2026-03-22 18:04:39,687 [INFO]   SWA Ep 19/20  loss=1.1909  swa_val=90.0%  95s
2026-03-22 18:06:14,593 [INFO]   SWA Ep 20/20  loss=1.1876  swa_val=89.9%  95s
2026-03-22 18:06:14,594 [INFO]   Updating BN stats for SWA model …
2026-03-22 18:06:20,924 [INFO]   SWA final: 89.89% (regular best: 89.89%)
2026-03-22 18:06:20,924 [INFO]   Fold 2 best: 89.89%
2026-03-22 18:06:20,941 [INFO] ================================================================
2026-03-22 18:06:20,941 [INFO] FOLD 3 / 5
2026-03-22 18:06:20,941 [INFO] ================================================================
2026-03-22 18:06:20,944 [INFO]   Train: 11794 | Val: 2948
2026-03-22 18:06:21,162 [INFO] Loading pretrained weights from Hugging Face hub (timm/convnextv2_tiny.fcmae_ft_in22k_in1k)
2026-03-22 18:06:26,404 [INFO] HTTP Request: HEAD https://huggingface.co/timm/convnextv2_tiny.fcmae_ft_in22k_in1k/resolve/main/model.safetensors "HTTP/1.1 302 Found"
2026-03-22 18:06:26,405 [INFO] [timm/convnextv2_tiny.fcmae_ft_in22k_in1k] Safe alternative available for 'pytorch_model.bin' (as 'model.safetensors'). Loading weights using safetensors.
2026-03-22 18:06:26,421 [INFO] Missing keys (head.fc.weight, head.fc.bias) discovered while loading pretrained weights. This is expected if model is being adapted.
2026-03-22 18:06:26,522 [INFO]   Born-again ← best_fold2.pt (val 90.60%)
2026-03-22 18:06:26,523 [INFO] ── Stage 1: head warmup (5 ep) ──
2026-03-22 18:07:10,624 [INFO]   S1 Ep 1/5  loss=0.5581 acc=97.9%  val=90.5%  44s
2026-03-22 18:07:10,759 [INFO]   ★ best 90.47%
2026-03-22 18:07:48,707 [INFO]   S1 Ep 2/5  loss=0.5648 acc=97.7%  val=90.5%  38s
2026-03-22 18:07:48,909 [INFO]   ★ best 90.54%
2026-03-22 18:08:26,544 [INFO]   S1 Ep 3/5  loss=0.5613 acc=97.9%  val=90.6%  38s
2026-03-22 18:08:26,707 [INFO]   ★ best 90.60%
2026-03-22 18:09:04,186 [INFO]   S1 Ep 4/5  loss=0.5635 acc=97.6%  val=90.6%  37s
2026-03-22 18:09:41,564 [INFO]   S1 Ep 5/5  loss=0.5545 acc=98.0%  val=90.6%  37s
2026-03-22 18:09:41,565 [INFO] ── Stage 2: full fine-tune (120 ep, patience 30) ──
2026-03-22 18:09:41,566 [INFO] LLRD: 12 groups, LR [9.49e-06 … 4.00e-05]
2026-03-22 18:11:16,657 [INFO]   S2 Ep   1/120  loss=1.1982 acc=73.4%  val=90.6%  lr=4.17e-06    95s
2026-03-22 18:11:16,834 [INFO]   ★ best 90.64%
2026-03-22 18:12:52,199 [INFO]   S2 Ep   2/120  loss=1.2339 acc=72.5%  val=90.2%  lr=1.12e-05    95s
2026-03-22 18:14:27,315 [INFO]   S2 Ep   3/120  loss=1.2313 acc=72.2%  val=89.9%  lr=2.08e-05    95s
2026-03-22 18:16:02,958 [INFO]   S2 Ep   4/120  loss=1.2221 acc=72.6%  val=89.3%  lr=3.04e-05    96s
2026-03-22 18:17:38,144 [INFO]   S2 Ep   5/120  loss=1.2474 acc=71.9%  val=89.3%  lr=3.74e-05    95s
2026-03-22 18:19:13,454 [INFO]   S2 Ep   6/120  loss=1.2508 acc=71.5%  val=88.8%  lr=4.00e-05    95s
2026-03-22 18:20:48,618 [INFO]   S2 Ep   7/120  loss=1.2376 acc=72.6%  val=88.4%  lr=4.00e-05    95s
2026-03-22 18:22:23,805 [INFO]   S2 Ep   8/120  loss=1.2528 acc=71.4%  val=89.0%  lr=4.00e-05    95s
2026-03-22 18:23:59,124 [INFO]   S2 Ep   9/120  loss=1.2398 acc=72.4%  val=88.8%  lr=3.99e-05    95s
2026-03-22 18:25:34,153 [INFO]   S2 Ep  10/120  loss=1.2432 acc=71.6%  val=88.5%  lr=3.99e-05    95s
2026-03-22 18:27:09,259 [INFO]   S2 Ep  11/120  loss=1.2555 acc=71.6%  val=89.2%  lr=3.98e-05    95s
2026-03-22 18:28:44,941 [INFO]   S2 Ep  12/120  loss=1.2801 acc=70.7%  val=89.3%  lr=3.97e-05    96s
2026-03-22 18:30:20,412 [INFO]   S2 Ep  13/120  loss=1.2904 acc=70.1%  val=89.6%  lr=3.96e-05    95s
2026-03-22 18:31:56,002 [INFO]   S2 Ep  14/120  loss=1.2315 acc=72.7%  val=89.1%  lr=3.95e-05    96s
2026-03-22 18:33:31,248 [INFO]   S2 Ep  15/120  loss=1.2358 acc=72.7%  val=88.6%  lr=3.94e-05    95s
2026-03-22 18:35:06,215 [INFO]   S2 Ep  16/120  loss=1.2499 acc=72.1%  val=89.3%  lr=3.92e-05    95s
2026-03-22 18:36:41,285 [INFO]   S2 Ep  17/120  loss=1.2654 acc=71.3%  val=88.7%  lr=3.91e-05    95s
2026-03-22 18:38:16,340 [INFO]   S2 Ep  18/120  loss=1.2333 acc=72.1%  val=89.3%  lr=3.89e-05    95s
2026-03-22 18:39:51,378 [INFO]   S2 Ep  19/120  loss=1.2352 acc=72.2%  val=89.1%  lr=3.87e-05    95s
2026-03-22 18:41:26,431 [INFO]   S2 Ep  20/120  loss=1.2552 acc=71.2%  val=89.0%  lr=3.85e-05    95s
2026-03-22 18:43:01,589 [INFO]   S2 Ep  21/120  loss=1.2229 acc=72.6%  val=89.2%  lr=3.83e-05    95s
2026-03-22 18:44:36,702 [INFO]   S2 Ep  22/120  loss=1.2479 acc=71.5%  val=89.2%  lr=3.81e-05    95s
2026-03-22 18:46:11,780 [INFO]   S2 Ep  23/120  loss=1.2107 acc=73.7%  val=89.5%  lr=3.78e-05    95s
2026-03-22 18:47:46,881 [INFO]   S2 Ep  24/120  loss=1.2226 acc=72.6%  val=89.3%  lr=3.76e-05    95s
2026-03-22 18:49:22,110 [INFO]   S2 Ep  25/120  loss=1.2604 acc=71.0%  val=89.7%  lr=3.73e-05    95s
2026-03-22 18:50:57,253 [INFO]   S2 Ep  26/120  loss=1.2399 acc=72.2%  val=89.2%  lr=3.70e-05    95s
2026-03-22 18:52:32,515 [INFO]   S2 Ep  27/120  loss=1.2354 acc=72.7%  val=90.3%  lr=3.67e-05    95s
2026-03-22 18:54:07,746 [INFO]   S2 Ep  28/120  loss=1.2237 acc=72.7%  val=89.3%  lr=3.64e-05    95s
2026-03-22 18:55:42,781 [INFO]   S2 Ep  29/120  loss=1.2260 acc=72.7%  val=89.7%  lr=3.61e-05    95s
2026-03-22 18:57:18,093 [INFO]   S2 Ep  30/120  loss=1.2388 acc=72.5%  val=89.6%  lr=3.58e-05    95s
2026-03-22 18:58:53,151 [INFO]   S2 Ep  31/120  loss=1.1931 acc=73.8%  val=89.3%  lr=3.54e-05    95s
2026-03-22 18:58:53,151 [INFO]   Early stop at ep 31
2026-03-22 18:58:53,152 [INFO] ── Stage 3: SWA (20 ep, lr=4.0e-06) ──
2026-03-22 19:00:28,355 [INFO]   SWA Ep  1/20  loss=1.2130  swa_val=90.3%  95s
2026-03-22 19:02:03,410 [INFO]   SWA Ep  2/20  loss=1.1913  swa_val=90.5%  95s
2026-03-22 19:03:38,640 [INFO]   SWA Ep  3/20  loss=1.1908  swa_val=90.3%  95s
2026-03-22 19:05:13,928 [INFO]   SWA Ep  4/20  loss=1.1992  swa_val=90.5%  95s
2026-03-22 19:06:48,971 [INFO]   SWA Ep  5/20  loss=1.1864  swa_val=90.3%  95s
2026-03-22 19:08:23,987 [INFO]   SWA Ep  6/20  loss=1.1836  swa_val=90.4%  95s
2026-03-22 19:09:58,884 [INFO]   SWA Ep  7/20  loss=1.2098  swa_val=90.4%  95s
2026-03-22 19:11:33,873 [INFO]   SWA Ep  8/20  loss=1.2100  swa_val=90.6%  95s
2026-03-22 19:13:09,115 [INFO]   SWA Ep  9/20  loss=1.1834  swa_val=90.6%  95s
2026-03-22 19:14:44,106 [INFO]   SWA Ep 10/20  loss=1.1991  swa_val=90.6%  95s
2026-03-22 19:16:19,206 [INFO]   SWA Ep 11/20  loss=1.2049  swa_val=90.6%  95s
2026-03-22 19:17:54,275 [INFO]   SWA Ep 12/20  loss=1.1853  swa_val=90.6%  95s
2026-03-22 19:19:29,302 [INFO]   SWA Ep 13/20  loss=1.2152  swa_val=90.5%  95s
2026-03-22 19:21:04,464 [INFO]   SWA Ep 14/20  loss=1.2106  swa_val=90.5%  95s
2026-03-22 19:22:39,627 [INFO]   SWA Ep 15/20  loss=1.1877  swa_val=90.5%  95s
2026-03-22 19:24:14,628 [INFO]   SWA Ep 16/20  loss=1.1985  swa_val=90.5%  95s
2026-03-22 19:25:49,769 [INFO]   SWA Ep 17/20  loss=1.2003  swa_val=90.5%  95s
2026-03-22 19:27:24,761 [INFO]   SWA Ep 18/20  loss=1.1651  swa_val=90.5%  95s
2026-03-22 19:28:59,722 [INFO]   SWA Ep 19/20  loss=1.2141  swa_val=90.5%  95s
2026-03-22 19:30:34,737 [INFO]   SWA Ep 20/20  loss=1.1853  swa_val=90.5%  95s
2026-03-22 19:30:34,749 [INFO]   Updating BN stats for SWA model …
2026-03-22 19:30:41,212 [INFO]   SWA final: 90.50% (regular best: 90.64%)
2026-03-22 19:30:41,212 [INFO]   Fold 3 best: 90.64%
2026-03-22 19:30:41,231 [INFO] ================================================================
2026-03-22 19:30:41,231 [INFO] FOLD 4 / 5
2026-03-22 19:30:41,231 [INFO] ================================================================
2026-03-22 19:30:41,234 [INFO]   Train: 11794 | Val: 2948
2026-03-22 19:30:41,449 [INFO] Loading pretrained weights from Hugging Face hub (timm/convnextv2_tiny.fcmae_ft_in22k_in1k)
2026-03-22 19:30:41,640 [INFO] HTTP Request: HEAD https://huggingface.co/timm/convnextv2_tiny.fcmae_ft_in22k_in1k/resolve/main/model.safetensors "HTTP/1.1 302 Found"
2026-03-22 19:30:41,642 [INFO] [timm/convnextv2_tiny.fcmae_ft_in22k_in1k] Safe alternative available for 'pytorch_model.bin' (as 'model.safetensors'). Loading weights using safetensors.
2026-03-22 19:30:41,659 [INFO] Missing keys (head.fc.weight, head.fc.bias) discovered while loading pretrained weights. This is expected if model is being adapted.
2026-03-22 19:30:41,773 [INFO]   Born-again ← best_fold3.pt (val 90.47%)
2026-03-22 19:30:41,773 [INFO] ── Stage 1: head warmup (5 ep) ──
2026-03-22 19:31:19,919 [INFO]   S1 Ep 1/5  loss=0.5574 acc=97.9%  val=90.3%  38s
2026-03-22 19:31:20,052 [INFO]   ★ best 90.30%
2026-03-22 19:31:57,281 [INFO]   S1 Ep 2/5  loss=0.5697 acc=97.4%  val=90.3%  37s
2026-03-22 19:32:34,490 [INFO]   S1 Ep 3/5  loss=0.5656 acc=97.6%  val=90.3%  37s
2026-03-22 19:32:34,676 [INFO]   ★ best 90.33%
2026-03-22 19:33:13,827 [INFO]   S1 Ep 4/5  loss=0.5547 acc=97.9%  val=90.4%  39s
2026-03-22 19:33:13,991 [INFO]   ★ best 90.37%
2026-03-22 19:33:50,618 [INFO]   S1 Ep 5/5  loss=0.5504 acc=98.0%  val=90.4%  37s
2026-03-22 19:33:50,785 [INFO]   ★ best 90.43%
2026-03-22 19:33:50,785 [INFO] ── Stage 2: full fine-tune (120 ep, patience 30) ──
2026-03-22 19:33:50,786 [INFO] LLRD: 12 groups, LR [9.49e-06 … 4.00e-05]
2026-03-22 19:35:25,881 [INFO]   S2 Ep   1/120  loss=1.2080 acc=72.8%  val=90.4%  lr=4.17e-06    95s
2026-03-22 19:37:01,145 [INFO]   S2 Ep   2/120  loss=1.1745 acc=74.6%  val=90.3%  lr=1.12e-05    95s
2026-03-22 19:38:36,687 [INFO]   S2 Ep   3/120  loss=1.2137 acc=73.1%  val=89.5%  lr=2.08e-05    96s
2026-03-22 19:40:11,843 [INFO]   S2 Ep   4/120  loss=1.2059 acc=73.2%  val=89.1%  lr=3.04e-05    95s
2026-03-22 19:41:46,873 [INFO]   S2 Ep   5/120  loss=1.2395 acc=72.4%  val=89.0%  lr=3.74e-05    95s
2026-03-22 19:43:22,335 [INFO]   S2 Ep   6/120  loss=1.2344 acc=72.2%  val=88.5%  lr=4.00e-05    95s
2026-03-22 19:44:57,553 [INFO]   S2 Ep   7/120  loss=1.2230 acc=73.2%  val=88.5%  lr=4.00e-05    95s
2026-03-22 19:46:32,743 [INFO]   S2 Ep   8/120  loss=1.2700 acc=70.8%  val=88.7%  lr=4.00e-05    95s
2026-03-22 19:48:07,693 [INFO]   S2 Ep   9/120  loss=1.2584 acc=71.4%  val=88.7%  lr=3.99e-05    95s
2026-03-22 19:49:42,759 [INFO]   S2 Ep  10/120  loss=1.2573 acc=71.6%  val=88.5%  lr=3.99e-05    95s
2026-03-22 19:51:17,919 [INFO]   S2 Ep  11/120  loss=1.2735 acc=70.6%  val=89.1%  lr=3.98e-05    95s
2026-03-22 19:52:53,056 [INFO]   S2 Ep  12/120  loss=1.2594 acc=71.4%  val=88.4%  lr=3.97e-05    95s
2026-03-22 19:54:28,095 [INFO]   S2 Ep  13/120  loss=1.2491 acc=71.8%  val=89.4%  lr=3.96e-05    95s
2026-03-22 19:56:03,181 [INFO]   S2 Ep  14/120  loss=1.2466 acc=72.2%  val=89.6%  lr=3.95e-05    95s
2026-03-22 19:57:38,797 [INFO]   S2 Ep  15/120  loss=1.2271 acc=72.5%  val=88.9%  lr=3.94e-05    96s
2026-03-22 19:59:14,142 [INFO]   S2 Ep  16/120  loss=1.2167 acc=73.6%  val=89.0%  lr=3.92e-05    95s
2026-03-22 20:00:49,394 [INFO]   S2 Ep  17/120  loss=1.2166 acc=73.1%  val=89.3%  lr=3.91e-05    95s
2026-03-22 20:02:24,621 [INFO]   S2 Ep  18/120  loss=1.2502 acc=71.6%  val=88.6%  lr=3.89e-05    95s
2026-03-22 20:04:00,490 [INFO]   S2 Ep  19/120  loss=1.2088 acc=73.5%  val=88.8%  lr=3.87e-05    96s
2026-03-22 20:05:35,782 [INFO]   S2 Ep  20/120  loss=1.2580 acc=71.6%  val=88.3%  lr=3.85e-05    95s
2026-03-22 20:07:11,498 [INFO]   S2 Ep  21/120  loss=1.2449 acc=71.8%  val=89.2%  lr=3.83e-05    96s
2026-03-22 20:08:46,758 [INFO]   S2 Ep  22/120  loss=1.2520 acc=71.3%  val=90.0%  lr=3.81e-05    95s
2026-03-22 20:10:21,746 [INFO]   S2 Ep  23/120  loss=1.2096 acc=72.8%  val=88.6%  lr=3.78e-05    95s
2026-03-22 20:11:56,796 [INFO]   S2 Ep  24/120  loss=1.2438 acc=72.3%  val=89.0%  lr=3.76e-05    95s
2026-03-22 20:13:32,379 [INFO]   S2 Ep  25/120  loss=1.2204 acc=72.7%  val=89.0%  lr=3.73e-05    96s
2026-03-22 20:15:08,274 [INFO]   S2 Ep  26/120  loss=1.2270 acc=72.5%  val=89.3%  lr=3.70e-05    96s
2026-03-22 20:16:43,299 [INFO]   S2 Ep  27/120  loss=1.2223 acc=73.1%  val=88.9%  lr=3.67e-05    95s
2026-03-22 20:18:18,421 [INFO]   S2 Ep  28/120  loss=1.2348 acc=71.9%  val=88.9%  lr=3.64e-05    95s
2026-03-22 20:19:53,642 [INFO]   S2 Ep  29/120  loss=1.2329 acc=72.0%  val=89.6%  lr=3.61e-05    95s
2026-03-22 20:21:28,863 [INFO]   S2 Ep  30/120  loss=1.2225 acc=72.7%  val=89.1%  lr=3.58e-05    95s
2026-03-22 20:21:28,863 [INFO]   Early stop at ep 30
2026-03-22 20:21:28,864 [INFO] ── Stage 3: SWA (20 ep, lr=4.0e-06) ──
2026-03-22 20:23:03,931 [INFO]   SWA Ep  1/20  loss=1.2106  swa_val=90.2%  95s
2026-03-22 20:24:38,918 [INFO]   SWA Ep  2/20  loss=1.2062  swa_val=90.1%  95s
2026-03-22 20:26:14,157 [INFO]   SWA Ep  3/20  loss=1.1878  swa_val=90.4%  95s
2026-03-22 20:27:49,265 [INFO]   SWA Ep  4/20  loss=1.1793  swa_val=90.4%  95s
2026-03-22 20:29:24,335 [INFO]   SWA Ep  5/20  loss=1.2096  swa_val=90.4%  95s
2026-03-22 20:30:59,444 [INFO]   SWA Ep  6/20  loss=1.1975  swa_val=90.3%  95s
2026-03-22 20:32:34,509 [INFO]   SWA Ep  7/20  loss=1.2123  swa_val=90.4%  95s
2026-03-22 20:34:09,767 [INFO]   SWA Ep  8/20  loss=1.2021  swa_val=90.4%  95s
2026-03-22 20:35:44,721 [INFO]   SWA Ep  9/20  loss=1.2070  swa_val=90.4%  95s
2026-03-22 20:37:19,754 [INFO]   SWA Ep 10/20  loss=1.2137  swa_val=90.3%  95s
2026-03-22 20:38:54,737 [INFO]   SWA Ep 11/20  loss=1.2345  swa_val=90.3%  95s
2026-03-22 20:40:29,706 [INFO]   SWA Ep 12/20  loss=1.1979  swa_val=90.2%  95s
2026-03-22 20:42:04,696 [INFO]   SWA Ep 13/20  loss=1.2276  swa_val=90.3%  95s
2026-03-22 20:43:39,873 [INFO]   SWA Ep 14/20  loss=1.2003  swa_val=90.3%  95s
2026-03-22 20:45:14,885 [INFO]   SWA Ep 15/20  loss=1.1846  swa_val=90.2%  95s
2026-03-22 20:46:50,180 [INFO]   SWA Ep 16/20  loss=1.1905  swa_val=90.3%  95s
2026-03-22 20:48:25,936 [INFO]   SWA Ep 17/20  loss=1.2036  swa_val=90.4%  96s
2026-03-22 20:50:01,719 [INFO]   SWA Ep 18/20  loss=1.1909  swa_val=90.4%  96s
2026-03-22 20:51:37,170 [INFO]   SWA Ep 19/20  loss=1.1721  swa_val=90.4%  95s
2026-03-22 20:53:12,761 [INFO]   SWA Ep 20/20  loss=1.1764  swa_val=90.4%  96s
2026-03-22 20:53:12,762 [INFO]   Updating BN stats for SWA model …
2026-03-22 20:53:19,340 [INFO]   SWA final: 90.40% (regular best: 90.43%)
2026-03-22 20:53:19,340 [INFO]   Fold 4 best: 90.43%
2026-03-22 20:53:19,355 [INFO] ================================================================
2026-03-22 20:53:19,355 [INFO] FOLD 5 / 5
2026-03-22 20:53:19,355 [INFO] ================================================================
2026-03-22 20:53:19,358 [INFO]   Train: 11794 | Val: 2948
2026-03-22 20:53:19,571 [INFO] Loading pretrained weights from Hugging Face hub (timm/convnextv2_tiny.fcmae_ft_in22k_in1k)
2026-03-22 20:53:19,787 [INFO] HTTP Request: HEAD https://huggingface.co/timm/convnextv2_tiny.fcmae_ft_in22k_in1k/resolve/main/model.safetensors "HTTP/1.1 302 Found"
2026-03-22 20:53:19,789 [INFO] [timm/convnextv2_tiny.fcmae_ft_in22k_in1k] Safe alternative available for 'pytorch_model.bin' (as 'model.safetensors'). Loading weights using safetensors.
2026-03-22 20:53:19,806 [INFO] Missing keys (head.fc.weight, head.fc.bias) discovered while loading pretrained weights. This is expected if model is being adapted.
2026-03-22 20:53:19,916 [INFO]   Born-again ← best_fold4.pt (val 89.38%)
2026-03-22 20:53:19,916 [INFO] ── Stage 1: head warmup (5 ep) ──
2026-03-22 20:53:57,091 [INFO]   S1 Ep 1/5  loss=0.5830 acc=97.0%  val=89.2%  37s
2026-03-22 20:53:57,236 [INFO]   ★ best 89.18%
2026-03-22 20:54:35,283 [INFO]   S1 Ep 2/5  loss=0.5967 acc=96.4%  val=89.2%  38s
2026-03-22 20:54:35,444 [INFO]   ★ best 89.25%
2026-03-22 20:55:11,571 [INFO]   S1 Ep 3/5  loss=0.5890 acc=96.9%  val=89.1%  36s
2026-03-22 20:55:47,439 [INFO]   S1 Ep 4/5  loss=0.5863 acc=96.9%  val=89.1%  36s
2026-03-22 20:56:23,211 [INFO]   S1 Ep 5/5  loss=0.5719 acc=97.3%  val=89.1%  36s
2026-03-22 20:56:23,211 [INFO] ── Stage 2: full fine-tune (120 ep, patience 30) ──
2026-03-22 20:56:23,212 [INFO] LLRD: 12 groups, LR [9.49e-06 … 4.00e-05]
2026-03-22 20:57:58,352 [INFO]   S2 Ep   1/120  loss=1.2663 acc=72.1%  val=89.2%  lr=4.17e-06    95s
2026-03-22 20:59:33,852 [INFO]   S2 Ep   2/120  loss=1.2500 acc=72.7%  val=88.8%  lr=1.12e-05    96s
2026-03-22 21:01:09,549 [INFO]   S2 Ep   3/120  loss=1.2640 acc=71.5%  val=88.8%  lr=2.08e-05    96s
2026-03-22 21:02:45,374 [INFO]   S2 Ep   4/120  loss=1.2477 acc=72.4%  val=88.3%  lr=3.04e-05    96s
2026-03-22 21:04:20,590 [INFO]   S2 Ep   5/120  loss=1.2944 acc=70.4%  val=88.2%  lr=3.74e-05    95s
2026-03-22 21:05:55,654 [INFO]   S2 Ep   6/120  loss=1.2950 acc=70.6%  val=87.9%  lr=4.00e-05    95s
2026-03-22 21:07:30,674 [INFO]   S2 Ep   7/120  loss=1.3077 acc=70.3%  val=87.6%  lr=4.00e-05    95s
2026-03-22 21:09:05,785 [INFO]   S2 Ep   8/120  loss=1.3011 acc=70.2%  val=87.8%  lr=4.00e-05    95s
2026-03-22 21:10:40,890 [INFO]   S2 Ep   9/120  loss=1.3133 acc=70.2%  val=88.3%  lr=3.99e-05    95s
2026-03-22 21:12:15,857 [INFO]   S2 Ep  10/120  loss=1.3127 acc=70.4%  val=87.4%  lr=3.99e-05    95s
2026-03-22 21:13:50,912 [INFO]   S2 Ep  11/120  loss=1.2703 acc=71.5%  val=87.8%  lr=3.98e-05    95s
2026-03-22 21:15:26,004 [INFO]   S2 Ep  12/120  loss=1.2986 acc=71.0%  val=87.6%  lr=3.97e-05    95s
2026-03-22 21:17:01,616 [INFO]   S2 Ep  13/120  loss=1.3094 acc=69.8%  val=87.7%  lr=3.96e-05    96s
2026-03-22 21:18:36,994 [INFO]   S2 Ep  14/120  loss=1.2704 acc=71.6%  val=86.9%  lr=3.95e-05    95s
2026-03-22 21:20:12,125 [INFO]   S2 Ep  15/120  loss=1.2891 acc=70.7%  val=87.7%  lr=3.94e-05    95s
2026-03-22 21:21:47,900 [INFO]   S2 Ep  16/120  loss=1.3230 acc=69.8%  val=87.6%  lr=3.92e-05    96s
2026-03-22 21:23:22,946 [INFO]   S2 Ep  17/120  loss=1.2826 acc=71.3%  val=87.6%  lr=3.91e-05    95s
2026-03-22 21:24:58,991 [INFO]   S2 Ep  18/120  loss=1.3025 acc=70.3%  val=87.9%  lr=3.89e-05    96s
2026-03-22 21:26:34,467 [INFO]   S2 Ep  19/120  loss=1.2642 acc=71.8%  val=87.5%  lr=3.87e-05    95s
2026-03-22 21:28:10,476 [INFO]   S2 Ep  20/120  loss=1.2912 acc=70.5%  val=87.7%  lr=3.85e-05    96s
2026-03-22 21:29:45,711 [INFO]   S2 Ep  21/120  loss=1.3003 acc=70.1%  val=87.3%  lr=3.83e-05    95s
2026-03-22 21:31:20,848 [INFO]   S2 Ep  22/120  loss=1.2813 acc=70.7%  val=87.4%  lr=3.81e-05    95s
2026-03-22 21:32:56,304 [INFO]   S2 Ep  23/120  loss=1.2809 acc=71.3%  val=88.1%  lr=3.78e-05    95s
2026-03-22 21:34:31,567 [INFO]   S2 Ep  24/120  loss=1.2509 acc=72.4%  val=87.6%  lr=3.76e-05    95s
2026-03-22 21:36:06,587 [INFO]   S2 Ep  25/120  loss=1.2919 acc=70.9%  val=88.3%  lr=3.73e-05    95s
2026-03-22 21:37:41,518 [INFO]   S2 Ep  26/120  loss=1.2746 acc=71.5%  val=88.0%  lr=3.70e-05    95s
2026-03-22 21:39:16,614 [INFO]   S2 Ep  27/120  loss=1.2790 acc=71.0%  val=88.0%  lr=3.67e-05    95s
2026-03-22 21:40:52,688 [INFO]   S2 Ep  28/120  loss=1.2743 acc=71.5%  val=88.0%  lr=3.64e-05    96s
2026-03-22 21:42:27,674 [INFO]   S2 Ep  29/120  loss=1.2698 acc=71.3%  val=88.2%  lr=3.61e-05    95s
2026-03-22 21:44:02,659 [INFO]   S2 Ep  30/120  loss=1.2893 acc=70.5%  val=87.4%  lr=3.58e-05    95s
2026-03-22 21:44:02,659 [INFO]   Early stop at ep 30
2026-03-22 21:44:02,660 [INFO] ── Stage 3: SWA (20 ep, lr=4.0e-06) ──
2026-03-22 21:45:37,795 [INFO]   SWA Ep  1/20  loss=1.3018  swa_val=89.0%  95s
2026-03-22 21:47:12,834 [INFO]   SWA Ep  2/20  loss=1.2542  swa_val=89.2%  95s
2026-03-22 21:48:47,814 [INFO]   SWA Ep  3/20  loss=1.2495  swa_val=89.2%  95s
2026-03-22 21:50:22,836 [INFO]   SWA Ep  4/20  loss=1.2545  swa_val=89.1%  95s
2026-03-22 21:51:57,969 [INFO]   SWA Ep  5/20  loss=1.2549  swa_val=89.5%  95s
2026-03-22 21:53:33,042 [INFO]   SWA Ep  6/20  loss=1.2846  swa_val=89.4%  95s
2026-03-22 21:55:08,790 [INFO]   SWA Ep  7/20  loss=1.2445  swa_val=89.4%  96s
2026-03-22 21:56:43,854 [INFO]   SWA Ep  8/20  loss=1.2317  swa_val=89.5%  95s
2026-03-22 21:58:18,903 [INFO]   SWA Ep  9/20  loss=1.2476  swa_val=89.5%  95s
2026-03-22 21:59:54,026 [INFO]   SWA Ep 10/20  loss=1.2241  swa_val=89.5%  95s
2026-03-22 22:01:29,418 [INFO]   SWA Ep 11/20  loss=1.2499  swa_val=89.6%  95s
2026-03-22 22:03:04,837 [INFO]   SWA Ep 12/20  loss=1.2597  swa_val=89.5%  95s
2026-03-22 22:04:40,037 [INFO]   SWA Ep 13/20  loss=1.2881  swa_val=89.3%  95s
2026-03-22 22:06:15,029 [INFO]   SWA Ep 14/20  loss=1.2510  swa_val=89.3%  95s
2026-03-22 22:07:50,374 [INFO]   SWA Ep 15/20  loss=1.2976  swa_val=89.4%  95s
2026-03-22 22:09:25,486 [INFO]   SWA Ep 16/20  loss=1.2800  swa_val=89.3%  95s
2026-03-22 22:11:00,513 [INFO]   SWA Ep 17/20  loss=1.2362  swa_val=89.4%  95s
2026-03-22 22:12:35,667 [INFO]   SWA Ep 18/20  loss=1.2271  swa_val=89.3%  95s
2026-03-22 22:14:10,671 [INFO]   SWA Ep 19/20  loss=1.2414  swa_val=89.3%  95s
2026-03-22 22:15:45,570 [INFO]   SWA Ep 20/20  loss=1.2671  swa_val=89.3%  95s
2026-03-22 22:15:45,571 [INFO]   Updating BN stats for SWA model …
2026-03-22 22:15:52,743 [INFO]   SWA final: 89.35% (regular best: 89.25%)
2026-03-22 22:15:52,895 [INFO]   ★ SWA beats regular! 89.35%
2026-03-22 22:15:52,895 [INFO]   Fold 5 best: 89.35%
2026-03-22 22:15:52,911 [INFO] ================================================================
2026-03-22 22:15:52,911 [INFO] 5-FOLD CV
2026-03-22 22:15:52,911 [INFO] ================================================================
2026-03-22 22:15:52,911 [INFO]   Fold 1 : 90.74%
2026-03-22 22:15:52,911 [INFO]   Fold 2 : 89.89%
2026-03-22 22:15:52,911 [INFO]   Fold 3 : 90.64%
2026-03-22 22:15:52,911 [INFO]   Fold 4 : 90.43%
2026-03-22 22:15:52,911 [INFO]   Fold 5 : 89.35%
2026-03-22 22:15:52,911 [INFO]   Mean: 90.21% ± 0.52%
2026-03-22 22:31:16,170 [INFO] TTA changed 146 / 9828 (1.5%)
2026-03-22 22:31:16,178 [INFO] Done.
