2026-03-19 14:17:32,262 [INFO] GPU: NVIDIA H200
2026-03-19 14:17:32,262 [INFO] Config: {
  "data_dir": "/data/slr/track2_",
  "output_dir": "/data/slr/checkpoints_v23",
  "max_frames": 48,
  "img_size": 224,
  "n_classes": 126,
  "teacher_img_size": 224,
  "teacher_max_frames": 48,
  "channel_means": [
    -64.3217,
    -62.9119,
    -63.9254
  ],
  "channel_stds": [
    12.5721,
    11.662,
    11.7259
  ],
  "n_folds": 5,
  "batch_size": 32,
  "num_workers": 4,
  "stage1_epochs": 8,
  "stage1_lr": 0.0003,
  "stage2_epochs": 100,
  "stage2_lr": 3e-05,
  "swa_epochs": 15,
  "swa_lr": 3e-06,
  "weight_decay": 0.05,
  "warmup_pct": 0.08,
  "label_smoothing": 0.1,
  "early_stopping_patience": 35,
  "grad_clip_norm": 1.0,
  "llrd_decay": 0.8,
  "kd_alpha": 0.5,
  "kd_tau": 4.0,
  "mixup_alpha": 0.4,
  "cutmix_alpha": 1.0,
  "cutmix_prob": 0.5,
  "time_mask_max": 8,
  "range_mask_max": 30,
  "noise_std": 0.1,
  "time_warp_lo": 0.8,
  "time_warp_hi": 1.2,
  "time_reverse_prob": 0.5,
  "channel_shuffle_prob": 0.2,
  "channel_drop_prob": 0.1,
  "random_erase_prob": 0.2,
  "circ_shift_prob": 0.3,
  "circ_shift_max": 8,
  "amp_scale_prob": 0.5,
  "amp_scale_lo": 0.8,
  "amp_scale_hi": 1.2,
  "model_name": "convnextv2_base.fcmae_ft_in22k_in1k",
  "drop_path_rate": 0.3,
  "proj_dim": 512,
  "drop_rate": 0.4,
  "ms_dropout_samples": 5,
  "seed": 42
}
2026-03-19 14:17:32,262 [INFO] ★★★ HIGH RESOLUTION: 224×224 ★★★
2026-03-19 14:17:32,331 [INFO] Train: 14742 | Eval: 9828
2026-03-19 14:17:36,530 [INFO] Pre-computing teacher soft labels (at 224×224) …
2026-03-19 14:17:38,296 [INFO]   Loaded 5 teachers
2026-03-19 14:18:53,701 [INFO]   Soft labels: 14742
2026-03-19 14:18:53,702 [INFO] KD α=0.50 τ=4.0 | SWA 15 ep @ lr=3.0e-06 | NO PL | NATIVE RES
2026-03-19 14:18:53,706 [INFO] ================================================================
2026-03-19 14:18:53,706 [INFO] FOLD 1 / 5
2026-03-19 14:18:53,706 [INFO] ================================================================
2026-03-19 14:18:53,707 [INFO]   Train: 11793 | Val: 2949
2026-03-19 14:18:54,337 [INFO] Loading pretrained weights from Hugging Face hub (timm/convnextv2_base.fcmae_ft_in22k_in1k)
2026-03-19 14:18:59,665 [INFO] HTTP Request: HEAD https://huggingface.co/timm/convnextv2_base.fcmae_ft_in22k_in1k/resolve/main/model.safetensors "HTTP/1.1 302 Found"
2026-03-19 14:18:59,752 [INFO] HTTP Request: GET https://huggingface.co/api/models/timm/convnextv2_base.fcmae_ft_in22k_in1k/xet-read-token/9e250ed8f88b436472d2b24af26f82a8aa8c719d "HTTP/1.1 200 OK"
2026-03-19 14:19:09,563 [INFO] [timm/convnextv2_base.fcmae_ft_in22k_in1k] Safe alternative available for 'pytorch_model.bin' (as 'model.safetensors'). Loading weights using safetensors.
2026-03-19 14:19:09,599 [INFO] Missing keys (head.fc.weight, head.fc.bias) discovered while loading pretrained weights. This is expected if model is being adapted.
2026-03-19 14:19:09,664 [INFO]   Using fresh ImageNet pretrained ConvNeXtV2-Base (no born-again)
2026-03-19 14:19:09,664 [INFO] ── Stage 1: head warmup (8 ep) ──
2026-03-19 14:19:46,639 [INFO]   S1 Ep 1/8  loss=2.7516 acc=0.9%  val=0.8%  37s
2026-03-19 14:19:47,038 [INFO]   ★ best 0.78%
2026-03-19 14:20:05,375 [INFO]   S1 Ep 2/8  loss=2.7513 acc=0.7%  val=0.7%  18s
2026-03-19 14:20:23,694 [INFO]   S1 Ep 3/8  loss=2.7475 acc=0.7%  val=0.8%  18s
2026-03-19 14:20:42,048 [INFO]   S1 Ep 4/8  loss=2.7445 acc=0.8%  val=1.1%  18s
2026-03-19 14:20:42,558 [INFO]   ★ best 1.12%
2026-03-19 14:21:00,913 [INFO]   S1 Ep 5/8  loss=2.7404 acc=1.1%  val=1.3%  18s
2026-03-19 14:21:01,439 [INFO]   ★ best 1.29%
2026-03-19 14:21:19,827 [INFO]   S1 Ep 6/8  loss=2.7320 acc=1.1%  val=1.7%  18s
2026-03-19 14:21:20,321 [INFO]   ★ best 1.70%
2026-03-19 14:21:38,669 [INFO]   S1 Ep 7/8  loss=2.7176 acc=1.5%  val=2.3%  18s
2026-03-19 14:21:39,178 [INFO]   ★ best 2.31%
2026-03-19 14:21:57,501 [INFO]   S1 Ep 8/8  loss=2.7090 acc=1.9%  val=2.2%  18s
2026-03-19 14:21:57,501 [INFO] ── Stage 2: full fine-tune (100 ep, patience 35) ──
2026-03-19 14:21:57,502 [INFO] LLRD: 12 groups, LR [9.83e-06 … 3.00e-05]
2026-03-19 14:23:02,466 [INFO]   S2 Ep   1/100  loss=2.7122 acc=1.8%  val=2.4%  lr=2.30e-06    65s
2026-03-19 14:23:02,980 [INFO]   ★ best 2.37%
2026-03-19 14:24:03,668 [INFO]   S2 Ep   2/100  loss=2.6988 acc=2.0%  val=2.9%  lr=5.42e-06    61s
2026-03-19 14:24:04,183 [INFO]   ★ best 2.88%
2026-03-19 14:25:05,022 [INFO]   S2 Ep   3/100  loss=2.6826 acc=2.1%  val=3.8%  lr=1.01e-05    61s
2026-03-19 14:25:05,553 [INFO]   ★ best 3.80%
2026-03-19 14:26:06,273 [INFO]   S2 Ep   4/100  loss=2.6619 acc=3.1%  val=5.3%  lr=1.56e-05    61s
2026-03-19 14:26:06,793 [INFO]   ★ best 5.26%
2026-03-19 14:27:07,504 [INFO]   S2 Ep   5/100  loss=2.6302 acc=3.8%  val=7.6%  lr=2.11e-05    61s
2026-03-19 14:27:07,960 [INFO]   ★ best 7.56%
2026-03-19 14:28:08,655 [INFO]   S2 Ep   6/100  loss=2.5948 acc=5.0%  val=10.1%  lr=2.58e-05    61s
2026-03-19 14:28:09,193 [INFO]   ★ best 10.11%
2026-03-19 14:29:09,985 [INFO]   S2 Ep   7/100  loss=2.5418 acc=6.5%  val=12.8%  lr=2.89e-05    61s
2026-03-19 14:29:10,507 [INFO]   ★ best 12.78%
2026-03-19 14:30:11,189 [INFO]   S2 Ep   8/100  loss=2.4800 acc=9.2%  val=20.5%  lr=3.00e-05    61s
2026-03-19 14:30:11,744 [INFO]   ★ best 20.48%
2026-03-19 14:31:12,477 [INFO]   S2 Ep   9/100  loss=2.4123 acc=12.3%  val=24.9%  lr=3.00e-05    61s
2026-03-19 14:31:13,013 [INFO]   ★ best 24.89%
2026-03-19 14:32:13,717 [INFO]   S2 Ep  10/100  loss=2.3513 acc=14.9%  val=31.5%  lr=3.00e-05    61s
2026-03-19 14:32:14,268 [INFO]   ★ best 31.50%
2026-03-19 14:33:15,133 [INFO]   S2 Ep  11/100  loss=2.3181 acc=16.7%  val=32.8%  lr=2.99e-05    61s
2026-03-19 14:33:15,664 [INFO]   ★ best 32.82%
2026-03-19 14:34:16,374 [INFO]   S2 Ep  12/100  loss=2.2571 acc=19.6%  val=38.9%  lr=2.99e-05    61s
2026-03-19 14:34:16,912 [INFO]   ★ best 38.86%
2026-03-19 14:35:17,645 [INFO]   S2 Ep  13/100  loss=2.2179 acc=21.9%  val=42.3%  lr=2.98e-05    61s
2026-03-19 14:35:18,184 [INFO]   ★ best 42.25%
2026-03-19 14:36:18,896 [INFO]   S2 Ep  14/100  loss=2.1761 acc=24.1%  val=45.2%  lr=2.97e-05    61s
2026-03-19 14:36:19,462 [INFO]   ★ best 45.20%
2026-03-19 14:37:20,281 [INFO]   S2 Ep  15/100  loss=2.1239 acc=26.7%  val=48.2%  lr=2.96e-05    61s
2026-03-19 14:37:20,841 [INFO]   ★ best 48.22%
2026-03-19 14:38:21,557 [INFO]   S2 Ep  16/100  loss=2.1005 acc=27.5%  val=51.3%  lr=2.94e-05    61s
2026-03-19 14:38:22,073 [INFO]   ★ best 51.27%
2026-03-19 14:39:22,791 [INFO]   S2 Ep  17/100  loss=2.0583 acc=29.9%  val=53.2%  lr=2.93e-05    61s
2026-03-19 14:39:23,318 [INFO]   ★ best 53.17%
2026-03-19 14:40:24,030 [INFO]   S2 Ep  18/100  loss=2.0097 acc=31.8%  val=55.3%  lr=2.91e-05    61s
2026-03-19 14:40:24,556 [INFO]   ★ best 55.34%
2026-03-19 14:41:25,388 [INFO]   S2 Ep  19/100  loss=2.0039 acc=32.5%  val=55.0%  lr=2.90e-05    61s
2026-03-19 14:42:26,004 [INFO]   S2 Ep  20/100  loss=1.9586 acc=34.1%  val=57.9%  lr=2.88e-05    61s
2026-03-19 14:42:26,561 [INFO]   ★ best 57.88%
2026-03-19 14:43:27,061 [INFO]   S2 Ep  21/100  loss=1.9361 acc=35.6%  val=58.4%  lr=2.85e-05    61s
2026-03-19 14:43:27,494 [INFO]   ★ best 58.36%
2026-03-19 14:44:28,059 [INFO]   S2 Ep  22/100  loss=1.9160 acc=36.0%  val=61.4%  lr=2.83e-05    61s
2026-03-19 14:44:28,590 [INFO]   ★ best 61.44%
2026-03-19 14:45:29,236 [INFO]   S2 Ep  23/100  loss=1.9075 acc=36.5%  val=62.9%  lr=2.81e-05    61s
2026-03-19 14:45:29,767 [INFO]   ★ best 62.87%
2026-03-19 14:46:30,279 [INFO]   S2 Ep  24/100  loss=1.8542 acc=39.0%  val=63.4%  lr=2.78e-05    61s
2026-03-19 14:46:30,855 [INFO]   ★ best 63.38%
2026-03-19 14:47:31,486 [INFO]   S2 Ep  25/100  loss=1.8197 acc=40.8%  val=64.4%  lr=2.75e-05    61s
2026-03-19 14:47:32,034 [INFO]   ★ best 64.43%
2026-03-19 14:48:32,558 [INFO]   S2 Ep  26/100  loss=1.7762 acc=42.4%  val=66.1%  lr=2.73e-05    61s
2026-03-19 14:48:33,095 [INFO]   ★ best 66.06%
2026-03-19 14:49:33,795 [INFO]   S2 Ep  27/100  loss=1.7941 acc=41.9%  val=67.4%  lr=2.70e-05    61s
2026-03-19 14:49:34,333 [INFO]   ★ best 67.38%
2026-03-19 14:50:34,887 [INFO]   S2 Ep  28/100  loss=1.7669 acc=42.6%  val=67.9%  lr=2.66e-05    61s
2026-03-19 14:50:35,434 [INFO]   ★ best 67.92%
2026-03-19 14:51:35,926 [INFO]   S2 Ep  29/100  loss=1.7473 acc=44.1%  val=68.9%  lr=2.63e-05    60s
2026-03-19 14:51:36,479 [INFO]   ★ best 68.87%
2026-03-19 14:52:36,976 [INFO]   S2 Ep  30/100  loss=1.7406 acc=44.5%  val=70.0%  lr=2.60e-05    60s
2026-03-19 14:52:37,433 [INFO]   ★ best 69.99%
2026-03-19 14:53:38,063 [INFO]   S2 Ep  31/100  loss=1.6994 acc=46.3%  val=70.6%  lr=2.56e-05    61s
2026-03-19 14:53:38,603 [INFO]   ★ best 70.60%
2026-03-19 14:54:39,167 [INFO]   S2 Ep  32/100  loss=1.6881 acc=46.8%  val=69.7%  lr=2.52e-05    61s
2026-03-19 14:55:39,676 [INFO]   S2 Ep  33/100  loss=1.7243 acc=44.7%  val=70.9%  lr=2.49e-05    61s
2026-03-19 14:55:40,242 [INFO]   ★ best 70.91%
2026-03-19 14:56:40,779 [INFO]   S2 Ep  34/100  loss=1.6365 acc=49.1%  val=71.9%  lr=2.45e-05    61s
2026-03-19 14:56:41,327 [INFO]   ★ best 71.85%
2026-03-19 14:57:41,985 [INFO]   S2 Ep  35/100  loss=1.6583 acc=47.8%  val=73.2%  lr=2.41e-05    61s
2026-03-19 14:57:42,518 [INFO]   ★ best 73.21%
2026-03-19 14:58:43,029 [INFO]   S2 Ep  36/100  loss=1.6642 acc=48.0%  val=72.9%  lr=2.36e-05    61s
2026-03-19 14:59:43,540 [INFO]   S2 Ep  37/100  loss=1.6125 acc=50.0%  val=73.7%  lr=2.32e-05    61s
2026-03-19 14:59:44,069 [INFO]   ★ best 73.65%
2026-03-19 15:00:44,618 [INFO]   S2 Ep  38/100  loss=1.5862 acc=51.0%  val=74.1%  lr=2.28e-05    61s
2026-03-19 15:00:45,148 [INFO]   ★ best 74.13%
2026-03-19 15:01:45,830 [INFO]   S2 Ep  39/100  loss=1.5938 acc=50.7%  val=74.3%  lr=2.24e-05    61s
2026-03-19 15:01:46,370 [INFO]   ★ best 74.33%
2026-03-19 15:02:46,912 [INFO]   S2 Ep  40/100  loss=1.5907 acc=50.7%  val=75.0%  lr=2.19e-05    61s
2026-03-19 15:02:47,422 [INFO]   ★ best 75.01%
2026-03-19 15:03:47,936 [INFO]   S2 Ep  41/100  loss=1.5811 acc=51.6%  val=75.2%  lr=2.14e-05    61s
2026-03-19 15:03:48,358 [INFO]   ★ best 75.25%
2026-03-19 15:04:48,892 [INFO]   S2 Ep  42/100  loss=1.5850 acc=51.1%  val=76.2%  lr=2.10e-05    61s
2026-03-19 15:04:49,321 [INFO]   ★ best 76.20%
2026-03-19 15:05:49,904 [INFO]   S2 Ep  43/100  loss=1.5436 acc=53.2%  val=76.1%  lr=2.05e-05    61s
2026-03-19 15:06:50,360 [INFO]   S2 Ep  44/100  loss=1.5389 acc=53.3%  val=75.7%  lr=2.00e-05    60s
2026-03-19 15:07:50,889 [INFO]   S2 Ep  45/100  loss=1.5754 acc=51.8%  val=77.1%  lr=1.95e-05    61s
2026-03-19 15:07:51,433 [INFO]   ★ best 77.14%
2026-03-19 15:08:51,929 [INFO]   S2 Ep  46/100  loss=1.5250 acc=53.8%  val=77.0%  lr=1.90e-05    60s
2026-03-19 15:09:52,502 [INFO]   S2 Ep  47/100  loss=1.5461 acc=53.2%  val=76.8%  lr=1.86e-05    61s
2026-03-19 15:10:53,012 [INFO]   S2 Ep  48/100  loss=1.5085 acc=54.6%  val=77.4%  lr=1.81e-05    61s
2026-03-19 15:10:53,539 [INFO]   ★ best 77.45%
2026-03-19 15:11:54,069 [INFO]   S2 Ep  49/100  loss=1.4989 acc=55.2%  val=78.4%  lr=1.75e-05    61s
2026-03-19 15:11:54,602 [INFO]   ★ best 78.43%
2026-03-19 15:12:55,081 [INFO]   S2 Ep  50/100  loss=1.4911 acc=55.7%  val=78.1%  lr=1.70e-05    60s
2026-03-19 15:13:55,649 [INFO]   S2 Ep  51/100  loss=1.4828 acc=56.0%  val=78.4%  lr=1.65e-05    61s
2026-03-19 15:14:56,107 [INFO]   S2 Ep  52/100  loss=1.5072 acc=55.0%  val=78.7%  lr=1.60e-05    60s
2026-03-19 15:14:56,632 [INFO]   ★ best 78.67%
2026-03-19 15:15:57,142 [INFO]   S2 Ep  53/100  loss=1.4739 acc=56.2%  val=78.1%  lr=1.55e-05    61s
2026-03-19 15:16:57,698 [INFO]   S2 Ep  54/100  loss=1.4821 acc=55.9%  val=78.7%  lr=1.50e-05    61s
2026-03-19 15:16:58,240 [INFO]   ★ best 78.74%
2026-03-19 15:17:58,856 [INFO]   S2 Ep  55/100  loss=1.4675 acc=56.3%  val=79.5%  lr=1.45e-05    61s
2026-03-19 15:17:59,412 [INFO]   ★ best 79.45%
2026-03-19 15:18:59,930 [INFO]   S2 Ep  56/100  loss=1.4732 acc=56.3%  val=79.0%  lr=1.40e-05    61s
2026-03-19 15:20:00,372 [INFO]   S2 Ep  57/100  loss=1.4510 acc=57.5%  val=79.5%  lr=1.35e-05    60s
2026-03-19 15:21:00,851 [INFO]   S2 Ep  58/100  loss=1.4801 acc=55.9%  val=79.3%  lr=1.30e-05    60s
2026-03-19 15:22:01,376 [INFO]   S2 Ep  59/100  loss=1.4670 acc=56.3%  val=79.3%  lr=1.25e-05    61s
2026-03-19 15:23:01,867 [INFO]   S2 Ep  60/100  loss=1.4439 acc=57.2%  val=78.7%  lr=1.19e-05    60s
2026-03-19 15:24:02,375 [INFO]   S2 Ep  61/100  loss=1.4537 acc=57.4%  val=79.3%  lr=1.14e-05    61s
2026-03-19 15:25:02,891 [INFO]   S2 Ep  62/100  loss=1.4226 acc=58.6%  val=79.3%  lr=1.10e-05    61s
2026-03-19 15:26:03,430 [INFO]   S2 Ep  63/100  loss=1.4552 acc=57.6%  val=80.1%  lr=1.05e-05    61s
2026-03-19 15:26:03,944 [INFO]   ★ best 80.09%
2026-03-19 15:27:04,473 [INFO]   S2 Ep  64/100  loss=1.4098 acc=58.7%  val=80.5%  lr=9.98e-06    61s
2026-03-19 15:27:04,989 [INFO]   ★ best 80.50%
2026-03-19 15:28:05,464 [INFO]   S2 Ep  65/100  loss=1.4503 acc=57.0%  val=80.3%  lr=9.50e-06    60s
2026-03-19 15:29:05,953 [INFO]   S2 Ep  66/100  loss=1.4348 acc=58.0%  val=80.3%  lr=9.02e-06    60s
2026-03-19 15:30:06,529 [INFO]   S2 Ep  67/100  loss=1.3923 acc=60.3%  val=80.3%  lr=8.56e-06    61s
2026-03-19 15:31:07,026 [INFO]   S2 Ep  68/100  loss=1.4029 acc=59.2%  val=80.2%  lr=8.10e-06    60s
2026-03-19 15:32:07,529 [INFO]   S2 Ep  69/100  loss=1.3733 acc=61.1%  val=80.6%  lr=7.65e-06    61s
2026-03-19 15:32:08,085 [INFO]   ★ best 80.60%
2026-03-19 15:33:08,586 [INFO]   S2 Ep  70/100  loss=1.3815 acc=60.7%  val=80.6%  lr=7.21e-06    61s
2026-03-19 15:33:09,016 [INFO]   ★ best 80.64%
2026-03-19 15:34:09,595 [INFO]   S2 Ep  71/100  loss=1.3609 acc=61.0%  val=80.7%  lr=6.77e-06    61s
2026-03-19 15:34:10,136 [INFO]   ★ best 80.71%
2026-03-19 15:35:10,614 [INFO]   S2 Ep  72/100  loss=1.3595 acc=61.3%  val=80.3%  lr=6.35e-06    60s
2026-03-19 15:36:11,070 [INFO]   S2 Ep  73/100  loss=1.3613 acc=61.3%  val=81.1%  lr=5.94e-06    60s
2026-03-19 15:36:11,629 [INFO]   ★ best 81.11%
2026-03-19 15:37:12,113 [INFO]   S2 Ep  74/100  loss=1.3424 acc=61.5%  val=80.8%  lr=5.53e-06    60s
2026-03-19 15:38:12,712 [INFO]   S2 Ep  75/100  loss=1.3975 acc=59.8%  val=81.1%  lr=5.14e-06    61s
2026-03-19 15:39:13,234 [INFO]   S2 Ep  76/100  loss=1.3996 acc=59.6%  val=81.0%  lr=4.76e-06    61s
2026-03-19 15:40:13,691 [INFO]   S2 Ep  77/100  loss=1.3728 acc=61.2%  val=80.9%  lr=4.39e-06    60s
2026-03-19 15:41:14,226 [INFO]   S2 Ep  78/100  loss=1.3773 acc=60.6%  val=81.0%  lr=4.04e-06    61s
2026-03-19 15:42:14,749 [INFO]   S2 Ep  79/100  loss=1.3936 acc=59.8%  val=81.2%  lr=3.69e-06    61s
2026-03-19 15:42:15,292 [INFO]   ★ best 81.25%
2026-03-19 15:43:15,743 [INFO]   S2 Ep  80/100  loss=1.4178 acc=58.8%  val=81.0%  lr=3.36e-06    60s
2026-03-19 15:44:16,256 [INFO]   S2 Ep  81/100  loss=1.3889 acc=60.0%  val=81.2%  lr=3.05e-06    61s
2026-03-19 15:45:16,703 [INFO]   S2 Ep  82/100  loss=1.3710 acc=61.1%  val=81.1%  lr=2.75e-06    60s
2026-03-19 15:46:17,273 [INFO]   S2 Ep  83/100  loss=1.3685 acc=61.0%  val=80.9%  lr=2.46e-06    61s
2026-03-19 15:47:17,782 [INFO]   S2 Ep  84/100  loss=1.3764 acc=60.6%  val=81.2%  lr=2.18e-06    61s
2026-03-19 15:48:18,261 [INFO]   S2 Ep  85/100  loss=1.3498 acc=61.6%  val=80.9%  lr=1.93e-06    60s
2026-03-19 15:49:18,743 [INFO]   S2 Ep  86/100  loss=1.3556 acc=61.7%  val=81.3%  lr=1.68e-06    60s
2026-03-19 15:49:19,280 [INFO]   ★ best 81.35%
2026-03-19 15:50:19,852 [INFO]   S2 Ep  87/100  loss=1.3507 acc=61.8%  val=81.2%  lr=1.45e-06    61s
2026-03-19 15:51:20,343 [INFO]   S2 Ep  88/100  loss=1.3945 acc=59.9%  val=81.5%  lr=1.24e-06    60s
2026-03-19 15:51:20,915 [INFO]   ★ best 81.49%
2026-03-19 15:52:21,390 [INFO]   S2 Ep  89/100  loss=1.3761 acc=60.8%  val=81.6%  lr=1.05e-06    60s
2026-03-19 15:52:21,936 [INFO]   ★ best 81.55%
2026-03-19 15:53:22,479 [INFO]   S2 Ep  90/100  loss=1.3860 acc=60.3%  val=81.6%  lr=8.67e-07    61s
2026-03-19 15:53:23,013 [INFO]   ★ best 81.62%
2026-03-19 15:54:23,577 [INFO]   S2 Ep  91/100  loss=1.3655 acc=60.6%  val=81.7%  lr=7.04e-07    61s
2026-03-19 15:54:24,121 [INFO]   ★ best 81.69%
2026-03-19 15:55:24,646 [INFO]   S2 Ep  92/100  loss=1.3444 acc=62.1%  val=81.3%  lr=5.57e-07    61s
2026-03-19 15:56:25,144 [INFO]   S2 Ep  93/100  loss=1.3286 acc=62.7%  val=81.5%  lr=4.27e-07    60s
2026-03-19 15:57:25,644 [INFO]   S2 Ep  94/100  loss=1.4033 acc=59.8%  val=81.6%  lr=3.15e-07    61s
2026-03-19 15:58:26,167 [INFO]   S2 Ep  95/100  loss=1.3788 acc=60.5%  val=81.5%  lr=2.19e-07    61s
2026-03-19 15:59:26,674 [INFO]   S2 Ep  96/100  loss=1.3790 acc=60.4%  val=81.6%  lr=1.41e-07    61s
2026-03-19 16:00:27,150 [INFO]   S2 Ep  97/100  loss=1.3493 acc=62.0%  val=81.6%  lr=7.97e-08    60s
2026-03-19 16:01:27,689 [INFO]   S2 Ep  98/100  loss=1.3682 acc=60.8%  val=81.6%  lr=3.61e-08    61s
2026-03-19 16:02:28,252 [INFO]   S2 Ep  99/100  loss=1.3048 acc=63.8%  val=81.5%  lr=9.90e-09    61s
2026-03-19 16:03:28,743 [INFO]   S2 Ep 100/100  loss=1.3306 acc=62.9%  val=81.5%  lr=1.20e-09    60s
2026-03-19 16:03:28,744 [INFO] ── Stage 3: SWA (15 ep, lr=3.0e-06) ──
2026-03-19 16:04:29,445 [INFO]   SWA Ep  1/15  loss=1.3796  swa_val=81.6%  60s
2026-03-19 16:05:29,886 [INFO]   SWA Ep  2/15  loss=1.4040  swa_val=81.5%  60s
2026-03-19 16:06:30,337 [INFO]   SWA Ep  3/15  loss=1.3759  swa_val=81.4%  60s
2026-03-19 16:07:30,752 [INFO]   SWA Ep  4/15  loss=1.3563  swa_val=81.5%  60s
2026-03-19 16:08:31,165 [INFO]   SWA Ep  5/15  loss=1.3853  swa_val=81.5%  60s
2026-03-19 16:09:31,563 [INFO]   SWA Ep  6/15  loss=1.3568  swa_val=81.5%  60s
2026-03-19 16:10:32,111 [INFO]   SWA Ep  7/15  loss=1.3598  swa_val=81.5%  61s
2026-03-19 16:11:32,506 [INFO]   SWA Ep  8/15  loss=1.3399  swa_val=81.6%  60s
2026-03-19 16:12:32,947 [INFO]   SWA Ep  9/15  loss=1.3347  swa_val=81.3%  60s
2026-03-19 16:13:33,353 [INFO]   SWA Ep 10/15  loss=1.3435  swa_val=81.5%  60s
2026-03-19 16:14:33,852 [INFO]   SWA Ep 11/15  loss=1.3428  swa_val=81.5%  60s
2026-03-19 16:15:34,275 [INFO]   SWA Ep 12/15  loss=1.3457  swa_val=81.4%  60s
2026-03-19 16:16:34,688 [INFO]   SWA Ep 13/15  loss=1.3552  swa_val=81.5%  60s
2026-03-19 16:17:35,141 [INFO]   SWA Ep 14/15  loss=1.3453  swa_val=81.7%  60s
2026-03-19 16:18:35,710 [INFO]   SWA Ep 15/15  loss=1.3540  swa_val=81.7%  61s
2026-03-19 16:18:35,710 [INFO]   Updating BN stats for SWA model …
2026-03-19 16:18:39,082 [INFO]   SWA final: 81.65% (regular best: 81.69%)
2026-03-19 16:18:39,083 [INFO]   Fold 1 best: 81.69%
2026-03-19 16:18:41,165 [INFO] ================================================================
2026-03-19 16:18:41,165 [INFO] FOLD 2 / 5
2026-03-19 16:18:41,165 [INFO] ================================================================
2026-03-19 16:18:41,168 [INFO]   Train: 11793 | Val: 2949
2026-03-19 16:18:41,801 [INFO] Loading pretrained weights from Hugging Face hub (timm/convnextv2_base.fcmae_ft_in22k_in1k)
2026-03-19 16:18:42,010 [INFO] HTTP Request: HEAD https://huggingface.co/timm/convnextv2_base.fcmae_ft_in22k_in1k/resolve/main/model.safetensors "HTTP/1.1 302 Found"
2026-03-19 16:18:42,012 [INFO] [timm/convnextv2_base.fcmae_ft_in22k_in1k] Safe alternative available for 'pytorch_model.bin' (as 'model.safetensors'). Loading weights using safetensors.
2026-03-19 16:18:42,053 [INFO] Missing keys (head.fc.weight, head.fc.bias) discovered while loading pretrained weights. This is expected if model is being adapted.
2026-03-19 16:18:42,114 [INFO]   Using fresh ImageNet pretrained ConvNeXtV2-Base (no born-again)
2026-03-19 16:18:42,114 [INFO] ── Stage 1: head warmup (8 ep) ──
2026-03-19 16:19:03,580 [INFO]   S1 Ep 1/8  loss=2.7539 acc=0.7%  val=0.9%  21s
2026-03-19 16:19:03,963 [INFO]   ★ best 0.88%
2026-03-19 16:19:22,212 [INFO]   S1 Ep 2/8  loss=2.7515 acc=0.7%  val=0.8%  18s
2026-03-19 16:19:40,442 [INFO]   S1 Ep 3/8  loss=2.7480 acc=0.7%  val=1.3%  18s
2026-03-19 16:19:40,913 [INFO]   ★ best 1.29%
2026-03-19 16:19:59,103 [INFO]   S1 Ep 4/8  loss=2.7443 acc=0.8%  val=1.3%  18s
2026-03-19 16:20:17,338 [INFO]   S1 Ep 5/8  loss=2.7408 acc=1.0%  val=1.5%  18s
2026-03-19 16:20:17,817 [INFO]   ★ best 1.53%
2026-03-19 16:20:36,035 [INFO]   S1 Ep 6/8  loss=2.7350 acc=1.3%  val=1.6%  18s
2026-03-19 16:20:36,486 [INFO]   ★ best 1.59%
2026-03-19 16:20:54,696 [INFO]   S1 Ep 7/8  loss=2.7253 acc=1.5%  val=2.4%  18s
2026-03-19 16:20:55,173 [INFO]   ★ best 2.41%
