2026-03-23 11:36:30,426 [INFO] GPU: NVIDIA H200
2026-03-23 11:36:30,427 [INFO] Config: {
  "data_dir": "/data/slr/track2_",
  "output_dir": "/data/slr/checkpoints_v77",
  "max_frames": 48,
  "img_size": 224,
  "n_classes": 126,
  "channel_means": [
    -64.3217,
    -62.9119,
    -63.9254
  ],
  "channel_stds": [
    12.5721,
    11.662,
    11.7259
  ],
  "n_folds": 5,
  "batch_size": 48,
  "num_workers": 2,
  "stage1_epochs": 5,
  "stage1_lr": 0.0002,
  "stage2_epochs": 150,
  "stage2_lr": 4e-05,
  "swa_epochs": 20,
  "swa_lr": 4e-06,
  "weight_decay": 0.05,
  "warmup_pct": 0.05,
  "label_smoothing": 0.1,
  "early_stopping_patience": 30,
  "grad_clip_norm": 1.0,
  "llrd_decay": 0.75,
  "mixup_alpha": 0.4,
  "cutmix_alpha": 1.0,
  "cutmix_prob": 0.5,
  "time_mask_max": 8,
  "range_mask_max": 30,
  "noise_std": 0.1,
  "time_warp_lo": 0.8,
  "time_warp_hi": 1.2,
  "time_reverse_prob": 0.5,
  "channel_shuffle_prob": 0.2,
  "channel_drop_prob": 0.1,
  "random_erase_prob": 0.2,
  "circ_shift_prob": 0.3,
  "circ_shift_max": 8,
  "amp_scale_prob": 0.5,
  "amp_scale_lo": 0.8,
  "amp_scale_hi": 1.2,
  "model_name": "convnextv2_tiny.fcmae_ft_in22k_in1k",
  "drop_path_rate": 0.2,
  "proj_dim": 512,
  "drop_rate": 0.3,
  "ms_dropout_samples": 5,
  "seed": 42
}
2026-03-23 11:36:30,427 [INFO] NO PADDING direct resize | Born-again v66 | Fold 0
2026-03-23 11:36:30,505 [INFO] Train: 14742 | Eval: 9828
2026-03-23 11:36:35,239 [INFO] ================================================================
2026-03-23 11:36:35,247 [INFO] FOLD 0 — NO PADDING, born-again v66
2026-03-23 11:36:35,247 [INFO] ================================================================
2026-03-23 11:36:35,249 [INFO]   Train: 11793 | Val: 2949
2026-03-23 11:36:35,477 [INFO] Loading pretrained weights from Hugging Face hub (timm/convnextv2_tiny.fcmae_ft_in22k_in1k)
2026-03-23 11:36:40,545 [INFO] HTTP Request: HEAD https://huggingface.co/timm/convnextv2_tiny.fcmae_ft_in22k_in1k/resolve/main/model.safetensors "HTTP/1.1 302 Found"
2026-03-23 11:36:40,548 [INFO] [timm/convnextv2_tiny.fcmae_ft_in22k_in1k] Safe alternative available for 'pytorch_model.bin' (as 'model.safetensors'). Loading weights using safetensors.
2026-03-23 11:36:40,564 [INFO] Missing keys (head.fc.weight, head.fc.bias) discovered while loading pretrained weights. This is expected if model is being adapted.
2026-03-23 11:36:40,911 [INFO]   Born-again ← best_fold0.pt (val 90.84%)
2026-03-23 11:36:40,911 [INFO] ── Stage 1: head warmup (5 ep) ──
2026-03-23 11:37:09,121 [INFO]   S1 Ep 1/5  loss=2.1525 acc=63.6%  val=73.6%  28s
2026-03-23 11:37:09,259 [INFO]   ★ best 73.62%
2026-03-23 11:37:22,113 [INFO]   S1 Ep 2/5  loss=1.9634 acc=66.2%  val=75.8%  13s
2026-03-23 11:37:22,275 [INFO]   ★ best 75.75%
2026-03-23 11:37:34,113 [INFO]   S1 Ep 3/5  loss=1.8960 acc=67.7%  val=76.7%  12s
2026-03-23 11:37:34,280 [INFO]   ★ best 76.67%
2026-03-23 11:37:45,989 [INFO]   S1 Ep 4/5  loss=1.8484 acc=68.2%  val=76.9%  12s
2026-03-23 11:37:46,164 [INFO]   ★ best 76.87%
2026-03-23 11:37:57,820 [INFO]   S1 Ep 5/5  loss=1.8297 acc=69.1%  val=76.7%  12s
2026-03-23 11:37:57,820 [INFO] ── Stage 2: full fine-tune (150 ep, patience 30) ──
2026-03-23 11:37:57,821 [INFO] LLRD: 12 groups, LR [9.49e-06 … 4.00e-05]
2026-03-23 11:38:22,652 [INFO]   S2 Ep   1/150  loss=2.7502 acc=50.8%  val=81.6%  lr=3.26e-06    25s
2026-03-23 11:38:22,856 [INFO]   ★ best 81.62%
2026-03-23 11:38:37,709 [INFO]   S2 Ep   2/150  loss=2.5874 acc=54.4%  val=83.7%  lr=7.96e-06    15s
2026-03-23 11:38:37,913 [INFO]   ★ best 83.69%
2026-03-23 11:38:52,794 [INFO]   S2 Ep   3/150  loss=2.4866 acc=57.1%  val=85.2%  lr=1.49e-05    15s
2026-03-23 11:38:52,989 [INFO]   ★ best 85.25%
2026-03-23 11:39:07,760 [INFO]   S2 Ep   4/150  loss=2.3525 acc=60.4%  val=85.9%  lr=2.28e-05    15s
2026-03-23 11:39:07,963 [INFO]   ★ best 85.86%
2026-03-23 11:39:23,143 [INFO]   S2 Ep   5/150  loss=2.4482 acc=57.7%  val=86.1%  lr=3.04e-05    15s
2026-03-23 11:39:23,404 [INFO]   ★ best 86.10%
2026-03-23 11:39:38,558 [INFO]   S2 Ep   6/150  loss=2.2240 acc=63.6%  val=85.9%  lr=3.63e-05    15s
2026-03-23 11:39:53,683 [INFO]   S2 Ep   7/150  loss=2.1968 acc=64.0%  val=87.1%  lr=3.96e-05    15s
2026-03-23 11:39:53,882 [INFO]   ★ best 87.11%
2026-03-23 11:40:09,915 [INFO]   S2 Ep   8/150  loss=2.3044 acc=61.7%  val=86.3%  lr=4.00e-05    16s
2026-03-23 11:40:25,191 [INFO]   S2 Ep   9/150  loss=2.2051 acc=63.8%  val=87.6%  lr=4.00e-05    15s
2026-03-23 11:40:25,374 [INFO]   ★ best 87.56%
2026-03-23 11:40:40,693 [INFO]   S2 Ep  10/150  loss=2.2557 acc=62.2%  val=86.9%  lr=4.00e-05    15s
2026-03-23 11:40:55,927 [INFO]   S2 Ep  11/150  loss=2.2047 acc=64.2%  val=87.3%  lr=3.99e-05    15s
2026-03-23 11:41:10,988 [INFO]   S2 Ep  12/150  loss=2.2511 acc=62.4%  val=87.0%  lr=3.99e-05    15s
2026-03-23 11:41:26,198 [INFO]   S2 Ep  13/150  loss=2.1419 acc=66.1%  val=87.7%  lr=3.99e-05    15s
2026-03-23 11:41:26,391 [INFO]   ★ best 87.66%
2026-03-23 11:41:41,615 [INFO]   S2 Ep  14/150  loss=2.1468 acc=65.7%  val=87.9%  lr=3.98e-05    15s
2026-03-23 11:41:41,817 [INFO]   ★ best 87.89%
2026-03-23 11:41:57,173 [INFO]   S2 Ep  15/150  loss=2.1827 acc=64.6%  val=87.0%  lr=3.97e-05    15s
2026-03-23 11:42:12,263 [INFO]   S2 Ep  16/150  loss=2.2517 acc=62.7%  val=87.7%  lr=3.96e-05    15s
2026-03-23 11:42:27,616 [INFO]   S2 Ep  17/150  loss=2.0859 acc=67.2%  val=87.7%  lr=3.96e-05    15s
2026-03-23 11:42:42,760 [INFO]   S2 Ep  18/150  loss=2.2036 acc=63.5%  val=87.1%  lr=3.95e-05    15s
2026-03-23 11:42:57,689 [INFO]   S2 Ep  19/150  loss=2.1363 acc=65.3%  val=87.8%  lr=3.94e-05    15s
2026-03-23 11:43:13,138 [INFO]   S2 Ep  20/150  loss=2.1679 acc=64.2%  val=87.8%  lr=3.92e-05    15s
2026-03-23 11:43:28,565 [INFO]   S2 Ep  21/150  loss=2.1418 acc=65.5%  val=87.5%  lr=3.91e-05    15s
2026-03-23 11:43:43,657 [INFO]   S2 Ep  22/150  loss=2.1077 acc=66.8%  val=88.0%  lr=3.90e-05    15s
2026-03-23 11:43:43,854 [INFO]   ★ best 88.00%
2026-03-23 11:43:58,598 [INFO]   S2 Ep  23/150  loss=2.1206 acc=65.9%  val=87.6%  lr=3.88e-05    15s
2026-03-23 11:44:13,856 [INFO]   S2 Ep  24/150  loss=2.1051 acc=66.7%  val=87.1%  lr=3.87e-05    15s
2026-03-23 11:44:28,954 [INFO]   S2 Ep  25/150  loss=2.0969 acc=67.5%  val=87.0%  lr=3.85e-05    15s
2026-03-23 11:44:43,970 [INFO]   S2 Ep  26/150  loss=2.0811 acc=67.1%  val=88.0%  lr=3.84e-05    15s
2026-03-23 11:44:44,151 [INFO]   ★ best 88.03%
2026-03-23 11:44:59,234 [INFO]   S2 Ep  27/150  loss=2.0504 acc=68.0%  val=87.4%  lr=3.82e-05    15s
2026-03-23 11:45:14,226 [INFO]   S2 Ep  28/150  loss=2.0679 acc=67.3%  val=87.7%  lr=3.80e-05    15s
2026-03-23 11:45:29,106 [INFO]   S2 Ep  29/150  loss=2.1189 acc=65.2%  val=87.4%  lr=3.78e-05    15s
2026-03-23 11:45:44,186 [INFO]   S2 Ep  30/150  loss=2.0365 acc=68.6%  val=88.1%  lr=3.76e-05    15s
2026-03-23 11:45:44,410 [INFO]   ★ best 88.10%
2026-03-23 11:46:00,086 [INFO]   S2 Ep  31/150  loss=2.1326 acc=65.1%  val=88.0%  lr=3.74e-05    16s
2026-03-23 11:46:15,102 [INFO]   S2 Ep  32/150  loss=2.0164 acc=68.9%  val=87.7%  lr=3.72e-05    15s
2026-03-23 11:46:30,226 [INFO]   S2 Ep  33/150  loss=2.0973 acc=66.8%  val=88.0%  lr=3.69e-05    15s
2026-03-23 11:46:45,486 [INFO]   S2 Ep  34/150  loss=2.0908 acc=67.0%  val=87.8%  lr=3.67e-05    15s
2026-03-23 11:47:00,558 [INFO]   S2 Ep  35/150  loss=2.0963 acc=66.5%  val=87.7%  lr=3.64e-05    15s
2026-03-23 11:47:15,709 [INFO]   S2 Ep  36/150  loss=2.0940 acc=67.4%  val=87.7%  lr=3.62e-05    15s
2026-03-23 11:47:30,701 [INFO]   S2 Ep  37/150  loss=2.0107 acc=68.9%  val=87.4%  lr=3.59e-05    15s
2026-03-23 11:47:45,821 [INFO]   S2 Ep  38/150  loss=2.0701 acc=68.0%  val=87.3%  lr=3.56e-05    15s
2026-03-23 11:48:01,005 [INFO]   S2 Ep  39/150  loss=1.9573 acc=70.9%  val=87.5%  lr=3.54e-05    15s
2026-03-23 11:48:16,145 [INFO]   S2 Ep  40/150  loss=2.0601 acc=67.4%  val=87.1%  lr=3.51e-05    15s
2026-03-23 11:48:31,234 [INFO]   S2 Ep  41/150  loss=2.0660 acc=67.3%  val=88.1%  lr=3.48e-05    15s
2026-03-23 11:48:46,440 [INFO]   S2 Ep  42/150  loss=2.0409 acc=67.5%  val=88.1%  lr=3.45e-05    15s
2026-03-23 11:49:01,671 [INFO]   S2 Ep  43/150  loss=2.0246 acc=68.0%  val=87.1%  lr=3.42e-05    15s
2026-03-23 11:49:16,740 [INFO]   S2 Ep  44/150  loss=2.0347 acc=68.6%  val=87.8%  lr=3.39e-05    15s
2026-03-23 11:49:31,853 [INFO]   S2 Ep  45/150  loss=2.0813 acc=66.9%  val=88.1%  lr=3.35e-05    15s
2026-03-23 11:49:47,022 [INFO]   S2 Ep  46/150  loss=1.9878 acc=69.4%  val=87.8%  lr=3.32e-05    15s
2026-03-23 11:50:02,505 [INFO]   S2 Ep  47/150  loss=1.9095 acc=71.7%  val=88.0%  lr=3.29e-05    15s
2026-03-23 11:50:17,833 [INFO]   S2 Ep  48/150  loss=2.0411 acc=67.9%  val=87.7%  lr=3.25e-05    15s
2026-03-23 11:50:33,109 [INFO]   S2 Ep  49/150  loss=2.0668 acc=67.2%  val=87.6%  lr=3.22e-05    15s
2026-03-23 11:50:48,040 [INFO]   S2 Ep  50/150  loss=2.1241 acc=65.6%  val=87.8%  lr=3.18e-05    15s
2026-03-23 11:51:02,873 [INFO]   S2 Ep  51/150  loss=1.9156 acc=72.0%  val=88.0%  lr=3.15e-05    15s
2026-03-23 11:51:17,968 [INFO]   S2 Ep  52/150  loss=1.9940 acc=69.4%  val=87.5%  lr=3.11e-05    15s
2026-03-23 11:51:33,048 [INFO]   S2 Ep  53/150  loss=2.0518 acc=67.8%  val=87.5%  lr=3.08e-05    15s
2026-03-23 11:51:48,190 [INFO]   S2 Ep  54/150  loss=2.0483 acc=67.9%  val=87.7%  lr=3.04e-05    15s
2026-03-23 11:52:03,604 [INFO]   S2 Ep  55/150  loss=1.9894 acc=69.2%  val=87.2%  lr=3.00e-05    15s
2026-03-23 11:52:18,721 [INFO]   S2 Ep  56/150  loss=1.9471 acc=70.2%  val=87.5%  lr=2.96e-05    15s
2026-03-23 11:52:34,132 [INFO]   S2 Ep  57/150  loss=1.9785 acc=70.0%  val=87.6%  lr=2.92e-05    15s
2026-03-23 11:52:49,153 [INFO]   S2 Ep  58/150  loss=1.9901 acc=69.7%  val=87.5%  lr=2.88e-05    15s
2026-03-23 11:53:04,187 [INFO]   S2 Ep  59/150  loss=1.9716 acc=69.7%  val=87.6%  lr=2.84e-05    15s
2026-03-23 11:53:19,321 [INFO]   S2 Ep  60/150  loss=1.9687 acc=69.9%  val=88.2%  lr=2.80e-05    15s
2026-03-23 11:53:19,547 [INFO]   ★ best 88.23%
2026-03-23 11:53:34,684 [INFO]   S2 Ep  61/150  loss=1.9919 acc=69.4%  val=87.7%  lr=2.76e-05    15s
2026-03-23 11:53:49,776 [INFO]   S2 Ep  62/150  loss=1.9922 acc=69.2%  val=87.1%  lr=2.72e-05    15s
2026-03-23 11:54:04,752 [INFO]   S2 Ep  63/150  loss=2.0526 acc=67.7%  val=87.3%  lr=2.68e-05    15s
2026-03-23 11:54:20,150 [INFO]   S2 Ep  64/150  loss=1.9317 acc=71.4%  val=87.5%  lr=2.64e-05    15s
2026-03-23 11:54:35,687 [INFO]   S2 Ep  65/150  loss=1.9967 acc=69.4%  val=87.6%  lr=2.60e-05    16s
2026-03-23 11:54:51,044 [INFO]   S2 Ep  66/150  loss=1.9771 acc=69.3%  val=88.3%  lr=2.55e-05    15s
2026-03-23 11:54:51,254 [INFO]   ★ best 88.27%
2026-03-23 11:55:06,247 [INFO]   S2 Ep  67/150  loss=2.0424 acc=66.9%  val=87.9%  lr=2.51e-05    15s
2026-03-23 11:55:21,504 [INFO]   S2 Ep  68/150  loss=1.9597 acc=70.0%  val=87.6%  lr=2.47e-05    15s
2026-03-23 11:55:36,516 [INFO]   S2 Ep  69/150  loss=1.9553 acc=70.2%  val=87.3%  lr=2.43e-05    15s
2026-03-23 11:55:51,592 [INFO]   S2 Ep  70/150  loss=1.9526 acc=70.1%  val=88.1%  lr=2.38e-05    15s
2026-03-23 11:56:06,621 [INFO]   S2 Ep  71/150  loss=1.9972 acc=69.3%  val=87.8%  lr=2.34e-05    15s
2026-03-23 11:56:21,635 [INFO]   S2 Ep  72/150  loss=1.9687 acc=69.5%  val=88.2%  lr=2.30e-05    15s
2026-03-23 11:56:36,576 [INFO]   S2 Ep  73/150  loss=1.9683 acc=70.0%  val=87.9%  lr=2.25e-05    15s
2026-03-23 11:56:51,744 [INFO]   S2 Ep  74/150  loss=1.9278 acc=71.3%  val=88.4%  lr=2.21e-05    15s
2026-03-23 11:56:51,948 [INFO]   ★ best 88.37%
2026-03-23 11:57:07,307 [INFO]   S2 Ep  75/150  loss=1.9471 acc=70.0%  val=87.8%  lr=2.17e-05    15s
2026-03-23 11:57:22,501 [INFO]   S2 Ep  76/150  loss=1.9702 acc=69.2%  val=88.2%  lr=2.12e-05    15s
2026-03-23 11:57:37,438 [INFO]   S2 Ep  77/150  loss=1.9676 acc=69.6%  val=88.1%  lr=2.08e-05    15s
2026-03-23 11:57:53,500 [INFO]   S2 Ep  78/150  loss=1.9487 acc=69.9%  val=87.8%  lr=2.03e-05    16s
2026-03-23 11:58:08,507 [INFO]   S2 Ep  79/150  loss=1.9653 acc=69.6%  val=87.5%  lr=1.99e-05    15s
2026-03-23 11:58:23,625 [INFO]   S2 Ep  80/150  loss=1.9258 acc=71.3%  val=88.3%  lr=1.94e-05    15s
2026-03-23 11:58:39,072 [INFO]   S2 Ep  81/150  loss=1.9749 acc=69.2%  val=88.2%  lr=1.90e-05    15s
2026-03-23 11:58:54,210 [INFO]   S2 Ep  82/150  loss=2.0433 acc=67.8%  val=88.4%  lr=1.86e-05    15s
2026-03-23 11:59:09,286 [INFO]   S2 Ep  83/150  loss=1.8746 acc=72.1%  val=88.6%  lr=1.81e-05    15s
2026-03-23 11:59:09,515 [INFO]   ★ best 88.57%
2026-03-23 11:59:24,712 [INFO]   S2 Ep  84/150  loss=1.9751 acc=69.2%  val=88.3%  lr=1.77e-05    15s
2026-03-23 11:59:39,646 [INFO]   S2 Ep  85/150  loss=1.9569 acc=69.9%  val=88.4%  lr=1.73e-05    15s
2026-03-23 11:59:54,654 [INFO]   S2 Ep  86/150  loss=1.9128 acc=71.1%  val=88.2%  lr=1.68e-05    15s
2026-03-23 12:00:09,653 [INFO]   S2 Ep  87/150  loss=2.0188 acc=67.8%  val=88.4%  lr=1.64e-05    15s
2026-03-23 12:00:24,599 [INFO]   S2 Ep  88/150  loss=1.9774 acc=69.6%  val=88.2%  lr=1.59e-05    15s
2026-03-23 12:00:40,654 [INFO]   S2 Ep  89/150  loss=1.9874 acc=69.1%  val=88.3%  lr=1.55e-05    16s
2026-03-23 12:00:55,525 [INFO]   S2 Ep  90/150  loss=1.9314 acc=70.8%  val=88.4%  lr=1.51e-05    15s
2026-03-23 12:01:10,212 [INFO]   S2 Ep  91/150  loss=1.9495 acc=70.5%  val=88.3%  lr=1.47e-05    15s
2026-03-23 12:01:25,047 [INFO]   S2 Ep  92/150  loss=1.9896 acc=68.9%  val=88.1%  lr=1.42e-05    15s
2026-03-23 12:01:40,011 [INFO]   S2 Ep  93/150  loss=1.9620 acc=70.1%  val=88.1%  lr=1.38e-05    15s
2026-03-23 12:01:54,725 [INFO]   S2 Ep  94/150  loss=1.9689 acc=69.6%  val=88.1%  lr=1.34e-05    15s
2026-03-23 12:02:09,481 [INFO]   S2 Ep  95/150  loss=1.9835 acc=69.2%  val=88.0%  lr=1.30e-05    15s
2026-03-23 12:02:24,366 [INFO]   S2 Ep  96/150  loss=1.8858 acc=71.4%  val=88.1%  lr=1.26e-05    15s
2026-03-23 12:02:39,153 [INFO]   S2 Ep  97/150  loss=1.9970 acc=68.1%  val=88.5%  lr=1.22e-05    15s
2026-03-23 12:02:53,975 [INFO]   S2 Ep  98/150  loss=1.9660 acc=69.5%  val=88.4%  lr=1.18e-05    15s
2026-03-23 12:03:09,038 [INFO]   S2 Ep  99/150  loss=1.9495 acc=70.0%  val=88.0%  lr=1.14e-05    15s
2026-03-23 12:03:23,890 [INFO]   S2 Ep 100/150  loss=1.8805 acc=72.4%  val=88.4%  lr=1.10e-05    15s
2026-03-23 12:03:38,649 [INFO]   S2 Ep 101/150  loss=1.9391 acc=69.8%  val=88.8%  lr=1.06e-05    15s
2026-03-23 12:03:38,834 [INFO]   ★ best 88.78%
2026-03-23 12:03:53,815 [INFO]   S2 Ep 102/150  loss=1.9293 acc=70.0%  val=88.4%  lr=1.02e-05    15s
2026-03-23 12:04:08,542 [INFO]   S2 Ep 103/150  loss=1.8772 acc=72.6%  val=88.2%  lr=9.81e-06    15s
2026-03-23 12:04:23,216 [INFO]   S2 Ep 104/150  loss=1.9072 acc=71.4%  val=88.2%  lr=9.43e-06    15s
2026-03-23 12:04:38,117 [INFO]   S2 Ep 105/150  loss=1.9060 acc=71.2%  val=88.4%  lr=9.06e-06    15s
2026-03-23 12:04:52,788 [INFO]   S2 Ep 106/150  loss=1.8639 acc=72.3%  val=88.1%  lr=8.69e-06    15s
2026-03-23 12:05:07,378 [INFO]   S2 Ep 107/150  loss=1.8694 acc=72.5%  val=88.6%  lr=8.33e-06    15s
2026-03-23 12:05:22,235 [INFO]   S2 Ep 108/150  loss=1.8574 acc=72.6%  val=88.3%  lr=7.98e-06    15s
2026-03-23 12:05:36,947 [INFO]   S2 Ep 109/150  loss=1.8526 acc=72.7%  val=88.2%  lr=7.63e-06    15s
2026-03-23 12:05:51,669 [INFO]   S2 Ep 110/150  loss=1.8611 acc=72.2%  val=88.5%  lr=7.29e-06    15s
2026-03-23 12:06:06,426 [INFO]   S2 Ep 111/150  loss=1.8554 acc=72.0%  val=88.7%  lr=6.95e-06    15s
2026-03-23 12:06:21,151 [INFO]   S2 Ep 112/150  loss=1.9142 acc=70.7%  val=88.6%  lr=6.62e-06    15s
2026-03-23 12:06:35,833 [INFO]   S2 Ep 113/150  loss=1.9564 acc=69.9%  val=88.6%  lr=6.29e-06    15s
2026-03-23 12:06:50,497 [INFO]   S2 Ep 114/150  loss=1.9408 acc=69.8%  val=89.0%  lr=5.98e-06    15s
2026-03-23 12:06:50,706 [INFO]   ★ best 89.01%
2026-03-23 12:07:05,341 [INFO]   S2 Ep 115/150  loss=1.9436 acc=70.2%  val=88.9%  lr=5.66e-06    15s
2026-03-23 12:07:20,175 [INFO]   S2 Ep 116/150  loss=1.8711 acc=71.8%  val=88.7%  lr=5.36e-06    15s
2026-03-23 12:07:34,926 [INFO]   S2 Ep 117/150  loss=1.9210 acc=70.9%  val=88.9%  lr=5.06e-06    15s
2026-03-23 12:07:50,692 [INFO]   S2 Ep 118/150  loss=1.9719 acc=68.5%  val=88.7%  lr=4.77e-06    16s
2026-03-23 12:08:05,365 [INFO]   S2 Ep 119/150  loss=1.9356 acc=70.4%  val=88.9%  lr=4.49e-06    15s
2026-03-23 12:08:20,173 [INFO]   S2 Ep 120/150  loss=1.9854 acc=68.7%  val=88.7%  lr=4.22e-06    15s
2026-03-23 12:08:34,928 [INFO]   S2 Ep 121/150  loss=1.9586 acc=69.9%  val=88.4%  lr=3.95e-06    15s
2026-03-23 12:08:49,896 [INFO]   S2 Ep 122/150  loss=1.9383 acc=69.7%  val=88.8%  lr=3.69e-06    15s
2026-03-23 12:09:04,758 [INFO]   S2 Ep 123/150  loss=1.8836 acc=71.5%  val=88.8%  lr=3.44e-06    15s
2026-03-23 12:09:19,444 [INFO]   S2 Ep 124/150  loss=1.9072 acc=71.3%  val=89.1%  lr=3.20e-06    15s
2026-03-23 12:09:19,637 [INFO]   ★ best 89.11%
2026-03-23 12:09:34,362 [INFO]   S2 Ep 125/150  loss=1.9247 acc=70.6%  val=88.9%  lr=2.96e-06    15s
2026-03-23 12:09:49,150 [INFO]   S2 Ep 126/150  loss=1.8969 acc=71.1%  val=88.8%  lr=2.74e-06    15s
2026-03-23 12:10:03,824 [INFO]   S2 Ep 127/150  loss=1.8622 acc=72.2%  val=88.8%  lr=2.52e-06    15s
2026-03-23 12:10:18,604 [INFO]   S2 Ep 128/150  loss=1.8856 acc=71.1%  val=88.7%  lr=2.31e-06    15s
2026-03-23 12:10:33,220 [INFO]   S2 Ep 129/150  loss=1.8901 acc=72.2%  val=88.8%  lr=2.11e-06    15s
2026-03-23 12:10:47,911 [INFO]   S2 Ep 130/150  loss=1.8962 acc=70.7%  val=88.6%  lr=1.91e-06    15s
2026-03-23 12:11:02,463 [INFO]   S2 Ep 131/150  loss=1.8869 acc=71.7%  val=88.7%  lr=1.73e-06    15s
2026-03-23 12:11:17,051 [INFO]   S2 Ep 132/150  loss=1.9154 acc=70.6%  val=88.8%  lr=1.56e-06    15s
2026-03-23 12:11:31,882 [INFO]   S2 Ep 133/150  loss=1.9377 acc=70.1%  val=88.7%  lr=1.39e-06    15s
2026-03-23 12:11:46,528 [INFO]   S2 Ep 134/150  loss=1.9343 acc=70.4%  val=88.8%  lr=1.23e-06    15s
2026-03-23 12:12:01,108 [INFO]   S2 Ep 135/150  loss=1.9400 acc=70.2%  val=88.9%  lr=1.08e-06    15s
2026-03-23 12:12:15,790 [INFO]   S2 Ep 136/150  loss=1.9464 acc=69.3%  val=88.8%  lr=9.46e-07    15s
2026-03-23 12:12:30,492 [INFO]   S2 Ep 137/150  loss=1.8806 acc=71.2%  val=88.8%  lr=8.17e-07    15s
2026-03-23 12:12:45,181 [INFO]   S2 Ep 138/150  loss=1.8693 acc=72.7%  val=88.8%  lr=6.97e-07    15s
2026-03-23 12:12:59,857 [INFO]   S2 Ep 139/150  loss=1.8278 acc=72.9%  val=88.8%  lr=5.86e-07    15s
2026-03-23 12:13:14,571 [INFO]   S2 Ep 140/150  loss=1.9020 acc=71.3%  val=88.8%  lr=4.85e-07    15s
2026-03-23 12:13:29,278 [INFO]   S2 Ep 141/150  loss=1.9670 acc=69.7%  val=88.7%  lr=3.94e-07    15s
2026-03-23 12:13:43,934 [INFO]   S2 Ep 142/150  loss=2.0006 acc=68.4%  val=88.7%  lr=3.12e-07    15s
2026-03-23 12:13:58,641 [INFO]   S2 Ep 143/150  loss=1.9048 acc=70.7%  val=88.7%  lr=2.39e-07    15s
2026-03-23 12:14:13,353 [INFO]   S2 Ep 144/150  loss=1.9635 acc=69.1%  val=88.7%  lr=1.76e-07    15s
2026-03-23 12:14:28,018 [INFO]   S2 Ep 145/150  loss=1.8686 acc=72.5%  val=88.7%  lr=1.23e-07    15s
2026-03-23 12:14:42,646 [INFO]   S2 Ep 146/150  loss=1.8763 acc=72.3%  val=88.7%  lr=7.92e-08    15s
2026-03-23 12:14:57,689 [INFO]   S2 Ep 147/150  loss=1.9529 acc=69.7%  val=88.7%  lr=4.52e-08    15s
2026-03-23 12:15:12,424 [INFO]   S2 Ep 148/150  loss=1.8345 acc=73.1%  val=88.7%  lr=2.10e-08    15s
2026-03-23 12:15:27,016 [INFO]   S2 Ep 149/150  loss=1.8593 acc=72.8%  val=88.7%  lr=6.42e-09    15s
2026-03-23 12:15:41,956 [INFO]   S2 Ep 150/150  loss=1.8099 acc=74.0%  val=88.7%  lr=1.60e-09    15s
2026-03-23 12:15:41,957 [INFO] ── Stage 3: SWA (20 ep, lr=4.0e-06) ──
2026-03-23 12:15:56,495 [INFO]   SWA Ep  1/20  loss=1.9193  swa_val=88.8%  14s
2026-03-23 12:16:11,073 [INFO]   SWA Ep  2/20  loss=1.9192  swa_val=88.9%  15s
2026-03-23 12:16:25,744 [INFO]   SWA Ep  3/20  loss=2.0053  swa_val=88.6%  15s
2026-03-23 12:16:40,136 [INFO]   SWA Ep  4/20  loss=1.9266  swa_val=88.6%  14s
2026-03-23 12:16:54,632 [INFO]   SWA Ep  5/20  loss=1.9534  swa_val=88.6%  14s
2026-03-23 12:17:09,072 [INFO]   SWA Ep  6/20  loss=1.8776  swa_val=88.8%  14s
2026-03-23 12:17:23,690 [INFO]   SWA Ep  7/20  loss=1.9475  swa_val=88.7%  15s
2026-03-23 12:17:38,132 [INFO]   SWA Ep  8/20  loss=1.9514  swa_val=88.8%  14s
2026-03-23 12:17:52,613 [INFO]   SWA Ep  9/20  loss=1.8760  swa_val=88.8%  14s
2026-03-23 12:18:07,164 [INFO]   SWA Ep 10/20  loss=1.9493  swa_val=88.8%  15s
2026-03-23 12:18:21,816 [INFO]   SWA Ep 11/20  loss=1.9255  swa_val=88.7%  15s
2026-03-23 12:18:36,543 [INFO]   SWA Ep 12/20  loss=1.8137  swa_val=88.7%  15s
2026-03-23 12:18:51,537 [INFO]   SWA Ep 13/20  loss=1.9218  swa_val=88.7%  15s
2026-03-23 12:19:06,206 [INFO]   SWA Ep 14/20  loss=1.8528  swa_val=88.6%  15s
2026-03-23 12:19:21,405 [INFO]   SWA Ep 15/20  loss=1.9302  swa_val=88.7%  15s
2026-03-23 12:19:36,658 [INFO]   SWA Ep 16/20  loss=1.8964  swa_val=88.7%  15s
2026-03-23 12:19:52,082 [INFO]   SWA Ep 17/20  loss=1.8821  swa_val=88.7%  15s
2026-03-23 12:20:07,281 [INFO]   SWA Ep 18/20  loss=1.8882  swa_val=88.6%  15s
2026-03-23 12:20:22,432 [INFO]   SWA Ep 19/20  loss=1.9226  swa_val=88.6%  15s
2026-03-23 12:20:37,427 [INFO]   SWA Ep 20/20  loss=1.9077  swa_val=88.6%  15s
2026-03-23 12:20:39,517 [INFO]   SWA final: 88.64% (regular best: 89.11%)
2026-03-23 12:20:39,518 [INFO]   Fold 0 best: 89.11%
2026-03-23 12:21:18,510 [INFO] TTA changed 120 / 9828 (1.2%)
2026-03-23 12:21:18,525 [INFO] Done.
