2026-03-12 10:01:45,925 [INFO] Loading pretrained weights from Hugging Face hub (timm/convnext_small.fb_in22k_ft_in1k)
2026-03-12 10:01:46,078 [INFO] HTTP Request: HEAD https://huggingface.co/timm/convnext_small.fb_in22k_ft_in1k/resolve/main/model.safetensors "HTTP/1.1 302 Found"
2026-03-12 10:01:46,121 [INFO] HTTP Request: GET https://huggingface.co/api/models/timm/convnext_small.fb_in22k_ft_in1k/xet-read-token/fe6b358aa409414cdb522ae3d43a2c9922f7cc1b "HTTP/1.1 200 OK"
2026-03-12 10:01:52,534 [INFO] [timm/convnext_small.fb_in22k_ft_in1k] Safe alternative available for 'pytorch_model.bin' (as 'model.safetensors'). Loading weights using safetensors.
2026-03-12 10:01:54,341 [INFO] LLRD: 12 groups, LR [6.55e-05 … 2.00e-04]
2026-03-12 10:03:14,206 [INFO] GPU : NVIDIA H200
2026-03-12 10:03:14,207 [INFO] Config : {
  "data_dir": "/data/slr/track-2",
  "output_dir": "/data/slr/checkpoints_v5",
  "max_frames": 56,
  "n_range_bins": 256,
  "n_classes": 126,
  "img_size": 224,
  "channel_means": [
    -64.3217,
    -62.9119,
    -63.9254
  ],
  "channel_stds": [
    12.5721,
    11.662,
    11.7259
  ],
  "n_folds": 5,
  "batch_size": 48,
  "num_workers": 4,
  "epochs": 130,
  "lr": 0.0002,
  "weight_decay": 0.05,
  "warmup_pct": 0.08,
  "label_smoothing": 0.1,
  "grad_clip_norm": 1.0,
  "llrd_stage_decay": 0.8,
  "swa_start_epoch": 80,
  "mixup_alpha": 0.4,
  "cutmix_alpha": 1.0,
  "cutmix_prob": 0.5,
  "time_mask_max": 8,
  "range_mask_max": 30,
  "noise_std": 0.1,
  "time_warp_lo": 0.8,
  "time_warp_hi": 1.2,
  "time_reverse_prob": 0.5,
  "channel_shuffle_prob": 0.2,
  "channel_drop_prob": 0.1,
  "random_erase_prob": 0.2,
  "model_name": "convnext_small.fb_in22k_ft_in1k",
  "drop_rate": 0.3,
  "ms_dropout_samples": 5,
  "gem_p_init": 3.0,
  "pretrained": true,
  "v4_model_name": "convnext_tiny.fb_in22k_ft_in1k",
  "v4_max_frames": 48,
  "seed": 42
}
2026-03-12 10:03:14,264 [INFO] Train: 14742  |  Test: 4914  |  Classes: 126
2026-03-12 10:03:14,264 [INFO] Pre-loading training data …
2026-03-12 10:03:16,888 [INFO] Pre-loading test data …
2026-03-12 10:03:17,776 [INFO] ================================================================
2026-03-12 10:03:17,776 [INFO] FOLD 1 / 5
2026-03-12 10:03:17,776 [INFO] ================================================================
2026-03-12 10:03:18,143 [INFO] Loading pretrained weights from Hugging Face hub (timm/convnext_small.fb_in22k_ft_in1k)
2026-03-12 10:03:23,215 [INFO] HTTP Request: HEAD https://huggingface.co/timm/convnext_small.fb_in22k_ft_in1k/resolve/main/model.safetensors "HTTP/1.1 302 Found"
2026-03-12 10:03:23,216 [INFO] [timm/convnext_small.fb_in22k_ft_in1k] Safe alternative available for 'pytorch_model.bin' (as 'model.safetensors'). Loading weights using safetensors.
2026-03-12 10:03:23,471 [INFO] Model: convnext_small.fb_in22k_ft_in1k  |  49.55M params
2026-03-12 10:03:23,472 [INFO] LLRD: 12 groups, LR [6.55e-05 … 2.00e-04]
2026-03-12 10:04:17,282 [INFO]   Ep   1/130  train 5.0312 / 0.7%  val 4.8378 / 1.1%  lr 1.24e-05  GeM_p=3.00    54s
2026-03-12 10:04:17,456 [INFO]   ★ best 1.09%
2026-03-12 10:04:50,559 [INFO]   Ep   2/130  train 4.8463 / 0.8%  val 4.8211 / 0.9%  lr 2.50e-05  GeM_p=3.00    33s
2026-03-12 10:05:23,607 [INFO]   Ep   3/130  train 4.7934 / 1.5%  val 4.5792 / 2.9%  lr 4.48e-05  GeM_p=3.00    33s
2026-03-12 10:05:23,836 [INFO]   ★ best 2.92%
2026-03-12 10:05:56,809 [INFO]   Ep   4/130  train 4.6453 / 2.4%  val 4.3886 / 4.2%  lr 7.00e-05  GeM_p=3.00    33s
2026-03-12 10:05:57,032 [INFO]   ★ best 4.20%
2026-03-12 10:06:30,039 [INFO]   Ep   5/130  train 4.4943 / 4.6%  val 3.8639 / 11.2%  lr 9.83e-05  GeM_p=3.00    33s
2026-03-12 10:06:30,267 [INFO]   ★ best 11.22%
2026-03-12 10:07:03,258 [INFO]   Ep   6/130  train 4.1440 / 9.7%  val 3.3632 / 21.1%  lr 1.27e-04  GeM_p=3.00    33s
2026-03-12 10:07:03,482 [INFO]   ★ best 21.09%
2026-03-12 10:07:36,596 [INFO]   Ep   7/130  train 3.8509 / 15.6%  val 2.8946 / 32.2%  lr 1.54e-04  GeM_p=3.00    33s
2026-03-12 10:07:36,820 [INFO]   ★ best 32.25%
2026-03-12 10:08:09,865 [INFO]   Ep   8/130  train 3.6703 / 21.5%  val 2.6239 / 39.7%  lr 1.76e-04  GeM_p=3.00    33s
2026-03-12 10:08:10,088 [INFO]   ★ best 39.74%
2026-03-12 10:08:43,089 [INFO]   Ep   9/130  train 3.4474 / 26.5%  val 2.3731 / 47.7%  lr 1.92e-04  GeM_p=2.99    33s
2026-03-12 10:08:43,316 [INFO]   ★ best 47.71%
2026-03-12 10:09:16,310 [INFO]   Ep  10/130  train 3.2785 / 31.7%  val 2.2075 / 54.7%  lr 1.99e-04  GeM_p=2.99    33s
2026-03-12 10:09:16,536 [INFO]   ★ best 54.66%
2026-03-12 10:09:49,535 [INFO]   Ep  11/130  train 3.1218 / 36.6%  val 1.9799 / 61.0%  lr 2.00e-04  GeM_p=2.99    33s
2026-03-12 10:09:49,762 [INFO]   ★ best 60.97%
2026-03-12 10:10:22,751 [INFO]   Ep  12/130  train 3.0327 / 39.5%  val 1.9328 / 62.2%  lr 2.00e-04  GeM_p=2.99    33s
2026-03-12 10:10:22,978 [INFO]   ★ best 62.19%
2026-03-12 10:10:56,074 [INFO]   Ep  13/130  train 2.8759 / 43.7%  val 1.8611 / 64.5%  lr 2.00e-04  GeM_p=2.99    33s
2026-03-12 10:10:56,302 [INFO]   ★ best 64.46%
2026-03-12 10:11:29,268 [INFO]   Ep  14/130  train 2.7650 / 47.0%  val 1.7580 / 67.8%  lr 2.00e-04  GeM_p=2.99    33s
2026-03-12 10:11:29,491 [INFO]   ★ best 67.75%
2026-03-12 10:12:02,522 [INFO]   Ep  15/130  train 2.7284 / 48.3%  val 1.6827 / 71.2%  lr 1.99e-04  GeM_p=2.99    33s
2026-03-12 10:12:02,761 [INFO]   ★ best 71.21%
2026-03-12 10:12:35,824 [INFO]   Ep  16/130  train 2.7536 / 47.9%  val 1.7136 / 69.8%  lr 1.99e-04  GeM_p=2.99    33s
2026-03-12 10:13:08,868 [INFO]   Ep  17/130  train 2.5478 / 53.3%  val 1.6764 / 71.3%  lr 1.98e-04  GeM_p=2.98    33s
2026-03-12 10:13:09,125 [INFO]   ★ best 71.31%
2026-03-12 10:13:42,128 [INFO]   Ep  18/130  train 2.5857 / 51.9%  val 1.6463 / 72.2%  lr 1.98e-04  GeM_p=2.98    33s
2026-03-12 10:13:42,368 [INFO]   ★ best 72.23%
2026-03-12 10:14:15,610 [INFO]   Ep  19/130  train 2.4827 / 55.3%  val 1.5743 / 74.5%  lr 1.97e-04  GeM_p=2.98    33s
2026-03-12 10:14:15,853 [INFO]   ★ best 74.53%
2026-03-12 10:14:48,906 [INFO]   Ep  20/130  train 2.4744 / 55.6%  val 1.5738 / 74.4%  lr 1.97e-04  GeM_p=2.98    33s
2026-03-12 10:15:21,976 [INFO]   Ep  21/130  train 2.4289 / 57.4%  val 1.5592 / 75.1%  lr 1.96e-04  GeM_p=2.98    33s
2026-03-12 10:15:22,228 [INFO]   ★ best 75.08%
2026-03-12 10:15:55,356 [INFO]   Ep  22/130  train 2.3556 / 59.5%  val 1.5639 / 74.7%  lr 1.95e-04  GeM_p=2.98    33s
2026-03-12 10:16:28,380 [INFO]   Ep  23/130  train 2.3323 / 59.0%  val 1.5065 / 76.8%  lr 1.95e-04  GeM_p=2.98    33s
2026-03-12 10:16:28,620 [INFO]   ★ best 76.81%
2026-03-12 10:17:01,703 [INFO]   Ep  24/130  train 2.2933 / 61.4%  val 1.5016 / 77.6%  lr 1.94e-04  GeM_p=2.97    33s
2026-03-12 10:17:01,943 [INFO]   ★ best 77.59%
2026-03-12 10:17:35,115 [INFO]   Ep  25/130  train 2.2739 / 62.5%  val 1.4903 / 77.1%  lr 1.93e-04  GeM_p=2.97    33s
2026-03-12 10:18:08,127 [INFO]   Ep  26/130  train 2.2188 / 62.6%  val 1.4832 / 77.2%  lr 1.92e-04  GeM_p=2.97    33s
2026-03-12 10:18:41,208 [INFO]   Ep  27/130  train 2.1776 / 63.8%  val 1.4795 / 77.4%  lr 1.91e-04  GeM_p=2.97    33s
2026-03-12 10:19:14,243 [INFO]   Ep  28/130  train 2.1659 / 64.2%  val 1.4531 / 79.0%  lr 1.89e-04  GeM_p=2.97    33s
2026-03-12 10:19:14,481 [INFO]   ★ best 78.98%
2026-03-12 10:19:47,541 [INFO]   Ep  29/130  train 2.1927 / 62.8%  val 1.4827 / 77.3%  lr 1.88e-04  GeM_p=2.96    33s
2026-03-12 10:20:20,549 [INFO]   Ep  30/130  train 2.1041 / 65.9%  val 1.4563 / 78.3%  lr 1.87e-04  GeM_p=2.96    33s
2026-03-12 10:20:53,734 [INFO]   Ep  31/130  train 2.1670 / 63.4%  val 1.4407 / 79.5%  lr 1.86e-04  GeM_p=2.96    33s
2026-03-12 10:20:53,976 [INFO]   ★ best 79.52%
2026-03-12 10:21:27,071 [INFO]   Ep  32/130  train 2.0522 / 67.5%  val 1.4901 / 77.9%  lr 1.84e-04  GeM_p=2.96    33s
2026-03-12 10:22:00,184 [INFO]   Ep  33/130  train 2.0887 / 66.1%  val 1.4600 / 78.9%  lr 1.83e-04  GeM_p=2.95    33s
2026-03-12 10:22:33,212 [INFO]   Ep  34/130  train 2.1031 / 66.1%  val 1.4463 / 79.4%  lr 1.81e-04  GeM_p=2.95    33s
2026-03-12 10:23:06,265 [INFO]   Ep  35/130  train 2.0702 / 66.6%  val 1.4564 / 79.2%  lr 1.80e-04  GeM_p=2.95    33s
2026-03-12 10:23:39,262 [INFO]   Ep  36/130  train 2.0568 / 67.1%  val 1.4549 / 79.1%  lr 1.78e-04  GeM_p=2.94    33s
2026-03-12 10:24:12,442 [INFO]   Ep  37/130  train 1.9746 / 69.0%  val 1.4371 / 79.3%  lr 1.77e-04  GeM_p=2.94    33s
2026-03-12 10:24:45,477 [INFO]   Ep  38/130  train 2.0235 / 68.6%  val 1.4300 / 79.7%  lr 1.75e-04  GeM_p=2.94    33s
2026-03-12 10:24:45,718 [INFO]   ★ best 79.69%
2026-03-12 10:25:18,776 [INFO]   Ep  39/130  train 1.8755 / 71.6%  val 1.4345 / 79.6%  lr 1.73e-04  GeM_p=2.94    33s
2026-03-12 10:25:51,831 [INFO]   Ep  40/130  train 1.9900 / 68.4%  val 1.4584 / 79.2%  lr 1.71e-04  GeM_p=2.93    33s
2026-03-12 10:26:24,890 [INFO]   Ep  41/130  train 1.9724 / 68.6%  val 1.4850 / 78.0%  lr 1.69e-04  GeM_p=2.93    33s
2026-03-12 10:26:57,927 [INFO]   Ep  42/130  train 1.9295 / 68.9%  val 1.4515 / 79.0%  lr 1.67e-04  GeM_p=2.93    33s
2026-03-12 10:27:31,075 [INFO]   Ep  43/130  train 1.9085 / 69.6%  val 1.4795 / 77.9%  lr 1.66e-04  GeM_p=2.92    33s
2026-03-12 10:28:04,172 [INFO]   Ep  44/130  train 1.9171 / 70.8%  val 1.4497 / 79.4%  lr 1.64e-04  GeM_p=2.92    33s
2026-03-12 10:28:37,191 [INFO]   Ep  45/130  train 1.9600 / 68.5%  val 1.4356 / 79.6%  lr 1.61e-04  GeM_p=2.92    33s
2026-03-12 10:29:10,250 [INFO]   Ep  46/130  train 1.8649 / 71.3%  val 1.4521 / 79.8%  lr 1.59e-04  GeM_p=2.92    33s
2026-03-12 10:29:10,490 [INFO]   ★ best 79.79%
2026-03-12 10:29:43,475 [INFO]   Ep  47/130  train 1.8126 / 73.2%  val 1.4266 / 79.9%  lr 1.57e-04  GeM_p=2.91    33s
2026-03-12 10:29:43,712 [INFO]   ★ best 79.89%
2026-03-12 10:30:16,737 [INFO]   Ep  48/130  train 1.9100 / 69.8%  val 1.4403 / 79.7%  lr 1.55e-04  GeM_p=2.91    33s
2026-03-12 10:30:49,872 [INFO]   Ep  49/130  train 1.9136 / 69.4%  val 1.4618 / 79.7%  lr 1.53e-04  GeM_p=2.91    33s
2026-03-12 10:31:22,912 [INFO]   Ep  50/130  train 1.9543 / 67.9%  val 1.4421 / 80.1%  lr 1.51e-04  GeM_p=2.90    33s
2026-03-12 10:31:23,159 [INFO]   ★ best 80.13%
2026-03-12 10:31:56,167 [INFO]   Ep  51/130  train 1.7785 / 74.1%  val 1.4438 / 80.3%  lr 1.48e-04  GeM_p=2.90    33s
2026-03-12 10:31:56,404 [INFO]   ★ best 80.26%
2026-03-12 10:32:29,493 [INFO]   Ep  52/130  train 1.8313 / 72.0%  val 1.4592 / 79.5%  lr 1.46e-04  GeM_p=2.90    33s
2026-03-12 10:33:02,549 [INFO]   Ep  53/130  train 1.8820 / 70.4%  val 1.4625 / 79.5%  lr 1.44e-04  GeM_p=2.90    33s
2026-03-12 10:33:35,549 [INFO]   Ep  54/130  train 1.8694 / 70.4%  val 1.4489 / 79.3%  lr 1.41e-04  GeM_p=2.89    33s
2026-03-12 10:34:08,739 [INFO]   Ep  55/130  train 1.8219 / 72.2%  val 1.4520 / 80.1%  lr 1.39e-04  GeM_p=2.89    33s
2026-03-12 10:34:41,778 [INFO]   Ep  56/130  train 1.7831 / 72.9%  val 1.4505 / 80.0%  lr 1.36e-04  GeM_p=2.89    33s
2026-03-12 10:35:14,889 [INFO]   Ep  57/130  train 1.7736 / 73.0%  val 1.4578 / 79.7%  lr 1.34e-04  GeM_p=2.88    33s
2026-03-12 10:35:47,948 [INFO]   Ep  58/130  train 1.8018 / 72.7%  val 1.4321 / 80.9%  lr 1.31e-04  GeM_p=2.88    33s
2026-03-12 10:35:48,182 [INFO]   ★ best 80.94%
2026-03-12 10:36:21,225 [INFO]   Ep  59/130  train 1.7736 / 72.8%  val 1.4372 / 80.6%  lr 1.29e-04  GeM_p=2.88    33s
2026-03-12 10:36:54,288 [INFO]   Ep  60/130  train 1.7741 / 73.1%  val 1.4802 / 80.2%  lr 1.26e-04  GeM_p=2.88    33s
2026-03-12 10:37:27,416 [INFO]   Ep  61/130  train 1.8012 / 72.4%  val 1.4466 / 80.8%  lr 1.24e-04  GeM_p=2.88    33s
2026-03-12 10:38:00,459 [INFO]   Ep  62/130  train 1.7590 / 73.0%  val 1.4437 / 80.4%  lr 1.21e-04  GeM_p=2.87    33s
2026-03-12 10:38:33,512 [INFO]   Ep  63/130  train 1.8152 / 71.0%  val 1.4421 / 80.3%  lr 1.19e-04  GeM_p=2.87    33s
2026-03-12 10:39:06,543 [INFO]   Ep  64/130  train 1.7256 / 74.4%  val 1.4713 / 80.5%  lr 1.16e-04  GeM_p=2.87    33s
2026-03-12 10:39:39,564 [INFO]   Ep  65/130  train 1.7538 / 73.3%  val 1.4971 / 79.4%  lr 1.14e-04  GeM_p=2.87    33s
2026-03-12 10:40:12,616 [INFO]   Ep  66/130  train 1.7550 / 72.8%  val 1.4579 / 80.8%  lr 1.11e-04  GeM_p=2.87    33s
2026-03-12 10:40:45,749 [INFO]   Ep  67/130  train 1.7996 / 70.7%  val 1.4600 / 80.1%  lr 1.08e-04  GeM_p=2.86    33s
2026-03-12 10:41:18,780 [INFO]   Ep  68/130  train 1.7431 / 73.1%  val 1.4438 / 81.8%  lr 1.06e-04  GeM_p=2.86    33s
2026-03-12 10:41:19,025 [INFO]   ★ best 81.76%
2026-03-12 10:41:52,092 [INFO]   Ep  69/130  train 1.7120 / 73.8%  val 1.4647 / 80.5%  lr 1.03e-04  GeM_p=2.86    33s
2026-03-12 10:42:25,120 [INFO]   Ep  70/130  train 1.7190 / 73.8%  val 1.4892 / 80.0%  lr 1.01e-04  GeM_p=2.86    33s
2026-03-12 10:42:58,161 [INFO]   Ep  71/130  train 1.7625 / 73.2%  val 1.4849 / 80.3%  lr 9.79e-05  GeM_p=2.85    33s
2026-03-12 10:43:31,211 [INFO]   Ep  72/130  train 1.7164 / 73.4%  val 1.4740 / 80.6%  lr 9.53e-05  GeM_p=2.85    33s
2026-03-12 10:44:04,368 [INFO]   Ep  73/130  train 1.7139 / 74.0%  val 1.4697 / 80.3%  lr 9.26e-05  GeM_p=2.85    33s
2026-03-12 10:44:37,402 [INFO]   Ep  74/130  train 1.7037 / 74.6%  val 1.4830 / 80.8%  lr 9.00e-05  GeM_p=2.85    33s
2026-03-12 10:45:10,359 [INFO]   Ep  75/130  train 1.6875 / 74.5%  val 1.4466 / 81.3%  lr 8.74e-05  GeM_p=2.85    33s
2026-03-12 10:45:43,356 [INFO]   Ep  76/130  train 1.6855 / 74.0%  val 1.4610 / 80.7%  lr 8.48e-05  GeM_p=2.85    33s
2026-03-12 10:46:16,381 [INFO]   Ep  77/130  train 1.7022 / 73.2%  val 1.4827 / 80.7%  lr 8.22e-05  GeM_p=2.85    33s
2026-03-12 10:46:49,390 [INFO]   Ep  78/130  train 1.6760 / 74.4%  val 1.4537 / 82.1%  lr 7.96e-05  GeM_p=2.84    33s
2026-03-12 10:46:49,634 [INFO]   ★ best 82.06%
2026-03-12 10:47:22,654 [INFO]   Ep  79/130  train 1.6977 / 73.7%  val 1.4696 / 81.3%  lr 7.71e-05  GeM_p=2.84    33s
2026-03-12 10:47:55,845 [INFO]   Ep  80/130  train 1.6649 / 75.4%  val 1.4747 / 81.2%  lr 7.45e-05  GeM_p=2.84    33s [SWA]
2026-03-12 10:48:28,877 [INFO]   Ep  81/130  train 1.6857 / 73.7%  val 1.4527 / 81.7%  lr 7.20e-05  GeM_p=2.84    33s [SWA]
2026-03-12 10:49:01,903 [INFO]   Ep  82/130  train 1.7480 / 72.0%  val 1.4644 / 81.0%  lr 6.95e-05  GeM_p=2.84    33s [SWA]
2026-03-12 10:49:34,938 [INFO]   Ep  83/130  train 1.5979 / 76.5%  val 1.4604 / 81.6%  lr 6.70e-05  GeM_p=2.84    33s [SWA]
2026-03-12 10:50:07,982 [INFO]   Ep  84/130  train 1.6714 / 73.7%  val 1.4684 / 80.9%  lr 6.45e-05  GeM_p=2.84    33s [SWA]
2026-03-12 10:50:41,005 [INFO]   Ep  85/130  train 1.6785 / 74.1%  val 1.4808 / 81.2%  lr 6.21e-05  GeM_p=2.84    33s [SWA]
2026-03-12 10:51:14,166 [INFO]   Ep  86/130  train 1.6313 / 75.8%  val 1.4476 / 81.8%  lr 5.97e-05  GeM_p=2.84    33s [SWA]
2026-03-12 10:51:47,164 [INFO]   Ep  87/130  train 1.6792 / 72.6%  val 1.4582 / 81.6%  lr 5.73e-05  GeM_p=2.83    33s [SWA]
2026-03-12 10:52:20,165 [INFO]   Ep  88/130  train 1.6811 / 73.8%  val 1.4617 / 81.0%  lr 5.49e-05  GeM_p=2.83    33s [SWA]
2026-03-12 10:52:53,151 [INFO]   Ep  89/130  train 1.6798 / 73.1%  val 1.4597 / 82.0%  lr 5.26e-05  GeM_p=2.83    33s [SWA]
2026-03-12 10:53:26,193 [INFO]   Ep  90/130  train 1.6389 / 75.1%  val 1.4687 / 80.7%  lr 5.03e-05  GeM_p=2.83    33s [SWA]
2026-03-12 10:53:59,166 [INFO]   Ep  91/130  train 1.6425 / 75.1%  val 1.4401 / 81.7%  lr 4.80e-05  GeM_p=2.83    33s [SWA]
2026-03-12 10:54:32,302 [INFO]   Ep  92/130  train 1.6702 / 73.6%  val 1.4528 / 81.6%  lr 4.58e-05  GeM_p=2.83    33s [SWA]
2026-03-12 10:55:05,387 [INFO]   Ep  93/130  train 1.6507 / 75.2%  val 1.4280 / 82.5%  lr 4.36e-05  GeM_p=2.83    33s [SWA]
2026-03-12 10:55:05,631 [INFO]   ★ best 82.50%
2026-03-12 10:55:38,659 [INFO]   Ep  94/130  train 1.6568 / 74.0%  val 1.4385 / 81.9%  lr 4.15e-05  GeM_p=2.83    33s [SWA]
2026-03-12 10:56:11,685 [INFO]   Ep  95/130  train 1.6577 / 74.0%  val 1.4459 / 81.8%  lr 3.94e-05  GeM_p=2.83    33s [SWA]
2026-03-12 10:56:44,678 [INFO]   Ep  96/130  train 1.5839 / 76.1%  val 1.4493 / 81.9%  lr 3.73e-05  GeM_p=2.83    33s [SWA]
2026-03-12 10:57:17,637 [INFO]   Ep  97/130  train 1.6362 / 73.2%  val 1.4662 / 81.5%  lr 3.53e-05  GeM_p=2.83    33s [SWA]
2026-03-12 10:57:50,814 [INFO]   Ep  98/130  train 1.6695 / 74.0%  val 1.4353 / 82.4%  lr 3.33e-05  GeM_p=2.83    33s [SWA]
2026-03-12 10:58:23,819 [INFO]   Ep  99/130  train 1.6320 / 74.0%  val 1.4615 / 81.8%  lr 3.14e-05  GeM_p=2.83    33s [SWA]
2026-03-12 10:58:56,834 [INFO]   Ep 100/130  train 1.5750 / 77.0%  val 1.4468 / 82.3%  lr 2.95e-05  GeM_p=2.82    33s [SWA]
2026-03-12 10:59:29,853 [INFO]   Ep 101/130  train 1.6151 / 74.7%  val 1.4452 / 82.3%  lr 2.76e-05  GeM_p=2.82    33s [SWA]
2026-03-12 11:00:02,878 [INFO]   Ep 102/130  train 1.6078 / 74.5%  val 1.4293 / 82.3%  lr 2.58e-05  GeM_p=2.82    33s [SWA]
2026-03-12 11:00:35,903 [INFO]   Ep 103/130  train 1.5885 / 77.4%  val 1.4452 / 82.2%  lr 2.41e-05  GeM_p=2.82    33s [SWA]
2026-03-12 11:01:09,044 [INFO]   Ep 104/130  train 1.5927 / 75.7%  val 1.4383 / 82.4%  lr 2.24e-05  GeM_p=2.82    33s [SWA]
2026-03-12 11:01:42,078 [INFO]   Ep 105/130  train 1.5827 / 76.1%  val 1.4350 / 82.4%  lr 2.08e-05  GeM_p=2.82    33s [SWA]
2026-03-12 11:02:15,101 [INFO]   Ep 106/130  train 1.5629 / 76.5%  val 1.4231 / 83.0%  lr 1.92e-05  GeM_p=2.82    33s [SWA]
2026-03-12 11:02:15,348 [INFO]   ★ best 82.98%
2026-03-12 11:02:48,348 [INFO]   Ep 107/130  train 1.5476 / 76.9%  val 1.4268 / 82.7%  lr 1.77e-05  GeM_p=2.82    33s [SWA]
2026-03-12 11:03:21,359 [INFO]   Ep 108/130  train 1.5738 / 77.1%  val 1.4409 / 82.4%  lr 1.62e-05  GeM_p=2.82    33s [SWA]
2026-03-12 11:03:54,398 [INFO]   Ep 109/130  train 1.5482 / 77.3%  val 1.4405 / 83.0%  lr 1.48e-05  GeM_p=2.82    33s [SWA]
2026-03-12 11:03:54,642 [INFO]   ★ best 83.05%
2026-03-12 11:04:27,788 [INFO]   Ep 110/130  train 1.5492 / 76.4%  val 1.4324 / 82.5%  lr 1.35e-05  GeM_p=2.82    33s [SWA]
2026-03-12 11:05:00,853 [INFO]   Ep 111/130  train 1.5332 / 76.8%  val 1.4384 / 82.1%  lr 1.22e-05  GeM_p=2.82    33s [SWA]
2026-03-12 11:05:33,920 [INFO]   Ep 112/130  train 1.5864 / 75.5%  val 1.4468 / 82.2%  lr 1.10e-05  GeM_p=2.82    33s [SWA]
2026-03-12 11:06:06,970 [INFO]   Ep 113/130  train 1.6310 / 74.9%  val 1.4392 / 82.6%  lr 9.81e-06  GeM_p=2.82    33s [SWA]
2026-03-12 11:06:40,058 [INFO]   Ep 114/130  train 1.6108 / 74.5%  val 1.4454 / 82.3%  lr 8.71e-06  GeM_p=2.82    33s [SWA]
2026-03-12 11:07:13,127 [INFO]   Ep 115/130  train 1.6070 / 75.0%  val 1.4388 / 82.4%  lr 7.67e-06  GeM_p=2.82    33s [SWA]
2026-03-12 11:07:46,288 [INFO]   Ep 116/130  train 1.5464 / 76.6%  val 1.4406 / 82.2%  lr 6.69e-06  GeM_p=2.82    33s [SWA]
2026-03-12 11:08:19,281 [INFO]   Ep 117/130  train 1.5949 / 75.7%  val 1.4380 / 82.6%  lr 5.78e-06  GeM_p=2.82    33s [SWA]
2026-03-12 11:08:52,314 [INFO]   Ep 118/130  train 1.5927 / 73.8%  val 1.4342 / 82.4%  lr 4.93e-06  GeM_p=2.82    33s [SWA]
2026-03-12 11:09:25,385 [INFO]   Ep 119/130  train 1.6198 / 74.9%  val 1.4346 / 82.3%  lr 4.15e-06  GeM_p=2.82    33s [SWA]
2026-03-12 11:09:58,442 [INFO]   Ep 120/130  train 1.6375 / 73.2%  val 1.4283 / 82.6%  lr 3.44e-06  GeM_p=2.82    33s [SWA]
2026-03-12 11:10:31,490 [INFO]   Ep 121/130  train 1.6179 / 74.6%  val 1.4330 / 82.6%  lr 2.79e-06  GeM_p=2.82    33s [SWA]
2026-03-12 11:11:04,707 [INFO]   Ep 122/130  train 1.5982 / 74.8%  val 1.4346 / 82.5%  lr 2.21e-06  GeM_p=2.82    33s [SWA]
2026-03-12 11:11:37,741 [INFO]   Ep 123/130  train 1.5622 / 76.3%  val 1.4334 / 82.4%  lr 1.69e-06  GeM_p=2.82    33s [SWA]
2026-03-12 11:12:10,847 [INFO]   Ep 124/130  train 1.6037 / 75.9%  val 1.4342 / 82.5%  lr 1.25e-06  GeM_p=2.82    33s [SWA]
2026-03-12 11:12:43,942 [INFO]   Ep 125/130  train 1.6006 / 75.4%  val 1.4332 / 82.7%  lr 8.68e-07  GeM_p=2.82    33s [SWA]
2026-03-12 11:13:16,968 [INFO]   Ep 126/130  train 1.5813 / 75.9%  val 1.4334 / 82.6%  lr 5.58e-07  GeM_p=2.82    33s [SWA]
2026-03-12 11:13:50,035 [INFO]   Ep 127/130  train 1.5396 / 76.8%  val 1.4328 / 82.6%  lr 3.17e-07  GeM_p=2.82    33s [SWA]
2026-03-12 11:14:23,214 [INFO]   Ep 128/130  train 1.5551 / 75.5%  val 1.4330 / 82.6%  lr 1.45e-07  GeM_p=2.82    33s [SWA]
2026-03-12 11:14:56,265 [INFO]   Ep 129/130  train 1.6016 / 76.6%  val 1.4330 / 82.6%  lr 4.22e-08  GeM_p=2.82    33s [SWA]
2026-03-12 11:15:29,314 [INFO]   Ep 130/130  train 1.5784 / 75.6%  val 1.4331 / 82.6%  lr 8.00e-09  GeM_p=2.82    33s [SWA]
2026-03-12 11:15:29,314 [INFO] Updating SWA batch norm statistics …
2026-03-12 11:15:31,232 [INFO]   SWA val: 1.4136 / 82.54%  (best individual: 83.05%)
2026-03-12 11:15:31,420 [INFO]   Fold 1 — best: 83.05%, SWA: 82.54%
2026-03-12 11:15:31,670 [INFO] ================================================================
2026-03-12 11:15:31,670 [INFO] FOLD 2 / 5
2026-03-12 11:15:31,670 [INFO] ================================================================
2026-03-12 11:15:32,049 [INFO] Loading pretrained weights from Hugging Face hub (timm/convnext_small.fb_in22k_ft_in1k)
2026-03-12 11:15:32,209 [INFO] HTTP Request: HEAD https://huggingface.co/timm/convnext_small.fb_in22k_ft_in1k/resolve/main/model.safetensors "HTTP/1.1 302 Found"
2026-03-12 11:15:32,210 [INFO] [timm/convnext_small.fb_in22k_ft_in1k] Safe alternative available for 'pytorch_model.bin' (as 'model.safetensors'). Loading weights using safetensors.
2026-03-12 11:15:32,307 [INFO] Model: convnext_small.fb_in22k_ft_in1k  |  49.55M params
2026-03-12 11:15:32,308 [INFO] LLRD: 12 groups, LR [6.55e-05 … 2.00e-04]
2026-03-12 11:16:05,757 [INFO]   Ep   1/130  train 5.0425 / 0.8%  val 4.8391 / 0.9%  lr 1.24e-05  GeM_p=3.00    33s
2026-03-12 11:16:05,937 [INFO]   ★ best 0.95%
2026-03-12 11:16:38,935 [INFO]   Ep   2/130  train 4.8467 / 0.6%  val 4.8299 / 1.4%  lr 2.50e-05  GeM_p=3.00    33s
2026-03-12 11:16:39,168 [INFO]   ★ best 1.42%
2026-03-12 11:17:12,313 [INFO]   Ep   3/130  train 4.8049 / 1.3%  val 4.6566 / 2.4%  lr 4.48e-05  GeM_p=3.00    33s
2026-03-12 11:17:12,559 [INFO]   ★ best 2.37%
2026-03-12 11:17:45,577 [INFO]   Ep   4/130  train 4.6914 / 2.0%  val 4.3888 / 4.8%  lr 7.00e-05  GeM_p=3.00    33s
2026-03-12 11:17:45,814 [INFO]   ★ best 4.85%
2026-03-12 11:18:18,816 [INFO]   Ep   5/130  train 4.5041 / 4.2%  val 3.9445 / 12.3%  lr 9.83e-05  GeM_p=3.00    33s
2026-03-12 11:18:19,060 [INFO]   ★ best 12.34%
2026-03-12 11:18:52,068 [INFO]   Ep   6/130  train 4.2688 / 8.4%  val 3.3962 / 21.7%  lr 1.27e-04  GeM_p=3.00    33s
2026-03-12 11:18:52,306 [INFO]   ★ best 21.67%
2026-03-12 11:19:25,307 [INFO]   Ep   7/130  train 3.9155 / 14.9%  val 3.0417 / 27.7%  lr 1.54e-04  GeM_p=3.00    33s
2026-03-12 11:19:25,544 [INFO]   ★ best 27.67%
2026-03-12 11:19:58,527 [INFO]   Ep   8/130  train 3.6386 / 21.7%  val 2.5288 / 43.0%  lr 1.76e-04  GeM_p=3.00    33s
2026-03-12 11:19:58,762 [INFO]   ★ best 43.00%
2026-03-12 11:20:31,907 [INFO]   Ep   9/130  train 3.4086 / 27.9%  val 2.4213 / 46.2%  lr 1.92e-04  GeM_p=3.00    33s
2026-03-12 11:20:32,143 [INFO]   ★ best 46.15%
2026-03-12 11:21:05,103 [INFO]   Ep  10/130  train 3.2784 / 31.6%  val 2.0782 / 56.9%  lr 1.99e-04  GeM_p=3.00    33s
2026-03-12 11:21:05,343 [INFO]   ★ best 56.93%
2026-03-12 11:21:38,385 [INFO]   Ep  11/130  train 3.1932 / 35.1%  val 2.0173 / 60.4%  lr 2.00e-04  GeM_p=2.99    33s
2026-03-12 11:21:38,625 [INFO]   ★ best 60.39%
2026-03-12 11:22:11,610 [INFO]   Ep  12/130  train 3.0814 / 38.2%  val 1.9129 / 62.9%  lr 2.00e-04  GeM_p=2.99    33s
2026-03-12 11:22:11,858 [INFO]   ★ best 62.87%
2026-03-12 11:22:44,834 [INFO]   Ep  13/130  train 2.8833 / 43.2%  val 1.8139 / 66.3%  lr 2.00e-04  GeM_p=2.99    33s
2026-03-12 11:22:45,080 [INFO]   ★ best 66.29%
2026-03-12 11:23:18,078 [INFO]   Ep  14/130  train 2.8543 / 45.0%  val 1.8258 / 65.8%  lr 2.00e-04  GeM_p=2.99    33s
2026-03-12 11:23:51,233 [INFO]   Ep  15/130  train 2.6954 / 49.5%  val 1.7030 / 70.6%  lr 1.99e-04  GeM_p=2.99    33s
2026-03-12 11:23:51,483 [INFO]   ★ best 70.57%
2026-03-12 11:24:24,412 [INFO]   Ep  16/130  train 2.6457 / 50.9%  val 1.7330 / 70.4%  lr 1.99e-04  GeM_p=2.99    33s
2026-03-12 11:24:57,426 [INFO]   Ep  17/130  train 2.6686 / 50.8%  val 1.6650 / 72.1%  lr 1.98e-04  GeM_p=2.98    33s
2026-03-12 11:24:57,671 [INFO]   ★ best 72.13%
2026-03-12 11:25:30,659 [INFO]   Ep  18/130  train 2.4894 / 55.4%  val 1.6424 / 72.3%  lr 1.98e-04  GeM_p=2.98    33s
2026-03-12 11:25:30,900 [INFO]   ★ best 72.30%
2026-03-12 11:26:03,880 [INFO]   Ep  19/130  train 2.4649 / 56.2%  val 1.5754 / 75.5%  lr 1.97e-04  GeM_p=2.98    33s
2026-03-12 11:26:04,130 [INFO]   ★ best 75.48%
2026-03-12 11:26:37,133 [INFO]   Ep  20/130  train 2.3483 / 59.7%  val 1.5768 / 75.6%  lr 1.97e-04  GeM_p=2.98    33s
2026-03-12 11:26:37,384 [INFO]   ★ best 75.62%
2026-03-12 11:27:10,532 [INFO]   Ep  21/130  train 2.4226 / 57.2%  val 1.5399 / 76.5%  lr 1.96e-04  GeM_p=2.98    33s
2026-03-12 11:27:10,776 [INFO]   ★ best 76.53%
2026-03-12 11:27:43,821 [INFO]   Ep  22/130  train 2.3834 / 59.3%  val 1.5560 / 75.6%  lr 1.95e-04  GeM_p=2.98    33s
2026-03-12 11:28:16,841 [INFO]   Ep  23/130  train 2.4002 / 58.2%  val 1.5277 / 77.3%  lr 1.95e-04  GeM_p=2.97    33s
2026-03-12 11:28:17,086 [INFO]   ★ best 77.28%
2026-03-12 11:28:50,103 [INFO]   Ep  24/130  train 2.3315 / 60.5%  val 1.5475 / 77.3%  lr 1.94e-04  GeM_p=2.97    33s
2026-03-12 11:28:50,350 [INFO]   ★ best 77.35%
2026-03-12 11:29:23,354 [INFO]   Ep  25/130  train 2.3276 / 60.4%  val 1.5216 / 77.5%  lr 1.93e-04  GeM_p=2.97    33s
2026-03-12 11:29:23,597 [INFO]   ★ best 77.52%
2026-03-12 11:29:56,576 [INFO]   Ep  26/130  train 2.2143 / 63.4%  val 1.5552 / 76.7%  lr 1.92e-04  GeM_p=2.97    33s
2026-03-12 11:30:29,754 [INFO]   Ep  27/130  train 2.2643 / 62.5%  val 1.5425 / 76.2%  lr 1.91e-04  GeM_p=2.96    33s
2026-03-12 11:31:02,756 [INFO]   Ep  28/130  train 2.2465 / 62.9%  val 1.5172 / 77.8%  lr 1.89e-04  GeM_p=2.96    33s
2026-03-12 11:31:03,003 [INFO]   ★ best 77.79%
2026-03-12 11:31:35,981 [INFO]   Ep  29/130  train 2.1557 / 65.0%  val 1.5408 / 77.9%  lr 1.88e-04  GeM_p=2.96    33s
2026-03-12 11:31:36,232 [INFO]   ★ best 77.89%
2026-03-12 11:32:09,208 [INFO]   Ep  30/130  train 2.1996 / 64.0%  val 1.5297 / 77.3%  lr 1.87e-04  GeM_p=2.95    33s
2026-03-12 11:32:42,190 [INFO]   Ep  31/130  train 2.1542 / 64.7%  val 1.4920 / 78.4%  lr 1.86e-04  GeM_p=2.95    33s
2026-03-12 11:32:42,439 [INFO]   ★ best 78.37%
2026-03-12 11:33:15,427 [INFO]   Ep  32/130  train 2.0291 / 68.3%  val 1.4748 / 79.3%  lr 1.84e-04  GeM_p=2.95    33s
2026-03-12 11:33:15,670 [INFO]   ★ best 79.28%
2026-03-12 11:33:48,745 [INFO]   Ep  33/130  train 2.1190 / 66.5%  val 1.4656 / 79.5%  lr 1.83e-04  GeM_p=2.94    33s
2026-03-12 11:33:48,993 [INFO]   ★ best 79.52%
2026-03-12 11:34:22,064 [INFO]   Ep  34/130  train 2.0176 / 68.2%  val 1.5161 / 77.6%  lr 1.81e-04  GeM_p=2.94    33s
2026-03-12 11:34:55,087 [INFO]   Ep  35/130  train 2.0667 / 66.5%  val 1.4940 / 78.9%  lr 1.80e-04  GeM_p=2.94    33s
2026-03-12 11:35:28,088 [INFO]   Ep  36/130  train 2.0455 / 67.1%  val 1.4800 / 79.4%  lr 1.78e-04  GeM_p=2.93    33s
2026-03-12 11:36:01,079 [INFO]   Ep  37/130  train 2.0179 / 67.8%  val 1.4615 / 79.2%  lr 1.77e-04  GeM_p=2.93    33s
2026-03-12 11:36:34,102 [INFO]   Ep  38/130  train 1.9901 / 68.4%  val 1.4792 / 79.6%  lr 1.75e-04  GeM_p=2.93    33s
2026-03-12 11:36:34,354 [INFO]   ★ best 79.62%
2026-03-12 11:37:07,472 [INFO]   Ep  39/130  train 2.0032 / 68.2%  val 1.4745 / 79.5%  lr 1.73e-04  GeM_p=2.92    33s
2026-03-12 11:37:40,522 [INFO]   Ep  40/130  train 1.9750 / 68.3%  val 1.4917 / 79.0%  lr 1.71e-04  GeM_p=2.92    33s
2026-03-12 11:38:13,517 [INFO]   Ep  41/130  train 1.9405 / 70.5%  val 1.5055 / 79.1%  lr 1.69e-04  GeM_p=2.92    33s
2026-03-12 11:38:46,517 [INFO]   Ep  42/130  train 1.9759 / 69.6%  val 1.4727 / 80.0%  lr 1.67e-04  GeM_p=2.91    33s
2026-03-12 11:38:46,770 [INFO]   ★ best 80.03%
2026-03-12 11:39:19,775 [INFO]   Ep  43/130  train 2.0085 / 68.0%  val 1.4683 / 80.5%  lr 1.66e-04  GeM_p=2.91    33s
2026-03-12 11:39:20,022 [INFO]   ★ best 80.50%
2026-03-12 11:39:52,998 [INFO]   Ep  44/130  train 1.9208 / 70.2%  val 1.4718 / 80.5%  lr 1.64e-04  GeM_p=2.91    33s
2026-03-12 11:39:53,231 [INFO]   ★ best 80.54%
2026-03-12 11:40:26,403 [INFO]   Ep  45/130  train 1.8728 / 71.4%  val 1.4539 / 80.3%  lr 1.61e-04  GeM_p=2.91    33s
2026-03-12 11:40:59,413 [INFO]   Ep  46/130  train 1.8641 / 71.8%  val 1.4940 / 78.9%  lr 1.59e-04  GeM_p=2.90    33s
2026-03-12 11:41:32,429 [INFO]   Ep  47/130  train 1.9804 / 68.4%  val 1.4615 / 80.2%  lr 1.57e-04  GeM_p=2.90    33s
2026-03-12 11:42:05,463 [INFO]   Ep  48/130  train 1.8833 / 72.5%  val 1.4519 / 80.9%  lr 1.55e-04  GeM_p=2.90    33s
2026-03-12 11:42:05,713 [INFO]   ★ best 80.87%
2026-03-12 11:42:38,697 [INFO]   Ep  49/130  train 1.9585 / 68.2%  val 1.4284 / 81.5%  lr 1.53e-04  GeM_p=2.89    33s
2026-03-12 11:42:38,947 [INFO]   ★ best 81.52%
2026-03-12 11:43:11,956 [INFO]   Ep  50/130  train 1.9319 / 69.2%  val 1.4365 / 81.0%  lr 1.51e-04  GeM_p=2.89    33s
2026-03-12 11:43:45,121 [INFO]   Ep  51/130  train 1.9236 / 68.9%  val 1.4400 / 81.2%  lr 1.48e-04  GeM_p=2.89    33s
2026-03-12 11:44:18,169 [INFO]   Ep  52/130  train 1.8443 / 70.8%  val 1.4648 / 80.5%  lr 1.46e-04  GeM_p=2.89    33s
2026-03-12 11:44:51,143 [INFO]   Ep  53/130  train 1.8533 / 71.9%  val 1.4399 / 80.6%  lr 1.44e-04  GeM_p=2.88    33s
2026-03-12 11:45:24,144 [INFO]   Ep  54/130  train 1.8382 / 71.2%  val 1.4618 / 80.2%  lr 1.41e-04  GeM_p=2.88    33s
2026-03-12 11:45:57,143 [INFO]   Ep  55/130  train 1.9016 / 69.4%  val 1.4379 / 80.7%  lr 1.39e-04  GeM_p=2.88    33s
2026-03-12 11:46:30,225 [INFO]   Ep  56/130  train 1.8461 / 70.6%  val 1.4417 / 80.3%  lr 1.36e-04  GeM_p=2.87    33s
2026-03-12 11:47:03,363 [INFO]   Ep  57/130  train 1.8212 / 72.0%  val 1.4330 / 81.8%  lr 1.34e-04  GeM_p=2.87    33s
2026-03-12 11:47:03,613 [INFO]   ★ best 81.76%
2026-03-12 11:47:36,655 [INFO]   Ep  58/130  train 1.8854 / 69.1%  val 1.4372 / 81.0%  lr 1.31e-04  GeM_p=2.87    33s
2026-03-12 11:48:09,664 [INFO]   Ep  59/130  train 1.8024 / 72.2%  val 1.4831 / 80.2%  lr 1.29e-04  GeM_p=2.87    33s
2026-03-12 11:48:42,639 [INFO]   Ep  60/130  train 1.7764 / 72.8%  val 1.4244 / 81.7%  lr 1.26e-04  GeM_p=2.86    33s
2026-03-12 11:49:15,690 [INFO]   Ep  61/130  train 1.7804 / 73.1%  val 1.4368 / 81.2%  lr 1.24e-04  GeM_p=2.86    33s
2026-03-12 11:49:48,747 [INFO]   Ep  62/130  train 1.7878 / 71.4%  val 1.4365 / 81.4%  lr 1.21e-04  GeM_p=2.86    33s
2026-03-12 11:50:21,917 [INFO]   Ep  63/130  train 1.7679 / 73.0%  val 1.4421 / 81.2%  lr 1.19e-04  GeM_p=2.86    33s
2026-03-12 11:50:54,879 [INFO]   Ep  64/130  train 1.7395 / 74.0%  val 1.4507 / 81.7%  lr 1.16e-04  GeM_p=2.85    33s
2026-03-12 11:51:27,924 [INFO]   Ep  65/130  train 1.8003 / 71.6%  val 1.4303 / 81.4%  lr 1.14e-04  GeM_p=2.85    33s
2026-03-12 11:52:00,997 [INFO]   Ep  66/130  train 1.7174 / 74.6%  val 1.4586 / 80.8%  lr 1.11e-04  GeM_p=2.85    33s
2026-03-12 11:52:34,037 [INFO]   Ep  67/130  train 1.8182 / 71.1%  val 1.4509 / 80.8%  lr 1.08e-04  GeM_p=2.85    33s
2026-03-12 11:53:07,087 [INFO]   Ep  68/130  train 1.7279 / 73.1%  val 1.4531 / 81.6%  lr 1.06e-04  GeM_p=2.85    33s
2026-03-12 11:53:40,193 [INFO]   Ep  69/130  train 1.7549 / 73.4%  val 1.4625 / 81.4%  lr 1.03e-04  GeM_p=2.85    33s
2026-03-12 11:54:13,248 [INFO]   Ep  70/130  train 1.7515 / 72.7%  val 1.4313 / 81.8%  lr 1.01e-04  GeM_p=2.84    33s
2026-03-12 11:54:13,501 [INFO]   ★ best 81.82%
2026-03-12 11:54:46,505 [INFO]   Ep  71/130  train 1.7224 / 73.5%  val 1.4411 / 81.7%  lr 9.79e-05  GeM_p=2.84    33s
2026-03-12 11:55:19,507 [INFO]   Ep  72/130  train 1.7762 / 73.4%  val 1.4410 / 81.8%  lr 9.53e-05  GeM_p=2.84    33s
2026-03-12 11:55:52,503 [INFO]   Ep  73/130  train 1.7328 / 73.5%  val 1.4236 / 82.0%  lr 9.26e-05  GeM_p=2.84    33s
2026-03-12 11:55:52,754 [INFO]   ★ best 81.99%
2026-03-12 11:56:25,742 [INFO]   Ep  74/130  train 1.7429 / 72.8%  val 1.4299 / 82.6%  lr 9.00e-05  GeM_p=2.84    33s
2026-03-12 11:56:25,988 [INFO]   ★ best 82.64%
2026-03-12 11:56:58,996 [INFO]   Ep  75/130  train 1.6906 / 74.3%  val 1.4310 / 82.1%  lr 8.74e-05  GeM_p=2.84    33s
2026-03-12 11:57:32,140 [INFO]   Ep  76/130  train 1.6684 / 74.6%  val 1.4615 / 81.9%  lr 8.48e-05  GeM_p=2.83    33s
2026-03-12 11:58:05,108 [INFO]   Ep  77/130  train 1.7391 / 73.2%  val 1.4507 / 81.9%  lr 8.22e-05  GeM_p=2.83    33s
2026-03-12 11:58:38,114 [INFO]   Ep  78/130  train 1.6982 / 73.7%  val 1.4554 / 81.8%  lr 7.96e-05  GeM_p=2.83    33s
2026-03-12 11:59:11,108 [INFO]   Ep  79/130  train 1.6675 / 74.8%  val 1.4637 / 81.6%  lr 7.71e-05  GeM_p=2.83    33s
2026-03-12 11:59:44,174 [INFO]   Ep  80/130  train 1.6736 / 74.6%  val 1.4310 / 82.2%  lr 7.45e-05  GeM_p=2.83    33s [SWA]
2026-03-12 12:00:17,183 [INFO]   Ep  81/130  train 1.7764 / 71.0%  val 1.4517 / 81.7%  lr 7.20e-05  GeM_p=2.83    33s [SWA]
2026-03-12 12:00:50,349 [INFO]   Ep  82/130  train 1.6969 / 74.0%  val 1.4286 / 82.3%  lr 6.95e-05  GeM_p=2.83    33s [SWA]
2026-03-12 12:01:23,345 [INFO]   Ep  83/130  train 1.6872 / 73.7%  val 1.4487 / 82.2%  lr 6.70e-05  GeM_p=2.83    33s [SWA]
2026-03-12 12:01:56,342 [INFO]   Ep  84/130  train 1.6710 / 73.6%  val 1.4335 / 82.2%  lr 6.45e-05  GeM_p=2.83    33s [SWA]
2026-03-12 12:02:29,389 [INFO]   Ep  85/130  train 1.7067 / 74.2%  val 1.4279 / 82.7%  lr 6.21e-05  GeM_p=2.82    33s [SWA]
2026-03-12 12:02:29,647 [INFO]   ★ best 82.71%
2026-03-12 12:03:02,696 [INFO]   Ep  86/130  train 1.7204 / 71.6%  val 1.4159 / 82.7%  lr 5.97e-05  GeM_p=2.82    33s [SWA]
2026-03-12 12:03:35,707 [INFO]   Ep  87/130  train 1.7042 / 73.5%  val 1.4350 / 82.3%  lr 5.73e-05  GeM_p=2.82    33s [SWA]
2026-03-12 12:04:08,820 [INFO]   Ep  88/130  train 1.6723 / 74.1%  val 1.4550 / 82.0%  lr 5.49e-05  GeM_p=2.82    33s [SWA]
2026-03-12 12:04:41,872 [INFO]   Ep  89/130  train 1.6121 / 75.8%  val 1.4431 / 82.1%  lr 5.26e-05  GeM_p=2.82    33s [SWA]
2026-03-12 12:05:14,897 [INFO]   Ep  90/130  train 1.6595 / 74.0%  val 1.4446 / 82.6%  lr 5.03e-05  GeM_p=2.82    33s [SWA]
2026-03-12 12:05:47,876 [INFO]   Ep  91/130  train 1.6727 / 74.4%  val 1.4466 / 82.2%  lr 4.80e-05  GeM_p=2.82    33s [SWA]
2026-03-12 12:06:20,895 [INFO]   Ep  92/130  train 1.7208 / 72.1%  val 1.4334 / 82.2%  lr 4.58e-05  GeM_p=2.82    33s [SWA]
2026-03-12 12:06:53,864 [INFO]   Ep  93/130  train 1.6524 / 74.7%  val 1.4568 / 82.1%  lr 4.36e-05  GeM_p=2.82    33s [SWA]
2026-03-12 12:07:27,004 [INFO]   Ep  94/130  train 1.6807 / 74.4%  val 1.4295 / 82.6%  lr 4.15e-05  GeM_p=2.82    33s [SWA]
2026-03-12 12:08:00,006 [INFO]   Ep  95/130  train 1.6681 / 74.0%  val 1.4296 / 82.7%  lr 3.94e-05  GeM_p=2.82    33s [SWA]
2026-03-12 12:08:33,035 [INFO]   Ep  96/130  train 1.6273 / 75.0%  val 1.4373 / 82.6%  lr 3.73e-05  GeM_p=2.82    33s [SWA]
2026-03-12 12:09:06,014 [INFO]   Ep  97/130  train 1.6034 / 76.2%  val 1.4233 / 82.9%  lr 3.53e-05  GeM_p=2.82    33s [SWA]
2026-03-12 12:09:06,263 [INFO]   ★ best 82.88%
2026-03-12 12:09:39,243 [INFO]   Ep  98/130  train 1.6602 / 73.3%  val 1.4156 / 83.0%  lr 3.33e-05  GeM_p=2.81    33s [SWA]
2026-03-12 12:09:39,488 [INFO]   ★ best 82.98%
2026-03-12 12:10:12,496 [INFO]   Ep  99/130  train 1.6197 / 74.8%  val 1.4099 / 83.2%  lr 3.14e-05  GeM_p=2.81    33s [SWA]
2026-03-12 12:10:12,738 [INFO]   ★ best 83.18%
2026-03-12 12:10:45,894 [INFO]   Ep 100/130  train 1.5982 / 75.9%  val 1.4171 / 82.9%  lr 2.95e-05  GeM_p=2.81    33s [SWA]
2026-03-12 12:11:18,940 [INFO]   Ep 101/130  train 1.6131 / 75.8%  val 1.4110 / 83.5%  lr 2.76e-05  GeM_p=2.81    33s [SWA]
2026-03-12 12:11:19,180 [INFO]   ★ best 83.49%
2026-03-12 12:11:52,205 [INFO]   Ep 102/130  train 1.6281 / 74.9%  val 1.4072 / 83.7%  lr 2.58e-05  GeM_p=2.81    33s [SWA]
2026-03-12 12:11:52,448 [INFO]   ★ best 83.69%
2026-03-12 12:12:25,471 [INFO]   Ep 103/130  train 1.6195 / 75.1%  val 1.4138 / 83.3%  lr 2.41e-05  GeM_p=2.81    33s [SWA]
2026-03-12 12:12:58,464 [INFO]   Ep 104/130  train 1.5792 / 76.1%  val 1.4183 / 82.7%  lr 2.24e-05  GeM_p=2.81    33s [SWA]
2026-03-12 12:13:31,470 [INFO]   Ep 105/130  train 1.6494 / 74.1%  val 1.4175 / 83.0%  lr 2.08e-05  GeM_p=2.81    33s [SWA]
2026-03-12 12:14:04,556 [INFO]   Ep 106/130  train 1.5838 / 75.9%  val 1.4151 / 83.4%  lr 1.92e-05  GeM_p=2.81    33s [SWA]
2026-03-12 12:14:37,610 [INFO]   Ep 107/130  train 1.6468 / 73.9%  val 1.4123 / 83.5%  lr 1.77e-05  GeM_p=2.81    33s [SWA]
2026-03-12 12:15:10,675 [INFO]   Ep 108/130  train 1.5644 / 76.9%  val 1.4144 / 83.0%  lr 1.62e-05  GeM_p=2.81    33s [SWA]
2026-03-12 12:15:43,752 [INFO]   Ep 109/130  train 1.5644 / 77.1%  val 1.4151 / 83.2%  lr 1.48e-05  GeM_p=2.81    33s [SWA]
2026-03-12 12:16:16,778 [INFO]   Ep 110/130  train 1.5841 / 75.5%  val 1.4226 / 82.9%  lr 1.35e-05  GeM_p=2.81    33s [SWA]
2026-03-12 12:16:49,794 [INFO]   Ep 111/130  train 1.5759 / 77.0%  val 1.4169 / 83.0%  lr 1.22e-05  GeM_p=2.81    33s [SWA]
2026-03-12 12:17:22,987 [INFO]   Ep 112/130  train 1.6250 / 73.7%  val 1.4221 / 83.0%  lr 1.10e-05  GeM_p=2.81    33s [SWA]
2026-03-12 12:17:56,007 [INFO]   Ep 113/130  train 1.6108 / 75.8%  val 1.4147 / 83.1%  lr 9.81e-06  GeM_p=2.81    33s [SWA]
2026-03-12 12:18:29,037 [INFO]   Ep 114/130  train 1.5650 / 76.4%  val 1.4174 / 83.4%  lr 8.71e-06  GeM_p=2.81    33s [SWA]
2026-03-12 12:19:02,058 [INFO]   Ep 115/130  train 1.6578 / 74.0%  val 1.4084 / 83.1%  lr 7.67e-06  GeM_p=2.81    33s [SWA]
2026-03-12 12:19:35,045 [INFO]   Ep 116/130  train 1.6232 / 74.4%  val 1.4094 / 83.4%  lr 6.69e-06  GeM_p=2.81    33s [SWA]
2026-03-12 12:20:08,079 [INFO]   Ep 117/130  train 1.6463 / 74.2%  val 1.4074 / 83.8%  lr 5.78e-06  GeM_p=2.81    33s [SWA]
2026-03-12 12:20:08,326 [INFO]   ★ best 83.76%
2026-03-12 12:20:41,449 [INFO]   Ep 118/130  train 1.5611 / 76.9%  val 1.4129 / 83.5%  lr 4.93e-06  GeM_p=2.81    33s [SWA]
2026-03-12 12:21:14,458 [INFO]   Ep 119/130  train 1.5993 / 75.3%  val 1.4159 / 83.6%  lr 4.15e-06  GeM_p=2.81    33s [SWA]
2026-03-12 12:21:47,511 [INFO]   Ep 120/130  train 1.5892 / 76.4%  val 1.4124 / 83.4%  lr 3.44e-06  GeM_p=2.81    33s [SWA]
2026-03-12 12:22:20,560 [INFO]   Ep 121/130  train 1.6048 / 76.1%  val 1.4107 / 83.5%  lr 2.79e-06  GeM_p=2.81    33s [SWA]
2026-03-12 12:22:53,562 [INFO]   Ep 122/130  train 1.5976 / 75.0%  val 1.4128 / 83.3%  lr 2.21e-06  GeM_p=2.81    33s [SWA]
2026-03-12 12:23:26,596 [INFO]   Ep 123/130  train 1.5998 / 75.2%  val 1.4116 / 83.4%  lr 1.69e-06  GeM_p=2.81    33s [SWA]
2026-03-12 12:23:59,760 [INFO]   Ep 124/130  train 1.5898 / 76.1%  val 1.4117 / 83.2%  lr 1.25e-06  GeM_p=2.81    33s [SWA]
2026-03-12 12:24:32,787 [INFO]   Ep 125/130  train 1.6002 / 75.5%  val 1.4102 / 83.4%  lr 8.68e-07  GeM_p=2.81    33s [SWA]
2026-03-12 12:25:05,809 [INFO]   Ep 126/130  train 1.5286 / 77.6%  val 1.4101 / 83.4%  lr 5.58e-07  GeM_p=2.81    33s [SWA]
2026-03-12 12:25:38,826 [INFO]   Ep 127/130  train 1.6200 / 74.8%  val 1.4094 / 83.4%  lr 3.17e-07  GeM_p=2.81    33s [SWA]
2026-03-12 12:26:11,832 [INFO]   Ep 128/130  train 1.5589 / 76.1%  val 1.4092 / 83.4%  lr 1.45e-07  GeM_p=2.81    33s [SWA]
2026-03-12 12:26:44,890 [INFO]   Ep 129/130  train 1.5882 / 75.4%  val 1.4091 / 83.4%  lr 4.22e-08  GeM_p=2.81    33s [SWA]
2026-03-12 12:27:18,025 [INFO]   Ep 130/130  train 1.5578 / 76.6%  val 1.4091 / 83.4%  lr 8.00e-09  GeM_p=2.81    33s [SWA]
2026-03-12 12:27:18,025 [INFO] Updating SWA batch norm statistics …
2026-03-12 12:27:19,901 [INFO]   SWA val: 1.3990 / 83.55%  (best individual: 83.76%)
2026-03-12 12:27:20,093 [INFO]   Fold 2 — best: 83.76%, SWA: 83.55%
2026-03-12 12:27:20,306 [INFO] ================================================================
2026-03-12 12:27:20,306 [INFO] FOLD 3 / 5
2026-03-12 12:27:20,306 [INFO] ================================================================
2026-03-12 12:27:20,675 [INFO] Loading pretrained weights from Hugging Face hub (timm/convnext_small.fb_in22k_ft_in1k)
2026-03-12 12:27:20,815 [INFO] HTTP Request: HEAD https://huggingface.co/timm/convnext_small.fb_in22k_ft_in1k/resolve/main/model.safetensors "HTTP/1.1 302 Found"
2026-03-12 12:27:20,816 [INFO] [timm/convnext_small.fb_in22k_ft_in1k] Safe alternative available for 'pytorch_model.bin' (as 'model.safetensors'). Loading weights using safetensors.
2026-03-12 12:27:20,911 [INFO] Model: convnext_small.fb_in22k_ft_in1k  |  49.55M params
2026-03-12 12:27:20,912 [INFO] LLRD: 12 groups, LR [6.55e-05 … 2.00e-04]
2026-03-12 12:27:59,613 [INFO]   Ep   1/130  train 5.0511 / 0.7%  val 4.8365 / 0.8%  lr 1.24e-05  GeM_p=3.00    39s
2026-03-12 12:27:59,805 [INFO]   ★ best 0.78%
2026-03-12 12:28:32,922 [INFO]   Ep   2/130  train 4.8452 / 0.7%  val 4.8229 / 1.0%  lr 2.50e-05  GeM_p=3.00    33s
2026-03-12 12:28:33,172 [INFO]   ★ best 0.98%
2026-03-12 12:29:06,272 [INFO]   Ep   3/130  train 4.7865 / 1.4%  val 4.5465 / 2.7%  lr 4.48e-05  GeM_p=3.00    33s
2026-03-12 12:29:06,514 [INFO]   ★ best 2.68%
2026-03-12 12:29:39,612 [INFO]   Ep   4/130  train 4.5961 / 3.4%  val 4.1151 / 8.3%  lr 7.00e-05  GeM_p=3.00    33s
2026-03-12 12:29:39,862 [INFO]   ★ best 8.34%
2026-03-12 12:30:13,052 [INFO]   Ep   5/130  train 4.3718 / 6.2%  val 3.7213 / 14.7%  lr 9.83e-05  GeM_p=3.00    33s
2026-03-12 12:30:13,292 [INFO]   ★ best 14.65%
2026-03-12 12:30:46,357 [INFO]   Ep   6/130  train 4.1001 / 11.3%  val 3.2144 / 24.4%  lr 1.27e-04  GeM_p=3.00    33s
2026-03-12 12:30:46,606 [INFO]   ★ best 24.42%
2026-03-12 12:31:19,684 [INFO]   Ep   7/130  train 3.8580 / 16.3%  val 2.8149 / 36.0%  lr 1.54e-04  GeM_p=3.00    33s
2026-03-12 12:31:19,933 [INFO]   ★ best 36.02%
2026-03-12 12:31:52,992 [INFO]   Ep   8/130  train 3.6399 / 22.7%  val 2.5128 / 44.8%  lr 1.76e-04  GeM_p=3.00    33s
2026-03-12 12:31:53,244 [INFO]   ★ best 44.78%
2026-03-12 12:32:26,343 [INFO]   Ep   9/130  train 3.4475 / 27.6%  val 2.3450 / 48.3%  lr 1.92e-04  GeM_p=3.00    33s
2026-03-12 12:32:26,594 [INFO]   ★ best 48.30%
2026-03-12 12:32:59,668 [INFO]   Ep  10/130  train 3.2798 / 32.2%  val 2.1422 / 55.9%  lr 1.99e-04  GeM_p=3.00    33s
2026-03-12 12:32:59,925 [INFO]   ★ best 55.87%
2026-03-12 12:33:33,064 [INFO]   Ep  11/130  train 3.1605 / 36.2%  val 1.9299 / 62.8%  lr 2.00e-04  GeM_p=3.00    33s
2026-03-12 12:33:33,318 [INFO]   ★ best 62.79%
2026-03-12 12:34:06,322 [INFO]   Ep  12/130  train 2.9542 / 41.7%  val 1.8699 / 65.0%  lr 2.00e-04  GeM_p=2.99    33s
2026-03-12 12:34:06,576 [INFO]   ★ best 64.99%
2026-03-12 12:34:39,620 [INFO]   Ep  13/130  train 2.9439 / 42.4%  val 1.7430 / 69.5%  lr 2.00e-04  GeM_p=2.99    33s
2026-03-12 12:34:39,879 [INFO]   ★ best 69.54%
2026-03-12 12:35:12,950 [INFO]   Ep  14/130  train 2.8169 / 46.0%  val 1.7218 / 69.6%  lr 2.00e-04  GeM_p=2.99    33s
2026-03-12 12:35:13,226 [INFO]   ★ best 69.61%
2026-03-12 12:35:46,251 [INFO]   Ep  15/130  train 2.7702 / 47.3%  val 1.6776 / 70.5%  lr 1.99e-04  GeM_p=2.99    33s
2026-03-12 12:35:46,515 [INFO]   ★ best 70.52%
2026-03-12 12:36:19,530 [INFO]   Ep  16/130  train 2.6723 / 50.6%  val 1.6037 / 73.9%  lr 1.99e-04  GeM_p=2.99    33s
2026-03-12 12:36:19,785 [INFO]   ★ best 73.91%
2026-03-12 12:36:52,928 [INFO]   Ep  17/130  train 2.5475 / 54.0%  val 1.6153 / 73.1%  lr 1.98e-04  GeM_p=2.99    33s
2026-03-12 12:37:25,906 [INFO]   Ep  18/130  train 2.6003 / 52.5%  val 1.5543 / 75.6%  lr 1.98e-04  GeM_p=2.99    33s
2026-03-12 12:37:26,162 [INFO]   ★ best 75.58%
2026-03-12 12:37:59,182 [INFO]   Ep  19/130  train 2.4876 / 55.6%  val 1.5071 / 77.5%  lr 1.97e-04  GeM_p=2.99    33s
2026-03-12 12:37:59,440 [INFO]   ★ best 77.51%
2026-03-12 12:38:32,477 [INFO]   Ep  20/130  train 2.5203 / 55.5%  val 1.5030 / 77.1%  lr 1.97e-04  GeM_p=2.98    33s
2026-03-12 12:39:05,490 [INFO]   Ep  21/130  train 2.2879 / 60.7%  val 1.5058 / 76.8%  lr 1.96e-04  GeM_p=2.98    33s
2026-03-12 12:39:38,463 [INFO]   Ep  22/130  train 2.3891 / 59.1%  val 1.5017 / 77.1%  lr 1.95e-04  GeM_p=2.98    33s
2026-03-12 12:40:11,607 [INFO]   Ep  23/130  train 2.3637 / 60.0%  val 1.4631 / 79.2%  lr 1.95e-04  GeM_p=2.98    33s
2026-03-12 12:40:11,862 [INFO]   ★ best 79.17%
2026-03-12 12:40:44,920 [INFO]   Ep  24/130  train 2.3657 / 59.8%  val 1.4330 / 79.8%  lr 1.94e-04  GeM_p=2.98    33s
2026-03-12 12:40:45,173 [INFO]   ★ best 79.78%
2026-03-12 12:41:18,169 [INFO]   Ep  25/130  train 2.3020 / 61.2%  val 1.4565 / 78.6%  lr 1.93e-04  GeM_p=2.98    33s
2026-03-12 12:41:51,158 [INFO]   Ep  26/130  train 2.2047 / 64.3%  val 1.4617 / 78.5%  lr 1.92e-04  GeM_p=2.97    33s
2026-03-12 12:42:24,152 [INFO]   Ep  27/130  train 2.2511 / 62.2%  val 1.4193 / 79.9%  lr 1.91e-04  GeM_p=2.97    33s
2026-03-12 12:42:24,411 [INFO]   ★ best 79.88%
2026-03-12 12:42:57,379 [INFO]   Ep  28/130  train 2.1963 / 64.5%  val 1.4082 / 80.7%  lr 1.89e-04  GeM_p=2.97    33s
2026-03-12 12:42:57,636 [INFO]   ★ best 80.70%
2026-03-12 12:43:30,810 [INFO]   Ep  29/130  train 2.1589 / 65.2%  val 1.4201 / 80.5%  lr 1.88e-04  GeM_p=2.97    33s
2026-03-12 12:44:03,836 [INFO]   Ep  30/130  train 2.1809 / 63.5%  val 1.4085 / 80.3%  lr 1.87e-04  GeM_p=2.97    33s
2026-03-12 12:44:36,857 [INFO]   Ep  31/130  train 2.0844 / 66.5%  val 1.4317 / 80.0%  lr 1.86e-04  GeM_p=2.96    33s
2026-03-12 12:45:09,887 [INFO]   Ep  32/130  train 2.0779 / 66.8%  val 1.3886 / 82.1%  lr 1.84e-04  GeM_p=2.96    33s
2026-03-12 12:45:10,145 [INFO]   ★ best 82.06%
2026-03-12 12:45:43,127 [INFO]   Ep  33/130  train 2.0375 / 67.7%  val 1.3973 / 81.6%  lr 1.83e-04  GeM_p=2.96    33s
2026-03-12 12:46:16,153 [INFO]   Ep  34/130  train 2.1215 / 65.3%  val 1.4205 / 79.9%  lr 1.81e-04  GeM_p=2.96    33s
2026-03-12 12:46:49,283 [INFO]   Ep  35/130  train 2.0796 / 66.9%  val 1.3955 / 81.3%  lr 1.80e-04  GeM_p=2.95    33s
2026-03-12 12:47:22,321 [INFO]   Ep  36/130  train 2.0466 / 68.1%  val 1.4101 / 80.2%  lr 1.78e-04  GeM_p=2.95    33s
2026-03-12 12:47:55,400 [INFO]   Ep  37/130  train 2.0177 / 68.9%  val 1.4132 / 80.2%  lr 1.77e-04  GeM_p=2.95    33s
2026-03-12 12:48:28,410 [INFO]   Ep  38/130  train 1.9666 / 69.5%  val 1.3740 / 81.7%  lr 1.75e-04  GeM_p=2.94    33s
2026-03-12 12:49:01,421 [INFO]   Ep  39/130  train 2.0108 / 67.7%  val 1.3883 / 80.3%  lr 1.73e-04  GeM_p=2.94    33s
2026-03-12 12:49:34,501 [INFO]   Ep  40/130  train 2.0437 / 67.5%  val 1.4317 / 80.3%  lr 1.71e-04  GeM_p=2.94    33s
2026-03-12 12:50:07,684 [INFO]   Ep  41/130  train 1.9784 / 68.3%  val 1.3986 / 80.8%  lr 1.69e-04  GeM_p=2.94    33s
2026-03-12 12:50:40,727 [INFO]   Ep  42/130  train 1.9858 / 68.1%  val 1.4005 / 81.5%  lr 1.67e-04  GeM_p=2.93    33s
2026-03-12 12:51:13,767 [INFO]   Ep  43/130  train 1.9272 / 70.4%  val 1.3917 / 81.5%  lr 1.66e-04  GeM_p=2.93    33s
2026-03-12 12:51:46,840 [INFO]   Ep  44/130  train 1.9316 / 70.3%  val 1.3882 / 82.0%  lr 1.64e-04  GeM_p=2.93    33s
2026-03-12 12:52:19,890 [INFO]   Ep  45/130  train 1.8893 / 71.9%  val 1.4163 / 81.3%  lr 1.61e-04  GeM_p=2.92    33s
2026-03-12 12:52:52,886 [INFO]   Ep  46/130  train 1.8801 / 71.7%  val 1.3931 / 81.4%  lr 1.59e-04  GeM_p=2.92    33s
2026-03-12 12:53:26,027 [INFO]   Ep  47/130  train 1.9682 / 68.8%  val 1.3841 / 81.9%  lr 1.57e-04  GeM_p=2.92    33s
2026-03-12 12:53:59,066 [INFO]   Ep  48/130  train 1.9036 / 70.2%  val 1.3891 / 82.1%  lr 1.55e-04  GeM_p=2.92    33s
2026-03-12 12:54:32,111 [INFO]   Ep  49/130  train 1.8960 / 70.1%  val 1.4016 / 81.7%  lr 1.53e-04  GeM_p=2.91    33s
2026-03-12 12:55:05,120 [INFO]   Ep  50/130  train 1.9255 / 69.2%  val 1.3787 / 82.6%  lr 1.51e-04  GeM_p=2.91    33s
2026-03-12 12:55:05,379 [INFO]   ★ best 82.56%
2026-03-12 12:55:38,422 [INFO]   Ep  51/130  train 1.8793 / 70.6%  val 1.4094 / 80.5%  lr 1.48e-04  GeM_p=2.91    33s
2026-03-12 12:56:11,439 [INFO]   Ep  52/130  train 1.8434 / 71.9%  val 1.3738 / 82.2%  lr 1.46e-04  GeM_p=2.91    33s
2026-03-12 12:56:44,595 [INFO]   Ep  53/130  train 1.9396 / 68.8%  val 1.4172 / 81.5%  lr 1.44e-04  GeM_p=2.90    33s
2026-03-12 12:57:17,617 [INFO]   Ep  54/130  train 1.7891 / 72.5%  val 1.3986 / 82.0%  lr 1.41e-04  GeM_p=2.90    33s
2026-03-12 12:57:50,637 [INFO]   Ep  55/130  train 1.8496 / 71.1%  val 1.3933 / 82.6%  lr 1.39e-04  GeM_p=2.90    33s
2026-03-12 12:57:50,900 [INFO]   ★ best 82.60%
2026-03-12 12:58:23,943 [INFO]   Ep  56/130  train 1.8375 / 72.0%  val 1.3593 / 83.0%  lr 1.36e-04  GeM_p=2.90    33s
2026-03-12 12:58:24,192 [INFO]   ★ best 83.04%
2026-03-12 12:58:57,228 [INFO]   Ep  57/130  train 1.7751 / 73.8%  val 1.3771 / 82.2%  lr 1.34e-04  GeM_p=2.89    33s
2026-03-12 12:59:30,216 [INFO]   Ep  58/130  train 1.7499 / 74.2%  val 1.3559 / 83.0%  lr 1.31e-04  GeM_p=2.89    33s
2026-03-12 13:00:03,379 [INFO]   Ep  59/130  train 1.7982 / 71.7%  val 1.3538 / 82.9%  lr 1.29e-04  GeM_p=2.89    33s
2026-03-12 13:00:36,477 [INFO]   Ep  60/130  train 1.8283 / 72.0%  val 1.3946 / 82.7%  lr 1.26e-04  GeM_p=2.89    33s
2026-03-12 13:01:09,528 [INFO]   Ep  61/130  train 1.7965 / 72.4%  val 1.3872 / 82.7%  lr 1.24e-04  GeM_p=2.88    33s
2026-03-12 13:01:42,545 [INFO]   Ep  62/130  train 1.8018 / 71.3%  val 1.3977 / 81.8%  lr 1.21e-04  GeM_p=2.88    33s
2026-03-12 13:02:15,577 [INFO]   Ep  63/130  train 1.7431 / 73.7%  val 1.3766 / 82.3%  lr 1.19e-04  GeM_p=2.88    33s
2026-03-12 13:02:48,634 [INFO]   Ep  64/130  train 1.7710 / 73.0%  val 1.3811 / 82.8%  lr 1.16e-04  GeM_p=2.88    33s
2026-03-12 13:03:21,818 [INFO]   Ep  65/130  train 1.7559 / 73.6%  val 1.3724 / 82.8%  lr 1.14e-04  GeM_p=2.88    33s
2026-03-12 13:03:54,831 [INFO]   Ep  66/130  train 1.7983 / 71.4%  val 1.3775 / 82.3%  lr 1.11e-04  GeM_p=2.88    33s
2026-03-12 13:04:27,829 [INFO]   Ep  67/130  train 1.7946 / 72.2%  val 1.3736 / 83.4%  lr 1.08e-04  GeM_p=2.87    33s
2026-03-12 13:04:28,086 [INFO]   ★ best 83.41%
2026-03-12 13:05:01,109 [INFO]   Ep  68/130  train 1.7436 / 73.8%  val 1.3855 / 82.8%  lr 1.06e-04  GeM_p=2.87    33s
2026-03-12 13:05:34,177 [INFO]   Ep  69/130  train 1.7043 / 75.0%  val 1.3762 / 82.6%  lr 1.03e-04  GeM_p=2.87    33s
2026-03-12 13:06:07,176 [INFO]   Ep  70/130  train 1.7241 / 72.8%  val 1.3656 / 83.4%  lr 1.01e-04  GeM_p=2.87    33s
2026-03-12 13:06:40,339 [INFO]   Ep  71/130  train 1.7757 / 71.7%  val 1.3680 / 83.4%  lr 9.79e-05  GeM_p=2.87    33s
2026-03-12 13:07:13,386 [INFO]   Ep  72/130  train 1.7443 / 72.5%  val 1.3681 / 83.1%  lr 9.53e-05  GeM_p=2.86    33s
2026-03-12 13:07:46,415 [INFO]   Ep  73/130  train 1.7340 / 73.4%  val 1.3662 / 83.8%  lr 9.26e-05  GeM_p=2.86    33s
2026-03-12 13:07:46,673 [INFO]   ★ best 83.75%
2026-03-12 13:08:19,680 [INFO]   Ep  74/130  train 1.7495 / 72.9%  val 1.3790 / 83.2%  lr 9.00e-05  GeM_p=2.86    33s
2026-03-12 13:08:52,688 [INFO]   Ep  75/130  train 1.6983 / 74.9%  val 1.3488 / 83.8%  lr 8.74e-05  GeM_p=2.86    33s
2026-03-12 13:09:25,734 [INFO]   Ep  76/130  train 1.7733 / 71.8%  val 1.3749 / 83.0%  lr 8.48e-05  GeM_p=2.86    33s
2026-03-12 13:09:58,704 [INFO]   Ep  77/130  train 1.6896 / 73.6%  val 1.3312 / 84.1%  lr 8.22e-05  GeM_p=2.86    33s
2026-03-12 13:09:58,957 [INFO]   ★ best 84.06%
2026-03-12 13:10:32,137 [INFO]   Ep  78/130  train 1.6932 / 74.2%  val 1.3365 / 83.9%  lr 7.96e-05  GeM_p=2.86    33s
2026-03-12 13:11:05,140 [INFO]   Ep  79/130  train 1.7441 / 73.0%  val 1.3904 / 82.9%  lr 7.71e-05  GeM_p=2.85    33s
2026-03-12 13:11:38,155 [INFO]   Ep  80/130  train 1.7179 / 72.6%  val 1.3732 / 83.0%  lr 7.45e-05  GeM_p=2.85    33s [SWA]
2026-03-12 13:12:11,218 [INFO]   Ep  81/130  train 1.7368 / 72.2%  val 1.3700 / 83.4%  lr 7.20e-05  GeM_p=2.85    33s [SWA]
2026-03-12 13:12:44,261 [INFO]   Ep  82/130  train 1.6372 / 76.7%  val 1.3495 / 83.6%  lr 6.95e-05  GeM_p=2.85    33s [SWA]
2026-03-12 13:13:17,272 [INFO]   Ep  83/130  train 1.6536 / 74.9%  val 1.3627 / 83.5%  lr 6.70e-05  GeM_p=2.85    33s [SWA]
2026-03-12 13:13:50,418 [INFO]   Ep  84/130  train 1.6970 / 73.8%  val 1.3510 / 83.9%  lr 6.45e-05  GeM_p=2.85    33s [SWA]
2026-03-12 13:14:23,458 [INFO]   Ep  85/130  train 1.6855 / 74.3%  val 1.3496 / 84.1%  lr 6.21e-05  GeM_p=2.85    33s [SWA]
2026-03-12 13:14:23,720 [INFO]   ★ best 84.12%
2026-03-12 13:14:56,701 [INFO]   Ep  86/130  train 1.6410 / 75.3%  val 1.3374 / 84.8%  lr 5.97e-05  GeM_p=2.85    33s [SWA]
2026-03-12 13:14:56,951 [INFO]   ★ best 84.80%
2026-03-12 13:15:29,983 [INFO]   Ep  87/130  train 1.6687 / 75.1%  val 1.3534 / 83.9%  lr 5.73e-05  GeM_p=2.85    33s [SWA]
2026-03-12 13:16:03,028 [INFO]   Ep  88/130  train 1.6830 / 75.5%  val 1.3415 / 84.3%  lr 5.49e-05  GeM_p=2.84    33s [SWA]
2026-03-12 13:16:36,040 [INFO]   Ep  89/130  train 1.6701 / 74.6%  val 1.3593 / 83.9%  lr 5.26e-05  GeM_p=2.84    33s [SWA]
2026-03-12 13:17:09,196 [INFO]   Ep  90/130  train 1.6282 / 75.5%  val 1.3656 / 83.1%  lr 5.03e-05  GeM_p=2.84    33s [SWA]
2026-03-12 13:17:42,238 [INFO]   Ep  91/130  train 1.6593 / 74.7%  val 1.3404 / 84.8%  lr 4.80e-05  GeM_p=2.84    33s [SWA]
2026-03-12 13:17:42,495 [INFO]   ★ best 84.84%
2026-03-12 13:18:15,502 [INFO]   Ep  92/130  train 1.6416 / 75.6%  val 1.3592 / 84.2%  lr 4.58e-05  GeM_p=2.84    33s [SWA]
2026-03-12 13:18:48,569 [INFO]   Ep  93/130  train 1.6663 / 75.3%  val 1.3718 / 83.4%  lr 4.36e-05  GeM_p=2.84    33s [SWA]
2026-03-12 13:19:21,601 [INFO]   Ep  94/130  train 1.6748 / 74.7%  val 1.3403 / 84.8%  lr 4.15e-05  GeM_p=2.84    33s [SWA]
2026-03-12 13:19:54,628 [INFO]   Ep  95/130  train 1.6710 / 74.0%  val 1.3544 / 84.5%  lr 3.94e-05  GeM_p=2.84    33s [SWA]
2026-03-12 13:20:27,776 [INFO]   Ep  96/130  train 1.6294 / 75.3%  val 1.3441 / 84.5%  lr 3.73e-05  GeM_p=2.84    33s [SWA]
2026-03-12 13:21:00,844 [INFO]   Ep  97/130  train 1.5800 / 77.4%  val 1.3466 / 84.3%  lr 3.53e-05  GeM_p=2.84    33s [SWA]
2026-03-12 13:21:33,857 [INFO]   Ep  98/130  train 1.6285 / 75.5%  val 1.3616 / 83.4%  lr 3.33e-05  GeM_p=2.84    33s [SWA]
2026-03-12 13:22:06,851 [INFO]   Ep  99/130  train 1.6570 / 73.4%  val 1.3463 / 84.1%  lr 3.14e-05  GeM_p=2.84    33s [SWA]
2026-03-12 13:22:39,887 [INFO]   Ep 100/130  train 1.6066 / 75.2%  val 1.3576 / 84.0%  lr 2.95e-05  GeM_p=2.84    33s [SWA]
2026-03-12 13:23:12,851 [INFO]   Ep 101/130  train 1.6234 / 74.7%  val 1.3419 / 84.4%  lr 2.76e-05  GeM_p=2.84    33s [SWA]
2026-03-12 13:23:46,017 [INFO]   Ep 102/130  train 1.6011 / 76.7%  val 1.3602 / 84.1%  lr 2.58e-05  GeM_p=2.84    33s [SWA]
2026-03-12 13:24:19,047 [INFO]   Ep 103/130  train 1.6688 / 73.5%  val 1.3463 / 84.1%  lr 2.41e-05  GeM_p=2.84    33s [SWA]
2026-03-12 13:24:52,073 [INFO]   Ep 104/130  train 1.6195 / 75.7%  val 1.3621 / 83.9%  lr 2.24e-05  GeM_p=2.84    33s [SWA]
2026-03-12 13:25:25,109 [INFO]   Ep 105/130  train 1.6788 / 72.9%  val 1.3465 / 84.4%  lr 2.08e-05  GeM_p=2.84    33s [SWA]
2026-03-12 13:25:58,112 [INFO]   Ep 106/130  train 1.5502 / 77.9%  val 1.3541 / 84.1%  lr 1.92e-05  GeM_p=2.83    33s [SWA]
2026-03-12 13:26:31,143 [INFO]   Ep 107/130  train 1.6098 / 75.4%  val 1.3311 / 84.8%  lr 1.77e-05  GeM_p=2.83    33s [SWA]
2026-03-12 13:27:04,290 [INFO]   Ep 108/130  train 1.6218 / 74.4%  val 1.3304 / 85.0%  lr 1.62e-05  GeM_p=2.83    33s [SWA]
2026-03-12 13:27:04,540 [INFO]   ★ best 84.97%
2026-03-12 13:27:37,539 [INFO]   Ep 109/130  train 1.6209 / 73.5%  val 1.3309 / 84.8%  lr 1.48e-05  GeM_p=2.83    33s [SWA]
2026-03-12 13:28:10,583 [INFO]   Ep 110/130  train 1.6122 / 73.4%  val 1.3346 / 84.7%  lr 1.35e-05  GeM_p=2.83    33s [SWA]
2026-03-12 13:28:43,628 [INFO]   Ep 111/130  train 1.5895 / 76.3%  val 1.3348 / 85.0%  lr 1.22e-05  GeM_p=2.83    33s [SWA]
2026-03-12 13:29:16,687 [INFO]   Ep 112/130  train 1.5888 / 75.2%  val 1.3281 / 84.9%  lr 1.10e-05  GeM_p=2.83    33s [SWA]
2026-03-12 13:29:49,702 [INFO]   Ep 113/130  train 1.5802 / 75.8%  val 1.3347 / 84.8%  lr 9.81e-06  GeM_p=2.83    33s [SWA]
2026-03-12 13:30:22,825 [INFO]   Ep 114/130  train 1.6757 / 73.3%  val 1.3246 / 85.2%  lr 8.71e-06  GeM_p=2.83    33s [SWA]
2026-03-12 13:30:23,086 [INFO]   ★ best 85.24%
2026-03-12 13:30:56,102 [INFO]   Ep 115/130  train 1.5701 / 76.8%  val 1.3207 / 85.2%  lr 7.67e-06  GeM_p=2.83    33s [SWA]
2026-03-12 13:31:29,128 [INFO]   Ep 116/130  train 1.5778 / 76.1%  val 1.3202 / 85.1%  lr 6.69e-06  GeM_p=2.83    33s [SWA]
2026-03-12 13:32:02,137 [INFO]   Ep 117/130  train 1.6359 / 74.4%  val 1.3237 / 84.9%  lr 5.78e-06  GeM_p=2.83    33s [SWA]
2026-03-12 13:32:35,203 [INFO]   Ep 118/130  train 1.6247 / 74.8%  val 1.3213 / 84.9%  lr 4.93e-06  GeM_p=2.83    33s [SWA]
2026-03-12 13:33:08,239 [INFO]   Ep 119/130  train 1.5514 / 77.9%  val 1.3217 / 85.0%  lr 4.15e-06  GeM_p=2.83    33s [SWA]
2026-03-12 13:33:41,396 [INFO]   Ep 120/130  train 1.6349 / 74.5%  val 1.3238 / 84.9%  lr 3.44e-06  GeM_p=2.83    33s [SWA]
2026-03-12 13:34:14,423 [INFO]   Ep 121/130  train 1.5930 / 76.0%  val 1.3231 / 85.2%  lr 2.79e-06  GeM_p=2.83    33s [SWA]
2026-03-12 13:34:47,399 [INFO]   Ep 122/130  train 1.6162 / 74.7%  val 1.3265 / 85.1%  lr 2.21e-06  GeM_p=2.83    33s [SWA]
2026-03-12 13:35:20,422 [INFO]   Ep 123/130  train 1.6149 / 75.3%  val 1.3244 / 85.3%  lr 1.69e-06  GeM_p=2.83    33s [SWA]
2026-03-12 13:35:20,689 [INFO]   ★ best 85.31%
2026-03-12 13:35:53,704 [INFO]   Ep 124/130  train 1.6136 / 76.4%  val 1.3226 / 85.4%  lr 1.25e-06  GeM_p=2.83    33s [SWA]
2026-03-12 13:35:53,959 [INFO]   ★ best 85.38%
2026-03-12 13:36:26,948 [INFO]   Ep 125/130  train 1.6394 / 74.7%  val 1.3237 / 85.2%  lr 8.68e-07  GeM_p=2.83    33s [SWA]
2026-03-12 13:37:00,031 [INFO]   Ep 126/130  train 1.6066 / 75.9%  val 1.3235 / 85.3%  lr 5.58e-07  GeM_p=2.83    33s [SWA]
2026-03-12 13:37:33,055 [INFO]   Ep 127/130  train 1.6008 / 74.6%  val 1.3231 / 85.3%  lr 3.17e-07  GeM_p=2.83    33s [SWA]
2026-03-12 13:38:06,088 [INFO]   Ep 128/130  train 1.6849 / 72.3%  val 1.3228 / 85.3%  lr 1.45e-07  GeM_p=2.83    33s [SWA]
2026-03-12 13:38:39,155 [INFO]   Ep 129/130  train 1.6641 / 73.4%  val 1.3228 / 85.3%  lr 4.22e-08  GeM_p=2.83    33s [SWA]
2026-03-12 13:39:12,152 [INFO]   Ep 130/130  train 1.5744 / 76.6%  val 1.3228 / 85.3%  lr 8.00e-09  GeM_p=2.83    33s [SWA]
2026-03-12 13:39:12,152 [INFO] Updating SWA batch norm statistics …
2026-03-12 13:39:14,047 [INFO]   SWA val: 1.3110 / 85.18%  (best individual: 85.38%)
2026-03-12 13:39:14,249 [INFO]   Fold 3 — best: 85.38%, SWA: 85.18%
2026-03-12 13:39:14,446 [INFO] ================================================================
2026-03-12 13:39:14,446 [INFO] FOLD 4 / 5
2026-03-12 13:39:14,446 [INFO] ================================================================
2026-03-12 13:39:14,815 [INFO] Loading pretrained weights from Hugging Face hub (timm/convnext_small.fb_in22k_ft_in1k)
2026-03-12 13:39:14,891 [INFO] HTTP Request: HEAD https://huggingface.co/timm/convnext_small.fb_in22k_ft_in1k/resolve/main/model.safetensors "HTTP/1.1 302 Found"
2026-03-12 13:39:14,892 [INFO] [timm/convnext_small.fb_in22k_ft_in1k] Safe alternative available for 'pytorch_model.bin' (as 'model.safetensors'). Loading weights using safetensors.
2026-03-12 13:39:14,988 [INFO] Model: convnext_small.fb_in22k_ft_in1k  |  49.55M params
2026-03-12 13:39:14,988 [INFO] LLRD: 12 groups, LR [6.55e-05 … 2.00e-04]
2026-03-12 13:39:48,509 [INFO]   Ep   1/130  train 5.0479 / 0.8%  val 4.8372 / 1.2%  lr 1.24e-05  GeM_p=3.00    34s
2026-03-12 13:39:48,700 [INFO]   ★ best 1.22%
2026-03-12 13:40:21,672 [INFO]   Ep   2/130  train 4.8405 / 0.8%  val 4.7684 / 1.6%  lr 2.50e-05  GeM_p=3.00    33s
2026-03-12 13:40:21,909 [INFO]   ★ best 1.56%
2026-03-12 13:40:54,972 [INFO]   Ep   3/130  train 4.7509 / 1.7%  val 4.5619 / 3.4%  lr 4.48e-05  GeM_p=3.00    33s
2026-03-12 13:40:55,210 [INFO]   ★ best 3.36%
2026-03-12 13:41:28,233 [INFO]   Ep   4/130  train 4.6371 / 2.9%  val 4.2828 / 6.0%  lr 7.00e-05  GeM_p=3.00    33s
2026-03-12 13:41:28,478 [INFO]   ★ best 6.04%
2026-03-12 13:42:01,474 [INFO]   Ep   5/130  train 4.4654 / 5.1%  val 3.8273 / 11.4%  lr 9.83e-05  GeM_p=3.00    33s
2026-03-12 13:42:01,718 [INFO]   ★ best 11.43%
2026-03-12 13:42:34,709 [INFO]   Ep   6/130  train 4.1315 / 9.8%  val 3.2091 / 26.6%  lr 1.27e-04  GeM_p=3.00    33s
2026-03-12 13:42:34,949 [INFO]   ★ best 26.59%
2026-03-12 13:43:08,126 [INFO]   Ep   7/130  train 3.8715 / 17.1%  val 2.9100 / 34.7%  lr 1.54e-04  GeM_p=3.00    33s
2026-03-12 13:43:08,366 [INFO]   ★ best 34.74%
2026-03-12 13:43:41,414 [INFO]   Ep   8/130  train 3.6526 / 21.7%  val 2.5900 / 41.6%  lr 1.76e-04  GeM_p=3.00    33s
2026-03-12 13:43:41,667 [INFO]   ★ best 41.62%
2026-03-12 13:44:14,658 [INFO]   Ep   9/130  train 3.4420 / 27.7%  val 2.3180 / 50.5%  lr 1.92e-04  GeM_p=3.00    33s
2026-03-12 13:44:14,901 [INFO]   ★ best 50.51%
2026-03-12 13:44:47,911 [INFO]   Ep  10/130  train 3.2521 / 32.8%  val 2.1021 / 56.9%  lr 1.99e-04  GeM_p=3.00    33s
2026-03-12 13:44:48,163 [INFO]   ★ best 56.85%
2026-03-12 13:45:21,238 [INFO]   Ep  11/130  train 3.1108 / 36.9%  val 1.9635 / 62.4%  lr 2.00e-04  GeM_p=2.99    33s
2026-03-12 13:45:21,490 [INFO]   ★ best 62.45%
2026-03-12 13:45:54,477 [INFO]   Ep  12/130  train 2.9984 / 40.0%  val 1.9341 / 63.8%  lr 2.00e-04  GeM_p=2.99    33s
2026-03-12 13:45:54,718 [INFO]   ★ best 63.84%
2026-03-12 13:46:27,903 [INFO]   Ep  13/130  train 2.8350 / 45.1%  val 1.8803 / 66.0%  lr 2.00e-04  GeM_p=2.99    33s
2026-03-12 13:46:28,151 [INFO]   ★ best 66.04%
2026-03-12 13:47:01,159 [INFO]   Ep  14/130  train 2.8472 / 44.6%  val 1.7470 / 69.4%  lr 2.00e-04  GeM_p=2.99    33s
2026-03-12 13:47:01,404 [INFO]   ★ best 69.37%
2026-03-12 13:47:34,404 [INFO]   Ep  15/130  train 2.7223 / 48.9%  val 1.6963 / 71.1%  lr 1.99e-04  GeM_p=2.99    33s
2026-03-12 13:47:34,653 [INFO]   ★ best 71.13%
2026-03-12 13:48:07,678 [INFO]   Ep  16/130  train 2.6213 / 51.0%  val 1.6706 / 71.4%  lr 1.99e-04  GeM_p=2.99    33s
2026-03-12 13:48:07,924 [INFO]   ★ best 71.44%
2026-03-12 13:48:40,972 [INFO]   Ep  17/130  train 2.6121 / 51.9%  val 1.6328 / 73.1%  lr 1.98e-04  GeM_p=2.99    33s
2026-03-12 13:48:41,217 [INFO]   ★ best 73.07%
2026-03-12 13:49:14,280 [INFO]   Ep  18/130  train 2.5695 / 53.1%  val 1.5570 / 75.3%  lr 1.98e-04  GeM_p=2.99    33s
2026-03-12 13:49:14,523 [INFO]   ★ best 75.34%
2026-03-12 13:49:47,657 [INFO]   Ep  19/130  train 2.4854 / 55.7%  val 1.5548 / 75.2%  lr 1.97e-04  GeM_p=2.99    33s
2026-03-12 13:50:20,748 [INFO]   Ep  20/130  train 2.4306 / 58.0%  val 1.5234 / 76.5%  lr 1.97e-04  GeM_p=2.98    33s
2026-03-12 13:50:20,990 [INFO]   ★ best 76.46%
2026-03-12 13:50:54,032 [INFO]   Ep  21/130  train 2.4265 / 57.8%  val 1.5506 / 77.6%  lr 1.96e-04  GeM_p=2.98    33s
2026-03-12 13:50:54,290 [INFO]   ★ best 77.61%
2026-03-12 13:51:27,276 [INFO]   Ep  22/130  train 2.4175 / 57.9%  val 1.5226 / 77.5%  lr 1.95e-04  GeM_p=2.98    33s
2026-03-12 13:52:00,356 [INFO]   Ep  23/130  train 2.3737 / 59.1%  val 1.5092 / 76.7%  lr 1.95e-04  GeM_p=2.98    33s
2026-03-12 13:52:33,415 [INFO]   Ep  24/130  train 2.2640 / 62.1%  val 1.5008 / 78.2%  lr 1.94e-04  GeM_p=2.98    33s
2026-03-12 13:52:33,666 [INFO]   ★ best 78.19%
2026-03-12 13:53:06,879 [INFO]   Ep  25/130  train 2.3343 / 60.0%  val 1.4402 / 79.2%  lr 1.93e-04  GeM_p=2.97    33s
2026-03-12 13:53:07,129 [INFO]   ★ best 79.17%
2026-03-12 13:53:40,202 [INFO]   Ep  26/130  train 2.2751 / 61.9%  val 1.4657 / 79.6%  lr 1.92e-04  GeM_p=2.97    33s
2026-03-12 13:53:40,447 [INFO]   ★ best 79.58%
2026-03-12 13:54:13,491 [INFO]   Ep  27/130  train 2.2559 / 62.4%  val 1.4708 / 79.4%  lr 1.91e-04  GeM_p=2.97    33s
2026-03-12 13:54:46,530 [INFO]   Ep  28/130  train 2.2042 / 63.2%  val 1.4601 / 78.6%  lr 1.89e-04  GeM_p=2.97    33s
2026-03-12 13:55:19,589 [INFO]   Ep  29/130  train 2.1997 / 63.9%  val 1.4558 / 79.3%  lr 1.88e-04  GeM_p=2.96    33s
2026-03-12 13:55:52,616 [INFO]   Ep  30/130  train 2.1375 / 65.4%  val 1.4580 / 79.1%  lr 1.87e-04  GeM_p=2.96    33s
2026-03-12 13:56:25,758 [INFO]   Ep  31/130  train 2.1533 / 65.9%  val 1.4687 / 80.2%  lr 1.86e-04  GeM_p=2.96    33s
2026-03-12 13:56:26,011 [INFO]   ★ best 80.22%
2026-03-12 13:56:59,048 [INFO]   Ep  32/130  train 2.1167 / 65.5%  val 1.4341 / 80.1%  lr 1.84e-04  GeM_p=2.96    33s
2026-03-12 13:57:32,091 [INFO]   Ep  33/130  train 2.0143 / 69.2%  val 1.4237 / 79.7%  lr 1.83e-04  GeM_p=2.95    33s
2026-03-12 13:58:05,147 [INFO]   Ep  34/130  train 2.0802 / 66.9%  val 1.4207 / 80.9%  lr 1.81e-04  GeM_p=2.95    33s
2026-03-12 13:58:05,402 [INFO]   ★ best 80.87%
2026-03-12 13:58:38,479 [INFO]   Ep  35/130  train 2.1008 / 66.9%  val 1.4257 / 80.1%  lr 1.80e-04  GeM_p=2.95    33s
2026-03-12 13:59:11,551 [INFO]   Ep  36/130  train 2.0437 / 67.9%  val 1.4518 / 79.3%  lr 1.78e-04  GeM_p=2.94    33s
2026-03-12 13:59:44,775 [INFO]   Ep  37/130  train 2.0457 / 67.1%  val 1.4357 / 80.5%  lr 1.77e-04  GeM_p=2.94    33s
2026-03-12 14:00:17,820 [INFO]   Ep  38/130  train 2.0101 / 68.0%  val 1.4221 / 79.3%  lr 1.75e-04  GeM_p=2.94    33s
2026-03-12 14:00:50,858 [INFO]   Ep  39/130  train 2.0675 / 66.6%  val 1.4270 / 80.6%  lr 1.73e-04  GeM_p=2.93    33s
2026-03-12 14:01:23,934 [INFO]   Ep  40/130  train 1.9507 / 69.9%  val 1.3983 / 80.8%  lr 1.71e-04  GeM_p=2.93    33s
2026-03-12 14:01:57,067 [INFO]   Ep  41/130  train 1.9347 / 70.1%  val 1.4356 / 79.7%  lr 1.69e-04  GeM_p=2.93    33s
2026-03-12 14:02:30,316 [INFO]   Ep  42/130  train 1.9674 / 69.4%  val 1.3757 / 82.1%  lr 1.67e-04  GeM_p=2.92    33s
2026-03-12 14:02:30,584 [INFO]   ★ best 82.12%
2026-03-12 14:03:03,963 [INFO]   Ep  43/130  train 1.9056 / 70.1%  val 1.4048 / 81.1%  lr 1.66e-04  GeM_p=2.92    33s
2026-03-12 14:03:37,228 [INFO]   Ep  44/130  train 2.0122 / 67.3%  val 1.4403 / 80.6%  lr 1.64e-04  GeM_p=2.92    33s
2026-03-12 14:04:10,439 [INFO]   Ep  45/130  train 1.9287 / 70.1%  val 1.4210 / 81.3%  lr 1.61e-04  GeM_p=2.92    33s
2026-03-12 14:04:43,658 [INFO]   Ep  46/130  train 1.8990 / 70.7%  val 1.4141 / 81.2%  lr 1.59e-04  GeM_p=2.91    33s
2026-03-12 14:05:16,841 [INFO]   Ep  47/130  train 1.9823 / 67.6%  val 1.3938 / 82.0%  lr 1.57e-04  GeM_p=2.91    33s
2026-03-12 14:05:49,985 [INFO]   Ep  48/130  train 1.8982 / 70.2%  val 1.4891 / 80.7%  lr 1.55e-04  GeM_p=2.91    33s
2026-03-12 14:06:23,328 [INFO]   Ep  49/130  train 1.9445 / 69.4%  val 1.3973 / 81.3%  lr 1.53e-04  GeM_p=2.90    33s
2026-03-12 14:06:56,532 [INFO]   Ep  50/130  train 1.9080 / 70.3%  val 1.4199 / 80.5%  lr 1.51e-04  GeM_p=2.90    33s
2026-03-12 14:07:29,738 [INFO]   Ep  51/130  train 1.8225 / 72.8%  val 1.4193 / 81.4%  lr 1.48e-04  GeM_p=2.90    33s
2026-03-12 14:08:02,988 [INFO]   Ep  52/130  train 1.8530 / 71.0%  val 1.3832 / 82.2%  lr 1.46e-04  GeM_p=2.90    33s
2026-03-12 14:08:03,250 [INFO]   ★ best 82.16%
2026-03-12 14:08:36,498 [INFO]   Ep  53/130  train 1.8067 / 72.6%  val 1.4414 / 80.5%  lr 1.44e-04  GeM_p=2.89    33s
2026-03-12 14:09:09,700 [INFO]   Ep  54/130  train 1.8732 / 71.1%  val 1.3962 / 81.3%  lr 1.41e-04  GeM_p=2.89    33s
2026-03-12 14:09:43,081 [INFO]   Ep  55/130  train 1.8105 / 73.2%  val 1.4226 / 81.5%  lr 1.39e-04  GeM_p=2.89    33s
2026-03-12 14:10:16,281 [INFO]   Ep  56/130  train 1.8192 / 72.5%  val 1.4139 / 82.1%  lr 1.36e-04  GeM_p=2.89    33s
2026-03-12 14:10:49,439 [INFO]   Ep  57/130  train 1.8407 / 71.0%  val 1.3745 / 82.5%  lr 1.34e-04  GeM_p=2.88    33s
2026-03-12 14:10:49,726 [INFO]   ★ best 82.46%
2026-03-12 14:11:22,907 [INFO]   Ep  58/130  train 1.8082 / 71.9%  val 1.4113 / 82.2%  lr 1.31e-04  GeM_p=2.88    33s
2026-03-12 14:11:56,216 [INFO]   Ep  59/130  train 1.8010 / 71.8%  val 1.3897 / 82.7%  lr 1.29e-04  GeM_p=2.88    33s
2026-03-12 14:11:56,467 [INFO]   ★ best 82.70%
2026-03-12 14:12:29,744 [INFO]   Ep  60/130  train 1.8165 / 71.5%  val 1.4089 / 81.6%  lr 1.26e-04  GeM_p=2.88    33s
2026-03-12 14:13:03,142 [INFO]   Ep  61/130  train 1.8382 / 71.2%  val 1.3949 / 81.8%  lr 1.24e-04  GeM_p=2.87    33s
2026-03-12 14:13:36,341 [INFO]   Ep  62/130  train 1.7677 / 72.9%  val 1.4015 / 82.1%  lr 1.21e-04  GeM_p=2.87    33s
2026-03-12 14:14:09,612 [INFO]   Ep  63/130  train 1.8341 / 71.2%  val 1.3835 / 82.1%  lr 1.19e-04  GeM_p=2.87    33s
2026-03-12 14:14:42,867 [INFO]   Ep  64/130  train 1.7211 / 73.5%  val 1.3820 / 82.7%  lr 1.16e-04  GeM_p=2.87    33s
2026-03-12 14:15:16,041 [INFO]   Ep  65/130  train 1.7922 / 71.2%  val 1.3968 / 82.6%  lr 1.14e-04  GeM_p=2.86    33s
2026-03-12 14:15:49,247 [INFO]   Ep  66/130  train 1.7205 / 73.8%  val 1.3895 / 82.4%  lr 1.11e-04  GeM_p=2.86    33s
2026-03-12 14:16:22,639 [INFO]   Ep  67/130  train 1.7388 / 73.9%  val 1.3850 / 82.6%  lr 1.08e-04  GeM_p=2.86    33s
2026-03-12 14:16:55,773 [INFO]   Ep  68/130  train 1.7646 / 72.3%  val 1.4187 / 81.7%  lr 1.06e-04  GeM_p=2.86    33s
2026-03-12 14:17:28,948 [INFO]   Ep  69/130  train 1.7431 / 73.7%  val 1.4131 / 82.0%  lr 1.03e-04  GeM_p=2.86    33s
2026-03-12 14:18:02,200 [INFO]   Ep  70/130  train 1.7199 / 73.8%  val 1.4343 / 81.7%  lr 1.01e-04  GeM_p=2.85    33s
2026-03-12 14:18:35,437 [INFO]   Ep  71/130  train 1.7480 / 71.7%  val 1.3881 / 82.3%  lr 9.79e-05  GeM_p=2.85    33s
2026-03-12 14:19:08,665 [INFO]   Ep  72/130  train 1.8063 / 70.5%  val 1.3921 / 82.5%  lr 9.53e-05  GeM_p=2.85    33s
2026-03-12 14:19:41,952 [INFO]   Ep  73/130  train 1.7509 / 72.6%  val 1.4000 / 82.8%  lr 9.26e-05  GeM_p=2.85    33s
2026-03-12 14:19:42,203 [INFO]   ★ best 82.80%
2026-03-12 14:20:15,198 [INFO]   Ep  74/130  train 1.7283 / 73.9%  val 1.3738 / 83.7%  lr 9.00e-05  GeM_p=2.85    33s
2026-03-12 14:20:15,436 [INFO]   ★ best 83.68%
2026-03-12 14:20:48,478 [INFO]   Ep  75/130  train 1.6892 / 74.5%  val 1.3993 / 82.8%  lr 8.74e-05  GeM_p=2.85    33s
2026-03-12 14:21:21,525 [INFO]   Ep  76/130  train 1.7197 / 72.9%  val 1.3939 / 82.4%  lr 8.48e-05  GeM_p=2.84    33s
2026-03-12 14:21:54,585 [INFO]   Ep  77/130  train 1.6900 / 73.0%  val 1.3977 / 82.4%  lr 8.22e-05  GeM_p=2.84    33s
2026-03-12 14:22:27,623 [INFO]   Ep  78/130  train 1.7505 / 72.9%  val 1.3969 / 82.7%  lr 7.96e-05  GeM_p=2.84    33s
2026-03-12 14:23:00,805 [INFO]   Ep  79/130  train 1.6862 / 74.6%  val 1.3817 / 83.6%  lr 7.71e-05  GeM_p=2.84    33s
2026-03-12 14:23:33,801 [INFO]   Ep  80/130  train 1.6866 / 73.9%  val 1.4060 / 82.5%  lr 7.45e-05  GeM_p=2.84    33s [SWA]
2026-03-12 14:24:06,823 [INFO]   Ep  81/130  train 1.6574 / 75.0%  val 1.3931 / 82.8%  lr 7.20e-05  GeM_p=2.84    33s [SWA]
2026-03-12 14:24:39,873 [INFO]   Ep  82/130  train 1.6948 / 71.9%  val 1.4123 / 82.5%  lr 6.95e-05  GeM_p=2.84    33s [SWA]
2026-03-12 14:25:12,959 [INFO]   Ep  83/130  train 1.6457 / 75.5%  val 1.3823 / 83.2%  lr 6.70e-05  GeM_p=2.83    33s [SWA]
2026-03-12 14:25:46,008 [INFO]   Ep  84/130  train 1.6341 / 75.1%  val 1.3762 / 83.4%  lr 6.45e-05  GeM_p=2.83    33s [SWA]
2026-03-12 14:26:19,185 [INFO]   Ep  85/130  train 1.6606 / 74.5%  val 1.3792 / 84.0%  lr 6.21e-05  GeM_p=2.83    33s [SWA]
2026-03-12 14:26:19,431 [INFO]   ★ best 83.96%
2026-03-12 14:26:52,484 [INFO]   Ep  86/130  train 1.6796 / 73.4%  val 1.3917 / 83.7%  lr 5.97e-05  GeM_p=2.83    33s [SWA]
2026-03-12 14:27:25,535 [INFO]   Ep  87/130  train 1.6555 / 73.9%  val 1.3755 / 83.5%  lr 5.73e-05  GeM_p=2.83    33s [SWA]
2026-03-12 14:27:58,584 [INFO]   Ep  88/130  train 1.6334 / 75.5%  val 1.3839 / 83.2%  lr 5.49e-05  GeM_p=2.83    33s [SWA]
2026-03-12 14:28:31,591 [INFO]   Ep  89/130  train 1.6375 / 75.5%  val 1.3785 / 83.4%  lr 5.26e-05  GeM_p=2.83    33s [SWA]
2026-03-12 14:29:04,659 [INFO]   Ep  90/130  train 1.6156 / 75.4%  val 1.3624 / 84.1%  lr 5.03e-05  GeM_p=2.83    33s [SWA]
2026-03-12 14:29:04,906 [INFO]   ★ best 84.12%
2026-03-12 14:29:37,915 [INFO]   Ep  91/130  train 1.6597 / 74.9%  val 1.3752 / 83.6%  lr 4.80e-05  GeM_p=2.83    33s [SWA]
2026-03-12 14:30:11,052 [INFO]   Ep  92/130  train 1.5972 / 76.0%  val 1.3878 / 83.1%  lr 4.58e-05  GeM_p=2.83    33s [SWA]
2026-03-12 14:30:44,137 [INFO]   Ep  93/130  train 1.6256 / 74.5%  val 1.3777 / 83.4%  lr 4.36e-05  GeM_p=2.83    33s [SWA]
2026-03-12 14:31:17,164 [INFO]   Ep  94/130  train 1.6807 / 74.0%  val 1.3724 / 83.6%  lr 4.15e-05  GeM_p=2.83    33s [SWA]
2026-03-12 14:31:50,221 [INFO]   Ep  95/130  train 1.6353 / 74.9%  val 1.3932 / 83.4%  lr 3.94e-05  GeM_p=2.82    33s [SWA]
2026-03-12 14:32:23,255 [INFO]   Ep  96/130  train 1.6708 / 74.9%  val 1.3984 / 83.2%  lr 3.73e-05  GeM_p=2.82    33s [SWA]
2026-03-12 14:32:56,338 [INFO]   Ep  97/130  train 1.6660 / 73.2%  val 1.3868 / 83.6%  lr 3.53e-05  GeM_p=2.82    33s [SWA]
2026-03-12 14:33:29,495 [INFO]   Ep  98/130  train 1.6051 / 75.3%  val 1.3835 / 83.9%  lr 3.33e-05  GeM_p=2.82    33s [SWA]
2026-03-12 14:34:02,583 [INFO]   Ep  99/130  train 1.5554 / 76.2%  val 1.3864 / 83.8%  lr 3.14e-05  GeM_p=2.82    33s [SWA]
2026-03-12 14:34:35,679 [INFO]   Ep 100/130  train 1.6225 / 74.6%  val 1.3882 / 83.8%  lr 2.95e-05  GeM_p=2.82    33s [SWA]
2026-03-12 14:35:08,729 [INFO]   Ep 101/130  train 1.5908 / 75.1%  val 1.3878 / 83.4%  lr 2.76e-05  GeM_p=2.82    33s [SWA]
2026-03-12 14:35:41,834 [INFO]   Ep 102/130  train 1.6126 / 75.5%  val 1.3780 / 83.9%  lr 2.58e-05  GeM_p=2.82    33s [SWA]
2026-03-12 14:36:14,902 [INFO]   Ep 103/130  train 1.6155 / 74.4%  val 1.3817 / 84.0%  lr 2.41e-05  GeM_p=2.82    33s [SWA]
2026-03-12 14:36:48,089 [INFO]   Ep 104/130  train 1.6165 / 74.6%  val 1.3641 / 84.4%  lr 2.24e-05  GeM_p=2.82    33s [SWA]
2026-03-12 14:36:48,341 [INFO]   ★ best 84.36%
2026-03-12 14:37:21,385 [INFO]   Ep 105/130  train 1.6145 / 75.3%  val 1.3794 / 83.8%  lr 2.08e-05  GeM_p=2.82    33s [SWA]
2026-03-12 14:37:54,452 [INFO]   Ep 106/130  train 1.5903 / 75.2%  val 1.3716 / 84.5%  lr 1.92e-05  GeM_p=2.82    33s [SWA]
2026-03-12 14:37:54,703 [INFO]   ★ best 84.46%
2026-03-12 14:38:27,713 [INFO]   Ep 107/130  train 1.5525 / 77.1%  val 1.3737 / 83.7%  lr 1.77e-05  GeM_p=2.82    33s [SWA]
2026-03-12 14:39:00,790 [INFO]   Ep 108/130  train 1.5719 / 75.9%  val 1.3705 / 83.9%  lr 1.62e-05  GeM_p=2.82    33s [SWA]
2026-03-12 14:39:33,849 [INFO]   Ep 109/130  train 1.6575 / 73.9%  val 1.3748 / 83.8%  lr 1.48e-05  GeM_p=2.82    33s [SWA]
2026-03-12 14:40:07,056 [INFO]   Ep 110/130  train 1.6126 / 74.7%  val 1.3745 / 83.8%  lr 1.35e-05  GeM_p=2.82    33s [SWA]
2026-03-12 14:40:40,141 [INFO]   Ep 111/130  train 1.6118 / 75.6%  val 1.3693 / 83.8%  lr 1.22e-05  GeM_p=2.82    33s [SWA]
2026-03-12 14:41:13,248 [INFO]   Ep 112/130  train 1.5462 / 77.5%  val 1.3730 / 84.0%  lr 1.10e-05  GeM_p=2.82    33s [SWA]
2026-03-12 14:41:46,331 [INFO]   Ep 113/130  train 1.6182 / 75.0%  val 1.3679 / 84.3%  lr 9.81e-06  GeM_p=2.82    33s [SWA]
2026-03-12 14:42:19,431 [INFO]   Ep 114/130  train 1.6064 / 74.4%  val 1.3708 / 84.2%  lr 8.71e-06  GeM_p=2.82    33s [SWA]
2026-03-12 14:42:52,520 [INFO]   Ep 115/130  train 1.6057 / 74.9%  val 1.3741 / 83.8%  lr 7.67e-06  GeM_p=2.82    33s [SWA]
2026-03-12 14:43:25,697 [INFO]   Ep 116/130  train 1.6188 / 76.7%  val 1.3679 / 83.9%  lr 6.69e-06  GeM_p=2.82    33s [SWA]
2026-03-12 14:43:58,752 [INFO]   Ep 117/130  train 1.5645 / 76.7%  val 1.3731 / 83.9%  lr 5.78e-06  GeM_p=2.82    33s [SWA]
2026-03-12 14:44:31,804 [INFO]   Ep 118/130  train 1.6374 / 73.9%  val 1.3731 / 83.9%  lr 4.93e-06  GeM_p=2.82    33s [SWA]
2026-03-12 14:45:04,854 [INFO]   Ep 119/130  train 1.5229 / 77.8%  val 1.3722 / 83.8%  lr 4.15e-06  GeM_p=2.82    33s [SWA]
2026-03-12 14:45:37,905 [INFO]   Ep 120/130  train 1.5652 / 76.0%  val 1.3688 / 83.9%  lr 3.44e-06  GeM_p=2.82    33s [SWA]
2026-03-12 14:46:10,953 [INFO]   Ep 121/130  train 1.6163 / 75.3%  val 1.3697 / 83.8%  lr 2.79e-06  GeM_p=2.82    33s [SWA]
2026-03-12 14:46:44,107 [INFO]   Ep 122/130  train 1.6535 / 74.6%  val 1.3710 / 83.9%  lr 2.21e-06  GeM_p=2.82    33s [SWA]
2026-03-12 14:47:17,133 [INFO]   Ep 123/130  train 1.5801 / 76.0%  val 1.3687 / 84.2%  lr 1.69e-06  GeM_p=2.82    33s [SWA]
2026-03-12 14:47:50,192 [INFO]   Ep 124/130  train 1.6356 / 74.9%  val 1.3696 / 84.1%  lr 1.25e-06  GeM_p=2.82    33s [SWA]
2026-03-12 14:48:23,240 [INFO]   Ep 125/130  train 1.6018 / 75.2%  val 1.3685 / 84.2%  lr 8.68e-07  GeM_p=2.82    33s [SWA]
2026-03-12 14:48:56,295 [INFO]   Ep 126/130  train 1.5998 / 73.9%  val 1.3680 / 84.2%  lr 5.58e-07  GeM_p=2.82    33s [SWA]
2026-03-12 14:49:29,270 [INFO]   Ep 127/130  train 1.5626 / 76.2%  val 1.3679 / 84.1%  lr 3.17e-07  GeM_p=2.82    33s [SWA]
2026-03-12 14:50:02,412 [INFO]   Ep 128/130  train 1.6020 / 74.9%  val 1.3679 / 84.2%  lr 1.45e-07  GeM_p=2.82    33s [SWA]
2026-03-12 14:50:35,422 [INFO]   Ep 129/130  train 1.6164 / 74.9%  val 1.3679 / 84.2%  lr 4.22e-08  GeM_p=2.82    33s [SWA]
2026-03-12 14:51:08,458 [INFO]   Ep 130/130  train 1.6276 / 74.4%  val 1.3679 / 84.2%  lr 8.00e-09  GeM_p=2.82    33s [SWA]
2026-03-12 14:51:08,461 [INFO] Updating SWA batch norm statistics …
2026-03-12 14:51:10,340 [INFO]   SWA val: 1.3558 / 84.19%  (best individual: 84.46%)
2026-03-12 14:51:10,534 [INFO]   Fold 4 — best: 84.46%, SWA: 84.19%
2026-03-12 14:51:10,757 [INFO] ================================================================
2026-03-12 14:51:10,757 [INFO] FOLD 5 / 5
2026-03-12 14:51:10,757 [INFO] ================================================================
2026-03-12 14:51:11,123 [INFO] Loading pretrained weights from Hugging Face hub (timm/convnext_small.fb_in22k_ft_in1k)
2026-03-12 14:51:11,295 [INFO] HTTP Request: HEAD https://huggingface.co/timm/convnext_small.fb_in22k_ft_in1k/resolve/main/model.safetensors "HTTP/1.1 302 Found"
2026-03-12 14:51:11,296 [INFO] [timm/convnext_small.fb_in22k_ft_in1k] Safe alternative available for 'pytorch_model.bin' (as 'model.safetensors'). Loading weights using safetensors.
2026-03-12 14:51:11,394 [INFO] Model: convnext_small.fb_in22k_ft_in1k  |  49.55M params
2026-03-12 14:51:11,395 [INFO] LLRD: 12 groups, LR [6.55e-05 … 2.00e-04]
2026-03-12 14:51:44,803 [INFO]   Ep   1/130  train 5.0155 / 0.8%  val 4.8415 / 0.8%  lr 1.24e-05  GeM_p=3.00    33s
2026-03-12 14:51:45,019 [INFO]   ★ best 0.81%
2026-03-12 14:52:18,024 [INFO]   Ep   2/130  train 4.8477 / 0.9%  val 4.8288 / 1.0%  lr 2.50e-05  GeM_p=3.00    33s
2026-03-12 14:52:18,289 [INFO]   ★ best 0.98%
2026-03-12 14:52:51,478 [INFO]   Ep   3/130  train 4.7963 / 1.5%  val 4.5817 / 2.2%  lr 4.48e-05  GeM_p=3.00    33s
2026-03-12 14:52:51,738 [INFO]   ★ best 2.20%
2026-03-12 14:53:24,835 [INFO]   Ep   4/130  train 4.6367 / 2.4%  val 4.2928 / 6.2%  lr 7.00e-05  GeM_p=3.00    33s
2026-03-12 14:53:25,097 [INFO]   ★ best 6.17%
2026-03-12 14:53:58,185 [INFO]   Ep   5/130  train 4.4147 / 5.1%  val 3.8559 / 12.6%  lr 9.83e-05  GeM_p=3.00    33s
2026-03-12 14:53:58,449 [INFO]   ★ best 12.58%
2026-03-12 14:54:31,446 [INFO]   Ep   6/130  train 4.1610 / 9.4%  val 3.2142 / 23.4%  lr 1.27e-04  GeM_p=3.00    33s
2026-03-12 14:54:31,708 [INFO]   ★ best 23.41%
2026-03-12 14:55:04,765 [INFO]   Ep   7/130  train 3.8778 / 15.7%  val 2.8518 / 36.5%  lr 1.54e-04  GeM_p=3.00    33s
2026-03-12 14:55:05,032 [INFO]   ★ best 36.47%
2026-03-12 14:55:38,054 [INFO]   Ep   8/130  train 3.6692 / 21.1%  val 2.4768 / 45.0%  lr 1.76e-04  GeM_p=3.00    33s
2026-03-12 14:55:38,320 [INFO]   ★ best 45.01%
2026-03-12 14:56:11,520 [INFO]   Ep   9/130  train 3.5152 / 26.0%  val 2.2568 / 51.7%  lr 1.92e-04  GeM_p=3.00    33s
2026-03-12 14:56:11,766 [INFO]   ★ best 51.73%
2026-03-12 14:56:44,858 [INFO]   Ep  10/130  train 3.2687 / 32.3%  val 2.0637 / 58.6%  lr 1.99e-04  GeM_p=3.00    33s
2026-03-12 14:56:45,114 [INFO]   ★ best 58.65%
2026-03-12 14:57:18,149 [INFO]   Ep  11/130  train 3.1153 / 37.4%  val 1.9687 / 60.3%  lr 2.00e-04  GeM_p=2.99    33s
2026-03-12 14:57:18,415 [INFO]   ★ best 60.31%
2026-03-12 14:57:51,470 [INFO]   Ep  12/130  train 2.9689 / 41.4%  val 1.8844 / 63.6%  lr 2.00e-04  GeM_p=2.99    33s
2026-03-12 14:57:51,718 [INFO]   ★ best 63.64%
2026-03-12 14:58:24,737 [INFO]   Ep  13/130  train 2.8394 / 44.7%  val 1.7817 / 67.7%  lr 2.00e-04  GeM_p=2.99    33s
2026-03-12 14:58:24,988 [INFO]   ★ best 67.67%
2026-03-12 14:58:58,035 [INFO]   Ep  14/130  train 2.8216 / 45.4%  val 1.7332 / 68.9%  lr 2.00e-04  GeM_p=2.99    33s
2026-03-12 14:58:58,282 [INFO]   ★ best 68.86%
2026-03-12 14:59:31,483 [INFO]   Ep  15/130  train 2.7533 / 47.5%  val 1.6748 / 71.3%  lr 1.99e-04  GeM_p=2.99    33s
2026-03-12 14:59:31,742 [INFO]   ★ best 71.34%
2026-03-12 15:00:04,773 [INFO]   Ep  16/130  train 2.6670 / 50.3%  val 1.6441 / 72.4%  lr 1.99e-04  GeM_p=2.99    33s
2026-03-12 15:00:05,027 [INFO]   ★ best 72.39%
2026-03-12 15:00:38,094 [INFO]   Ep  17/130  train 2.6537 / 51.1%  val 1.6368 / 73.7%  lr 1.98e-04  GeM_p=2.99    33s
2026-03-12 15:00:38,344 [INFO]   ★ best 73.68%
2026-03-12 15:01:11,392 [INFO]   Ep  18/130  train 2.5190 / 54.8%  val 1.6027 / 73.0%  lr 1.98e-04  GeM_p=2.99    33s
2026-03-12 15:01:44,449 [INFO]   Ep  19/130  train 2.4775 / 56.2%  val 1.5555 / 74.9%  lr 1.97e-04  GeM_p=2.99    33s
2026-03-12 15:01:44,703 [INFO]   ★ best 74.93%
2026-03-12 15:02:17,732 [INFO]   Ep  20/130  train 2.4187 / 58.1%  val 1.5642 / 75.5%  lr 1.97e-04  GeM_p=2.99    33s
2026-03-12 15:02:17,984 [INFO]   ★ best 75.51%
2026-03-12 15:02:51,180 [INFO]   Ep  21/130  train 2.3203 / 60.3%  val 1.5414 / 75.7%  lr 1.96e-04  GeM_p=2.98    33s
2026-03-12 15:02:51,430 [INFO]   ★ best 75.71%
2026-03-12 15:03:24,439 [INFO]   Ep  22/130  train 2.3075 / 61.2%  val 1.5438 / 76.4%  lr 1.95e-04  GeM_p=2.98    33s
2026-03-12 15:03:24,692 [INFO]   ★ best 76.39%
2026-03-12 15:03:57,704 [INFO]   Ep  23/130  train 2.3372 / 60.1%  val 1.5114 / 77.1%  lr 1.95e-04  GeM_p=2.98    33s
2026-03-12 15:03:57,958 [INFO]   ★ best 77.10%
2026-03-12 15:04:31,051 [INFO]   Ep  24/130  train 2.2380 / 62.2%  val 1.4928 / 78.4%  lr 1.94e-04  GeM_p=2.98    33s
2026-03-12 15:04:31,304 [INFO]   ★ best 78.36%
2026-03-12 15:05:04,344 [INFO]   Ep  25/130  train 2.2740 / 62.1%  val 1.5046 / 78.2%  lr 1.93e-04  GeM_p=2.98    33s
2026-03-12 15:05:37,366 [INFO]   Ep  26/130  train 2.2278 / 63.2%  val 1.4412 / 79.2%  lr 1.92e-04  GeM_p=2.98    33s
2026-03-12 15:05:37,617 [INFO]   ★ best 79.21%
2026-03-12 15:06:10,775 [INFO]   Ep  27/130  train 2.2247 / 63.5%  val 1.4549 / 79.5%  lr 1.91e-04  GeM_p=2.97    33s
2026-03-12 15:06:11,026 [INFO]   ★ best 79.55%
2026-03-12 15:06:44,120 [INFO]   Ep  28/130  train 2.1403 / 64.9%  val 1.4943 / 78.1%  lr 1.89e-04  GeM_p=2.97    33s
2026-03-12 15:07:17,235 [INFO]   Ep  29/130  train 2.1995 / 63.9%  val 1.4759 / 78.6%  lr 1.88e-04  GeM_p=2.97    33s
2026-03-12 15:07:50,252 [INFO]   Ep  30/130  train 2.1141 / 66.4%  val 1.4797 / 77.4%  lr 1.87e-04  GeM_p=2.97    33s
2026-03-12 15:08:23,289 [INFO]   Ep  31/130  train 2.1398 / 64.6%  val 1.4947 / 78.4%  lr 1.86e-04  GeM_p=2.96    33s
2026-03-12 15:08:56,289 [INFO]   Ep  32/130  train 2.1188 / 65.9%  val 1.4427 / 80.4%  lr 1.84e-04  GeM_p=2.96    33s
2026-03-12 15:08:56,544 [INFO]   ★ best 80.39%
2026-03-12 15:09:29,629 [INFO]   Ep  33/130  train 2.0563 / 67.1%  val 1.4553 / 79.3%  lr 1.83e-04  GeM_p=2.96    33s
2026-03-12 15:10:02,665 [INFO]   Ep  34/130  train 2.1117 / 66.0%  val 1.4765 / 78.5%  lr 1.81e-04  GeM_p=2.96    33s
2026-03-12 15:10:35,720 [INFO]   Ep  35/130  train 2.0695 / 66.5%  val 1.4498 / 79.3%  lr 1.80e-04  GeM_p=2.95    33s
2026-03-12 15:11:08,726 [INFO]   Ep  36/130  train 2.0781 / 66.0%  val 1.4538 / 79.4%  lr 1.78e-04  GeM_p=2.95    33s
2026-03-12 15:11:41,748 [INFO]   Ep  37/130  train 1.9567 / 69.5%  val 1.4380 / 80.0%  lr 1.77e-04  GeM_p=2.95    33s
2026-03-12 15:12:14,818 [INFO]   Ep  38/130  train 2.0736 / 65.8%  val 1.4524 / 79.3%  lr 1.75e-04  GeM_p=2.94    33s
2026-03-12 15:12:47,992 [INFO]   Ep  39/130  train 1.9967 / 68.3%  val 1.4499 / 80.0%  lr 1.73e-04  GeM_p=2.94    33s
2026-03-12 15:13:21,047 [INFO]   Ep  40/130  train 2.0106 / 68.3%  val 1.4127 / 81.4%  lr 1.71e-04  GeM_p=2.94    33s
2026-03-12 15:13:21,302 [INFO]   ★ best 81.41%
2026-03-12 15:13:54,337 [INFO]   Ep  41/130  train 1.9769 / 68.5%  val 1.4342 / 80.9%  lr 1.69e-04  GeM_p=2.93    33s
2026-03-12 15:14:27,360 [INFO]   Ep  42/130  train 1.9463 / 69.1%  val 1.4489 / 80.2%  lr 1.67e-04  GeM_p=2.93    33s
2026-03-12 15:15:00,431 [INFO]   Ep  43/130  train 1.9201 / 69.0%  val 1.4091 / 80.9%  lr 1.66e-04  GeM_p=2.93    33s
2026-03-12 15:15:33,482 [INFO]   Ep  44/130  train 1.9300 / 69.8%  val 1.4042 / 81.0%  lr 1.64e-04  GeM_p=2.92    33s
2026-03-12 15:16:06,666 [INFO]   Ep  45/130  train 1.9451 / 69.3%  val 1.4479 / 80.6%  lr 1.61e-04  GeM_p=2.92    33s
2026-03-12 15:16:39,781 [INFO]   Ep  46/130  train 1.8997 / 70.9%  val 1.4439 / 80.3%  lr 1.59e-04  GeM_p=2.92    33s
2026-03-12 15:17:12,833 [INFO]   Ep  47/130  train 1.8666 / 71.6%  val 1.4193 / 80.6%  lr 1.57e-04  GeM_p=2.91    33s
2026-03-12 15:17:45,930 [INFO]   Ep  48/130  train 1.9344 / 69.7%  val 1.4140 / 81.5%  lr 1.55e-04  GeM_p=2.91    33s
2026-03-12 15:17:46,191 [INFO]   ★ best 81.55%
2026-03-12 15:18:19,242 [INFO]   Ep  49/130  train 1.8168 / 73.1%  val 1.4161 / 81.4%  lr 1.53e-04  GeM_p=2.91    33s
2026-03-12 15:18:52,334 [INFO]   Ep  50/130  train 1.9292 / 69.1%  val 1.3967 / 81.3%  lr 1.51e-04  GeM_p=2.91    33s
2026-03-12 15:19:25,569 [INFO]   Ep  51/130  train 1.8651 / 70.9%  val 1.4036 / 81.7%  lr 1.48e-04  GeM_p=2.90    33s
2026-03-12 15:19:25,824 [INFO]   ★ best 81.72%
2026-03-12 15:19:58,850 [INFO]   Ep  52/130  train 1.8649 / 71.2%  val 1.4593 / 81.2%  lr 1.46e-04  GeM_p=2.90    33s
2026-03-12 15:20:31,927 [INFO]   Ep  53/130  train 1.8759 / 70.2%  val 1.4278 / 81.6%  lr 1.44e-04  GeM_p=2.90    33s
2026-03-12 15:21:04,941 [INFO]   Ep  54/130  train 1.8570 / 70.7%  val 1.4342 / 80.3%  lr 1.41e-04  GeM_p=2.89    33s
2026-03-12 15:21:38,010 [INFO]   Ep  55/130  train 1.8237 / 71.7%  val 1.3997 / 82.5%  lr 1.39e-04  GeM_p=2.89    33s
2026-03-12 15:21:38,267 [INFO]   ★ best 82.53%
2026-03-12 15:22:11,300 [INFO]   Ep  56/130  train 1.8436 / 70.1%  val 1.3874 / 82.4%  lr 1.36e-04  GeM_p=2.89    33s
2026-03-12 15:22:44,440 [INFO]   Ep  57/130  train 1.8132 / 72.6%  val 1.4120 / 82.3%  lr 1.34e-04  GeM_p=2.89    33s
2026-03-12 15:23:17,549 [INFO]   Ep  58/130  train 1.7743 / 73.6%  val 1.3888 / 82.7%  lr 1.31e-04  GeM_p=2.88    33s
2026-03-12 15:23:17,810 [INFO]   ★ best 82.67%
2026-03-12 15:23:50,902 [INFO]   Ep  59/130  train 1.7792 / 72.8%  val 1.3973 / 82.0%  lr 1.29e-04  GeM_p=2.88    33s
2026-03-12 15:24:23,900 [INFO]   Ep  60/130  train 1.8241 / 71.6%  val 1.4176 / 81.8%  lr 1.26e-04  GeM_p=2.88    33s
2026-03-12 15:24:56,944 [INFO]   Ep  61/130  train 1.7938 / 72.4%  val 1.4365 / 81.2%  lr 1.24e-04  GeM_p=2.88    33s
2026-03-12 15:25:29,987 [INFO]   Ep  62/130  train 1.7773 / 73.7%  val 1.4158 / 82.0%  lr 1.21e-04  GeM_p=2.87    33s
2026-03-12 15:26:03,169 [INFO]   Ep  63/130  train 1.8005 / 71.9%  val 1.4270 / 80.9%  lr 1.19e-04  GeM_p=2.87    33s
2026-03-12 15:26:36,242 [INFO]   Ep  64/130  train 1.7689 / 72.4%  val 1.4183 / 82.0%  lr 1.16e-04  GeM_p=2.87    33s
2026-03-12 15:27:09,300 [INFO]   Ep  65/130  train 1.8484 / 69.5%  val 1.4160 / 82.5%  lr 1.14e-04  GeM_p=2.87    33s
2026-03-12 15:27:42,363 [INFO]   Ep  66/130  train 1.7500 / 72.8%  val 1.4128 / 82.4%  lr 1.11e-04  GeM_p=2.87    33s
2026-03-12 15:28:15,432 [INFO]   Ep  67/130  train 1.7790 / 72.3%  val 1.4048 / 82.2%  lr 1.08e-04  GeM_p=2.86    33s
2026-03-12 15:28:48,367 [INFO]   Ep  68/130  train 1.7947 / 70.6%  val 1.3861 / 81.8%  lr 1.06e-04  GeM_p=2.86    33s
2026-03-12 15:29:21,590 [INFO]   Ep  69/130  train 1.7592 / 72.6%  val 1.3885 / 82.3%  lr 1.03e-04  GeM_p=2.86    33s
2026-03-12 15:29:54,602 [INFO]   Ep  70/130  train 1.7379 / 73.8%  val 1.4298 / 82.1%  lr 1.01e-04  GeM_p=2.86    33s
2026-03-12 15:30:27,617 [INFO]   Ep  71/130  train 1.8053 / 70.3%  val 1.4107 / 82.1%  lr 9.79e-05  GeM_p=2.86    33s
2026-03-12 15:31:00,642 [INFO]   Ep  72/130  train 1.7199 / 72.7%  val 1.3974 / 83.0%  lr 9.53e-05  GeM_p=2.85    33s
2026-03-12 15:31:00,898 [INFO]   ★ best 83.01%
2026-03-12 15:31:33,895 [INFO]   Ep  73/130  train 1.6786 / 74.7%  val 1.3900 / 82.6%  lr 9.26e-05  GeM_p=2.85    33s
2026-03-12 15:32:06,916 [INFO]   Ep  74/130  train 1.6473 / 76.2%  val 1.4022 / 82.1%  lr 9.00e-05  GeM_p=2.85    33s
2026-03-12 15:32:40,121 [INFO]   Ep  75/130  train 1.7230 / 73.7%  val 1.4040 / 82.3%  lr 8.74e-05  GeM_p=2.85    33s
2026-03-12 15:33:13,194 [INFO]   Ep  76/130  train 1.6426 / 76.3%  val 1.3883 / 82.7%  lr 8.48e-05  GeM_p=2.85    33s
2026-03-12 15:33:46,237 [INFO]   Ep  77/130  train 1.7244 / 73.7%  val 1.3730 / 83.3%  lr 8.22e-05  GeM_p=2.85    33s
2026-03-12 15:33:46,503 [INFO]   ★ best 83.31%
2026-03-12 15:34:19,526 [INFO]   Ep  78/130  train 1.7207 / 73.3%  val 1.3828 / 83.0%  lr 7.96e-05  GeM_p=2.85    33s
2026-03-12 15:34:52,542 [INFO]   Ep  79/130  train 1.7113 / 73.3%  val 1.4137 / 82.1%  lr 7.71e-05  GeM_p=2.84    33s
2026-03-12 15:35:25,633 [INFO]   Ep  80/130  train 1.6572 / 75.3%  val 1.3665 / 83.0%  lr 7.45e-05  GeM_p=2.84    33s [SWA]
2026-03-12 15:35:58,828 [INFO]   Ep  81/130  train 1.6910 / 75.4%  val 1.3735 / 83.1%  lr 7.20e-05  GeM_p=2.84    33s [SWA]
2026-03-12 15:36:31,825 [INFO]   Ep  82/130  train 1.6651 / 74.6%  val 1.4118 / 82.1%  lr 6.95e-05  GeM_p=2.84    33s [SWA]
2026-03-12 15:37:04,925 [INFO]   Ep  83/130  train 1.6848 / 74.4%  val 1.4038 / 82.6%  lr 6.70e-05  GeM_p=2.84    33s [SWA]
2026-03-12 15:37:38,035 [INFO]   Ep  84/130  train 1.6797 / 74.3%  val 1.3825 / 83.2%  lr 6.45e-05  GeM_p=2.84    33s [SWA]
2026-03-12 15:38:11,113 [INFO]   Ep  85/130  train 1.6903 / 74.1%  val 1.4210 / 82.2%  lr 6.21e-05  GeM_p=2.84    33s [SWA]
2026-03-12 15:38:44,175 [INFO]   Ep  86/130  train 1.6877 / 74.2%  val 1.4125 / 82.3%  lr 5.97e-05  GeM_p=2.84    33s [SWA]
2026-03-12 15:39:17,228 [INFO]   Ep  87/130  train 1.7161 / 73.1%  val 1.3877 / 83.3%  lr 5.73e-05  GeM_p=2.84    33s [SWA]
2026-03-12 15:39:17,488 [INFO]   ★ best 83.34%
2026-03-12 15:39:50,621 [INFO]   Ep  88/130  train 1.6816 / 74.5%  val 1.3902 / 83.1%  lr 5.49e-05  GeM_p=2.84    33s [SWA]
2026-03-12 15:40:23,659 [INFO]   Ep  89/130  train 1.5798 / 77.0%  val 1.3930 / 82.7%  lr 5.26e-05  GeM_p=2.83    33s [SWA]
2026-03-12 15:40:56,683 [INFO]   Ep  90/130  train 1.6444 / 74.0%  val 1.4023 / 83.0%  lr 5.03e-05  GeM_p=2.83    33s [SWA]
2026-03-12 15:41:29,726 [INFO]   Ep  91/130  train 1.6297 / 75.3%  val 1.3882 / 83.3%  lr 4.80e-05  GeM_p=2.83    33s [SWA]
2026-03-12 15:42:02,813 [INFO]   Ep  92/130  train 1.6571 / 74.8%  val 1.3731 / 83.2%  lr 4.58e-05  GeM_p=2.83    33s [SWA]
2026-03-12 15:42:35,829 [INFO]   Ep  93/130  train 1.6270 / 75.0%  val 1.3881 / 83.4%  lr 4.36e-05  GeM_p=2.83    33s [SWA]
2026-03-12 15:42:36,095 [INFO]   ★ best 83.41%
2026-03-12 15:43:09,267 [INFO]   Ep  94/130  train 1.6895 / 73.2%  val 1.3828 / 83.3%  lr 4.15e-05  GeM_p=2.83    33s [SWA]
2026-03-12 15:43:42,285 [INFO]   Ep  95/130  train 1.6732 / 74.7%  val 1.3700 / 83.8%  lr 3.94e-05  GeM_p=2.83    33s [SWA]
2026-03-12 15:43:42,537 [INFO]   ★ best 83.79%
2026-03-12 15:44:15,533 [INFO]   Ep  96/130  train 1.6598 / 74.9%  val 1.3730 / 83.8%  lr 3.73e-05  GeM_p=2.83    33s [SWA]
2026-03-12 15:44:48,587 [INFO]   Ep  97/130  train 1.6431 / 74.1%  val 1.3676 / 84.1%  lr 3.53e-05  GeM_p=2.83    33s [SWA]
2026-03-12 15:44:48,840 [INFO]   ★ best 84.06%
2026-03-12 15:45:21,890 [INFO]   Ep  98/130  train 1.6379 / 74.7%  val 1.3727 / 83.7%  lr 3.33e-05  GeM_p=2.83    33s [SWA]
2026-03-12 15:45:54,914 [INFO]   Ep  99/130  train 1.6389 / 75.1%  val 1.3717 / 84.2%  lr 3.14e-05  GeM_p=2.83    33s [SWA]
2026-03-12 15:45:55,174 [INFO]   ★ best 84.23%
2026-03-12 15:46:28,369 [INFO]   Ep 100/130  train 1.6015 / 75.4%  val 1.3671 / 84.0%  lr 2.95e-05  GeM_p=2.83    33s [SWA]
2026-03-12 15:47:01,377 [INFO]   Ep 101/130  train 1.5958 / 75.1%  val 1.3783 / 83.3%  lr 2.76e-05  GeM_p=2.83    33s [SWA]
2026-03-12 15:47:34,388 [INFO]   Ep 102/130  train 1.6084 / 74.8%  val 1.3675 / 83.5%  lr 2.58e-05  GeM_p=2.83    33s [SWA]
2026-03-12 15:48:07,425 [INFO]   Ep 103/130  train 1.6478 / 74.0%  val 1.3710 / 83.5%  lr 2.41e-05  GeM_p=2.83    33s [SWA]
2026-03-12 15:48:40,473 [INFO]   Ep 104/130  train 1.6157 / 75.4%  val 1.3691 / 83.6%  lr 2.24e-05  GeM_p=2.83    33s [SWA]
2026-03-12 15:49:13,503 [INFO]   Ep 105/130  train 1.5588 / 77.6%  val 1.3806 / 83.8%  lr 2.08e-05  GeM_p=2.82    33s [SWA]
2026-03-12 15:49:46,666 [INFO]   Ep 106/130  train 1.5634 / 75.9%  val 1.3801 / 83.7%  lr 1.92e-05  GeM_p=2.82    33s [SWA]
2026-03-12 15:50:19,720 [INFO]   Ep 107/130  train 1.6452 / 74.8%  val 1.3866 / 83.3%  lr 1.77e-05  GeM_p=2.82    33s [SWA]
2026-03-12 15:50:52,741 [INFO]   Ep 108/130  train 1.5747 / 75.0%  val 1.3743 / 83.8%  lr 1.62e-05  GeM_p=2.82    33s [SWA]
2026-03-12 15:51:25,834 [INFO]   Ep 109/130  train 1.6295 / 74.9%  val 1.3798 / 83.5%  lr 1.48e-05  GeM_p=2.82    33s [SWA]
2026-03-12 15:51:58,840 [INFO]   Ep 110/130  train 1.6306 / 74.5%  val 1.3779 / 83.4%  lr 1.35e-05  GeM_p=2.82    33s [SWA]
2026-03-12 15:52:31,899 [INFO]   Ep 111/130  train 1.6146 / 74.7%  val 1.3789 / 83.4%  lr 1.22e-05  GeM_p=2.82    33s [SWA]
2026-03-12 15:53:05,007 [INFO]   Ep 112/130  train 1.6285 / 73.7%  val 1.3777 / 83.3%  lr 1.10e-05  GeM_p=2.82    33s [SWA]
2026-03-12 15:53:38,016 [INFO]   Ep 113/130  train 1.5840 / 75.3%  val 1.3659 / 83.7%  lr 9.81e-06  GeM_p=2.82    33s [SWA]
2026-03-12 15:54:11,064 [INFO]   Ep 114/130  train 1.5957 / 75.5%  val 1.3605 / 83.9%  lr 8.71e-06  GeM_p=2.82    33s [SWA]
2026-03-12 15:54:44,179 [INFO]   Ep 115/130  train 1.5596 / 77.4%  val 1.3597 / 83.9%  lr 7.67e-06  GeM_p=2.82    33s [SWA]
2026-03-12 15:55:17,246 [INFO]   Ep 116/130  train 1.5409 / 77.7%  val 1.3598 / 84.0%  lr 6.69e-06  GeM_p=2.82    33s [SWA]
2026-03-12 15:55:50,283 [INFO]   Ep 117/130  train 1.5915 / 75.5%  val 1.3641 / 83.7%  lr 5.78e-06  GeM_p=2.82    33s [SWA]
2026-03-12 15:56:23,419 [INFO]   Ep 118/130  train 1.5739 / 76.9%  val 1.3651 / 83.9%  lr 4.93e-06  GeM_p=2.82    33s [SWA]
2026-03-12 15:56:56,426 [INFO]   Ep 119/130  train 1.5831 / 76.9%  val 1.3666 / 83.7%  lr 4.15e-06  GeM_p=2.82    33s [SWA]
2026-03-12 15:57:29,489 [INFO]   Ep 120/130  train 1.6478 / 74.1%  val 1.3638 / 83.8%  lr 3.44e-06  GeM_p=2.82    33s [SWA]
2026-03-12 15:58:02,567 [INFO]   Ep 121/130  train 1.5845 / 75.6%  val 1.3622 / 84.0%  lr 2.79e-06  GeM_p=2.82    33s [SWA]
2026-03-12 15:58:35,559 [INFO]   Ep 122/130  train 1.6034 / 74.9%  val 1.3628 / 84.0%  lr 2.21e-06  GeM_p=2.82    33s [SWA]
2026-03-12 15:59:08,558 [INFO]   Ep 123/130  train 1.6014 / 75.0%  val 1.3628 / 83.8%  lr 1.69e-06  GeM_p=2.82    33s [SWA]
2026-03-12 15:59:41,753 [INFO]   Ep 124/130  train 1.5808 / 76.3%  val 1.3624 / 83.7%  lr 1.25e-06  GeM_p=2.82    33s [SWA]
2026-03-12 16:00:14,783 [INFO]   Ep 125/130  train 1.5860 / 75.3%  val 1.3631 / 83.8%  lr 8.68e-07  GeM_p=2.82    33s [SWA]
2026-03-12 16:00:47,801 [INFO]   Ep 126/130  train 1.5605 / 76.7%  val 1.3625 / 83.8%  lr 5.58e-07  GeM_p=2.82    33s [SWA]
2026-03-12 16:01:20,838 [INFO]   Ep 127/130  train 1.5917 / 74.8%  val 1.3626 / 83.9%  lr 3.17e-07  GeM_p=2.82    33s [SWA]
2026-03-12 16:01:53,861 [INFO]   Ep 128/130  train 1.5778 / 77.0%  val 1.3624 / 83.9%  lr 1.45e-07  GeM_p=2.82    33s [SWA]
2026-03-12 16:02:26,902 [INFO]   Ep 129/130  train 1.5496 / 77.7%  val 1.3625 / 83.8%  lr 4.22e-08  GeM_p=2.82    33s [SWA]
2026-03-12 16:03:00,050 [INFO]   Ep 130/130  train 1.5746 / 76.0%  val 1.3625 / 83.8%  lr 8.00e-09  GeM_p=2.82    33s [SWA]
2026-03-12 16:03:00,050 [INFO] Updating SWA batch norm statistics …
2026-03-12 16:03:01,917 [INFO]   SWA val: 1.3533 / 84.09%  (best individual: 84.23%)
2026-03-12 16:03:02,118 [INFO]   Fold 5 — best: 84.23%, SWA: 84.09%
2026-03-12 16:03:02,329 [INFO] ================================================================
2026-03-12 16:03:02,329 [INFO] 5-FOLD CV RESULTS
2026-03-12 16:03:02,329 [INFO] ================================================================
2026-03-12 16:03:02,329 [INFO]   Fold 1 : best=83.05%  SWA=82.54%
2026-03-12 16:03:02,329 [INFO]   Fold 2 : best=83.76%  SWA=83.55%
2026-03-12 16:03:02,329 [INFO]   Fold 3 : best=85.38%  SWA=85.18%
2026-03-12 16:03:02,329 [INFO]   Fold 4 : best=84.46%  SWA=84.19%
2026-03-12 16:03:02,329 [INFO]   Fold 5 : best=84.23%  SWA=84.09%
2026-03-12 16:03:02,330 [INFO]   Best mean : 84.17% ± 0.77%
2026-03-12 16:03:02,330 [INFO]   SWA  mean : 83.91% ± 0.86%
2026-03-12 16:03:02,330 [INFO] Using best checkpoints for submission
2026-03-12 16:03:02,330 [INFO] Loading v5 checkpoints …
2026-03-12 16:03:25,240 [INFO] Submission (no TTA) → /data/slr/checkpoints_v5/submission_no_tta.csv
2026-03-12 16:03:25,240 [INFO] Running 10-way TTA × 5 folds …
2026-03-12 16:05:54,919 [INFO] Submission (TTA)    → /data/slr/checkpoints_v5/submission_tta.csv
2026-03-12 16:05:54,919 [INFO] TTA changed 116 / 4914 (2.4%)
2026-03-12 16:05:54,919 [INFO] Loading v4 checkpoints for cross-architecture ensemble …
2026-03-12 16:05:56,450 [INFO] Running v4 TTA …
2026-03-12 16:07:21,547 [INFO] Submission (v4+v5 ensemble) → /data/slr/checkpoints_v5/submission_v4v5_ensemble.csv
2026-03-12 16:07:21,549 [INFO] Ensemble differs from v5 in 178, from v4 in 302 predictions
2026-03-12 16:07:21,551 [INFO] Done.
