2026-03-20 11:40:17,617 [INFO] GPU: NVIDIA H200
2026-03-20 11:40:17,617 [INFO] Config: {
  "data_dir": "/data/slr/track2_",
  "output_dir": "/data/slr/checkpoints_v34",
  "max_frames": 48,
  "img_size": 224,
  "n_classes": 126,
  "teacher_img_size": 224,
  "teacher_max_frames": 48,
  "channel_means": [
    -64.3217,
    -62.9119,
    -63.9254
  ],
  "channel_stds": [
    12.5721,
    11.662,
    11.7259
  ],
  "n_folds": 5,
  "batch_size": 48,
  "num_workers": 4,
  "stage1_epochs": 15,
  "stage1_lr": 0.0005,
  "stage2_epochs": 150,
  "stage2_lr": 8e-05,
  "swa_epochs": 20,
  "swa_lr": 8e-06,
  "weight_decay": 0.05,
  "warmup_pct": 0.05,
  "label_smoothing": 0.1,
  "early_stopping_patience": 50,
  "grad_clip_norm": 1.0,
  "llrd_decay": 0.75,
  "kd_alpha": 0.1,
  "kd_tau": 4.0,
  "mixup_alpha": 0.4,
  "cutmix_alpha": 1.0,
  "cutmix_prob": 0.5,
  "time_mask_max": 8,
  "range_mask_max": 30,
  "noise_std": 0.1,
  "time_warp_lo": 0.8,
  "time_warp_hi": 1.2,
  "time_reverse_prob": 0.5,
  "channel_shuffle_prob": 0.2,
  "channel_drop_prob": 0.1,
  "random_erase_prob": 0.2,
  "circ_shift_prob": 0.3,
  "circ_shift_max": 8,
  "amp_scale_prob": 0.5,
  "amp_scale_lo": 0.8,
  "amp_scale_hi": 1.2,
  "model_name": "swinv2_tiny_window8_256.ms_in1k",
  "drop_path_rate": 0.2,
  "proj_dim": 384,
  "drop_rate": 0.3,
  "ms_dropout_samples": 5,
  "seed": 42
}
2026-03-20 11:40:17,617 [INFO] ★★★ swinv2_tiny_window8_256.ms_in1k @ 224 ★★★
2026-03-20 11:40:17,690 [INFO] Train: 14742 | Eval: 9828

Pre-loading:   0%|          | 0/14742 [00:00<?, ?it/s]
Pre-loading:   4%|▎         | 546/14742 [00:00<00:02, 5454.14it/s]
Pre-loading:   7%|▋         | 1092/14742 [00:00<00:02, 5283.50it/s]
Pre-loading:  11%|█▏        | 1659/14742 [00:00<00:02, 5454.11it/s]
Pre-loading:  15%|█▍        | 2205/14742 [00:00<00:02, 5414.81it/s]
Pre-loading:  19%|█▊        | 2747/14742 [00:00<00:02, 4516.13it/s]
Pre-loading:  22%|██▏       | 3219/14742 [00:00<00:02, 4127.11it/s]
Pre-loading:  25%|██▍       | 3648/14742 [00:00<00:02, 3916.01it/s]
Pre-loading:  29%|██▊       | 4215/14742 [00:00<00:02, 4389.75it/s]
Pre-loading:  32%|███▏      | 4775/14742 [00:01<00:02, 4725.38it/s]
Pre-loading:  36%|███▋      | 5355/14742 [00:01<00:01, 5030.02it/s]
Pre-loading:  40%|████      | 5953/14742 [00:01<00:01, 5303.46it/s]
Pre-loading:  44%|████▍     | 6513/14742 [00:01<00:01, 5387.47it/s]
Pre-loading:  48%|████▊     | 7098/14742 [00:01<00:01, 5522.44it/s]
Pre-loading:  52%|█████▏    | 7657/14742 [00:01<00:01, 5539.82it/s]
Pre-loading:  56%|█████▌    | 8250/14742 [00:01<00:01, 5653.25it/s]
Pre-loading:  60%|█████▉    | 8842/14742 [00:01<00:01, 5732.11it/s]
Pre-loading:  64%|██████▍   | 9418/14742 [00:01<00:00, 5715.63it/s]
Pre-loading:  68%|██████▊   | 9992/14742 [00:01<00:00, 5717.75it/s]
Pre-loading:  72%|███████▏  | 10565/14742 [00:02<00:00, 5677.12it/s]
Pre-loading:  76%|███████▌  | 11134/14742 [00:02<00:00, 5474.96it/s]
Pre-loading:  79%|███████▉  | 11684/14742 [00:02<00:00, 5341.33it/s]
Pre-loading:  83%|████████▎ | 12259/14742 [00:02<00:00, 5456.23it/s]
Pre-loading:  87%|████████▋ | 12831/14742 [00:02<00:00, 5532.26it/s]
Pre-loading:  91%|█████████ | 13408/14742 [00:02<00:00, 5600.29it/s]
Pre-loading:  95%|█████████▍| 13978/14742 [00:02<00:00, 5629.56it/s]
Pre-loading:  99%|█████████▊| 14542/14742 [00:02<00:00, 5605.84it/s]
                                                                    

Pre-loading:   0%|          | 0/9828 [00:00<?, ?it/s]
Pre-loading:   5%|▌         | 527/9828 [00:00<00:01, 5262.60it/s]
Pre-loading:  11%|█         | 1095/9828 [00:00<00:01, 5504.94it/s]
Pre-loading:  17%|█▋        | 1669/9828 [00:00<00:01, 5609.55it/s]
Pre-loading:  23%|██▎       | 2230/9828 [00:00<00:01, 5516.10it/s]
Pre-loading:  28%|██▊       | 2782/9828 [00:00<00:01, 5470.39it/s]
Pre-loading:  34%|███▍      | 3334/9828 [00:00<00:01, 5486.05it/s]
Pre-loading:  40%|███▉      | 3920/9828 [00:00<00:01, 5604.86it/s]
Pre-loading:  46%|████▌     | 4481/9828 [00:00<00:00, 5600.68it/s]
Pre-loading:  51%|█████▏    | 5050/9828 [00:00<00:00, 5627.36it/s]
Pre-loading:  57%|█████▋    | 5616/9828 [00:01<00:00, 5635.28it/s]
Pre-loading:  63%|██████▎   | 6193/9828 [00:01<00:00, 5675.86it/s]
Pre-loading:  69%|██████▉   | 6769/9828 [00:01<00:00, 5699.20it/s]
Pre-loading:  75%|███████▍  | 7352/9828 [00:01<00:00, 5737.71it/s]
Pre-loading:  81%|████████  | 7926/9828 [00:01<00:00, 5706.95it/s]
Pre-loading:  87%|████████▋ | 8514/9828 [00:01<00:00, 5756.75it/s]
Pre-loading:  93%|█████████▎| 9092/9828 [00:01<00:00, 5762.38it/s]
Pre-loading:  98%|█████████▊| 9669/9828 [00:01<00:00, 5746.40it/s]
                                                                  
2026-03-20 11:40:22,219 [INFO] Pre-computing teacher soft labels …
2026-03-20 11:40:25,910 [INFO]   Loaded 10 teachers

  teacher:   0%|          | 0/154 [00:00<?, ?it/s]
  teacher:   1%|          | 1/154 [00:16<41:09, 16.14s/it]
  teacher:   1%|▏         | 2/154 [00:16<17:25,  6.88s/it]
  teacher:   2%|▏         | 3/154 [00:16<09:50,  3.91s/it]
  teacher:   3%|▎         | 4/154 [00:17<06:17,  2.52s/it]
  teacher:   3%|▎         | 5/154 [00:17<04:20,  1.75s/it]
  teacher:   4%|▍         | 6/154 [00:18<03:10,  1.29s/it]
  teacher:   5%|▍         | 7/154 [00:18<02:25,  1.01it/s]
  teacher:   5%|▌         | 8/154 [00:18<01:56,  1.25it/s]
  teacher:   6%|▌         | 9/154 [00:19<01:36,  1.50it/s]
  teacher:   6%|▋         | 10/154 [00:19<01:23,  1.72it/s]
  teacher:   7%|▋         | 11/154 [00:19<01:14,  1.92it/s]
  teacher:   8%|▊         | 12/154 [00:20<01:08,  2.09it/s]
  teacher:   8%|▊         | 13/154 [00:20<01:03,  2.22it/s]
  teacher:   9%|▉         | 14/154 [00:21<01:00,  2.32it/s]
  teacher:  10%|▉         | 15/154 [00:21<00:57,  2.40it/s]
  teacher:  10%|█         | 16/154 [00:21<00:56,  2.46it/s]
  teacher:  11%|█         | 17/154 [00:22<00:54,  2.50it/s]
  teacher:  12%|█▏        | 18/154 [00:22<00:53,  2.53it/s]
  teacher:  12%|█▏        | 19/154 [00:23<00:52,  2.55it/s]
  teacher:  13%|█▎        | 20/154 [00:23<00:52,  2.56it/s]
  teacher:  14%|█▎        | 21/154 [00:23<00:51,  2.57it/s]
  teacher:  14%|█▍        | 22/154 [00:24<00:51,  2.58it/s]
  teacher:  15%|█▍        | 23/154 [00:24<00:50,  2.59it/s]
  teacher:  16%|█▌        | 24/154 [00:24<00:50,  2.59it/s]
  teacher:  16%|█▌        | 25/154 [00:25<00:49,  2.59it/s]
  teacher:  17%|█▋        | 26/154 [00:25<00:49,  2.60it/s]
  teacher:  18%|█▊        | 27/154 [00:26<00:48,  2.60it/s]
  teacher:  18%|█▊        | 28/154 [00:26<00:48,  2.60it/s]
  teacher:  19%|█▉        | 29/154 [00:26<00:48,  2.60it/s]
  teacher:  19%|█▉        | 30/154 [00:27<00:47,  2.60it/s]
  teacher:  20%|██        | 31/154 [00:27<00:47,  2.60it/s]
  teacher:  21%|██        | 32/154 [00:28<00:46,  2.60it/s]
  teacher:  21%|██▏       | 33/154 [00:28<00:46,  2.60it/s]
  teacher:  22%|██▏       | 34/154 [00:28<00:46,  2.60it/s]
  teacher:  23%|██▎       | 35/154 [00:29<00:45,  2.60it/s]
  teacher:  23%|██▎       | 36/154 [00:29<00:45,  2.60it/s]
  teacher:  24%|██▍       | 37/154 [00:29<00:45,  2.60it/s]
  teacher:  25%|██▍       | 38/154 [00:30<00:44,  2.60it/s]
  teacher:  25%|██▌       | 39/154 [00:30<00:44,  2.60it/s]
  teacher:  26%|██▌       | 40/154 [00:31<00:43,  2.60it/s]
  teacher:  27%|██▋       | 41/154 [00:31<00:43,  2.60it/s]
  teacher:  27%|██▋       | 42/154 [00:31<00:43,  2.60it/s]
  teacher:  28%|██▊       | 43/154 [00:32<00:42,  2.60it/s]
  teacher:  29%|██▊       | 44/154 [00:32<00:42,  2.60it/s]
  teacher:  29%|██▉       | 45/154 [00:33<00:41,  2.60it/s]
  teacher:  30%|██▉       | 46/154 [00:33<00:41,  2.60it/s]
  teacher:  31%|███       | 47/154 [00:33<00:41,  2.60it/s]
  teacher:  31%|███       | 48/154 [00:34<00:40,  2.60it/s]
  teacher:  32%|███▏      | 49/154 [00:34<00:40,  2.60it/s]
  teacher:  32%|███▏      | 50/154 [00:34<00:40,  2.60it/s]
  teacher:  33%|███▎      | 51/154 [00:35<00:39,  2.60it/s]
  teacher:  34%|███▍      | 52/154 [00:35<00:39,  2.60it/s]
  teacher:  34%|███▍      | 53/154 [00:36<00:38,  2.60it/s]
  teacher:  35%|███▌      | 54/154 [00:36<00:38,  2.60it/s]
  teacher:  36%|███▌      | 55/154 [00:36<00:38,  2.60it/s]
  teacher:  36%|███▋      | 56/154 [00:37<00:37,  2.60it/s]
  teacher:  37%|███▋      | 57/154 [00:37<00:37,  2.60it/s]
  teacher:  38%|███▊      | 58/154 [00:38<00:36,  2.60it/s]
  teacher:  38%|███▊      | 59/154 [00:38<00:36,  2.60it/s]
  teacher:  39%|███▉      | 60/154 [00:38<00:36,  2.60it/s]
  teacher:  40%|███▉      | 61/154 [00:39<00:35,  2.60it/s]
  teacher:  40%|████      | 62/154 [00:39<00:35,  2.60it/s]
  teacher:  41%|████      | 63/154 [00:40<00:35,  2.60it/s]
  teacher:  42%|████▏     | 64/154 [00:40<00:34,  2.60it/s]
  teacher:  42%|████▏     | 65/154 [00:40<00:34,  2.60it/s]
  teacher:  43%|████▎     | 66/154 [00:41<00:33,  2.60it/s]
  teacher:  44%|████▎     | 67/154 [00:41<00:33,  2.60it/s]
  teacher:  44%|████▍     | 68/154 [00:41<00:33,  2.60it/s]
  teacher:  45%|████▍     | 69/154 [00:42<00:32,  2.60it/s]
  teacher:  45%|████▌     | 70/154 [00:42<00:32,  2.60it/s]
  teacher:  46%|████▌     | 71/154 [00:43<00:31,  2.60it/s]
  teacher:  47%|████▋     | 72/154 [00:43<00:31,  2.60it/s]
  teacher:  47%|████▋     | 73/154 [00:43<00:31,  2.60it/s]
  teacher:  48%|████▊     | 74/154 [00:44<00:30,  2.60it/s]
  teacher:  49%|████▊     | 75/154 [00:44<00:30,  2.60it/s]
  teacher:  49%|████▉     | 76/154 [00:45<00:30,  2.60it/s]
  teacher:  50%|█████     | 77/154 [00:45<00:29,  2.60it/s]
  teacher:  51%|█████     | 78/154 [00:45<00:29,  2.60it/s]
  teacher:  51%|█████▏    | 79/154 [00:46<00:28,  2.60it/s]
  teacher:  52%|█████▏    | 80/154 [00:46<00:28,  2.60it/s]
  teacher:  53%|█████▎    | 81/154 [00:46<00:28,  2.60it/s]
  teacher:  53%|█████▎    | 82/154 [00:47<00:27,  2.60it/s]
  teacher:  54%|█████▍    | 83/154 [00:47<00:27,  2.60it/s]
  teacher:  55%|█████▍    | 84/154 [00:48<00:26,  2.60it/s]
  teacher:  55%|█████▌    | 85/154 [00:48<00:26,  2.60it/s]
  teacher:  56%|█████▌    | 86/154 [00:48<00:26,  2.60it/s]
  teacher:  56%|█████▋    | 87/154 [00:49<00:25,  2.60it/s]
  teacher:  57%|█████▋    | 88/154 [00:49<00:25,  2.60it/s]
  teacher:  58%|█████▊    | 89/154 [00:50<00:25,  2.60it/s]
  teacher:  58%|█████▊    | 90/154 [00:50<00:24,  2.60it/s]
  teacher:  59%|█████▉    | 91/154 [00:50<00:24,  2.60it/s]
  teacher:  60%|█████▉    | 92/154 [00:51<00:23,  2.60it/s]
  teacher:  60%|██████    | 93/154 [00:51<00:23,  2.60it/s]
  teacher:  61%|██████    | 94/154 [00:51<00:23,  2.60it/s]
  teacher:  62%|██████▏   | 95/154 [00:52<00:22,  2.60it/s]
  teacher:  62%|██████▏   | 96/154 [00:52<00:22,  2.60it/s]
  teacher:  63%|██████▎   | 97/154 [00:53<00:21,  2.60it/s]
  teacher:  64%|██████▎   | 98/154 [00:53<00:21,  2.60it/s]
  teacher:  64%|██████▍   | 99/154 [00:53<00:21,  2.60it/s]
  teacher:  65%|██████▍   | 100/154 [00:54<00:20,  2.60it/s]
  teacher:  66%|██████▌   | 101/154 [00:54<00:20,  2.60it/s]
  teacher:  66%|██████▌   | 102/154 [00:55<00:20,  2.60it/s]
  teacher:  67%|██████▋   | 103/154 [00:55<00:19,  2.60it/s]
  teacher:  68%|██████▊   | 104/154 [00:55<00:19,  2.60it/s]
  teacher:  68%|██████▊   | 105/154 [00:56<00:18,  2.60it/s]
  teacher:  69%|██████▉   | 106/154 [00:56<00:18,  2.60it/s]
  teacher:  69%|██████▉   | 107/154 [00:56<00:18,  2.60it/s]
  teacher:  70%|███████   | 108/154 [00:57<00:17,  2.60it/s]
  teacher:  71%|███████   | 109/154 [00:57<00:17,  2.60it/s]
  teacher:  71%|███████▏  | 110/154 [00:58<00:16,  2.60it/s]
  teacher:  72%|███████▏  | 111/154 [00:58<00:16,  2.60it/s]
  teacher:  73%|███████▎  | 112/154 [00:58<00:16,  2.60it/s]
  teacher:  73%|███████▎  | 113/154 [00:59<00:15,  2.60it/s]
  teacher:  74%|███████▍  | 114/154 [00:59<00:15,  2.60it/s]
  teacher:  75%|███████▍  | 115/154 [01:00<00:14,  2.60it/s]
  teacher:  75%|███████▌  | 116/154 [01:00<00:14,  2.60it/s]
  teacher:  76%|███████▌  | 117/154 [01:00<00:14,  2.60it/s]
  teacher:  77%|███████▋  | 118/154 [01:01<00:13,  2.60it/s]
  teacher:  77%|███████▋  | 119/154 [01:01<00:13,  2.60it/s]
  teacher:  78%|███████▊  | 120/154 [01:01<00:13,  2.60it/s]
  teacher:  79%|███████▊  | 121/154 [01:02<00:12,  2.60it/s]
  teacher:  79%|███████▉  | 122/154 [01:02<00:12,  2.60it/s]
  teacher:  80%|███████▉  | 123/154 [01:03<00:11,  2.60it/s]
  teacher:  81%|████████  | 124/154 [01:03<00:11,  2.60it/s]
  teacher:  81%|████████  | 125/154 [01:03<00:11,  2.60it/s]
  teacher:  82%|████████▏ | 126/154 [01:04<00:10,  2.60it/s]
  teacher:  82%|████████▏ | 127/154 [01:04<00:10,  2.60it/s]
  teacher:  83%|████████▎ | 128/154 [01:05<00:09,  2.60it/s]
  teacher:  84%|████████▍ | 129/154 [01:05<00:09,  2.60it/s]
  teacher:  84%|████████▍ | 130/154 [01:05<00:09,  2.60it/s]
  teacher:  85%|████████▌ | 131/154 [01:06<00:08,  2.60it/s]
  teacher:  86%|████████▌ | 132/154 [01:06<00:08,  2.60it/s]
  teacher:  86%|████████▋ | 133/154 [01:06<00:08,  2.60it/s]
  teacher:  87%|████████▋ | 134/154 [01:07<00:07,  2.60it/s]
  teacher:  88%|████████▊ | 135/154 [01:07<00:07,  2.60it/s]
  teacher:  88%|████████▊ | 136/154 [01:08<00:06,  2.60it/s]
  teacher:  89%|████████▉ | 137/154 [01:08<00:06,  2.60it/s]
  teacher:  90%|████████▉ | 138/154 [01:08<00:06,  2.60it/s]
  teacher:  90%|█████████ | 139/154 [01:09<00:05,  2.60it/s]
  teacher:  91%|█████████ | 140/154 [01:09<00:05,  2.60it/s]
  teacher:  92%|█████████▏| 141/154 [01:10<00:04,  2.60it/s]
  teacher:  92%|█████████▏| 142/154 [01:10<00:04,  2.60it/s]
  teacher:  93%|█████████▎| 143/154 [01:10<00:04,  2.60it/s]
  teacher:  94%|█████████▎| 144/154 [01:11<00:03,  2.60it/s]
  teacher:  94%|█████████▍| 145/154 [01:11<00:03,  2.60it/s]
  teacher:  95%|█████████▍| 146/154 [01:11<00:03,  2.60it/s]
  teacher:  95%|█████████▌| 147/154 [01:12<00:02,  2.60it/s]
  teacher:  96%|█████████▌| 148/154 [01:12<00:02,  2.60it/s]
  teacher:  97%|█████████▋| 149/154 [01:13<00:01,  2.60it/s]
  teacher:  97%|█████████▋| 150/154 [01:13<00:01,  2.60it/s]
  teacher:  98%|█████████▊| 151/154 [01:13<00:01,  2.60it/s]
  teacher:  99%|█████████▊| 152/154 [01:14<00:00,  2.60it/s]
  teacher:  99%|█████████▉| 153/154 [01:14<00:00,  2.60it/s]
  teacher: 100%|██████████| 154/154 [01:28<00:00,  4.45s/it]
                                                            
2026-03-20 11:42:28,010 [INFO] ================================================================
2026-03-20 11:42:28,011 [INFO] FOLD 1 / 5
2026-03-20 11:42:28,011 [INFO] ================================================================
2026-03-20 11:42:28,346 [INFO] Loading pretrained weights from Hugging Face hub (timm/swinv2_tiny_window8_256.ms_in1k)
2026-03-20 11:42:28,409 [INFO] HTTP Request: HEAD https://huggingface.co/timm/swinv2_tiny_window8_256.ms_in1k/resolve/main/model.safetensors "HTTP/1.1 302 Found"
2026-03-20 11:42:28,410 [INFO] [timm/swinv2_tiny_window8_256.ms_in1k] Safe alternative available for 'pytorch_model.bin' (as 'model.safetensors'). Loading weights using safetensors.
2026-03-20 11:42:28,431 [INFO] Missing keys (head.fc.weight, head.fc.bias) discovered while loading pretrained weights. This is expected if model is being adapted.
2026-03-20 11:42:28,462 [INFO] ── Stage 1: head warmup (15 ep) ──

  train:   0%|          | 0/245 [00:00<?, ?it/s]
                                                
Traceback (most recent call last):
  File "/data/slr/train_v34.py", line 433, in <module>
    if __name__=="__main__": main()
                             ^^^^^^
  File "/data/slr/train_v34.py", line 368, in main
    trl_,tra_=train_epoch(model,tl,opt,sched,crit,dev,alpha,tau,use_mix=False)
              ^^^^^^^^^^^^^^^^^^^^^^^^^^^^^^^^^^^^^^^^^^^^^^^^^^^^^^^^^^^^^^^^
  File "/data/slr/train_v34.py", line 283, in train_epoch
    logits=model(xm)
           ^^^^^^^^^
  File "/miniconda/envs/slr/lib/python3.11/site-packages/torch/nn/modules/module.py", line 1776, in _wrapped_call_impl
    return self._call_impl(*args, **kwargs)
           ^^^^^^^^^^^^^^^^^^^^^^^^^^^^^^^^
  File "/miniconda/envs/slr/lib/python3.11/site-packages/torch/nn/modules/module.py", line 1787, in _call_impl
    return forward_call(*args, **kwargs)
           ^^^^^^^^^^^^^^^^^^^^^^^^^^^^^
  File "/data/slr/train_v34.py", line 159, in forward
    feats = self.backbone(x)
            ^^^^^^^^^^^^^^^^
  File "/miniconda/envs/slr/lib/python3.11/site-packages/torch/nn/modules/module.py", line 1776, in _wrapped_call_impl
    return self._call_impl(*args, **kwargs)
           ^^^^^^^^^^^^^^^^^^^^^^^^^^^^^^^^
  File "/miniconda/envs/slr/lib/python3.11/site-packages/torch/nn/modules/module.py", line 1787, in _call_impl
    return forward_call(*args, **kwargs)
           ^^^^^^^^^^^^^^^^^^^^^^^^^^^^^
  File "/miniconda/envs/slr/lib/python3.11/site-packages/timm/models/_features.py", line 345, in forward
    return list(self._collect(x).values())
                ^^^^^^^^^^^^^^^^
  File "/miniconda/envs/slr/lib/python3.11/site-packages/timm/models/_features.py", line 299, in _collect
    x = module(x)
        ^^^^^^^^^
  File "/miniconda/envs/slr/lib/python3.11/site-packages/torch/nn/modules/module.py", line 1776, in _wrapped_call_impl
    return self._call_impl(*args, **kwargs)
           ^^^^^^^^^^^^^^^^^^^^^^^^^^^^^^^^
  File "/miniconda/envs/slr/lib/python3.11/site-packages/torch/nn/modules/module.py", line 1787, in _call_impl
    return forward_call(*args, **kwargs)
           ^^^^^^^^^^^^^^^^^^^^^^^^^^^^^
  File "/miniconda/envs/slr/lib/python3.11/site-packages/timm/layers/patch_embed.py", line 121, in forward
    _assert(H == self.img_size[0], f"Input height ({H}) doesn't match model ({self.img_size[0]}).")
  File "/miniconda/envs/slr/lib/python3.11/site-packages/torch/__init__.py", line 2228, in _assert
    assert condition, message
           ^^^^^^^^^
AssertionError: Input height (224) doesn't match model (256).
ERROR conda.cli.main_run:execute(142): `conda run python -u train_v34.py` failed. (See above for error)
