2026-03-18 10:56:53,937 [INFO] GPU: NVIDIA H200
2026-03-18 10:56:53,937 [INFO] Config: {
  "data_dir": "/data/slr/track2_",
  "output_dir": "/data/slr/checkpoints_v16",
  "max_frames": 48,
  "n_classes": 126,
  "channel_means": [
    -64.3217,
    -62.9119,
    -63.9254
  ],
  "channel_stds": [
    12.5721,
    11.662,
    11.7259
  ],
  "n_folds": 5,
  "batch_size": 48,
  "num_workers": 4,
  "img_size": 224,
  "stage1_epochs": 8,
  "stage1_lr": 0.0002,
  "stage2_epochs": 120,
  "stage2_lr": 2e-05,
  "weight_decay": 0.05,
  "warmup_pct": 0.08,
  "label_smoothing": 0.1,
  "early_stopping_patience": 40,
  "grad_clip_norm": 1.0,
  "llrd_decay": 0.8,
  "sam_rho": 0.05,
  "ce_weight": 0.4,
  "supcon_weight": 0.3,
  "kd_weight": 0.3,
  "kd_tau": 4.0,
  "supcon_temp": 0.1,
  "proj_out_dim": 128,
  "time_mask_max": 8,
  "range_mask_max": 30,
  "noise_std": 0.1,
  "time_warp_lo": 0.8,
  "time_warp_hi": 1.2,
  "time_reverse_prob": 0.5,
  "channel_shuffle_prob": 0.2,
  "channel_drop_prob": 0.1,
  "random_erase_prob": 0.2,
  "circ_shift_prob": 0.3,
  "circ_shift_max": 8,
  "amp_scale_prob": 0.5,
  "amp_scale_lo": 0.8,
  "amp_scale_hi": 1.2,
  "model_name": "convnext_small.fb_in22k_ft_in1k",
  "drop_path_rate": 0.3,
  "proj_dim": 512,
  "drop_rate": 0.4,
  "ms_dropout_samples": 5,
  "seed": 42
}
2026-03-18 10:56:54,004 [INFO] Train: 14742 | Eval: 9828 | Classes: 126
2026-03-18 10:56:58,179 [INFO] Pre-computing teacher soft labels …
2026-03-18 10:57:01,336 [INFO]   Loaded 10 teachers
2026-03-18 10:58:26,711 [INFO]   Soft labels: 14742
2026-03-18 10:58:27,097 [INFO] ConvNeXt-Small: 50.59M params
2026-03-18 10:58:27,103 [INFO] Loss: 0.4*CE + 0.3*SupCon + 0.3*KD | SAM | NO PL | NO born-again
2026-03-18 10:58:27,107 [INFO] ================================================================
2026-03-18 10:58:27,108 [INFO] FOLD 1 / 5
2026-03-18 10:58:27,108 [INFO] ================================================================
2026-03-18 10:58:27,109 [INFO]   Train: 11793 | Val: 2949
2026-03-18 10:58:27,487 [INFO] Loading pretrained weights from Hugging Face hub (timm/convnext_small.fb_in22k_ft_in1k)
2026-03-18 10:58:27,666 [INFO] HTTP Request: HEAD https://huggingface.co/timm/convnext_small.fb_in22k_ft_in1k/resolve/main/model.safetensors "HTTP/1.1 302 Found"
2026-03-18 10:58:27,667 [INFO] [timm/convnext_small.fb_in22k_ft_in1k] Safe alternative available for 'pytorch_model.bin' (as 'model.safetensors'). Loading weights using safetensors.
2026-03-18 10:58:27,695 [INFO] Missing keys (head.fc.weight, head.fc.bias) discovered while loading pretrained weights. This is expected if model is being adapted.
2026-03-18 10:58:27,742 [INFO]   Using ImageNet pretrained weights (no born-again)
2026-03-18 10:58:27,743 [INFO] ── Stage 1: head+proj warmup (8 ep) ──
2026-03-18 10:58:50,047 [INFO]   S1 Ep 1/8  loss=3.2963 acc=0.9% ce=4.854 sc=3.854  val=1.0%  22s
2026-03-18 10:58:50,246 [INFO]   ★ best 0.98%
2026-03-18 10:59:01,638 [INFO]   S1 Ep 2/8  loss=3.2906 acc=0.7% ce=4.847 sc=3.850  val=0.9%  11s
2026-03-18 10:59:12,958 [INFO]   S1 Ep 3/8  loss=3.2908 acc=0.7% ce=4.848 sc=3.851  val=1.0%  11s
2026-03-18 10:59:24,163 [INFO]   S1 Ep 4/8  loss=3.2882 acc=0.7% ce=4.844 sc=3.850  val=0.8%  11s
2026-03-18 10:59:35,316 [INFO]   S1 Ep 5/8  loss=3.2866 acc=0.8% ce=4.841 sc=3.850  val=1.4%  11s
2026-03-18 10:59:35,568 [INFO]   ★ best 1.36%
2026-03-18 10:59:46,833 [INFO]   S1 Ep 6/8  loss=3.2854 acc=0.8% ce=4.839 sc=3.850  val=1.5%  11s
2026-03-18 10:59:47,069 [INFO]   ★ best 1.53%
2026-03-18 10:59:58,242 [INFO]   S1 Ep 7/8  loss=3.2843 acc=0.8% ce=4.837 sc=3.850  val=1.9%  11s
2026-03-18 10:59:58,485 [INFO]   ★ best 1.90%
2026-03-18 11:00:09,631 [INFO]   S1 Ep 8/8  loss=3.2831 acc=0.8% ce=4.834 sc=3.850  val=1.6%  11s
2026-03-18 11:00:09,631 [INFO] ── Stage 2: SAM+LLRD+SupCon (120 ep, patience 40) ──
2026-03-18 11:00:09,632 [INFO] LLRD: 12 groups, LR [6.55e-06 … 2.00e-05]
2026-03-18 11:01:21,593 [INFO]   S2 Ep   1/120  loss=3.2829 acc=1.0% ce=4.834 sc=3.850  val=1.7%  lr=1.31e-06    72s
2026-03-18 11:02:29,463 [INFO]   S2 Ep   2/120  loss=3.2827 acc=1.1% ce=4.834 sc=3.850  val=1.7%  lr=2.79e-06    68s
2026-03-18 11:03:37,390 [INFO]   S2 Ep   3/120  loss=3.2822 acc=1.2% ce=4.833 sc=3.850  val=1.8%  lr=5.07e-06    68s
2026-03-18 11:04:45,366 [INFO]   S2 Ep   4/120  loss=3.2810 acc=1.4% ce=4.831 sc=3.850  val=2.1%  lr=7.92e-06    68s
2026-03-18 11:04:45,620 [INFO]   ★ best 2.10%
2026-03-18 11:05:53,592 [INFO]   S2 Ep   5/120  loss=3.2731 acc=1.4% ce=4.823 sc=3.835  val=2.0%  lr=1.10e-05    68s
2026-03-18 11:07:01,496 [INFO]   S2 Ep   6/120  loss=3.2490 acc=1.6% ce=4.810 sc=3.772  val=1.8%  lr=1.41e-05    68s
2026-03-18 11:08:09,421 [INFO]   S2 Ep   7/120  loss=3.2345 acc=1.6% ce=4.797 sc=3.744  val=2.4%  lr=1.67e-05    68s
2026-03-18 11:08:09,683 [INFO]   ★ best 2.37%
2026-03-18 11:09:17,511 [INFO]   S2 Ep   8/120  loss=3.2113 acc=1.7% ce=4.774 sc=3.700  val=2.3%  lr=1.87e-05    68s
2026-03-18 11:10:25,153 [INFO]   S2 Ep   9/120  loss=3.1870 acc=1.9% ce=4.743 sc=3.659  val=2.2%  lr=1.98e-05    68s
2026-03-18 11:11:32,964 [INFO]   S2 Ep  10/120  loss=3.1659 acc=2.3% ce=4.693 sc=3.655  val=2.8%  lr=2.00e-05    68s
2026-03-18 11:11:33,214 [INFO]   ★ best 2.78%
2026-03-18 11:12:41,094 [INFO]   S2 Ep  11/120  loss=3.1313 acc=2.2% ce=4.642 sc=3.598  val=3.3%  lr=2.00e-05    68s
2026-03-18 11:12:41,347 [INFO]   ★ best 3.32%
2026-03-18 11:13:49,292 [INFO]   S2 Ep  12/120  loss=3.1071 acc=2.6% ce=4.603 sc=3.559  val=3.7%  lr=2.00e-05    68s
2026-03-18 11:13:49,550 [INFO]   ★ best 3.73%
2026-03-18 11:14:57,575 [INFO]   S2 Ep  13/120  loss=3.0938 acc=3.0% ce=4.571 sc=3.548  val=4.2%  lr=2.00e-05    68s
2026-03-18 11:14:57,819 [INFO]   ★ best 4.20%
2026-03-18 11:16:05,672 [INFO]   S2 Ep  14/120  loss=3.0703 acc=3.2% ce=4.532 sc=3.514  val=3.3%  lr=1.99e-05    68s
2026-03-18 11:17:13,598 [INFO]   S2 Ep  15/120  loss=3.0432 acc=3.9% ce=4.493 sc=3.471  val=3.6%  lr=1.99e-05    68s
2026-03-18 11:18:21,529 [INFO]   S2 Ep  16/120  loss=3.0207 acc=3.8% ce=4.453 sc=3.441  val=4.5%  lr=1.98e-05    68s
2026-03-18 11:18:21,783 [INFO]   ★ best 4.48%
2026-03-18 11:19:29,755 [INFO]   S2 Ep  17/120  loss=2.9892 acc=4.0% ce=4.410 sc=3.387  val=6.5%  lr=1.98e-05    68s
2026-03-18 11:19:30,004 [INFO]   ★ best 6.48%
2026-03-18 11:20:37,973 [INFO]   S2 Ep  18/120  loss=2.9734 acc=4.7% ce=4.367 sc=3.385  val=6.7%  lr=1.97e-05    68s
2026-03-18 11:20:38,226 [INFO]   ★ best 6.71%
2026-03-18 11:21:45,994 [INFO]   S2 Ep  19/120  loss=2.9291 acc=5.3% ce=4.310 sc=3.303  val=7.0%  lr=1.96e-05    68s
2026-03-18 11:21:46,246 [INFO]   ★ best 7.02%
2026-03-18 11:22:54,152 [INFO]   S2 Ep  20/120  loss=2.9060 acc=6.1% ce=4.262 sc=3.282  val=8.2%  lr=1.96e-05    68s
2026-03-18 11:22:54,410 [INFO]   ★ best 8.17%
2026-03-18 11:24:02,392 [INFO]   S2 Ep  21/120  loss=2.8737 acc=6.8% ce=4.202 sc=3.244  val=9.1%  lr=1.95e-05    68s
2026-03-18 11:24:02,650 [INFO]   ★ best 9.12%
2026-03-18 11:25:10,602 [INFO]   S2 Ep  22/120  loss=2.8381 acc=7.7% ce=4.149 sc=3.190  val=10.3%  lr=1.94e-05    68s
2026-03-18 11:25:10,851 [INFO]   ★ best 10.34%
2026-03-18 11:26:18,916 [INFO]   S2 Ep  23/120  loss=2.8119 acc=8.2% ce=4.091 sc=3.172  val=11.1%  lr=1.93e-05    68s
2026-03-18 11:26:19,163 [INFO]   ★ best 11.12%
2026-03-18 11:27:27,142 [INFO]   S2 Ep  24/120  loss=2.7749 acc=9.1% ce=4.036 sc=3.118  val=13.5%  lr=1.92e-05    68s
2026-03-18 11:27:27,393 [INFO]   ★ best 13.46%
2026-03-18 11:28:35,262 [INFO]   S2 Ep  25/120  loss=2.7289 acc=10.4% ce=3.984 sc=3.030  val=14.8%  lr=1.91e-05    68s
2026-03-18 11:28:35,513 [INFO]   ★ best 14.78%
2026-03-18 11:29:43,407 [INFO]   S2 Ep  26/120  loss=2.7089 acc=11.3% ce=3.935 sc=3.028  val=16.2%  lr=1.89e-05    68s
2026-03-18 11:29:43,660 [INFO]   ★ best 16.21%
2026-03-18 11:30:51,587 [INFO]   S2 Ep  27/120  loss=2.6771 acc=12.3% ce=3.891 sc=2.982  val=17.8%  lr=1.88e-05    68s
2026-03-18 11:30:51,840 [INFO]   ★ best 17.80%
2026-03-18 11:31:59,842 [INFO]   S2 Ep  28/120  loss=2.6464 acc=12.7% ce=3.856 sc=2.928  val=19.0%  lr=1.87e-05    68s
2026-03-18 11:32:00,105 [INFO]   ★ best 18.99%
2026-03-18 11:33:08,048 [INFO]   S2 Ep  29/120  loss=2.6294 acc=14.1% ce=3.812 sc=2.937  val=19.7%  lr=1.85e-05    68s
2026-03-18 11:33:08,304 [INFO]   ★ best 19.67%
2026-03-18 11:34:16,098 [INFO]   S2 Ep  30/120  loss=2.6041 acc=15.7% ce=3.773 sc=2.907  val=21.5%  lr=1.84e-05    68s
2026-03-18 11:34:16,355 [INFO]   ★ best 21.53%
2026-03-18 11:35:24,069 [INFO]   S2 Ep  31/120  loss=2.5798 acc=16.2% ce=3.737 sc=2.879  val=22.7%  lr=1.82e-05    68s
2026-03-18 11:35:24,320 [INFO]   ★ best 22.72%
2026-03-18 11:36:31,991 [INFO]   S2 Ep  32/120  loss=2.5460 acc=17.1% ce=3.697 sc=2.822  val=24.6%  lr=1.80e-05    68s
2026-03-18 11:36:32,236 [INFO]   ★ best 24.62%
2026-03-18 11:37:39,972 [INFO]   S2 Ep  33/120  loss=2.5218 acc=17.6% ce=3.671 sc=2.774  val=25.2%  lr=1.79e-05    68s
2026-03-18 11:37:40,218 [INFO]   ★ best 25.23%
2026-03-18 11:38:47,951 [INFO]   S2 Ep  34/120  loss=2.5073 acc=18.5% ce=3.633 sc=2.780  val=26.4%  lr=1.77e-05    68s
2026-03-18 11:38:48,206 [INFO]   ★ best 26.42%
2026-03-18 11:39:55,908 [INFO]   S2 Ep  35/120  loss=2.4851 acc=19.7% ce=3.595 sc=2.758  val=26.8%  lr=1.75e-05    68s
2026-03-18 11:39:56,165 [INFO]   ★ best 26.79%
2026-03-18 11:41:03,854 [INFO]   S2 Ep  36/120  loss=2.4650 acc=20.6% ce=3.564 sc=2.735  val=28.5%  lr=1.73e-05    68s
2026-03-18 11:41:04,251 [INFO]   ★ best 28.45%
2026-03-18 11:42:11,891 [INFO]   S2 Ep  37/120  loss=2.4394 acc=21.0% ce=3.538 sc=2.685  val=29.9%  lr=1.71e-05    68s
2026-03-18 11:42:12,144 [INFO]   ★ best 29.91%
2026-03-18 11:43:19,855 [INFO]   S2 Ep  38/120  loss=2.4178 acc=21.9% ce=3.504 sc=2.659  val=31.0%  lr=1.69e-05    68s
2026-03-18 11:43:20,110 [INFO]   ★ best 30.99%
2026-03-18 11:44:27,931 [INFO]   S2 Ep  39/120  loss=2.3892 acc=22.8% ce=3.466 sc=2.618  val=31.2%  lr=1.67e-05    68s
2026-03-18 11:44:28,184 [INFO]   ★ best 31.23%
2026-03-18 11:45:35,967 [INFO]   S2 Ep  40/120  loss=2.3889 acc=23.4% ce=3.448 sc=2.643  val=31.6%  lr=1.65e-05    68s
2026-03-18 11:45:36,221 [INFO]   ★ best 31.60%
2026-03-18 11:46:43,853 [INFO]   S2 Ep  41/120  loss=2.3676 acc=23.6% ce=3.422 sc=2.606  val=32.9%  lr=1.63e-05    68s
2026-03-18 11:46:44,104 [INFO]   ★ best 32.86%
2026-03-18 11:47:51,845 [INFO]   S2 Ep  42/120  loss=2.3524 acc=25.0% ce=3.393 sc=2.597  val=34.0%  lr=1.60e-05    68s
2026-03-18 11:47:52,085 [INFO]   ★ best 34.01%
2026-03-18 11:48:59,863 [INFO]   S2 Ep  43/120  loss=2.3345 acc=25.4% ce=3.365 sc=2.575  val=33.4%  lr=1.58e-05    68s
2026-03-18 11:50:07,546 [INFO]   S2 Ep  44/120  loss=2.3105 acc=26.7% ce=3.334 sc=2.541  val=35.6%  lr=1.56e-05    68s
2026-03-18 11:50:07,790 [INFO]   ★ best 35.57%
2026-03-18 11:51:15,536 [INFO]   S2 Ep  45/120  loss=2.3028 acc=26.6% ce=3.318 sc=2.538  val=35.2%  lr=1.53e-05    68s
2026-03-18 11:52:23,164 [INFO]   S2 Ep  46/120  loss=2.2866 acc=27.5% ce=3.288 sc=2.525  val=36.4%  lr=1.51e-05    68s
2026-03-18 11:52:23,410 [INFO]   ★ best 36.39%
2026-03-18 11:53:31,204 [INFO]   S2 Ep  47/120  loss=2.2784 acc=28.0% ce=3.274 sc=2.515  val=37.4%  lr=1.49e-05    68s
2026-03-18 11:53:31,443 [INFO]   ★ best 37.40%
2026-03-18 11:54:39,095 [INFO]   S2 Ep  48/120  loss=2.2533 acc=29.4% ce=3.249 sc=2.469  val=38.1%  lr=1.46e-05    68s
2026-03-18 11:54:39,340 [INFO]   ★ best 38.11%
2026-03-18 11:55:47,038 [INFO]   S2 Ep  49/120  loss=2.2444 acc=29.5% ce=3.223 sc=2.473  val=39.6%  lr=1.43e-05    68s
2026-03-18 11:55:47,282 [INFO]   ★ best 39.57%
2026-03-18 11:56:55,011 [INFO]   S2 Ep  50/120  loss=2.2394 acc=30.2% ce=3.203 sc=2.488  val=40.0%  lr=1.41e-05    68s
2026-03-18 11:56:55,249 [INFO]   ★ best 40.05%
2026-03-18 11:58:02,907 [INFO]   S2 Ep  51/120  loss=2.2186 acc=30.7% ce=3.181 sc=2.447  val=40.7%  lr=1.38e-05    68s
2026-03-18 11:58:03,155 [INFO]   ★ best 40.69%
2026-03-18 11:59:10,795 [INFO]   S2 Ep  52/120  loss=2.2092 acc=31.1% ce=3.169 sc=2.437  val=40.0%  lr=1.36e-05    68s
2026-03-18 12:00:18,389 [INFO]   S2 Ep  53/120  loss=2.1950 acc=31.9% ce=3.148 sc=2.416  val=40.3%  lr=1.33e-05    68s
2026-03-18 12:01:26,091 [INFO]   S2 Ep  54/120  loss=2.1872 acc=32.5% ce=3.130 sc=2.415  val=40.9%  lr=1.30e-05    68s
2026-03-18 12:01:26,334 [INFO]   ★ best 40.90%
2026-03-18 12:02:34,008 [INFO]   S2 Ep  55/120  loss=2.1616 acc=32.6% ce=3.100 sc=2.374  val=41.5%  lr=1.28e-05    68s
2026-03-18 12:02:34,257 [INFO]   ★ best 41.51%
2026-03-18 12:03:41,998 [INFO]   S2 Ep  56/120  loss=2.1615 acc=33.0% ce=3.096 sc=2.378  val=42.3%  lr=1.25e-05    68s
2026-03-18 12:03:42,241 [INFO]   ★ best 42.32%
2026-03-18 12:04:49,939 [INFO]   S2 Ep  57/120  loss=2.1548 acc=33.5% ce=3.074 sc=2.386  val=42.5%  lr=1.22e-05    68s
2026-03-18 12:04:50,183 [INFO]   ★ best 42.46%
2026-03-18 12:05:57,974 [INFO]   S2 Ep  58/120  loss=2.1257 acc=34.5% ce=3.054 sc=2.318  val=42.2%  lr=1.19e-05    68s
2026-03-18 12:07:05,445 [INFO]   S2 Ep  59/120  loss=2.1230 acc=34.6% ce=3.041 sc=2.328  val=43.5%  lr=1.16e-05    67s
2026-03-18 12:07:05,686 [INFO]   ★ best 43.47%
2026-03-18 12:08:13,373 [INFO]   S2 Ep  60/120  loss=2.1337 acc=34.8% ce=3.025 sc=2.388  val=43.3%  lr=1.14e-05    68s
2026-03-18 12:09:21,187 [INFO]   S2 Ep  61/120  loss=2.1064 acc=34.8% ce=3.008 sc=2.319  val=45.0%  lr=1.11e-05    68s
2026-03-18 12:09:21,423 [INFO]   ★ best 44.96%
2026-03-18 12:10:29,127 [INFO]   S2 Ep  62/120  loss=2.0931 acc=36.4% ce=2.991 sc=2.300  val=44.6%  lr=1.08e-05    68s
2026-03-18 12:11:36,870 [INFO]   S2 Ep  63/120  loss=2.0829 acc=36.3% ce=2.977 sc=2.288  val=45.3%  lr=1.05e-05    68s
2026-03-18 12:11:37,111 [INFO]   ★ best 45.30%
2026-03-18 12:12:44,866 [INFO]   S2 Ep  64/120  loss=2.0777 acc=36.7% ce=2.966 sc=2.285  val=45.7%  lr=1.02e-05    68s
2026-03-18 12:12:45,121 [INFO]   ★ best 45.74%
2026-03-18 12:13:52,854 [INFO]   S2 Ep  65/120  loss=2.0625 acc=37.2% ce=2.948 sc=2.262  val=47.0%  lr=9.94e-06    68s
2026-03-18 12:13:53,103 [INFO]   ★ best 46.97%
2026-03-18 12:15:00,883 [INFO]   S2 Ep  66/120  loss=2.0534 acc=37.8% ce=2.936 sc=2.246  val=45.9%  lr=9.66e-06    68s
2026-03-18 12:16:08,601 [INFO]   S2 Ep  67/120  loss=2.0405 acc=37.3% ce=2.925 sc=2.220  val=45.9%  lr=9.37e-06    68s
2026-03-18 12:17:16,311 [INFO]   S2 Ep  68/120  loss=2.0463 acc=38.0% ce=2.917 sc=2.252  val=47.1%  lr=9.09e-06    68s
2026-03-18 12:17:16,562 [INFO]   ★ best 47.10%
2026-03-18 12:18:24,248 [INFO]   S2 Ep  69/120  loss=2.0406 acc=38.5% ce=2.910 sc=2.242  val=47.5%  lr=8.81e-06    68s
2026-03-18 12:18:24,488 [INFO]   ★ best 47.47%
2026-03-18 12:19:32,140 [INFO]   S2 Ep  70/120  loss=2.0288 acc=38.6% ce=2.897 sc=2.221  val=48.0%  lr=8.52e-06    68s
2026-03-18 12:19:32,390 [INFO]   ★ best 48.02%
2026-03-18 12:20:40,077 [INFO]   S2 Ep  71/120  loss=2.0251 acc=38.7% ce=2.884 sc=2.227  val=48.5%  lr=8.24e-06    68s
2026-03-18 12:20:40,331 [INFO]   ★ best 48.52%
2026-03-18 12:21:48,086 [INFO]   S2 Ep  72/120  loss=2.0171 acc=39.6% ce=2.880 sc=2.207  val=49.2%  lr=7.96e-06    68s
2026-03-18 12:21:48,333 [INFO]   ★ best 49.24%
2026-03-18 12:22:55,817 [INFO]   S2 Ep  73/120  loss=1.9951 acc=40.6% ce=2.852 sc=2.174  val=49.4%  lr=7.69e-06    67s
2026-03-18 12:22:56,065 [INFO]   ★ best 49.37%
2026-03-18 12:24:03,807 [INFO]   S2 Ep  74/120  loss=2.0052 acc=40.3% ce=2.844 sc=2.217  val=49.7%  lr=7.41e-06    68s
2026-03-18 12:24:04,055 [INFO]   ★ best 49.71%
2026-03-18 12:25:11,796 [INFO]   S2 Ep  75/120  loss=1.9947 acc=40.3% ce=2.849 sc=2.177  val=50.5%  lr=7.14e-06    68s
2026-03-18 12:25:12,040 [INFO]   ★ best 50.46%
2026-03-18 12:26:19,734 [INFO]   S2 Ep  76/120  loss=1.9862 acc=40.4% ce=2.834 sc=2.170  val=49.7%  lr=6.87e-06    68s
2026-03-18 12:27:27,456 [INFO]   S2 Ep  77/120  loss=1.9715 acc=41.4% ce=2.823 sc=2.137  val=50.7%  lr=6.60e-06    68s
2026-03-18 12:27:27,699 [INFO]   ★ best 50.70%
2026-03-18 12:28:35,375 [INFO]   S2 Ep  78/120  loss=1.9714 acc=41.6% ce=2.813 sc=2.153  val=51.2%  lr=6.33e-06    68s
2026-03-18 12:28:35,619 [INFO]   ★ best 51.24%
2026-03-18 12:29:43,335 [INFO]   S2 Ep  79/120  loss=1.9661 acc=40.8% ce=2.812 sc=2.136  val=51.1%  lr=6.07e-06    68s
2026-03-18 12:30:51,036 [INFO]   S2 Ep  80/120  loss=1.9887 acc=41.0% ce=2.814 sc=2.207  val=51.1%  lr=5.81e-06    68s
2026-03-18 12:31:58,796 [INFO]   S2 Ep  81/120  loss=1.9609 acc=41.6% ce=2.795 sc=2.143  val=51.0%  lr=5.55e-06    68s
2026-03-18 12:33:06,525 [INFO]   S2 Ep  82/120  loss=1.9613 acc=41.9% ce=2.785 sc=2.159  val=51.2%  lr=5.30e-06    68s
2026-03-18 12:34:14,274 [INFO]   S2 Ep  83/120  loss=1.9642 acc=41.5% ce=2.790 sc=2.161  val=52.4%  lr=5.05e-06    68s
2026-03-18 12:34:14,520 [INFO]   ★ best 52.36%
2026-03-18 12:35:22,217 [INFO]   S2 Ep  84/120  loss=1.9555 acc=42.6% ce=2.775 sc=2.154  val=52.4%  lr=4.80e-06    68s
2026-03-18 12:36:29,879 [INFO]   S2 Ep  85/120  loss=1.9379 acc=42.3% ce=2.771 sc=2.101  val=51.8%  lr=4.56e-06    68s
2026-03-18 12:37:37,538 [INFO]   S2 Ep  86/120  loss=1.9343 acc=42.2% ce=2.762 sc=2.100  val=52.1%  lr=4.33e-06    68s
2026-03-18 12:38:45,187 [INFO]   S2 Ep  87/120  loss=1.9480 acc=42.4% ce=2.756 sc=2.156  val=52.6%  lr=4.09e-06    68s
2026-03-18 12:38:45,437 [INFO]   ★ best 52.56%
2026-03-18 12:39:52,914 [INFO]   S2 Ep  88/120  loss=1.9271 acc=43.7% ce=2.738 sc=2.112  val=52.7%  lr=3.87e-06    67s
2026-03-18 12:39:53,162 [INFO]   ★ best 52.66%
2026-03-18 12:41:00,733 [INFO]   S2 Ep  89/120  loss=1.9247 acc=43.0% ce=2.750 sc=2.088  val=52.8%  lr=3.64e-06    68s
2026-03-18 12:41:00,995 [INFO]   ★ best 52.80%
2026-03-18 12:42:08,747 [INFO]   S2 Ep  90/120  loss=1.9312 acc=43.9% ce=2.739 sc=2.127  val=52.8%  lr=3.43e-06    68s
2026-03-18 12:43:16,109 [INFO]   S2 Ep  91/120  loss=1.9354 acc=42.8% ce=2.746 sc=2.129  val=52.8%  lr=3.22e-06    67s
2026-03-18 12:43:16,366 [INFO]   ★ best 52.83%
2026-03-18 12:44:24,012 [INFO]   S2 Ep  92/120  loss=1.9317 acc=43.3% ce=2.740 sc=2.125  val=53.0%  lr=3.01e-06    68s
2026-03-18 12:44:24,261 [INFO]   ★ best 53.00%
2026-03-18 12:45:31,817 [INFO]   S2 Ep  93/120  loss=1.9105 acc=43.4% ce=2.730 sc=2.068  val=53.7%  lr=2.81e-06    68s
2026-03-18 12:45:32,066 [INFO]   ★ best 53.68%
2026-03-18 12:46:39,647 [INFO]   S2 Ep  94/120  loss=1.9169 acc=43.8% ce=2.728 sc=2.093  val=54.2%  lr=2.61e-06    68s
2026-03-18 12:46:39,900 [INFO]   ★ best 54.15%
2026-03-18 12:47:47,472 [INFO]   S2 Ep  95/120  loss=1.9112 acc=43.9% ce=2.727 sc=2.076  val=53.8%  lr=2.43e-06    68s
2026-03-18 12:48:55,052 [INFO]   S2 Ep  96/120  loss=1.9026 acc=43.8% ce=2.715 sc=2.065  val=53.6%  lr=2.24e-06    68s
2026-03-18 12:50:02,577 [INFO]   S2 Ep  97/120  loss=1.9129 acc=43.4% ce=2.721 sc=2.091  val=54.3%  lr=2.07e-06    68s
2026-03-18 12:50:02,835 [INFO]   ★ best 54.32%
2026-03-18 12:51:10,313 [INFO]   S2 Ep  98/120  loss=1.9178 acc=43.8% ce=2.721 sc=2.106  val=54.0%  lr=1.90e-06    67s
2026-03-18 12:52:17,856 [INFO]   S2 Ep  99/120  loss=1.8964 acc=44.2% ce=2.710 sc=2.052  val=54.2%  lr=1.73e-06    68s
2026-03-18 12:53:25,454 [INFO]   S2 Ep 100/120  loss=1.8924 acc=44.2% ce=2.705 sc=2.044  val=53.5%  lr=1.58e-06    68s
2026-03-18 12:54:33,059 [INFO]   S2 Ep 101/120  loss=1.9064 acc=44.2% ce=2.705 sc=2.090  val=54.3%  lr=1.43e-06    68s
2026-03-18 12:55:40,651 [INFO]   S2 Ep 102/120  loss=1.9037 acc=44.2% ce=2.706 sc=2.081  val=54.2%  lr=1.28e-06    68s
2026-03-18 12:56:48,201 [INFO]   S2 Ep 103/120  loss=1.9014 acc=44.5% ce=2.704 sc=2.076  val=54.3%  lr=1.15e-06    68s
2026-03-18 12:57:55,766 [INFO]   S2 Ep 104/120  loss=1.9059 acc=43.7% ce=2.714 sc=2.077  val=54.5%  lr=1.02e-06    68s
2026-03-18 12:57:56,020 [INFO]   ★ best 54.53%
2026-03-18 12:59:03,629 [INFO]   S2 Ep 105/120  loss=1.8926 acc=44.5% ce=2.699 sc=2.055  val=54.2%  lr=8.98e-07    68s
2026-03-18 13:00:11,072 [INFO]   S2 Ep 106/120  loss=1.8977 acc=45.3% ce=2.702 sc=2.067  val=54.4%  lr=7.83e-07    67s
2026-03-18 13:01:18,614 [INFO]   S2 Ep 107/120  loss=1.9017 acc=44.7% ce=2.704 sc=2.078  val=54.4%  lr=6.77e-07    68s
2026-03-18 13:02:26,101 [INFO]   S2 Ep 108/120  loss=1.8967 acc=44.2% ce=2.701 sc=2.065  val=54.6%  lr=5.78e-07    67s
2026-03-18 13:02:26,350 [INFO]   ★ best 54.59%
2026-03-18 13:03:33,922 [INFO]   S2 Ep 109/120  loss=1.8955 acc=44.5% ce=2.695 sc=2.069  val=54.3%  lr=4.86e-07    68s
2026-03-18 13:04:41,440 [INFO]   S2 Ep 110/120  loss=1.8896 acc=43.9% ce=2.702 sc=2.040  val=54.5%  lr=4.03e-07    68s
2026-03-18 13:05:49,073 [INFO]   S2 Ep 111/120  loss=1.8943 acc=44.8% ce=2.691 sc=2.074  val=54.6%  lr=3.27e-07    68s
2026-03-18 13:06:56,568 [INFO]   S2 Ep 112/120  loss=1.9067 acc=44.6% ce=2.700 sc=2.101  val=54.8%  lr=2.59e-07    67s
2026-03-18 13:06:56,812 [INFO]   ★ best 54.80%
2026-03-18 13:08:04,317 [INFO]   S2 Ep 113/120  loss=1.8848 acc=45.0% ce=2.697 sc=2.032  val=54.7%  lr=1.98e-07    68s
2026-03-18 13:09:11,902 [INFO]   S2 Ep 114/120  loss=1.8929 acc=44.7% ce=2.698 sc=2.057  val=54.7%  lr=1.46e-07    68s
2026-03-18 13:10:19,451 [INFO]   S2 Ep 115/120  loss=1.9135 acc=45.1% ce=2.699 sc=2.124  val=54.7%  lr=1.02e-07    68s
2026-03-18 13:11:27,026 [INFO]   S2 Ep 116/120  loss=1.9041 acc=43.3% ce=2.703 sc=2.087  val=54.7%  lr=6.54e-08    68s
2026-03-18 13:12:34,588 [INFO]   S2 Ep 117/120  loss=1.8997 acc=44.8% ce=2.702 sc=2.074  val=54.7%  lr=3.71e-08    68s
2026-03-18 13:13:42,094 [INFO]   S2 Ep 118/120  loss=1.8939 acc=44.8% ce=2.689 sc=2.074  val=54.7%  lr=1.69e-08    68s
2026-03-18 13:14:49,549 [INFO]   S2 Ep 119/120  loss=1.9014 acc=44.4% ce=2.700 sc=2.085  val=54.7%  lr=4.82e-09    67s
2026-03-18 13:15:57,112 [INFO]   S2 Ep 120/120  loss=1.8778 acc=44.5% ce=2.699 sc=2.006  val=54.7%  lr=8.00e-10    68s
2026-03-18 13:15:57,112 [INFO]   Fold 1 best: 54.80%
2026-03-18 13:15:57,394 [INFO] ================================================================
2026-03-18 13:15:57,395 [INFO] FOLD 2 / 5
2026-03-18 13:15:57,395 [INFO] ================================================================
2026-03-18 13:15:57,397 [INFO]   Train: 11793 | Val: 2949
2026-03-18 13:15:57,766 [INFO] Loading pretrained weights from Hugging Face hub (timm/convnext_small.fb_in22k_ft_in1k)
2026-03-18 13:15:57,823 [INFO] HTTP Request: HEAD https://huggingface.co/timm/convnext_small.fb_in22k_ft_in1k/resolve/main/model.safetensors "HTTP/1.1 302 Found"
2026-03-18 13:15:57,824 [INFO] [timm/convnext_small.fb_in22k_ft_in1k] Safe alternative available for 'pytorch_model.bin' (as 'model.safetensors'). Loading weights using safetensors.
2026-03-18 13:15:57,855 [INFO] Missing keys (head.fc.weight, head.fc.bias) discovered while loading pretrained weights. This is expected if model is being adapted.
2026-03-18 13:15:57,908 [INFO]   Using ImageNet pretrained weights (no born-again)
2026-03-18 13:15:57,908 [INFO] ── Stage 1: head+proj warmup (8 ep) ──
2026-03-18 13:16:09,623 [INFO]   S1 Ep 1/8  loss=3.2955 acc=0.7% ce=4.852 sc=3.854  val=0.9%  12s
2026-03-18 13:16:09,831 [INFO]   ★ best 0.92%
2026-03-18 13:16:20,991 [INFO]   S1 Ep 2/8  loss=3.2915 acc=0.6% ce=4.849 sc=3.851  val=1.0%  11s
2026-03-18 13:16:21,248 [INFO]   ★ best 0.98%
2026-03-18 13:16:32,434 [INFO]   S1 Ep 3/8  loss=3.2902 acc=0.7% ce=4.847 sc=3.851  val=0.8%  11s
2026-03-18 13:16:43,605 [INFO]   S1 Ep 4/8  loss=3.2881 acc=0.7% ce=4.844 sc=3.850  val=0.8%  11s
2026-03-18 13:16:54,757 [INFO]   S1 Ep 5/8  loss=3.2871 acc=0.8% ce=4.842 sc=3.850  val=0.9%  11s
2026-03-18 13:17:05,979 [INFO]   S1 Ep 6/8  loss=3.2857 acc=0.7% ce=4.840 sc=3.850  val=1.2%  11s
2026-03-18 13:17:06,231 [INFO]   ★ best 1.22%
2026-03-18 13:17:17,401 [INFO]   S1 Ep 7/8  loss=3.2844 acc=0.8% ce=4.837 sc=3.850  val=1.6%  11s
2026-03-18 13:17:17,658 [INFO]   ★ best 1.63%
2026-03-18 13:17:28,874 [INFO]   S1 Ep 8/8  loss=3.2834 acc=0.9% ce=4.835 sc=3.851  val=1.7%  11s
2026-03-18 13:17:29,125 [INFO]   ★ best 1.66%
2026-03-18 13:17:29,125 [INFO] ── Stage 2: SAM+LLRD+SupCon (120 ep, patience 40) ──
2026-03-18 13:17:29,127 [INFO] LLRD: 12 groups, LR [6.55e-06 … 2.00e-05]
2026-03-18 13:18:36,774 [INFO]   S2 Ep   1/120  loss=3.2828 acc=1.0% ce=4.834 sc=3.850  val=1.7%  lr=1.31e-06    68s
2026-03-18 13:18:37,021 [INFO]   ★ best 1.70%
2026-03-18 13:19:44,824 [INFO]   S2 Ep   2/120  loss=3.2828 acc=1.0% ce=4.834 sc=3.850  val=1.7%  lr=2.79e-06    68s
2026-03-18 13:19:45,077 [INFO]   ★ best 1.73%
2026-03-18 13:20:52,768 [INFO]   S2 Ep   3/120  loss=3.2823 acc=1.1% ce=4.833 sc=3.850  val=1.6%  lr=5.07e-06    68s
2026-03-18 13:22:00,142 [INFO]   S2 Ep   4/120  loss=3.2816 acc=0.9% ce=4.832 sc=3.849  val=1.8%  lr=7.92e-06    67s
2026-03-18 13:22:00,397 [INFO]   ★ best 1.83%
2026-03-18 13:23:08,126 [INFO]   S2 Ep   5/120  loss=3.2727 acc=1.2% ce=4.825 sc=3.831  val=2.0%  lr=1.10e-05    68s
2026-03-18 13:23:08,383 [INFO]   ★ best 2.03%
2026-03-18 13:24:16,007 [INFO]   S2 Ep   6/120  loss=3.2508 acc=1.5% ce=4.811 sc=3.777  val=2.0%  lr=1.41e-05    68s
2026-03-18 13:25:23,746 [INFO]   S2 Ep   7/120  loss=3.2401 acc=1.4% ce=4.798 sc=3.762  val=2.2%  lr=1.67e-05    68s
2026-03-18 13:25:23,997 [INFO]   ★ best 2.17%
2026-03-18 13:26:31,601 [INFO]   S2 Ep   8/120  loss=3.2163 acc=1.7% ce=4.774 sc=3.717  val=2.2%  lr=1.87e-05    68s
2026-03-18 13:26:31,847 [INFO]   ★ best 2.24%
2026-03-18 13:27:39,495 [INFO]   S2 Ep   9/120  loss=3.1909 acc=1.8% ce=4.736 sc=3.684  val=2.1%  lr=1.98e-05    68s
2026-03-18 13:28:47,277 [INFO]   S2 Ep  10/120  loss=3.1656 acc=2.0% ce=4.689 sc=3.658  val=2.4%  lr=2.00e-05    68s
2026-03-18 13:28:47,528 [INFO]   ★ best 2.37%
2026-03-18 13:29:55,122 [INFO]   S2 Ep  11/120  loss=3.1416 acc=2.1% ce=4.647 sc=3.625  val=2.6%  lr=2.00e-05    68s
2026-03-18 13:29:55,377 [INFO]   ★ best 2.58%
2026-03-18 13:31:03,192 [INFO]   S2 Ep  12/120  loss=3.1202 acc=2.3% ce=4.616 sc=3.587  val=3.1%  lr=2.00e-05    68s
2026-03-18 13:31:03,445 [INFO]   ★ best 3.05%
2026-03-18 13:32:10,993 [INFO]   S2 Ep  13/120  loss=3.0978 acc=2.8% ce=4.588 sc=3.541  val=3.1%  lr=2.00e-05    68s
2026-03-18 13:32:11,245 [INFO]   ★ best 3.09%
2026-03-18 13:33:18,886 [INFO]   S2 Ep  14/120  loss=3.0889 acc=3.0% ce=4.566 sc=3.534  val=3.4%  lr=1.99e-05    68s
2026-03-18 13:33:19,137 [INFO]   ★ best 3.36%
2026-03-18 13:34:26,685 [INFO]   S2 Ep  15/120  loss=3.0638 acc=3.1% ce=4.535 sc=3.487  val=3.3%  lr=1.99e-05    68s
2026-03-18 13:35:34,181 [INFO]   S2 Ep  16/120  loss=3.0432 acc=3.2% ce=4.503 sc=3.455  val=3.8%  lr=1.98e-05    67s
2026-03-18 13:35:34,439 [INFO]   ★ best 3.76%
2026-03-18 13:36:42,080 [INFO]   S2 Ep  17/120  loss=3.0213 acc=3.9% ce=4.462 sc=3.431  val=4.6%  lr=1.98e-05    68s
2026-03-18 13:36:42,329 [INFO]   ★ best 4.61%
2026-03-18 13:37:50,071 [INFO]   S2 Ep  18/120  loss=2.9897 acc=4.4% ce=4.413 sc=3.384  val=5.1%  lr=1.97e-05    68s
2026-03-18 13:37:50,315 [INFO]   ★ best 5.12%
2026-03-18 13:38:57,970 [INFO]   S2 Ep  19/120  loss=2.9583 acc=4.7% ce=4.364 sc=3.336  val=5.9%  lr=1.96e-05    68s
2026-03-18 13:38:58,220 [INFO]   ★ best 5.90%
2026-03-18 13:40:05,902 [INFO]   S2 Ep  20/120  loss=2.9329 acc=5.7% ce=4.308 sc=3.319  val=7.7%  lr=1.96e-05    68s
2026-03-18 13:40:06,154 [INFO]   ★ best 7.66%
2026-03-18 13:41:13,771 [INFO]   S2 Ep  21/120  loss=2.8993 acc=6.2% ce=4.252 sc=3.272  val=7.9%  lr=1.95e-05    68s
2026-03-18 13:41:14,023 [INFO]   ★ best 7.90%
2026-03-18 13:42:21,647 [INFO]   S2 Ep  22/120  loss=2.8709 acc=6.7% ce=4.196 sc=3.246  val=9.3%  lr=1.94e-05    68s
2026-03-18 13:42:21,892 [INFO]   ★ best 9.29%
