2026-03-19 16:21:48,018 [INFO] GPU: NVIDIA H200
2026-03-19 16:21:48,019 [INFO] Config: {
  "data_dir": "/data/slr/track2_",
  "output_dir": "/data/slr/checkpoints_v25",
  "max_frames": 48,
  "img_size": 448,
  "n_classes": 126,
  "teacher_img_size": 224,
  "teacher_max_frames": 48,
  "channel_means": [
    -64.3217,
    -62.9119,
    -63.9254
  ],
  "channel_stds": [
    12.5721,
    11.662,
    11.7259
  ],
  "n_folds": 5,
  "batch_size": 20,
  "num_workers": 4,
  "stage1_epochs": 5,
  "stage1_lr": 0.0002,
  "stage2_epochs": 80,
  "stage2_lr": 4e-05,
  "swa_epochs": 15,
  "swa_lr": 4e-06,
  "weight_decay": 0.05,
  "warmup_pct": 0.05,
  "label_smoothing": 0.1,
  "early_stopping_patience": 30,
  "grad_clip_norm": 1.0,
  "llrd_decay": 0.75,
  "kd_alpha": 0.5,
  "kd_tau": 4.0,
  "mixup_alpha": 0.4,
  "cutmix_alpha": 1.0,
  "cutmix_prob": 0.5,
  "time_mask_max": 8,
  "range_mask_max": 30,
  "noise_std": 0.1,
  "time_warp_lo": 0.8,
  "time_warp_hi": 1.2,
  "time_reverse_prob": 0.5,
  "channel_shuffle_prob": 0.2,
  "channel_drop_prob": 0.1,
  "random_erase_prob": 0.2,
  "circ_shift_prob": 0.3,
  "circ_shift_max": 8,
  "amp_scale_prob": 0.5,
  "amp_scale_lo": 0.8,
  "amp_scale_hi": 1.2,
  "model_name": "convnextv2_tiny.fcmae_ft_in22k_in1k",
  "drop_path_rate": 0.2,
  "proj_dim": 512,
  "drop_rate": 0.3,
  "ms_dropout_samples": 5,
  "seed": 42
}
2026-03-19 16:21:48,019 [INFO] ★★★ HIGH RESOLUTION: 448×448 ★★★
2026-03-19 16:21:48,093 [INFO] Train: 14742 | Eval: 9828
2026-03-19 16:21:52,604 [INFO] Pre-computing teacher soft labels (at 224×224) …
2026-03-19 16:21:54,556 [INFO]   Loaded 5 teachers
2026-03-19 16:23:10,070 [INFO]   Soft labels: 14742
2026-03-19 16:23:10,070 [INFO] KD α=0.50 τ=4.0 | SWA 15 ep @ lr=4.0e-06 | NO PL | NATIVE RES
2026-03-19 16:23:10,075 [INFO] ================================================================
2026-03-19 16:23:10,075 [INFO] FOLD 1 / 5
2026-03-19 16:23:10,075 [INFO] ================================================================
2026-03-19 16:23:10,076 [INFO]   Train: 11793 | Val: 2949
2026-03-19 16:23:10,287 [INFO] Loading pretrained weights from Hugging Face hub (timm/convnextv2_tiny.fcmae_ft_in22k_in1k)
2026-03-19 16:23:15,489 [INFO] HTTP Request: HEAD https://huggingface.co/timm/convnextv2_tiny.fcmae_ft_in22k_in1k/resolve/main/model.safetensors "HTTP/1.1 302 Found"
2026-03-19 16:23:15,491 [INFO] [timm/convnextv2_tiny.fcmae_ft_in22k_in1k] Safe alternative available for 'pytorch_model.bin' (as 'model.safetensors'). Loading weights using safetensors.
2026-03-19 16:23:15,507 [INFO] Missing keys (head.fc.weight, head.fc.bias) discovered while loading pretrained weights. This is expected if model is being adapted.
2026-03-19 16:23:15,649 [INFO]   Born-again ← best_fold0.pt (val 90.23%)
2026-03-19 16:23:15,649 [INFO] ── Stage 1: head warmup (5 ep) ──
2026-03-19 16:24:03,374 [INFO]   S1 Ep 1/5  loss=0.7092 acc=86.0%  val=84.0%  48s
2026-03-19 16:24:03,488 [INFO]   ★ best 83.96%
2026-03-19 16:24:31,280 [INFO]   S1 Ep 2/5  loss=0.6927 acc=87.8%  val=85.1%  28s
2026-03-19 16:24:31,432 [INFO]   ★ best 85.15%
2026-03-19 16:24:59,289 [INFO]   S1 Ep 3/5  loss=0.6774 acc=87.8%  val=85.7%  28s
2026-03-19 16:24:59,430 [INFO]   ★ best 85.66%
2026-03-19 16:25:27,196 [INFO]   S1 Ep 4/5  loss=0.6582 acc=88.8%  val=85.6%  28s
2026-03-19 16:25:55,068 [INFO]   S1 Ep 5/5  loss=0.6518 acc=88.7%  val=85.7%  28s
2026-03-19 16:25:55,068 [INFO] ── Stage 2: full fine-tune (80 ep, patience 30) ──
2026-03-19 16:25:55,069 [INFO] LLRD: 12 groups, LR [9.49e-06 … 4.00e-05]
2026-03-19 16:27:32,849 [INFO]   S2 Ep   1/80  loss=1.2126 acc=66.1%  val=88.6%  lr=7.23e-06    98s
2026-03-19 16:27:33,022 [INFO]   ★ best 88.61%
2026-03-19 16:29:06,384 [INFO]   S2 Ep   2/80  loss=1.1756 acc=68.1%  val=88.6%  lr=2.08e-05    93s
2026-03-19 16:30:39,817 [INFO]   S2 Ep   3/80  loss=1.1450 acc=69.4%  val=87.9%  lr=3.44e-05    93s
2026-03-19 16:32:13,004 [INFO]   S2 Ep   4/80  loss=1.1719 acc=68.1%  val=87.4%  lr=4.00e-05    93s
2026-03-19 16:33:46,227 [INFO]   S2 Ep   5/80  loss=1.1777 acc=68.0%  val=88.4%  lr=4.00e-05    93s
2026-03-19 16:35:19,357 [INFO]   S2 Ep   6/80  loss=1.1460 acc=69.3%  val=88.2%  lr=3.99e-05    93s
2026-03-19 16:36:52,550 [INFO]   S2 Ep   7/80  loss=1.1569 acc=68.7%  val=87.8%  lr=3.98e-05    93s
2026-03-19 16:38:25,676 [INFO]   S2 Ep   8/80  loss=1.1438 acc=69.1%  val=88.0%  lr=3.97e-05    93s
2026-03-19 16:39:58,787 [INFO]   S2 Ep   9/80  loss=1.1400 acc=68.9%  val=88.0%  lr=3.96e-05    93s
2026-03-19 16:41:31,986 [INFO]   S2 Ep  10/80  loss=1.1513 acc=68.6%  val=87.9%  lr=3.94e-05    93s
2026-03-19 16:43:05,119 [INFO]   S2 Ep  11/80  loss=1.1672 acc=68.2%  val=88.5%  lr=3.92e-05    93s
2026-03-19 16:44:38,315 [INFO]   S2 Ep  12/80  loss=1.1226 acc=70.2%  val=87.5%  lr=3.89e-05    93s
2026-03-19 16:46:11,406 [INFO]   S2 Ep  13/80  loss=1.1076 acc=71.0%  val=87.6%  lr=3.86e-05    93s
2026-03-19 16:47:44,556 [INFO]   S2 Ep  14/80  loss=1.1245 acc=70.1%  val=88.3%  lr=3.83e-05    93s
2026-03-19 16:49:17,704 [INFO]   S2 Ep  15/80  loss=1.1369 acc=69.5%  val=88.4%  lr=3.80e-05    93s
2026-03-19 16:50:50,893 [INFO]   S2 Ep  16/80  loss=1.1056 acc=71.1%  val=88.2%  lr=3.76e-05    93s
2026-03-19 16:52:24,078 [INFO]   S2 Ep  17/80  loss=1.1262 acc=70.2%  val=88.6%  lr=3.72e-05    93s
2026-03-19 16:53:57,196 [INFO]   S2 Ep  18/80  loss=1.1241 acc=69.9%  val=87.4%  lr=3.67e-05    93s
2026-03-19 16:55:30,381 [INFO]   S2 Ep  19/80  loss=1.0839 acc=71.8%  val=88.2%  lr=3.63e-05    93s
2026-03-19 16:57:03,585 [INFO]   S2 Ep  20/80  loss=1.1385 acc=69.1%  val=88.4%  lr=3.58e-05    93s
2026-03-19 16:58:36,836 [INFO]   S2 Ep  21/80  loss=1.1032 acc=70.5%  val=88.1%  lr=3.53e-05    93s
2026-03-19 17:00:09,981 [INFO]   S2 Ep  22/80  loss=1.1129 acc=70.1%  val=87.9%  lr=3.47e-05    93s
2026-03-19 17:01:43,186 [INFO]   S2 Ep  23/80  loss=1.1195 acc=70.3%  val=88.3%  lr=3.41e-05    93s
2026-03-19 17:03:16,469 [INFO]   S2 Ep  24/80  loss=1.0785 acc=72.0%  val=88.5%  lr=3.35e-05    93s
2026-03-19 17:04:49,664 [INFO]   S2 Ep  25/80  loss=1.0650 acc=72.4%  val=89.1%  lr=3.29e-05    93s
2026-03-19 17:04:49,826 [INFO]   ★ best 89.15%
2026-03-19 17:06:23,056 [INFO]   S2 Ep  26/80  loss=1.1079 acc=70.7%  val=88.0%  lr=3.23e-05    93s
2026-03-19 17:07:56,232 [INFO]   S2 Ep  27/80  loss=1.1165 acc=70.0%  val=88.7%  lr=3.16e-05    93s
2026-03-19 17:09:29,355 [INFO]   S2 Ep  28/80  loss=1.1046 acc=70.2%  val=89.0%  lr=3.09e-05    93s
2026-03-19 17:11:02,542 [INFO]   S2 Ep  29/80  loss=1.1018 acc=70.8%  val=88.9%  lr=3.02e-05    93s
2026-03-19 17:12:35,702 [INFO]   S2 Ep  30/80  loss=1.0876 acc=71.4%  val=88.5%  lr=2.95e-05    93s
2026-03-19 17:14:08,902 [INFO]   S2 Ep  31/80  loss=1.0778 acc=71.9%  val=88.6%  lr=2.88e-05    93s
2026-03-19 17:15:42,130 [INFO]   S2 Ep  32/80  loss=1.0843 acc=71.2%  val=89.0%  lr=2.80e-05    93s
2026-03-19 17:17:15,255 [INFO]   S2 Ep  33/80  loss=1.0882 acc=70.8%  val=88.7%  lr=2.73e-05    93s
2026-03-19 17:18:48,419 [INFO]   S2 Ep  34/80  loss=1.0692 acc=72.2%  val=88.3%  lr=2.65e-05    93s
2026-03-19 17:20:21,550 [INFO]   S2 Ep  35/80  loss=1.0814 acc=71.5%  val=89.1%  lr=2.57e-05    93s
2026-03-19 17:21:54,727 [INFO]   S2 Ep  36/80  loss=1.1140 acc=69.8%  val=89.2%  lr=2.49e-05    93s
2026-03-19 17:21:54,874 [INFO]   ★ best 89.18%
2026-03-19 17:23:28,092 [INFO]   S2 Ep  37/80  loss=1.0992 acc=70.4%  val=88.4%  lr=2.41e-05    93s
2026-03-19 17:25:01,268 [INFO]   S2 Ep  38/80  loss=1.0652 acc=72.3%  val=89.3%  lr=2.33e-05    93s
2026-03-19 17:25:01,421 [INFO]   ★ best 89.32%
2026-03-19 17:26:34,598 [INFO]   S2 Ep  39/80  loss=1.0602 acc=72.3%  val=89.0%  lr=2.25e-05    93s
2026-03-19 17:28:07,858 [INFO]   S2 Ep  40/80  loss=1.0563 acc=73.0%  val=89.4%  lr=2.17e-05    93s
2026-03-19 17:28:07,998 [INFO]   ★ best 89.39%
2026-03-19 17:29:41,127 [INFO]   S2 Ep  41/80  loss=1.0733 acc=71.7%  val=89.6%  lr=2.08e-05    93s
2026-03-19 17:29:41,309 [INFO]   ★ best 89.59%
2026-03-19 17:31:14,513 [INFO]   S2 Ep  42/80  loss=1.0710 acc=71.8%  val=89.4%  lr=2.00e-05    93s
2026-03-19 17:32:47,673 [INFO]   S2 Ep  43/80  loss=1.0668 acc=71.5%  val=90.1%  lr=1.92e-05    93s
2026-03-19 17:32:47,857 [INFO]   ★ best 90.06%
2026-03-19 17:34:21,055 [INFO]   S2 Ep  44/80  loss=1.0333 acc=73.3%  val=89.9%  lr=1.83e-05    93s
2026-03-19 17:35:54,208 [INFO]   S2 Ep  45/80  loss=1.0605 acc=72.4%  val=89.1%  lr=1.75e-05    93s
2026-03-19 17:37:27,472 [INFO]   S2 Ep  46/80  loss=1.0376 acc=73.2%  val=90.1%  lr=1.67e-05    93s
2026-03-19 17:39:00,613 [INFO]   S2 Ep  47/80  loss=1.0604 acc=72.6%  val=89.7%  lr=1.59e-05    93s
2026-03-19 17:40:33,811 [INFO]   S2 Ep  48/80  loss=1.0433 acc=73.1%  val=90.1%  lr=1.51e-05    93s
2026-03-19 17:40:33,987 [INFO]   ★ best 90.10%
2026-03-19 17:42:07,200 [INFO]   S2 Ep  49/80  loss=1.0657 acc=71.9%  val=89.6%  lr=1.43e-05    93s
2026-03-19 17:43:40,345 [INFO]   S2 Ep  50/80  loss=1.0767 acc=71.4%  val=90.6%  lr=1.35e-05    93s
2026-03-19 17:43:40,532 [INFO]   ★ best 90.57%
2026-03-19 17:45:13,749 [INFO]   S2 Ep  51/80  loss=1.0660 acc=72.0%  val=90.3%  lr=1.27e-05    93s
2026-03-19 17:46:46,901 [INFO]   S2 Ep  52/80  loss=1.0230 acc=74.0%  val=89.8%  lr=1.20e-05    93s
2026-03-19 17:48:20,161 [INFO]   S2 Ep  53/80  loss=1.0525 acc=72.7%  val=90.0%  lr=1.12e-05    93s
2026-03-19 17:49:53,448 [INFO]   S2 Ep  54/80  loss=1.0471 acc=73.0%  val=90.1%  lr=1.05e-05    93s
2026-03-19 17:51:26,703 [INFO]   S2 Ep  55/80  loss=1.0391 acc=72.9%  val=90.2%  lr=9.76e-06    93s
2026-03-19 17:52:59,863 [INFO]   S2 Ep  56/80  loss=1.0454 acc=72.4%  val=90.3%  lr=9.06e-06    93s
2026-03-19 17:54:33,073 [INFO]   S2 Ep  57/80  loss=1.0344 acc=73.3%  val=90.4%  lr=8.38e-06    93s
2026-03-19 17:56:06,206 [INFO]   S2 Ep  58/80  loss=1.0159 acc=73.6%  val=90.0%  lr=7.72e-06    93s
2026-03-19 17:57:39,363 [INFO]   S2 Ep  59/80  loss=1.0296 acc=73.5%  val=90.2%  lr=7.07e-06    93s
2026-03-19 17:59:12,868 [INFO]   S2 Ep  60/80  loss=1.0534 acc=72.5%  val=90.1%  lr=6.45e-06    94s
2026-03-19 18:00:46,558 [INFO]   S2 Ep  61/80  loss=1.0073 acc=74.6%  val=90.3%  lr=5.86e-06    94s
2026-03-19 18:02:20,230 [INFO]   S2 Ep  62/80  loss=1.0542 acc=72.4%  val=90.3%  lr=5.29e-06    94s
2026-03-19 18:03:53,812 [INFO]   S2 Ep  63/80  loss=1.0414 acc=73.0%  val=90.3%  lr=4.74e-06    94s
2026-03-19 18:05:27,484 [INFO]   S2 Ep  64/80  loss=1.0294 acc=73.7%  val=90.4%  lr=4.22e-06    94s
2026-03-19 18:07:00,910 [INFO]   S2 Ep  65/80  loss=1.0147 acc=74.0%  val=90.5%  lr=3.72e-06    93s
2026-03-19 18:08:34,325 [INFO]   S2 Ep  66/80  loss=1.0308 acc=73.2%  val=90.5%  lr=3.26e-06    93s
2026-03-19 18:10:07,643 [INFO]   S2 Ep  67/80  loss=1.0295 acc=73.8%  val=90.6%  lr=2.82e-06    93s
2026-03-19 18:11:40,928 [INFO]   S2 Ep  68/80  loss=1.0368 acc=72.9%  val=90.4%  lr=2.41e-06    93s
2026-03-19 18:13:14,353 [INFO]   S2 Ep  69/80  loss=1.0053 acc=73.8%  val=90.6%  lr=2.03e-06    93s
2026-03-19 18:13:14,540 [INFO]   ★ best 90.61%
2026-03-19 18:14:47,877 [INFO]   S2 Ep  70/80  loss=1.0023 acc=74.6%  val=90.5%  lr=1.69e-06    93s
2026-03-19 18:16:21,190 [INFO]   S2 Ep  71/80  loss=1.0303 acc=73.3%  val=90.6%  lr=1.37e-06    93s
2026-03-19 18:17:54,325 [INFO]   S2 Ep  72/80  loss=1.0613 acc=72.2%  val=90.6%  lr=1.08e-06    93s
2026-03-19 18:17:54,503 [INFO]   ★ best 90.64%
2026-03-19 18:19:27,741 [INFO]   S2 Ep  73/80  loss=1.0041 acc=74.5%  val=90.7%  lr=8.33e-07    93s
2026-03-19 18:19:27,926 [INFO]   ★ best 90.74%
2026-03-19 18:21:01,185 [INFO]   S2 Ep  74/80  loss=0.9953 acc=74.8%  val=90.6%  lr=6.13e-07    93s
2026-03-19 18:22:34,360 [INFO]   S2 Ep  75/80  loss=1.0356 acc=72.8%  val=90.6%  lr=4.27e-07    93s
2026-03-19 18:24:07,633 [INFO]   S2 Ep  76/80  loss=1.0166 acc=74.2%  val=90.7%  lr=2.74e-07    93s
2026-03-19 18:25:40,754 [INFO]   S2 Ep  77/80  loss=1.0537 acc=72.1%  val=90.7%  lr=1.55e-07    93s
2026-03-19 18:27:13,960 [INFO]   S2 Ep  78/80  loss=1.0186 acc=74.1%  val=90.6%  lr=6.98e-08    93s
2026-03-19 18:28:47,181 [INFO]   S2 Ep  79/80  loss=1.0315 acc=73.2%  val=90.7%  lr=1.86e-08    93s
2026-03-19 18:30:20,463 [INFO]   S2 Ep  80/80  loss=1.0160 acc=74.0%  val=90.7%  lr=1.60e-09    93s
2026-03-19 18:30:20,464 [INFO] ── Stage 3: SWA (15 ep, lr=4.0e-06) ──
2026-03-19 18:31:53,707 [INFO]   SWA Ep  1/15  loss=1.0071  swa_val=90.3%  93s
2026-03-19 18:33:26,816 [INFO]   SWA Ep  2/15  loss=1.0231  swa_val=90.0%  93s
2026-03-19 18:34:59,942 [INFO]   SWA Ep  3/15  loss=1.0245  swa_val=90.2%  93s
2026-03-19 18:36:33,063 [INFO]   SWA Ep  4/15  loss=1.0082  swa_val=90.3%  93s
2026-03-19 18:38:06,190 [INFO]   SWA Ep  5/15  loss=1.0489  swa_val=90.5%  93s
2026-03-19 18:39:39,344 [INFO]   SWA Ep  6/15  loss=1.0086  swa_val=90.5%  93s
2026-03-19 18:41:12,429 [INFO]   SWA Ep  7/15  loss=0.9981  swa_val=90.5%  93s
2026-03-19 18:42:45,542 [INFO]   SWA Ep  8/15  loss=1.0617  swa_val=90.5%  93s
2026-03-19 18:44:18,809 [INFO]   SWA Ep  9/15  loss=1.0268  swa_val=90.4%  93s
2026-03-19 18:45:51,929 [INFO]   SWA Ep 10/15  loss=1.0220  swa_val=90.4%  93s
2026-03-19 18:47:25,038 [INFO]   SWA Ep 11/15  loss=1.0595  swa_val=90.4%  93s
2026-03-19 18:48:58,191 [INFO]   SWA Ep 12/15  loss=1.0548  swa_val=90.5%  93s
2026-03-19 18:50:31,336 [INFO]   SWA Ep 13/15  loss=1.0463  swa_val=90.5%  93s
2026-03-19 18:52:04,438 [INFO]   SWA Ep 14/15  loss=1.0262  swa_val=90.5%  93s
2026-03-19 18:53:37,544 [INFO]   SWA Ep 15/15  loss=1.0581  swa_val=90.4%  93s
2026-03-19 18:53:37,544 [INFO]   Updating BN stats for SWA model …
2026-03-19 18:53:42,633 [INFO]   SWA final: 90.40% (regular best: 90.74%)
2026-03-19 18:53:42,634 [INFO]   Fold 1 best: 90.74%
2026-03-19 18:53:43,541 [INFO] ================================================================
2026-03-19 18:53:43,541 [INFO] FOLD 2 / 5
2026-03-19 18:53:43,541 [INFO] ================================================================
2026-03-19 18:53:43,543 [INFO]   Train: 11793 | Val: 2949
2026-03-19 18:53:43,751 [INFO] Loading pretrained weights from Hugging Face hub (timm/convnextv2_tiny.fcmae_ft_in22k_in1k)
2026-03-19 18:53:43,864 [INFO] HTTP Request: HEAD https://huggingface.co/timm/convnextv2_tiny.fcmae_ft_in22k_in1k/resolve/main/model.safetensors "HTTP/1.1 302 Found"
2026-03-19 18:53:43,865 [WARNING] Warning: You are sending unauthenticated requests to the HF Hub. Please set a HF_TOKEN to enable higher rate limits and faster downloads.
2026-03-19 18:53:43,866 [INFO] [timm/convnextv2_tiny.fcmae_ft_in22k_in1k] Safe alternative available for 'pytorch_model.bin' (as 'model.safetensors'). Loading weights using safetensors.
2026-03-19 18:53:43,883 [INFO] Missing keys (head.fc.weight, head.fc.bias) discovered while loading pretrained weights. This is expected if model is being adapted.
2026-03-19 18:53:44,001 [INFO]   Born-again ← best_fold1.pt (val 89.11%)
2026-03-19 18:53:44,001 [INFO] ── Stage 1: head warmup (5 ep) ──
2026-03-19 18:54:13,982 [INFO]   S1 Ep 1/5  loss=0.6775 acc=87.8%  val=82.7%  30s
2026-03-19 18:54:14,095 [INFO]   ★ best 82.67%
2026-03-19 18:54:41,952 [INFO]   S1 Ep 2/5  loss=0.6585 acc=89.0%  val=83.3%  28s
2026-03-19 18:54:42,082 [INFO]   ★ best 83.32%
2026-03-19 18:55:09,914 [INFO]   S1 Ep 3/5  loss=0.6418 acc=89.9%  val=84.1%  28s
2026-03-19 18:55:10,059 [INFO]   ★ best 84.06%
2026-03-19 18:55:37,986 [INFO]   S1 Ep 4/5  loss=0.6297 acc=90.3%  val=84.5%  28s
2026-03-19 18:55:38,128 [INFO]   ★ best 84.50%
2026-03-19 18:56:05,908 [INFO]   S1 Ep 5/5  loss=0.6217 acc=90.6%  val=84.3%  28s
2026-03-19 18:56:05,909 [INFO] ── Stage 2: full fine-tune (80 ep, patience 30) ──
2026-03-19 18:56:05,909 [INFO] LLRD: 12 groups, LR [9.49e-06 … 4.00e-05]
2026-03-19 18:57:39,046 [INFO]   S2 Ep   1/80  loss=1.1809 acc=67.7%  val=87.2%  lr=7.23e-06    93s
2026-03-19 18:57:39,192 [INFO]   ★ best 87.25%
2026-03-19 18:59:12,397 [INFO]   S2 Ep   2/80  loss=1.1144 acc=71.0%  val=88.1%  lr=2.08e-05    93s
2026-03-19 18:59:12,543 [INFO]   ★ best 88.13%
2026-03-19 19:00:45,725 [INFO]   S2 Ep   3/80  loss=1.1592 acc=69.1%  val=88.0%  lr=3.44e-05    93s
2026-03-19 19:02:19,022 [INFO]   S2 Ep   4/80  loss=1.1513 acc=69.3%  val=88.1%  lr=4.00e-05    93s
2026-03-19 19:03:52,208 [INFO]   S2 Ep   5/80  loss=1.1426 acc=69.2%  val=87.3%  lr=4.00e-05    93s
2026-03-19 19:05:25,488 [INFO]   S2 Ep   6/80  loss=1.1435 acc=69.1%  val=87.1%  lr=3.99e-05    93s
2026-03-19 19:06:59,061 [INFO]   S2 Ep   7/80  loss=1.1618 acc=68.6%  val=87.4%  lr=3.98e-05    94s
2026-03-19 19:08:32,714 [INFO]   S2 Ep   8/80  loss=1.1525 acc=68.7%  val=87.2%  lr=3.97e-05    94s
2026-03-19 19:10:06,368 [INFO]   S2 Ep   9/80  loss=1.1402 acc=69.1%  val=87.2%  lr=3.96e-05    94s
2026-03-19 19:11:40,079 [INFO]   S2 Ep  10/80  loss=1.1423 acc=69.3%  val=86.9%  lr=3.94e-05    94s
2026-03-19 19:13:13,726 [INFO]   S2 Ep  11/80  loss=1.1347 acc=69.5%  val=87.0%  lr=3.92e-05    94s
2026-03-19 19:14:47,324 [INFO]   S2 Ep  12/80  loss=1.1218 acc=70.4%  val=86.9%  lr=3.89e-05    94s
2026-03-19 19:16:21,101 [INFO]   S2 Ep  13/80  loss=1.1282 acc=69.8%  val=87.2%  lr=3.86e-05    94s
2026-03-19 19:17:54,475 [INFO]   S2 Ep  14/80  loss=1.1095 acc=70.7%  val=87.2%  lr=3.83e-05    93s
2026-03-19 19:19:27,677 [INFO]   S2 Ep  15/80  loss=1.1124 acc=70.3%  val=86.7%  lr=3.80e-05    93s
2026-03-19 19:21:00,862 [INFO]   S2 Ep  16/80  loss=1.1217 acc=70.0%  val=87.9%  lr=3.76e-05    93s
2026-03-19 19:22:33,991 [INFO]   S2 Ep  17/80  loss=1.1419 acc=68.8%  val=87.1%  lr=3.72e-05    93s
2026-03-19 19:24:07,189 [INFO]   S2 Ep  18/80  loss=1.1451 acc=68.9%  val=87.7%  lr=3.67e-05    93s
2026-03-19 19:25:40,325 [INFO]   S2 Ep  19/80  loss=1.0972 acc=71.4%  val=87.7%  lr=3.63e-05    93s
2026-03-19 19:27:13,467 [INFO]   S2 Ep  20/80  loss=1.0963 acc=71.6%  val=87.3%  lr=3.58e-05    93s
2026-03-19 19:28:46,718 [INFO]   S2 Ep  21/80  loss=1.1080 acc=70.7%  val=88.2%  lr=3.53e-05    93s
2026-03-19 19:28:46,858 [INFO]   ★ best 88.20%
2026-03-19 19:30:20,054 [INFO]   S2 Ep  22/80  loss=1.1208 acc=70.0%  val=87.8%  lr=3.47e-05    93s
2026-03-19 19:31:53,442 [INFO]   S2 Ep  23/80  loss=1.0898 acc=71.4%  val=88.2%  lr=3.41e-05    93s
2026-03-19 19:33:27,005 [INFO]   S2 Ep  24/80  loss=1.0906 acc=71.1%  val=88.6%  lr=3.35e-05    94s
2026-03-19 19:33:27,153 [INFO]   ★ best 88.61%
2026-03-19 19:35:00,752 [INFO]   S2 Ep  25/80  loss=1.0991 acc=70.8%  val=87.9%  lr=3.29e-05    94s
2026-03-19 19:36:34,360 [INFO]   S2 Ep  26/80  loss=1.0784 acc=71.6%  val=88.6%  lr=3.23e-05    94s
2026-03-19 19:36:34,511 [INFO]   ★ best 88.64%
2026-03-19 19:38:07,907 [INFO]   S2 Ep  27/80  loss=1.0969 acc=70.5%  val=88.5%  lr=3.16e-05    93s
2026-03-19 19:39:41,077 [INFO]   S2 Ep  28/80  loss=1.0666 acc=72.6%  val=88.3%  lr=3.09e-05    93s
2026-03-19 19:41:14,307 [INFO]   S2 Ep  29/80  loss=1.0803 acc=71.5%  val=87.9%  lr=3.02e-05    93s
2026-03-19 19:42:47,491 [INFO]   S2 Ep  30/80  loss=1.1034 acc=70.6%  val=88.8%  lr=2.95e-05    93s
2026-03-19 19:42:47,637 [INFO]   ★ best 88.81%
2026-03-19 19:44:20,841 [INFO]   S2 Ep  31/80  loss=1.0875 acc=71.4%  val=87.8%  lr=2.88e-05    93s
2026-03-19 19:45:54,011 [INFO]   S2 Ep  32/80  loss=1.0815 acc=71.8%  val=87.9%  lr=2.80e-05    93s
2026-03-19 19:47:27,174 [INFO]   S2 Ep  33/80  loss=1.0765 acc=71.9%  val=88.0%  lr=2.73e-05    93s
2026-03-19 19:49:00,387 [INFO]   S2 Ep  34/80  loss=1.0733 acc=71.9%  val=88.4%  lr=2.65e-05    93s
2026-03-19 19:50:33,680 [INFO]   S2 Ep  35/80  loss=1.0726 acc=71.9%  val=88.6%  lr=2.57e-05    93s
2026-03-19 19:52:06,881 [INFO]   S2 Ep  36/80  loss=1.0488 acc=72.9%  val=88.9%  lr=2.49e-05    93s
2026-03-19 19:52:07,025 [INFO]   ★ best 88.95%
2026-03-19 19:53:40,209 [INFO]   S2 Ep  37/80  loss=1.0763 acc=71.9%  val=88.3%  lr=2.41e-05    93s
2026-03-19 19:55:13,419 [INFO]   S2 Ep  38/80  loss=1.0526 acc=72.9%  val=88.6%  lr=2.33e-05    93s
2026-03-19 19:56:46,534 [INFO]   S2 Ep  39/80  loss=1.0476 acc=72.9%  val=88.5%  lr=2.25e-05    93s
2026-03-19 19:58:19,696 [INFO]   S2 Ep  40/80  loss=1.0524 acc=72.6%  val=88.7%  lr=2.17e-05    93s
2026-03-19 19:59:52,916 [INFO]   S2 Ep  41/80  loss=1.0471 acc=73.0%  val=88.7%  lr=2.08e-05    93s
2026-03-19 20:01:26,050 [INFO]   S2 Ep  42/80  loss=1.0347 acc=73.6%  val=88.5%  lr=2.00e-05    93s
2026-03-19 20:02:59,244 [INFO]   S2 Ep  43/80  loss=1.0636 acc=71.9%  val=88.4%  lr=1.92e-05    93s
2026-03-19 20:04:32,404 [INFO]   S2 Ep  44/80  loss=1.0519 acc=72.5%  val=88.1%  lr=1.83e-05    93s
2026-03-19 20:06:05,558 [INFO]   S2 Ep  45/80  loss=1.0408 acc=73.1%  val=89.0%  lr=1.75e-05    93s
2026-03-19 20:06:05,700 [INFO]   ★ best 89.01%
2026-03-19 20:07:38,822 [INFO]   S2 Ep  46/80  loss=1.0456 acc=72.8%  val=88.8%  lr=1.67e-05    93s
2026-03-19 20:09:11,989 [INFO]   S2 Ep  47/80  loss=1.0556 acc=72.6%  val=89.5%  lr=1.59e-05    93s
2026-03-19 20:09:12,145 [INFO]   ★ best 89.45%
2026-03-19 20:10:45,314 [INFO]   S2 Ep  48/80  loss=1.0284 acc=73.8%  val=88.8%  lr=1.51e-05    93s
2026-03-19 20:12:18,463 [INFO]   S2 Ep  49/80  loss=1.0488 acc=72.9%  val=89.1%  lr=1.43e-05    93s
2026-03-19 20:13:51,593 [INFO]   S2 Ep  50/80  loss=1.0482 acc=73.5%  val=89.3%  lr=1.35e-05    93s
2026-03-19 20:15:24,793 [INFO]   S2 Ep  51/80  loss=1.0247 acc=73.6%  val=89.5%  lr=1.27e-05    93s
2026-03-19 20:15:24,938 [INFO]   ★ best 89.49%
2026-03-19 20:16:58,101 [INFO]   S2 Ep  52/80  loss=1.0321 acc=73.6%  val=89.1%  lr=1.20e-05    93s
2026-03-19 20:18:31,254 [INFO]   S2 Ep  53/80  loss=1.0398 acc=73.0%  val=89.3%  lr=1.12e-05    93s
2026-03-19 20:20:04,489 [INFO]   S2 Ep  54/80  loss=1.0091 acc=74.5%  val=89.6%  lr=1.05e-05    93s
2026-03-19 20:20:04,633 [INFO]   ★ best 89.56%
2026-03-19 20:21:37,848 [INFO]   S2 Ep  55/80  loss=1.0503 acc=72.7%  val=89.1%  lr=9.76e-06    93s
2026-03-19 20:23:10,954 [INFO]   S2 Ep  56/80  loss=1.0189 acc=74.1%  val=89.3%  lr=9.06e-06    93s
2026-03-19 20:24:44,141 [INFO]   S2 Ep  57/80  loss=1.0351 acc=72.7%  val=89.6%  lr=8.38e-06    93s
2026-03-19 20:24:44,275 [INFO]   ★ best 89.59%
2026-03-19 20:26:17,566 [INFO]   S2 Ep  58/80  loss=1.0048 acc=74.7%  val=89.3%  lr=7.72e-06    93s
2026-03-19 20:27:50,784 [INFO]   S2 Ep  59/80  loss=1.0212 acc=73.6%  val=89.5%  lr=7.07e-06    93s
2026-03-19 20:29:23,970 [INFO]   S2 Ep  60/80  loss=1.0146 acc=73.8%  val=89.2%  lr=6.45e-06    93s
2026-03-19 20:30:57,172 [INFO]   S2 Ep  61/80  loss=1.0363 acc=73.2%  val=89.5%  lr=5.86e-06    93s
2026-03-19 20:32:30,345 [INFO]   S2 Ep  62/80  loss=1.0152 acc=73.7%  val=89.4%  lr=5.29e-06    93s
2026-03-19 20:34:03,478 [INFO]   S2 Ep  63/80  loss=1.0060 acc=74.8%  val=89.3%  lr=4.74e-06    93s
2026-03-19 20:35:36,720 [INFO]   S2 Ep  64/80  loss=1.0434 acc=72.5%  val=89.5%  lr=4.22e-06    93s
2026-03-19 20:37:10,006 [INFO]   S2 Ep  65/80  loss=1.0342 acc=73.0%  val=89.7%  lr=3.72e-06    93s
2026-03-19 20:37:10,150 [INFO]   ★ best 89.69%
2026-03-19 20:38:43,329 [INFO]   S2 Ep  66/80  loss=1.0329 acc=73.6%  val=89.7%  lr=3.26e-06    93s
2026-03-19 20:40:16,511 [INFO]   S2 Ep  67/80  loss=1.0439 acc=72.7%  val=89.7%  lr=2.82e-06    93s
2026-03-19 20:41:49,608 [INFO]   S2 Ep  68/80  loss=1.0359 acc=73.4%  val=89.6%  lr=2.41e-06    93s
2026-03-19 20:43:22,796 [INFO]   S2 Ep  69/80  loss=1.0224 acc=73.7%  val=89.8%  lr=2.03e-06    93s
2026-03-19 20:43:22,941 [INFO]   ★ best 89.76%
2026-03-19 20:44:56,134 [INFO]   S2 Ep  70/80  loss=1.0342 acc=73.5%  val=89.6%  lr=1.69e-06    93s
2026-03-19 20:46:29,354 [INFO]   S2 Ep  71/80  loss=1.0180 acc=73.8%  val=89.8%  lr=1.37e-06    93s
2026-03-19 20:46:29,495 [INFO]   ★ best 89.79%
2026-03-19 20:48:02,693 [INFO]   S2 Ep  72/80  loss=0.9981 acc=75.3%  val=89.7%  lr=1.08e-06    93s
2026-03-19 20:49:35,893 [INFO]   S2 Ep  73/80  loss=1.0054 acc=74.3%  val=89.7%  lr=8.33e-07    93s
2026-03-19 20:51:09,096 [INFO]   S2 Ep  74/80  loss=1.0271 acc=73.3%  val=89.9%  lr=6.13e-07    93s
2026-03-19 20:51:09,238 [INFO]   ★ best 89.86%
2026-03-19 20:52:42,454 [INFO]   S2 Ep  75/80  loss=1.0017 acc=74.8%  val=89.8%  lr=4.27e-07    93s
2026-03-19 20:54:15,654 [INFO]   S2 Ep  76/80  loss=1.0400 acc=73.3%  val=89.8%  lr=2.74e-07    93s
2026-03-19 20:55:48,904 [INFO]   S2 Ep  77/80  loss=1.0374 acc=73.1%  val=89.9%  lr=1.55e-07    93s
2026-03-19 20:57:22,094 [INFO]   S2 Ep  78/80  loss=1.0301 acc=72.8%  val=89.8%  lr=6.98e-08    93s
2026-03-19 20:58:55,271 [INFO]   S2 Ep  79/80  loss=1.0007 acc=74.1%  val=89.8%  lr=1.86e-08    93s
2026-03-19 21:00:28,451 [INFO]   S2 Ep  80/80  loss=1.0197 acc=73.9%  val=89.8%  lr=1.60e-09    93s
2026-03-19 21:00:28,452 [INFO] ── Stage 3: SWA (15 ep, lr=4.0e-06) ──
2026-03-19 21:02:01,696 [INFO]   SWA Ep  1/15  loss=1.0192  swa_val=89.8%  93s
2026-03-19 21:03:34,823 [INFO]   SWA Ep  2/15  loss=1.0257  swa_val=89.7%  93s
2026-03-19 21:05:07,992 [INFO]   SWA Ep  3/15  loss=1.0254  swa_val=89.7%  93s
2026-03-19 21:06:41,095 [INFO]   SWA Ep  4/15  loss=1.0332  swa_val=89.8%  93s
2026-03-19 21:08:14,134 [INFO]   SWA Ep  5/15  loss=1.0344  swa_val=89.7%  93s
2026-03-19 21:09:47,200 [INFO]   SWA Ep  6/15  loss=1.0341  swa_val=89.7%  93s
2026-03-19 21:11:20,281 [INFO]   SWA Ep  7/15  loss=1.0253  swa_val=89.7%  93s
2026-03-19 21:12:53,369 [INFO]   SWA Ep  8/15  loss=1.0296  swa_val=89.7%  93s
2026-03-19 21:14:26,409 [INFO]   SWA Ep  9/15  loss=0.9998  swa_val=89.6%  93s
2026-03-19 21:15:59,625 [INFO]   SWA Ep 10/15  loss=1.0102  swa_val=89.6%  93s
2026-03-19 21:17:32,700 [INFO]   SWA Ep 11/15  loss=1.0387  swa_val=89.7%  93s
2026-03-19 21:19:05,779 [INFO]   SWA Ep 12/15  loss=1.0125  swa_val=89.8%  93s
2026-03-19 21:20:38,880 [INFO]   SWA Ep 13/15  loss=1.0291  swa_val=89.7%  93s
2026-03-19 21:22:12,070 [INFO]   SWA Ep 14/15  loss=1.0347  swa_val=89.7%  93s
2026-03-19 21:23:45,167 [INFO]   SWA Ep 15/15  loss=1.0225  swa_val=89.8%  93s
2026-03-19 21:23:45,167 [INFO]   Updating BN stats for SWA model …
2026-03-19 21:23:50,274 [INFO]   SWA final: 89.76% (regular best: 89.86%)
2026-03-19 21:23:50,274 [INFO]   Fold 2 best: 89.86%
2026-03-19 21:23:51,174 [INFO] ================================================================
2026-03-19 21:23:51,174 [INFO] FOLD 3 / 5
2026-03-19 21:23:51,174 [INFO] ================================================================
2026-03-19 21:23:51,176 [INFO]   Train: 11794 | Val: 2948
2026-03-19 21:23:51,374 [INFO] Loading pretrained weights from Hugging Face hub (timm/convnextv2_tiny.fcmae_ft_in22k_in1k)
2026-03-19 21:23:51,509 [INFO] HTTP Request: HEAD https://huggingface.co/timm/convnextv2_tiny.fcmae_ft_in22k_in1k/resolve/main/model.safetensors "HTTP/1.1 302 Found"
2026-03-19 21:23:51,511 [INFO] [timm/convnextv2_tiny.fcmae_ft_in22k_in1k] Safe alternative available for 'pytorch_model.bin' (as 'model.safetensors'). Loading weights using safetensors.
2026-03-19 21:23:51,527 [INFO] Missing keys (head.fc.weight, head.fc.bias) discovered while loading pretrained weights. This is expected if model is being adapted.
2026-03-19 21:23:51,627 [INFO]   Born-again ← best_fold2.pt (val 90.33%)
2026-03-19 21:23:51,628 [INFO] ── Stage 1: head warmup (5 ep) ──
2026-03-19 21:24:26,908 [INFO]   S1 Ep 1/5  loss=0.6797 acc=87.4%  val=82.6%  35s
2026-03-19 21:24:27,020 [INFO]   ★ best 82.60%
2026-03-19 21:24:55,057 [INFO]   S1 Ep 2/5  loss=0.6574 acc=89.2%  val=83.6%  28s
2026-03-19 21:24:55,203 [INFO]   ★ best 83.58%
2026-03-19 21:25:23,111 [INFO]   S1 Ep 3/5  loss=0.6373 acc=90.0%  val=83.8%  28s
2026-03-19 21:25:23,258 [INFO]   ★ best 83.75%
2026-03-19 21:25:50,986 [INFO]   S1 Ep 4/5  loss=0.6199 acc=90.8%  val=84.2%  28s
2026-03-19 21:25:51,131 [INFO]   ★ best 84.23%
2026-03-19 21:26:18,926 [INFO]   S1 Ep 5/5  loss=0.6155 acc=90.5%  val=84.3%  28s
2026-03-19 21:26:19,080 [INFO]   ★ best 84.29%
2026-03-19 21:26:19,080 [INFO] ── Stage 2: full fine-tune (80 ep, patience 30) ──
2026-03-19 21:26:19,081 [INFO] LLRD: 12 groups, LR [9.49e-06 … 4.00e-05]
2026-03-19 21:27:52,489 [INFO]   S2 Ep   1/80  loss=1.2061 acc=66.7%  val=88.3%  lr=7.23e-06    93s
2026-03-19 21:27:52,637 [INFO]   ★ best 88.26%
2026-03-19 21:29:25,995 [INFO]   S2 Ep   2/80  loss=1.1893 acc=67.4%  val=88.3%  lr=2.08e-05    93s
2026-03-19 21:29:26,145 [INFO]   ★ best 88.30%
2026-03-19 21:30:59,476 [INFO]   S2 Ep   3/80  loss=1.1553 acc=68.7%  val=88.2%  lr=3.44e-05    93s
2026-03-19 21:32:32,899 [INFO]   S2 Ep   4/80  loss=1.1753 acc=67.7%  val=87.8%  lr=4.00e-05    93s
2026-03-19 21:34:06,316 [INFO]   S2 Ep   5/80  loss=1.1503 acc=69.1%  val=88.5%  lr=4.00e-05    93s
2026-03-19 21:34:06,472 [INFO]   ★ best 88.50%
2026-03-19 21:35:39,847 [INFO]   S2 Ep   6/80  loss=1.1381 acc=69.1%  val=88.1%  lr=3.99e-05    93s
2026-03-19 21:37:13,237 [INFO]   S2 Ep   7/80  loss=1.1497 acc=68.6%  val=88.5%  lr=3.98e-05    93s
2026-03-19 21:38:46,628 [INFO]   S2 Ep   8/80  loss=1.1490 acc=68.7%  val=87.8%  lr=3.97e-05    93s
2026-03-19 21:40:19,987 [INFO]   S2 Ep   9/80  loss=1.1375 acc=69.4%  val=88.5%  lr=3.96e-05    93s
2026-03-19 21:40:20,139 [INFO]   ★ best 88.53%
2026-03-19 21:41:53,523 [INFO]   S2 Ep  10/80  loss=1.1092 acc=70.9%  val=87.9%  lr=3.94e-05    93s
2026-03-19 21:43:26,899 [INFO]   S2 Ep  11/80  loss=1.1138 acc=70.3%  val=89.1%  lr=3.92e-05    93s
2026-03-19 21:43:27,040 [INFO]   ★ best 89.08%
2026-03-19 21:45:00,380 [INFO]   S2 Ep  12/80  loss=1.1249 acc=70.0%  val=88.5%  lr=3.89e-05    93s
2026-03-19 21:46:33,786 [INFO]   S2 Ep  13/80  loss=1.1137 acc=70.3%  val=88.4%  lr=3.86e-05    93s
2026-03-19 21:48:07,161 [INFO]   S2 Ep  14/80  loss=1.1211 acc=69.5%  val=88.8%  lr=3.83e-05    93s
2026-03-19 21:49:40,537 [INFO]   S2 Ep  15/80  loss=1.1039 acc=70.5%  val=88.5%  lr=3.80e-05    93s
2026-03-19 21:51:13,887 [INFO]   S2 Ep  16/80  loss=1.1232 acc=69.7%  val=88.4%  lr=3.76e-05    93s
2026-03-19 21:52:47,234 [INFO]   S2 Ep  17/80  loss=1.1148 acc=70.2%  val=88.6%  lr=3.72e-05    93s
2026-03-19 21:54:20,573 [INFO]   S2 Ep  18/80  loss=1.1104 acc=70.6%  val=88.9%  lr=3.67e-05    93s
2026-03-19 21:55:53,960 [INFO]   S2 Ep  19/80  loss=1.1034 acc=70.6%  val=88.4%  lr=3.63e-05    93s
2026-03-19 21:57:27,261 [INFO]   S2 Ep  20/80  loss=1.1223 acc=70.2%  val=88.9%  lr=3.58e-05    93s
2026-03-19 21:59:00,713 [INFO]   S2 Ep  21/80  loss=1.1198 acc=70.0%  val=88.1%  lr=3.53e-05    93s
2026-03-19 22:00:34,070 [INFO]   S2 Ep  22/80  loss=1.0729 acc=71.9%  val=88.7%  lr=3.47e-05    93s
2026-03-19 22:02:07,433 [INFO]   S2 Ep  23/80  loss=1.0987 acc=71.2%  val=88.1%  lr=3.41e-05    93s
2026-03-19 22:03:40,854 [INFO]   S2 Ep  24/80  loss=1.0960 acc=70.7%  val=88.6%  lr=3.35e-05    93s
2026-03-19 22:05:14,207 [INFO]   S2 Ep  25/80  loss=1.0722 acc=72.2%  val=88.4%  lr=3.29e-05    93s
2026-03-19 22:06:47,596 [INFO]   S2 Ep  26/80  loss=1.0813 acc=71.8%  val=88.5%  lr=3.23e-05    93s
2026-03-19 22:08:21,058 [INFO]   S2 Ep  27/80  loss=1.1115 acc=70.3%  val=89.1%  lr=3.16e-05    93s
2026-03-19 22:08:21,200 [INFO]   ★ best 89.15%
2026-03-19 22:09:54,645 [INFO]   S2 Ep  28/80  loss=1.0788 acc=72.1%  val=89.0%  lr=3.09e-05    93s
2026-03-19 22:11:27,992 [INFO]   S2 Ep  29/80  loss=1.0887 acc=71.2%  val=89.1%  lr=3.02e-05    93s
2026-03-19 22:13:01,411 [INFO]   S2 Ep  30/80  loss=1.0698 acc=72.2%  val=88.9%  lr=2.95e-05    93s
2026-03-19 22:14:34,822 [INFO]   S2 Ep  31/80  loss=1.0864 acc=70.9%  val=89.2%  lr=2.88e-05    93s
2026-03-19 22:14:34,971 [INFO]   ★ best 89.21%
2026-03-19 22:16:08,352 [INFO]   S2 Ep  32/80  loss=1.0817 acc=71.1%  val=88.7%  lr=2.80e-05    93s
2026-03-19 22:17:41,723 [INFO]   S2 Ep  33/80  loss=1.0758 acc=71.2%  val=89.3%  lr=2.73e-05    93s
2026-03-19 22:17:41,869 [INFO]   ★ best 89.31%
2026-03-19 22:19:15,241 [INFO]   S2 Ep  34/80  loss=1.0641 acc=72.3%  val=89.1%  lr=2.65e-05    93s
2026-03-19 22:20:48,657 [INFO]   S2 Ep  35/80  loss=1.0462 acc=72.8%  val=89.6%  lr=2.57e-05    93s
2026-03-19 22:20:48,807 [INFO]   ★ best 89.55%
2026-03-19 22:22:22,147 [INFO]   S2 Ep  36/80  loss=1.0784 acc=71.6%  val=89.1%  lr=2.49e-05    93s
2026-03-19 22:23:55,546 [INFO]   S2 Ep  37/80  loss=1.0639 acc=72.1%  val=89.2%  lr=2.41e-05    93s
2026-03-19 22:25:28,920 [INFO]   S2 Ep  38/80  loss=1.0617 acc=72.2%  val=89.6%  lr=2.33e-05    93s
2026-03-19 22:25:29,067 [INFO]   ★ best 89.59%
2026-03-19 22:27:02,472 [INFO]   S2 Ep  39/80  loss=1.0648 acc=72.4%  val=89.8%  lr=2.25e-05    93s
2026-03-19 22:27:02,619 [INFO]   ★ best 89.76%
2026-03-19 22:28:36,043 [INFO]   S2 Ep  40/80  loss=1.0605 acc=72.3%  val=89.3%  lr=2.17e-05    93s
2026-03-19 22:30:09,434 [INFO]   S2 Ep  41/80  loss=1.0753 acc=71.6%  val=89.7%  lr=2.08e-05    93s
2026-03-19 22:31:42,841 [INFO]   S2 Ep  42/80  loss=1.0877 acc=71.1%  val=89.5%  lr=2.00e-05    93s
2026-03-19 22:33:16,256 [INFO]   S2 Ep  43/80  loss=1.0480 acc=73.0%  val=89.6%  lr=1.92e-05    93s
2026-03-19 22:34:49,569 [INFO]   S2 Ep  44/80  loss=1.0507 acc=72.3%  val=89.6%  lr=1.83e-05    93s
2026-03-19 22:36:22,935 [INFO]   S2 Ep  45/80  loss=1.0516 acc=72.6%  val=89.3%  lr=1.75e-05    93s
2026-03-19 22:37:56,317 [INFO]   S2 Ep  46/80  loss=1.0405 acc=72.9%  val=90.0%  lr=1.67e-05    93s
2026-03-19 22:37:56,465 [INFO]   ★ best 90.03%
2026-03-19 22:39:29,892 [INFO]   S2 Ep  47/80  loss=1.0611 acc=71.9%  val=89.7%  lr=1.59e-05    93s
2026-03-19 22:41:03,348 [INFO]   S2 Ep  48/80  loss=1.0363 acc=73.1%  val=90.0%  lr=1.51e-05    93s
2026-03-19 22:42:36,745 [INFO]   S2 Ep  49/80  loss=1.0278 acc=73.5%  val=90.1%  lr=1.43e-05    93s
2026-03-19 22:42:36,898 [INFO]   ★ best 90.13%
2026-03-19 22:44:10,323 [INFO]   S2 Ep  50/80  loss=1.0305 acc=73.7%  val=89.7%  lr=1.35e-05    93s
2026-03-19 22:45:43,634 [INFO]   S2 Ep  51/80  loss=1.0166 acc=74.4%  val=89.9%  lr=1.27e-05    93s
2026-03-19 22:47:17,003 [INFO]   S2 Ep  52/80  loss=1.0352 acc=73.4%  val=89.9%  lr=1.20e-05    93s
2026-03-19 22:48:50,363 [INFO]   S2 Ep  53/80  loss=1.0523 acc=72.3%  val=90.2%  lr=1.12e-05    93s
2026-03-19 22:48:50,512 [INFO]   ★ best 90.16%
2026-03-19 22:50:24,089 [INFO]   S2 Ep  54/80  loss=1.0751 acc=71.7%  val=90.0%  lr=1.05e-05    94s
2026-03-19 22:51:57,425 [INFO]   S2 Ep  55/80  loss=1.0318 acc=73.3%  val=90.2%  lr=9.76e-06    93s
2026-03-19 22:53:30,861 [INFO]   S2 Ep  56/80  loss=1.0739 acc=71.5%  val=90.1%  lr=9.06e-06    93s
2026-03-19 22:55:04,195 [INFO]   S2 Ep  57/80  loss=1.0658 acc=72.0%  val=90.0%  lr=8.38e-06    93s
2026-03-19 22:56:37,502 [INFO]   S2 Ep  58/80  loss=1.0243 acc=74.0%  val=89.8%  lr=7.72e-06    93s
2026-03-19 22:58:10,874 [INFO]   S2 Ep  59/80  loss=1.0127 acc=74.5%  val=90.4%  lr=7.07e-06    93s
2026-03-19 22:58:11,033 [INFO]   ★ best 90.43%
2026-03-19 22:59:44,464 [INFO]   S2 Ep  60/80  loss=1.0143 acc=74.6%  val=90.2%  lr=6.45e-06    93s
2026-03-19 23:01:17,900 [INFO]   S2 Ep  61/80  loss=1.0497 acc=72.4%  val=90.2%  lr=5.86e-06    93s
2026-03-19 23:02:51,312 [INFO]   S2 Ep  62/80  loss=1.0354 acc=73.3%  val=90.1%  lr=5.29e-06    93s
2026-03-19 23:04:24,658 [INFO]   S2 Ep  63/80  loss=1.0301 acc=73.3%  val=90.2%  lr=4.74e-06    93s
2026-03-19 23:05:58,106 [INFO]   S2 Ep  64/80  loss=1.0299 acc=73.3%  val=90.3%  lr=4.22e-06    93s
2026-03-19 23:07:31,469 [INFO]   S2 Ep  65/80  loss=1.0235 acc=73.6%  val=90.3%  lr=3.72e-06    93s
2026-03-19 23:09:04,903 [INFO]   S2 Ep  66/80  loss=1.0501 acc=72.4%  val=90.3%  lr=3.26e-06    93s
2026-03-19 23:10:38,273 [INFO]   S2 Ep  67/80  loss=1.0445 acc=72.7%  val=90.3%  lr=2.82e-06    93s
2026-03-19 23:12:11,681 [INFO]   S2 Ep  68/80  loss=1.0091 acc=74.5%  val=90.3%  lr=2.41e-06    93s
2026-03-19 23:13:45,067 [INFO]   S2 Ep  69/80  loss=1.0195 acc=74.3%  val=90.2%  lr=2.03e-06    93s
2026-03-19 23:15:18,426 [INFO]   S2 Ep  70/80  loss=1.0155 acc=73.8%  val=90.4%  lr=1.69e-06    93s
2026-03-19 23:16:51,867 [INFO]   S2 Ep  71/80  loss=1.0141 acc=73.9%  val=90.4%  lr=1.37e-06    93s
2026-03-19 23:18:25,264 [INFO]   S2 Ep  72/80  loss=1.0185 acc=74.1%  val=90.4%  lr=1.08e-06    93s
2026-03-19 23:19:58,617 [INFO]   S2 Ep  73/80  loss=1.0436 acc=72.4%  val=90.6%  lr=8.33e-07    93s
2026-03-19 23:19:58,757 [INFO]   ★ best 90.60%
2026-03-19 23:21:32,132 [INFO]   S2 Ep  74/80  loss=1.0369 acc=73.0%  val=90.4%  lr=6.13e-07    93s
2026-03-19 23:23:05,517 [INFO]   S2 Ep  75/80  loss=1.0216 acc=73.8%  val=90.5%  lr=4.27e-07    93s
2026-03-19 23:24:38,923 [INFO]   S2 Ep  76/80  loss=1.0366 acc=72.9%  val=90.5%  lr=2.74e-07    93s
2026-03-19 23:26:12,282 [INFO]   S2 Ep  77/80  loss=1.0134 acc=74.1%  val=90.4%  lr=1.55e-07    93s
2026-03-19 23:27:45,693 [INFO]   S2 Ep  78/80  loss=1.0282 acc=73.6%  val=90.5%  lr=6.98e-08    93s
2026-03-19 23:29:19,126 [INFO]   S2 Ep  79/80  loss=1.0278 acc=72.9%  val=90.5%  lr=1.86e-08    93s
2026-03-19 23:30:52,547 [INFO]   S2 Ep  80/80  loss=0.9940 acc=75.4%  val=90.5%  lr=1.60e-09    93s
2026-03-19 23:30:52,548 [INFO] ── Stage 3: SWA (15 ep, lr=4.0e-06) ──
2026-03-19 23:32:25,939 [INFO]   SWA Ep  1/15  loss=1.0332  swa_val=90.3%  93s
2026-03-19 23:33:59,265 [INFO]   SWA Ep  2/15  loss=1.0016  swa_val=90.5%  93s
2026-03-19 23:35:32,626 [INFO]   SWA Ep  3/15  loss=0.9969  swa_val=90.5%  93s
2026-03-19 23:37:05,950 [INFO]   SWA Ep  4/15  loss=1.0384  swa_val=90.5%  93s
2026-03-19 23:38:39,348 [INFO]   SWA Ep  5/15  loss=1.0274  swa_val=90.6%  93s
2026-03-19 23:40:12,631 [INFO]   SWA Ep  6/15  loss=1.0283  swa_val=90.5%  93s
2026-03-19 23:41:45,935 [INFO]   SWA Ep  7/15  loss=1.0239  swa_val=90.5%  93s
2026-03-19 23:43:19,278 [INFO]   SWA Ep  8/15  loss=1.0383  swa_val=90.5%  93s
2026-03-19 23:44:52,667 [INFO]   SWA Ep  9/15  loss=1.0334  swa_val=90.6%  93s
2026-03-19 23:46:25,992 [INFO]   SWA Ep 10/15  loss=1.0133  swa_val=90.5%  93s
2026-03-19 23:47:59,277 [INFO]   SWA Ep 11/15  loss=1.0239  swa_val=90.5%  93s
2026-03-19 23:49:32,594 [INFO]   SWA Ep 12/15  loss=1.0463  swa_val=90.5%  93s
2026-03-19 23:51:05,843 [INFO]   SWA Ep 13/15  loss=1.0228  swa_val=90.5%  93s
2026-03-19 23:52:39,207 [INFO]   SWA Ep 14/15  loss=1.0341  swa_val=90.5%  93s
2026-03-19 23:54:12,476 [INFO]   SWA Ep 15/15  loss=1.0113  swa_val=90.6%  93s
2026-03-19 23:54:12,476 [INFO]   Updating BN stats for SWA model …
2026-03-19 23:54:17,655 [INFO]   SWA final: 90.57% (regular best: 90.60%)
2026-03-19 23:54:17,655 [INFO]   Fold 3 best: 90.60%
2026-03-19 23:54:18,598 [INFO] ================================================================
2026-03-19 23:54:18,598 [INFO] FOLD 4 / 5
2026-03-19 23:54:18,598 [INFO] ================================================================
2026-03-19 23:54:18,600 [INFO]   Train: 11794 | Val: 2948
2026-03-19 23:54:18,800 [INFO] Loading pretrained weights from Hugging Face hub (timm/convnextv2_tiny.fcmae_ft_in22k_in1k)
2026-03-19 23:54:18,975 [INFO] HTTP Request: HEAD https://huggingface.co/timm/convnextv2_tiny.fcmae_ft_in22k_in1k/resolve/main/model.safetensors "HTTP/1.1 302 Found"
2026-03-19 23:54:18,976 [INFO] [timm/convnextv2_tiny.fcmae_ft_in22k_in1k] Safe alternative available for 'pytorch_model.bin' (as 'model.safetensors'). Loading weights using safetensors.
2026-03-19 23:54:18,992 [INFO] Missing keys (head.fc.weight, head.fc.bias) discovered while loading pretrained weights. This is expected if model is being adapted.
2026-03-19 23:54:19,089 [INFO]   Born-again ← best_fold3.pt (val 90.54%)
2026-03-19 23:54:19,090 [INFO] ── Stage 1: head warmup (5 ep) ──
2026-03-19 23:54:49,298 [INFO]   S1 Ep 1/5  loss=0.6710 acc=87.8%  val=83.1%  30s
2026-03-19 23:54:49,416 [INFO]   ★ best 83.14%
2026-03-19 23:55:17,329 [INFO]   S1 Ep 2/5  loss=0.6456 acc=89.9%  val=84.3%  28s
2026-03-19 23:55:17,469 [INFO]   ★ best 84.33%
2026-03-19 23:55:45,622 [INFO]   S1 Ep 3/5  loss=0.6429 acc=89.8%  val=84.4%  28s
2026-03-19 23:55:45,772 [INFO]   ★ best 84.36%
2026-03-19 23:56:13,918 [INFO]   S1 Ep 4/5  loss=0.6283 acc=90.2%  val=84.6%  28s
2026-03-19 23:56:14,090 [INFO]   ★ best 84.60%
2026-03-19 23:56:42,205 [INFO]   S1 Ep 5/5  loss=0.6120 acc=90.7%  val=84.7%  28s
2026-03-19 23:56:42,357 [INFO]   ★ best 84.70%
2026-03-19 23:56:42,358 [INFO] ── Stage 2: full fine-tune (80 ep, patience 30) ──
2026-03-19 23:56:42,358 [INFO] LLRD: 12 groups, LR [9.49e-06 … 4.00e-05]
2026-03-19 23:58:15,874 [INFO]   S2 Ep   1/80  loss=1.2005 acc=66.8%  val=88.5%  lr=7.23e-06    94s
2026-03-19 23:58:16,045 [INFO]   ★ best 88.50%
2026-03-19 23:59:49,594 [INFO]   S2 Ep   2/80  loss=1.1893 acc=67.3%  val=88.8%  lr=2.08e-05    94s
2026-03-19 23:59:49,757 [INFO]   ★ best 88.81%
2026-03-20 00:01:23,311 [INFO]   S2 Ep   3/80  loss=1.1687 acc=68.2%  val=88.2%  lr=3.44e-05    94s
2026-03-20 00:02:56,833 [INFO]   S2 Ep   4/80  loss=1.1298 acc=69.8%  val=86.6%  lr=4.00e-05    94s
2026-03-20 00:04:30,357 [INFO]   S2 Ep   5/80  loss=1.1460 acc=69.3%  val=88.4%  lr=4.00e-05    94s
2026-03-20 00:06:03,912 [INFO]   S2 Ep   6/80  loss=1.1722 acc=67.8%  val=88.4%  lr=3.99e-05    94s
2026-03-20 00:07:37,363 [INFO]   S2 Ep   7/80  loss=1.1330 acc=69.5%  val=88.1%  lr=3.98e-05    93s
2026-03-20 00:09:10,892 [INFO]   S2 Ep   8/80  loss=1.1187 acc=70.2%  val=88.8%  lr=3.97e-05    94s
2026-03-20 00:09:11,050 [INFO]   ★ best 88.84%
2026-03-20 00:10:44,624 [INFO]   S2 Ep   9/80  loss=1.1211 acc=70.2%  val=87.9%  lr=3.96e-05    94s
2026-03-20 00:12:18,119 [INFO]   S2 Ep  10/80  loss=1.0978 acc=70.5%  val=88.0%  lr=3.94e-05    93s
2026-03-20 00:13:51,604 [INFO]   S2 Ep  11/80  loss=1.1072 acc=70.6%  val=88.6%  lr=3.92e-05    93s
2026-03-20 00:15:25,114 [INFO]   S2 Ep  12/80  loss=1.1159 acc=70.0%  val=88.3%  lr=3.89e-05    94s
2026-03-20 00:16:58,602 [INFO]   S2 Ep  13/80  loss=1.1125 acc=70.4%  val=88.0%  lr=3.86e-05    93s
2026-03-20 00:18:32,094 [INFO]   S2 Ep  14/80  loss=1.1082 acc=70.5%  val=88.6%  lr=3.83e-05    93s
2026-03-20 00:20:05,579 [INFO]   S2 Ep  15/80  loss=1.1252 acc=70.1%  val=88.3%  lr=3.80e-05    93s
2026-03-20 00:21:39,113 [INFO]   S2 Ep  16/80  loss=1.1254 acc=69.7%  val=88.6%  lr=3.76e-05    94s
2026-03-20 00:23:12,622 [INFO]   S2 Ep  17/80  loss=1.1055 acc=70.6%  val=88.6%  lr=3.72e-05    94s
2026-03-20 00:24:46,154 [INFO]   S2 Ep  18/80  loss=1.0855 acc=71.1%  val=88.3%  lr=3.67e-05    94s
2026-03-20 00:26:19,682 [INFO]   S2 Ep  19/80  loss=1.0852 acc=71.7%  val=88.6%  lr=3.63e-05    94s
2026-03-20 00:27:53,256 [INFO]   S2 Ep  20/80  loss=1.0644 acc=72.5%  val=89.0%  lr=3.58e-05    94s
2026-03-20 00:27:53,410 [INFO]   ★ best 89.04%
2026-03-20 00:29:26,926 [INFO]   S2 Ep  21/80  loss=1.0948 acc=71.3%  val=89.1%  lr=3.53e-05    94s
2026-03-20 00:29:27,077 [INFO]   ★ best 89.08%
2026-03-20 00:31:00,554 [INFO]   S2 Ep  22/80  loss=1.1017 acc=70.9%  val=88.6%  lr=3.47e-05    93s
2026-03-20 00:32:34,085 [INFO]   S2 Ep  23/80  loss=1.0896 acc=71.1%  val=88.8%  lr=3.41e-05    94s
2026-03-20 00:34:07,593 [INFO]   S2 Ep  24/80  loss=1.0843 acc=71.2%  val=89.4%  lr=3.35e-05    94s
2026-03-20 00:34:07,744 [INFO]   ★ best 89.38%
2026-03-20 00:35:41,247 [INFO]   S2 Ep  25/80  loss=1.0947 acc=71.1%  val=88.1%  lr=3.29e-05    94s
2026-03-20 00:37:14,811 [INFO]   S2 Ep  26/80  loss=1.0987 acc=71.1%  val=88.7%  lr=3.23e-05    94s
2026-03-20 00:38:48,329 [INFO]   S2 Ep  27/80  loss=1.0733 acc=72.2%  val=89.4%  lr=3.16e-05    94s
2026-03-20 00:40:21,802 [INFO]   S2 Ep  28/80  loss=1.1051 acc=70.1%  val=89.1%  lr=3.09e-05    93s
2026-03-20 00:41:55,354 [INFO]   S2 Ep  29/80  loss=1.0833 acc=71.5%  val=89.2%  lr=3.02e-05    94s
2026-03-20 00:43:28,852 [INFO]   S2 Ep  30/80  loss=1.0967 acc=71.1%  val=88.6%  lr=2.95e-05    93s
2026-03-20 00:45:02,414 [INFO]   S2 Ep  31/80  loss=1.0905 acc=71.0%  val=89.4%  lr=2.88e-05    94s
2026-03-20 00:45:02,572 [INFO]   ★ best 89.42%
2026-03-20 00:46:36,097 [INFO]   S2 Ep  32/80  loss=1.0968 acc=70.4%  val=88.9%  lr=2.80e-05    94s
2026-03-20 00:48:09,629 [INFO]   S2 Ep  33/80  loss=1.0877 acc=71.1%  val=88.9%  lr=2.73e-05    94s
2026-03-20 00:49:43,132 [INFO]   S2 Ep  34/80  loss=1.0592 acc=72.3%  val=89.2%  lr=2.65e-05    94s
2026-03-20 00:51:16,555 [INFO]   S2 Ep  35/80  loss=1.0630 acc=72.6%  val=89.3%  lr=2.57e-05    93s
2026-03-20 00:52:50,121 [INFO]   S2 Ep  36/80  loss=1.0560 acc=72.3%  val=89.2%  lr=2.49e-05    94s
2026-03-20 00:54:23,606 [INFO]   S2 Ep  37/80  loss=1.0479 acc=72.7%  val=89.4%  lr=2.41e-05    93s
2026-03-20 00:55:57,049 [INFO]   S2 Ep  38/80  loss=1.0321 acc=73.4%  val=89.4%  lr=2.33e-05    93s
2026-03-20 00:57:30,580 [INFO]   S2 Ep  39/80  loss=1.0849 acc=71.6%  val=89.0%  lr=2.25e-05    94s
2026-03-20 00:59:04,075 [INFO]   S2 Ep  40/80  loss=1.0396 acc=73.3%  val=88.7%  lr=2.17e-05    93s
2026-03-20 01:00:37,650 [INFO]   S2 Ep  41/80  loss=1.0939 acc=70.5%  val=88.5%  lr=2.08e-05    94s
2026-03-20 01:02:11,107 [INFO]   S2 Ep  42/80  loss=1.0894 acc=70.8%  val=89.2%  lr=2.00e-05    93s
2026-03-20 01:03:44,664 [INFO]   S2 Ep  43/80  loss=1.0363 acc=73.7%  val=88.7%  lr=1.92e-05    94s
2026-03-20 01:05:18,231 [INFO]   S2 Ep  44/80  loss=1.0556 acc=72.3%  val=89.1%  lr=1.83e-05    94s
2026-03-20 01:06:51,759 [INFO]   S2 Ep  45/80  loss=1.0440 acc=72.6%  val=88.9%  lr=1.75e-05    94s
2026-03-20 01:08:25,341 [INFO]   S2 Ep  46/80  loss=1.0184 acc=73.9%  val=89.4%  lr=1.67e-05    94s
2026-03-20 01:09:58,877 [INFO]   S2 Ep  47/80  loss=1.0271 acc=73.7%  val=89.6%  lr=1.59e-05    94s
2026-03-20 01:09:59,026 [INFO]   ★ best 89.59%
2026-03-20 01:11:32,527 [INFO]   S2 Ep  48/80  loss=1.0806 acc=71.3%  val=89.8%  lr=1.51e-05    94s
2026-03-20 01:11:32,679 [INFO]   ★ best 89.76%
2026-03-20 01:13:06,173 [INFO]   S2 Ep  49/80  loss=1.0310 acc=73.5%  val=89.2%  lr=1.43e-05    93s
2026-03-20 01:14:39,691 [INFO]   S2 Ep  50/80  loss=1.0382 acc=73.3%  val=89.4%  lr=1.35e-05    94s
2026-03-20 01:16:13,182 [INFO]   S2 Ep  51/80  loss=1.0634 acc=71.9%  val=89.2%  lr=1.27e-05    93s
2026-03-20 01:17:46,782 [INFO]   S2 Ep  52/80  loss=1.0629 acc=72.0%  val=90.0%  lr=1.20e-05    94s
2026-03-20 01:17:46,928 [INFO]   ★ best 89.99%
2026-03-20 01:19:20,463 [INFO]   S2 Ep  53/80  loss=1.0471 acc=72.7%  val=89.9%  lr=1.12e-05    94s
2026-03-20 01:20:53,912 [INFO]   S2 Ep  54/80  loss=1.0548 acc=72.1%  val=90.2%  lr=1.05e-05    93s
2026-03-20 01:20:54,069 [INFO]   ★ best 90.16%
2026-03-20 01:22:27,579 [INFO]   S2 Ep  55/80  loss=1.0266 acc=73.4%  val=90.1%  lr=9.76e-06    94s
2026-03-20 01:24:01,105 [INFO]   S2 Ep  56/80  loss=1.0235 acc=73.8%  val=90.0%  lr=9.06e-06    94s
2026-03-20 01:25:34,606 [INFO]   S2 Ep  57/80  loss=1.0126 acc=74.2%  val=89.8%  lr=8.38e-06    94s
2026-03-20 01:27:08,180 [INFO]   S2 Ep  58/80  loss=0.9926 acc=75.4%  val=89.9%  lr=7.72e-06    94s
2026-03-20 01:28:41,691 [INFO]   S2 Ep  59/80  loss=1.0152 acc=74.0%  val=90.0%  lr=7.07e-06    94s
2026-03-20 01:30:15,224 [INFO]   S2 Ep  60/80  loss=1.0550 acc=71.7%  val=90.3%  lr=6.45e-06    94s
2026-03-20 01:30:15,416 [INFO]   ★ best 90.30%
2026-03-20 01:31:48,937 [INFO]   S2 Ep  61/80  loss=1.0442 acc=72.7%  val=90.3%  lr=5.86e-06    94s
2026-03-20 01:33:22,469 [INFO]   S2 Ep  62/80  loss=1.0461 acc=72.6%  val=90.3%  lr=5.29e-06    94s
2026-03-20 01:33:22,634 [INFO]   ★ best 90.33%
2026-03-20 01:34:56,128 [INFO]   S2 Ep  63/80  loss=1.0496 acc=72.1%  val=90.1%  lr=4.74e-06    93s
2026-03-20 01:36:29,698 [INFO]   S2 Ep  64/80  loss=1.0053 acc=74.7%  val=90.3%  lr=4.22e-06    94s
2026-03-20 01:38:03,245 [INFO]   S2 Ep  65/80  loss=1.0068 acc=74.6%  val=90.2%  lr=3.72e-06    94s
2026-03-20 01:39:36,762 [INFO]   S2 Ep  66/80  loss=1.0387 acc=73.1%  val=90.3%  lr=3.26e-06    94s
2026-03-20 01:41:10,305 [INFO]   S2 Ep  67/80  loss=1.0155 acc=74.1%  val=90.2%  lr=2.82e-06    94s
2026-03-20 01:42:43,838 [INFO]   S2 Ep  68/80  loss=1.0075 acc=74.6%  val=90.4%  lr=2.41e-06    94s
2026-03-20 01:42:43,991 [INFO]   ★ best 90.43%
2026-03-20 01:44:17,547 [INFO]   S2 Ep  69/80  loss=1.0345 acc=72.8%  val=90.2%  lr=2.03e-06    94s
2026-03-20 01:45:51,074 [INFO]   S2 Ep  70/80  loss=1.0103 acc=74.4%  val=90.4%  lr=1.69e-06    94s
2026-03-20 01:47:24,581 [INFO]   S2 Ep  71/80  loss=1.0142 acc=74.1%  val=90.3%  lr=1.37e-06    94s
2026-03-20 01:48:58,124 [INFO]   S2 Ep  72/80  loss=1.0324 acc=72.9%  val=90.2%  lr=1.08e-06    94s
2026-03-20 01:50:31,625 [INFO]   S2 Ep  73/80  loss=1.0276 acc=73.0%  val=90.2%  lr=8.33e-07    94s
2026-03-20 01:52:05,241 [INFO]   S2 Ep  74/80  loss=1.0410 acc=72.7%  val=90.2%  lr=6.13e-07    94s
2026-03-20 01:53:38,824 [INFO]   S2 Ep  75/80  loss=0.9983 acc=74.8%  val=90.4%  lr=4.27e-07    94s
2026-03-20 01:55:12,428 [INFO]   S2 Ep  76/80  loss=1.0217 acc=73.5%  val=90.4%  lr=2.74e-07    94s
2026-03-20 01:56:45,990 [INFO]   S2 Ep  77/80  loss=1.0044 acc=74.7%  val=90.5%  lr=1.55e-07    94s
2026-03-20 01:56:46,143 [INFO]   ★ best 90.47%
2026-03-20 01:58:19,655 [INFO]   S2 Ep  78/80  loss=1.0263 acc=73.2%  val=90.4%  lr=6.98e-08    94s
2026-03-20 01:59:53,224 [INFO]   S2 Ep  79/80  loss=1.0098 acc=74.1%  val=90.4%  lr=1.86e-08    94s
2026-03-20 02:01:26,758 [INFO]   S2 Ep  80/80  loss=1.0187 acc=73.9%  val=90.4%  lr=1.60e-09    94s
2026-03-20 02:01:26,759 [INFO] ── Stage 3: SWA (15 ep, lr=4.0e-06) ──
2026-03-20 02:03:00,355 [INFO]   SWA Ep  1/15  loss=1.0457  swa_val=90.3%  93s
2026-03-20 02:04:33,840 [INFO]   SWA Ep  2/15  loss=1.0523  swa_val=90.3%  93s
2026-03-20 02:06:07,254 [INFO]   SWA Ep  3/15  loss=1.0420  swa_val=90.2%  93s
2026-03-20 02:07:40,794 [INFO]   SWA Ep  4/15  loss=1.0331  swa_val=90.1%  94s
2026-03-20 02:09:14,251 [INFO]   SWA Ep  5/15  loss=1.0000  swa_val=90.1%  93s
2026-03-20 02:10:47,719 [INFO]   SWA Ep  6/15  loss=1.0156  swa_val=90.2%  93s
2026-03-20 02:12:21,250 [INFO]   SWA Ep  7/15  loss=1.0408  swa_val=90.2%  94s
2026-03-20 02:13:54,719 [INFO]   SWA Ep  8/15  loss=1.0120  swa_val=90.3%  93s
2026-03-20 02:15:28,201 [INFO]   SWA Ep  9/15  loss=1.0216  swa_val=90.2%  93s
2026-03-20 02:17:01,699 [INFO]   SWA Ep 10/15  loss=1.0498  swa_val=90.2%  93s
2026-03-20 02:18:35,154 [INFO]   SWA Ep 11/15  loss=0.9932  swa_val=90.1%  93s
2026-03-20 02:20:08,586 [INFO]   SWA Ep 12/15  loss=0.9872  swa_val=90.2%  93s
2026-03-20 02:21:42,077 [INFO]   SWA Ep 13/15  loss=1.0393  swa_val=90.1%  93s
2026-03-20 02:23:15,474 [INFO]   SWA Ep 14/15  loss=1.0201  swa_val=90.1%  93s
2026-03-20 02:24:48,896 [INFO]   SWA Ep 15/15  loss=1.0197  swa_val=90.2%  93s
2026-03-20 02:24:48,896 [INFO]   Updating BN stats for SWA model …
2026-03-20 02:24:54,069 [INFO]   SWA final: 90.23% (regular best: 90.47%)
2026-03-20 02:24:54,069 [INFO]   Fold 4 best: 90.47%
2026-03-20 02:24:55,285 [INFO] ================================================================
2026-03-20 02:24:55,285 [INFO] FOLD 5 / 5
2026-03-20 02:24:55,285 [INFO] ================================================================
2026-03-20 02:24:55,288 [INFO]   Train: 11794 | Val: 2948
2026-03-20 02:24:55,510 [INFO] Loading pretrained weights from Hugging Face hub (timm/convnextv2_tiny.fcmae_ft_in22k_in1k)
2026-03-20 02:24:55,810 [INFO] HTTP Request: HEAD https://huggingface.co/timm/convnextv2_tiny.fcmae_ft_in22k_in1k/resolve/main/model.safetensors "HTTP/1.1 302 Found"
2026-03-20 02:24:55,811 [INFO] [timm/convnextv2_tiny.fcmae_ft_in22k_in1k] Safe alternative available for 'pytorch_model.bin' (as 'model.safetensors'). Loading weights using safetensors.
2026-03-20 02:24:55,828 [INFO] Missing keys (head.fc.weight, head.fc.bias) discovered while loading pretrained weights. This is expected if model is being adapted.
2026-03-20 02:24:55,933 [INFO]   Born-again ← best_fold4.pt (val 89.31%)
2026-03-20 02:24:55,933 [INFO] ── Stage 1: head warmup (5 ep) ──
2026-03-20 02:25:26,480 [INFO]   S1 Ep 1/5  loss=0.7503 acc=84.0%  val=83.0%  31s
2026-03-20 02:25:26,600 [INFO]   ★ best 83.01%
2026-03-20 02:25:54,902 [INFO]   S1 Ep 2/5  loss=0.7199 acc=86.1%  val=84.3%  28s
2026-03-20 02:25:55,061 [INFO]   ★ best 84.26%
2026-03-20 02:26:23,248 [INFO]   S1 Ep 3/5  loss=0.7063 acc=87.0%  val=84.3%  28s
2026-03-20 02:26:23,385 [INFO]   ★ best 84.33%
2026-03-20 02:26:51,671 [INFO]   S1 Ep 4/5  loss=0.6860 acc=87.6%  val=84.6%  28s
2026-03-20 02:26:51,823 [INFO]   ★ best 84.57%
2026-03-20 02:27:20,095 [INFO]   S1 Ep 5/5  loss=0.6712 acc=88.3%  val=84.5%  28s
2026-03-20 02:27:20,095 [INFO] ── Stage 2: full fine-tune (80 ep, patience 30) ──
2026-03-20 02:27:20,096 [INFO] LLRD: 12 groups, LR [9.49e-06 … 4.00e-05]
2026-03-20 02:28:53,614 [INFO]   S2 Ep   1/80  loss=1.2458 acc=65.7%  val=87.7%  lr=7.23e-06    94s
2026-03-20 02:28:53,770 [INFO]   ★ best 87.69%
2026-03-20 02:30:27,249 [INFO]   S2 Ep   2/80  loss=1.2203 acc=66.8%  val=87.2%  lr=2.08e-05    93s
2026-03-20 02:32:00,722 [INFO]   S2 Ep   3/80  loss=1.2097 acc=67.0%  val=86.7%  lr=3.44e-05    93s
2026-03-20 02:33:34,182 [INFO]   S2 Ep   4/80  loss=1.2325 acc=65.7%  val=86.2%  lr=4.00e-05    93s
2026-03-20 02:35:07,752 [INFO]   S2 Ep   5/80  loss=1.1837 acc=68.3%  val=86.4%  lr=4.00e-05    94s
2026-03-20 02:36:41,323 [INFO]   S2 Ep   6/80  loss=1.2465 acc=65.1%  val=86.2%  lr=3.99e-05    94s
2026-03-20 02:38:14,843 [INFO]   S2 Ep   7/80  loss=1.2432 acc=64.8%  val=86.0%  lr=3.98e-05    94s
2026-03-20 02:39:48,370 [INFO]   S2 Ep   8/80  loss=1.2244 acc=66.0%  val=87.3%  lr=3.97e-05    94s
2026-03-20 02:41:21,943 [INFO]   S2 Ep   9/80  loss=1.2150 acc=66.1%  val=86.3%  lr=3.96e-05    94s
2026-03-20 02:42:55,504 [INFO]   S2 Ep  10/80  loss=1.1906 acc=67.2%  val=86.9%  lr=3.94e-05    94s
2026-03-20 02:44:29,017 [INFO]   S2 Ep  11/80  loss=1.1830 acc=67.7%  val=86.1%  lr=3.92e-05    94s
2026-03-20 02:46:02,522 [INFO]   S2 Ep  12/80  loss=1.1763 acc=68.4%  val=86.5%  lr=3.89e-05    94s
2026-03-20 02:47:36,014 [INFO]   S2 Ep  13/80  loss=1.1782 acc=68.3%  val=87.3%  lr=3.86e-05    93s
2026-03-20 02:49:09,545 [INFO]   S2 Ep  14/80  loss=1.1775 acc=68.6%  val=87.5%  lr=3.83e-05    94s
2026-03-20 02:50:42,963 [INFO]   S2 Ep  15/80  loss=1.1591 acc=68.5%  val=87.4%  lr=3.80e-05    93s
2026-03-20 02:52:16,468 [INFO]   S2 Ep  16/80  loss=1.1982 acc=67.2%  val=86.8%  lr=3.76e-05    94s
2026-03-20 02:53:49,890 [INFO]   S2 Ep  17/80  loss=1.1841 acc=67.7%  val=87.4%  lr=3.72e-05    93s
2026-03-20 02:55:23,360 [INFO]   S2 Ep  18/80  loss=1.1605 acc=69.3%  val=88.0%  lr=3.67e-05    93s
2026-03-20 02:55:23,517 [INFO]   ★ best 88.03%
2026-03-20 02:56:57,082 [INFO]   S2 Ep  19/80  loss=1.1707 acc=68.6%  val=87.0%  lr=3.63e-05    94s
2026-03-20 02:58:30,567 [INFO]   S2 Ep  20/80  loss=1.1909 acc=67.4%  val=86.9%  lr=3.58e-05    93s
2026-03-20 03:00:04,072 [INFO]   S2 Ep  21/80  loss=1.1801 acc=67.7%  val=87.5%  lr=3.53e-05    94s
2026-03-20 03:01:37,626 [INFO]   S2 Ep  22/80  loss=1.1576 acc=68.5%  val=87.4%  lr=3.47e-05    94s
2026-03-20 03:03:11,109 [INFO]   S2 Ep  23/80  loss=1.1620 acc=68.6%  val=87.0%  lr=3.41e-05    93s
2026-03-20 03:04:44,592 [INFO]   S2 Ep  24/80  loss=1.1658 acc=68.4%  val=87.3%  lr=3.35e-05    93s
2026-03-20 03:06:18,064 [INFO]   S2 Ep  25/80  loss=1.1535 acc=68.9%  val=87.8%  lr=3.29e-05    93s
2026-03-20 03:07:51,557 [INFO]   S2 Ep  26/80  loss=1.1378 acc=70.1%  val=88.2%  lr=3.23e-05    93s
2026-03-20 03:07:51,703 [INFO]   ★ best 88.16%
2026-03-20 03:09:25,174 [INFO]   S2 Ep  27/80  loss=1.1499 acc=69.1%  val=87.7%  lr=3.16e-05    93s
2026-03-20 03:10:58,740 [INFO]   S2 Ep  28/80  loss=1.1730 acc=68.3%  val=88.2%  lr=3.09e-05    94s
2026-03-20 03:10:58,890 [INFO]   ★ best 88.23%
2026-03-20 03:12:32,478 [INFO]   S2 Ep  29/80  loss=1.1577 acc=68.9%  val=87.4%  lr=3.02e-05    94s
2026-03-20 03:14:05,924 [INFO]   S2 Ep  30/80  loss=1.1544 acc=68.8%  val=88.1%  lr=2.95e-05    93s
2026-03-20 03:15:39,311 [INFO]   S2 Ep  31/80  loss=1.1763 acc=67.9%  val=88.0%  lr=2.88e-05    93s
2026-03-20 03:17:12,746 [INFO]   S2 Ep  32/80  loss=1.1495 acc=69.1%  val=87.7%  lr=2.80e-05    93s
2026-03-20 03:18:46,204 [INFO]   S2 Ep  33/80  loss=1.1528 acc=68.8%  val=87.6%  lr=2.73e-05    93s
2026-03-20 03:20:19,679 [INFO]   S2 Ep  34/80  loss=1.1604 acc=68.6%  val=87.4%  lr=2.65e-05    93s
2026-03-20 03:21:53,149 [INFO]   S2 Ep  35/80  loss=1.1323 acc=70.0%  val=88.0%  lr=2.57e-05    93s
2026-03-20 03:23:26,558 [INFO]   S2 Ep  36/80  loss=1.1370 acc=69.8%  val=88.1%  lr=2.49e-05    93s
2026-03-20 03:24:59,898 [INFO]   S2 Ep  37/80  loss=1.1374 acc=69.9%  val=87.6%  lr=2.41e-05    93s
2026-03-20 03:26:33,303 [INFO]   S2 Ep  38/80  loss=1.1181 acc=70.6%  val=88.3%  lr=2.33e-05    93s
2026-03-20 03:26:33,457 [INFO]   ★ best 88.26%
2026-03-20 03:28:07,106 [INFO]   S2 Ep  39/80  loss=1.1122 acc=70.8%  val=87.9%  lr=2.25e-05    94s
2026-03-20 03:29:40,622 [INFO]   S2 Ep  40/80  loss=1.1046 acc=71.0%  val=88.1%  lr=2.17e-05    94s
2026-03-20 03:31:14,016 [INFO]   S2 Ep  41/80  loss=1.1370 acc=69.4%  val=88.2%  lr=2.08e-05    93s
2026-03-20 03:32:47,491 [INFO]   S2 Ep  42/80  loss=1.0866 acc=72.1%  val=88.5%  lr=2.00e-05    93s
2026-03-20 03:32:47,662 [INFO]   ★ best 88.50%
2026-03-20 03:34:21,131 [INFO]   S2 Ep  43/80  loss=1.1232 acc=70.0%  val=88.4%  lr=1.92e-05    93s
2026-03-20 03:35:54,647 [INFO]   S2 Ep  44/80  loss=1.1145 acc=70.8%  val=88.5%  lr=1.83e-05    94s
2026-03-20 03:35:54,796 [INFO]   ★ best 88.53%
2026-03-20 03:37:28,329 [INFO]   S2 Ep  45/80  loss=1.0933 acc=71.3%  val=88.3%  lr=1.75e-05    94s
2026-03-20 03:39:01,758 [INFO]   S2 Ep  46/80  loss=1.1217 acc=70.0%  val=88.6%  lr=1.67e-05    93s
2026-03-20 03:39:01,908 [INFO]   ★ best 88.57%
2026-03-20 03:40:35,331 [INFO]   S2 Ep  47/80  loss=1.1296 acc=69.6%  val=88.0%  lr=1.59e-05    93s
2026-03-20 03:42:08,857 [INFO]   S2 Ep  48/80  loss=1.0890 acc=71.4%  val=88.4%  lr=1.51e-05    94s
2026-03-20 03:43:42,478 [INFO]   S2 Ep  49/80  loss=1.1347 acc=69.5%  val=88.5%  lr=1.43e-05    94s
2026-03-20 03:45:15,946 [INFO]   S2 Ep  50/80  loss=1.1007 acc=71.2%  val=88.2%  lr=1.35e-05    93s
2026-03-20 03:46:49,537 [INFO]   S2 Ep  51/80  loss=1.1258 acc=69.3%  val=88.5%  lr=1.27e-05    94s
2026-03-20 03:48:23,001 [INFO]   S2 Ep  52/80  loss=1.1045 acc=70.7%  val=88.8%  lr=1.20e-05    93s
2026-03-20 03:48:23,145 [INFO]   ★ best 88.77%
2026-03-20 03:49:56,694 [INFO]   S2 Ep  53/80  loss=1.1015 acc=70.5%  val=88.7%  lr=1.12e-05    94s
2026-03-20 03:51:30,235 [INFO]   S2 Ep  54/80  loss=1.0768 acc=72.3%  val=88.3%  lr=1.05e-05    94s
2026-03-20 03:53:03,744 [INFO]   S2 Ep  55/80  loss=1.0796 acc=72.3%  val=88.7%  lr=9.76e-06    94s
2026-03-20 03:54:37,190 [INFO]   S2 Ep  56/80  loss=1.0725 acc=72.0%  val=88.9%  lr=9.06e-06    93s
2026-03-20 03:54:37,347 [INFO]   ★ best 88.94%
2026-03-20 03:56:10,794 [INFO]   S2 Ep  57/80  loss=1.0823 acc=71.7%  val=88.7%  lr=8.38e-06    93s
2026-03-20 03:57:44,274 [INFO]   S2 Ep  58/80  loss=1.1015 acc=70.6%  val=88.9%  lr=7.72e-06    93s
2026-03-20 03:59:17,698 [INFO]   S2 Ep  59/80  loss=1.0769 acc=71.9%  val=89.1%  lr=7.07e-06    93s
2026-03-20 03:59:17,846 [INFO]   ★ best 89.11%
2026-03-20 04:00:51,284 [INFO]   S2 Ep  60/80  loss=1.0807 acc=71.7%  val=89.0%  lr=6.45e-06    93s
2026-03-20 04:02:24,734 [INFO]   S2 Ep  61/80  loss=1.0743 acc=71.8%  val=89.1%  lr=5.86e-06    93s
2026-03-20 04:02:24,880 [INFO]   ★ best 89.15%
2026-03-20 04:03:58,324 [INFO]   S2 Ep  62/80  loss=1.0691 acc=72.3%  val=89.2%  lr=5.29e-06    93s
2026-03-20 04:03:58,469 [INFO]   ★ best 89.18%
2026-03-20 04:05:31,967 [INFO]   S2 Ep  63/80  loss=1.0952 acc=71.1%  val=88.9%  lr=4.74e-06    93s
2026-03-20 04:07:05,439 [INFO]   S2 Ep  64/80  loss=1.0799 acc=71.8%  val=89.2%  lr=4.22e-06    93s
2026-03-20 04:08:38,937 [INFO]   S2 Ep  65/80  loss=1.0696 acc=72.0%  val=89.0%  lr=3.72e-06    93s
2026-03-20 04:10:12,423 [INFO]   S2 Ep  66/80  loss=1.0725 acc=72.5%  val=89.2%  lr=3.26e-06    93s
2026-03-20 04:11:45,965 [INFO]   S2 Ep  67/80  loss=1.0427 acc=73.4%  val=89.0%  lr=2.82e-06    94s
2026-03-20 04:13:19,514 [INFO]   S2 Ep  68/80  loss=1.0521 acc=73.0%  val=89.0%  lr=2.41e-06    94s
2026-03-20 04:14:52,908 [INFO]   S2 Ep  69/80  loss=1.0933 acc=71.2%  val=89.4%  lr=2.03e-06    93s
2026-03-20 04:14:53,054 [INFO]   ★ best 89.38%
2026-03-20 04:16:26,579 [INFO]   S2 Ep  70/80  loss=1.0625 acc=72.7%  val=89.2%  lr=1.69e-06    94s
2026-03-20 04:18:00,212 [INFO]   S2 Ep  71/80  loss=1.0806 acc=71.5%  val=89.0%  lr=1.37e-06    94s
2026-03-20 04:19:33,852 [INFO]   S2 Ep  72/80  loss=1.0671 acc=72.4%  val=89.1%  lr=1.08e-06    94s
2026-03-20 04:21:07,409 [INFO]   S2 Ep  73/80  loss=1.0821 acc=72.1%  val=89.2%  lr=8.33e-07    94s
2026-03-20 04:22:40,973 [INFO]   S2 Ep  74/80  loss=1.0940 acc=71.2%  val=89.1%  lr=6.13e-07    94s
2026-03-20 04:24:14,432 [INFO]   S2 Ep  75/80  loss=1.0259 acc=74.4%  val=89.1%  lr=4.27e-07    93s
2026-03-20 04:25:48,004 [INFO]   S2 Ep  76/80  loss=1.0678 acc=72.1%  val=89.2%  lr=2.74e-07    94s
2026-03-20 04:27:21,649 [INFO]   S2 Ep  77/80  loss=1.0789 acc=71.8%  val=89.2%  lr=1.55e-07    94s
2026-03-20 04:28:55,285 [INFO]   S2 Ep  78/80  loss=1.0507 acc=73.0%  val=89.2%  lr=6.98e-08    94s
2026-03-20 04:30:28,692 [INFO]   S2 Ep  79/80  loss=1.0834 acc=71.2%  val=89.2%  lr=1.86e-08    93s
2026-03-20 04:32:02,227 [INFO]   S2 Ep  80/80  loss=1.0847 acc=71.6%  val=89.2%  lr=1.60e-09    94s
2026-03-20 04:32:02,228 [INFO] ── Stage 3: SWA (15 ep, lr=4.0e-06) ──
2026-03-20 04:33:35,828 [INFO]   SWA Ep  1/15  loss=1.0989  swa_val=88.9%  93s
2026-03-20 04:35:09,362 [INFO]   SWA Ep  2/15  loss=1.0951  swa_val=88.8%  94s
2026-03-20 04:36:42,805 [INFO]   SWA Ep  3/15  loss=1.0899  swa_val=88.8%  93s
2026-03-20 04:38:16,355 [INFO]   SWA Ep  4/15  loss=1.0745  swa_val=88.8%  94s
2026-03-20 04:39:49,784 [INFO]   SWA Ep  5/15  loss=1.0507  swa_val=88.9%  93s
2026-03-20 04:41:23,317 [INFO]   SWA Ep  6/15  loss=1.0733  swa_val=88.9%  94s
2026-03-20 04:42:56,889 [INFO]   SWA Ep  7/15  loss=1.0705  swa_val=88.9%  94s
2026-03-20 04:44:30,382 [INFO]   SWA Ep  8/15  loss=1.0801  swa_val=88.9%  93s
2026-03-20 04:46:03,906 [INFO]   SWA Ep  9/15  loss=1.0749  swa_val=88.9%  94s
2026-03-20 04:47:37,267 [INFO]   SWA Ep 10/15  loss=1.0506  swa_val=88.9%  93s
2026-03-20 04:49:10,777 [INFO]   SWA Ep 11/15  loss=1.0837  swa_val=88.9%  94s
2026-03-20 04:50:44,330 [INFO]   SWA Ep 12/15  loss=1.0807  swa_val=89.0%  94s
2026-03-20 04:52:17,900 [INFO]   SWA Ep 13/15  loss=1.1000  swa_val=88.9%  94s
2026-03-20 04:53:51,386 [INFO]   SWA Ep 14/15  loss=1.0425  swa_val=89.0%  93s
2026-03-20 04:55:24,841 [INFO]   SWA Ep 15/15  loss=1.0636  swa_val=89.1%  93s
2026-03-20 04:55:24,842 [INFO]   Updating BN stats for SWA model …
2026-03-20 04:55:30,252 [INFO]   SWA final: 89.08% (regular best: 89.38%)
2026-03-20 04:55:30,252 [INFO]   Fold 5 best: 89.38%
2026-03-20 04:55:31,756 [INFO] ================================================================
2026-03-20 04:55:31,756 [INFO] 5-FOLD CV
2026-03-20 04:55:31,757 [INFO] ================================================================
2026-03-20 04:55:31,757 [INFO]   Fold 1 : 90.74%
2026-03-20 04:55:31,757 [INFO]   Fold 2 : 89.86%
2026-03-20 04:55:31,757 [INFO]   Fold 3 : 90.60%
2026-03-20 04:55:31,757 [INFO]   Fold 4 : 90.47%
2026-03-20 04:55:31,757 [INFO]   Fold 5 : 89.38%
2026-03-20 04:55:31,757 [INFO]   Mean: 90.21% ± 0.51%
2026-03-20 05:10:57,281 [INFO] TTA changed 140 / 9828 (1.4%)
2026-03-20 05:10:57,288 [INFO] Done.
