2026-03-23 10:39:12,117 [INFO] GPU: NVIDIA H200
2026-03-23 10:39:12,117 [INFO] Config: {
  "data_dir": "/data/slr/track2_",
  "output_dir": "/data/slr/checkpoints_v69",
  "max_frames": 48,
  "img_size": [
    128,
    256
  ],
  "n_classes": 126,
  "channel_means": [
    -64.3217,
    -62.9119,
    -63.9254
  ],
  "channel_stds": [
    12.5721,
    11.662,
    11.7259
  ],
  "n_folds": 5,
  "batch_size": 48,
  "num_workers": 2,
  "stage1_epochs": 5,
  "stage1_lr": 0.0002,
  "stage2_epochs": 150,
  "stage2_lr": 4e-05,
  "swa_epochs": 20,
  "swa_lr": 4e-06,
  "weight_decay": 0.05,
  "warmup_pct": 0.05,
  "label_smoothing": 0.1,
  "early_stopping_patience": 30,
  "grad_clip_norm": 1.0,
  "llrd_decay": 0.75,
  "mixup_alpha": 0.4,
  "cutmix_alpha": 1.0,
  "cutmix_prob": 0.5,
  "time_mask_max": 8,
  "range_mask_max": 30,
  "noise_std": 0.1,
  "time_warp_lo": 0.8,
  "time_warp_hi": 1.2,
  "time_reverse_prob": 0.5,
  "channel_shuffle_prob": 0.2,
  "channel_drop_prob": 0.1,
  "random_erase_prob": 0.2,
  "circ_shift_prob": 0.3,
  "circ_shift_max": 8,
  "amp_scale_prob": 0.5,
  "amp_scale_lo": 0.8,
  "amp_scale_hi": 1.2,
  "model_name": "convnextv2_tiny.fcmae_ft_in22k_in1k",
  "drop_path_rate": 0.2,
  "proj_dim": 512,
  "drop_rate": 0.3,
  "ms_dropout_samples": 5,
  "seed": 42
}
2026-03-23 10:39:12,117 [INFO] RECTANGULAR (128,256) | Born-again v66 | Fold 0
2026-03-23 10:39:12,198 [INFO] Train: 14742 | Eval: 9828
2026-03-23 10:39:17,035 [INFO] ================================================================
2026-03-23 10:39:17,035 [INFO] FOLD 0 — RECT (128,256), born-again v66
2026-03-23 10:39:17,036 [INFO] ================================================================
2026-03-23 10:39:17,037 [INFO]   Train: 11793 | Val: 2949
2026-03-23 10:39:17,260 [INFO] Loading pretrained weights from Hugging Face hub (timm/convnextv2_tiny.fcmae_ft_in22k_in1k)
2026-03-23 10:39:17,388 [INFO] HTTP Request: HEAD https://huggingface.co/timm/convnextv2_tiny.fcmae_ft_in22k_in1k/resolve/main/model.safetensors "HTTP/1.1 302 Found"
2026-03-23 10:39:17,389 [INFO] [timm/convnextv2_tiny.fcmae_ft_in22k_in1k] Safe alternative available for 'pytorch_model.bin' (as 'model.safetensors'). Loading weights using safetensors.
2026-03-23 10:39:17,407 [INFO] Missing keys (head.fc.weight, head.fc.bias) discovered while loading pretrained weights. This is expected if model is being adapted.
2026-03-23 10:39:18,145 [INFO]   Born-again ← best_fold0.pt (val 90.84%)
2026-03-23 10:39:18,145 [INFO] ── Stage 1: head warmup (5 ep) ──
2026-03-23 10:39:45,372 [INFO]   S1 Ep 1/5  loss=3.5853 acc=26.6%  val=31.7%  27s
2026-03-23 10:39:45,501 [INFO]   ★ best 31.67%
2026-03-23 10:39:56,370 [INFO]   S1 Ep 2/5  loss=3.0237 acc=34.7%  val=40.8%  11s
2026-03-23 10:39:56,530 [INFO]   ★ best 40.76%
2026-03-23 10:40:07,463 [INFO]   S1 Ep 3/5  loss=2.8239 acc=38.3%  val=45.2%  11s
2026-03-23 10:40:07,647 [INFO]   ★ best 45.17%
2026-03-23 10:40:18,732 [INFO]   S1 Ep 4/5  loss=2.7167 acc=40.6%  val=46.6%  11s
2026-03-23 10:40:18,904 [INFO]   ★ best 46.56%
2026-03-23 10:40:29,845 [INFO]   S1 Ep 5/5  loss=2.6782 acc=42.0%  val=46.8%  11s
2026-03-23 10:40:30,019 [INFO]   ★ best 46.80%
2026-03-23 10:40:30,019 [INFO] ── Stage 2: full fine-tune (150 ep, patience 30) ──
2026-03-23 10:40:30,020 [INFO] LLRD: 12 groups, LR [9.49e-06 … 4.00e-05]
2026-03-23 10:40:52,200 [INFO]   S2 Ep   1/150  loss=3.3306 acc=31.9%  val=58.3%  lr=3.26e-06    22s
2026-03-23 10:40:52,359 [INFO]   ★ best 58.32%
2026-03-23 10:41:04,352 [INFO]   S2 Ep   2/150  loss=3.0366 acc=39.9%  val=68.9%  lr=7.96e-06    12s
2026-03-23 10:41:04,537 [INFO]   ★ best 68.90%
2026-03-23 10:41:16,535 [INFO]   S2 Ep   3/150  loss=2.8742 acc=44.9%  val=76.3%  lr=1.49e-05    12s
2026-03-23 10:41:16,724 [INFO]   ★ best 76.26%
2026-03-23 10:41:28,753 [INFO]   S2 Ep   4/150  loss=2.6552 acc=50.8%  val=80.4%  lr=2.28e-05    12s
2026-03-23 10:41:28,955 [INFO]   ★ best 80.37%
2026-03-23 10:41:40,971 [INFO]   S2 Ep   5/150  loss=2.5743 acc=53.3%  val=82.3%  lr=3.04e-05    12s
2026-03-23 10:41:41,177 [INFO]   ★ best 82.30%
2026-03-23 10:41:53,220 [INFO]   S2 Ep   6/150  loss=2.3638 acc=58.5%  val=83.2%  lr=3.63e-05    12s
2026-03-23 10:41:53,411 [INFO]   ★ best 83.18%
2026-03-23 10:42:05,280 [INFO]   S2 Ep   7/150  loss=2.4466 acc=56.7%  val=83.8%  lr=3.96e-05    12s
2026-03-23 10:42:05,490 [INFO]   ★ best 83.83%
2026-03-23 10:42:17,395 [INFO]   S2 Ep   8/150  loss=2.4006 acc=57.1%  val=85.0%  lr=4.00e-05    12s
2026-03-23 10:42:17,610 [INFO]   ★ best 85.01%
2026-03-23 10:42:29,459 [INFO]   S2 Ep   9/150  loss=2.3726 acc=58.4%  val=84.8%  lr=4.00e-05    12s
2026-03-23 10:42:41,575 [INFO]   S2 Ep  10/150  loss=2.3049 acc=59.8%  val=85.4%  lr=4.00e-05    12s
2026-03-23 10:42:41,784 [INFO]   ★ best 85.42%
2026-03-23 10:42:53,832 [INFO]   S2 Ep  11/150  loss=2.3305 acc=59.6%  val=85.1%  lr=3.99e-05    12s
2026-03-23 10:43:06,196 [INFO]   S2 Ep  12/150  loss=2.2775 acc=61.3%  val=84.9%  lr=3.99e-05    12s
2026-03-23 10:43:18,124 [INFO]   S2 Ep  13/150  loss=2.2365 acc=61.8%  val=85.1%  lr=3.99e-05    12s
2026-03-23 10:43:30,103 [INFO]   S2 Ep  14/150  loss=2.2061 acc=62.6%  val=85.0%  lr=3.98e-05    12s
2026-03-23 10:43:42,259 [INFO]   S2 Ep  15/150  loss=2.2426 acc=62.1%  val=85.6%  lr=3.97e-05    12s
2026-03-23 10:43:42,453 [INFO]   ★ best 85.55%
2026-03-23 10:43:54,473 [INFO]   S2 Ep  16/150  loss=2.2296 acc=62.2%  val=86.2%  lr=3.96e-05    12s
2026-03-23 10:43:54,686 [INFO]   ★ best 86.23%
2026-03-23 10:44:06,689 [INFO]   S2 Ep  17/150  loss=2.1530 acc=64.5%  val=85.7%  lr=3.96e-05    12s
2026-03-23 10:44:19,224 [INFO]   S2 Ep  18/150  loss=2.1570 acc=64.2%  val=85.7%  lr=3.95e-05    13s
2026-03-23 10:44:31,286 [INFO]   S2 Ep  19/150  loss=2.1490 acc=64.1%  val=85.6%  lr=3.94e-05    12s
2026-03-23 10:44:43,350 [INFO]   S2 Ep  20/150  loss=2.1007 acc=65.9%  val=85.1%  lr=3.92e-05    12s
2026-03-23 10:44:55,564 [INFO]   S2 Ep  21/150  loss=2.1471 acc=64.0%  val=85.9%  lr=3.91e-05    12s
2026-03-23 10:45:07,842 [INFO]   S2 Ep  22/150  loss=2.1212 acc=65.3%  val=85.6%  lr=3.90e-05    12s
2026-03-23 10:45:19,792 [INFO]   S2 Ep  23/150  loss=2.1980 acc=63.2%  val=85.3%  lr=3.88e-05    12s
2026-03-23 10:45:31,940 [INFO]   S2 Ep  24/150  loss=2.1571 acc=63.9%  val=85.6%  lr=3.87e-05    12s
2026-03-23 10:45:43,981 [INFO]   S2 Ep  25/150  loss=2.1337 acc=64.6%  val=85.7%  lr=3.85e-05    12s
2026-03-23 10:45:56,540 [INFO]   S2 Ep  26/150  loss=2.1520 acc=64.4%  val=85.4%  lr=3.84e-05    13s
2026-03-23 10:46:09,209 [INFO]   S2 Ep  27/150  loss=2.1524 acc=64.2%  val=85.9%  lr=3.82e-05    13s
2026-03-23 10:46:22,206 [INFO]   S2 Ep  28/150  loss=2.0917 acc=65.4%  val=86.3%  lr=3.80e-05    13s
2026-03-23 10:46:22,408 [INFO]   ★ best 86.30%
2026-03-23 10:46:34,659 [INFO]   S2 Ep  29/150  loss=2.1328 acc=65.0%  val=86.3%  lr=3.78e-05    12s
2026-03-23 10:46:34,879 [INFO]   ★ best 86.33%
2026-03-23 10:46:47,243 [INFO]   S2 Ep  30/150  loss=2.0160 acc=68.0%  val=86.0%  lr=3.76e-05    12s
2026-03-23 10:46:59,369 [INFO]   S2 Ep  31/150  loss=2.1422 acc=64.1%  val=85.9%  lr=3.74e-05    12s
2026-03-23 10:47:11,490 [INFO]   S2 Ep  32/150  loss=2.0745 acc=66.2%  val=85.8%  lr=3.72e-05    12s
2026-03-23 10:47:23,565 [INFO]   S2 Ep  33/150  loss=2.1054 acc=65.2%  val=86.0%  lr=3.69e-05    12s
2026-03-23 10:47:35,512 [INFO]   S2 Ep  34/150  loss=2.0647 acc=66.1%  val=86.4%  lr=3.67e-05    12s
2026-03-23 10:47:35,711 [INFO]   ★ best 86.44%
2026-03-23 10:47:47,755 [INFO]   S2 Ep  35/150  loss=2.1147 acc=66.1%  val=86.0%  lr=3.64e-05    12s
2026-03-23 10:47:59,712 [INFO]   S2 Ep  36/150  loss=2.1230 acc=64.9%  val=86.5%  lr=3.62e-05    12s
2026-03-23 10:47:59,915 [INFO]   ★ best 86.54%
2026-03-23 10:48:11,859 [INFO]   S2 Ep  37/150  loss=2.0304 acc=68.1%  val=86.7%  lr=3.59e-05    12s
2026-03-23 10:48:12,047 [INFO]   ★ best 86.71%
2026-03-23 10:48:23,943 [INFO]   S2 Ep  38/150  loss=2.0702 acc=66.9%  val=86.7%  lr=3.56e-05    12s
2026-03-23 10:48:35,984 [INFO]   S2 Ep  39/150  loss=2.0001 acc=68.3%  val=86.6%  lr=3.54e-05    12s
2026-03-23 10:48:48,432 [INFO]   S2 Ep  40/150  loss=2.0289 acc=67.4%  val=86.6%  lr=3.51e-05    12s
2026-03-23 10:49:00,642 [INFO]   S2 Ep  41/150  loss=2.1292 acc=64.6%  val=86.2%  lr=3.48e-05    12s
2026-03-23 10:49:12,518 [INFO]   S2 Ep  42/150  loss=2.0036 acc=68.5%  val=86.4%  lr=3.45e-05    12s
2026-03-23 10:49:24,658 [INFO]   S2 Ep  43/150  loss=2.0191 acc=67.9%  val=86.2%  lr=3.42e-05    12s
2026-03-23 10:49:36,727 [INFO]   S2 Ep  44/150  loss=1.9830 acc=69.2%  val=86.6%  lr=3.39e-05    12s
2026-03-23 10:49:48,720 [INFO]   S2 Ep  45/150  loss=2.0763 acc=65.8%  val=86.5%  lr=3.35e-05    12s
2026-03-23 10:50:00,638 [INFO]   S2 Ep  46/150  loss=1.9924 acc=68.4%  val=85.8%  lr=3.32e-05    12s
2026-03-23 10:50:12,963 [INFO]   S2 Ep  47/150  loss=2.0892 acc=65.1%  val=86.5%  lr=3.29e-05    12s
2026-03-23 10:50:25,112 [INFO]   S2 Ep  48/150  loss=2.0280 acc=67.1%  val=86.7%  lr=3.25e-05    12s
2026-03-23 10:50:37,286 [INFO]   S2 Ep  49/150  loss=2.0450 acc=66.8%  val=86.3%  lr=3.22e-05    12s
2026-03-23 10:50:49,328 [INFO]   S2 Ep  50/150  loss=2.0256 acc=67.4%  val=86.4%  lr=3.18e-05    12s
2026-03-23 10:51:01,404 [INFO]   S2 Ep  51/150  loss=2.0185 acc=68.0%  val=86.8%  lr=3.15e-05    12s
2026-03-23 10:51:01,611 [INFO]   ★ best 86.81%
2026-03-23 10:51:13,788 [INFO]   S2 Ep  52/150  loss=1.9527 acc=69.0%  val=86.4%  lr=3.11e-05    12s
2026-03-23 10:51:25,758 [INFO]   S2 Ep  53/150  loss=2.0380 acc=66.6%  val=86.7%  lr=3.08e-05    12s
2026-03-23 10:51:37,848 [INFO]   S2 Ep  54/150  loss=2.0184 acc=67.8%  val=86.8%  lr=3.04e-05    12s
2026-03-23 10:51:38,062 [INFO]   ★ best 86.84%
2026-03-23 10:51:50,102 [INFO]   S2 Ep  55/150  loss=1.9603 acc=70.0%  val=86.4%  lr=3.00e-05    12s
2026-03-23 10:52:02,167 [INFO]   S2 Ep  56/150  loss=2.0098 acc=68.0%  val=87.0%  lr=2.96e-05    12s
2026-03-23 10:52:02,363 [INFO]   ★ best 87.01%
2026-03-23 10:52:14,451 [INFO]   S2 Ep  57/150  loss=1.9697 acc=69.3%  val=86.8%  lr=2.92e-05    12s
2026-03-23 10:52:26,504 [INFO]   S2 Ep  58/150  loss=2.0149 acc=68.4%  val=86.5%  lr=2.88e-05    12s
2026-03-23 10:52:38,489 [INFO]   S2 Ep  59/150  loss=2.0535 acc=66.5%  val=86.9%  lr=2.84e-05    12s
2026-03-23 10:52:50,523 [INFO]   S2 Ep  60/150  loss=1.9719 acc=68.8%  val=87.0%  lr=2.80e-05    12s
2026-03-23 10:53:02,583 [INFO]   S2 Ep  61/150  loss=2.0854 acc=65.8%  val=87.0%  lr=2.76e-05    12s
2026-03-23 10:53:02,779 [INFO]   ★ best 87.05%
2026-03-23 10:53:14,902 [INFO]   S2 Ep  62/150  loss=2.0511 acc=66.8%  val=87.1%  lr=2.72e-05    12s
2026-03-23 10:53:15,121 [INFO]   ★ best 87.15%
2026-03-23 10:53:27,364 [INFO]   S2 Ep  63/150  loss=2.0564 acc=66.4%  val=86.7%  lr=2.68e-05    12s
2026-03-23 10:53:39,718 [INFO]   S2 Ep  64/150  loss=2.0288 acc=67.6%  val=87.1%  lr=2.64e-05    12s
2026-03-23 10:53:51,808 [INFO]   S2 Ep  65/150  loss=1.9558 acc=69.5%  val=86.5%  lr=2.60e-05    12s
2026-03-23 10:54:03,906 [INFO]   S2 Ep  66/150  loss=2.0811 acc=65.8%  val=87.0%  lr=2.55e-05    12s
2026-03-23 10:54:16,021 [INFO]   S2 Ep  67/150  loss=2.0093 acc=67.5%  val=86.9%  lr=2.51e-05    12s
2026-03-23 10:54:27,968 [INFO]   S2 Ep  68/150  loss=2.0017 acc=68.4%  val=87.1%  lr=2.47e-05    12s
2026-03-23 10:54:40,026 [INFO]   S2 Ep  69/150  loss=1.9761 acc=69.2%  val=87.5%  lr=2.43e-05    12s
2026-03-23 10:54:40,205 [INFO]   ★ best 87.52%
2026-03-23 10:54:52,238 [INFO]   S2 Ep  70/150  loss=1.9559 acc=69.5%  val=86.6%  lr=2.38e-05    12s
2026-03-23 10:55:04,005 [INFO]   S2 Ep  71/150  loss=1.9234 acc=70.5%  val=86.9%  lr=2.34e-05    12s
2026-03-23 10:55:15,808 [INFO]   S2 Ep  72/150  loss=2.0252 acc=67.5%  val=87.0%  lr=2.30e-05    12s
2026-03-23 10:55:27,656 [INFO]   S2 Ep  73/150  loss=1.9403 acc=69.8%  val=87.0%  lr=2.25e-05    12s
2026-03-23 10:55:39,390 [INFO]   S2 Ep  74/150  loss=1.9606 acc=69.8%  val=86.7%  lr=2.21e-05    12s
2026-03-23 10:55:51,122 [INFO]   S2 Ep  75/150  loss=1.9875 acc=68.3%  val=86.7%  lr=2.17e-05    12s
2026-03-23 10:56:03,095 [INFO]   S2 Ep  76/150  loss=1.9318 acc=70.3%  val=87.0%  lr=2.12e-05    12s
2026-03-23 10:56:15,072 [INFO]   S2 Ep  77/150  loss=1.9467 acc=69.2%  val=86.7%  lr=2.08e-05    12s
2026-03-23 10:56:26,833 [INFO]   S2 Ep  78/150  loss=1.9742 acc=68.9%  val=86.4%  lr=2.03e-05    12s
2026-03-23 10:56:38,634 [INFO]   S2 Ep  79/150  loss=1.9873 acc=68.5%  val=86.9%  lr=1.99e-05    12s
2026-03-23 10:56:50,559 [INFO]   S2 Ep  80/150  loss=1.9067 acc=71.2%  val=87.2%  lr=1.94e-05    12s
2026-03-23 10:57:02,451 [INFO]   S2 Ep  81/150  loss=1.9668 acc=68.9%  val=86.9%  lr=1.90e-05    12s
2026-03-23 10:57:14,419 [INFO]   S2 Ep  82/150  loss=1.9162 acc=70.5%  val=86.7%  lr=1.86e-05    12s
2026-03-23 10:57:26,522 [INFO]   S2 Ep  83/150  loss=1.9504 acc=68.6%  val=86.4%  lr=1.81e-05    12s
2026-03-23 10:57:38,242 [INFO]   S2 Ep  84/150  loss=1.9258 acc=69.5%  val=86.6%  lr=1.77e-05    12s
2026-03-23 10:57:49,996 [INFO]   S2 Ep  85/150  loss=1.8916 acc=71.5%  val=87.1%  lr=1.73e-05    12s
2026-03-23 10:58:01,663 [INFO]   S2 Ep  86/150  loss=1.9606 acc=69.0%  val=87.4%  lr=1.68e-05    12s
2026-03-23 10:58:13,402 [INFO]   S2 Ep  87/150  loss=1.9579 acc=69.5%  val=86.4%  lr=1.64e-05    12s
2026-03-23 10:58:25,039 [INFO]   S2 Ep  88/150  loss=1.9377 acc=69.5%  val=86.9%  lr=1.59e-05    12s
2026-03-23 10:58:36,943 [INFO]   S2 Ep  89/150  loss=1.9088 acc=70.8%  val=87.1%  lr=1.55e-05    12s
2026-03-23 10:58:48,764 [INFO]   S2 Ep  90/150  loss=1.8855 acc=71.2%  val=86.9%  lr=1.51e-05    12s
2026-03-23 10:59:00,863 [INFO]   S2 Ep  91/150  loss=1.9316 acc=69.7%  val=86.6%  lr=1.47e-05    12s
2026-03-23 10:59:12,539 [INFO]   S2 Ep  92/150  loss=1.9698 acc=68.8%  val=87.2%  lr=1.42e-05    12s
2026-03-23 10:59:24,527 [INFO]   S2 Ep  93/150  loss=1.9363 acc=70.0%  val=87.1%  lr=1.38e-05    12s
2026-03-23 10:59:36,525 [INFO]   S2 Ep  94/150  loss=1.9636 acc=68.6%  val=87.4%  lr=1.34e-05    12s
2026-03-23 10:59:48,354 [INFO]   S2 Ep  95/150  loss=1.9748 acc=69.4%  val=87.4%  lr=1.30e-05    12s
2026-03-23 10:59:59,908 [INFO]   S2 Ep  96/150  loss=1.9232 acc=70.5%  val=87.1%  lr=1.26e-05    12s
2026-03-23 11:00:11,620 [INFO]   S2 Ep  97/150  loss=1.9484 acc=69.5%  val=87.2%  lr=1.22e-05    12s
2026-03-23 11:00:23,453 [INFO]   S2 Ep  98/150  loss=1.9419 acc=68.8%  val=87.3%  lr=1.18e-05    12s
2026-03-23 11:00:35,335 [INFO]   S2 Ep  99/150  loss=1.8427 acc=72.4%  val=87.3%  lr=1.14e-05    12s
2026-03-23 11:00:35,335 [INFO]   Early stop at ep 99
2026-03-23 11:00:35,336 [INFO] ── Stage 3: SWA (20 ep, lr=4.0e-06) ──
2026-03-23 11:00:47,004 [INFO]   SWA Ep  1/20  loss=1.8990  swa_val=87.4%  12s
2026-03-23 11:00:58,902 [INFO]   SWA Ep  2/20  loss=1.9959  swa_val=87.4%  12s
2026-03-23 11:01:10,715 [INFO]   SWA Ep  3/20  loss=1.9211  swa_val=87.5%  12s
2026-03-23 11:01:22,564 [INFO]   SWA Ep  4/20  loss=1.9627  swa_val=87.5%  12s
2026-03-23 11:01:34,253 [INFO]   SWA Ep  5/20  loss=1.8979  swa_val=87.5%  12s
2026-03-23 11:01:45,970 [INFO]   SWA Ep  6/20  loss=2.0043  swa_val=87.4%  12s
2026-03-23 11:01:57,958 [INFO]   SWA Ep  7/20  loss=2.0093  swa_val=87.3%  12s
2026-03-23 11:02:09,804 [INFO]   SWA Ep  8/20  loss=1.9063  swa_val=87.4%  12s
2026-03-23 11:02:21,318 [INFO]   SWA Ep  9/20  loss=1.9789  swa_val=87.4%  12s
2026-03-23 11:02:32,905 [INFO]   SWA Ep 10/20  loss=1.8953  swa_val=87.4%  12s
2026-03-23 11:02:44,646 [INFO]   SWA Ep 11/20  loss=1.9651  swa_val=87.5%  12s
2026-03-23 11:02:56,295 [INFO]   SWA Ep 12/20  loss=1.8893  swa_val=87.5%  12s
2026-03-23 11:03:07,942 [INFO]   SWA Ep 13/20  loss=1.8426  swa_val=87.5%  12s
2026-03-23 11:03:19,633 [INFO]   SWA Ep 14/20  loss=1.9510  swa_val=87.6%  12s
2026-03-23 11:03:31,306 [INFO]   SWA Ep 15/20  loss=1.9788  swa_val=87.5%  12s
2026-03-23 11:03:42,846 [INFO]   SWA Ep 16/20  loss=1.9680  swa_val=87.5%  12s
2026-03-23 11:03:54,990 [INFO]   SWA Ep 17/20  loss=1.9964  swa_val=87.6%  12s
2026-03-23 11:04:06,629 [INFO]   SWA Ep 18/20  loss=1.8626  swa_val=87.6%  12s
2026-03-23 11:04:18,653 [INFO]   SWA Ep 19/20  loss=1.8947  swa_val=87.6%  12s
2026-03-23 11:04:30,131 [INFO]   SWA Ep 20/20  loss=1.9419  swa_val=87.6%  11s
2026-03-23 11:04:31,411 [INFO]   SWA final: 87.59% (regular best: 87.52%)
2026-03-23 11:04:31,614 [INFO]   ★ SWA beats regular! 87.59%
2026-03-23 11:04:31,614 [INFO]   Fold 0 best: 87.59%
2026-03-23 11:04:59,976 [INFO] TTA changed 154 / 9828 (1.6%)
2026-03-23 11:04:59,984 [INFO] Done.
