2026-03-23 12:19:45,169 [INFO] GPU: NVIDIA H200
2026-03-23 12:19:45,170 [INFO] Config: {
  "data_dir": "/data/slr/track2_",
  "output_dir": "/data/slr/checkpoints_v81",
  "max_frames": 48,
  "img_size": 224,
  "n_classes": 126,
  "channel_means": [
    -64.3217,
    -62.9119,
    -63.9254
  ],
  "channel_stds": [
    12.5721,
    11.662,
    11.7259
  ],
  "n_folds": 5,
  "batch_size": 48,
  "num_workers": 2,
  "stage1_epochs": 10,
  "stage1_lr": 0.0002,
  "stage2_epochs": 200,
  "stage2_lr": 4e-05,
  "swa_epochs": 20,
  "swa_lr": 4e-06,
  "weight_decay": 0.05,
  "warmup_pct": 0.05,
  "label_smoothing": 0.1,
  "early_stopping_patience": 40,
  "grad_clip_norm": 1.0,
  "llrd_decay": 0.75,
  "mixup_alpha": 0.4,
  "cutmix_alpha": 1.0,
  "cutmix_prob": 0.5,
  "time_mask_max": 8,
  "range_mask_max": 30,
  "noise_std": 0.1,
  "time_warp_lo": 0.8,
  "time_warp_hi": 1.2,
  "time_reverse_prob": 0.5,
  "channel_shuffle_prob": 0.2,
  "channel_drop_prob": 0.1,
  "random_erase_prob": 0.2,
  "circ_shift_prob": 0.3,
  "circ_shift_max": 8,
  "amp_scale_prob": 0.5,
  "amp_scale_lo": 0.8,
  "amp_scale_hi": 1.2,
  "model_name": "swinv2_cr_tiny_ns_224.sw_in1k",
  "drop_path_rate": 0.2,
  "proj_dim": 512,
  "drop_rate": 0.3,
  "ms_dropout_samples": 5,
  "seed": 42
}
2026-03-23 12:19:45,170 [INFO] SwinV2-Tiny backbone | partial born-again head from v66 | Fold 0
2026-03-23 12:19:45,253 [INFO] Train: 14742 | Eval: 9828
2026-03-23 12:19:50,178 [INFO] ================================================================
2026-03-23 12:19:50,178 [INFO] FOLD 0 — SwinV2-Tiny backbone
2026-03-23 12:19:50,178 [INFO] ================================================================
2026-03-23 12:19:50,180 [INFO]   Train: 11793 | Val: 2949
2026-03-23 12:19:50,323 [INFO] Loading pretrained weights from Hugging Face hub (timm/swinv2_cr_tiny_ns_224.sw_in1k)
2026-03-23 12:19:55,404 [INFO] HTTP Request: HEAD https://huggingface.co/timm/swinv2_cr_tiny_ns_224.sw_in1k/resolve/main/model.safetensors "HTTP/1.1 302 Found"
2026-03-23 12:19:55,489 [INFO] HTTP Request: GET https://huggingface.co/api/models/timm/swinv2_cr_tiny_ns_224.sw_in1k/xet-read-token/3f3619088ba257e58a38212c18b310550697d7a3 "HTTP/1.1 200 OK"
2026-03-23 12:20:02,102 [INFO] [timm/swinv2_cr_tiny_ns_224.sw_in1k] Safe alternative available for 'pytorch_model.bin' (as 'model.safetensors'). Loading weights using safetensors.
2026-03-23 12:20:02,117 [INFO] Missing keys (head.fc.weight, head.fc.bias) discovered while loading pretrained weights. This is expected if model is being adapted.
2026-03-23 12:20:02,411 [INFO]   Partial born-again: loaded 24/24 head params from best_fold0.pt (val 90.84%)
2026-03-23 12:20:02,412 [INFO] ── Stage 1: head warmup (10 ep) ──
2026-03-23 12:20:17,562 [INFO]   S1 Ep 1/10  loss=4.8535 acc=0.8%  val=0.6%  15s
2026-03-23 12:20:17,710 [INFO]   ★ best 0.61%
2026-03-23 12:20:33,328 [INFO]   S1 Ep 2/10  loss=4.8425 acc=0.7%  val=0.5%  16s
2026-03-23 12:20:48,757 [INFO]   S1 Ep 3/10  loss=4.8433 acc=0.7%  val=0.8%  15s
2026-03-23 12:20:48,924 [INFO]   ★ best 0.78%
2026-03-23 12:21:03,647 [INFO]   S1 Ep 4/10  loss=4.8378 acc=1.0%  val=1.0%  15s
2026-03-23 12:21:03,842 [INFO]   ★ best 1.02%
2026-03-23 12:21:18,627 [INFO]   S1 Ep 5/10  loss=4.8171 acc=0.9%  val=1.1%  15s
2026-03-23 12:21:18,817 [INFO]   ★ best 1.09%
2026-03-23 12:21:34,220 [INFO]   S1 Ep 6/10  loss=4.7901 acc=1.3%  val=1.6%  15s
2026-03-23 12:21:34,417 [INFO]   ★ best 1.56%
2026-03-23 12:21:49,159 [INFO]   S1 Ep 7/10  loss=4.7776 acc=1.2%  val=2.1%  15s
2026-03-23 12:21:49,319 [INFO]   ★ best 2.10%
2026-03-23 12:22:04,282 [INFO]   S1 Ep 8/10  loss=4.7654 acc=1.4%  val=2.3%  15s
2026-03-23 12:22:04,458 [INFO]   ★ best 2.31%
2026-03-23 12:22:19,033 [INFO]   S1 Ep 9/10  loss=4.7566 acc=1.5%  val=1.9%  15s
2026-03-23 12:22:33,749 [INFO]   S1 Ep 10/10  loss=4.7497 acc=1.9%  val=1.9%  15s
2026-03-23 12:22:33,749 [INFO] ── Stage 2: full fine-tune (200 ep, patience 40) ──
2026-03-23 12:22:33,750 [INFO] LLRD: 4 groups, LR [9.49e-06 … 4.00e-05]
2026-03-23 12:22:50,444 [INFO]   S2 Ep   1/200  loss=4.7763 acc=1.4%  val=1.9%  lr=2.54e-06    17s
2026-03-23 12:23:06,537 [INFO]   S2 Ep   2/200  loss=4.7448 acc=1.6%  val=2.0%  lr=5.27e-06    16s
2026-03-23 12:23:23,428 [INFO]   S2 Ep   3/200  loss=4.7162 acc=1.5%  val=2.6%  lr=9.52e-06    17s
2026-03-23 12:23:23,608 [INFO]   ★ best 2.58%
2026-03-23 12:23:39,934 [INFO]   S2 Ep   4/200  loss=4.6922 acc=1.8%  val=2.2%  lr=1.49e-05    16s
2026-03-23 12:23:56,781 [INFO]   S2 Ep   5/200  loss=4.6822 acc=1.9%  val=2.6%  lr=2.08e-05    17s
2026-03-23 12:23:56,999 [INFO]   ★ best 2.61%
2026-03-23 12:24:13,646 [INFO]   S2 Ep   6/200  loss=4.6332 acc=2.3%  val=3.9%  lr=2.67e-05    17s
2026-03-23 12:24:13,845 [INFO]   ★ best 3.90%
2026-03-23 12:24:30,553 [INFO]   S2 Ep   7/200  loss=4.5579 acc=3.5%  val=6.9%  lr=3.21e-05    17s
2026-03-23 12:24:30,742 [INFO]   ★ best 6.88%
2026-03-23 12:24:47,275 [INFO]   S2 Ep   8/200  loss=4.4766 acc=4.4%  val=11.7%  lr=3.63e-05    17s
2026-03-23 12:24:47,466 [INFO]   ★ best 11.66%
2026-03-23 12:25:04,095 [INFO]   S2 Ep   9/200  loss=4.2598 acc=7.5%  val=18.1%  lr=3.91e-05    17s
2026-03-23 12:25:04,280 [INFO]   ★ best 18.14%
2026-03-23 12:25:21,044 [INFO]   S2 Ep  10/200  loss=4.0954 acc=10.6%  val=29.3%  lr=4.00e-05    17s
2026-03-23 12:25:21,216 [INFO]   ★ best 29.30%
2026-03-23 12:25:37,653 [INFO]   S2 Ep  11/200  loss=3.9305 acc=14.4%  val=34.8%  lr=4.00e-05    16s
2026-03-23 12:25:37,861 [INFO]   ★ best 34.76%
2026-03-23 12:25:54,436 [INFO]   S2 Ep  12/200  loss=3.8377 acc=17.1%  val=38.8%  lr=4.00e-05    17s
2026-03-23 12:25:54,632 [INFO]   ★ best 38.83%
2026-03-23 12:26:11,196 [INFO]   S2 Ep  13/200  loss=3.6927 acc=20.1%  val=42.9%  lr=4.00e-05    17s
2026-03-23 12:26:11,416 [INFO]   ★ best 42.90%
2026-03-23 12:26:27,592 [INFO]   S2 Ep  14/200  loss=3.5806 acc=23.3%  val=47.3%  lr=4.00e-05    16s
2026-03-23 12:26:27,766 [INFO]   ★ best 47.27%
2026-03-23 12:26:44,240 [INFO]   S2 Ep  15/200  loss=3.5363 acc=24.9%  val=50.3%  lr=3.99e-05    16s
2026-03-23 12:26:44,412 [INFO]   ★ best 50.25%
2026-03-23 12:27:01,106 [INFO]   S2 Ep  16/200  loss=3.5377 acc=25.6%  val=53.1%  lr=3.99e-05    17s
2026-03-23 12:27:01,287 [INFO]   ★ best 53.07%
2026-03-23 12:27:18,081 [INFO]   S2 Ep  17/200  loss=3.3570 acc=29.6%  val=55.3%  lr=3.99e-05    17s
2026-03-23 12:27:18,285 [INFO]   ★ best 55.31%
2026-03-23 12:27:34,962 [INFO]   S2 Ep  18/200  loss=3.3762 acc=29.1%  val=55.4%  lr=3.98e-05    17s
2026-03-23 12:27:35,139 [INFO]   ★ best 55.37%
2026-03-23 12:27:51,880 [INFO]   S2 Ep  19/200  loss=3.2760 acc=32.2%  val=59.0%  lr=3.98e-05    17s
2026-03-23 12:27:52,072 [INFO]   ★ best 58.97%
2026-03-23 12:28:09,185 [INFO]   S2 Ep  20/200  loss=3.2443 acc=32.9%  val=61.0%  lr=3.97e-05    17s
2026-03-23 12:28:09,406 [INFO]   ★ best 61.04%
2026-03-23 12:28:26,364 [INFO]   S2 Ep  21/200  loss=3.1806 acc=35.4%  val=62.3%  lr=3.97e-05    17s
2026-03-23 12:28:26,537 [INFO]   ★ best 62.29%
2026-03-23 12:28:43,273 [INFO]   S2 Ep  22/200  loss=3.1163 acc=36.8%  val=63.4%  lr=3.96e-05    17s
2026-03-23 12:28:43,457 [INFO]   ★ best 63.45%
2026-03-23 12:28:59,626 [INFO]   S2 Ep  23/200  loss=3.0994 acc=37.6%  val=64.9%  lr=3.95e-05    16s
2026-03-23 12:28:59,809 [INFO]   ★ best 64.87%
2026-03-23 12:29:16,224 [INFO]   S2 Ep  24/200  loss=3.0424 acc=38.5%  val=65.4%  lr=3.95e-05    16s
2026-03-23 12:29:16,416 [INFO]   ★ best 65.38%
2026-03-23 12:29:32,657 [INFO]   S2 Ep  25/200  loss=3.0113 acc=40.6%  val=66.8%  lr=3.94e-05    16s
2026-03-23 12:29:32,852 [INFO]   ★ best 66.77%
2026-03-23 12:29:49,466 [INFO]   S2 Ep  26/200  loss=2.9743 acc=40.4%  val=67.2%  lr=3.93e-05    17s
2026-03-23 12:29:49,681 [INFO]   ★ best 67.24%
2026-03-23 12:30:05,677 [INFO]   S2 Ep  27/200  loss=2.9185 acc=42.8%  val=67.3%  lr=3.92e-05    16s
2026-03-23 12:30:05,840 [INFO]   ★ best 67.31%
2026-03-23 12:30:22,136 [INFO]   S2 Ep  28/200  loss=2.9069 acc=42.7%  val=67.7%  lr=3.91e-05    16s
2026-03-23 12:30:22,322 [INFO]   ★ best 67.68%
2026-03-23 12:30:38,457 [INFO]   S2 Ep  29/200  loss=2.9234 acc=42.3%  val=69.2%  lr=3.90e-05    16s
2026-03-23 12:30:38,644 [INFO]   ★ best 69.24%
2026-03-23 12:30:54,874 [INFO]   S2 Ep  30/200  loss=2.8058 acc=46.4%  val=71.5%  lr=3.89e-05    16s
2026-03-23 12:30:55,068 [INFO]   ★ best 71.55%
2026-03-23 12:31:12,032 [INFO]   S2 Ep  31/200  loss=2.9059 acc=42.6%  val=71.3%  lr=3.88e-05    17s
2026-03-23 12:31:28,650 [INFO]   S2 Ep  32/200  loss=2.7570 acc=47.0%  val=72.1%  lr=3.87e-05    17s
2026-03-23 12:31:28,863 [INFO]   ★ best 72.09%
2026-03-23 12:31:46,144 [INFO]   S2 Ep  33/200  loss=2.8084 acc=46.1%  val=72.0%  lr=3.86e-05    17s
2026-03-23 12:32:02,776 [INFO]   S2 Ep  34/200  loss=2.7963 acc=46.9%  val=72.6%  lr=3.84e-05    17s
2026-03-23 12:32:02,981 [INFO]   ★ best 72.63%
2026-03-23 12:32:19,761 [INFO]   S2 Ep  35/200  loss=2.7693 acc=47.3%  val=73.6%  lr=3.83e-05    17s
2026-03-23 12:32:19,943 [INFO]   ★ best 73.58%
2026-03-23 12:32:37,345 [INFO]   S2 Ep  36/200  loss=2.7484 acc=48.1%  val=72.9%  lr=3.82e-05    17s
2026-03-23 12:32:54,013 [INFO]   S2 Ep  37/200  loss=2.6711 acc=49.7%  val=74.8%  lr=3.80e-05    17s
2026-03-23 12:32:54,210 [INFO]   ★ best 74.77%
2026-03-23 12:33:11,032 [INFO]   S2 Ep  38/200  loss=2.6875 acc=50.6%  val=73.0%  lr=3.79e-05    17s
2026-03-23 12:33:28,959 [INFO]   S2 Ep  39/200  loss=2.5690 acc=52.6%  val=73.9%  lr=3.77e-05    18s
2026-03-23 12:33:45,572 [INFO]   S2 Ep  40/200  loss=2.6433 acc=51.1%  val=76.1%  lr=3.76e-05    17s
2026-03-23 12:33:45,771 [INFO]   ★ best 76.09%
2026-03-23 12:34:02,446 [INFO]   S2 Ep  41/200  loss=2.6497 acc=51.0%  val=76.3%  lr=3.74e-05    17s
2026-03-23 12:34:02,670 [INFO]   ★ best 76.33%
2026-03-23 12:34:19,209 [INFO]   S2 Ep  42/200  loss=2.5962 acc=51.8%  val=76.1%  lr=3.73e-05    17s
2026-03-23 12:34:36,054 [INFO]   S2 Ep  43/200  loss=2.5768 acc=52.5%  val=75.3%  lr=3.71e-05    17s
2026-03-23 12:34:52,883 [INFO]   S2 Ep  44/200  loss=2.5654 acc=53.9%  val=74.7%  lr=3.69e-05    17s
2026-03-23 12:35:10,265 [INFO]   S2 Ep  45/200  loss=2.6084 acc=52.1%  val=77.3%  lr=3.67e-05    17s
2026-03-23 12:35:10,511 [INFO]   ★ best 77.35%
2026-03-23 12:35:27,069 [INFO]   S2 Ep  46/200  loss=2.4956 acc=55.4%  val=75.1%  lr=3.66e-05    17s
2026-03-23 12:35:44,332 [INFO]   S2 Ep  47/200  loss=2.4344 acc=57.0%  val=76.2%  lr=3.64e-05    17s
2026-03-23 12:36:02,025 [INFO]   S2 Ep  48/200  loss=2.5581 acc=53.9%  val=75.4%  lr=3.62e-05    18s
2026-03-23 12:36:19,039 [INFO]   S2 Ep  49/200  loss=2.5592 acc=53.8%  val=76.8%  lr=3.60e-05    17s
2026-03-23 12:36:36,322 [INFO]   S2 Ep  50/200  loss=2.6099 acc=52.4%  val=76.6%  lr=3.58e-05    17s
2026-03-23 12:36:53,432 [INFO]   S2 Ep  51/200  loss=2.3797 acc=59.3%  val=76.6%  lr=3.56e-05    17s
2026-03-23 12:37:10,458 [INFO]   S2 Ep  52/200  loss=2.4307 acc=57.7%  val=77.4%  lr=3.54e-05    17s
2026-03-23 12:37:10,663 [INFO]   ★ best 77.45%
2026-03-23 12:37:27,354 [INFO]   S2 Ep  53/200  loss=2.5025 acc=55.6%  val=78.0%  lr=3.52e-05    17s
2026-03-23 12:37:27,581 [INFO]   ★ best 77.99%
2026-03-23 12:37:44,607 [INFO]   S2 Ep  54/200  loss=2.4683 acc=56.4%  val=76.9%  lr=3.49e-05    17s
2026-03-23 12:38:01,736 [INFO]   S2 Ep  55/200  loss=2.4256 acc=57.7%  val=77.5%  lr=3.47e-05    17s
2026-03-23 12:38:18,556 [INFO]   S2 Ep  56/200  loss=2.3653 acc=59.4%  val=76.5%  lr=3.45e-05    17s
2026-03-23 12:38:35,635 [INFO]   S2 Ep  57/200  loss=2.3823 acc=58.7%  val=78.0%  lr=3.43e-05    17s
2026-03-23 12:38:52,367 [INFO]   S2 Ep  58/200  loss=2.3819 acc=59.2%  val=77.5%  lr=3.40e-05    17s
2026-03-23 12:39:09,169 [INFO]   S2 Ep  59/200  loss=2.3542 acc=59.7%  val=77.4%  lr=3.38e-05    17s
2026-03-23 12:39:26,496 [INFO]   S2 Ep  60/200  loss=2.3431 acc=60.2%  val=79.0%  lr=3.35e-05    17s
2026-03-23 12:39:26,724 [INFO]   ★ best 79.01%
2026-03-23 12:39:43,204 [INFO]   S2 Ep  61/200  loss=2.3649 acc=59.8%  val=79.1%  lr=3.33e-05    16s
2026-03-23 12:39:43,394 [INFO]   ★ best 79.15%
2026-03-23 12:40:00,129 [INFO]   S2 Ep  62/200  loss=2.3423 acc=59.9%  val=78.6%  lr=3.31e-05    17s
2026-03-23 12:40:16,628 [INFO]   S2 Ep  63/200  loss=2.4071 acc=58.0%  val=79.0%  lr=3.28e-05    16s
2026-03-23 12:40:33,113 [INFO]   S2 Ep  64/200  loss=2.2847 acc=61.9%  val=78.5%  lr=3.25e-05    16s
2026-03-23 12:40:49,947 [INFO]   S2 Ep  65/200  loss=2.3256 acc=60.9%  val=78.5%  lr=3.23e-05    17s
2026-03-23 12:41:06,134 [INFO]   S2 Ep  66/200  loss=2.3170 acc=60.8%  val=79.2%  lr=3.20e-05    16s
2026-03-23 12:41:06,347 [INFO]   ★ best 79.18%
2026-03-23 12:41:22,347 [INFO]   S2 Ep  67/200  loss=2.3787 acc=58.8%  val=78.8%  lr=3.18e-05    16s
2026-03-23 12:41:38,293 [INFO]   S2 Ep  68/200  loss=2.2924 acc=61.8%  val=78.4%  lr=3.15e-05    16s
2026-03-23 12:41:55,075 [INFO]   S2 Ep  69/200  loss=2.2725 acc=62.2%  val=79.2%  lr=3.12e-05    17s
2026-03-23 12:42:11,392 [INFO]   S2 Ep  70/200  loss=2.2701 acc=62.2%  val=78.8%  lr=3.09e-05    16s
2026-03-23 12:42:27,926 [INFO]   S2 Ep  71/200  loss=2.3040 acc=61.9%  val=80.0%  lr=3.07e-05    17s
2026-03-23 12:42:28,129 [INFO]   ★ best 80.03%
2026-03-23 12:42:44,475 [INFO]   S2 Ep  72/200  loss=2.2651 acc=62.0%  val=79.8%  lr=3.04e-05    16s
2026-03-23 12:43:00,705 [INFO]   S2 Ep  73/200  loss=2.2550 acc=62.7%  val=79.9%  lr=3.01e-05    16s
2026-03-23 12:43:17,273 [INFO]   S2 Ep  74/200  loss=2.2278 acc=63.5%  val=80.2%  lr=2.98e-05    17s
2026-03-23 12:43:17,471 [INFO]   ★ best 80.23%
2026-03-23 12:43:33,899 [INFO]   S2 Ep  75/200  loss=2.2335 acc=63.4%  val=79.9%  lr=2.95e-05    16s
2026-03-23 12:43:50,079 [INFO]   S2 Ep  76/200  loss=2.2248 acc=63.0%  val=80.0%  lr=2.92e-05    16s
2026-03-23 12:44:07,053 [INFO]   S2 Ep  77/200  loss=2.2561 acc=62.5%  val=80.0%  lr=2.89e-05    17s
2026-03-23 12:44:23,525 [INFO]   S2 Ep  78/200  loss=2.2164 acc=64.0%  val=79.5%  lr=2.86e-05    16s
2026-03-23 12:44:39,807 [INFO]   S2 Ep  79/200  loss=2.2274 acc=63.2%  val=79.8%  lr=2.83e-05    16s
2026-03-23 12:44:56,636 [INFO]   S2 Ep  80/200  loss=2.1941 acc=64.8%  val=80.0%  lr=2.80e-05    17s
2026-03-23 12:45:13,227 [INFO]   S2 Ep  81/200  loss=2.2371 acc=62.9%  val=80.1%  lr=2.77e-05    17s
2026-03-23 12:45:29,999 [INFO]   S2 Ep  82/200  loss=2.3071 acc=60.8%  val=79.4%  lr=2.74e-05    17s
2026-03-23 12:45:47,062 [INFO]   S2 Ep  83/200  loss=2.1082 acc=66.5%  val=80.5%  lr=2.71e-05    17s
2026-03-23 12:45:47,251 [INFO]   ★ best 80.47%
2026-03-23 12:46:04,579 [INFO]   S2 Ep  84/200  loss=2.2055 acc=63.5%  val=80.0%  lr=2.68e-05    17s
2026-03-23 12:46:21,268 [INFO]   S2 Ep  85/200  loss=2.1937 acc=64.3%  val=79.9%  lr=2.65e-05    17s
2026-03-23 12:46:38,242 [INFO]   S2 Ep  86/200  loss=2.1403 acc=65.9%  val=80.6%  lr=2.62e-05    17s
2026-03-23 12:46:38,439 [INFO]   ★ best 80.60%
2026-03-23 12:46:55,690 [INFO]   S2 Ep  87/200  loss=2.2205 acc=63.0%  val=80.5%  lr=2.59e-05    17s
2026-03-23 12:47:11,772 [INFO]   S2 Ep  88/200  loss=2.1872 acc=64.6%  val=80.9%  lr=2.55e-05    16s
2026-03-23 12:47:11,947 [INFO]   ★ best 80.87%
2026-03-23 12:47:28,635 [INFO]   S2 Ep  89/200  loss=2.1907 acc=63.6%  val=80.9%  lr=2.52e-05    17s
2026-03-23 12:47:44,992 [INFO]   S2 Ep  90/200  loss=2.1372 acc=66.0%  val=81.6%  lr=2.49e-05    16s
2026-03-23 12:47:45,186 [INFO]   ★ best 81.62%
2026-03-23 12:48:01,853 [INFO]   S2 Ep  91/200  loss=2.1515 acc=65.3%  val=80.7%  lr=2.46e-05    17s
2026-03-23 12:48:18,040 [INFO]   S2 Ep  92/200  loss=2.1978 acc=64.0%  val=80.7%  lr=2.43e-05    16s
2026-03-23 12:48:34,562 [INFO]   S2 Ep  93/200  loss=2.1472 acc=65.7%  val=81.0%  lr=2.39e-05    17s
2026-03-23 12:48:51,446 [INFO]   S2 Ep  94/200  loss=2.1643 acc=64.7%  val=81.1%  lr=2.36e-05    17s
2026-03-23 12:49:07,929 [INFO]   S2 Ep  95/200  loss=2.1571 acc=65.2%  val=80.7%  lr=2.33e-05    16s
2026-03-23 12:49:24,064 [INFO]   S2 Ep  96/200  loss=2.0750 acc=67.0%  val=80.9%  lr=2.30e-05    16s
2026-03-23 12:49:40,174 [INFO]   S2 Ep  97/200  loss=2.1745 acc=63.8%  val=81.5%  lr=2.26e-05    16s
2026-03-23 12:49:56,528 [INFO]   S2 Ep  98/200  loss=2.1694 acc=65.0%  val=81.8%  lr=2.23e-05    16s
2026-03-23 12:49:56,705 [INFO]   ★ best 81.76%
2026-03-23 12:50:13,026 [INFO]   S2 Ep  99/200  loss=2.1229 acc=65.4%  val=81.7%  lr=2.20e-05    16s
2026-03-23 12:50:29,071 [INFO]   S2 Ep 100/200  loss=2.0376 acc=68.5%  val=81.3%  lr=2.17e-05    16s
2026-03-23 12:50:45,215 [INFO]   S2 Ep 101/200  loss=2.1024 acc=66.4%  val=81.1%  lr=2.13e-05    16s
2026-03-23 12:51:01,454 [INFO]   S2 Ep 102/200  loss=2.0946 acc=65.9%  val=81.0%  lr=2.10e-05    16s
2026-03-23 12:51:17,502 [INFO]   S2 Ep 103/200  loss=2.0350 acc=69.1%  val=81.2%  lr=2.07e-05    16s
2026-03-23 12:51:33,791 [INFO]   S2 Ep 104/200  loss=2.0666 acc=67.8%  val=81.2%  lr=2.03e-05    16s
2026-03-23 12:51:50,064 [INFO]   S2 Ep 105/200  loss=2.0397 acc=68.2%  val=81.0%  lr=2.00e-05    16s
2026-03-23 12:52:06,130 [INFO]   S2 Ep 106/200  loss=2.0353 acc=68.3%  val=81.7%  lr=1.97e-05    16s
2026-03-23 12:52:22,059 [INFO]   S2 Ep 107/200  loss=2.0105 acc=68.9%  val=81.0%  lr=1.93e-05    16s
2026-03-23 12:52:38,044 [INFO]   S2 Ep 108/200  loss=2.0236 acc=69.1%  val=81.3%  lr=1.90e-05    16s
2026-03-23 12:52:54,311 [INFO]   S2 Ep 109/200  loss=1.9812 acc=69.8%  val=81.3%  lr=1.87e-05    16s
2026-03-23 12:53:10,718 [INFO]   S2 Ep 110/200  loss=2.0006 acc=69.0%  val=81.7%  lr=1.83e-05    16s
2026-03-23 12:53:27,586 [INFO]   S2 Ep 111/200  loss=1.9883 acc=68.9%  val=82.8%  lr=1.80e-05    17s
2026-03-23 12:53:27,775 [INFO]   ★ best 82.81%
2026-03-23 12:53:44,058 [INFO]   S2 Ep 112/200  loss=2.0606 acc=67.3%  val=82.0%  lr=1.77e-05    16s
2026-03-23 12:54:00,774 [INFO]   S2 Ep 113/200  loss=2.0798 acc=67.1%  val=82.1%  lr=1.74e-05    17s
2026-03-23 12:54:16,940 [INFO]   S2 Ep 114/200  loss=2.0715 acc=66.7%  val=82.1%  lr=1.70e-05    16s
2026-03-23 12:54:33,170 [INFO]   S2 Ep 115/200  loss=2.0666 acc=67.2%  val=82.2%  lr=1.67e-05    16s
2026-03-23 12:54:49,555 [INFO]   S2 Ep 116/200  loss=1.9876 acc=69.0%  val=81.0%  lr=1.64e-05    16s
2026-03-23 12:55:06,663 [INFO]   S2 Ep 117/200  loss=2.0322 acc=68.1%  val=82.2%  lr=1.61e-05    17s
2026-03-23 12:55:23,419 [INFO]   S2 Ep 118/200  loss=2.0565 acc=66.4%  val=82.2%  lr=1.57e-05    17s
2026-03-23 12:55:39,955 [INFO]   S2 Ep 119/200  loss=2.0377 acc=67.9%  val=82.3%  lr=1.54e-05    17s
2026-03-23 12:55:56,040 [INFO]   S2 Ep 120/200  loss=2.0942 acc=66.0%  val=82.2%  lr=1.51e-05    16s
2026-03-23 12:56:12,641 [INFO]   S2 Ep 121/200  loss=2.0562 acc=67.4%  val=82.2%  lr=1.48e-05    17s
2026-03-23 12:56:28,756 [INFO]   S2 Ep 122/200  loss=2.0409 acc=67.8%  val=81.9%  lr=1.45e-05    16s
2026-03-23 12:56:45,203 [INFO]   S2 Ep 123/200  loss=1.9757 acc=69.3%  val=82.4%  lr=1.41e-05    16s
2026-03-23 12:57:02,325 [INFO]   S2 Ep 124/200  loss=2.0174 acc=69.1%  val=82.0%  lr=1.38e-05    17s
2026-03-23 12:57:19,412 [INFO]   S2 Ep 125/200  loss=2.0082 acc=68.7%  val=82.7%  lr=1.35e-05    17s
2026-03-23 12:57:36,224 [INFO]   S2 Ep 126/200  loss=1.9967 acc=69.1%  val=82.5%  lr=1.32e-05    17s
2026-03-23 12:57:53,090 [INFO]   S2 Ep 127/200  loss=1.9500 acc=70.0%  val=82.4%  lr=1.29e-05    17s
2026-03-23 12:58:09,929 [INFO]   S2 Ep 128/200  loss=1.9715 acc=69.1%  val=82.5%  lr=1.26e-05    17s
2026-03-23 12:58:26,381 [INFO]   S2 Ep 129/200  loss=1.9846 acc=70.1%  val=82.4%  lr=1.23e-05    16s
2026-03-23 12:58:42,924 [INFO]   S2 Ep 130/200  loss=1.9910 acc=69.0%  val=82.2%  lr=1.20e-05    17s
2026-03-23 12:59:00,088 [INFO]   S2 Ep 131/200  loss=1.9667 acc=69.8%  val=82.6%  lr=1.17e-05    17s
2026-03-23 12:59:16,823 [INFO]   S2 Ep 132/200  loss=1.9937 acc=69.0%  val=82.6%  lr=1.14e-05    17s
2026-03-23 12:59:34,048 [INFO]   S2 Ep 133/200  loss=2.0150 acc=67.9%  val=82.8%  lr=1.11e-05    17s
2026-03-23 12:59:51,336 [INFO]   S2 Ep 134/200  loss=1.9987 acc=68.9%  val=83.1%  lr=1.08e-05    17s
2026-03-23 12:59:51,551 [INFO]   ★ best 83.11%
2026-03-23 13:00:08,525 [INFO]   S2 Ep 135/200  loss=2.0065 acc=68.7%  val=82.8%  lr=1.05e-05    17s
2026-03-23 13:00:25,454 [INFO]   S2 Ep 136/200  loss=2.0196 acc=67.4%  val=82.7%  lr=1.02e-05    17s
2026-03-23 13:00:41,994 [INFO]   S2 Ep 137/200  loss=1.9602 acc=69.5%  val=82.6%  lr=9.90e-06    17s
2026-03-23 13:00:58,866 [INFO]   S2 Ep 138/200  loss=1.9454 acc=70.7%  val=82.5%  lr=9.62e-06    17s
2026-03-23 13:01:16,243 [INFO]   S2 Ep 139/200  loss=1.9040 acc=71.6%  val=82.2%  lr=9.34e-06    17s
2026-03-23 13:01:33,307 [INFO]   S2 Ep 140/200  loss=1.9560 acc=69.9%  val=82.6%  lr=9.06e-06    17s
2026-03-23 13:01:50,159 [INFO]   S2 Ep 141/200  loss=2.0399 acc=67.9%  val=83.1%  lr=8.79e-06    17s
2026-03-23 13:01:50,344 [INFO]   ★ best 83.15%
2026-03-23 13:02:07,033 [INFO]   S2 Ep 142/200  loss=2.0471 acc=67.2%  val=82.9%  lr=8.51e-06    17s
2026-03-23 13:02:23,687 [INFO]   S2 Ep 143/200  loss=1.9342 acc=69.7%  val=82.9%  lr=8.24e-06    17s
2026-03-23 13:02:40,597 [INFO]   S2 Ep 144/200  loss=1.9969 acc=68.1%  val=82.3%  lr=7.98e-06    17s
2026-03-23 13:02:57,433 [INFO]   S2 Ep 145/200  loss=1.9205 acc=71.4%  val=82.7%  lr=7.72e-06    17s
2026-03-23 13:03:14,153 [INFO]   S2 Ep 146/200  loss=1.9239 acc=71.1%  val=82.7%  lr=7.46e-06    17s
2026-03-23 13:03:30,445 [INFO]   S2 Ep 147/200  loss=2.0132 acc=67.9%  val=83.1%  lr=7.20e-06    16s
2026-03-23 13:03:47,310 [INFO]   S2 Ep 148/200  loss=1.8906 acc=71.4%  val=83.2%  lr=6.95e-06    17s
2026-03-23 13:03:47,515 [INFO]   ★ best 83.18%
2026-03-23 13:04:04,252 [INFO]   S2 Ep 149/200  loss=1.9132 acc=71.4%  val=82.7%  lr=6.70e-06    17s
2026-03-23 13:04:21,048 [INFO]   S2 Ep 150/200  loss=1.8432 acc=73.0%  val=82.8%  lr=6.45e-06    17s
2026-03-23 13:04:37,670 [INFO]   S2 Ep 151/200  loss=1.9471 acc=70.1%  val=83.1%  lr=6.21e-06    17s
2026-03-23 13:04:54,068 [INFO]   S2 Ep 152/200  loss=1.9511 acc=70.1%  val=83.0%  lr=5.98e-06    16s
2026-03-23 13:05:10,945 [INFO]   S2 Ep 153/200  loss=2.0037 acc=68.1%  val=83.3%  lr=5.74e-06    17s
2026-03-23 13:05:11,137 [INFO]   ★ best 83.32%
2026-03-23 13:05:27,774 [INFO]   S2 Ep 154/200  loss=1.9524 acc=70.3%  val=83.2%  lr=5.51e-06    17s
2026-03-23 13:05:44,193 [INFO]   S2 Ep 155/200  loss=1.9744 acc=68.9%  val=83.5%  lr=5.29e-06    16s
2026-03-23 13:05:44,350 [INFO]   ★ best 83.52%
2026-03-23 13:06:00,983 [INFO]   S2 Ep 156/200  loss=1.8971 acc=71.3%  val=83.1%  lr=5.06e-06    17s
2026-03-23 13:06:17,613 [INFO]   S2 Ep 157/200  loss=1.9681 acc=69.1%  val=83.1%  lr=4.85e-06    17s
2026-03-23 13:06:34,359 [INFO]   S2 Ep 158/200  loss=1.9594 acc=70.1%  val=83.3%  lr=4.63e-06    17s
2026-03-23 13:06:51,297 [INFO]   S2 Ep 159/200  loss=1.8915 acc=71.7%  val=83.1%  lr=4.42e-06    17s
2026-03-23 13:07:07,606 [INFO]   S2 Ep 160/200  loss=1.9680 acc=69.7%  val=83.1%  lr=4.22e-06    16s
2026-03-23 13:07:23,971 [INFO]   S2 Ep 161/200  loss=1.9424 acc=69.9%  val=83.3%  lr=4.02e-06    16s
2026-03-23 13:07:41,040 [INFO]   S2 Ep 162/200  loss=1.8384 acc=73.3%  val=83.1%  lr=3.82e-06    17s
2026-03-23 13:07:57,535 [INFO]   S2 Ep 163/200  loss=1.9444 acc=70.4%  val=83.1%  lr=3.63e-06    16s
2026-03-23 13:08:14,588 [INFO]   S2 Ep 164/200  loss=1.8726 acc=71.7%  val=83.3%  lr=3.44e-06    17s
2026-03-23 13:08:31,460 [INFO]   S2 Ep 165/200  loss=1.9340 acc=69.9%  val=83.2%  lr=3.26e-06    17s
2026-03-23 13:08:48,304 [INFO]   S2 Ep 166/200  loss=1.9060 acc=71.1%  val=83.2%  lr=3.08e-06    17s
2026-03-23 13:09:04,933 [INFO]   S2 Ep 167/200  loss=1.9196 acc=70.4%  val=83.0%  lr=2.90e-06    17s
2026-03-23 13:09:22,170 [INFO]   S2 Ep 168/200  loss=1.8895 acc=70.9%  val=83.4%  lr=2.74e-06    17s
2026-03-23 13:09:39,039 [INFO]   S2 Ep 169/200  loss=1.9171 acc=70.3%  val=83.5%  lr=2.57e-06    17s
2026-03-23 13:09:55,498 [INFO]   S2 Ep 170/200  loss=1.9057 acc=70.9%  val=83.2%  lr=2.41e-06    16s
2026-03-23 13:10:11,859 [INFO]   S2 Ep 171/200  loss=1.8659 acc=72.7%  val=83.5%  lr=2.26e-06    16s
2026-03-23 13:10:28,288 [INFO]   S2 Ep 172/200  loss=1.9204 acc=71.4%  val=83.1%  lr=2.11e-06    16s
2026-03-23 13:10:44,888 [INFO]   S2 Ep 173/200  loss=1.9575 acc=69.8%  val=83.2%  lr=1.96e-06    17s
2026-03-23 13:11:01,666 [INFO]   S2 Ep 174/200  loss=1.8862 acc=71.5%  val=83.2%  lr=1.82e-06    17s
2026-03-23 13:11:18,687 [INFO]   S2 Ep 175/200  loss=1.8621 acc=72.3%  val=83.5%  lr=1.69e-06    17s
2026-03-23 13:11:35,820 [INFO]   S2 Ep 176/200  loss=1.8489 acc=72.7%  val=83.1%  lr=1.56e-06    17s
2026-03-23 13:11:52,893 [INFO]   S2 Ep 177/200  loss=1.9735 acc=69.2%  val=83.1%  lr=1.43e-06    17s
2026-03-23 13:12:09,465 [INFO]   S2 Ep 178/200  loss=1.8778 acc=73.2%  val=83.0%  lr=1.31e-06    17s
2026-03-23 13:12:25,882 [INFO]   S2 Ep 179/200  loss=1.9696 acc=68.3%  val=83.2%  lr=1.19e-06    16s
2026-03-23 13:12:42,557 [INFO]   S2 Ep 180/200  loss=1.9501 acc=69.4%  val=83.0%  lr=1.08e-06    17s
2026-03-23 13:12:58,537 [INFO]   S2 Ep 181/200  loss=1.9539 acc=69.4%  val=83.3%  lr=9.80e-07    16s
2026-03-23 13:13:14,396 [INFO]   S2 Ep 182/200  loss=1.8997 acc=70.7%  val=83.4%  lr=8.80e-07    16s
2026-03-23 13:13:30,467 [INFO]   S2 Ep 183/200  loss=1.8897 acc=71.6%  val=83.4%  lr=7.86e-07    16s
2026-03-23 13:13:46,602 [INFO]   S2 Ep 184/200  loss=1.9034 acc=70.7%  val=83.1%  lr=6.97e-07    16s
2026-03-23 13:14:02,384 [INFO]   S2 Ep 185/200  loss=1.9725 acc=69.0%  val=83.4%  lr=6.13e-07    16s
2026-03-23 13:14:18,546 [INFO]   S2 Ep 186/200  loss=1.9202 acc=69.8%  val=83.2%  lr=5.35e-07    16s
2026-03-23 13:14:34,568 [INFO]   S2 Ep 187/200  loss=1.9050 acc=71.2%  val=83.4%  lr=4.62e-07    16s
2026-03-23 13:14:50,577 [INFO]   S2 Ep 188/200  loss=1.9845 acc=68.1%  val=83.4%  lr=3.94e-07    16s
2026-03-23 13:15:06,976 [INFO]   S2 Ep 189/200  loss=1.8986 acc=70.8%  val=83.4%  lr=3.31e-07    16s
2026-03-23 13:15:23,286 [INFO]   S2 Ep 190/200  loss=1.8833 acc=71.4%  val=83.5%  lr=2.74e-07    16s
2026-03-23 13:15:39,323 [INFO]   S2 Ep 191/200  loss=1.8804 acc=71.9%  val=83.4%  lr=2.22e-07    16s
2026-03-23 13:15:55,072 [INFO]   S2 Ep 192/200  loss=1.9156 acc=70.3%  val=83.5%  lr=1.76e-07    16s
2026-03-23 13:16:11,004 [INFO]   S2 Ep 193/200  loss=1.8803 acc=71.9%  val=83.5%  lr=1.35e-07    16s
2026-03-23 13:16:26,927 [INFO]   S2 Ep 194/200  loss=1.8667 acc=72.1%  val=83.4%  lr=9.98e-08    16s
2026-03-23 13:16:42,894 [INFO]   S2 Ep 195/200  loss=1.9280 acc=70.2%  val=83.4%  lr=6.98e-08    16s
2026-03-23 13:16:42,894 [INFO]   Early stop at ep 195
2026-03-23 13:16:42,895 [INFO] ── Stage 3: SWA (20 ep, lr=4.0e-06) ──
2026-03-23 13:16:58,699 [INFO]   SWA Ep  1/20  loss=1.8675  swa_val=83.0%  16s
2026-03-23 13:17:15,156 [INFO]   SWA Ep  2/20  loss=1.9859  swa_val=83.6%  16s
2026-03-23 13:17:31,727 [INFO]   SWA Ep  3/20  loss=1.8979  swa_val=83.3%  17s
2026-03-23 13:17:47,816 [INFO]   SWA Ep  4/20  loss=1.9282  swa_val=83.5%  16s
2026-03-23 13:18:03,621 [INFO]   SWA Ep  5/20  loss=1.9425  swa_val=83.5%  16s
2026-03-23 13:18:19,136 [INFO]   SWA Ep  6/20  loss=1.9094  swa_val=83.5%  16s
2026-03-23 13:18:34,712 [INFO]   SWA Ep  7/20  loss=1.9468  swa_val=83.6%  16s
2026-03-23 13:18:50,549 [INFO]   SWA Ep  8/20  loss=1.9288  swa_val=83.6%  16s
2026-03-23 13:19:06,145 [INFO]   SWA Ep  9/20  loss=1.9460  swa_val=83.5%  16s
2026-03-23 13:19:22,084 [INFO]   SWA Ep 10/20  loss=1.9026  swa_val=83.4%  16s
2026-03-23 13:19:37,947 [INFO]   SWA Ep 11/20  loss=1.8706  swa_val=83.4%  16s
2026-03-23 13:19:53,736 [INFO]   SWA Ep 12/20  loss=1.9376  swa_val=83.3%  16s
2026-03-23 13:20:09,274 [INFO]   SWA Ep 13/20  loss=1.9091  swa_val=83.2%  16s
2026-03-23 13:20:25,488 [INFO]   SWA Ep 14/20  loss=1.8922  swa_val=83.2%  16s
2026-03-23 13:20:41,722 [INFO]   SWA Ep 15/20  loss=1.8962  swa_val=83.1%  16s
2026-03-23 13:20:57,635 [INFO]   SWA Ep 16/20  loss=2.0124  swa_val=83.1%  16s
2026-03-23 13:21:13,286 [INFO]   SWA Ep 17/20  loss=1.9294  swa_val=83.3%  16s
2026-03-23 13:21:28,855 [INFO]   SWA Ep 18/20  loss=1.9259  swa_val=83.1%  16s
2026-03-23 13:21:44,312 [INFO]   SWA Ep 19/20  loss=1.9290  swa_val=83.2%  15s
2026-03-23 13:21:59,765 [INFO]   SWA Ep 20/20  loss=1.9510  swa_val=83.2%  15s
2026-03-23 13:22:01,856 [INFO]   SWA final: 83.21% (regular best: 83.52%)
2026-03-23 13:22:01,856 [INFO]   Fold 0 best: 83.52%
2026-03-23 13:22:37,290 [INFO] TTA changed 371 / 9828 (3.8%)
2026-03-23 13:22:37,299 [INFO] Done.
