2026-03-17 00:13:01,364 [INFO] GPU : NVIDIA H200
2026-03-17 00:13:01,364 [INFO] Config : {
  "data_dir": "/data/slr/track2_",
  "output_dir": "/data/slr/checkpoints_vit_v9",
  "max_frames": 48,
  "n_classes": 126,
  "channel_means": [
    -64.3217,
    -62.9119,
    -63.9254
  ],
  "channel_stds": [
    12.5721,
    11.662,
    11.7259
  ],
  "n_folds": 5,
  "batch_size": 64,
  "num_workers": 4,
  "img_size": 224,
  "stage1_epochs": 5,
  "stage1_lr": 0.0002,
  "stage2_epochs": 150,
  "stage2_lr": 2e-05,
  "weight_decay": 0.05,
  "warmup_pct": 0.1,
  "label_smoothing": 0.1,
  "early_stopping_patience": 40,
  "grad_clip_norm": 1.0,
  "llrd_decay": 0.85,
  "kd_alpha": 0.5,
  "kd_tau": 4.0,
  "pseudo_label_threshold": 0.6,
  "mixup_alpha": 0.4,
  "cutmix_alpha": 1.0,
  "cutmix_prob": 0.5,
  "time_mask_max": 8,
  "range_mask_max": 30,
  "noise_std": 0.1,
  "time_warp_lo": 0.8,
  "time_warp_hi": 1.2,
  "time_reverse_prob": 0.5,
  "channel_shuffle_prob": 0.2,
  "channel_drop_prob": 0.1,
  "random_erase_prob": 0.2,
  "circ_shift_prob": 0.3,
  "circ_shift_max": 8,
  "amp_scale_prob": 0.5,
  "amp_scale_lo": 0.8,
  "amp_scale_hi": 1.2,
  "model_name": "caformer_s18.sail_in22k_ft_in1k",
  "drop_path_rate": 0.15,
  "proj_dim": 384,
  "drop_rate": 0.3,
  "ms_dropout_samples": 5,
  "seed": 42
}
2026-03-17 00:13:01,439 [INFO] Train: 14742  |  Eval: 9828  |  Classes: 126
2026-03-17 00:13:01,439 [INFO] Pre-loading training data …
2026-03-17 00:13:03,877 [INFO] Pre-loading eval data …
2026-03-17 00:13:05,485 [INFO] Generating pseudo-labels (threshold=0.60) …
2026-03-17 00:13:08,601 [INFO]   Loaded 10 teacher models
2026-03-17 00:14:13,832 [INFO]   Pseudo-labeled: 8356 / 9828 kept (85.0%); avg conf = 0.861
2026-03-17 00:14:13,849 [INFO] Pre-computing teacher soft labels …
2026-03-17 00:14:16,670 [INFO]   Loaded 10 teacher models
2026-03-17 00:15:16,258 [INFO]   Soft labels ready: 14742 samples
2026-03-17 00:15:16,261 [INFO] KD: α=0.50  τ=4.0  | PL: 8356 extra samples
2026-03-17 00:15:16,602 [INFO] MultiScaleCAFormer: 23.68M params
2026-03-17 00:15:16,608 [INFO] ================================================================
2026-03-17 00:15:16,608 [INFO] FOLD 1 / 5
2026-03-17 00:15:16,608 [INFO] ================================================================
2026-03-17 00:15:16,610 [INFO]   Train: 20149 (orig 11793 + PL 8356)  |  Val: 2949
2026-03-17 00:15:16,790 [INFO] Loading pretrained weights from Hugging Face hub (timm/caformer_s18.sail_in22k_ft_in1k)
2026-03-17 00:15:17,063 [INFO] HTTP Request: HEAD https://huggingface.co/timm/caformer_s18.sail_in22k_ft_in1k/resolve/main/model.safetensors "HTTP/1.1 302 Found"
2026-03-17 00:15:17,064 [INFO] [timm/caformer_s18.sail_in22k_ft_in1k] Safe alternative available for 'pytorch_model.bin' (as 'model.safetensors'). Loading weights using safetensors.
2026-03-17 00:15:17,077 [INFO] Missing keys (head.fc.fc2.weight, head.fc.fc2.bias) discovered while loading pretrained weights. This is expected if model is being adapted.
2026-03-17 00:15:17,166 [INFO]   Born-again ← best_fold0.pt (val 88.71%)
2026-03-17 00:15:17,167 [INFO] ── Stage 1: head-only warmup (5 epochs, no mix) ──
2026-03-17 00:15:50,319 [INFO]   S1 Ep  1/5  train 0.5112 / 95.7%  val 1.1792 / 88.7%    33s
2026-03-17 00:15:50,405 [INFO]   ★ best 88.67%
2026-03-17 00:16:01,557 [INFO]   S1 Ep  2/5  train 0.5193 / 95.3%  val 1.1838 / 88.5%    11s
2026-03-17 00:16:12,820 [INFO]   S1 Ep  3/5  train 0.5179 / 95.2%  val 1.1776 / 88.7%    11s
2026-03-17 00:16:12,930 [INFO]   ★ best 88.71%
2026-03-17 00:16:23,930 [INFO]   S1 Ep  4/5  train 0.5156 / 95.4%  val 1.1764 / 88.7%    11s
2026-03-17 00:16:24,046 [INFO]   ★ best 88.74%
2026-03-17 00:16:35,066 [INFO]   S1 Ep  5/5  train 0.5091 / 95.5%  val 1.1758 / 88.6%    11s
2026-03-17 00:16:35,066 [INFO] Stage 1 done — best val: 88.74%
2026-03-17 00:16:35,067 [INFO] ── Stage 2: full fine-tune + LLRD (150 epochs, patience 40) ──
2026-03-17 00:16:35,068 [INFO] LLRD: 10 groups, LR [1.04e-05 … 2.00e-05]
2026-03-17 00:17:20,592 [INFO]   S2 Ep   1/150  train 1.1006 / 70.4%  val 1.1748 / 88.4%  lr 1.01e-06  GeM_p=2.16    46s
2026-03-17 00:17:55,625 [INFO]   S2 Ep   2/150  train 1.1018 / 69.7%  val 1.1748 / 88.4%  lr 1.63e-06  GeM_p=2.16    35s
2026-03-17 00:18:30,599 [INFO]   S2 Ep   3/150  train 1.0973 / 70.7%  val 1.1759 / 88.6%  lr 2.63e-06  GeM_p=2.16    35s
2026-03-17 00:19:05,590 [INFO]   S2 Ep   4/150  train 1.1230 / 68.9%  val 1.1796 / 88.1%  lr 3.98e-06  GeM_p=2.16    35s
2026-03-17 00:19:40,494 [INFO]   S2 Ep   5/150  train 1.0620 / 72.2%  val 1.1732 / 88.6%  lr 5.60e-06  GeM_p=2.16    35s
2026-03-17 00:20:15,422 [INFO]   S2 Ep   6/150  train 1.0975 / 70.1%  val 1.1725 / 88.0%  lr 7.44e-06  GeM_p=2.16    35s
2026-03-17 00:20:50,434 [INFO]   S2 Ep   7/150  train 1.0985 / 70.3%  val 1.1751 / 88.5%  lr 9.40e-06  GeM_p=2.16    35s
2026-03-17 00:21:25,429 [INFO]   S2 Ep   8/150  train 1.1172 / 69.1%  val 1.1878 / 88.0%  lr 1.14e-05  GeM_p=2.16    35s
2026-03-17 00:22:00,425 [INFO]   S2 Ep   9/150  train 1.1189 / 69.2%  val 1.1779 / 88.3%  lr 1.34e-05  GeM_p=2.16    35s
2026-03-17 00:22:35,397 [INFO]   S2 Ep  10/150  train 1.0942 / 70.8%  val 1.1749 / 88.6%  lr 1.52e-05  GeM_p=2.16    35s
2026-03-17 00:23:10,379 [INFO]   S2 Ep  11/150  train 1.0949 / 70.5%  val 1.1862 / 88.1%  lr 1.68e-05  GeM_p=2.16    35s
2026-03-17 00:23:45,345 [INFO]   S2 Ep  12/150  train 1.1406 / 68.5%  val 1.1869 / 88.2%  lr 1.82e-05  GeM_p=2.16    35s
2026-03-17 00:24:20,357 [INFO]   S2 Ep  13/150  train 1.1093 / 69.7%  val 1.1688 / 88.5%  lr 1.92e-05  GeM_p=2.16    35s
2026-03-17 00:24:55,332 [INFO]   S2 Ep  14/150  train 1.1202 / 68.5%  val 1.1969 / 87.9%  lr 1.98e-05  GeM_p=2.16    35s
2026-03-17 00:25:30,311 [INFO]   S2 Ep  15/150  train 1.1127 / 69.5%  val 1.1878 / 88.1%  lr 2.00e-05  GeM_p=2.16    35s
2026-03-17 00:26:05,244 [INFO]   S2 Ep  16/150  train 1.1136 / 69.4%  val 1.1807 / 88.3%  lr 2.00e-05  GeM_p=2.16    35s
2026-03-17 00:26:40,197 [INFO]   S2 Ep  17/150  train 1.1032 / 70.5%  val 1.1883 / 88.6%  lr 2.00e-05  GeM_p=2.15    35s
2026-03-17 00:27:15,147 [INFO]   S2 Ep  18/150  train 1.1138 / 69.1%  val 1.1786 / 88.4%  lr 2.00e-05  GeM_p=2.15    35s
2026-03-17 00:27:50,132 [INFO]   S2 Ep  19/150  train 1.1060 / 70.4%  val 1.1983 / 87.8%  lr 2.00e-05  GeM_p=2.15    35s
2026-03-17 00:28:25,103 [INFO]   S2 Ep  20/150  train 1.1049 / 70.3%  val 1.1881 / 87.8%  lr 1.99e-05  GeM_p=2.15    35s
2026-03-17 00:29:00,062 [INFO]   S2 Ep  21/150  train 1.0833 / 70.8%  val 1.1964 / 87.9%  lr 1.99e-05  GeM_p=2.15    35s
2026-03-17 00:29:35,045 [INFO]   S2 Ep  22/150  train 1.0890 / 70.8%  val 1.1944 / 87.8%  lr 1.99e-05  GeM_p=2.15    35s
2026-03-17 00:30:10,052 [INFO]   S2 Ep  23/150  train 1.1037 / 69.7%  val 1.1910 / 88.1%  lr 1.98e-05  GeM_p=2.15    35s
2026-03-17 00:30:45,057 [INFO]   S2 Ep  24/150  train 1.1145 / 69.5%  val 1.1853 / 88.4%  lr 1.98e-05  GeM_p=2.15    35s
2026-03-17 00:31:19,972 [INFO]   S2 Ep  25/150  train 1.0631 / 72.0%  val 1.1813 / 88.3%  lr 1.97e-05  GeM_p=2.15    35s
2026-03-17 00:31:54,929 [INFO]   S2 Ep  26/150  train 1.1014 / 70.1%  val 1.1802 / 88.7%  lr 1.97e-05  GeM_p=2.15    35s
2026-03-17 00:32:29,902 [INFO]   S2 Ep  27/150  train 1.1419 / 68.4%  val 1.1858 / 88.4%  lr 1.96e-05  GeM_p=2.15    35s
2026-03-17 00:33:04,901 [INFO]   S2 Ep  28/150  train 1.0821 / 70.8%  val 1.1776 / 88.7%  lr 1.95e-05  GeM_p=2.15    35s
2026-03-17 00:33:39,878 [INFO]   S2 Ep  29/150  train 1.0812 / 71.6%  val 1.1882 / 88.3%  lr 1.95e-05  GeM_p=2.15    35s
2026-03-17 00:34:14,901 [INFO]   S2 Ep  30/150  train 1.0680 / 72.1%  val 1.1793 / 88.2%  lr 1.94e-05  GeM_p=2.15    35s
2026-03-17 00:34:49,915 [INFO]   S2 Ep  31/150  train 1.0573 / 72.0%  val 1.1892 / 88.1%  lr 1.93e-05  GeM_p=2.15    35s
2026-03-17 00:35:24,914 [INFO]   S2 Ep  32/150  train 1.1048 / 70.1%  val 1.1618 / 88.6%  lr 1.92e-05  GeM_p=2.15    35s
2026-03-17 00:35:59,891 [INFO]   S2 Ep  33/150  train 1.0681 / 70.8%  val 1.1908 / 88.1%  lr 1.91e-05  GeM_p=2.15    35s
2026-03-17 00:36:34,829 [INFO]   S2 Ep  34/150  train 1.0753 / 71.6%  val 1.1770 / 88.1%  lr 1.90e-05  GeM_p=2.15    35s
2026-03-17 00:37:09,842 [INFO]   S2 Ep  35/150  train 1.1042 / 70.4%  val 1.1771 / 88.6%  lr 1.89e-05  GeM_p=2.15    35s
2026-03-17 00:37:44,812 [INFO]   S2 Ep  36/150  train 1.0711 / 71.3%  val 1.1703 / 88.6%  lr 1.88e-05  GeM_p=2.15    35s
2026-03-17 00:38:19,798 [INFO]   S2 Ep  37/150  train 1.0459 / 72.8%  val 1.1801 / 88.6%  lr 1.87e-05  GeM_p=2.14    35s
2026-03-17 00:38:54,759 [INFO]   S2 Ep  38/150  train 1.1045 / 69.7%  val 1.1787 / 88.4%  lr 1.86e-05  GeM_p=2.14    35s
2026-03-17 00:39:29,712 [INFO]   S2 Ep  39/150  train 1.1340 / 68.4%  val 1.1801 / 88.5%  lr 1.85e-05  GeM_p=2.14    35s
2026-03-17 00:40:04,707 [INFO]   S2 Ep  40/150  train 1.0342 / 74.1%  val 1.1782 / 88.4%  lr 1.84e-05  GeM_p=2.14    35s
2026-03-17 00:40:04,712 [INFO]   Early stopping at S2 epoch 40
2026-03-17 00:40:04,712 [INFO]   Fold 1 best val acc: 88.74%
2026-03-17 00:40:04,948 [INFO] ================================================================
2026-03-17 00:40:04,948 [INFO] FOLD 2 / 5
2026-03-17 00:40:04,948 [INFO] ================================================================
2026-03-17 00:40:04,951 [INFO]   Train: 20149 (orig 11793 + PL 8356)  |  Val: 2949
2026-03-17 00:40:05,156 [INFO] Loading pretrained weights from Hugging Face hub (timm/caformer_s18.sail_in22k_ft_in1k)
2026-03-17 00:40:10,353 [INFO] HTTP Request: HEAD https://huggingface.co/timm/caformer_s18.sail_in22k_ft_in1k/resolve/main/model.safetensors "HTTP/1.1 302 Found"
2026-03-17 00:40:10,354 [INFO] [timm/caformer_s18.sail_in22k_ft_in1k] Safe alternative available for 'pytorch_model.bin' (as 'model.safetensors'). Loading weights using safetensors.
2026-03-17 00:40:10,377 [INFO] Missing keys (head.fc.fc2.weight, head.fc.fc2.bias) discovered while loading pretrained weights. This is expected if model is being adapted.
2026-03-17 00:40:10,468 [INFO]   Born-again ← best_fold1.pt (val 87.72%)
2026-03-17 00:40:10,469 [INFO] ── Stage 1: head-only warmup (5 epochs, no mix) ──
2026-03-17 00:40:22,073 [INFO]   S1 Ep  1/5  train 0.5214 / 95.1%  val 1.2082 / 87.6%    12s
2026-03-17 00:40:22,175 [INFO]   ★ best 87.56%
2026-03-17 00:40:33,201 [INFO]   S1 Ep  2/5  train 0.5228 / 95.1%  val 1.2071 / 87.7%    11s
2026-03-17 00:40:33,322 [INFO]   ★ best 87.72%
2026-03-17 00:40:44,469 [INFO]   S1 Ep  3/5  train 0.5243 / 94.9%  val 1.2048 / 87.5%    11s
2026-03-17 00:40:55,535 [INFO]   S1 Ep  4/5  train 0.5164 / 95.5%  val 1.2044 / 87.7%    11s
2026-03-17 00:41:06,507 [INFO]   S1 Ep  5/5  train 0.5200 / 94.8%  val 1.2042 / 87.7%    11s
2026-03-17 00:41:06,507 [INFO] Stage 1 done — best val: 87.72%
2026-03-17 00:41:06,507 [INFO] ── Stage 2: full fine-tune + LLRD (150 epochs, patience 40) ──
2026-03-17 00:41:06,508 [INFO] LLRD: 10 groups, LR [1.04e-05 … 2.00e-05]
2026-03-17 00:41:41,479 [INFO]   S2 Ep   1/150  train 1.1094 / 69.8%  val 1.2025 / 87.6%  lr 1.01e-06  GeM_p=2.18    35s
2026-03-17 00:42:16,395 [INFO]   S2 Ep   2/150  train 1.1231 / 69.3%  val 1.2006 / 87.6%  lr 1.63e-06  GeM_p=2.18    35s
2026-03-17 00:42:51,350 [INFO]   S2 Ep   3/150  train 1.1011 / 70.0%  val 1.1962 / 87.7%  lr 2.63e-06  GeM_p=2.18    35s
2026-03-17 00:43:26,304 [INFO]   S2 Ep   4/150  train 1.0753 / 71.6%  val 1.1998 / 87.5%  lr 3.98e-06  GeM_p=2.18    35s
2026-03-17 00:44:01,227 [INFO]   S2 Ep   5/150  train 1.0819 / 71.1%  val 1.2021 / 87.6%  lr 5.60e-06  GeM_p=2.18    35s
2026-03-17 00:44:36,177 [INFO]   S2 Ep   6/150  train 1.1023 / 70.2%  val 1.2013 / 87.4%  lr 7.44e-06  GeM_p=2.18    35s
2026-03-17 00:45:11,111 [INFO]   S2 Ep   7/150  train 1.0975 / 70.3%  val 1.2093 / 87.2%  lr 9.40e-06  GeM_p=2.18    35s
2026-03-17 00:45:46,030 [INFO]   S2 Ep   8/150  train 1.1038 / 70.5%  val 1.2006 / 87.3%  lr 1.14e-05  GeM_p=2.18    35s
2026-03-17 00:46:21,026 [INFO]   S2 Ep   9/150  train 1.1126 / 69.4%  val 1.2098 / 87.2%  lr 1.34e-05  GeM_p=2.18    35s
2026-03-17 00:46:55,973 [INFO]   S2 Ep  10/150  train 1.0951 / 70.4%  val 1.1988 / 87.6%  lr 1.52e-05  GeM_p=2.18    35s
2026-03-17 00:47:30,898 [INFO]   S2 Ep  11/150  train 1.0840 / 71.2%  val 1.1932 / 88.2%  lr 1.68e-05  GeM_p=2.18    35s
2026-03-17 00:47:31,026 [INFO]   ★ best 88.17% → /data/slr/checkpoints_vit_v9/best_fold1.pt
2026-03-17 00:48:06,032 [INFO]   S2 Ep  12/150  train 1.1488 / 67.5%  val 1.2098 / 87.7%  lr 1.82e-05  GeM_p=2.18    35s
2026-03-17 00:48:40,997 [INFO]   S2 Ep  13/150  train 1.1107 / 69.7%  val 1.2006 / 87.5%  lr 1.92e-05  GeM_p=2.18    35s
2026-03-17 00:49:15,955 [INFO]   S2 Ep  14/150  train 1.0879 / 71.0%  val 1.2170 / 86.9%  lr 1.98e-05  GeM_p=2.18    35s
2026-03-17 00:49:50,917 [INFO]   S2 Ep  15/150  train 1.1098 / 69.9%  val 1.2093 / 87.3%  lr 2.00e-05  GeM_p=2.18    35s
2026-03-17 00:50:25,902 [INFO]   S2 Ep  16/150  train 1.1119 / 70.2%  val 1.2066 / 87.5%  lr 2.00e-05  GeM_p=2.18    35s
2026-03-17 00:51:00,842 [INFO]   S2 Ep  17/150  train 1.1173 / 69.7%  val 1.2140 / 87.6%  lr 2.00e-05  GeM_p=2.18    35s
2026-03-17 00:51:35,804 [INFO]   S2 Ep  18/150  train 1.0809 / 71.2%  val 1.2178 / 86.8%  lr 2.00e-05  GeM_p=2.18    35s
2026-03-17 00:52:10,761 [INFO]   S2 Ep  19/150  train 1.0924 / 70.6%  val 1.2156 / 87.2%  lr 2.00e-05  GeM_p=2.18    35s
2026-03-17 00:52:45,703 [INFO]   S2 Ep  20/150  train 1.1120 / 69.7%  val 1.2060 / 87.8%  lr 1.99e-05  GeM_p=2.18    35s
2026-03-17 00:53:20,705 [INFO]   S2 Ep  21/150  train 1.0923 / 70.7%  val 1.2227 / 87.5%  lr 1.99e-05  GeM_p=2.18    35s
2026-03-17 00:53:55,735 [INFO]   S2 Ep  22/150  train 1.1110 / 69.7%  val 1.2093 / 87.8%  lr 1.99e-05  GeM_p=2.18    35s
2026-03-17 00:54:30,686 [INFO]   S2 Ep  23/150  train 1.1005 / 70.2%  val 1.1950 / 88.5%  lr 1.98e-05  GeM_p=2.18    35s
2026-03-17 00:54:30,807 [INFO]   ★ best 88.50% → /data/slr/checkpoints_vit_v9/best_fold1.pt
2026-03-17 00:55:05,743 [INFO]   S2 Ep  24/150  train 1.1272 / 68.8%  val 1.2057 / 87.7%  lr 1.98e-05  GeM_p=2.18    35s
2026-03-17 00:55:40,677 [INFO]   S2 Ep  25/150  train 1.0545 / 72.3%  val 1.2177 / 87.5%  lr 1.97e-05  GeM_p=2.18    35s
2026-03-17 00:56:15,629 [INFO]   S2 Ep  26/150  train 1.1029 / 69.7%  val 1.2110 / 87.5%  lr 1.97e-05  GeM_p=2.18    35s
2026-03-17 00:56:50,598 [INFO]   S2 Ep  27/150  train 1.0864 / 71.0%  val 1.2003 / 87.8%  lr 1.96e-05  GeM_p=2.18    35s
2026-03-17 00:57:25,606 [INFO]   S2 Ep  28/150  train 1.1139 / 69.0%  val 1.2079 / 87.5%  lr 1.95e-05  GeM_p=2.17    35s
2026-03-17 00:58:00,558 [INFO]   S2 Ep  29/150  train 1.1250 / 68.9%  val 1.1942 / 87.6%  lr 1.95e-05  GeM_p=2.17    35s
2026-03-17 00:58:35,506 [INFO]   S2 Ep  30/150  train 1.0911 / 70.6%  val 1.2106 / 87.0%  lr 1.94e-05  GeM_p=2.18    35s
2026-03-17 00:59:10,494 [INFO]   S2 Ep  31/150  train 1.0861 / 70.8%  val 1.2002 / 87.5%  lr 1.93e-05  GeM_p=2.17    35s
2026-03-17 00:59:45,441 [INFO]   S2 Ep  32/150  train 1.1087 / 70.0%  val 1.2027 / 87.8%  lr 1.92e-05  GeM_p=2.17    35s
2026-03-17 01:00:20,459 [INFO]   S2 Ep  33/150  train 1.1184 / 69.4%  val 1.2061 / 87.7%  lr 1.91e-05  GeM_p=2.17    35s
2026-03-17 01:00:55,572 [INFO]   S2 Ep  34/150  train 1.1002 / 70.2%  val 1.2146 / 87.5%  lr 1.90e-05  GeM_p=2.17    35s
2026-03-17 01:01:30,508 [INFO]   S2 Ep  35/150  train 1.0733 / 71.4%  val 1.2162 / 87.6%  lr 1.89e-05  GeM_p=2.17    35s
2026-03-17 01:02:05,449 [INFO]   S2 Ep  36/150  train 1.1132 / 68.8%  val 1.2023 / 87.8%  lr 1.88e-05  GeM_p=2.17    35s
2026-03-17 01:02:40,414 [INFO]   S2 Ep  37/150  train 1.1136 / 69.3%  val 1.2071 / 87.5%  lr 1.87e-05  GeM_p=2.17    35s
2026-03-17 01:03:15,352 [INFO]   S2 Ep  38/150  train 1.0535 / 72.4%  val 1.2044 / 87.5%  lr 1.86e-05  GeM_p=2.17    35s
2026-03-17 01:03:50,327 [INFO]   S2 Ep  39/150  train 1.0846 / 70.5%  val 1.2001 / 88.1%  lr 1.85e-05  GeM_p=2.17    35s
2026-03-17 01:04:25,315 [INFO]   S2 Ep  40/150  train 1.0968 / 70.0%  val 1.2001 / 88.1%  lr 1.84e-05  GeM_p=2.17    35s
2026-03-17 01:05:00,289 [INFO]   S2 Ep  41/150  train 1.0502 / 72.8%  val 1.2007 / 88.2%  lr 1.82e-05  GeM_p=2.17    35s
2026-03-17 01:05:35,274 [INFO]   S2 Ep  42/150  train 1.0638 / 71.9%  val 1.2043 / 87.8%  lr 1.81e-05  GeM_p=2.17    35s
2026-03-17 01:06:10,237 [INFO]   S2 Ep  43/150  train 1.0656 / 71.7%  val 1.1945 / 88.0%  lr 1.80e-05  GeM_p=2.17    35s
2026-03-17 01:06:45,269 [INFO]   S2 Ep  44/150  train 1.0274 / 73.8%  val 1.1872 / 88.3%  lr 1.78e-05  GeM_p=2.17    35s
2026-03-17 01:07:20,242 [INFO]   S2 Ep  45/150  train 1.0522 / 72.4%  val 1.1985 / 88.3%  lr 1.77e-05  GeM_p=2.17    35s
2026-03-17 01:07:55,268 [INFO]   S2 Ep  46/150  train 1.0491 / 71.8%  val 1.1996 / 87.8%  lr 1.75e-05  GeM_p=2.17    35s
2026-03-17 01:08:30,268 [INFO]   S2 Ep  47/150  train 1.0325 / 73.0%  val 1.1988 / 87.6%  lr 1.74e-05  GeM_p=2.17    35s
2026-03-17 01:09:05,239 [INFO]   S2 Ep  48/150  train 1.0897 / 70.5%  val 1.1996 / 87.6%  lr 1.72e-05  GeM_p=2.17    35s
2026-03-17 01:09:40,231 [INFO]   S2 Ep  49/150  train 1.0987 / 69.5%  val 1.1979 / 87.7%  lr 1.70e-05  GeM_p=2.17    35s
2026-03-17 01:10:15,156 [INFO]   S2 Ep  50/150  train 1.0602 / 71.9%  val 1.2072 / 88.0%  lr 1.69e-05  GeM_p=2.17    35s
2026-03-17 01:10:50,197 [INFO]   S2 Ep  51/150  train 1.0700 / 71.2%  val 1.1910 / 88.2%  lr 1.67e-05  GeM_p=2.17    35s
2026-03-17 01:11:25,143 [INFO]   S2 Ep  52/150  train 1.0926 / 69.7%  val 1.1868 / 88.5%  lr 1.65e-05  GeM_p=2.17    35s
2026-03-17 01:12:00,099 [INFO]   S2 Ep  53/150  train 1.0796 / 70.8%  val 1.1868 / 88.4%  lr 1.63e-05  GeM_p=2.16    35s
2026-03-17 01:12:35,104 [INFO]   S2 Ep  54/150  train 1.1184 / 68.5%  val 1.1931 / 88.1%  lr 1.62e-05  GeM_p=2.16    35s
2026-03-17 01:13:10,074 [INFO]   S2 Ep  55/150  train 1.0759 / 71.0%  val 1.1887 / 88.0%  lr 1.60e-05  GeM_p=2.16    35s
2026-03-17 01:13:45,038 [INFO]   S2 Ep  56/150  train 1.0643 / 71.7%  val 1.2010 / 88.2%  lr 1.58e-05  GeM_p=2.16    35s
2026-03-17 01:14:19,987 [INFO]   S2 Ep  57/150  train 1.0633 / 72.2%  val 1.1901 / 88.3%  lr 1.56e-05  GeM_p=2.16    35s
2026-03-17 01:14:54,917 [INFO]   S2 Ep  58/150  train 1.0719 / 71.3%  val 1.1965 / 88.0%  lr 1.54e-05  GeM_p=2.16    35s
2026-03-17 01:15:29,937 [INFO]   S2 Ep  59/150  train 1.0525 / 71.8%  val 1.2063 / 87.5%  lr 1.52e-05  GeM_p=2.16    35s
2026-03-17 01:16:04,866 [INFO]   S2 Ep  60/150  train 1.0430 / 72.0%  val 1.2095 / 87.8%  lr 1.50e-05  GeM_p=2.16    35s
2026-03-17 01:16:39,854 [INFO]   S2 Ep  61/150  train 1.0590 / 72.2%  val 1.2050 / 87.7%  lr 1.48e-05  GeM_p=2.16    35s
2026-03-17 01:17:14,835 [INFO]   S2 Ep  62/150  train 1.0605 / 71.5%  val 1.1898 / 88.1%  lr 1.46e-05  GeM_p=2.16    35s
2026-03-17 01:17:49,837 [INFO]   S2 Ep  63/150  train 1.0705 / 71.5%  val 1.1868 / 88.5%  lr 1.44e-05  GeM_p=2.16    35s
2026-03-17 01:17:49,957 [INFO]   ★ best 88.54% → /data/slr/checkpoints_vit_v9/best_fold1.pt
2026-03-17 01:18:24,938 [INFO]   S2 Ep  64/150  train 1.0788 / 70.7%  val 1.2019 / 88.1%  lr 1.42e-05  GeM_p=2.16    35s
2026-03-17 01:18:59,919 [INFO]   S2 Ep  65/150  train 1.0910 / 70.5%  val 1.1857 / 88.1%  lr 1.40e-05  GeM_p=2.16    35s
2026-03-17 01:19:34,938 [INFO]   S2 Ep  66/150  train 1.0766 / 70.9%  val 1.1916 / 88.2%  lr 1.37e-05  GeM_p=2.16    35s
2026-03-17 01:20:09,957 [INFO]   S2 Ep  67/150  train 1.0660 / 71.0%  val 1.1936 / 88.2%  lr 1.35e-05  GeM_p=2.16    35s
2026-03-17 01:20:44,936 [INFO]   S2 Ep  68/150  train 1.0088 / 74.4%  val 1.1935 / 87.9%  lr 1.33e-05  GeM_p=2.16    35s
2026-03-17 01:21:19,975 [INFO]   S2 Ep  69/150  train 1.0416 / 72.5%  val 1.1969 / 88.0%  lr 1.31e-05  GeM_p=2.16    35s
2026-03-17 01:21:54,933 [INFO]   S2 Ep  70/150  train 1.0836 / 71.0%  val 1.2005 / 87.7%  lr 1.29e-05  GeM_p=2.16    35s
2026-03-17 01:22:29,899 [INFO]   S2 Ep  71/150  train 1.0972 / 69.9%  val 1.1928 / 88.0%  lr 1.26e-05  GeM_p=2.16    35s
2026-03-17 01:23:04,813 [INFO]   S2 Ep  72/150  train 1.0324 / 72.4%  val 1.1853 / 88.3%  lr 1.24e-05  GeM_p=2.16    35s
2026-03-17 01:23:39,758 [INFO]   S2 Ep  73/150  train 1.0795 / 70.6%  val 1.1802 / 88.4%  lr 1.22e-05  GeM_p=2.16    35s
2026-03-17 01:24:14,723 [INFO]   S2 Ep  74/150  train 1.0358 / 73.2%  val 1.1917 / 88.0%  lr 1.20e-05  GeM_p=2.16    35s
2026-03-17 01:24:49,659 [INFO]   S2 Ep  75/150  train 1.0678 / 71.2%  val 1.1757 / 88.0%  lr 1.17e-05  GeM_p=2.16    35s
2026-03-17 01:25:24,652 [INFO]   S2 Ep  76/150  train 1.0006 / 74.3%  val 1.1873 / 88.1%  lr 1.15e-05  GeM_p=2.16    35s
2026-03-17 01:25:59,693 [INFO]   S2 Ep  77/150  train 1.0288 / 73.4%  val 1.1885 / 88.0%  lr 1.13e-05  GeM_p=2.16    35s
2026-03-17 01:26:34,687 [INFO]   S2 Ep  78/150  train 1.0438 / 72.4%  val 1.1883 / 88.2%  lr 1.10e-05  GeM_p=2.16    35s
2026-03-17 01:27:09,727 [INFO]   S2 Ep  79/150  train 1.0770 / 70.3%  val 1.1895 / 88.1%  lr 1.08e-05  GeM_p=2.16    35s
2026-03-17 01:27:44,692 [INFO]   S2 Ep  80/150  train 1.0731 / 71.5%  val 1.1806 / 88.9%  lr 1.06e-05  GeM_p=2.16    35s
2026-03-17 01:27:44,816 [INFO]   ★ best 88.88% → /data/slr/checkpoints_vit_v9/best_fold1.pt
2026-03-17 01:28:19,781 [INFO]   S2 Ep  81/150  train 1.0613 / 71.5%  val 1.1957 / 87.8%  lr 1.03e-05  GeM_p=2.16    35s
2026-03-17 01:28:54,829 [INFO]   S2 Ep  82/150  train 1.0361 / 72.6%  val 1.1893 / 88.1%  lr 1.01e-05  GeM_p=2.16    35s
2026-03-17 01:29:29,870 [INFO]   S2 Ep  83/150  train 1.0646 / 71.7%  val 1.1825 / 88.4%  lr 9.88e-06  GeM_p=2.16    35s
2026-03-17 01:30:04,850 [INFO]   S2 Ep  84/150  train 1.0312 / 73.2%  val 1.1954 / 88.2%  lr 9.65e-06  GeM_p=2.16    35s
2026-03-17 01:30:39,782 [INFO]   S2 Ep  85/150  train 1.0715 / 71.3%  val 1.1937 / 87.9%  lr 9.42e-06  GeM_p=2.16    35s
2026-03-17 01:31:14,763 [INFO]   S2 Ep  86/150  train 1.0388 / 73.2%  val 1.1885 / 88.3%  lr 9.19e-06  GeM_p=2.16    35s
2026-03-17 01:31:49,708 [INFO]   S2 Ep  87/150  train 1.0211 / 73.7%  val 1.1954 / 88.1%  lr 8.95e-06  GeM_p=2.16    35s
2026-03-17 01:32:24,687 [INFO]   S2 Ep  88/150  train 1.0144 / 73.4%  val 1.1817 / 88.3%  lr 8.72e-06  GeM_p=2.16    35s
2026-03-17 01:32:59,680 [INFO]   S2 Ep  89/150  train 1.0400 / 72.2%  val 1.1937 / 87.9%  lr 8.49e-06  GeM_p=2.16    35s
2026-03-17 01:33:34,664 [INFO]   S2 Ep  90/150  train 1.0282 / 72.7%  val 1.1776 / 88.5%  lr 8.26e-06  GeM_p=2.16    35s
2026-03-17 01:34:09,654 [INFO]   S2 Ep  91/150  train 1.0397 / 72.3%  val 1.1841 / 88.4%  lr 8.03e-06  GeM_p=2.16    35s
2026-03-17 01:34:44,620 [INFO]   S2 Ep  92/150  train 1.0392 / 72.1%  val 1.1747 / 88.6%  lr 7.81e-06  GeM_p=2.16    35s
2026-03-17 01:35:19,664 [INFO]   S2 Ep  93/150  train 1.0222 / 72.8%  val 1.1845 / 88.4%  lr 7.58e-06  GeM_p=2.15    35s
2026-03-17 01:35:54,657 [INFO]   S2 Ep  94/150  train 1.0500 / 72.3%  val 1.1837 / 88.2%  lr 7.36e-06  GeM_p=2.15    35s
2026-03-17 01:36:29,572 [INFO]   S2 Ep  95/150  train 1.0429 / 72.4%  val 1.1751 / 88.6%  lr 7.13e-06  GeM_p=2.15    35s
2026-03-17 01:37:04,567 [INFO]   S2 Ep  96/150  train 1.0183 / 73.9%  val 1.1742 / 88.9%  lr 6.91e-06  GeM_p=2.15    35s
2026-03-17 01:37:39,536 [INFO]   S2 Ep  97/150  train 1.0057 / 73.6%  val 1.1735 / 88.8%  lr 6.69e-06  GeM_p=2.15    35s
2026-03-17 01:38:14,502 [INFO]   S2 Ep  98/150  train 1.0579 / 71.8%  val 1.1803 / 88.6%  lr 6.47e-06  GeM_p=2.15    35s
2026-03-17 01:38:49,453 [INFO]   S2 Ep  99/150  train 1.0291 / 73.8%  val 1.1798 / 88.6%  lr 6.25e-06  GeM_p=2.15    35s
2026-03-17 01:39:24,411 [INFO]   S2 Ep 100/150  train 1.0647 / 70.6%  val 1.1796 / 88.6%  lr 6.04e-06  GeM_p=2.15    35s
2026-03-17 01:39:59,338 [INFO]   S2 Ep 101/150  train 1.0564 / 71.2%  val 1.1784 / 88.6%  lr 5.83e-06  GeM_p=2.15    35s
2026-03-17 01:40:34,300 [INFO]   S2 Ep 102/150  train 1.0390 / 72.3%  val 1.1754 / 89.1%  lr 5.62e-06  GeM_p=2.15    35s
2026-03-17 01:40:34,426 [INFO]   ★ best 89.15% → /data/slr/checkpoints_vit_v9/best_fold1.pt
2026-03-17 01:41:09,408 [INFO]   S2 Ep 103/150  train 1.0283 / 73.1%  val 1.1837 / 88.3%  lr 5.41e-06  GeM_p=2.15    35s
2026-03-17 01:41:44,386 [INFO]   S2 Ep 104/150  train 1.0576 / 71.7%  val 1.1810 / 88.6%  lr 5.20e-06  GeM_p=2.15    35s
2026-03-17 01:42:19,321 [INFO]   S2 Ep 105/150  train 1.0401 / 72.2%  val 1.1806 / 88.5%  lr 5.00e-06  GeM_p=2.15    35s
2026-03-17 01:42:54,274 [INFO]   S2 Ep 106/150  train 1.0322 / 72.3%  val 1.1728 / 88.7%  lr 4.80e-06  GeM_p=2.15    35s
2026-03-17 01:43:29,265 [INFO]   S2 Ep 107/150  train 1.0635 / 71.2%  val 1.1719 / 88.6%  lr 4.60e-06  GeM_p=2.15    35s
2026-03-17 01:44:04,187 [INFO]   S2 Ep 108/150  train 1.0124 / 73.2%  val 1.1699 / 88.6%  lr 4.41e-06  GeM_p=2.15    35s
2026-03-17 01:44:39,200 [INFO]   S2 Ep 109/150  train 1.0307 / 73.0%  val 1.1711 / 88.6%  lr 4.22e-06  GeM_p=2.15    35s
2026-03-17 01:45:14,159 [INFO]   S2 Ep 110/150  train 1.0417 / 72.1%  val 1.1736 / 88.7%  lr 4.03e-06  GeM_p=2.15    35s
2026-03-17 01:45:49,097 [INFO]   S2 Ep 111/150  train 1.0072 / 73.9%  val 1.1646 / 89.0%  lr 3.84e-06  GeM_p=2.15    35s
2026-03-17 01:46:24,051 [INFO]   S2 Ep 112/150  train 1.0308 / 72.6%  val 1.1675 / 89.0%  lr 3.66e-06  GeM_p=2.15    35s
2026-03-17 01:46:58,982 [INFO]   S2 Ep 113/150  train 0.9910 / 74.9%  val 1.1675 / 88.8%  lr 3.48e-06  GeM_p=2.15    35s
2026-03-17 01:47:33,905 [INFO]   S2 Ep 114/150  train 1.0650 / 71.0%  val 1.1695 / 88.5%  lr 3.31e-06  GeM_p=2.15    35s
2026-03-17 01:48:08,834 [INFO]   S2 Ep 115/150  train 1.0311 / 73.1%  val 1.1718 / 88.7%  lr 3.14e-06  GeM_p=2.15    35s
2026-03-17 01:48:43,788 [INFO]   S2 Ep 116/150  train 1.0238 / 72.9%  val 1.1700 / 88.9%  lr 2.97e-06  GeM_p=2.15    35s
2026-03-17 01:49:18,722 [INFO]   S2 Ep 117/150  train 1.0355 / 72.8%  val 1.1708 / 88.7%  lr 2.81e-06  GeM_p=2.15    35s
2026-03-17 01:49:53,660 [INFO]   S2 Ep 118/150  train 1.0408 / 72.6%  val 1.1706 / 88.8%  lr 2.65e-06  GeM_p=2.15    35s
2026-03-17 01:50:28,589 [INFO]   S2 Ep 119/150  train 1.0293 / 72.8%  val 1.1658 / 88.8%  lr 2.49e-06  GeM_p=2.15    35s
2026-03-17 01:51:03,522 [INFO]   S2 Ep 120/150  train 1.0265 / 73.1%  val 1.1663 / 88.7%  lr 2.34e-06  GeM_p=2.15    35s
2026-03-17 01:51:38,518 [INFO]   S2 Ep 121/150  train 1.0205 / 72.8%  val 1.1673 / 88.7%  lr 2.19e-06  GeM_p=2.15    35s
2026-03-17 01:52:13,445 [INFO]   S2 Ep 122/150  train 1.0166 / 73.5%  val 1.1663 / 88.9%  lr 2.05e-06  GeM_p=2.15    35s
2026-03-17 01:52:48,374 [INFO]   S2 Ep 123/150  train 1.0140 / 73.6%  val 1.1645 / 89.0%  lr 1.91e-06  GeM_p=2.15    35s
2026-03-17 01:53:23,404 [INFO]   S2 Ep 124/150  train 1.0201 / 73.4%  val 1.1689 / 88.9%  lr 1.78e-06  GeM_p=2.15    35s
2026-03-17 01:53:58,335 [INFO]   S2 Ep 125/150  train 1.0726 / 70.6%  val 1.1635 / 88.8%  lr 1.65e-06  GeM_p=2.15    35s
2026-03-17 01:54:33,338 [INFO]   S2 Ep 126/150  train 1.0154 / 73.6%  val 1.1658 / 88.9%  lr 1.52e-06  GeM_p=2.15    35s
2026-03-17 01:55:08,431 [INFO]   S2 Ep 127/150  train 1.0372 / 71.9%  val 1.1680 / 88.9%  lr 1.40e-06  GeM_p=2.15    35s
2026-03-17 01:55:43,428 [INFO]   S2 Ep 128/150  train 1.0546 / 71.8%  val 1.1677 / 88.8%  lr 1.28e-06  GeM_p=2.15    35s
2026-03-17 01:56:18,395 [INFO]   S2 Ep 129/150  train 1.0634 / 70.7%  val 1.1653 / 88.8%  lr 1.17e-06  GeM_p=2.15    35s
2026-03-17 01:56:53,341 [INFO]   S2 Ep 130/150  train 1.0225 / 73.0%  val 1.1672 / 88.8%  lr 1.06e-06  GeM_p=2.15    35s
2026-03-17 01:57:28,360 [INFO]   S2 Ep 131/150  train 1.0056 / 73.6%  val 1.1675 / 88.8%  lr 9.62e-07  GeM_p=2.15    35s
2026-03-17 01:58:03,350 [INFO]   S2 Ep 132/150  train 1.0421 / 72.0%  val 1.1672 / 88.9%  lr 8.65e-07  GeM_p=2.15    35s
2026-03-17 01:58:38,282 [INFO]   S2 Ep 133/150  train 1.0513 / 71.8%  val 1.1672 / 89.0%  lr 7.73e-07  GeM_p=2.15    35s
2026-03-17 01:59:13,281 [INFO]   S2 Ep 134/150  train 1.0305 / 72.6%  val 1.1664 / 89.1%  lr 6.86e-07  GeM_p=2.15    35s
2026-03-17 01:59:48,310 [INFO]   S2 Ep 135/150  train 1.0444 / 72.2%  val 1.1677 / 88.8%  lr 6.04e-07  GeM_p=2.15    35s
2026-03-17 02:00:23,281 [INFO]   S2 Ep 136/150  train 1.0104 / 73.6%  val 1.1670 / 88.9%  lr 5.27e-07  GeM_p=2.15    35s
2026-03-17 02:00:58,289 [INFO]   S2 Ep 137/150  train 1.0166 / 73.7%  val 1.1658 / 88.9%  lr 4.55e-07  GeM_p=2.15    35s
2026-03-17 02:01:33,305 [INFO]   S2 Ep 138/150  train 1.0354 / 71.9%  val 1.1657 / 89.0%  lr 3.88e-07  GeM_p=2.15    35s
2026-03-17 02:02:08,299 [INFO]   S2 Ep 139/150  train 0.9971 / 74.2%  val 1.1657 / 89.0%  lr 3.26e-07  GeM_p=2.15    35s
2026-03-17 02:02:43,250 [INFO]   S2 Ep 140/150  train 1.0396 / 72.3%  val 1.1648 / 88.9%  lr 2.70e-07  GeM_p=2.15    35s
2026-03-17 02:03:18,248 [INFO]   S2 Ep 141/150  train 1.0113 / 73.5%  val 1.1660 / 88.9%  lr 2.19e-07  GeM_p=2.15    35s
2026-03-17 02:03:53,175 [INFO]   S2 Ep 142/150  train 1.0038 / 73.9%  val 1.1663 / 88.9%  lr 1.73e-07  GeM_p=2.15    35s
2026-03-17 02:03:53,175 [INFO]   Early stopping at S2 epoch 142
2026-03-17 02:03:53,175 [INFO]   Fold 2 best val acc: 89.15%
2026-03-17 02:03:53,430 [INFO] ================================================================
2026-03-17 02:03:53,430 [INFO] FOLD 3 / 5
2026-03-17 02:03:53,430 [INFO] ================================================================
2026-03-17 02:03:53,433 [INFO]   Train: 20150 (orig 11794 + PL 8356)  |  Val: 2948
2026-03-17 02:03:53,639 [INFO] Loading pretrained weights from Hugging Face hub (timm/caformer_s18.sail_in22k_ft_in1k)
2026-03-17 02:03:53,779 [INFO] HTTP Request: HEAD https://huggingface.co/timm/caformer_s18.sail_in22k_ft_in1k/resolve/main/model.safetensors "HTTP/1.1 302 Found"
2026-03-17 02:03:53,781 [INFO] [timm/caformer_s18.sail_in22k_ft_in1k] Safe alternative available for 'pytorch_model.bin' (as 'model.safetensors'). Loading weights using safetensors.
2026-03-17 02:03:53,798 [INFO] Missing keys (head.fc.fc2.weight, head.fc.fc2.bias) discovered while loading pretrained weights. This is expected if model is being adapted.
2026-03-17 02:03:53,897 [INFO]   Born-again ← best_fold2.pt (val 89.45%)
2026-03-17 02:03:53,898 [INFO] ── Stage 1: head-only warmup (5 epochs, no mix) ──
2026-03-17 02:04:12,328 [INFO]   S1 Ep  1/5  train 0.5122 / 95.4%  val 1.1634 / 89.0%    18s
2026-03-17 02:04:12,420 [INFO]   ★ best 88.98%
2026-03-17 02:04:23,408 [INFO]   S1 Ep  2/5  train 0.5190 / 95.2%  val 1.1600 / 89.1%    11s
2026-03-17 02:04:23,528 [INFO]   ★ best 89.11%
2026-03-17 02:04:34,571 [INFO]   S1 Ep  3/5  train 0.5193 / 95.3%  val 1.1614 / 88.9%    11s
2026-03-17 02:04:45,591 [INFO]   S1 Ep  4/5  train 0.5166 / 95.1%  val 1.1581 / 89.1%    11s
2026-03-17 02:04:56,577 [INFO]   S1 Ep  5/5  train 0.5120 / 95.5%  val 1.1577 / 89.1%    11s
2026-03-17 02:04:56,577 [INFO] Stage 1 done — best val: 89.11%
2026-03-17 02:04:56,577 [INFO] ── Stage 2: full fine-tune + LLRD (150 epochs, patience 40) ──
2026-03-17 02:04:56,578 [INFO] LLRD: 10 groups, LR [1.04e-05 … 2.00e-05]
2026-03-17 02:05:31,559 [INFO]   S2 Ep   1/150  train 1.1050 / 70.1%  val 1.1571 / 89.4%  lr 1.01e-06  GeM_p=2.16    35s
2026-03-17 02:05:31,682 [INFO]   ★ best 89.38% → /data/slr/checkpoints_vit_v9/best_fold2.pt
2026-03-17 02:06:06,675 [INFO]   S2 Ep   2/150  train 1.0958 / 70.0%  val 1.1559 / 89.1%  lr 1.63e-06  GeM_p=2.16    35s
2026-03-17 02:06:41,697 [INFO]   S2 Ep   3/150  train 1.1198 / 69.5%  val 1.1525 / 89.2%  lr 2.63e-06  GeM_p=2.16    35s
2026-03-17 02:07:16,648 [INFO]   S2 Ep   4/150  train 1.0549 / 72.2%  val 1.1555 / 89.2%  lr 3.98e-06  GeM_p=2.16    35s
2026-03-17 02:07:51,640 [INFO]   S2 Ep   5/150  train 1.0598 / 71.7%  val 1.1501 / 89.1%  lr 5.60e-06  GeM_p=2.16    35s
2026-03-17 02:08:26,603 [INFO]   S2 Ep   6/150  train 1.0791 / 71.4%  val 1.1564 / 89.0%  lr 7.44e-06  GeM_p=2.16    35s
2026-03-17 02:09:01,552 [INFO]   S2 Ep   7/150  train 1.1277 / 68.7%  val 1.1583 / 88.6%  lr 9.40e-06  GeM_p=2.16    35s
2026-03-17 02:09:36,550 [INFO]   S2 Ep   8/150  train 1.0772 / 71.4%  val 1.1570 / 89.1%  lr 1.14e-05  GeM_p=2.16    35s
2026-03-17 02:10:11,531 [INFO]   S2 Ep   9/150  train 1.1071 / 70.6%  val 1.1578 / 88.8%  lr 1.34e-05  GeM_p=2.16    35s
2026-03-17 02:10:46,601 [INFO]   S2 Ep  10/150  train 1.1440 / 67.8%  val 1.1675 / 88.9%  lr 1.52e-05  GeM_p=2.16    35s
2026-03-17 02:11:21,639 [INFO]   S2 Ep  11/150  train 1.1063 / 70.0%  val 1.1656 / 88.5%  lr 1.68e-05  GeM_p=2.16    35s
2026-03-17 02:11:56,603 [INFO]   S2 Ep  12/150  train 1.0853 / 70.6%  val 1.1677 / 88.7%  lr 1.82e-05  GeM_p=2.16    35s
2026-03-17 02:12:31,612 [INFO]   S2 Ep  13/150  train 1.0981 / 70.6%  val 1.1683 / 88.6%  lr 1.92e-05  GeM_p=2.16    35s
2026-03-17 02:13:06,604 [INFO]   S2 Ep  14/150  train 1.0976 / 70.9%  val 1.1553 / 88.6%  lr 1.98e-05  GeM_p=2.16    35s
2026-03-17 02:13:41,566 [INFO]   S2 Ep  15/150  train 1.1203 / 68.9%  val 1.1446 / 88.7%  lr 2.00e-05  GeM_p=2.16    35s
2026-03-17 02:14:16,548 [INFO]   S2 Ep  16/150  train 1.0809 / 71.3%  val 1.1625 / 88.6%  lr 2.00e-05  GeM_p=2.16    35s
2026-03-17 02:14:51,572 [INFO]   S2 Ep  17/150  train 1.1238 / 69.3%  val 1.1500 / 89.2%  lr 2.00e-05  GeM_p=2.16    35s
2026-03-17 02:15:26,548 [INFO]   S2 Ep  18/150  train 1.0715 / 71.4%  val 1.1377 / 89.2%  lr 2.00e-05  GeM_p=2.16    35s
2026-03-17 02:16:01,588 [INFO]   S2 Ep  19/150  train 1.0891 / 70.6%  val 1.1589 / 88.6%  lr 2.00e-05  GeM_p=2.16    35s
2026-03-17 02:16:36,586 [INFO]   S2 Ep  20/150  train 1.0995 / 70.4%  val 1.1396 / 88.9%  lr 1.99e-05  GeM_p=2.16    35s
2026-03-17 02:17:11,581 [INFO]   S2 Ep  21/150  train 1.0907 / 70.3%  val 1.1469 / 89.2%  lr 1.99e-05  GeM_p=2.15    35s
2026-03-17 02:17:46,572 [INFO]   S2 Ep  22/150  train 1.0676 / 72.2%  val 1.1535 / 89.0%  lr 1.99e-05  GeM_p=2.16    35s
2026-03-17 02:18:21,580 [INFO]   S2 Ep  23/150  train 1.1280 / 69.3%  val 1.1487 / 89.1%  lr 1.98e-05  GeM_p=2.15    35s
2026-03-17 02:18:56,515 [INFO]   S2 Ep  24/150  train 1.0820 / 71.2%  val 1.1497 / 88.9%  lr 1.98e-05  GeM_p=2.15    35s
2026-03-17 02:19:31,500 [INFO]   S2 Ep  25/150  train 1.1298 / 69.3%  val 1.1383 / 89.3%  lr 1.97e-05  GeM_p=2.15    35s
2026-03-17 02:20:06,509 [INFO]   S2 Ep  26/150  train 1.0890 / 70.9%  val 1.1625 / 88.7%  lr 1.97e-05  GeM_p=2.15    35s
2026-03-17 02:20:41,507 [INFO]   S2 Ep  27/150  train 1.1043 / 70.2%  val 1.1559 / 89.2%  lr 1.96e-05  GeM_p=2.15    35s
2026-03-17 02:21:16,471 [INFO]   S2 Ep  28/150  train 1.1254 / 68.6%  val 1.1611 / 89.2%  lr 1.95e-05  GeM_p=2.15    35s
2026-03-17 02:21:51,424 [INFO]   S2 Ep  29/150  train 1.1033 / 70.3%  val 1.1544 / 89.5%  lr 1.95e-05  GeM_p=2.15    35s
2026-03-17 02:21:51,550 [INFO]   ★ best 89.48% → /data/slr/checkpoints_vit_v9/best_fold2.pt
2026-03-17 02:22:26,565 [INFO]   S2 Ep  30/150  train 1.0941 / 70.4%  val 1.1487 / 88.8%  lr 1.94e-05  GeM_p=2.15    35s
2026-03-17 02:23:01,535 [INFO]   S2 Ep  31/150  train 1.1052 / 69.5%  val 1.1611 / 89.1%  lr 1.93e-05  GeM_p=2.15    35s
2026-03-17 02:23:36,537 [INFO]   S2 Ep  32/150  train 1.0994 / 69.9%  val 1.1651 / 89.2%  lr 1.92e-05  GeM_p=2.15    35s
2026-03-17 02:24:11,565 [INFO]   S2 Ep  33/150  train 1.1154 / 68.8%  val 1.1495 / 89.5%  lr 1.91e-05  GeM_p=2.15    35s
2026-03-17 02:24:46,544 [INFO]   S2 Ep  34/150  train 1.0547 / 72.3%  val 1.1488 / 89.2%  lr 1.90e-05  GeM_p=2.15    35s
2026-03-17 02:25:21,529 [INFO]   S2 Ep  35/150  train 1.1030 / 69.8%  val 1.1418 / 89.3%  lr 1.89e-05  GeM_p=2.15    35s
2026-03-17 02:25:56,502 [INFO]   S2 Ep  36/150  train 1.0879 / 70.1%  val 1.1522 / 89.4%  lr 1.88e-05  GeM_p=2.15    35s
2026-03-17 02:26:31,544 [INFO]   S2 Ep  37/150  train 1.0573 / 72.3%  val 1.1550 / 89.6%  lr 1.87e-05  GeM_p=2.15    35s
2026-03-17 02:26:31,671 [INFO]   ★ best 89.55% → /data/slr/checkpoints_vit_v9/best_fold2.pt
2026-03-17 02:27:06,726 [INFO]   S2 Ep  38/150  train 1.0687 / 71.8%  val 1.1584 / 88.9%  lr 1.86e-05  GeM_p=2.15    35s
2026-03-17 02:27:41,787 [INFO]   S2 Ep  39/150  train 1.1106 / 70.3%  val 1.1564 / 89.0%  lr 1.85e-05  GeM_p=2.15    35s
2026-03-17 02:28:16,821 [INFO]   S2 Ep  40/150  train 1.0964 / 70.6%  val 1.1553 / 89.1%  lr 1.84e-05  GeM_p=2.15    35s
2026-03-17 02:28:51,783 [INFO]   S2 Ep  41/150  train 1.0574 / 72.0%  val 1.1577 / 89.2%  lr 1.82e-05  GeM_p=2.15    35s
2026-03-17 02:29:26,762 [INFO]   S2 Ep  42/150  train 1.0743 / 71.2%  val 1.1466 / 89.4%  lr 1.81e-05  GeM_p=2.15    35s
2026-03-17 02:30:01,711 [INFO]   S2 Ep  43/150  train 1.0715 / 72.0%  val 1.1480 / 89.5%  lr 1.80e-05  GeM_p=2.15    35s
2026-03-17 02:30:36,681 [INFO]   S2 Ep  44/150  train 1.0764 / 70.7%  val 1.1425 / 89.5%  lr 1.78e-05  GeM_p=2.15    35s
2026-03-17 02:31:11,699 [INFO]   S2 Ep  45/150  train 1.0591 / 71.9%  val 1.1419 / 89.1%  lr 1.77e-05  GeM_p=2.14    35s
2026-03-17 02:31:46,659 [INFO]   S2 Ep  46/150  train 1.0524 / 72.6%  val 1.1565 / 89.0%  lr 1.75e-05  GeM_p=2.14    35s
2026-03-17 02:32:21,616 [INFO]   S2 Ep  47/150  train 1.0666 / 71.4%  val 1.1435 / 89.7%  lr 1.74e-05  GeM_p=2.14    35s
2026-03-17 02:32:21,740 [INFO]   ★ best 89.65% → /data/slr/checkpoints_vit_v9/best_fold2.pt
2026-03-17 02:32:56,717 [INFO]   S2 Ep  48/150  train 1.0691 / 71.5%  val 1.1335 / 89.3%  lr 1.72e-05  GeM_p=2.14    35s
2026-03-17 02:33:31,719 [INFO]   S2 Ep  49/150  train 1.0595 / 72.1%  val 1.1443 / 88.9%  lr 1.70e-05  GeM_p=2.14    35s
2026-03-17 02:34:06,704 [INFO]   S2 Ep  50/150  train 1.0472 / 72.7%  val 1.1380 / 89.4%  lr 1.69e-05  GeM_p=2.14    35s
2026-03-17 02:34:41,714 [INFO]   S2 Ep  51/150  train 1.0654 / 71.5%  val 1.1330 / 89.7%  lr 1.67e-05  GeM_p=2.14    35s
2026-03-17 02:34:41,842 [INFO]   ★ best 89.72% → /data/slr/checkpoints_vit_v9/best_fold2.pt
2026-03-17 02:35:16,805 [INFO]   S2 Ep  52/150  train 1.0753 / 70.9%  val 1.1315 / 89.5%  lr 1.65e-05  GeM_p=2.14    35s
2026-03-17 02:35:51,766 [INFO]   S2 Ep  53/150  train 1.0775 / 70.7%  val 1.1318 / 89.7%  lr 1.63e-05  GeM_p=2.14    35s
2026-03-17 02:36:26,740 [INFO]   S2 Ep  54/150  train 1.0705 / 71.0%  val 1.1427 / 89.4%  lr 1.62e-05  GeM_p=2.14    35s
2026-03-17 02:37:01,730 [INFO]   S2 Ep  55/150  train 1.0392 / 72.9%  val 1.1380 / 89.6%  lr 1.60e-05  GeM_p=2.14    35s
2026-03-17 02:37:36,667 [INFO]   S2 Ep  56/150  train 1.0349 / 73.5%  val 1.1282 / 89.6%  lr 1.58e-05  GeM_p=2.14    35s
2026-03-17 02:38:11,635 [INFO]   S2 Ep  57/150  train 1.0572 / 72.1%  val 1.1494 / 89.4%  lr 1.56e-05  GeM_p=2.14    35s
2026-03-17 02:38:46,605 [INFO]   S2 Ep  58/150  train 1.0618 / 71.6%  val 1.1358 / 89.6%  lr 1.54e-05  GeM_p=2.14    35s
2026-03-17 02:39:21,603 [INFO]   S2 Ep  59/150  train 1.0630 / 71.8%  val 1.1301 / 90.3%  lr 1.52e-05  GeM_p=2.14    35s
2026-03-17 02:39:21,730 [INFO]   ★ best 90.26% → /data/slr/checkpoints_vit_v9/best_fold2.pt
2026-03-17 02:39:56,698 [INFO]   S2 Ep  60/150  train 1.0805 / 70.6%  val 1.1267 / 89.7%  lr 1.50e-05  GeM_p=2.14    35s
2026-03-17 02:40:31,657 [INFO]   S2 Ep  61/150  train 1.0834 / 70.5%  val 1.1389 / 89.6%  lr 1.48e-05  GeM_p=2.14    35s
2026-03-17 02:41:06,575 [INFO]   S2 Ep  62/150  train 1.0692 / 71.5%  val 1.1350 / 89.4%  lr 1.46e-05  GeM_p=2.14    35s
2026-03-17 02:41:41,543 [INFO]   S2 Ep  63/150  train 1.0205 / 73.4%  val 1.1456 / 89.5%  lr 1.44e-05  GeM_p=2.14    35s
2026-03-17 02:42:16,493 [INFO]   S2 Ep  64/150  train 1.0633 / 71.4%  val 1.1380 / 89.9%  lr 1.42e-05  GeM_p=2.14    35s
2026-03-17 02:42:51,505 [INFO]   S2 Ep  65/150  train 1.0438 / 72.5%  val 1.1354 / 89.3%  lr 1.40e-05  GeM_p=2.14    35s
2026-03-17 02:43:26,530 [INFO]   S2 Ep  66/150  train 1.0033 / 74.5%  val 1.1537 / 89.2%  lr 1.37e-05  GeM_p=2.14    35s
2026-03-17 02:44:01,471 [INFO]   S2 Ep  67/150  train 1.0329 / 72.7%  val 1.1426 / 89.4%  lr 1.35e-05  GeM_p=2.14    35s
2026-03-17 02:44:36,443 [INFO]   S2 Ep  68/150  train 1.0582 / 71.8%  val 1.1490 / 89.4%  lr 1.33e-05  GeM_p=2.14    35s
2026-03-17 02:45:11,438 [INFO]   S2 Ep  69/150  train 1.0819 / 70.0%  val 1.1437 / 89.6%  lr 1.31e-05  GeM_p=2.14    35s
2026-03-17 02:45:46,608 [INFO]   S2 Ep  70/150  train 1.0182 / 73.4%  val 1.1389 / 89.6%  lr 1.29e-05  GeM_p=2.14    35s
2026-03-17 02:46:21,621 [INFO]   S2 Ep  71/150  train 1.0552 / 71.7%  val 1.1489 / 89.5%  lr 1.26e-05  GeM_p=2.14    35s
2026-03-17 02:46:56,624 [INFO]   S2 Ep  72/150  train 1.0420 / 72.4%  val 1.1348 / 90.0%  lr 1.24e-05  GeM_p=2.14    35s
2026-03-17 02:47:31,603 [INFO]   S2 Ep  73/150  train 1.0660 / 71.2%  val 1.1337 / 90.0%  lr 1.22e-05  GeM_p=2.14    35s
2026-03-17 02:48:06,564 [INFO]   S2 Ep  74/150  train 1.0119 / 73.9%  val 1.1441 / 89.7%  lr 1.20e-05  GeM_p=2.14    35s
2026-03-17 02:48:41,527 [INFO]   S2 Ep  75/150  train 1.0340 / 72.9%  val 1.1316 / 90.0%  lr 1.17e-05  GeM_p=2.14    35s
2026-03-17 02:49:16,535 [INFO]   S2 Ep  76/150  train 1.0474 / 71.9%  val 1.1354 / 89.5%  lr 1.15e-05  GeM_p=2.13    35s
2026-03-17 02:49:51,499 [INFO]   S2 Ep  77/150  train 1.0657 / 70.7%  val 1.1356 / 89.8%  lr 1.13e-05  GeM_p=2.13    35s
2026-03-17 02:50:26,450 [INFO]   S2 Ep  78/150  train 1.0421 / 72.3%  val 1.1440 / 89.5%  lr 1.10e-05  GeM_p=2.13    35s
2026-03-17 02:51:01,413 [INFO]   S2 Ep  79/150  train 1.0455 / 72.6%  val 1.1426 / 89.6%  lr 1.08e-05  GeM_p=2.13    35s
2026-03-17 02:51:36,394 [INFO]   S2 Ep  80/150  train 1.0554 / 71.8%  val 1.1361 / 89.9%  lr 1.06e-05  GeM_p=2.13    35s
2026-03-17 02:52:11,351 [INFO]   S2 Ep  81/150  train 1.0410 / 72.0%  val 1.1422 / 89.7%  lr 1.03e-05  GeM_p=2.13    35s
2026-03-17 02:52:46,317 [INFO]   S2 Ep  82/150  train 1.0354 / 72.7%  val 1.1442 / 89.7%  lr 1.01e-05  GeM_p=2.13    35s
2026-03-17 02:53:21,288 [INFO]   S2 Ep  83/150  train 1.0569 / 71.1%  val 1.1427 / 89.7%  lr 9.88e-06  GeM_p=2.13    35s
2026-03-17 02:53:56,264 [INFO]   S2 Ep  84/150  train 1.0535 / 71.5%  val 1.1412 / 89.7%  lr 9.65e-06  GeM_p=2.13    35s
2026-03-17 02:54:31,232 [INFO]   S2 Ep  85/150  train 1.0137 / 74.2%  val 1.1398 / 89.3%  lr 9.42e-06  GeM_p=2.13    35s
2026-03-17 02:55:06,236 [INFO]   S2 Ep  86/150  train 1.0070 / 73.7%  val 1.1308 / 90.0%  lr 9.19e-06  GeM_p=2.13    35s
2026-03-17 02:55:41,180 [INFO]   S2 Ep  87/150  train 1.0550 / 71.9%  val 1.1353 / 90.0%  lr 8.95e-06  GeM_p=2.13    35s
2026-03-17 02:56:16,157 [INFO]   S2 Ep  88/150  train 1.0124 / 73.8%  val 1.1387 / 89.7%  lr 8.72e-06  GeM_p=2.13    35s
2026-03-17 02:56:51,137 [INFO]   S2 Ep  89/150  train 1.0396 / 72.5%  val 1.1295 / 90.0%  lr 8.49e-06  GeM_p=2.13    35s
2026-03-17 02:57:26,176 [INFO]   S2 Ep  90/150  train 1.0292 / 73.6%  val 1.1326 / 89.8%  lr 8.26e-06  GeM_p=2.13    35s
2026-03-17 02:58:01,172 [INFO]   S2 Ep  91/150  train 1.0181 / 73.4%  val 1.1279 / 90.0%  lr 8.03e-06  GeM_p=2.13    35s
2026-03-17 02:58:36,182 [INFO]   S2 Ep  92/150  train 1.0336 / 72.9%  val 1.1347 / 90.0%  lr 7.81e-06  GeM_p=2.13    35s
2026-03-17 02:59:11,165 [INFO]   S2 Ep  93/150  train 1.0283 / 73.4%  val 1.1236 / 90.2%  lr 7.58e-06  GeM_p=2.13    35s
2026-03-17 02:59:46,161 [INFO]   S2 Ep  94/150  train 1.0469 / 72.6%  val 1.1270 / 90.0%  lr 7.36e-06  GeM_p=2.13    35s
2026-03-17 03:00:21,141 [INFO]   S2 Ep  95/150  train 1.0481 / 72.0%  val 1.1292 / 90.2%  lr 7.13e-06  GeM_p=2.13    35s
2026-03-17 03:00:56,091 [INFO]   S2 Ep  96/150  train 1.0099 / 74.1%  val 1.1232 / 89.8%  lr 6.91e-06  GeM_p=2.13    35s
2026-03-17 03:01:31,060 [INFO]   S2 Ep  97/150  train 1.0071 / 73.8%  val 1.1231 / 90.4%  lr 6.69e-06  GeM_p=2.13    35s
2026-03-17 03:01:31,189 [INFO]   ★ best 90.37% → /data/slr/checkpoints_vit_v9/best_fold2.pt
2026-03-17 03:02:06,147 [INFO]   S2 Ep  98/150  train 1.0472 / 71.8%  val 1.1256 / 90.0%  lr 6.47e-06  GeM_p=2.13    35s
2026-03-17 03:02:41,123 [INFO]   S2 Ep  99/150  train 1.0317 / 72.6%  val 1.1251 / 90.3%  lr 6.25e-06  GeM_p=2.13    35s
2026-03-17 03:03:16,088 [INFO]   S2 Ep 100/150  train 1.0339 / 72.3%  val 1.1219 / 90.4%  lr 6.04e-06  GeM_p=2.13    35s
2026-03-17 03:03:51,034 [INFO]   S2 Ep 101/150  train 1.0347 / 72.7%  val 1.1313 / 90.1%  lr 5.83e-06  GeM_p=2.13    35s
2026-03-17 03:04:26,003 [INFO]   S2 Ep 102/150  train 1.0150 / 73.4%  val 1.1273 / 89.9%  lr 5.62e-06  GeM_p=2.13    35s
2026-03-17 03:05:00,996 [INFO]   S2 Ep 103/150  train 1.0521 / 71.6%  val 1.1253 / 90.4%  lr 5.41e-06  GeM_p=2.13    35s
2026-03-17 03:05:35,942 [INFO]   S2 Ep 104/150  train 1.0121 / 73.7%  val 1.1278 / 90.2%  lr 5.20e-06  GeM_p=2.13    35s
2026-03-17 03:06:10,952 [INFO]   S2 Ep 105/150  train 1.0180 / 73.0%  val 1.1245 / 90.0%  lr 5.00e-06  GeM_p=2.13    35s
2026-03-17 03:06:45,936 [INFO]   S2 Ep 106/150  train 1.0546 / 70.6%  val 1.1231 / 90.1%  lr 4.80e-06  GeM_p=2.13    35s
2026-03-17 03:07:20,929 [INFO]   S2 Ep 107/150  train 1.0181 / 72.8%  val 1.1246 / 90.2%  lr 4.60e-06  GeM_p=2.13    35s
2026-03-17 03:07:55,926 [INFO]   S2 Ep 108/150  train 1.0283 / 72.5%  val 1.1235 / 90.1%  lr 4.41e-06  GeM_p=2.13    35s
2026-03-17 03:08:30,909 [INFO]   S2 Ep 109/150  train 1.0125 / 73.2%  val 1.1214 / 90.2%  lr 4.22e-06  GeM_p=2.13    35s
2026-03-17 03:09:05,942 [INFO]   S2 Ep 110/150  train 1.0456 / 72.1%  val 1.1195 / 90.5%  lr 4.03e-06  GeM_p=2.13    35s
2026-03-17 03:09:06,062 [INFO]   ★ best 90.47% → /data/slr/checkpoints_vit_v9/best_fold2.pt
2026-03-17 03:09:41,112 [INFO]   S2 Ep 111/150  train 1.0244 / 73.4%  val 1.1208 / 90.1%  lr 3.84e-06  GeM_p=2.13    35s
2026-03-17 03:10:16,118 [INFO]   S2 Ep 112/150  train 1.0177 / 72.9%  val 1.1241 / 90.5%  lr 3.66e-06  GeM_p=2.13    35s
2026-03-17 03:10:16,237 [INFO]   ★ best 90.50% → /data/slr/checkpoints_vit_v9/best_fold2.pt
2026-03-17 03:10:51,200 [INFO]   S2 Ep 113/150  train 1.0342 / 72.9%  val 1.1220 / 90.3%  lr 3.48e-06  GeM_p=2.13    35s
2026-03-17 03:11:26,193 [INFO]   S2 Ep 114/150  train 1.0002 / 74.4%  val 1.1236 / 90.0%  lr 3.31e-06  GeM_p=2.13    35s
2026-03-17 03:12:01,187 [INFO]   S2 Ep 115/150  train 1.0350 / 72.5%  val 1.1212 / 90.1%  lr 3.14e-06  GeM_p=2.13    35s
2026-03-17 03:12:36,154 [INFO]   S2 Ep 116/150  train 1.0353 / 72.5%  val 1.1221 / 89.9%  lr 2.97e-06  GeM_p=2.13    35s
2026-03-17 03:13:11,147 [INFO]   S2 Ep 117/150  train 1.0176 / 73.8%  val 1.1229 / 90.4%  lr 2.81e-06  GeM_p=2.13    35s
2026-03-17 03:13:46,143 [INFO]   S2 Ep 118/150  train 1.0355 / 73.1%  val 1.1247 / 90.3%  lr 2.65e-06  GeM_p=2.13    35s
2026-03-17 03:14:21,145 [INFO]   S2 Ep 119/150  train 1.0374 / 72.8%  val 1.1211 / 90.2%  lr 2.49e-06  GeM_p=2.13    35s
2026-03-17 03:14:56,124 [INFO]   S2 Ep 120/150  train 1.0462 / 71.4%  val 1.1244 / 90.2%  lr 2.34e-06  GeM_p=2.13    35s
2026-03-17 03:15:31,119 [INFO]   S2 Ep 121/150  train 1.0812 / 69.9%  val 1.1231 / 90.2%  lr 2.19e-06  GeM_p=2.13    35s
2026-03-17 03:16:06,097 [INFO]   S2 Ep 122/150  train 1.0390 / 73.1%  val 1.1233 / 90.4%  lr 2.05e-06  GeM_p=2.13    35s
2026-03-17 03:16:41,063 [INFO]   S2 Ep 123/150  train 0.9990 / 74.5%  val 1.1228 / 90.1%  lr 1.91e-06  GeM_p=2.13    35s
2026-03-17 03:17:16,104 [INFO]   S2 Ep 124/150  train 0.9933 / 74.4%  val 1.1275 / 90.2%  lr 1.78e-06  GeM_p=2.13    35s
2026-03-17 03:17:51,133 [INFO]   S2 Ep 125/150  train 1.0323 / 72.8%  val 1.1265 / 90.4%  lr 1.65e-06  GeM_p=2.13    35s
2026-03-17 03:18:26,156 [INFO]   S2 Ep 126/150  train 1.0403 / 72.1%  val 1.1238 / 90.1%  lr 1.52e-06  GeM_p=2.13    35s
2026-03-17 03:19:01,144 [INFO]   S2 Ep 127/150  train 1.0219 / 73.5%  val 1.1259 / 90.2%  lr 1.40e-06  GeM_p=2.13    35s
2026-03-17 03:19:36,140 [INFO]   S2 Ep 128/150  train 0.9770 / 75.3%  val 1.1225 / 90.3%  lr 1.28e-06  GeM_p=2.13    35s
2026-03-17 03:20:11,194 [INFO]   S2 Ep 129/150  train 1.0505 / 71.7%  val 1.1220 / 90.3%  lr 1.17e-06  GeM_p=2.13    35s
2026-03-17 03:20:46,258 [INFO]   S2 Ep 130/150  train 1.0113 / 73.9%  val 1.1219 / 90.5%  lr 1.06e-06  GeM_p=2.13    35s
2026-03-17 03:21:21,270 [INFO]   S2 Ep 131/150  train 0.9974 / 74.1%  val 1.1228 / 90.3%  lr 9.62e-07  GeM_p=2.13    35s
2026-03-17 03:21:56,262 [INFO]   S2 Ep 132/150  train 0.9950 / 74.6%  val 1.1242 / 90.3%  lr 8.65e-07  GeM_p=2.13    35s
2026-03-17 03:22:31,256 [INFO]   S2 Ep 133/150  train 0.9871 / 74.4%  val 1.1241 / 90.2%  lr 7.73e-07  GeM_p=2.13    35s
2026-03-17 03:23:06,262 [INFO]   S2 Ep 134/150  train 1.0400 / 71.9%  val 1.1228 / 90.4%  lr 6.86e-07  GeM_p=2.13    35s
2026-03-17 03:23:41,223 [INFO]   S2 Ep 135/150  train 0.9842 / 74.8%  val 1.1245 / 90.4%  lr 6.04e-07  GeM_p=2.13    35s
2026-03-17 03:24:16,185 [INFO]   S2 Ep 136/150  train 1.0367 / 72.0%  val 1.1245 / 90.3%  lr 5.27e-07  GeM_p=2.13    35s
2026-03-17 03:24:51,180 [INFO]   S2 Ep 137/150  train 1.0197 / 73.1%  val 1.1250 / 90.1%  lr 4.55e-07  GeM_p=2.13    35s
2026-03-17 03:25:26,236 [INFO]   S2 Ep 138/150  train 1.0151 / 74.0%  val 1.1245 / 90.2%  lr 3.88e-07  GeM_p=2.13    35s
2026-03-17 03:26:01,220 [INFO]   S2 Ep 139/150  train 1.0303 / 72.8%  val 1.1243 / 90.3%  lr 3.26e-07  GeM_p=2.13    35s
2026-03-17 03:26:36,206 [INFO]   S2 Ep 140/150  train 1.0368 / 72.4%  val 1.1244 / 90.2%  lr 2.70e-07  GeM_p=2.13    35s
2026-03-17 03:27:11,157 [INFO]   S2 Ep 141/150  train 1.0048 / 73.9%  val 1.1252 / 90.2%  lr 2.19e-07  GeM_p=2.13    35s
2026-03-17 03:27:46,170 [INFO]   S2 Ep 142/150  train 1.0452 / 71.7%  val 1.1254 / 90.2%  lr 1.73e-07  GeM_p=2.13    35s
2026-03-17 03:28:21,123 [INFO]   S2 Ep 143/150  train 1.0357 / 72.6%  val 1.1253 / 90.1%  lr 1.33e-07  GeM_p=2.13    35s
2026-03-17 03:28:56,136 [INFO]   S2 Ep 144/150  train 1.0269 / 72.6%  val 1.1249 / 90.1%  lr 9.80e-08  GeM_p=2.13    35s
2026-03-17 03:29:31,102 [INFO]   S2 Ep 145/150  train 1.0259 / 72.7%  val 1.1248 / 90.2%  lr 6.83e-08  GeM_p=2.13    35s
2026-03-17 03:30:06,111 [INFO]   S2 Ep 146/150  train 1.0221 / 73.0%  val 1.1247 / 90.2%  lr 4.40e-08  GeM_p=2.13    35s
2026-03-17 03:30:41,072 [INFO]   S2 Ep 147/150  train 1.0205 / 73.9%  val 1.1247 / 90.2%  lr 2.51e-08  GeM_p=2.13    35s
2026-03-17 03:31:16,047 [INFO]   S2 Ep 148/150  train 0.9818 / 74.7%  val 1.1247 / 90.2%  lr 1.16e-08  GeM_p=2.13    35s
2026-03-17 03:31:51,042 [INFO]   S2 Ep 149/150  train 1.0294 / 73.0%  val 1.1247 / 90.2%  lr 3.49e-09  GeM_p=2.13    35s
2026-03-17 03:32:26,031 [INFO]   S2 Ep 150/150  train 1.0347 / 73.0%  val 1.1247 / 90.2%  lr 8.00e-10  GeM_p=2.13    35s
2026-03-17 03:32:26,031 [INFO]   Fold 3 best val acc: 90.50%
2026-03-17 03:32:26,270 [INFO] ================================================================
2026-03-17 03:32:26,270 [INFO] FOLD 4 / 5
2026-03-17 03:32:26,270 [INFO] ================================================================
2026-03-17 03:32:26,274 [INFO]   Train: 20150 (orig 11794 + PL 8356)  |  Val: 2948
2026-03-17 03:32:26,477 [INFO] Loading pretrained weights from Hugging Face hub (timm/caformer_s18.sail_in22k_ft_in1k)
2026-03-17 03:32:26,596 [INFO] HTTP Request: HEAD https://huggingface.co/timm/caformer_s18.sail_in22k_ft_in1k/resolve/main/model.safetensors "HTTP/1.1 302 Found"
2026-03-17 03:32:26,599 [INFO] [timm/caformer_s18.sail_in22k_ft_in1k] Safe alternative available for 'pytorch_model.bin' (as 'model.safetensors'). Loading weights using safetensors.
2026-03-17 03:32:26,617 [INFO] Missing keys (head.fc.fc2.weight, head.fc.fc2.bias) discovered while loading pretrained weights. This is expected if model is being adapted.
2026-03-17 03:32:26,715 [INFO]   Born-again ← best_fold3.pt (val 89.11%)
2026-03-17 03:32:26,716 [INFO] ── Stage 1: head-only warmup (5 epochs, no mix) ──
2026-03-17 03:32:38,339 [INFO]   S1 Ep  1/5  train 0.5178 / 95.2%  val 1.1599 / 89.0%    12s
2026-03-17 03:32:38,436 [INFO]   ★ best 88.98%
2026-03-17 03:32:49,441 [INFO]   S1 Ep  2/5  train 0.5244 / 95.0%  val 1.1599 / 88.7%    11s
2026-03-17 03:33:00,422 [INFO]   S1 Ep  3/5  train 0.5293 / 94.8%  val 1.1553 / 89.1%    11s
2026-03-17 03:33:00,537 [INFO]   ★ best 89.15%
2026-03-17 03:33:11,448 [INFO]   S1 Ep  4/5  train 0.5203 / 95.1%  val 1.1544 / 88.8%    11s
2026-03-17 03:33:22,518 [INFO]   S1 Ep  5/5  train 0.5179 / 95.2%  val 1.1541 / 88.9%    11s
2026-03-17 03:33:22,518 [INFO] Stage 1 done — best val: 89.15%
2026-03-17 03:33:22,519 [INFO] ── Stage 2: full fine-tune + LLRD (150 epochs, patience 40) ──
2026-03-17 03:33:22,520 [INFO] LLRD: 10 groups, LR [1.04e-05 … 2.00e-05]
2026-03-17 03:33:57,560 [INFO]   S2 Ep   1/150  train 1.0968 / 70.5%  val 1.1526 / 89.0%  lr 1.01e-06  GeM_p=2.15    35s
2026-03-17 03:34:32,521 [INFO]   S2 Ep   2/150  train 1.0952 / 70.0%  val 1.1512 / 89.1%  lr 1.63e-06  GeM_p=2.15    35s
2026-03-17 03:35:07,557 [INFO]   S2 Ep   3/150  train 1.1265 / 68.9%  val 1.1486 / 89.3%  lr 2.63e-06  GeM_p=2.15    35s
2026-03-17 03:35:07,677 [INFO]   ★ best 89.28% → /data/slr/checkpoints_vit_v9/best_fold3.pt
2026-03-17 03:35:42,859 [INFO]   S2 Ep   4/150  train 1.0928 / 70.7%  val 1.1519 / 89.0%  lr 3.98e-06  GeM_p=2.15    35s
2026-03-17 03:36:17,907 [INFO]   S2 Ep   5/150  train 1.0840 / 71.0%  val 1.1561 / 88.8%  lr 5.60e-06  GeM_p=2.15    35s
2026-03-17 03:36:52,891 [INFO]   S2 Ep   6/150  train 1.0864 / 70.5%  val 1.1553 / 88.5%  lr 7.44e-06  GeM_p=2.15    35s
2026-03-17 03:37:27,878 [INFO]   S2 Ep   7/150  train 1.1298 / 68.7%  val 1.1522 / 88.7%  lr 9.40e-06  GeM_p=2.15    35s
2026-03-17 03:38:02,917 [INFO]   S2 Ep   8/150  train 1.0984 / 70.1%  val 1.1541 / 88.8%  lr 1.14e-05  GeM_p=2.15    35s
2026-03-17 03:38:37,895 [INFO]   S2 Ep   9/150  train 1.1253 / 68.9%  val 1.1637 / 88.5%  lr 1.34e-05  GeM_p=2.15    35s
2026-03-17 03:39:12,889 [INFO]   S2 Ep  10/150  train 1.1207 / 69.4%  val 1.1692 / 88.5%  lr 1.52e-05  GeM_p=2.15    35s
2026-03-17 03:39:47,890 [INFO]   S2 Ep  11/150  train 1.1174 / 69.6%  val 1.1728 / 88.1%  lr 1.68e-05  GeM_p=2.15    35s
2026-03-17 03:40:22,900 [INFO]   S2 Ep  12/150  train 1.0870 / 71.0%  val 1.1731 / 88.4%  lr 1.82e-05  GeM_p=2.15    35s
2026-03-17 03:40:57,903 [INFO]   S2 Ep  13/150  train 1.1083 / 69.6%  val 1.1744 / 88.3%  lr 1.92e-05  GeM_p=2.15    35s
2026-03-17 03:41:32,890 [INFO]   S2 Ep  14/150  train 1.0935 / 70.7%  val 1.1708 / 88.6%  lr 1.98e-05  GeM_p=2.15    35s
2026-03-17 03:42:07,874 [INFO]   S2 Ep  15/150  train 1.0931 / 71.0%  val 1.1717 / 88.2%  lr 2.00e-05  GeM_p=2.15    35s
2026-03-17 03:42:42,925 [INFO]   S2 Ep  16/150  train 1.1018 / 70.5%  val 1.1650 / 88.5%  lr 2.00e-05  GeM_p=2.15    35s
2026-03-17 03:43:17,978 [INFO]   S2 Ep  17/150  train 1.1092 / 69.8%  val 1.1593 / 88.7%  lr 2.00e-05  GeM_p=2.15    35s
2026-03-17 03:43:52,959 [INFO]   S2 Ep  18/150  train 1.1010 / 69.8%  val 1.1643 / 88.8%  lr 2.00e-05  GeM_p=2.14    35s
2026-03-17 03:44:27,952 [INFO]   S2 Ep  19/150  train 1.1103 / 69.9%  val 1.1700 / 88.3%  lr 2.00e-05  GeM_p=2.14    35s
2026-03-17 03:45:02,971 [INFO]   S2 Ep  20/150  train 1.1265 / 69.1%  val 1.1513 / 88.8%  lr 1.99e-05  GeM_p=2.14    35s
2026-03-17 03:45:37,943 [INFO]   S2 Ep  21/150  train 1.1104 / 69.8%  val 1.1533 / 88.7%  lr 1.99e-05  GeM_p=2.14    35s
2026-03-17 03:46:12,985 [INFO]   S2 Ep  22/150  train 1.0977 / 69.9%  val 1.1696 / 88.4%  lr 1.99e-05  GeM_p=2.14    35s
2026-03-17 03:46:47,976 [INFO]   S2 Ep  23/150  train 1.1079 / 69.7%  val 1.1634 / 88.6%  lr 1.98e-05  GeM_p=2.14    35s
2026-03-17 03:47:22,976 [INFO]   S2 Ep  24/150  train 1.0777 / 71.1%  val 1.1610 / 88.4%  lr 1.98e-05  GeM_p=2.14    35s
2026-03-17 03:47:57,996 [INFO]   S2 Ep  25/150  train 1.0947 / 70.2%  val 1.1568 / 88.8%  lr 1.97e-05  GeM_p=2.14    35s
2026-03-17 03:48:32,981 [INFO]   S2 Ep  26/150  train 1.0758 / 71.9%  val 1.1641 / 88.3%  lr 1.97e-05  GeM_p=2.14    35s
2026-03-17 03:49:08,009 [INFO]   S2 Ep  27/150  train 1.0990 / 69.9%  val 1.1654 / 88.8%  lr 1.96e-05  GeM_p=2.14    35s
2026-03-17 03:49:43,007 [INFO]   S2 Ep  28/150  train 1.1283 / 68.6%  val 1.1618 / 88.9%  lr 1.95e-05  GeM_p=2.14    35s
2026-03-17 03:50:17,996 [INFO]   S2 Ep  29/150  train 1.1160 / 68.8%  val 1.1540 / 89.0%  lr 1.95e-05  GeM_p=2.14    35s
2026-03-17 03:50:52,985 [INFO]   S2 Ep  30/150  train 1.0903 / 71.3%  val 1.1675 / 88.7%  lr 1.94e-05  GeM_p=2.14    35s
2026-03-17 03:51:27,954 [INFO]   S2 Ep  31/150  train 1.0946 / 70.5%  val 1.1645 / 88.7%  lr 1.93e-05  GeM_p=2.14    35s
2026-03-17 03:52:02,944 [INFO]   S2 Ep  32/150  train 1.0881 / 70.4%  val 1.1800 / 88.2%  lr 1.92e-05  GeM_p=2.14    35s
2026-03-17 03:52:37,926 [INFO]   S2 Ep  33/150  train 1.1040 / 70.2%  val 1.1655 / 88.7%  lr 1.91e-05  GeM_p=2.14    35s
2026-03-17 03:53:12,894 [INFO]   S2 Ep  34/150  train 1.0680 / 71.8%  val 1.1660 / 88.4%  lr 1.90e-05  GeM_p=2.14    35s
2026-03-17 03:53:47,898 [INFO]   S2 Ep  35/150  train 1.0873 / 70.6%  val 1.1567 / 89.0%  lr 1.89e-05  GeM_p=2.14    35s
2026-03-17 03:54:22,860 [INFO]   S2 Ep  36/150  train 1.0712 / 71.0%  val 1.1598 / 88.7%  lr 1.88e-05  GeM_p=2.14    35s
2026-03-17 03:54:57,801 [INFO]   S2 Ep  37/150  train 1.0940 / 69.9%  val 1.1700 / 88.5%  lr 1.87e-05  GeM_p=2.14    35s
2026-03-17 03:55:32,818 [INFO]   S2 Ep  38/150  train 1.0620 / 72.0%  val 1.1812 / 88.2%  lr 1.86e-05  GeM_p=2.14    35s
2026-03-17 03:56:07,850 [INFO]   S2 Ep  39/150  train 1.0874 / 70.6%  val 1.1513 / 88.9%  lr 1.85e-05  GeM_p=2.14    35s
2026-03-17 03:56:42,818 [INFO]   S2 Ep  40/150  train 1.1092 / 69.2%  val 1.1574 / 89.0%  lr 1.84e-05  GeM_p=2.14    35s
2026-03-17 03:57:17,841 [INFO]   S2 Ep  41/150  train 1.0471 / 72.4%  val 1.1654 / 88.7%  lr 1.82e-05  GeM_p=2.13    35s
2026-03-17 03:57:52,821 [INFO]   S2 Ep  42/150  train 1.0584 / 72.1%  val 1.1485 / 89.2%  lr 1.81e-05  GeM_p=2.13    35s
2026-03-17 03:58:27,888 [INFO]   S2 Ep  43/150  train 1.0699 / 71.7%  val 1.1565 / 88.8%  lr 1.80e-05  GeM_p=2.13    35s
2026-03-17 03:58:27,892 [INFO]   Early stopping at S2 epoch 43
2026-03-17 03:58:27,893 [INFO]   Fold 4 best val acc: 89.28%
2026-03-17 03:58:28,169 [INFO] ================================================================
2026-03-17 03:58:28,169 [INFO] FOLD 5 / 5
2026-03-17 03:58:28,169 [INFO] ================================================================
2026-03-17 03:58:28,172 [INFO]   Train: 20150 (orig 11794 + PL 8356)  |  Val: 2948
2026-03-17 03:58:28,379 [INFO] Loading pretrained weights from Hugging Face hub (timm/caformer_s18.sail_in22k_ft_in1k)
2026-03-17 03:58:28,628 [INFO] HTTP Request: HEAD https://huggingface.co/timm/caformer_s18.sail_in22k_ft_in1k/resolve/main/model.safetensors "HTTP/1.1 302 Found"
2026-03-17 03:58:28,629 [INFO] [timm/caformer_s18.sail_in22k_ft_in1k] Safe alternative available for 'pytorch_model.bin' (as 'model.safetensors'). Loading weights using safetensors.
2026-03-17 03:58:28,644 [INFO] Missing keys (head.fc.fc2.weight, head.fc.fc2.bias) discovered while loading pretrained weights. This is expected if model is being adapted.
2026-03-17 03:58:28,735 [INFO]   Born-again ← best_fold4.pt (val 88.57%)
2026-03-17 03:58:28,735 [INFO] ── Stage 1: head-only warmup (5 epochs, no mix) ──
2026-03-17 03:58:40,619 [INFO]   S1 Ep  1/5  train 0.5189 / 95.1%  val 1.1878 / 88.6%    12s
2026-03-17 03:58:40,715 [INFO]   ★ best 88.60%
2026-03-17 03:58:51,891 [INFO]   S1 Ep  2/5  train 0.5207 / 95.3%  val 1.1817 / 88.6%    11s
2026-03-17 03:58:52,006 [INFO]   ★ best 88.64%
2026-03-17 03:59:03,182 [INFO]   S1 Ep  3/5  train 0.5192 / 95.2%  val 1.1827 / 88.5%    11s
2026-03-17 03:59:14,238 [INFO]   S1 Ep  4/5  train 0.5136 / 95.4%  val 1.1801 / 88.5%    11s
2026-03-17 03:59:25,423 [INFO]   S1 Ep  5/5  train 0.5097 / 95.8%  val 1.1799 / 88.7%    11s
2026-03-17 03:59:25,545 [INFO]   ★ best 88.67%
2026-03-17 03:59:25,545 [INFO] Stage 1 done — best val: 88.67%
2026-03-17 03:59:25,545 [INFO] ── Stage 2: full fine-tune + LLRD (150 epochs, patience 40) ──
2026-03-17 03:59:25,546 [INFO] LLRD: 10 groups, LR [1.04e-05 … 2.00e-05]
2026-03-17 04:00:00,574 [INFO]   S2 Ep   1/150  train 1.0603 / 72.1%  val 1.1798 / 88.7%  lr 1.01e-06  GeM_p=2.18    35s
2026-03-17 04:00:00,699 [INFO]   ★ best 88.70% → /data/slr/checkpoints_vit_v9/best_fold4.pt
2026-03-17 04:00:35,710 [INFO]   S2 Ep   2/150  train 1.1040 / 69.6%  val 1.1782 / 88.6%  lr 1.63e-06  GeM_p=2.18    35s
2026-03-17 04:01:10,700 [INFO]   S2 Ep   3/150  train 1.1188 / 69.8%  val 1.1775 / 88.6%  lr 2.63e-06  GeM_p=2.18    35s
2026-03-17 04:01:45,684 [INFO]   S2 Ep   4/150  train 1.0934 / 70.7%  val 1.1731 / 88.7%  lr 3.98e-06  GeM_p=2.18    35s
2026-03-17 04:02:20,692 [INFO]   S2 Ep   5/150  train 1.1259 / 68.8%  val 1.1765 / 88.5%  lr 5.60e-06  GeM_p=2.18    35s
2026-03-17 04:02:55,655 [INFO]   S2 Ep   6/150  train 1.0636 / 71.6%  val 1.1767 / 88.4%  lr 7.44e-06  GeM_p=2.18    35s
2026-03-17 04:03:30,678 [INFO]   S2 Ep   7/150  train 1.0832 / 70.5%  val 1.1668 / 88.3%  lr 9.40e-06  GeM_p=2.18    35s
2026-03-17 04:04:05,660 [INFO]   S2 Ep   8/150  train 1.0867 / 70.2%  val 1.1799 / 88.6%  lr 1.14e-05  GeM_p=2.18    35s
2026-03-17 04:04:40,675 [INFO]   S2 Ep   9/150  train 1.1071 / 69.8%  val 1.1711 / 88.6%  lr 1.34e-05  GeM_p=2.18    35s
2026-03-17 04:05:15,688 [INFO]   S2 Ep  10/150  train 1.0890 / 70.3%  val 1.1834 / 88.0%  lr 1.52e-05  GeM_p=2.18    35s
2026-03-17 04:05:50,650 [INFO]   S2 Ep  11/150  train 1.1235 / 68.6%  val 1.1742 / 88.5%  lr 1.68e-05  GeM_p=2.18    35s
2026-03-17 04:06:25,649 [INFO]   S2 Ep  12/150  train 1.1002 / 70.1%  val 1.1823 / 88.4%  lr 1.82e-05  GeM_p=2.18    35s
2026-03-17 04:07:00,676 [INFO]   S2 Ep  13/150  train 1.0726 / 71.3%  val 1.1759 / 88.6%  lr 1.92e-05  GeM_p=2.18    35s
2026-03-17 04:07:35,692 [INFO]   S2 Ep  14/150  train 1.0948 / 70.1%  val 1.1815 / 88.1%  lr 1.98e-05  GeM_p=2.18    35s
2026-03-17 04:08:10,640 [INFO]   S2 Ep  15/150  train 1.1316 / 68.6%  val 1.1842 / 87.9%  lr 2.00e-05  GeM_p=2.18    35s
2026-03-17 04:08:45,665 [INFO]   S2 Ep  16/150  train 1.1123 / 70.0%  val 1.1785 / 88.6%  lr 2.00e-05  GeM_p=2.18    35s
2026-03-17 04:09:20,678 [INFO]   S2 Ep  17/150  train 1.0693 / 71.4%  val 1.1910 / 88.1%  lr 2.00e-05  GeM_p=2.18    35s
2026-03-17 04:09:55,662 [INFO]   S2 Ep  18/150  train 1.0927 / 70.3%  val 1.1853 / 88.1%  lr 2.00e-05  GeM_p=2.18    35s
2026-03-17 04:10:30,729 [INFO]   S2 Ep  19/150  train 1.1177 / 68.8%  val 1.1737 / 88.1%  lr 2.00e-05  GeM_p=2.18    35s
2026-03-17 04:11:05,670 [INFO]   S2 Ep  20/150  train 1.1086 / 70.6%  val 1.1855 / 88.1%  lr 1.99e-05  GeM_p=2.17    35s
2026-03-17 04:11:40,667 [INFO]   S2 Ep  21/150  train 1.0890 / 70.7%  val 1.1882 / 87.8%  lr 1.99e-05  GeM_p=2.17    35s
2026-03-17 04:12:15,677 [INFO]   S2 Ep  22/150  train 1.0704 / 71.6%  val 1.1921 / 88.0%  lr 1.99e-05  GeM_p=2.17    35s
2026-03-17 04:12:50,680 [INFO]   S2 Ep  23/150  train 1.0630 / 71.4%  val 1.1811 / 88.3%  lr 1.98e-05  GeM_p=2.17    35s
2026-03-17 04:13:25,699 [INFO]   S2 Ep  24/150  train 1.1037 / 70.4%  val 1.1735 / 88.7%  lr 1.98e-05  GeM_p=2.17    35s
2026-03-17 04:14:00,684 [INFO]   S2 Ep  25/150  train 1.1146 / 69.7%  val 1.1633 / 88.9%  lr 1.97e-05  GeM_p=2.17    35s
2026-03-17 04:14:00,803 [INFO]   ★ best 88.87% → /data/slr/checkpoints_vit_v9/best_fold4.pt
2026-03-17 04:14:35,854 [INFO]   S2 Ep  26/150  train 1.1209 / 69.6%  val 1.1781 / 88.7%  lr 1.97e-05  GeM_p=2.17    35s
2026-03-17 04:15:10,913 [INFO]   S2 Ep  27/150  train 1.0887 / 70.6%  val 1.1834 / 88.0%  lr 1.96e-05  GeM_p=2.17    35s
2026-03-17 04:15:45,962 [INFO]   S2 Ep  28/150  train 1.0927 / 70.4%  val 1.1872 / 88.3%  lr 1.95e-05  GeM_p=2.17    35s
2026-03-17 04:16:21,009 [INFO]   S2 Ep  29/150  train 1.1117 / 68.9%  val 1.1764 / 88.5%  lr 1.95e-05  GeM_p=2.17    35s
2026-03-17 04:16:56,045 [INFO]   S2 Ep  30/150  train 1.0961 / 70.5%  val 1.2107 / 87.7%  lr 1.94e-05  GeM_p=2.17    35s
2026-03-17 04:17:31,053 [INFO]   S2 Ep  31/150  train 1.0997 / 70.4%  val 1.1836 / 88.4%  lr 1.93e-05  GeM_p=2.17    35s
2026-03-17 04:18:05,963 [INFO]   S2 Ep  32/150  train 1.1202 / 68.8%  val 1.1814 / 87.9%  lr 1.92e-05  GeM_p=2.17    35s
2026-03-17 04:18:41,006 [INFO]   S2 Ep  33/150  train 1.0791 / 71.4%  val 1.1895 / 88.6%  lr 1.91e-05  GeM_p=2.17    35s
2026-03-17 04:19:15,977 [INFO]   S2 Ep  34/150  train 1.1084 / 69.1%  val 1.1836 / 88.4%  lr 1.90e-05  GeM_p=2.17    35s
2026-03-17 04:19:50,984 [INFO]   S2 Ep  35/150  train 1.0648 / 71.4%  val 1.1931 / 88.2%  lr 1.89e-05  GeM_p=2.17    35s
2026-03-17 04:20:25,997 [INFO]   S2 Ep  36/150  train 1.0600 / 72.2%  val 1.1780 / 88.2%  lr 1.88e-05  GeM_p=2.17    35s
2026-03-17 04:21:01,014 [INFO]   S2 Ep  37/150  train 1.0899 / 70.7%  val 1.1743 / 88.4%  lr 1.87e-05  GeM_p=2.17    35s
2026-03-17 04:21:35,979 [INFO]   S2 Ep  38/150  train 1.1188 / 68.7%  val 1.1768 / 88.4%  lr 1.86e-05  GeM_p=2.17    35s
2026-03-17 04:22:10,961 [INFO]   S2 Ep  39/150  train 1.0924 / 70.8%  val 1.1731 / 89.1%  lr 1.85e-05  GeM_p=2.17    35s
2026-03-17 04:22:11,086 [INFO]   ★ best 89.08% → /data/slr/checkpoints_vit_v9/best_fold4.pt
2026-03-17 04:22:46,086 [INFO]   S2 Ep  40/150  train 1.0613 / 72.0%  val 1.1788 / 89.1%  lr 1.84e-05  GeM_p=2.17    35s
2026-03-17 04:22:46,205 [INFO]   ★ best 89.11% → /data/slr/checkpoints_vit_v9/best_fold4.pt
2026-03-17 04:23:21,184 [INFO]   S2 Ep  41/150  train 1.0350 / 72.9%  val 1.1636 / 89.0%  lr 1.82e-05  GeM_p=2.17    35s
2026-03-17 04:23:56,201 [INFO]   S2 Ep  42/150  train 1.0933 / 70.3%  val 1.1633 / 88.9%  lr 1.81e-05  GeM_p=2.17    35s
2026-03-17 04:24:31,276 [INFO]   S2 Ep  43/150  train 1.0866 / 70.2%  val 1.1742 / 88.6%  lr 1.80e-05  GeM_p=2.17    35s
2026-03-17 04:25:06,452 [INFO]   S2 Ep  44/150  train 1.1015 / 69.6%  val 1.1770 / 88.8%  lr 1.78e-05  GeM_p=2.17    35s
2026-03-17 04:25:41,467 [INFO]   S2 Ep  45/150  train 1.0793 / 71.1%  val 1.1609 / 88.9%  lr 1.77e-05  GeM_p=2.16    35s
2026-03-17 04:26:16,420 [INFO]   S2 Ep  46/150  train 1.0574 / 72.2%  val 1.1628 / 89.0%  lr 1.75e-05  GeM_p=2.16    35s
2026-03-17 04:26:51,429 [INFO]   S2 Ep  47/150  train 1.0237 / 73.9%  val 1.1722 / 88.9%  lr 1.74e-05  GeM_p=2.16    35s
2026-03-17 04:27:26,463 [INFO]   S2 Ep  48/150  train 1.0498 / 72.6%  val 1.1711 / 89.1%  lr 1.72e-05  GeM_p=2.16    35s
2026-03-17 04:28:01,432 [INFO]   S2 Ep  49/150  train 1.0555 / 72.1%  val 1.1808 / 88.5%  lr 1.70e-05  GeM_p=2.16    35s
2026-03-17 04:28:36,406 [INFO]   S2 Ep  50/150  train 1.0536 / 71.9%  val 1.1709 / 88.8%  lr 1.69e-05  GeM_p=2.16    35s
2026-03-17 04:29:11,384 [INFO]   S2 Ep  51/150  train 1.0803 / 71.2%  val 1.1742 / 88.5%  lr 1.67e-05  GeM_p=2.16    35s
2026-03-17 04:29:46,398 [INFO]   S2 Ep  52/150  train 1.0749 / 71.3%  val 1.1656 / 89.4%  lr 1.65e-05  GeM_p=2.16    35s
2026-03-17 04:29:46,521 [INFO]   ★ best 89.38% → /data/slr/checkpoints_vit_v9/best_fold4.pt
2026-03-17 04:30:21,494 [INFO]   S2 Ep  53/150  train 1.0410 / 72.6%  val 1.1682 / 88.9%  lr 1.63e-05  GeM_p=2.16    35s
2026-03-17 04:30:56,470 [INFO]   S2 Ep  54/150  train 1.0723 / 71.7%  val 1.1685 / 88.8%  lr 1.62e-05  GeM_p=2.16    35s
2026-03-17 04:31:31,440 [INFO]   S2 Ep  55/150  train 1.0718 / 70.7%  val 1.1724 / 88.8%  lr 1.60e-05  GeM_p=2.16    35s
2026-03-17 04:32:06,407 [INFO]   S2 Ep  56/150  train 1.0634 / 71.9%  val 1.1640 / 88.9%  lr 1.58e-05  GeM_p=2.16    35s
2026-03-17 04:32:41,398 [INFO]   S2 Ep  57/150  train 1.0955 / 69.8%  val 1.1684 / 89.0%  lr 1.56e-05  GeM_p=2.16    35s
2026-03-17 04:33:16,379 [INFO]   S2 Ep  58/150  train 1.0621 / 71.6%  val 1.1800 / 88.9%  lr 1.54e-05  GeM_p=2.16    35s
2026-03-17 04:33:51,326 [INFO]   S2 Ep  59/150  train 1.0890 / 69.6%  val 1.1661 / 89.4%  lr 1.52e-05  GeM_p=2.16    35s
2026-03-17 04:33:51,446 [INFO]   ★ best 89.42% → /data/slr/checkpoints_vit_v9/best_fold4.pt
2026-03-17 04:34:26,408 [INFO]   S2 Ep  60/150  train 1.0527 / 71.8%  val 1.1617 / 89.5%  lr 1.50e-05  GeM_p=2.16    35s
2026-03-17 04:34:26,525 [INFO]   ★ best 89.48% → /data/slr/checkpoints_vit_v9/best_fold4.pt
2026-03-17 04:35:01,520 [INFO]   S2 Ep  61/150  train 1.0679 / 71.5%  val 1.1652 / 89.1%  lr 1.48e-05  GeM_p=2.16    35s
2026-03-17 04:35:36,489 [INFO]   S2 Ep  62/150  train 1.0747 / 71.0%  val 1.1493 / 89.3%  lr 1.46e-05  GeM_p=2.16    35s
2026-03-17 04:36:11,478 [INFO]   S2 Ep  63/150  train 1.0544 / 71.6%  val 1.1660 / 88.9%  lr 1.44e-05  GeM_p=2.16    35s
2026-03-17 04:36:46,437 [INFO]   S2 Ep  64/150  train 1.0356 / 72.2%  val 1.1738 / 89.1%  lr 1.42e-05  GeM_p=2.16    35s
2026-03-17 04:37:21,393 [INFO]   S2 Ep  65/150  train 1.0744 / 70.9%  val 1.1667 / 88.6%  lr 1.40e-05  GeM_p=2.16    35s
2026-03-17 04:37:56,349 [INFO]   S2 Ep  66/150  train 1.0521 / 72.1%  val 1.1705 / 88.7%  lr 1.37e-05  GeM_p=2.16    35s
2026-03-17 04:38:31,390 [INFO]   S2 Ep  67/150  train 1.0626 / 71.6%  val 1.1696 / 88.9%  lr 1.35e-05  GeM_p=2.16    35s
2026-03-17 04:39:06,402 [INFO]   S2 Ep  68/150  train 1.0451 / 72.7%  val 1.1616 / 89.2%  lr 1.33e-05  GeM_p=2.16    35s
2026-03-17 04:39:41,403 [INFO]   S2 Ep  69/150  train 1.0292 / 73.5%  val 1.1610 / 88.9%  lr 1.31e-05  GeM_p=2.16    35s
2026-03-17 04:40:16,396 [INFO]   S2 Ep  70/150  train 1.0775 / 70.6%  val 1.1625 / 88.8%  lr 1.29e-05  GeM_p=2.16    35s
2026-03-17 04:40:51,347 [INFO]   S2 Ep  71/150  train 1.0504 / 72.2%  val 1.1513 / 89.2%  lr 1.26e-05  GeM_p=2.16    35s
2026-03-17 04:41:26,361 [INFO]   S2 Ep  72/150  train 1.0673 / 71.1%  val 1.1609 / 88.9%  lr 1.24e-05  GeM_p=2.16    35s
2026-03-17 04:42:01,326 [INFO]   S2 Ep  73/150  train 1.0497 / 72.1%  val 1.1562 / 89.4%  lr 1.22e-05  GeM_p=2.16    35s
2026-03-17 04:42:36,267 [INFO]   S2 Ep  74/150  train 1.0484 / 72.0%  val 1.1675 / 89.2%  lr 1.20e-05  GeM_p=2.16    35s
2026-03-17 04:43:11,271 [INFO]   S2 Ep  75/150  train 1.0722 / 71.1%  val 1.1570 / 89.1%  lr 1.17e-05  GeM_p=2.15    35s
2026-03-17 04:43:46,230 [INFO]   S2 Ep  76/150  train 1.0133 / 73.7%  val 1.1673 / 89.1%  lr 1.15e-05  GeM_p=2.15    35s
2026-03-17 04:44:21,210 [INFO]   S2 Ep  77/150  train 1.0302 / 72.8%  val 1.1684 / 88.8%  lr 1.13e-05  GeM_p=2.15    35s
2026-03-17 04:44:56,182 [INFO]   S2 Ep  78/150  train 1.0422 / 72.3%  val 1.1618 / 89.1%  lr 1.10e-05  GeM_p=2.15    35s
2026-03-17 04:45:31,121 [INFO]   S2 Ep  79/150  train 1.0474 / 72.6%  val 1.1726 / 88.7%  lr 1.08e-05  GeM_p=2.15    35s
2026-03-17 04:46:06,078 [INFO]   S2 Ep  80/150  train 1.0593 / 71.9%  val 1.1662 / 89.1%  lr 1.06e-05  GeM_p=2.15    35s
2026-03-17 04:46:41,022 [INFO]   S2 Ep  81/150  train 1.0734 / 70.3%  val 1.1668 / 89.4%  lr 1.03e-05  GeM_p=2.15    35s
2026-03-17 04:47:15,959 [INFO]   S2 Ep  82/150  train 1.0582 / 71.5%  val 1.1694 / 89.3%  lr 1.01e-05  GeM_p=2.15    35s
2026-03-17 04:47:50,950 [INFO]   S2 Ep  83/150  train 1.0418 / 72.1%  val 1.1652 / 89.2%  lr 9.88e-06  GeM_p=2.15    35s
2026-03-17 04:48:25,928 [INFO]   S2 Ep  84/150  train 1.0762 / 70.1%  val 1.1724 / 89.5%  lr 9.65e-06  GeM_p=2.15    35s
2026-03-17 04:49:00,872 [INFO]   S2 Ep  85/150  train 1.0366 / 73.1%  val 1.1605 / 89.6%  lr 9.42e-06  GeM_p=2.15    35s
2026-03-17 04:49:00,998 [INFO]   ★ best 89.62% → /data/slr/checkpoints_vit_v9/best_fold4.pt
2026-03-17 04:49:35,959 [INFO]   S2 Ep  86/150  train 1.0760 / 70.2%  val 1.1611 / 89.3%  lr 9.19e-06  GeM_p=2.15    35s
2026-03-17 04:50:10,873 [INFO]   S2 Ep  87/150  train 1.0478 / 71.7%  val 1.1592 / 89.2%  lr 8.95e-06  GeM_p=2.15    35s
2026-03-17 04:50:45,810 [INFO]   S2 Ep  88/150  train 0.9891 / 75.0%  val 1.1609 / 89.2%  lr 8.72e-06  GeM_p=2.15    35s
2026-03-17 04:51:20,787 [INFO]   S2 Ep  89/150  train 1.0357 / 72.6%  val 1.1640 / 89.1%  lr 8.49e-06  GeM_p=2.15    35s
2026-03-17 04:51:55,741 [INFO]   S2 Ep  90/150  train 0.9910 / 74.7%  val 1.1700 / 89.1%  lr 8.26e-06  GeM_p=2.15    35s
2026-03-17 04:52:30,687 [INFO]   S2 Ep  91/150  train 1.0368 / 72.8%  val 1.1599 / 89.2%  lr 8.03e-06  GeM_p=2.15    35s
2026-03-17 04:53:05,635 [INFO]   S2 Ep  92/150  train 1.0603 / 71.5%  val 1.1590 / 89.1%  lr 7.81e-06  GeM_p=2.15    35s
2026-03-17 04:53:40,578 [INFO]   S2 Ep  93/150  train 1.0202 / 73.3%  val 1.1673 / 88.9%  lr 7.58e-06  GeM_p=2.15    35s
2026-03-17 04:54:15,513 [INFO]   S2 Ep  94/150  train 1.0276 / 73.6%  val 1.1507 / 89.7%  lr 7.36e-06  GeM_p=2.15    35s
2026-03-17 04:54:15,637 [INFO]   ★ best 89.69% → /data/slr/checkpoints_vit_v9/best_fold4.pt
2026-03-17 04:54:50,593 [INFO]   S2 Ep  95/150  train 1.0232 / 73.1%  val 1.1563 / 89.6%  lr 7.13e-06  GeM_p=2.15    35s
2026-03-17 04:55:25,521 [INFO]   S2 Ep  96/150  train 1.0287 / 73.2%  val 1.1606 / 88.8%  lr 6.91e-06  GeM_p=2.15    35s
2026-03-17 04:56:00,503 [INFO]   S2 Ep  97/150  train 1.0428 / 72.4%  val 1.1601 / 89.5%  lr 6.69e-06  GeM_p=2.15    35s
2026-03-17 04:56:35,492 [INFO]   S2 Ep  98/150  train 1.0601 / 72.0%  val 1.1649 / 89.4%  lr 6.47e-06  GeM_p=2.15    35s
2026-03-17 04:57:10,433 [INFO]   S2 Ep  99/150  train 1.0574 / 71.6%  val 1.1518 / 89.6%  lr 6.25e-06  GeM_p=2.15    35s
2026-03-17 04:57:45,409 [INFO]   S2 Ep 100/150  train 1.0068 / 73.9%  val 1.1634 / 89.1%  lr 6.04e-06  GeM_p=2.15    35s
2026-03-17 04:58:20,379 [INFO]   S2 Ep 101/150  train 1.0026 / 73.9%  val 1.1614 / 89.5%  lr 5.83e-06  GeM_p=2.15    35s
2026-03-17 04:58:55,359 [INFO]   S2 Ep 102/150  train 1.0316 / 73.0%  val 1.1545 / 89.5%  lr 5.62e-06  GeM_p=2.15    35s
2026-03-17 04:59:30,402 [INFO]   S2 Ep 103/150  train 1.0400 / 72.2%  val 1.1537 / 89.9%  lr 5.41e-06  GeM_p=2.15    35s
2026-03-17 04:59:30,522 [INFO]   ★ best 89.89% → /data/slr/checkpoints_vit_v9/best_fold4.pt
2026-03-17 05:00:05,516 [INFO]   S2 Ep 104/150  train 1.0465 / 71.8%  val 1.1583 / 89.6%  lr 5.20e-06  GeM_p=2.15    35s
2026-03-17 05:00:40,546 [INFO]   S2 Ep 105/150  train 1.0472 / 72.4%  val 1.1455 / 89.6%  lr 5.00e-06  GeM_p=2.15    35s
2026-03-17 05:01:15,521 [INFO]   S2 Ep 106/150  train 1.0437 / 72.6%  val 1.1473 / 89.9%  lr 4.80e-06  GeM_p=2.15    35s
2026-03-17 05:01:50,463 [INFO]   S2 Ep 107/150  train 1.0304 / 72.4%  val 1.1543 / 89.6%  lr 4.60e-06  GeM_p=2.15    35s
2026-03-17 05:02:25,465 [INFO]   S2 Ep 108/150  train 1.0322 / 73.0%  val 1.1513 / 89.9%  lr 4.41e-06  GeM_p=2.15    35s
2026-03-17 05:03:00,463 [INFO]   S2 Ep 109/150  train 1.0231 / 72.7%  val 1.1542 / 89.8%  lr 4.22e-06  GeM_p=2.15    35s
2026-03-17 05:03:35,434 [INFO]   S2 Ep 110/150  train 1.0146 / 72.9%  val 1.1553 / 89.6%  lr 4.03e-06  GeM_p=2.15    35s
2026-03-17 05:04:10,405 [INFO]   S2 Ep 111/150  train 1.0501 / 71.6%  val 1.1570 / 89.6%  lr 3.84e-06  GeM_p=2.15    35s
2026-03-17 05:04:45,392 [INFO]   S2 Ep 112/150  train 1.0157 / 73.8%  val 1.1537 / 89.7%  lr 3.66e-06  GeM_p=2.15    35s
2026-03-17 05:05:20,402 [INFO]   S2 Ep 113/150  train 0.9916 / 74.4%  val 1.1528 / 89.8%  lr 3.48e-06  GeM_p=2.15    35s
2026-03-17 05:05:55,353 [INFO]   S2 Ep 114/150  train 1.0233 / 72.9%  val 1.1501 / 89.9%  lr 3.31e-06  GeM_p=2.15    35s
2026-03-17 05:06:30,311 [INFO]   S2 Ep 115/150  train 1.0220 / 72.5%  val 1.1505 / 89.7%  lr 3.14e-06  GeM_p=2.15    35s
2026-03-17 05:07:05,289 [INFO]   S2 Ep 116/150  train 1.0441 / 72.4%  val 1.1534 / 89.5%  lr 2.97e-06  GeM_p=2.15    35s
2026-03-17 05:07:40,242 [INFO]   S2 Ep 117/150  train 1.0498 / 71.7%  val 1.1496 / 89.8%  lr 2.81e-06  GeM_p=2.15    35s
2026-03-17 05:08:15,178 [INFO]   S2 Ep 118/150  train 1.0451 / 71.6%  val 1.1495 / 89.6%  lr 2.65e-06  GeM_p=2.15    35s
2026-03-17 05:08:50,133 [INFO]   S2 Ep 119/150  train 1.0317 / 72.2%  val 1.1489 / 89.9%  lr 2.49e-06  GeM_p=2.15    35s
2026-03-17 05:09:25,082 [INFO]   S2 Ep 120/150  train 1.0027 / 74.3%  val 1.1494 / 89.7%  lr 2.34e-06  GeM_p=2.15    35s
2026-03-17 05:10:00,032 [INFO]   S2 Ep 121/150  train 0.9933 / 75.1%  val 1.1459 / 90.0%  lr 2.19e-06  GeM_p=2.15    35s
2026-03-17 05:10:00,149 [INFO]   ★ best 89.96% → /data/slr/checkpoints_vit_v9/best_fold4.pt
2026-03-17 05:10:35,073 [INFO]   S2 Ep 122/150  train 1.0119 / 73.3%  val 1.1464 / 89.8%  lr 2.05e-06  GeM_p=2.15    35s
2026-03-17 05:11:10,030 [INFO]   S2 Ep 123/150  train 1.0145 / 73.9%  val 1.1475 / 89.8%  lr 1.91e-06  GeM_p=2.15    35s
2026-03-17 05:11:44,988 [INFO]   S2 Ep 124/150  train 1.0232 / 73.5%  val 1.1449 / 89.9%  lr 1.78e-06  GeM_p=2.15    35s
2026-03-17 05:12:19,955 [INFO]   S2 Ep 125/150  train 1.0307 / 72.8%  val 1.1494 / 89.8%  lr 1.65e-06  GeM_p=2.15    35s
2026-03-17 05:12:54,918 [INFO]   S2 Ep 126/150  train 1.0353 / 72.2%  val 1.1487 / 89.8%  lr 1.52e-06  GeM_p=2.15    35s
2026-03-17 05:13:29,902 [INFO]   S2 Ep 127/150  train 1.0291 / 72.5%  val 1.1466 / 89.9%  lr 1.40e-06  GeM_p=2.15    35s
2026-03-17 05:14:04,865 [INFO]   S2 Ep 128/150  train 1.0065 / 73.9%  val 1.1486 / 90.0%  lr 1.28e-06  GeM_p=2.15    35s
2026-03-17 05:14:04,989 [INFO]   ★ best 89.99% → /data/slr/checkpoints_vit_v9/best_fold4.pt
2026-03-17 05:14:39,948 [INFO]   S2 Ep 129/150  train 1.0043 / 73.8%  val 1.1490 / 89.9%  lr 1.17e-06  GeM_p=2.15    35s
2026-03-17 05:15:14,943 [INFO]   S2 Ep 130/150  train 1.0219 / 72.8%  val 1.1475 / 89.8%  lr 1.06e-06  GeM_p=2.15    35s
2026-03-17 05:15:49,906 [INFO]   S2 Ep 131/150  train 0.9948 / 75.3%  val 1.1464 / 89.7%  lr 9.62e-07  GeM_p=2.15    35s
2026-03-17 05:16:24,900 [INFO]   S2 Ep 132/150  train 1.0232 / 72.9%  val 1.1459 / 89.9%  lr 8.65e-07  GeM_p=2.15    35s
2026-03-17 05:16:59,841 [INFO]   S2 Ep 133/150  train 1.0201 / 72.7%  val 1.1480 / 89.9%  lr 7.73e-07  GeM_p=2.15    35s
2026-03-17 05:17:34,820 [INFO]   S2 Ep 134/150  train 1.0160 / 73.3%  val 1.1481 / 89.8%  lr 6.86e-07  GeM_p=2.15    35s
2026-03-17 05:18:09,805 [INFO]   S2 Ep 135/150  train 1.0185 / 73.7%  val 1.1463 / 89.8%  lr 6.04e-07  GeM_p=2.15    35s
2026-03-17 05:18:45,001 [INFO]   S2 Ep 136/150  train 1.0012 / 74.6%  val 1.1475 / 90.0%  lr 5.27e-07  GeM_p=2.15    35s
2026-03-17 05:19:20,046 [INFO]   S2 Ep 137/150  train 0.9874 / 75.3%  val 1.1465 / 90.0%  lr 4.55e-07  GeM_p=2.15    35s
2026-03-17 05:19:55,031 [INFO]   S2 Ep 138/150  train 1.0223 / 72.8%  val 1.1461 / 90.0%  lr 3.88e-07  GeM_p=2.15    35s
2026-03-17 05:20:30,012 [INFO]   S2 Ep 139/150  train 1.0478 / 71.5%  val 1.1469 / 89.7%  lr 3.26e-07  GeM_p=2.15    35s
2026-03-17 05:21:04,934 [INFO]   S2 Ep 140/150  train 1.0114 / 73.4%  val 1.1470 / 89.7%  lr 2.70e-07  GeM_p=2.15    35s
2026-03-17 05:21:39,901 [INFO]   S2 Ep 141/150  train 1.0095 / 73.7%  val 1.1463 / 89.6%  lr 2.19e-07  GeM_p=2.15    35s
2026-03-17 05:22:14,840 [INFO]   S2 Ep 142/150  train 1.0146 / 73.7%  val 1.1463 / 89.7%  lr 1.73e-07  GeM_p=2.15    35s
2026-03-17 05:22:49,820 [INFO]   S2 Ep 143/150  train 1.0050 / 74.4%  val 1.1470 / 89.7%  lr 1.33e-07  GeM_p=2.15    35s
2026-03-17 05:23:24,835 [INFO]   S2 Ep 144/150  train 1.0243 / 73.0%  val 1.1468 / 89.7%  lr 9.80e-08  GeM_p=2.15    35s
2026-03-17 05:23:59,884 [INFO]   S2 Ep 145/150  train 1.0092 / 73.4%  val 1.1469 / 89.7%  lr 6.83e-08  GeM_p=2.15    35s
2026-03-17 05:24:34,903 [INFO]   S2 Ep 146/150  train 1.0212 / 72.9%  val 1.1469 / 89.7%  lr 4.40e-08  GeM_p=2.15    35s
2026-03-17 05:25:09,945 [INFO]   S2 Ep 147/150  train 1.0327 / 72.7%  val 1.1469 / 89.7%  lr 2.51e-08  GeM_p=2.15    35s
2026-03-17 05:25:44,923 [INFO]   S2 Ep 148/150  train 1.0190 / 73.1%  val 1.1469 / 89.7%  lr 1.16e-08  GeM_p=2.15    35s
2026-03-17 05:26:19,923 [INFO]   S2 Ep 149/150  train 1.0397 / 72.4%  val 1.1469 / 89.7%  lr 3.49e-09  GeM_p=2.15    35s
2026-03-17 05:26:54,886 [INFO]   S2 Ep 150/150  train 1.0046 / 73.3%  val 1.1469 / 89.7%  lr 8.00e-10  GeM_p=2.15    35s
2026-03-17 05:26:54,886 [INFO]   Fold 5 best val acc: 89.99%
2026-03-17 05:26:55,136 [INFO] ================================================================
2026-03-17 05:26:55,136 [INFO] 5-FOLD CV RESULTS
2026-03-17 05:26:55,136 [INFO] ================================================================
2026-03-17 05:26:55,136 [INFO]   Fold 1 : 88.74%
2026-03-17 05:26:55,136 [INFO]   Fold 2 : 89.15%
2026-03-17 05:26:55,136 [INFO]   Fold 3 : 90.50%
2026-03-17 05:26:55,136 [INFO]   Fold 4 : 89.28%
2026-03-17 05:26:55,136 [INFO]   Fold 5 : 89.99%
2026-03-17 05:26:55,136 [INFO]   Mean  : 89.53% ± 0.63%
2026-03-17 05:26:55,137 [INFO] Loading vit_v9 checkpoints for ensemble …
2026-03-17 05:27:16,507 [INFO] Submission (no TTA) → /data/slr/checkpoints_vit_v9/submission_no_tta.csv  (9828 rows)
2026-03-17 05:27:16,507 [INFO] Running 10-way TTA × 5 folds …
2026-03-17 05:30:31,071 [INFO] Submission (TTA) → /data/slr/checkpoints_vit_v9/submission_tta.csv
2026-03-17 05:30:31,071 [INFO] TTA changed 179 / 9828 (1.8%)
2026-03-17 05:30:31,078 [INFO] Saved vit_v9 TTA probs → /data/slr/checkpoints_vit_v9/eval_probs_tta.pt
2026-03-17 05:30:31,078 [INFO] Done.
