2026-03-23 12:22:24,830 [INFO] GPU: NVIDIA H200
2026-03-23 12:22:24,831 [INFO] Config: {
  "data_dir": "/data/slr/track2_",
  "output_dir": "/data/slr/checkpoints_v85",
  "max_frames": 48,
  "img_size": 224,
  "n_classes": 126,
  "channel_means": [
    -64.3217,
    -62.9119,
    -63.9254
  ],
  "channel_stds": [
    12.5721,
    11.662,
    11.7259
  ],
  "n_folds": 5,
  "batch_size": 48,
  "num_workers": 2,
  "stage1_epochs": 5,
  "stage1_lr": 0.0002,
  "stage2_epochs": 150,
  "stage2_lr": 4e-05,
  "swa_epochs": 20,
  "swa_lr": 4e-06,
  "weight_decay": 0.05,
  "warmup_pct": 0.05,
  "label_smoothing": 0.1,
  "early_stopping_patience": 30,
  "grad_clip_norm": 1.0,
  "llrd_decay": 0.75,
  "mixup_alpha": 0.4,
  "cutmix_alpha": 1.0,
  "cutmix_prob": 0.5,
  "time_mask_max": 8,
  "range_mask_max": 30,
  "noise_std": 0.1,
  "time_warp_lo": 0.8,
  "time_warp_hi": 1.2,
  "time_reverse_prob": 0.5,
  "channel_shuffle_prob": 0.2,
  "channel_drop_prob": 0.1,
  "random_erase_prob": 0.2,
  "circ_shift_prob": 0.3,
  "circ_shift_max": 8,
  "amp_scale_prob": 0.5,
  "amp_scale_lo": 0.8,
  "amp_scale_hi": 1.2,
  "model_name": "convnextv2_tiny.fcmae_ft_in22k_in1k",
  "drop_path_rate": 0.2,
  "proj_dim": 512,
  "drop_rate": 0.3,
  "ms_dropout_samples": 5,
  "seed": 42
}
2026-03-23 12:22:24,831 [INFO] Range crop 0-128 | born-again v66 | Fold 0
2026-03-23 12:22:24,913 [INFO] Train: 14742 | Eval: 9828
2026-03-23 12:22:29,864 [INFO] ================================================================
2026-03-23 12:22:29,864 [INFO] FOLD 0 — Range crop bins 0-128
2026-03-23 12:22:29,864 [INFO] ================================================================
2026-03-23 12:22:29,867 [INFO]   Train: 11793 | Val: 2949
2026-03-23 12:22:30,102 [INFO] Loading pretrained weights from Hugging Face hub (timm/convnextv2_tiny.fcmae_ft_in22k_in1k)
2026-03-23 12:22:35,226 [INFO] HTTP Request: HEAD https://huggingface.co/timm/convnextv2_tiny.fcmae_ft_in22k_in1k/resolve/main/model.safetensors "HTTP/1.1 302 Found"
2026-03-23 12:22:35,227 [INFO] [timm/convnextv2_tiny.fcmae_ft_in22k_in1k] Safe alternative available for 'pytorch_model.bin' (as 'model.safetensors'). Loading weights using safetensors.
2026-03-23 12:22:35,243 [INFO] Missing keys (head.fc.weight, head.fc.bias) discovered while loading pretrained weights. This is expected if model is being adapted.
2026-03-23 12:22:35,548 [INFO]   Born-again ← best_fold0.pt (val 90.84%)
2026-03-23 12:22:35,548 [INFO] ── Stage 1: head warmup (5 ep) ──
2026-03-23 12:23:05,312 [INFO]   S1 Ep 1/5  loss=4.3237 acc=11.2%  val=16.0%  30s
2026-03-23 12:23:05,490 [INFO]   ★ best 16.01%
2026-03-23 12:23:17,535 [INFO]   S1 Ep 2/5  loss=3.8968 acc=14.9%  val=22.5%  12s
2026-03-23 12:23:17,745 [INFO]   ★ best 22.48%
2026-03-23 12:23:30,535 [INFO]   S1 Ep 3/5  loss=3.7033 acc=17.6%  val=25.8%  13s
2026-03-23 12:23:30,747 [INFO]   ★ best 25.84%
2026-03-23 12:23:43,287 [INFO]   S1 Ep 4/5  loss=3.6084 acc=19.6%  val=27.6%  13s
2026-03-23 12:23:43,482 [INFO]   ★ best 27.60%
2026-03-23 12:23:55,814 [INFO]   S1 Ep 5/5  loss=3.5671 acc=20.3%  val=27.6%  12s
2026-03-23 12:23:55,814 [INFO] ── Stage 2: full fine-tune (150 ep, patience 30) ──
2026-03-23 12:23:55,815 [INFO] LLRD: 12 groups, LR [9.49e-06 … 4.00e-05]
2026-03-23 12:24:21,970 [INFO]   S2 Ep   1/150  loss=4.0125 acc=15.1%  val=34.9%  lr=3.26e-06    26s
2026-03-23 12:24:22,174 [INFO]   ★ best 34.89%
2026-03-23 12:24:37,741 [INFO]   S2 Ep   2/150  loss=3.8053 acc=20.0%  val=49.4%  lr=7.96e-06    16s
2026-03-23 12:24:37,949 [INFO]   ★ best 49.44%
2026-03-23 12:24:53,586 [INFO]   S2 Ep   3/150  loss=3.4953 acc=29.2%  val=65.0%  lr=1.49e-05    16s
2026-03-23 12:24:53,775 [INFO]   ★ best 65.04%
2026-03-23 12:25:09,303 [INFO]   S2 Ep   4/150  loss=3.2050 acc=36.7%  val=71.2%  lr=2.28e-05    16s
2026-03-23 12:25:09,490 [INFO]   ★ best 71.24%
2026-03-23 12:25:25,298 [INFO]   S2 Ep   5/150  loss=3.1351 acc=38.3%  val=73.2%  lr=3.04e-05    16s
2026-03-23 12:25:25,525 [INFO]   ★ best 73.18%
2026-03-23 12:25:41,750 [INFO]   S2 Ep   6/150  loss=2.8818 acc=44.7%  val=75.4%  lr=3.63e-05    16s
2026-03-23 12:25:41,941 [INFO]   ★ best 75.42%
2026-03-23 12:25:57,884 [INFO]   S2 Ep   7/150  loss=2.8557 acc=44.6%  val=74.7%  lr=3.96e-05    16s
2026-03-23 12:26:13,967 [INFO]   S2 Ep   8/150  loss=2.8996 acc=44.2%  val=76.1%  lr=4.00e-05    16s
2026-03-23 12:26:14,183 [INFO]   ★ best 76.13%
2026-03-23 12:26:30,026 [INFO]   S2 Ep   9/150  loss=2.8069 acc=46.0%  val=75.4%  lr=4.00e-05    16s
2026-03-23 12:26:46,197 [INFO]   S2 Ep  10/150  loss=2.8124 acc=45.6%  val=77.3%  lr=4.00e-05    16s
2026-03-23 12:26:46,416 [INFO]   ★ best 77.31%
2026-03-23 12:27:03,035 [INFO]   S2 Ep  11/150  loss=2.7520 acc=48.1%  val=77.2%  lr=3.99e-05    17s
2026-03-23 12:27:19,100 [INFO]   S2 Ep  12/150  loss=2.7722 acc=47.3%  val=77.1%  lr=3.99e-05    16s
2026-03-23 12:27:34,560 [INFO]   S2 Ep  13/150  loss=2.6813 acc=49.3%  val=77.9%  lr=3.99e-05    15s
2026-03-23 12:27:34,842 [INFO]   ★ best 77.92%
2026-03-23 12:27:50,558 [INFO]   S2 Ep  14/150  loss=2.6398 acc=50.9%  val=77.1%  lr=3.98e-05    16s
2026-03-23 12:28:06,321 [INFO]   S2 Ep  15/150  loss=2.6840 acc=49.6%  val=77.3%  lr=3.97e-05    16s
2026-03-23 12:28:22,092 [INFO]   S2 Ep  16/150  loss=2.7512 acc=47.9%  val=77.7%  lr=3.96e-05    16s
2026-03-23 12:28:38,043 [INFO]   S2 Ep  17/150  loss=2.5844 acc=52.3%  val=77.7%  lr=3.96e-05    16s
2026-03-23 12:28:54,392 [INFO]   S2 Ep  18/150  loss=2.6775 acc=49.6%  val=78.4%  lr=3.95e-05    16s
2026-03-23 12:28:54,595 [INFO]   ★ best 78.40%
2026-03-23 12:29:10,363 [INFO]   S2 Ep  19/150  loss=2.6070 acc=51.7%  val=78.1%  lr=3.94e-05    16s
2026-03-23 12:29:26,182 [INFO]   S2 Ep  20/150  loss=2.6231 acc=51.0%  val=78.6%  lr=3.92e-05    16s
2026-03-23 12:29:26,396 [INFO]   ★ best 78.64%
2026-03-23 12:29:41,983 [INFO]   S2 Ep  21/150  loss=2.6430 acc=51.4%  val=78.7%  lr=3.91e-05    16s
2026-03-23 12:29:42,208 [INFO]   ★ best 78.70%
2026-03-23 12:29:57,997 [INFO]   S2 Ep  22/150  loss=2.5613 acc=53.6%  val=77.7%  lr=3.90e-05    16s
2026-03-23 12:30:14,273 [INFO]   S2 Ep  23/150  loss=2.5968 acc=51.9%  val=79.0%  lr=3.88e-05    16s
2026-03-23 12:30:14,492 [INFO]   ★ best 78.98%
2026-03-23 12:30:30,353 [INFO]   S2 Ep  24/150  loss=2.5742 acc=53.0%  val=78.6%  lr=3.87e-05    16s
2026-03-23 12:30:46,610 [INFO]   S2 Ep  25/150  loss=2.5603 acc=53.7%  val=78.6%  lr=3.85e-05    16s
2026-03-23 12:31:02,528 [INFO]   S2 Ep  26/150  loss=2.5325 acc=53.5%  val=77.8%  lr=3.84e-05    16s
2026-03-23 12:31:18,494 [INFO]   S2 Ep  27/150  loss=2.4998 acc=55.2%  val=78.0%  lr=3.82e-05    16s
2026-03-23 12:31:34,022 [INFO]   S2 Ep  28/150  loss=2.5056 acc=55.0%  val=79.0%  lr=3.80e-05    16s
2026-03-23 12:31:34,197 [INFO]   ★ best 79.01%
2026-03-23 12:31:50,756 [INFO]   S2 Ep  29/150  loss=2.5443 acc=53.5%  val=78.5%  lr=3.78e-05    17s
2026-03-23 12:32:06,760 [INFO]   S2 Ep  30/150  loss=2.4601 acc=56.0%  val=78.3%  lr=3.76e-05    16s
2026-03-23 12:32:22,708 [INFO]   S2 Ep  31/150  loss=2.5396 acc=53.5%  val=79.5%  lr=3.74e-05    16s
2026-03-23 12:32:22,937 [INFO]   ★ best 79.52%
2026-03-23 12:32:39,410 [INFO]   S2 Ep  32/150  loss=2.4393 acc=56.8%  val=79.4%  lr=3.72e-05    16s
2026-03-23 12:32:55,373 [INFO]   S2 Ep  33/150  loss=2.5077 acc=54.5%  val=79.0%  lr=3.69e-05    16s
2026-03-23 12:33:11,396 [INFO]   S2 Ep  34/150  loss=2.5140 acc=54.6%  val=79.2%  lr=3.67e-05    16s
2026-03-23 12:33:27,446 [INFO]   S2 Ep  35/150  loss=2.5150 acc=55.0%  val=79.2%  lr=3.64e-05    16s
2026-03-23 12:33:43,310 [INFO]   S2 Ep  36/150  loss=2.5100 acc=54.8%  val=78.4%  lr=3.62e-05    16s
2026-03-23 12:33:59,011 [INFO]   S2 Ep  37/150  loss=2.4141 acc=57.5%  val=79.2%  lr=3.59e-05    16s
2026-03-23 12:34:15,368 [INFO]   S2 Ep  38/150  loss=2.4638 acc=57.0%  val=78.5%  lr=3.56e-05    16s
2026-03-23 12:34:31,630 [INFO]   S2 Ep  39/150  loss=2.3160 acc=60.0%  val=79.3%  lr=3.54e-05    16s
2026-03-23 12:34:47,554 [INFO]   S2 Ep  40/150  loss=2.4528 acc=56.5%  val=78.6%  lr=3.51e-05    16s
2026-03-23 12:35:03,303 [INFO]   S2 Ep  41/150  loss=2.4597 acc=56.1%  val=79.7%  lr=3.48e-05    16s
2026-03-23 12:35:03,552 [INFO]   ★ best 79.72%
2026-03-23 12:35:19,236 [INFO]   S2 Ep  42/150  loss=2.4025 acc=57.2%  val=79.0%  lr=3.45e-05    16s
2026-03-23 12:35:35,068 [INFO]   S2 Ep  43/150  loss=2.4037 acc=56.9%  val=79.5%  lr=3.42e-05    16s
2026-03-23 12:35:50,944 [INFO]   S2 Ep  44/150  loss=2.4122 acc=57.6%  val=79.3%  lr=3.39e-05    16s
2026-03-23 12:36:06,674 [INFO]   S2 Ep  45/150  loss=2.4658 acc=55.8%  val=79.4%  lr=3.35e-05    16s
2026-03-23 12:36:22,681 [INFO]   S2 Ep  46/150  loss=2.3580 acc=59.0%  val=79.0%  lr=3.32e-05    16s
2026-03-23 12:36:38,483 [INFO]   S2 Ep  47/150  loss=2.2921 acc=60.8%  val=78.9%  lr=3.29e-05    16s
2026-03-23 12:36:54,290 [INFO]   S2 Ep  48/150  loss=2.4217 acc=57.0%  val=79.1%  lr=3.25e-05    16s
2026-03-23 12:37:10,136 [INFO]   S2 Ep  49/150  loss=2.4329 acc=56.6%  val=79.6%  lr=3.22e-05    16s
2026-03-23 12:37:25,844 [INFO]   S2 Ep  50/150  loss=2.5069 acc=55.7%  val=79.5%  lr=3.18e-05    16s
2026-03-23 12:37:41,632 [INFO]   S2 Ep  51/150  loss=2.2744 acc=61.1%  val=79.1%  lr=3.15e-05    16s
2026-03-23 12:37:57,430 [INFO]   S2 Ep  52/150  loss=2.3434 acc=59.2%  val=79.7%  lr=3.11e-05    16s
2026-03-23 12:38:13,187 [INFO]   S2 Ep  53/150  loss=2.3974 acc=58.0%  val=79.3%  lr=3.08e-05    16s
2026-03-23 12:38:29,274 [INFO]   S2 Ep  54/150  loss=2.4297 acc=57.2%  val=79.5%  lr=3.04e-05    16s
2026-03-23 12:38:45,327 [INFO]   S2 Ep  55/150  loss=2.3593 acc=59.0%  val=79.8%  lr=3.00e-05    16s
2026-03-23 12:38:45,529 [INFO]   ★ best 79.79%
2026-03-23 12:39:01,703 [INFO]   S2 Ep  56/150  loss=2.3024 acc=59.9%  val=79.5%  lr=2.96e-05    16s
2026-03-23 12:39:17,349 [INFO]   S2 Ep  57/150  loss=2.3306 acc=60.0%  val=79.8%  lr=2.92e-05    16s
2026-03-23 12:39:33,682 [INFO]   S2 Ep  58/150  loss=2.3217 acc=60.4%  val=79.7%  lr=2.88e-05    16s
2026-03-23 12:39:49,432 [INFO]   S2 Ep  59/150  loss=2.3078 acc=59.9%  val=78.8%  lr=2.84e-05    16s
2026-03-23 12:40:05,477 [INFO]   S2 Ep  60/150  loss=2.3148 acc=60.4%  val=79.2%  lr=2.80e-05    16s
2026-03-23 12:40:21,083 [INFO]   S2 Ep  61/150  loss=2.3297 acc=60.2%  val=79.1%  lr=2.76e-05    16s
2026-03-23 12:40:37,091 [INFO]   S2 Ep  62/150  loss=2.3246 acc=59.9%  val=79.1%  lr=2.72e-05    16s
2026-03-23 12:40:53,101 [INFO]   S2 Ep  63/150  loss=2.3905 acc=57.8%  val=79.4%  lr=2.68e-05    16s
2026-03-23 12:41:08,637 [INFO]   S2 Ep  64/150  loss=2.2488 acc=62.0%  val=79.3%  lr=2.64e-05    16s
2026-03-23 12:41:24,205 [INFO]   S2 Ep  65/150  loss=2.3185 acc=60.5%  val=79.4%  lr=2.60e-05    16s
2026-03-23 12:41:39,570 [INFO]   S2 Ep  66/150  loss=2.3054 acc=60.2%  val=78.7%  lr=2.55e-05    15s
2026-03-23 12:41:55,342 [INFO]   S2 Ep  67/150  loss=2.3850 acc=58.4%  val=79.3%  lr=2.51e-05    16s
2026-03-23 12:42:11,186 [INFO]   S2 Ep  68/150  loss=2.3053 acc=60.4%  val=79.8%  lr=2.47e-05    16s
2026-03-23 12:42:27,246 [INFO]   S2 Ep  69/150  loss=2.2854 acc=60.9%  val=79.9%  lr=2.43e-05    16s
2026-03-23 12:42:27,467 [INFO]   ★ best 79.93%
2026-03-23 12:42:43,732 [INFO]   S2 Ep  70/150  loss=2.3104 acc=61.0%  val=79.7%  lr=2.38e-05    16s
2026-03-23 12:43:00,472 [INFO]   S2 Ep  71/150  loss=2.3238 acc=60.4%  val=79.9%  lr=2.34e-05    17s
2026-03-23 12:43:16,325 [INFO]   S2 Ep  72/150  loss=2.2998 acc=60.5%  val=79.6%  lr=2.30e-05    16s
2026-03-23 12:43:32,154 [INFO]   S2 Ep  73/150  loss=2.2960 acc=61.0%  val=79.8%  lr=2.25e-05    16s
2026-03-23 12:43:47,861 [INFO]   S2 Ep  74/150  loss=2.2563 acc=62.2%  val=80.0%  lr=2.21e-05    16s
2026-03-23 12:43:48,065 [INFO]   ★ best 80.03%
2026-03-23 12:44:03,480 [INFO]   S2 Ep  75/150  loss=2.2653 acc=62.2%  val=80.0%  lr=2.17e-05    15s
2026-03-23 12:44:18,925 [INFO]   S2 Ep  76/150  loss=2.3028 acc=60.5%  val=79.7%  lr=2.12e-05    15s
2026-03-23 12:44:34,877 [INFO]   S2 Ep  77/150  loss=2.3070 acc=60.1%  val=79.9%  lr=2.08e-05    16s
2026-03-23 12:44:50,763 [INFO]   S2 Ep  78/150  loss=2.2662 acc=61.5%  val=79.8%  lr=2.03e-05    16s
2026-03-23 12:45:06,396 [INFO]   S2 Ep  79/150  loss=2.2909 acc=61.2%  val=80.1%  lr=1.99e-05    16s
2026-03-23 12:45:06,620 [INFO]   ★ best 80.13%
2026-03-23 12:45:22,413 [INFO]   S2 Ep  80/150  loss=2.2464 acc=62.9%  val=80.0%  lr=1.94e-05    16s
2026-03-23 12:45:38,396 [INFO]   S2 Ep  81/150  loss=2.3216 acc=60.3%  val=80.0%  lr=1.90e-05    16s
2026-03-23 12:45:54,209 [INFO]   S2 Ep  82/150  loss=2.3546 acc=59.2%  val=80.0%  lr=1.86e-05    16s
2026-03-23 12:46:10,271 [INFO]   S2 Ep  83/150  loss=2.1843 acc=64.0%  val=80.3%  lr=1.81e-05    16s
2026-03-23 12:46:10,480 [INFO]   ★ best 80.33%
2026-03-23 12:46:26,270 [INFO]   S2 Ep  84/150  loss=2.2836 acc=61.0%  val=80.6%  lr=1.77e-05    16s
2026-03-23 12:46:26,448 [INFO]   ★ best 80.60%
2026-03-23 12:46:42,464 [INFO]   S2 Ep  85/150  loss=2.2719 acc=61.6%  val=80.4%  lr=1.73e-05    16s
2026-03-23 12:46:58,522 [INFO]   S2 Ep  86/150  loss=2.2284 acc=63.0%  val=80.2%  lr=1.68e-05    16s
2026-03-23 12:47:14,592 [INFO]   S2 Ep  87/150  loss=2.3325 acc=59.3%  val=80.4%  lr=1.64e-05    16s
2026-03-23 12:47:30,053 [INFO]   S2 Ep  88/150  loss=2.3009 acc=61.0%  val=80.4%  lr=1.59e-05    15s
2026-03-23 12:47:45,560 [INFO]   S2 Ep  89/150  loss=2.3043 acc=60.3%  val=80.3%  lr=1.55e-05    16s
2026-03-23 12:48:01,541 [INFO]   S2 Ep  90/150  loss=2.2391 acc=62.6%  val=79.8%  lr=1.51e-05    16s
2026-03-23 12:48:17,276 [INFO]   S2 Ep  91/150  loss=2.2481 acc=62.2%  val=80.5%  lr=1.47e-05    16s
2026-03-23 12:48:32,984 [INFO]   S2 Ep  92/150  loss=2.3048 acc=60.7%  val=80.1%  lr=1.42e-05    16s
2026-03-23 12:48:49,046 [INFO]   S2 Ep  93/150  loss=2.2773 acc=61.9%  val=79.7%  lr=1.38e-05    16s
2026-03-23 12:49:04,858 [INFO]   S2 Ep  94/150  loss=2.2714 acc=61.6%  val=80.0%  lr=1.34e-05    16s
2026-03-23 12:49:20,508 [INFO]   S2 Ep  95/150  loss=2.3103 acc=60.6%  val=80.5%  lr=1.30e-05    16s
2026-03-23 12:49:36,365 [INFO]   S2 Ep  96/150  loss=2.1860 acc=63.7%  val=80.0%  lr=1.26e-05    16s
2026-03-23 12:49:51,751 [INFO]   S2 Ep  97/150  loss=2.3123 acc=60.2%  val=80.3%  lr=1.22e-05    15s
2026-03-23 12:50:07,808 [INFO]   S2 Ep  98/150  loss=2.2848 acc=61.9%  val=80.4%  lr=1.18e-05    16s
2026-03-23 12:50:23,340 [INFO]   S2 Ep  99/150  loss=2.2750 acc=61.1%  val=80.4%  lr=1.14e-05    16s
2026-03-23 12:50:38,859 [INFO]   S2 Ep 100/150  loss=2.1774 acc=64.8%  val=80.2%  lr=1.10e-05    16s
2026-03-23 12:50:54,317 [INFO]   S2 Ep 101/150  loss=2.2402 acc=62.3%  val=80.5%  lr=1.06e-05    15s
2026-03-23 12:51:10,176 [INFO]   S2 Ep 102/150  loss=2.2517 acc=62.4%  val=80.1%  lr=1.02e-05    16s
2026-03-23 12:51:26,314 [INFO]   S2 Ep 103/150  loss=2.1819 acc=64.4%  val=80.0%  lr=9.81e-06    16s
2026-03-23 12:51:42,261 [INFO]   S2 Ep 104/150  loss=2.2108 acc=63.3%  val=80.1%  lr=9.43e-06    16s
2026-03-23 12:51:58,039 [INFO]   S2 Ep 105/150  loss=2.1790 acc=64.5%  val=80.1%  lr=9.06e-06    16s
2026-03-23 12:52:13,919 [INFO]   S2 Ep 106/150  loss=2.1772 acc=64.2%  val=80.2%  lr=8.69e-06    16s
2026-03-23 12:52:29,821 [INFO]   S2 Ep 107/150  loss=2.1601 acc=64.4%  val=80.6%  lr=8.33e-06    16s
2026-03-23 12:52:45,472 [INFO]   S2 Ep 108/150  loss=2.1738 acc=65.3%  val=80.3%  lr=7.98e-06    16s
2026-03-23 12:53:01,480 [INFO]   S2 Ep 109/150  loss=2.1545 acc=64.8%  val=80.3%  lr=7.63e-06    16s
2026-03-23 12:53:17,213 [INFO]   S2 Ep 110/150  loss=2.1570 acc=64.2%  val=80.0%  lr=7.29e-06    16s
2026-03-23 12:53:33,120 [INFO]   S2 Ep 111/150  loss=2.1532 acc=64.7%  val=80.4%  lr=6.95e-06    16s
2026-03-23 12:53:48,467 [INFO]   S2 Ep 112/150  loss=2.2238 acc=63.1%  val=80.4%  lr=6.62e-06    15s
2026-03-23 12:54:03,867 [INFO]   S2 Ep 113/150  loss=2.2528 acc=62.2%  val=80.5%  lr=6.29e-06    15s
2026-03-23 12:54:19,202 [INFO]   S2 Ep 114/150  loss=2.2510 acc=61.8%  val=80.3%  lr=5.98e-06    15s
2026-03-23 12:54:19,202 [INFO]   Early stop at ep 114
2026-03-23 12:54:19,203 [INFO] ── Stage 3: SWA (20 ep, lr=4.0e-06) ──
2026-03-23 12:54:34,328 [INFO]   SWA Ep  1/20  loss=2.2887  swa_val=80.2%  15s
2026-03-23 12:54:50,003 [INFO]   SWA Ep  2/20  loss=2.2008  swa_val=80.7%  16s
2026-03-23 12:55:05,460 [INFO]   SWA Ep  3/20  loss=2.2574  swa_val=80.8%  15s
2026-03-23 12:55:21,174 [INFO]   SWA Ep  4/20  loss=2.3136  swa_val=81.2%  16s
2026-03-23 12:55:37,269 [INFO]   SWA Ep  5/20  loss=2.2820  swa_val=80.9%  16s
2026-03-23 12:55:52,927 [INFO]   SWA Ep  6/20  loss=2.3318  swa_val=81.0%  16s
2026-03-23 12:56:08,467 [INFO]   SWA Ep  7/20  loss=2.2949  swa_val=81.1%  16s
2026-03-23 12:56:23,608 [INFO]   SWA Ep  8/20  loss=2.2807  swa_val=80.9%  15s
2026-03-23 12:56:39,389 [INFO]   SWA Ep  9/20  loss=2.2127  swa_val=81.0%  16s
2026-03-23 12:56:54,929 [INFO]   SWA Ep 10/20  loss=2.2487  swa_val=80.9%  16s
2026-03-23 12:57:10,761 [INFO]   SWA Ep 11/20  loss=2.2666  swa_val=80.8%  16s
2026-03-23 12:57:26,220 [INFO]   SWA Ep 12/20  loss=2.2245  swa_val=81.0%  15s
2026-03-23 12:57:41,634 [INFO]   SWA Ep 13/20  loss=2.1976  swa_val=80.9%  15s
2026-03-23 12:57:57,067 [INFO]   SWA Ep 14/20  loss=2.2306  swa_val=80.8%  15s
2026-03-23 12:58:12,615 [INFO]   SWA Ep 15/20  loss=2.2270  swa_val=81.0%  16s
2026-03-23 12:58:28,238 [INFO]   SWA Ep 16/20  loss=2.2203  swa_val=80.9%  16s
2026-03-23 12:58:43,770 [INFO]   SWA Ep 17/20  loss=2.2206  swa_val=80.9%  16s
2026-03-23 12:58:59,634 [INFO]   SWA Ep 18/20  loss=2.2318  swa_val=80.8%  16s
2026-03-23 12:59:15,557 [INFO]   SWA Ep 19/20  loss=2.2672  swa_val=80.9%  16s
2026-03-23 12:59:31,495 [INFO]   SWA Ep 20/20  loss=2.2606  swa_val=80.8%  16s
2026-03-23 12:59:33,652 [INFO]   SWA final: 80.77% (regular best: 80.60%)
2026-03-23 12:59:33,846 [INFO]   ★ SWA beats regular! 80.77%
2026-03-23 12:59:33,846 [INFO]   Fold 0 best: 80.77%
2026-03-23 13:00:14,218 [INFO] TTA changed 251 / 9828 (2.6%)
2026-03-23 13:00:14,245 [INFO] Done.
