2026-03-23 12:17:38,010 [INFO] GPU: NVIDIA H200
2026-03-23 12:17:38,011 [INFO] Config: {
  "data_dir": "/data/slr/track2_",
  "output_dir": "/data/slr/checkpoints_v79",
  "max_frames": 48,
  "img_size": 224,
  "n_classes": 126,
  "channel_means": [
    -64.3217,
    -62.9119,
    -63.9254
  ],
  "channel_stds": [
    12.5721,
    11.662,
    11.7259
  ],
  "n_folds": 5,
  "batch_size": 48,
  "num_workers": 2,
  "stage1_epochs": 10,
  "stage1_lr": 0.0002,
  "stage2_epochs": 200,
  "stage2_lr": 4e-05,
  "swa_epochs": 20,
  "swa_lr": 4e-06,
  "weight_decay": 0.05,
  "warmup_pct": 0.05,
  "label_smoothing": 0.1,
  "early_stopping_patience": 40,
  "grad_clip_norm": 1.0,
  "llrd_decay": 0.75,
  "mixup_alpha": 0.4,
  "cutmix_alpha": 1.0,
  "cutmix_prob": 0.5,
  "time_mask_max": 8,
  "range_mask_max": 30,
  "noise_std": 0.1,
  "time_warp_lo": 0.8,
  "time_warp_hi": 1.2,
  "time_reverse_prob": 0.5,
  "channel_shuffle_prob": 0.2,
  "channel_drop_prob": 0.1,
  "random_erase_prob": 0.2,
  "circ_shift_prob": 0.3,
  "circ_shift_max": 8,
  "amp_scale_prob": 0.5,
  "amp_scale_lo": 0.8,
  "amp_scale_hi": 1.2,
  "model_name": "tf_efficientnetv2_s.in21k_ft_in1k",
  "drop_path_rate": 0.2,
  "proj_dim": 512,
  "drop_rate": 0.3,
  "ms_dropout_samples": 5,
  "seed": 42
}
2026-03-23 12:17:38,011 [INFO] EfficientNetV2-S backbone — architecture diversity, no born-again | Fold 0
2026-03-23 12:17:38,088 [INFO] Train: 14742 | Eval: 9828
2026-03-23 12:17:42,976 [INFO] ================================================================
2026-03-23 12:17:42,976 [INFO] FOLD 0 — EfficientNetV2-S backbone
2026-03-23 12:17:42,976 [INFO] ================================================================
2026-03-23 12:17:42,977 [INFO]   Train: 11793 | Val: 2949
2026-03-23 12:17:43,162 [INFO] Loading pretrained weights from Hugging Face hub (timm/tf_efficientnetv2_s.in21k_ft_in1k)
2026-03-23 12:17:48,231 [INFO] HTTP Request: HEAD https://huggingface.co/timm/tf_efficientnetv2_s.in21k_ft_in1k/resolve/main/model.safetensors "HTTP/1.1 302 Found"
2026-03-23 12:17:48,232 [WARNING] Warning: You are sending unauthenticated requests to the HF Hub. Please set a HF_TOKEN to enable higher rate limits and faster downloads.
2026-03-23 12:17:48,233 [INFO] [timm/tf_efficientnetv2_s.in21k_ft_in1k] Safe alternative available for 'pytorch_model.bin' (as 'model.safetensors'). Loading weights using safetensors.
2026-03-23 12:17:48,317 [WARNING] Unexpected keys (bn2.num_batches_tracked, bn2.bias, bn2.running_mean, bn2.running_var, bn2.weight, classifier.bias, classifier.weight, conv_head.weight) found while loading pretrained weights. This may be expected if model is being adapted.
2026-03-23 12:17:48,321 [INFO] EfficientNetV2-S stage dims: [24, 48, 64, 160] (total features: 296)
2026-03-23 12:17:48,548 [INFO] Model params: 20.1M
2026-03-23 12:17:48,548 [INFO] ── Stage 1: head warmup (10 ep) ──
2026-03-23 12:18:11,133 [INFO]   S1 Ep 1/10  loss=4.8545 acc=0.7%  val=0.7%  23s
2026-03-23 12:18:11,256 [INFO]   ★ best 0.75%
2026-03-23 12:18:25,470 [INFO]   S1 Ep 2/10  loss=4.8489 acc=0.6%  val=1.0%  14s
2026-03-23 12:18:25,611 [INFO]   ★ best 1.02%
2026-03-23 12:18:40,288 [INFO]   S1 Ep 3/10  loss=4.8509 acc=0.6%  val=0.8%  15s
2026-03-23 12:18:54,817 [INFO]   S1 Ep 4/10  loss=4.8471 acc=0.6%  val=0.8%  15s
2026-03-23 12:19:09,673 [INFO]   S1 Ep 5/10  loss=4.8452 acc=0.6%  val=0.8%  15s
2026-03-23 12:19:25,199 [INFO]   S1 Ep 6/10  loss=4.8434 acc=0.7%  val=0.8%  16s
2026-03-23 12:19:40,653 [INFO]   S1 Ep 7/10  loss=4.8404 acc=0.7%  val=1.0%  15s
2026-03-23 12:19:55,531 [INFO]   S1 Ep 8/10  loss=4.8383 acc=0.7%  val=1.0%  15s
2026-03-23 12:20:10,572 [INFO]   S1 Ep 9/10  loss=4.8372 acc=0.6%  val=1.3%  15s
2026-03-23 12:20:10,748 [INFO]   ★ best 1.29%
2026-03-23 12:20:25,623 [INFO]   S1 Ep 10/10  loss=4.8360 acc=0.8%  val=1.3%  15s
2026-03-23 12:20:25,623 [INFO] ── Stage 2: full fine-tune (200 ep, patience 40) ──
2026-03-23 12:20:25,625 [INFO] LLRD: 14 groups, LR [7.12e-06 … 4.00e-05]
2026-03-23 12:20:56,153 [INFO]   S2 Ep   1/200  loss=4.8365 acc=0.8%  val=1.3%  lr=2.54e-06    31s
2026-03-23 12:21:13,065 [INFO]   S2 Ep   2/200  loss=4.8363 acc=0.9%  val=1.3%  lr=5.27e-06    17s
2026-03-23 12:21:29,380 [INFO]   S2 Ep   3/200  loss=4.8364 acc=0.9%  val=1.1%  lr=9.52e-06    16s
2026-03-23 12:21:46,376 [INFO]   S2 Ep   4/200  loss=4.8366 acc=0.8%  val=1.2%  lr=1.49e-05    17s
2026-03-23 12:22:03,271 [INFO]   S2 Ep   5/200  loss=4.8371 acc=0.9%  val=1.1%  lr=2.08e-05    17s
2026-03-23 12:22:19,621 [INFO]   S2 Ep   6/200  loss=4.8371 acc=0.7%  val=1.2%  lr=2.67e-05    16s
2026-03-23 12:22:36,371 [INFO]   S2 Ep   7/200  loss=4.8374 acc=0.9%  val=1.2%  lr=3.21e-05    17s
2026-03-23 12:22:52,802 [INFO]   S2 Ep   8/200  loss=4.8365 acc=0.9%  val=2.2%  lr=3.63e-05    16s
2026-03-23 12:22:53,001 [INFO]   ★ best 2.17%
2026-03-23 12:23:09,054 [INFO]   S2 Ep   9/200  loss=4.8268 acc=1.0%  val=1.4%  lr=3.91e-05    16s
2026-03-23 12:23:25,421 [INFO]   S2 Ep  10/200  loss=4.7571 acc=1.4%  val=2.1%  lr=4.00e-05    16s
2026-03-23 12:23:41,831 [INFO]   S2 Ep  11/200  loss=4.6833 acc=1.8%  val=2.5%  lr=4.00e-05    16s
2026-03-23 12:23:42,024 [INFO]   ★ best 2.51%
2026-03-23 12:23:58,607 [INFO]   S2 Ep  12/200  loss=4.6523 acc=2.0%  val=2.8%  lr=4.00e-05    17s
2026-03-23 12:23:58,756 [INFO]   ★ best 2.78%
2026-03-23 12:24:15,137 [INFO]   S2 Ep  13/200  loss=4.6071 acc=2.4%  val=4.2%  lr=4.00e-05    16s
2026-03-23 12:24:15,315 [INFO]   ★ best 4.17%
2026-03-23 12:24:32,015 [INFO]   S2 Ep  14/200  loss=4.5611 acc=3.1%  val=5.8%  lr=4.00e-05    17s
2026-03-23 12:24:32,192 [INFO]   ★ best 5.83%
2026-03-23 12:24:49,184 [INFO]   S2 Ep  15/200  loss=4.5256 acc=3.6%  val=6.2%  lr=3.99e-05    17s
2026-03-23 12:24:49,355 [INFO]   ★ best 6.21%
2026-03-23 12:25:06,062 [INFO]   S2 Ep  16/200  loss=4.5050 acc=4.2%  val=7.7%  lr=3.99e-05    17s
2026-03-23 12:25:06,258 [INFO]   ★ best 7.70%
2026-03-23 12:25:22,918 [INFO]   S2 Ep  17/200  loss=4.4293 acc=5.1%  val=8.8%  lr=3.99e-05    17s
2026-03-23 12:25:23,119 [INFO]   ★ best 8.82%
2026-03-23 12:25:39,059 [INFO]   S2 Ep  18/200  loss=4.4130 acc=5.6%  val=10.6%  lr=3.98e-05    16s
2026-03-23 12:25:39,251 [INFO]   ★ best 10.58%
2026-03-23 12:25:55,340 [INFO]   S2 Ep  19/200  loss=4.3585 acc=6.2%  val=12.0%  lr=3.98e-05    16s
2026-03-23 12:25:55,532 [INFO]   ★ best 12.04%
2026-03-23 12:26:11,401 [INFO]   S2 Ep  20/200  loss=4.3413 acc=6.8%  val=12.9%  lr=3.97e-05    16s
2026-03-23 12:26:11,553 [INFO]   ★ best 12.89%
2026-03-23 12:26:27,340 [INFO]   S2 Ep  21/200  loss=4.3106 acc=7.6%  val=14.7%  lr=3.97e-05    16s
2026-03-23 12:26:27,544 [INFO]   ★ best 14.72%
2026-03-23 12:26:44,632 [INFO]   S2 Ep  22/200  loss=4.2639 acc=8.3%  val=15.9%  lr=3.96e-05    17s
2026-03-23 12:26:44,830 [INFO]   ★ best 15.90%
2026-03-23 12:27:00,967 [INFO]   S2 Ep  23/200  loss=4.2459 acc=9.0%  val=17.6%  lr=3.95e-05    16s
2026-03-23 12:27:01,179 [INFO]   ★ best 17.57%
2026-03-23 12:27:17,284 [INFO]   S2 Ep  24/200  loss=4.2063 acc=9.6%  val=18.5%  lr=3.95e-05    16s
2026-03-23 12:27:17,473 [INFO]   ★ best 18.55%
2026-03-23 12:27:33,142 [INFO]   S2 Ep  25/200  loss=4.1681 acc=10.8%  val=19.9%  lr=3.94e-05    16s
2026-03-23 12:27:33,343 [INFO]   ★ best 19.87%
2026-03-23 12:27:49,315 [INFO]   S2 Ep  26/200  loss=4.1457 acc=11.2%  val=22.5%  lr=3.93e-05    16s
2026-03-23 12:27:49,554 [INFO]   ★ best 22.48%
2026-03-23 12:28:06,109 [INFO]   S2 Ep  27/200  loss=4.1130 acc=11.9%  val=23.9%  lr=3.92e-05    17s
2026-03-23 12:28:06,278 [INFO]   ★ best 23.91%
2026-03-23 12:28:21,913 [INFO]   S2 Ep  28/200  loss=4.0951 acc=12.8%  val=24.4%  lr=3.91e-05    16s
2026-03-23 12:28:22,114 [INFO]   ★ best 24.38%
2026-03-23 12:28:37,633 [INFO]   S2 Ep  29/200  loss=4.0926 acc=12.6%  val=25.9%  lr=3.90e-05    16s
2026-03-23 12:28:37,830 [INFO]   ★ best 25.94%
2026-03-23 12:28:54,133 [INFO]   S2 Ep  30/200  loss=4.0216 acc=14.1%  val=28.2%  lr=3.89e-05    16s
2026-03-23 12:28:54,351 [INFO]   ★ best 28.18%
2026-03-23 12:29:10,467 [INFO]   S2 Ep  31/200  loss=4.0482 acc=13.9%  val=28.9%  lr=3.88e-05    16s
2026-03-23 12:29:10,656 [INFO]   ★ best 28.86%
2026-03-23 12:29:26,491 [INFO]   S2 Ep  32/200  loss=3.9661 acc=15.8%  val=30.9%  lr=3.87e-05    16s
2026-03-23 12:29:26,685 [INFO]   ★ best 30.86%
2026-03-23 12:29:43,111 [INFO]   S2 Ep  33/200  loss=3.9667 acc=15.9%  val=32.3%  lr=3.86e-05    16s
2026-03-23 12:29:43,327 [INFO]   ★ best 32.32%
2026-03-23 12:30:00,450 [INFO]   S2 Ep  34/200  loss=3.9528 acc=16.2%  val=32.2%  lr=3.84e-05    17s
2026-03-23 12:30:17,370 [INFO]   S2 Ep  35/200  loss=3.9312 acc=17.1%  val=33.8%  lr=3.83e-05    17s
2026-03-23 12:30:17,559 [INFO]   ★ best 33.77%
2026-03-23 12:30:35,098 [INFO]   S2 Ep  36/200  loss=3.9062 acc=18.0%  val=35.0%  lr=3.82e-05    18s
2026-03-23 12:30:35,285 [INFO]   ★ best 34.99%
2026-03-23 12:30:52,390 [INFO]   S2 Ep  37/200  loss=3.8534 acc=19.3%  val=36.2%  lr=3.80e-05    17s
2026-03-23 12:30:52,631 [INFO]   ★ best 36.18%
2026-03-23 12:31:09,692 [INFO]   S2 Ep  38/200  loss=3.8394 acc=19.0%  val=37.0%  lr=3.79e-05    17s
2026-03-23 12:31:09,882 [INFO]   ★ best 37.00%
2026-03-23 12:31:27,080 [INFO]   S2 Ep  39/200  loss=3.7663 acc=20.6%  val=38.7%  lr=3.77e-05    17s
2026-03-23 12:31:27,265 [INFO]   ★ best 38.66%
2026-03-23 12:31:44,422 [INFO]   S2 Ep  40/200  loss=3.8029 acc=20.1%  val=39.8%  lr=3.76e-05    17s
2026-03-23 12:31:44,647 [INFO]   ★ best 39.78%
2026-03-23 12:32:02,055 [INFO]   S2 Ep  41/200  loss=3.8005 acc=20.3%  val=39.2%  lr=3.74e-05    17s
2026-03-23 12:32:19,583 [INFO]   S2 Ep  42/200  loss=3.7712 acc=21.6%  val=40.5%  lr=3.73e-05    18s
2026-03-23 12:32:19,798 [INFO]   ★ best 40.45%
2026-03-23 12:32:37,532 [INFO]   S2 Ep  43/200  loss=3.7483 acc=22.1%  val=41.9%  lr=3.71e-05    18s
2026-03-23 12:32:37,684 [INFO]   ★ best 41.95%
2026-03-23 12:32:54,994 [INFO]   S2 Ep  44/200  loss=3.7135 acc=23.1%  val=42.5%  lr=3.69e-05    17s
2026-03-23 12:32:55,172 [INFO]   ★ best 42.49%
2026-03-23 12:33:12,937 [INFO]   S2 Ep  45/200  loss=3.7191 acc=23.0%  val=43.6%  lr=3.67e-05    18s
2026-03-23 12:33:13,132 [INFO]   ★ best 43.61%
2026-03-23 12:33:30,690 [INFO]   S2 Ep  46/200  loss=3.6624 acc=23.9%  val=43.6%  lr=3.66e-05    18s
2026-03-23 12:33:48,045 [INFO]   S2 Ep  47/200  loss=3.6046 acc=25.2%  val=44.5%  lr=3.64e-05    17s
2026-03-23 12:33:48,225 [INFO]   ★ best 44.46%
2026-03-23 12:34:04,927 [INFO]   S2 Ep  48/200  loss=3.6757 acc=23.6%  val=45.5%  lr=3.62e-05    17s
2026-03-23 12:34:05,108 [INFO]   ★ best 45.54%
2026-03-23 12:34:22,140 [INFO]   S2 Ep  49/200  loss=3.6749 acc=23.6%  val=45.9%  lr=3.60e-05    17s
2026-03-23 12:34:22,351 [INFO]   ★ best 45.95%
2026-03-23 12:34:39,758 [INFO]   S2 Ep  50/200  loss=3.7140 acc=23.1%  val=47.0%  lr=3.58e-05    17s
2026-03-23 12:34:39,985 [INFO]   ★ best 47.03%
2026-03-23 12:34:57,031 [INFO]   S2 Ep  51/200  loss=3.5309 acc=27.3%  val=47.8%  lr=3.56e-05    17s
2026-03-23 12:34:57,202 [INFO]   ★ best 47.78%
2026-03-23 12:35:14,714 [INFO]   S2 Ep  52/200  loss=3.5663 acc=26.7%  val=47.7%  lr=3.54e-05    18s
2026-03-23 12:35:31,599 [INFO]   S2 Ep  53/200  loss=3.6078 acc=25.7%  val=48.7%  lr=3.52e-05    17s
2026-03-23 12:35:31,778 [INFO]   ★ best 48.66%
2026-03-23 12:35:49,033 [INFO]   S2 Ep  54/200  loss=3.5840 acc=26.7%  val=48.9%  lr=3.49e-05    17s
2026-03-23 12:35:49,249 [INFO]   ★ best 48.86%
2026-03-23 12:36:06,982 [INFO]   S2 Ep  55/200  loss=3.5523 acc=27.4%  val=49.5%  lr=3.47e-05    18s
2026-03-23 12:36:07,166 [INFO]   ★ best 49.54%
2026-03-23 12:36:24,667 [INFO]   S2 Ep  56/200  loss=3.5167 acc=28.0%  val=49.9%  lr=3.45e-05    18s
2026-03-23 12:36:24,839 [INFO]   ★ best 49.88%
2026-03-23 12:36:42,275 [INFO]   S2 Ep  57/200  loss=3.5032 acc=28.5%  val=51.0%  lr=3.43e-05    17s
2026-03-23 12:36:42,461 [INFO]   ★ best 51.03%
2026-03-23 12:36:59,418 [INFO]   S2 Ep  58/200  loss=3.4958 acc=29.2%  val=51.5%  lr=3.40e-05    17s
2026-03-23 12:36:59,608 [INFO]   ★ best 51.48%
2026-03-23 12:37:16,607 [INFO]   S2 Ep  59/200  loss=3.4729 acc=29.5%  val=51.7%  lr=3.38e-05    17s
2026-03-23 12:37:16,792 [INFO]   ★ best 51.75%
2026-03-23 12:37:33,890 [INFO]   S2 Ep  60/200  loss=3.4626 acc=29.1%  val=53.2%  lr=3.35e-05    17s
2026-03-23 12:37:34,081 [INFO]   ★ best 53.20%
2026-03-23 12:37:51,126 [INFO]   S2 Ep  61/200  loss=3.4582 acc=29.5%  val=53.5%  lr=3.33e-05    17s
2026-03-23 12:37:51,324 [INFO]   ★ best 53.48%
2026-03-23 12:38:08,196 [INFO]   S2 Ep  62/200  loss=3.4603 acc=30.2%  val=54.1%  lr=3.31e-05    17s
2026-03-23 12:38:08,372 [INFO]   ★ best 54.12%
2026-03-23 12:38:25,972 [INFO]   S2 Ep  63/200  loss=3.4802 acc=29.8%  val=54.1%  lr=3.28e-05    18s
2026-03-23 12:38:43,846 [INFO]   S2 Ep  64/200  loss=3.3819 acc=32.6%  val=55.1%  lr=3.25e-05    18s
2026-03-23 12:38:44,058 [INFO]   ★ best 55.10%
2026-03-23 12:39:01,470 [INFO]   S2 Ep  65/200  loss=3.4258 acc=30.4%  val=55.7%  lr=3.23e-05    17s
2026-03-23 12:39:01,721 [INFO]   ★ best 55.75%
2026-03-23 12:39:18,534 [INFO]   S2 Ep  66/200  loss=3.3995 acc=31.8%  val=56.0%  lr=3.20e-05    17s
2026-03-23 12:39:18,791 [INFO]   ★ best 55.95%
2026-03-23 12:39:36,624 [INFO]   S2 Ep  67/200  loss=3.4569 acc=30.0%  val=55.6%  lr=3.18e-05    18s
2026-03-23 12:39:53,181 [INFO]   S2 Ep  68/200  loss=3.3930 acc=32.5%  val=56.4%  lr=3.15e-05    17s
2026-03-23 12:39:53,397 [INFO]   ★ best 56.36%
2026-03-23 12:40:09,998 [INFO]   S2 Ep  69/200  loss=3.3613 acc=33.0%  val=56.5%  lr=3.12e-05    17s
2026-03-23 12:40:10,209 [INFO]   ★ best 56.53%
2026-03-23 12:40:27,129 [INFO]   S2 Ep  70/200  loss=3.3647 acc=32.6%  val=57.4%  lr=3.09e-05    17s
2026-03-23 12:40:27,326 [INFO]   ★ best 57.38%
2026-03-23 12:40:44,021 [INFO]   S2 Ep  71/200  loss=3.3786 acc=32.9%  val=56.9%  lr=3.07e-05    17s
2026-03-23 12:41:00,536 [INFO]   S2 Ep  72/200  loss=3.3434 acc=33.3%  val=57.6%  lr=3.04e-05    17s
2026-03-23 12:41:00,763 [INFO]   ★ best 57.58%
2026-03-23 12:41:17,135 [INFO]   S2 Ep  73/200  loss=3.3337 acc=34.2%  val=57.2%  lr=3.01e-05    16s
2026-03-23 12:41:33,904 [INFO]   S2 Ep  74/200  loss=3.3075 acc=34.6%  val=58.3%  lr=2.98e-05    17s
2026-03-23 12:41:34,076 [INFO]   ★ best 58.29%
2026-03-23 12:41:50,435 [INFO]   S2 Ep  75/200  loss=3.3155 acc=34.0%  val=58.5%  lr=2.95e-05    16s
2026-03-23 12:41:50,604 [INFO]   ★ best 58.46%
2026-03-23 12:42:07,449 [INFO]   S2 Ep  76/200  loss=3.3170 acc=34.2%  val=59.2%  lr=2.92e-05    17s
2026-03-23 12:42:07,649 [INFO]   ★ best 59.24%
2026-03-23 12:42:24,777 [INFO]   S2 Ep  77/200  loss=3.3318 acc=34.2%  val=59.1%  lr=2.89e-05    17s
2026-03-23 12:42:41,344 [INFO]   S2 Ep  78/200  loss=3.3096 acc=34.1%  val=60.1%  lr=2.86e-05    17s
2026-03-23 12:42:41,513 [INFO]   ★ best 60.05%
2026-03-23 12:42:57,934 [INFO]   S2 Ep  79/200  loss=3.3190 acc=34.3%  val=59.7%  lr=2.83e-05    16s
2026-03-23 12:43:14,479 [INFO]   S2 Ep  80/200  loss=3.2405 acc=36.0%  val=60.8%  lr=2.80e-05    17s
2026-03-23 12:43:14,660 [INFO]   ★ best 60.77%
2026-03-23 12:43:31,198 [INFO]   S2 Ep  81/200  loss=3.2961 acc=34.7%  val=60.9%  lr=2.77e-05    17s
2026-03-23 12:43:31,374 [INFO]   ★ best 60.90%
2026-03-23 12:43:47,705 [INFO]   S2 Ep  82/200  loss=3.3438 acc=34.4%  val=61.3%  lr=2.74e-05    16s
2026-03-23 12:43:47,876 [INFO]   ★ best 61.28%
2026-03-23 12:44:04,640 [INFO]   S2 Ep  83/200  loss=3.1975 acc=37.5%  val=61.2%  lr=2.71e-05    17s
2026-03-23 12:44:22,177 [INFO]   S2 Ep  84/200  loss=3.2721 acc=35.5%  val=62.5%  lr=2.68e-05    18s
2026-03-23 12:44:22,399 [INFO]   ★ best 62.53%
2026-03-23 12:44:39,400 [INFO]   S2 Ep  85/200  loss=3.2579 acc=36.2%  val=62.8%  lr=2.65e-05    17s
2026-03-23 12:44:39,596 [INFO]   ★ best 62.80%
2026-03-23 12:44:56,121 [INFO]   S2 Ep  86/200  loss=3.2105 acc=37.4%  val=62.6%  lr=2.62e-05    17s
2026-03-23 12:45:12,934 [INFO]   S2 Ep  87/200  loss=3.2965 acc=35.5%  val=63.7%  lr=2.59e-05    17s
2026-03-23 12:45:13,116 [INFO]   ★ best 63.68%
2026-03-23 12:45:30,398 [INFO]   S2 Ep  88/200  loss=3.2370 acc=36.9%  val=62.4%  lr=2.55e-05    17s
2026-03-23 12:45:47,442 [INFO]   S2 Ep  89/200  loss=3.2424 acc=36.7%  val=62.9%  lr=2.52e-05    17s
2026-03-23 12:46:05,172 [INFO]   S2 Ep  90/200  loss=3.1683 acc=38.4%  val=63.6%  lr=2.49e-05    18s
2026-03-23 12:46:22,718 [INFO]   S2 Ep  91/200  loss=3.1928 acc=37.9%  val=63.4%  lr=2.46e-05    18s
2026-03-23 12:46:39,786 [INFO]   S2 Ep  92/200  loss=3.2370 acc=36.4%  val=63.6%  lr=2.43e-05    17s
2026-03-23 12:46:56,866 [INFO]   S2 Ep  93/200  loss=3.1955 acc=38.0%  val=64.3%  lr=2.39e-05    17s
2026-03-23 12:46:57,047 [INFO]   ★ best 64.29%
2026-03-23 12:47:13,641 [INFO]   S2 Ep  94/200  loss=3.2110 acc=37.9%  val=64.8%  lr=2.36e-05    17s
2026-03-23 12:47:13,831 [INFO]   ★ best 64.80%
2026-03-23 12:47:30,478 [INFO]   S2 Ep  95/200  loss=3.2279 acc=37.7%  val=64.0%  lr=2.33e-05    17s
2026-03-23 12:47:47,267 [INFO]   S2 Ep  96/200  loss=3.1313 acc=39.5%  val=65.0%  lr=2.30e-05    17s
2026-03-23 12:47:47,440 [INFO]   ★ best 65.04%
2026-03-23 12:48:04,312 [INFO]   S2 Ep  97/200  loss=3.2412 acc=37.4%  val=64.7%  lr=2.26e-05    17s
2026-03-23 12:48:20,687 [INFO]   S2 Ep  98/200  loss=3.2015 acc=37.9%  val=64.9%  lr=2.23e-05    16s
2026-03-23 12:48:37,239 [INFO]   S2 Ep  99/200  loss=3.1750 acc=39.0%  val=65.1%  lr=2.20e-05    17s
2026-03-23 12:48:37,404 [INFO]   ★ best 65.11%
2026-03-23 12:48:53,977 [INFO]   S2 Ep 100/200  loss=3.0972 acc=40.6%  val=65.0%  lr=2.17e-05    17s
2026-03-23 12:49:09,873 [INFO]   S2 Ep 101/200  loss=3.1606 acc=39.0%  val=65.7%  lr=2.13e-05    16s
2026-03-23 12:49:10,045 [INFO]   ★ best 65.72%
2026-03-23 12:49:25,267 [INFO]   S2 Ep 102/200  loss=3.1710 acc=39.0%  val=65.1%  lr=2.10e-05    15s
2026-03-23 12:49:40,580 [INFO]   S2 Ep 103/200  loss=3.0807 acc=41.5%  val=65.4%  lr=2.07e-05    15s
2026-03-23 12:49:56,032 [INFO]   S2 Ep 104/200  loss=3.1238 acc=40.4%  val=66.0%  lr=2.03e-05    15s
2026-03-23 12:49:56,199 [INFO]   ★ best 65.95%
2026-03-23 12:50:12,517 [INFO]   S2 Ep 105/200  loss=3.1008 acc=40.7%  val=65.5%  lr=2.00e-05    16s
2026-03-23 12:50:27,999 [INFO]   S2 Ep 106/200  loss=3.0887 acc=41.1%  val=66.2%  lr=1.97e-05    15s
2026-03-23 12:50:28,164 [INFO]   ★ best 66.16%
2026-03-23 12:50:43,313 [INFO]   S2 Ep 107/200  loss=3.0551 acc=41.9%  val=66.5%  lr=1.93e-05    15s
2026-03-23 12:50:43,474 [INFO]   ★ best 66.53%
2026-03-23 12:50:58,895 [INFO]   S2 Ep 108/200  loss=3.0475 acc=41.9%  val=66.7%  lr=1.90e-05    15s
2026-03-23 12:50:59,058 [INFO]   ★ best 66.67%
2026-03-23 12:51:14,339 [INFO]   S2 Ep 109/200  loss=3.0330 acc=42.9%  val=67.0%  lr=1.87e-05    15s
2026-03-23 12:51:14,522 [INFO]   ★ best 67.01%
2026-03-23 12:51:30,512 [INFO]   S2 Ep 110/200  loss=3.0462 acc=42.2%  val=66.0%  lr=1.83e-05    16s
2026-03-23 12:51:46,005 [INFO]   S2 Ep 111/200  loss=3.0490 acc=41.4%  val=66.5%  lr=1.80e-05    15s
2026-03-23 12:52:01,104 [INFO]   S2 Ep 112/200  loss=3.1154 acc=40.7%  val=66.4%  lr=1.77e-05    15s
2026-03-23 12:52:16,749 [INFO]   S2 Ep 113/200  loss=3.1122 acc=40.8%  val=66.5%  lr=1.74e-05    16s
2026-03-23 12:52:32,139 [INFO]   S2 Ep 114/200  loss=3.1186 acc=40.0%  val=66.6%  lr=1.70e-05    15s
2026-03-23 12:52:47,713 [INFO]   S2 Ep 115/200  loss=3.0995 acc=41.3%  val=66.3%  lr=1.67e-05    16s
2026-03-23 12:53:02,946 [INFO]   S2 Ep 116/200  loss=3.0494 acc=42.3%  val=67.0%  lr=1.64e-05    15s
2026-03-23 12:53:03,128 [INFO]   ★ best 67.04%
2026-03-23 12:53:18,604 [INFO]   S2 Ep 117/200  loss=3.0756 acc=41.9%  val=67.6%  lr=1.61e-05    15s
2026-03-23 12:53:18,767 [INFO]   ★ best 67.62%
2026-03-23 12:53:34,493 [INFO]   S2 Ep 118/200  loss=3.1396 acc=40.0%  val=67.9%  lr=1.57e-05    16s
2026-03-23 12:53:34,657 [INFO]   ★ best 67.85%
2026-03-23 12:53:49,987 [INFO]   S2 Ep 119/200  loss=3.0693 acc=42.0%  val=67.7%  lr=1.54e-05    15s
2026-03-23 12:54:05,464 [INFO]   S2 Ep 120/200  loss=3.1398 acc=40.2%  val=67.5%  lr=1.51e-05    15s
2026-03-23 12:54:20,623 [INFO]   S2 Ep 121/200  loss=3.0974 acc=41.5%  val=67.9%  lr=1.48e-05    15s
2026-03-23 12:54:36,174 [INFO]   S2 Ep 122/200  loss=3.0865 acc=41.4%  val=67.3%  lr=1.45e-05    16s
2026-03-23 12:54:51,917 [INFO]   S2 Ep 123/200  loss=3.0150 acc=43.4%  val=67.7%  lr=1.41e-05    16s
2026-03-23 12:55:07,617 [INFO]   S2 Ep 124/200  loss=3.0555 acc=42.4%  val=67.9%  lr=1.38e-05    16s
2026-03-23 12:55:07,779 [INFO]   ★ best 67.92%
2026-03-23 12:55:23,616 [INFO]   S2 Ep 125/200  loss=3.0410 acc=42.9%  val=68.5%  lr=1.35e-05    16s
2026-03-23 12:55:23,800 [INFO]   ★ best 68.50%
2026-03-23 12:55:39,561 [INFO]   S2 Ep 126/200  loss=3.0361 acc=43.1%  val=68.3%  lr=1.32e-05    16s
2026-03-23 12:55:55,089 [INFO]   S2 Ep 127/200  loss=2.9958 acc=43.6%  val=67.8%  lr=1.29e-05    16s
2026-03-23 12:56:11,346 [INFO]   S2 Ep 128/200  loss=3.0244 acc=43.2%  val=68.7%  lr=1.26e-05    16s
2026-03-23 12:56:11,514 [INFO]   ★ best 68.67%
2026-03-23 12:56:26,996 [INFO]   S2 Ep 129/200  loss=3.0039 acc=44.3%  val=68.4%  lr=1.23e-05    15s
2026-03-23 12:56:43,316 [INFO]   S2 Ep 130/200  loss=3.0283 acc=43.3%  val=68.4%  lr=1.20e-05    16s
2026-03-23 12:56:59,269 [INFO]   S2 Ep 131/200  loss=3.0084 acc=44.2%  val=68.6%  lr=1.17e-05    16s
2026-03-23 12:57:15,043 [INFO]   S2 Ep 132/200  loss=3.0537 acc=42.1%  val=68.5%  lr=1.14e-05    16s
2026-03-23 12:57:31,152 [INFO]   S2 Ep 133/200  loss=3.0564 acc=42.5%  val=68.2%  lr=1.11e-05    16s
2026-03-23 12:57:47,684 [INFO]   S2 Ep 134/200  loss=3.0480 acc=43.3%  val=68.7%  lr=1.08e-05    17s
2026-03-23 12:57:47,864 [INFO]   ★ best 68.74%
2026-03-23 12:58:04,188 [INFO]   S2 Ep 135/200  loss=3.0417 acc=43.0%  val=68.7%  lr=1.05e-05    16s
2026-03-23 12:58:19,973 [INFO]   S2 Ep 136/200  loss=3.0799 acc=42.2%  val=69.3%  lr=1.02e-05    16s
2026-03-23 12:58:20,127 [INFO]   ★ best 69.28%
2026-03-23 12:58:36,023 [INFO]   S2 Ep 137/200  loss=2.9879 acc=44.1%  val=68.7%  lr=9.90e-06    16s
2026-03-23 12:58:51,994 [INFO]   S2 Ep 138/200  loss=2.9544 acc=45.3%  val=68.7%  lr=9.62e-06    16s
2026-03-23 12:59:08,993 [INFO]   S2 Ep 139/200  loss=2.9527 acc=45.5%  val=68.9%  lr=9.34e-06    17s
2026-03-23 12:59:26,332 [INFO]   S2 Ep 140/200  loss=3.0025 acc=44.0%  val=69.2%  lr=9.06e-06    17s
2026-03-23 12:59:42,473 [INFO]   S2 Ep 141/200  loss=3.0833 acc=42.5%  val=69.2%  lr=8.79e-06    16s
2026-03-23 12:59:58,420 [INFO]   S2 Ep 142/200  loss=3.0983 acc=42.0%  val=69.4%  lr=8.51e-06    16s
2026-03-23 12:59:58,626 [INFO]   ★ best 69.38%
2026-03-23 13:00:14,865 [INFO]   S2 Ep 143/200  loss=2.9952 acc=44.0%  val=69.3%  lr=8.24e-06    16s
2026-03-23 13:00:30,781 [INFO]   S2 Ep 144/200  loss=3.0384 acc=43.0%  val=69.3%  lr=7.98e-06    16s
2026-03-23 13:00:47,174 [INFO]   S2 Ep 145/200  loss=2.9553 acc=45.3%  val=69.6%  lr=7.72e-06    16s
2026-03-23 13:00:47,358 [INFO]   ★ best 69.62%
2026-03-23 13:01:03,904 [INFO]   S2 Ep 146/200  loss=2.9780 acc=44.4%  val=69.7%  lr=7.46e-06    17s
2026-03-23 13:01:04,093 [INFO]   ★ best 69.68%
2026-03-23 13:01:20,121 [INFO]   S2 Ep 147/200  loss=3.0465 acc=43.2%  val=69.2%  lr=7.20e-06    16s
2026-03-23 13:01:35,922 [INFO]   S2 Ep 148/200  loss=2.9364 acc=45.4%  val=69.1%  lr=6.95e-06    16s
2026-03-23 13:01:52,007 [INFO]   S2 Ep 149/200  loss=2.9221 acc=46.6%  val=69.3%  lr=6.70e-06    16s
2026-03-23 13:02:07,168 [INFO]   S2 Ep 150/200  loss=2.8725 acc=47.9%  val=69.2%  lr=6.45e-06    15s
2026-03-23 13:02:23,071 [INFO]   S2 Ep 151/200  loss=2.9855 acc=44.4%  val=69.8%  lr=6.21e-06    16s
2026-03-23 13:02:23,255 [INFO]   ★ best 69.79%
2026-03-23 13:02:39,042 [INFO]   S2 Ep 152/200  loss=2.9952 acc=44.5%  val=69.7%  lr=5.98e-06    16s
2026-03-23 13:02:55,441 [INFO]   S2 Ep 153/200  loss=3.0500 acc=43.0%  val=69.9%  lr=5.74e-06    16s
2026-03-23 13:02:55,608 [INFO]   ★ best 69.89%
2026-03-23 13:03:11,267 [INFO]   S2 Ep 154/200  loss=2.9982 acc=44.7%  val=69.7%  lr=5.51e-06    16s
2026-03-23 13:03:27,302 [INFO]   S2 Ep 155/200  loss=3.0456 acc=42.8%  val=69.5%  lr=5.29e-06    16s
2026-03-23 13:03:43,478 [INFO]   S2 Ep 156/200  loss=2.9584 acc=45.8%  val=69.5%  lr=5.06e-06    16s
2026-03-23 13:03:59,322 [INFO]   S2 Ep 157/200  loss=3.0141 acc=44.2%  val=70.0%  lr=4.85e-06    16s
2026-03-23 13:03:59,533 [INFO]   ★ best 70.02%
2026-03-23 13:04:15,766 [INFO]   S2 Ep 158/200  loss=3.0087 acc=44.4%  val=70.2%  lr=4.63e-06    16s
2026-03-23 13:04:15,967 [INFO]   ★ best 70.16%
2026-03-23 13:04:32,351 [INFO]   S2 Ep 159/200  loss=2.9396 acc=45.8%  val=70.1%  lr=4.42e-06    16s
2026-03-23 13:04:48,450 [INFO]   S2 Ep 160/200  loss=3.0192 acc=44.3%  val=70.1%  lr=4.22e-06    16s
2026-03-23 13:05:03,890 [INFO]   S2 Ep 161/200  loss=2.9828 acc=44.7%  val=69.7%  lr=4.02e-06    15s
2026-03-23 13:05:20,231 [INFO]   S2 Ep 162/200  loss=2.8684 acc=47.3%  val=70.3%  lr=3.82e-06    16s
2026-03-23 13:05:20,393 [INFO]   ★ best 70.26%
2026-03-23 13:05:36,479 [INFO]   S2 Ep 163/200  loss=2.9751 acc=45.1%  val=69.4%  lr=3.63e-06    16s
2026-03-23 13:05:52,840 [INFO]   S2 Ep 164/200  loss=2.9241 acc=46.2%  val=69.8%  lr=3.44e-06    16s
2026-03-23 13:06:09,029 [INFO]   S2 Ep 165/200  loss=2.9959 acc=44.6%  val=70.1%  lr=3.26e-06    16s
2026-03-23 13:06:25,028 [INFO]   S2 Ep 166/200  loss=2.9554 acc=45.2%  val=69.6%  lr=3.08e-06    16s
2026-03-23 13:06:41,046 [INFO]   S2 Ep 167/200  loss=2.9643 acc=44.8%  val=70.4%  lr=2.90e-06    16s
2026-03-23 13:06:41,259 [INFO]   ★ best 70.36%
2026-03-23 13:06:57,155 [INFO]   S2 Ep 168/200  loss=2.9500 acc=45.6%  val=70.2%  lr=2.74e-06    16s
2026-03-23 13:07:13,571 [INFO]   S2 Ep 169/200  loss=2.9963 acc=44.4%  val=69.5%  lr=2.57e-06    16s
2026-03-23 13:07:29,861 [INFO]   S2 Ep 170/200  loss=2.9749 acc=44.7%  val=70.6%  lr=2.41e-06    16s
2026-03-23 13:07:30,065 [INFO]   ★ best 70.57%
2026-03-23 13:07:46,061 [INFO]   S2 Ep 171/200  loss=2.9000 acc=46.7%  val=69.8%  lr=2.26e-06    16s
2026-03-23 13:08:02,615 [INFO]   S2 Ep 172/200  loss=2.9574 acc=46.1%  val=70.3%  lr=2.11e-06    17s
2026-03-23 13:08:18,234 [INFO]   S2 Ep 173/200  loss=3.0182 acc=43.9%  val=70.2%  lr=1.96e-06    16s
2026-03-23 13:08:34,688 [INFO]   S2 Ep 174/200  loss=2.9315 acc=46.2%  val=69.8%  lr=1.82e-06    16s
2026-03-23 13:08:50,463 [INFO]   S2 Ep 175/200  loss=2.9289 acc=46.4%  val=69.9%  lr=1.69e-06    16s
2026-03-23 13:09:06,340 [INFO]   S2 Ep 176/200  loss=2.9017 acc=47.1%  val=70.0%  lr=1.56e-06    16s
2026-03-23 13:09:22,439 [INFO]   S2 Ep 177/200  loss=3.0325 acc=44.1%  val=70.2%  lr=1.43e-06    16s
2026-03-23 13:09:38,783 [INFO]   S2 Ep 178/200  loss=2.8874 acc=47.6%  val=70.3%  lr=1.31e-06    16s
2026-03-23 13:09:54,768 [INFO]   S2 Ep 179/200  loss=3.0414 acc=43.1%  val=69.9%  lr=1.19e-06    16s
2026-03-23 13:10:10,706 [INFO]   S2 Ep 180/200  loss=3.0105 acc=44.2%  val=70.3%  lr=1.08e-06    16s
2026-03-23 13:10:26,650 [INFO]   S2 Ep 181/200  loss=3.0225 acc=43.9%  val=70.2%  lr=9.80e-07    16s
2026-03-23 13:10:42,338 [INFO]   S2 Ep 182/200  loss=2.9589 acc=45.1%  val=70.4%  lr=8.80e-07    16s
2026-03-23 13:10:58,128 [INFO]   S2 Ep 183/200  loss=2.9477 acc=45.9%  val=70.2%  lr=7.86e-07    16s
2026-03-23 13:11:14,430 [INFO]   S2 Ep 184/200  loss=2.9629 acc=45.4%  val=69.9%  lr=6.97e-07    16s
2026-03-23 13:11:30,520 [INFO]   S2 Ep 185/200  loss=3.0377 acc=43.7%  val=70.4%  lr=6.13e-07    16s
2026-03-23 13:11:46,702 [INFO]   S2 Ep 186/200  loss=2.9956 acc=44.2%  val=70.1%  lr=5.35e-07    16s
2026-03-23 13:12:02,014 [INFO]   S2 Ep 187/200  loss=2.9545 acc=45.4%  val=70.3%  lr=4.62e-07    15s
2026-03-23 13:12:17,611 [INFO]   S2 Ep 188/200  loss=3.0604 acc=42.6%  val=69.9%  lr=3.94e-07    16s
2026-03-23 13:12:32,838 [INFO]   S2 Ep 189/200  loss=2.9500 acc=45.7%  val=70.1%  lr=3.31e-07    15s
2026-03-23 13:12:48,195 [INFO]   S2 Ep 190/200  loss=2.9331 acc=45.7%  val=70.3%  lr=2.74e-07    15s
2026-03-23 13:13:03,978 [INFO]   S2 Ep 191/200  loss=2.9651 acc=45.6%  val=70.0%  lr=2.22e-07    16s
2026-03-23 13:13:19,366 [INFO]   S2 Ep 192/200  loss=2.9985 acc=44.3%  val=70.1%  lr=1.76e-07    15s
2026-03-23 13:13:34,324 [INFO]   S2 Ep 193/200  loss=2.9262 acc=46.3%  val=70.4%  lr=1.35e-07    15s
2026-03-23 13:13:49,283 [INFO]   S2 Ep 194/200  loss=2.9223 acc=46.4%  val=70.2%  lr=9.98e-08    15s
2026-03-23 13:14:04,012 [INFO]   S2 Ep 195/200  loss=2.9822 acc=44.7%  val=70.1%  lr=6.98e-08    15s
2026-03-23 13:14:19,176 [INFO]   S2 Ep 196/200  loss=2.8867 acc=47.5%  val=70.1%  lr=4.52e-08    15s
2026-03-23 13:14:34,337 [INFO]   S2 Ep 197/200  loss=3.0238 acc=44.2%  val=70.1%  lr=2.61e-08    15s
2026-03-23 13:14:49,605 [INFO]   S2 Ep 198/200  loss=2.9622 acc=45.1%  val=70.5%  lr=1.25e-08    15s
2026-03-23 13:15:05,207 [INFO]   S2 Ep 199/200  loss=2.9751 acc=45.1%  val=70.2%  lr=4.31e-09    16s
2026-03-23 13:15:20,460 [INFO]   S2 Ep 200/200  loss=2.9996 acc=44.7%  val=70.3%  lr=1.60e-09    15s
2026-03-23 13:15:20,462 [INFO] ── Stage 3: SWA (20 ep, lr=4.0e-06) ──
2026-03-23 13:15:35,326 [INFO]   SWA Ep  1/20  loss=2.9698  swa_val=70.3%  15s
2026-03-23 13:15:49,914 [INFO]   SWA Ep  2/20  loss=2.9738  swa_val=69.6%  15s
2026-03-23 13:16:04,626 [INFO]   SWA Ep  3/20  loss=2.9527  swa_val=70.3%  15s
2026-03-23 13:16:19,803 [INFO]   SWA Ep  4/20  loss=2.9843  swa_val=70.1%  15s
2026-03-23 13:16:34,553 [INFO]   SWA Ep  5/20  loss=2.9267  swa_val=69.8%  15s
2026-03-23 13:16:49,353 [INFO]   SWA Ep  6/20  loss=2.9234  swa_val=70.1%  15s
2026-03-23 13:17:04,186 [INFO]   SWA Ep  7/20  loss=2.9793  swa_val=69.9%  15s
2026-03-23 13:17:19,377 [INFO]   SWA Ep  8/20  loss=2.9445  swa_val=70.1%  15s
2026-03-23 13:17:34,014 [INFO]   SWA Ep  9/20  loss=2.9243  swa_val=70.1%  15s
2026-03-23 13:17:48,765 [INFO]   SWA Ep 10/20  loss=2.9426  swa_val=70.3%  15s
2026-03-23 13:18:03,263 [INFO]   SWA Ep 11/20  loss=3.0565  swa_val=70.3%  14s
2026-03-23 13:18:18,532 [INFO]   SWA Ep 12/20  loss=2.9760  swa_val=70.5%  15s
2026-03-23 13:18:33,816 [INFO]   SWA Ep 13/20  loss=2.9822  swa_val=70.4%  15s
2026-03-23 13:18:48,348 [INFO]   SWA Ep 14/20  loss=2.9662  swa_val=69.8%  15s
2026-03-23 13:19:02,796 [INFO]   SWA Ep 15/20  loss=2.9843  swa_val=70.2%  14s
2026-03-23 13:19:17,302 [INFO]   SWA Ep 16/20  loss=3.0426  swa_val=70.0%  15s
2026-03-23 13:19:31,525 [INFO]   SWA Ep 17/20  loss=2.9810  swa_val=70.0%  14s
2026-03-23 13:19:46,421 [INFO]   SWA Ep 18/20  loss=2.9687  swa_val=69.9%  15s
2026-03-23 13:20:02,626 [INFO]   SWA Ep 19/20  loss=2.8736  swa_val=70.0%  16s
2026-03-23 13:20:17,650 [INFO]   SWA Ep 20/20  loss=2.9549  swa_val=70.1%  15s
2026-03-23 13:20:39,300 [INFO]   SWA final: 70.53% (regular best: 70.57%)
2026-03-23 13:20:39,300 [INFO]   Fold 0 best: 70.57%
2026-03-23 13:20:39,485 [INFO] EfficientNetV2-S stage dims: [24, 48, 64, 160] (total features: 296)
2026-03-23 13:21:14,390 [INFO] TTA changed 752 / 9828 (7.7%)
2026-03-23 13:21:14,399 [INFO] Done.
