2026-03-18 14:00:34,931 [INFO] GPU: NVIDIA H200
2026-03-18 14:00:34,932 [INFO] Config: {
  "data_dir": "/data/slr/track2_",
  "output_dir": "/data/slr/checkpoints_vit_v13",
  "max_frames": 64,
  "img_size": null,
  "n_classes": 126,
  "teacher_img_size": 224,
  "teacher_max_frames": 48,
  "channel_means": [
    -64.3217,
    -62.9119,
    -63.9254
  ],
  "channel_stds": [
    12.5721,
    11.662,
    11.7259
  ],
  "n_folds": 5,
  "batch_size": 64,
  "num_workers": 4,
  "stage1_epochs": 5,
  "stage1_lr": 0.0002,
  "stage2_epochs": 80,
  "stage2_lr": 3e-05,
  "swa_epochs": 15,
  "swa_lr": 3e-06,
  "weight_decay": 0.05,
  "warmup_pct": 0.08,
  "label_smoothing": 0.1,
  "early_stopping_patience": 30,
  "grad_clip_norm": 1.0,
  "llrd_decay": 0.85,
  "kd_alpha": 0.5,
  "kd_tau": 4.0,
  "mixup_alpha": 0.4,
  "cutmix_alpha": 1.0,
  "cutmix_prob": 0.5,
  "time_mask_max": 8,
  "range_mask_max": 30,
  "noise_std": 0.1,
  "time_warp_lo": 0.8,
  "time_warp_hi": 1.2,
  "time_reverse_prob": 0.5,
  "channel_shuffle_prob": 0.2,
  "channel_drop_prob": 0.1,
  "random_erase_prob": 0.2,
  "circ_shift_prob": 0.3,
  "circ_shift_max": 8,
  "amp_scale_prob": 0.5,
  "amp_scale_lo": 0.8,
  "amp_scale_hi": 1.2,
  "model_name": "caformer_s18.sail_in22k_ft_in1k",
  "drop_path_rate": 0.15,
  "proj_dim": 384,
  "drop_rate": 0.3,
  "ms_dropout_samples": 5,
  "seed": 42
}
2026-03-18 14:00:34,932 [INFO] ★★★ CAFormer @ NATIVE RESOLUTION: 64 × 256 (NO RESIZE!) ★★★
2026-03-18 14:00:35,002 [INFO] Train: 14742 | Eval: 9828
2026-03-18 14:00:39,181 [INFO] Pre-computing teacher soft labels (at 224×224) …
2026-03-18 14:00:40,826 [INFO]   Loaded 5 teachers
2026-03-18 14:01:52,614 [INFO]   Soft labels: 14742
2026-03-18 14:01:52,615 [INFO] KD α=0.50 τ=4.0 | SWA 15 ep @ lr=3.0e-06 | NO PL | NATIVE RES
2026-03-18 14:01:52,618 [INFO] ================================================================
2026-03-18 14:01:52,618 [INFO] FOLD 1 / 5
2026-03-18 14:01:52,618 [INFO] ================================================================
2026-03-18 14:01:52,621 [INFO]   Train: 11793 | Val: 2949
2026-03-18 14:01:52,829 [INFO] Loading pretrained weights from Hugging Face hub (timm/caformer_s18.sail_in22k_ft_in1k)
2026-03-18 14:01:52,965 [INFO] HTTP Request: HEAD https://huggingface.co/timm/caformer_s18.sail_in22k_ft_in1k/resolve/main/model.safetensors "HTTP/1.1 302 Found"
2026-03-18 14:01:52,967 [INFO] [timm/caformer_s18.sail_in22k_ft_in1k] Safe alternative available for 'pytorch_model.bin' (as 'model.safetensors'). Loading weights using safetensors.
2026-03-18 14:01:52,983 [INFO] Missing keys (head.fc.fc2.weight, head.fc.fc2.bias) discovered while loading pretrained weights. This is expected if model is being adapted.
2026-03-18 14:01:53,070 [INFO]   Born-again ← best_fold0.pt (val 88.74%)
2026-03-18 14:01:53,070 [INFO] ── Stage 1: head warmup (5 ep) ──
2026-03-18 14:02:21,424 [INFO]   S1 Ep 1/5  loss=2.7832 acc=4.4%  val=5.4%  28s
2026-03-18 14:02:21,535 [INFO]   ★ best 5.39%
2026-03-18 14:02:26,190 [INFO]   S1 Ep 2/5  loss=2.5932 acc=5.3%  val=6.6%  5s
2026-03-18 14:02:26,334 [INFO]   ★ best 6.61%
2026-03-18 14:02:30,864 [INFO]   S1 Ep 3/5  loss=2.5381 acc=6.3%  val=8.0%  5s
2026-03-18 14:02:30,989 [INFO]   ★ best 8.00%
2026-03-18 14:02:35,596 [INFO]   S1 Ep 4/5  loss=2.5180 acc=7.0%  val=8.6%  5s
2026-03-18 14:02:35,722 [INFO]   ★ best 8.58%
2026-03-18 14:02:40,204 [INFO]   S1 Ep 5/5  loss=2.5045 acc=7.1%  val=8.8%  4s
2026-03-18 14:02:40,335 [INFO]   ★ best 8.78%
2026-03-18 14:02:40,335 [INFO] ── Stage 2: full fine-tune (80 ep, patience 30) ──
2026-03-18 14:02:40,337 [INFO] LLRD: 10 groups, LR [1.57e-05 … 3.00e-05]
2026-03-18 14:02:59,112 [INFO]   S2 Ep   1/80  loss=2.5899 acc=6.1%  val=12.2%  lr=2.90e-06    19s
2026-03-18 14:02:59,245 [INFO]   ★ best 12.24%
2026-03-18 14:03:08,054 [INFO]   S2 Ep   2/80  loss=2.4712 acc=10.4%  val=21.0%  lr=7.61e-06     9s
2026-03-18 14:03:08,171 [INFO]   ★ best 20.96%
2026-03-18 14:03:16,846 [INFO]   S2 Ep   3/80  loss=2.3651 acc=14.4%  val=33.8%  lr=1.42e-05     9s
2026-03-18 14:03:16,977 [INFO]   ★ best 33.77%
2026-03-18 14:03:25,680 [INFO]   S2 Ep   4/80  loss=2.1764 acc=23.1%  val=45.4%  lr=2.11e-05     9s
2026-03-18 14:03:25,826 [INFO]   ★ best 45.37%
2026-03-18 14:03:34,469 [INFO]   S2 Ep   5/80  loss=2.0441 acc=28.5%  val=52.8%  lr=2.68e-05     9s
2026-03-18 14:03:34,626 [INFO]   ★ best 52.80%
2026-03-18 14:03:43,351 [INFO]   S2 Ep   6/80  loss=1.9544 acc=32.6%  val=58.2%  lr=2.97e-05     9s
2026-03-18 14:03:43,495 [INFO]   ★ best 58.19%
2026-03-18 14:03:52,533 [INFO]   S2 Ep   7/80  loss=1.8084 acc=39.0%  val=61.4%  lr=3.00e-05     9s
2026-03-18 14:03:52,684 [INFO]   ★ best 61.41%
2026-03-18 14:04:01,409 [INFO]   S2 Ep   8/80  loss=1.7100 acc=43.0%  val=64.1%  lr=3.00e-05     9s
2026-03-18 14:04:01,552 [INFO]   ★ best 64.09%
2026-03-18 14:04:10,140 [INFO]   S2 Ep   9/80  loss=1.7224 acc=42.6%  val=66.2%  lr=2.99e-05     9s
2026-03-18 14:04:10,302 [INFO]   ★ best 66.16%
2026-03-18 14:04:18,906 [INFO]   S2 Ep  10/80  loss=1.6896 acc=44.1%  val=66.2%  lr=2.98e-05     9s
2026-03-18 14:04:19,063 [INFO]   ★ best 66.23%
2026-03-18 14:04:27,630 [INFO]   S2 Ep  11/80  loss=1.6659 acc=45.3%  val=67.8%  lr=2.97e-05     9s
2026-03-18 14:04:27,778 [INFO]   ★ best 67.75%
2026-03-18 14:04:36,441 [INFO]   S2 Ep  12/80  loss=1.6576 acc=45.6%  val=68.7%  lr=2.96e-05     9s
2026-03-18 14:04:36,584 [INFO]   ★ best 68.67%
2026-03-18 14:04:45,224 [INFO]   S2 Ep  13/80  loss=1.6023 acc=48.1%  val=69.0%  lr=2.94e-05     9s
2026-03-18 14:04:45,379 [INFO]   ★ best 69.04%
2026-03-18 14:04:54,003 [INFO]   S2 Ep  14/80  loss=1.6163 acc=47.2%  val=70.0%  lr=2.92e-05     9s
2026-03-18 14:04:54,149 [INFO]   ★ best 70.02%
2026-03-18 14:05:02,814 [INFO]   S2 Ep  15/80  loss=1.5573 acc=50.5%  val=70.7%  lr=2.90e-05     9s
2026-03-18 14:05:02,954 [INFO]   ★ best 70.70%
2026-03-18 14:05:11,489 [INFO]   S2 Ep  16/80  loss=1.5582 acc=49.9%  val=70.5%  lr=2.88e-05     9s
2026-03-18 14:05:20,080 [INFO]   S2 Ep  17/80  loss=1.5197 acc=51.5%  val=71.7%  lr=2.85e-05     9s
2026-03-18 14:05:20,233 [INFO]   ★ best 71.72%
2026-03-18 14:05:28,904 [INFO]   S2 Ep  18/80  loss=1.4903 acc=52.6%  val=72.0%  lr=2.82e-05     9s
2026-03-18 14:05:29,026 [INFO]   ★ best 72.02%
2026-03-18 14:05:37,671 [INFO]   S2 Ep  19/80  loss=1.4890 acc=53.2%  val=71.4%  lr=2.79e-05     9s
2026-03-18 14:05:46,204 [INFO]   S2 Ep  20/80  loss=1.4915 acc=53.6%  val=72.1%  lr=2.75e-05     9s
2026-03-18 14:05:46,359 [INFO]   ★ best 72.09%
2026-03-18 14:05:55,044 [INFO]   S2 Ep  21/80  loss=1.5208 acc=51.8%  val=72.6%  lr=2.72e-05     9s
2026-03-18 14:05:55,194 [INFO]   ★ best 72.63%
2026-03-18 14:06:03,846 [INFO]   S2 Ep  22/80  loss=1.4547 acc=54.7%  val=73.2%  lr=2.68e-05     9s
2026-03-18 14:06:03,972 [INFO]   ★ best 73.21%
2026-03-18 14:06:12,799 [INFO]   S2 Ep  23/80  loss=1.4286 acc=55.9%  val=73.7%  lr=2.64e-05     9s
2026-03-18 14:06:12,948 [INFO]   ★ best 73.69%
2026-03-18 14:06:21,482 [INFO]   S2 Ep  24/80  loss=1.4444 acc=55.2%  val=73.8%  lr=2.60e-05     9s
2026-03-18 14:06:21,605 [INFO]   ★ best 73.75%
2026-03-18 14:06:30,223 [INFO]   S2 Ep  25/80  loss=1.3889 acc=57.6%  val=73.7%  lr=2.55e-05     9s
2026-03-18 14:06:39,150 [INFO]   S2 Ep  26/80  loss=1.4155 acc=56.8%  val=73.8%  lr=2.50e-05     9s
2026-03-18 14:06:39,274 [INFO]   ★ best 73.82%
2026-03-18 14:06:47,844 [INFO]   S2 Ep  27/80  loss=1.3945 acc=57.2%  val=74.5%  lr=2.46e-05     9s
2026-03-18 14:06:47,994 [INFO]   ★ best 74.53%
2026-03-18 14:06:56,554 [INFO]   S2 Ep  28/80  loss=1.4035 acc=57.4%  val=74.4%  lr=2.41e-05     9s
2026-03-18 14:07:05,228 [INFO]   S2 Ep  29/80  loss=1.4108 acc=57.6%  val=75.0%  lr=2.35e-05     9s
2026-03-18 14:07:05,351 [INFO]   ★ best 74.97%
2026-03-18 14:07:13,900 [INFO]   S2 Ep  30/80  loss=1.4138 acc=56.8%  val=75.8%  lr=2.30e-05     9s
2026-03-18 14:07:14,041 [INFO]   ★ best 75.82%
2026-03-18 14:07:22,684 [INFO]   S2 Ep  31/80  loss=1.4321 acc=55.5%  val=75.3%  lr=2.25e-05     9s
2026-03-18 14:07:31,173 [INFO]   S2 Ep  32/80  loss=1.3518 acc=59.6%  val=74.3%  lr=2.19e-05     8s
2026-03-18 14:07:39,871 [INFO]   S2 Ep  33/80  loss=1.3940 acc=58.3%  val=75.9%  lr=2.13e-05     9s
2026-03-18 14:07:40,001 [INFO]   ★ best 75.92%
2026-03-18 14:07:48,651 [INFO]   S2 Ep  34/80  loss=1.3975 acc=57.7%  val=76.6%  lr=2.07e-05     9s
2026-03-18 14:07:48,768 [INFO]   ★ best 76.57%
2026-03-18 14:07:57,321 [INFO]   S2 Ep  35/80  loss=1.3652 acc=58.9%  val=76.0%  lr=2.01e-05     9s
2026-03-18 14:08:05,940 [INFO]   S2 Ep  36/80  loss=1.3991 acc=57.0%  val=75.5%  lr=1.95e-05     9s
2026-03-18 14:08:14,475 [INFO]   S2 Ep  37/80  loss=1.3507 acc=59.9%  val=75.3%  lr=1.89e-05     9s
2026-03-18 14:08:23,029 [INFO]   S2 Ep  38/80  loss=1.3487 acc=59.9%  val=76.4%  lr=1.83e-05     9s
2026-03-18 14:08:31,698 [INFO]   S2 Ep  39/80  loss=1.3340 acc=60.4%  val=76.1%  lr=1.77e-05     9s
2026-03-18 14:08:40,449 [INFO]   S2 Ep  40/80  loss=1.2848 acc=62.7%  val=76.3%  lr=1.70e-05     9s
2026-03-18 14:08:48,963 [INFO]   S2 Ep  41/80  loss=1.3883 acc=58.6%  val=76.2%  lr=1.64e-05     9s
2026-03-18 14:08:57,496 [INFO]   S2 Ep  42/80  loss=1.3025 acc=62.6%  val=76.8%  lr=1.58e-05     9s
2026-03-18 14:08:57,617 [INFO]   ★ best 76.77%
2026-03-18 14:09:06,172 [INFO]   S2 Ep  43/80  loss=1.3484 acc=60.1%  val=76.4%  lr=1.51e-05     9s
2026-03-18 14:09:14,778 [INFO]   S2 Ep  44/80  loss=1.3412 acc=60.8%  val=77.0%  lr=1.45e-05     9s
2026-03-18 14:09:14,926 [INFO]   ★ best 77.01%
2026-03-18 14:09:23,453 [INFO]   S2 Ep  45/80  loss=1.2934 acc=62.1%  val=76.4%  lr=1.38e-05     9s
2026-03-18 14:09:32,083 [INFO]   S2 Ep  46/80  loss=1.3586 acc=59.6%  val=76.6%  lr=1.32e-05     9s
2026-03-18 14:09:40,798 [INFO]   S2 Ep  47/80  loss=1.2982 acc=62.3%  val=76.7%  lr=1.26e-05     9s
2026-03-18 14:09:49,454 [INFO]   S2 Ep  48/80  loss=1.3364 acc=60.2%  val=76.3%  lr=1.19e-05     9s
2026-03-18 14:09:58,001 [INFO]   S2 Ep  49/80  loss=1.3020 acc=62.5%  val=76.6%  lr=1.13e-05     9s
2026-03-18 14:10:06,595 [INFO]   S2 Ep  50/80  loss=1.3281 acc=61.5%  val=76.4%  lr=1.07e-05     9s
2026-03-18 14:10:15,463 [INFO]   S2 Ep  51/80  loss=1.2553 acc=64.7%  val=77.4%  lr=1.01e-05     9s
2026-03-18 14:10:15,590 [INFO]   ★ best 77.45%
2026-03-18 14:10:24,237 [INFO]   S2 Ep  52/80  loss=1.2622 acc=64.2%  val=76.7%  lr=9.49e-06     9s
2026-03-18 14:10:32,899 [INFO]   S2 Ep  53/80  loss=1.2852 acc=62.4%  val=76.9%  lr=8.90e-06     9s
2026-03-18 14:10:41,637 [INFO]   S2 Ep  54/80  loss=1.3190 acc=61.5%  val=77.0%  lr=8.33e-06     9s
2026-03-18 14:10:50,212 [INFO]   S2 Ep  55/80  loss=1.3003 acc=62.4%  val=77.4%  lr=7.76e-06     9s
2026-03-18 14:10:58,754 [INFO]   S2 Ep  56/80  loss=1.2249 acc=66.4%  val=77.2%  lr=7.20e-06     9s
2026-03-18 14:11:07,294 [INFO]   S2 Ep  57/80  loss=1.2760 acc=63.2%  val=77.7%  lr=6.66e-06     9s
2026-03-18 14:11:07,420 [INFO]   ★ best 77.72%
2026-03-18 14:11:15,959 [INFO]   S2 Ep  58/80  loss=1.2773 acc=63.6%  val=77.7%  lr=6.14e-06     9s
2026-03-18 14:11:24,521 [INFO]   S2 Ep  59/80  loss=1.2458 acc=64.7%  val=77.8%  lr=5.63e-06     9s
2026-03-18 14:11:24,646 [INFO]   ★ best 77.82%
2026-03-18 14:11:33,265 [INFO]   S2 Ep  60/80  loss=1.3150 acc=62.0%  val=77.4%  lr=5.14e-06     9s
2026-03-18 14:11:42,054 [INFO]   S2 Ep  61/80  loss=1.2274 acc=65.8%  val=77.4%  lr=4.67e-06     9s
2026-03-18 14:11:50,781 [INFO]   S2 Ep  62/80  loss=1.2937 acc=62.4%  val=77.7%  lr=4.21e-06     9s
2026-03-18 14:11:59,385 [INFO]   S2 Ep  63/80  loss=1.3290 acc=60.6%  val=77.4%  lr=3.78e-06     9s
2026-03-18 14:12:08,063 [INFO]   S2 Ep  64/80  loss=1.2884 acc=62.6%  val=77.8%  lr=3.36e-06     9s
2026-03-18 14:12:16,701 [INFO]   S2 Ep  65/80  loss=1.2894 acc=62.5%  val=78.0%  lr=2.97e-06     9s
2026-03-18 14:12:16,856 [INFO]   ★ best 77.99%
2026-03-18 14:12:25,382 [INFO]   S2 Ep  66/80  loss=1.2436 acc=65.1%  val=78.1%  lr=2.60e-06     9s
2026-03-18 14:12:25,518 [INFO]   ★ best 78.09%
2026-03-18 14:12:34,152 [INFO]   S2 Ep  67/80  loss=1.2944 acc=61.9%  val=77.8%  lr=2.25e-06     9s
2026-03-18 14:12:42,771 [INFO]   S2 Ep  68/80  loss=1.2623 acc=64.4%  val=78.0%  lr=1.92e-06     9s
2026-03-18 14:12:51,397 [INFO]   S2 Ep  69/80  loss=1.1913 acc=66.9%  val=78.2%  lr=1.62e-06     9s
2026-03-18 14:12:51,562 [INFO]   ★ best 78.23%
2026-03-18 14:13:00,328 [INFO]   S2 Ep  70/80  loss=1.2423 acc=64.4%  val=78.2%  lr=1.35e-06     9s
2026-03-18 14:13:08,999 [INFO]   S2 Ep  71/80  loss=1.3203 acc=61.5%  val=78.1%  lr=1.09e-06     9s
2026-03-18 14:13:17,596 [INFO]   S2 Ep  72/80  loss=1.2725 acc=63.8%  val=78.3%  lr=8.66e-07     9s
2026-03-18 14:13:17,759 [INFO]   ★ best 78.30%
2026-03-18 14:13:26,353 [INFO]   S2 Ep  73/80  loss=1.2242 acc=65.9%  val=78.1%  lr=6.65e-07     9s
2026-03-18 14:13:35,018 [INFO]   S2 Ep  74/80  loss=1.2583 acc=64.2%  val=78.0%  lr=4.90e-07     9s
2026-03-18 14:13:43,663 [INFO]   S2 Ep  75/80  loss=1.2397 acc=65.3%  val=78.1%  lr=3.41e-07     9s
2026-03-18 14:13:52,335 [INFO]   S2 Ep  76/80  loss=1.2176 acc=66.1%  val=78.1%  lr=2.19e-07     9s
2026-03-18 14:14:01,108 [INFO]   S2 Ep  77/80  loss=1.2714 acc=64.0%  val=78.1%  lr=1.24e-07     9s
2026-03-18 14:14:09,784 [INFO]   S2 Ep  78/80  loss=1.2728 acc=63.5%  val=78.1%  lr=5.55e-08     9s
2026-03-18 14:14:18,417 [INFO]   S2 Ep  79/80  loss=1.2734 acc=63.5%  val=78.1%  lr=1.47e-08     9s
2026-03-18 14:14:27,152 [INFO]   S2 Ep  80/80  loss=1.2715 acc=63.4%  val=78.1%  lr=1.20e-09     9s
2026-03-18 14:14:27,153 [INFO] ── Stage 3: SWA (15 ep, lr=3.0e-06) ──
2026-03-18 14:14:35,889 [INFO]   SWA Ep  1/15  loss=1.3440  swa_val=78.2%  9s
2026-03-18 14:14:44,457 [INFO]   SWA Ep  2/15  loss=1.2667  swa_val=78.3%  9s
2026-03-18 14:14:53,049 [INFO]   SWA Ep  3/15  loss=1.3253  swa_val=78.2%  9s
2026-03-18 14:15:01,611 [INFO]   SWA Ep  4/15  loss=1.3376  swa_val=78.3%  9s
2026-03-18 14:15:10,171 [INFO]   SWA Ep  5/15  loss=1.2565  swa_val=78.3%  9s
2026-03-18 14:15:18,831 [INFO]   SWA Ep  6/15  loss=1.2999  swa_val=78.1%  9s
2026-03-18 14:15:27,495 [INFO]   SWA Ep  7/15  loss=1.2344  swa_val=78.1%  9s
2026-03-18 14:15:36,078 [INFO]   SWA Ep  8/15  loss=1.3561  swa_val=78.1%  9s
2026-03-18 14:15:44,669 [INFO]   SWA Ep  9/15  loss=1.3024  swa_val=78.1%  9s
2026-03-18 14:15:53,175 [INFO]   SWA Ep 10/15  loss=1.2626  swa_val=78.0%  9s
2026-03-18 14:16:02,068 [INFO]   SWA Ep 11/15  loss=1.2568  swa_val=78.1%  9s
2026-03-18 14:16:10,879 [INFO]   SWA Ep 12/15  loss=1.2594  swa_val=78.2%  9s
2026-03-18 14:16:19,724 [INFO]   SWA Ep 13/15  loss=1.2796  swa_val=78.2%  9s
2026-03-18 14:16:28,410 [INFO]   SWA Ep 14/15  loss=1.2154  swa_val=78.2%  9s
2026-03-18 14:16:36,977 [INFO]   SWA Ep 15/15  loss=1.2629  swa_val=78.3%  9s
2026-03-18 14:16:36,977 [INFO]   Updating BN stats for SWA model …
2026-03-18 14:16:37,442 [INFO]   SWA final: 78.26% (regular best: 78.30%)
2026-03-18 14:16:37,443 [INFO]   Fold 1 best: 78.30%
2026-03-18 14:16:39,273 [INFO] ================================================================
2026-03-18 14:16:39,273 [INFO] FOLD 2 / 5
2026-03-18 14:16:39,273 [INFO] ================================================================
2026-03-18 14:16:39,275 [INFO]   Train: 11793 | Val: 2949
2026-03-18 14:16:39,485 [INFO] Loading pretrained weights from Hugging Face hub (timm/caformer_s18.sail_in22k_ft_in1k)
2026-03-18 14:16:44,609 [INFO] HTTP Request: HEAD https://huggingface.co/timm/caformer_s18.sail_in22k_ft_in1k/resolve/main/model.safetensors "HTTP/1.1 302 Found"
2026-03-18 14:16:44,609 [WARNING] Warning: You are sending unauthenticated requests to the HF Hub. Please set a HF_TOKEN to enable higher rate limits and faster downloads.
2026-03-18 14:16:44,611 [INFO] [timm/caformer_s18.sail_in22k_ft_in1k] Safe alternative available for 'pytorch_model.bin' (as 'model.safetensors'). Loading weights using safetensors.
2026-03-18 14:16:44,625 [INFO] Missing keys (head.fc.fc2.weight, head.fc.fc2.bias) discovered while loading pretrained weights. This is expected if model is being adapted.
2026-03-18 14:16:44,708 [INFO]   Born-again ← best_fold1.pt (val 89.15%)
2026-03-18 14:16:44,709 [INFO] ── Stage 1: head warmup (5 ep) ──
2026-03-18 14:16:52,779 [INFO]   S1 Ep 1/5  loss=2.8244 acc=3.7%  val=5.1%  8s
2026-03-18 14:16:52,881 [INFO]   ★ best 5.12%
2026-03-18 14:16:58,269 [INFO]   S1 Ep 2/5  loss=2.6108 acc=4.7%  val=6.8%  5s
2026-03-18 14:16:58,389 [INFO]   ★ best 6.78%
2026-03-18 14:17:03,635 [INFO]   S1 Ep 3/5  loss=2.5646 acc=5.4%  val=8.1%  5s
2026-03-18 14:17:03,752 [INFO]   ★ best 8.10%
2026-03-18 14:17:08,243 [INFO]   S1 Ep 4/5  loss=2.5409 acc=6.4%  val=9.3%  4s
2026-03-18 14:17:08,366 [INFO]   ★ best 9.26%
2026-03-18 14:17:13,261 [INFO]   S1 Ep 5/5  loss=2.5197 acc=7.1%  val=9.3%  5s
2026-03-18 14:17:13,389 [INFO]   ★ best 9.33%
2026-03-18 14:17:13,389 [INFO] ── Stage 2: full fine-tune (80 ep, patience 30) ──
2026-03-18 14:17:13,390 [INFO] LLRD: 10 groups, LR [1.57e-05 … 3.00e-05]
2026-03-18 14:17:22,041 [INFO]   S2 Ep   1/80  loss=2.6104 acc=5.2%  val=12.0%  lr=2.90e-06     9s
2026-03-18 14:17:22,161 [INFO]   ★ best 11.97%
2026-03-18 14:17:31,125 [INFO]   S2 Ep   2/80  loss=2.5054 acc=8.7%  val=20.0%  lr=7.61e-06     9s
2026-03-18 14:17:31,246 [INFO]   ★ best 20.01%
2026-03-18 14:17:39,908 [INFO]   S2 Ep   3/80  loss=2.3425 acc=15.3%  val=35.7%  lr=1.42e-05     9s
2026-03-18 14:17:40,034 [INFO]   ★ best 35.71%
2026-03-18 14:17:48,659 [INFO]   S2 Ep   4/80  loss=2.1856 acc=22.8%  val=46.9%  lr=2.11e-05     9s
2026-03-18 14:17:48,780 [INFO]   ★ best 46.90%
2026-03-18 14:17:57,448 [INFO]   S2 Ep   5/80  loss=2.0137 acc=30.0%  val=55.7%  lr=2.68e-05     9s
2026-03-18 14:17:57,571 [INFO]   ★ best 55.75%
2026-03-18 14:18:06,184 [INFO]   S2 Ep   6/80  loss=1.8778 acc=35.5%  val=60.6%  lr=2.97e-05     9s
2026-03-18 14:18:06,313 [INFO]   ★ best 60.60%
2026-03-18 14:18:14,925 [INFO]   S2 Ep   7/80  loss=1.8132 acc=38.8%  val=63.1%  lr=3.00e-05     9s
2026-03-18 14:18:15,054 [INFO]   ★ best 63.11%
2026-03-18 14:18:23,667 [INFO]   S2 Ep   8/80  loss=1.7606 acc=40.8%  val=65.6%  lr=3.00e-05     9s
2026-03-18 14:18:23,792 [INFO]   ★ best 65.62%
2026-03-18 14:18:32,344 [INFO]   S2 Ep   9/80  loss=1.6614 acc=45.5%  val=67.8%  lr=2.99e-05     9s
2026-03-18 14:18:32,465 [INFO]   ★ best 67.75%
2026-03-18 14:18:41,215 [INFO]   S2 Ep  10/80  loss=1.6505 acc=46.1%  val=68.4%  lr=2.98e-05     9s
2026-03-18 14:18:41,343 [INFO]   ★ best 68.36%
2026-03-18 14:18:49,897 [INFO]   S2 Ep  11/80  loss=1.5986 acc=48.6%  val=68.7%  lr=2.97e-05     9s
2026-03-18 14:18:50,024 [INFO]   ★ best 68.70%
2026-03-18 14:18:58,587 [INFO]   S2 Ep  12/80  loss=1.6093 acc=47.3%  val=70.3%  lr=2.96e-05     9s
2026-03-18 14:18:58,710 [INFO]   ★ best 70.33%
2026-03-18 14:19:07,251 [INFO]   S2 Ep  13/80  loss=1.5083 acc=51.8%  val=70.7%  lr=2.94e-05     9s
2026-03-18 14:19:07,374 [INFO]   ★ best 70.74%
2026-03-18 14:19:15,935 [INFO]   S2 Ep  14/80  loss=1.5269 acc=51.4%  val=72.0%  lr=2.92e-05     9s
2026-03-18 14:19:16,059 [INFO]   ★ best 72.02%
2026-03-18 14:19:24,719 [INFO]   S2 Ep  15/80  loss=1.5391 acc=50.9%  val=72.6%  lr=2.90e-05     9s
2026-03-18 14:19:24,844 [INFO]   ★ best 72.60%
2026-03-18 14:19:33,335 [INFO]   S2 Ep  16/80  loss=1.4894 acc=53.1%  val=72.3%  lr=2.88e-05     8s
2026-03-18 14:19:42,007 [INFO]   S2 Ep  17/80  loss=1.4740 acc=53.5%  val=72.9%  lr=2.85e-05     9s
2026-03-18 14:19:42,129 [INFO]   ★ best 72.94%
2026-03-18 14:19:51,125 [INFO]   S2 Ep  18/80  loss=1.4427 acc=55.1%  val=72.5%  lr=2.82e-05     9s
2026-03-18 14:19:59,987 [INFO]   S2 Ep  19/80  loss=1.4357 acc=56.0%  val=72.5%  lr=2.79e-05     9s
2026-03-18 14:20:08,902 [INFO]   S2 Ep  20/80  loss=1.4545 acc=54.9%  val=73.5%  lr=2.75e-05     9s
2026-03-18 14:20:09,031 [INFO]   ★ best 73.48%
2026-03-18 14:20:17,857 [INFO]   S2 Ep  21/80  loss=1.4499 acc=55.3%  val=74.0%  lr=2.72e-05     9s
2026-03-18 14:20:17,981 [INFO]   ★ best 74.03%
2026-03-18 14:20:26,770 [INFO]   S2 Ep  22/80  loss=1.4657 acc=54.3%  val=74.8%  lr=2.68e-05     9s
2026-03-18 14:20:26,896 [INFO]   ★ best 74.84%
2026-03-18 14:20:35,490 [INFO]   S2 Ep  23/80  loss=1.4221 acc=56.2%  val=74.2%  lr=2.64e-05     9s
2026-03-18 14:20:44,050 [INFO]   S2 Ep  24/80  loss=1.3604 acc=58.5%  val=75.6%  lr=2.60e-05     9s
2026-03-18 14:20:44,176 [INFO]   ★ best 75.58%
2026-03-18 14:20:52,993 [INFO]   S2 Ep  25/80  loss=1.3971 acc=57.0%  val=74.9%  lr=2.55e-05     9s
2026-03-18 14:21:01,787 [INFO]   S2 Ep  26/80  loss=1.3634 acc=58.5%  val=75.3%  lr=2.50e-05     9s
2026-03-18 14:21:10,334 [INFO]   S2 Ep  27/80  loss=1.4234 acc=56.2%  val=75.2%  lr=2.46e-05     9s
2026-03-18 14:21:18,889 [INFO]   S2 Ep  28/80  loss=1.3154 acc=61.6%  val=75.1%  lr=2.41e-05     9s
2026-03-18 14:21:27,517 [INFO]   S2 Ep  29/80  loss=1.4184 acc=57.0%  val=75.1%  lr=2.35e-05     9s
2026-03-18 14:21:36,048 [INFO]   S2 Ep  30/80  loss=1.3732 acc=58.8%  val=75.6%  lr=2.30e-05     9s
2026-03-18 14:21:36,167 [INFO]   ★ best 75.62%
2026-03-18 14:21:44,710 [INFO]   S2 Ep  31/80  loss=1.3745 acc=58.2%  val=74.6%  lr=2.25e-05     9s
2026-03-18 14:21:53,682 [INFO]   S2 Ep  32/80  loss=1.3349 acc=60.9%  val=75.0%  lr=2.19e-05     9s
2026-03-18 14:22:02,330 [INFO]   S2 Ep  33/80  loss=1.3362 acc=60.1%  val=76.1%  lr=2.13e-05     9s
2026-03-18 14:22:02,456 [INFO]   ★ best 76.13%
2026-03-18 14:22:11,095 [INFO]   S2 Ep  34/80  loss=1.3597 acc=59.5%  val=75.3%  lr=2.07e-05     9s
2026-03-18 14:22:19,708 [INFO]   S2 Ep  35/80  loss=1.3301 acc=60.0%  val=75.5%  lr=2.01e-05     9s
2026-03-18 14:22:28,531 [INFO]   S2 Ep  36/80  loss=1.2795 acc=63.0%  val=76.5%  lr=1.95e-05     9s
2026-03-18 14:22:28,682 [INFO]   ★ best 76.53%
2026-03-18 14:22:37,431 [INFO]   S2 Ep  37/80  loss=1.2822 acc=62.6%  val=75.1%  lr=1.89e-05     9s
2026-03-18 14:22:46,151 [INFO]   S2 Ep  38/80  loss=1.2982 acc=61.9%  val=76.8%  lr=1.83e-05     9s
2026-03-18 14:22:46,277 [INFO]   ★ best 76.81%
2026-03-18 14:22:54,825 [INFO]   S2 Ep  39/80  loss=1.3460 acc=60.0%  val=76.6%  lr=1.77e-05     9s
2026-03-18 14:23:03,378 [INFO]   S2 Ep  40/80  loss=1.2577 acc=64.2%  val=76.4%  lr=1.70e-05     9s
2026-03-18 14:23:12,076 [INFO]   S2 Ep  41/80  loss=1.2989 acc=62.1%  val=76.0%  lr=1.64e-05     9s
2026-03-18 14:23:20,697 [INFO]   S2 Ep  42/80  loss=1.2929 acc=62.5%  val=76.4%  lr=1.58e-05     9s
2026-03-18 14:23:29,314 [INFO]   S2 Ep  43/80  loss=1.2607 acc=63.6%  val=76.0%  lr=1.51e-05     9s
2026-03-18 14:23:37,837 [INFO]   S2 Ep  44/80  loss=1.2779 acc=63.4%  val=76.4%  lr=1.45e-05     9s
2026-03-18 14:23:46,396 [INFO]   S2 Ep  45/80  loss=1.2993 acc=62.4%  val=76.2%  lr=1.38e-05     9s
2026-03-18 14:23:54,910 [INFO]   S2 Ep  46/80  loss=1.3297 acc=60.3%  val=76.4%  lr=1.32e-05     9s
2026-03-18 14:24:03,556 [INFO]   S2 Ep  47/80  loss=1.2549 acc=63.8%  val=75.5%  lr=1.26e-05     9s
2026-03-18 14:24:12,110 [INFO]   S2 Ep  48/80  loss=1.2427 acc=64.6%  val=76.4%  lr=1.19e-05     9s
2026-03-18 14:24:20,757 [INFO]   S2 Ep  49/80  loss=1.3347 acc=60.3%  val=76.4%  lr=1.13e-05     9s
2026-03-18 14:24:29,318 [INFO]   S2 Ep  50/80  loss=1.2357 acc=65.3%  val=76.6%  lr=1.07e-05     9s
2026-03-18 14:24:37,847 [INFO]   S2 Ep  51/80  loss=1.3157 acc=62.2%  val=76.9%  lr=1.01e-05     9s
2026-03-18 14:24:37,971 [INFO]   ★ best 76.87%
2026-03-18 14:24:46,521 [INFO]   S2 Ep  52/80  loss=1.2020 acc=66.7%  val=77.1%  lr=9.49e-06     9s
2026-03-18 14:24:46,644 [INFO]   ★ best 77.14%
2026-03-18 14:24:55,155 [INFO]   S2 Ep  53/80  loss=1.2294 acc=65.8%  val=76.7%  lr=8.90e-06     9s
2026-03-18 14:25:03,713 [INFO]   S2 Ep  54/80  loss=1.2169 acc=65.8%  val=76.8%  lr=8.33e-06     9s
2026-03-18 14:25:12,292 [INFO]   S2 Ep  55/80  loss=1.2773 acc=63.2%  val=76.4%  lr=7.76e-06     9s
2026-03-18 14:25:21,135 [INFO]   S2 Ep  56/80  loss=1.3027 acc=61.2%  val=76.5%  lr=7.20e-06     9s
2026-03-18 14:25:29,866 [INFO]   S2 Ep  57/80  loss=1.2114 acc=66.1%  val=76.3%  lr=6.66e-06     9s
2026-03-18 14:25:38,387 [INFO]   S2 Ep  58/80  loss=1.3067 acc=62.0%  val=77.2%  lr=6.14e-06     9s
2026-03-18 14:25:38,515 [INFO]   ★ best 77.18%
2026-03-18 14:25:47,099 [INFO]   S2 Ep  59/80  loss=1.2517 acc=65.0%  val=76.9%  lr=5.63e-06     9s
2026-03-18 14:25:55,733 [INFO]   S2 Ep  60/80  loss=1.2574 acc=63.9%  val=77.1%  lr=5.14e-06     9s
2026-03-18 14:26:04,306 [INFO]   S2 Ep  61/80  loss=1.1859 acc=67.0%  val=76.9%  lr=4.67e-06     9s
2026-03-18 14:26:12,917 [INFO]   S2 Ep  62/80  loss=1.2226 acc=66.0%  val=77.0%  lr=4.21e-06     9s
2026-03-18 14:26:21,536 [INFO]   S2 Ep  63/80  loss=1.2196 acc=65.7%  val=76.7%  lr=3.78e-06     9s
2026-03-18 14:26:30,246 [INFO]   S2 Ep  64/80  loss=1.3352 acc=60.4%  val=77.2%  lr=3.36e-06     9s
2026-03-18 14:26:39,097 [INFO]   S2 Ep  65/80  loss=1.2446 acc=64.5%  val=77.5%  lr=2.97e-06     9s
2026-03-18 14:26:39,226 [INFO]   ★ best 77.48%
2026-03-18 14:26:47,840 [INFO]   S2 Ep  66/80  loss=1.2483 acc=64.1%  val=77.1%  lr=2.60e-06     9s
2026-03-18 14:26:56,452 [INFO]   S2 Ep  67/80  loss=1.2504 acc=64.3%  val=77.0%  lr=2.25e-06     9s
2026-03-18 14:27:05,062 [INFO]   S2 Ep  68/80  loss=1.2598 acc=64.1%  val=77.3%  lr=1.92e-06     9s
2026-03-18 14:27:13,669 [INFO]   S2 Ep  69/80  loss=1.2698 acc=63.8%  val=77.7%  lr=1.62e-06     9s
2026-03-18 14:27:13,797 [INFO]   ★ best 77.65%
2026-03-18 14:27:22,400 [INFO]   S2 Ep  70/80  loss=1.2372 acc=64.9%  val=77.4%  lr=1.35e-06     9s
2026-03-18 14:27:31,002 [INFO]   S2 Ep  71/80  loss=1.2706 acc=63.8%  val=77.3%  lr=1.09e-06     9s
2026-03-18 14:27:39,584 [INFO]   S2 Ep  72/80  loss=1.2162 acc=65.9%  val=77.2%  lr=8.66e-07     9s
2026-03-18 14:27:48,275 [INFO]   S2 Ep  73/80  loss=1.1999 acc=66.9%  val=77.2%  lr=6.65e-07     9s
2026-03-18 14:27:56,814 [INFO]   S2 Ep  74/80  loss=1.2148 acc=66.3%  val=77.3%  lr=4.90e-07     9s
2026-03-18 14:28:05,374 [INFO]   S2 Ep  75/80  loss=1.2215 acc=65.7%  val=77.2%  lr=3.41e-07     9s
2026-03-18 14:28:13,974 [INFO]   S2 Ep  76/80  loss=1.2446 acc=64.3%  val=77.3%  lr=2.19e-07     9s
2026-03-18 14:28:22,598 [INFO]   S2 Ep  77/80  loss=1.2744 acc=63.5%  val=77.3%  lr=1.24e-07     9s
2026-03-18 14:28:31,148 [INFO]   S2 Ep  78/80  loss=1.2446 acc=64.6%  val=77.2%  lr=5.55e-08     9s
2026-03-18 14:28:39,683 [INFO]   S2 Ep  79/80  loss=1.2021 acc=67.3%  val=77.2%  lr=1.47e-08     9s
2026-03-18 14:28:48,263 [INFO]   S2 Ep  80/80  loss=1.2218 acc=65.6%  val=77.2%  lr=1.20e-09     9s
2026-03-18 14:28:48,264 [INFO] ── Stage 3: SWA (15 ep, lr=3.0e-06) ──
2026-03-18 14:28:57,143 [INFO]   SWA Ep  1/15  loss=1.2354  swa_val=77.0%  9s
2026-03-18 14:29:05,883 [INFO]   SWA Ep  2/15  loss=1.2508  swa_val=77.0%  9s
2026-03-18 14:29:14,545 [INFO]   SWA Ep  3/15  loss=1.1978  swa_val=77.2%  9s
2026-03-18 14:29:23,267 [INFO]   SWA Ep  4/15  loss=1.2689  swa_val=77.2%  9s
2026-03-18 14:29:32,122 [INFO]   SWA Ep  5/15  loss=1.2291  swa_val=77.4%  9s
2026-03-18 14:29:40,691 [INFO]   SWA Ep  6/15  loss=1.2216  swa_val=77.4%  9s
2026-03-18 14:29:49,382 [INFO]   SWA Ep  7/15  loss=1.2767  swa_val=77.4%  9s
2026-03-18 14:29:57,905 [INFO]   SWA Ep  8/15  loss=1.2363  swa_val=77.4%  9s
2026-03-18 14:30:06,539 [INFO]   SWA Ep  9/15  loss=1.2674  swa_val=77.3%  9s
2026-03-18 14:30:15,091 [INFO]   SWA Ep 10/15  loss=1.2480  swa_val=77.3%  9s
2026-03-18 14:30:23,703 [INFO]   SWA Ep 11/15  loss=1.2359  swa_val=77.3%  9s
2026-03-18 14:30:32,346 [INFO]   SWA Ep 12/15  loss=1.2163  swa_val=77.3%  9s
2026-03-18 14:30:41,150 [INFO]   SWA Ep 13/15  loss=1.2255  swa_val=77.2%  9s
2026-03-18 14:30:49,750 [INFO]   SWA Ep 14/15  loss=1.2760  swa_val=77.3%  9s
2026-03-18 14:30:58,346 [INFO]   SWA Ep 15/15  loss=1.2643  swa_val=77.4%  9s
2026-03-18 14:30:58,346 [INFO]   Updating BN stats for SWA model …
2026-03-18 14:30:58,799 [INFO]   SWA final: 77.38% (regular best: 77.65%)
2026-03-18 14:30:58,799 [INFO]   Fold 2 best: 77.65%
2026-03-18 14:31:00,032 [INFO] ================================================================
2026-03-18 14:31:00,032 [INFO] FOLD 3 / 5
2026-03-18 14:31:00,032 [INFO] ================================================================
2026-03-18 14:31:00,035 [INFO]   Train: 11794 | Val: 2948
2026-03-18 14:31:00,342 [INFO] Loading pretrained weights from Hugging Face hub (timm/caformer_s18.sail_in22k_ft_in1k)
2026-03-18 14:31:00,558 [INFO] HTTP Request: HEAD https://huggingface.co/timm/caformer_s18.sail_in22k_ft_in1k/resolve/main/model.safetensors "HTTP/1.1 302 Found"
2026-03-18 14:31:00,560 [INFO] [timm/caformer_s18.sail_in22k_ft_in1k] Safe alternative available for 'pytorch_model.bin' (as 'model.safetensors'). Loading weights using safetensors.
2026-03-18 14:31:00,574 [INFO] Missing keys (head.fc.fc2.weight, head.fc.fc2.bias) discovered while loading pretrained weights. This is expected if model is being adapted.
2026-03-18 14:31:00,677 [INFO]   Born-again ← best_fold2.pt (val 90.50%)
2026-03-18 14:31:00,678 [INFO] ── Stage 1: head warmup (5 ep) ──
2026-03-18 14:31:14,524 [INFO]   S1 Ep 1/5  loss=2.8227 acc=3.1%  val=4.3%  14s
2026-03-18 14:31:14,623 [INFO]   ★ best 4.27%
2026-03-18 14:31:19,370 [INFO]   S1 Ep 2/5  loss=2.6503 acc=3.8%  val=6.1%  5s
2026-03-18 14:31:19,492 [INFO]   ★ best 6.14%
2026-03-18 14:31:23,932 [INFO]   S1 Ep 3/5  loss=2.6091 acc=4.7%  val=7.1%  4s
2026-03-18 14:31:24,050 [INFO]   ★ best 7.12%
2026-03-18 14:31:28,995 [INFO]   S1 Ep 4/5  loss=2.5868 acc=5.1%  val=7.5%  5s
2026-03-18 14:31:29,114 [INFO]   ★ best 7.46%
2026-03-18 14:31:33,956 [INFO]   S1 Ep 5/5  loss=2.5764 acc=5.6%  val=7.7%  5s
2026-03-18 14:31:34,087 [INFO]   ★ best 7.70%
2026-03-18 14:31:34,087 [INFO] ── Stage 2: full fine-tune (80 ep, patience 30) ──
2026-03-18 14:31:34,089 [INFO] LLRD: 10 groups, LR [1.57e-05 … 3.00e-05]
2026-03-18 14:31:42,699 [INFO]   S2 Ep   1/80  loss=2.6403 acc=4.5%  val=10.7%  lr=2.90e-06     9s
2026-03-18 14:31:42,827 [INFO]   ★ best 10.72%
2026-03-18 14:31:51,467 [INFO]   S2 Ep   2/80  loss=2.5178 acc=8.7%  val=20.9%  lr=7.61e-06     9s
2026-03-18 14:31:51,589 [INFO]   ★ best 20.90%
2026-03-18 14:32:00,128 [INFO]   S2 Ep   3/80  loss=2.3657 acc=14.6%  val=36.6%  lr=1.42e-05     9s
2026-03-18 14:32:00,247 [INFO]   ★ best 36.57%
2026-03-18 14:32:08,803 [INFO]   S2 Ep   4/80  loss=2.1629 acc=23.6%  val=48.3%  lr=2.11e-05     9s
2026-03-18 14:32:08,926 [INFO]   ★ best 48.34%
2026-03-18 14:32:17,593 [INFO]   S2 Ep   5/80  loss=2.0462 acc=28.4%  val=55.2%  lr=2.68e-05     9s
2026-03-18 14:32:17,717 [INFO]   ★ best 55.19%
2026-03-18 14:32:26,262 [INFO]   S2 Ep   6/80  loss=1.9023 acc=34.7%  val=59.8%  lr=2.97e-05     9s
2026-03-18 14:32:26,385 [INFO]   ★ best 59.80%
2026-03-18 14:32:34,940 [INFO]   S2 Ep   7/80  loss=1.8105 acc=38.6%  val=63.9%  lr=3.00e-05     9s
2026-03-18 14:32:35,059 [INFO]   ★ best 63.91%
2026-03-18 14:32:43,632 [INFO]   S2 Ep   8/80  loss=1.7743 acc=40.5%  val=67.7%  lr=3.00e-05     9s
2026-03-18 14:32:43,760 [INFO]   ★ best 67.74%
2026-03-18 14:32:52,364 [INFO]   S2 Ep   9/80  loss=1.6686 acc=44.7%  val=68.3%  lr=2.99e-05     9s
2026-03-18 14:32:52,485 [INFO]   ★ best 68.32%
2026-03-18 14:33:01,066 [INFO]   S2 Ep  10/80  loss=1.6347 acc=46.0%  val=70.3%  lr=2.98e-05     9s
2026-03-18 14:33:01,188 [INFO]   ★ best 70.32%
2026-03-18 14:33:09,967 [INFO]   S2 Ep  11/80  loss=1.5859 acc=48.5%  val=71.1%  lr=2.97e-05     9s
2026-03-18 14:33:10,095 [INFO]   ★ best 71.07%
2026-03-18 14:33:18,695 [INFO]   S2 Ep  12/80  loss=1.5882 acc=48.6%  val=70.9%  lr=2.96e-05     9s
2026-03-18 14:33:27,419 [INFO]   S2 Ep  13/80  loss=1.5591 acc=49.5%  val=72.2%  lr=2.94e-05     9s
2026-03-18 14:33:27,548 [INFO]   ★ best 72.22%
2026-03-18 14:33:36,202 [INFO]   S2 Ep  14/80  loss=1.6116 acc=48.0%  val=72.4%  lr=2.92e-05     9s
2026-03-18 14:33:36,342 [INFO]   ★ best 72.35%
2026-03-18 14:33:44,955 [INFO]   S2 Ep  15/80  loss=1.4480 acc=54.5%  val=73.7%  lr=2.90e-05     9s
2026-03-18 14:33:45,088 [INFO]   ★ best 73.68%
2026-03-18 14:33:53,677 [INFO]   S2 Ep  16/80  loss=1.4982 acc=52.5%  val=73.2%  lr=2.88e-05     9s
2026-03-18 14:34:02,797 [INFO]   S2 Ep  17/80  loss=1.5371 acc=50.8%  val=74.2%  lr=2.85e-05     9s
2026-03-18 14:34:02,920 [INFO]   ★ best 74.15%
2026-03-18 14:34:11,521 [INFO]   S2 Ep  18/80  loss=1.4583 acc=54.6%  val=74.5%  lr=2.82e-05     9s
2026-03-18 14:34:11,653 [INFO]   ★ best 74.46%
2026-03-18 14:34:20,249 [INFO]   S2 Ep  19/80  loss=1.4291 acc=55.8%  val=74.9%  lr=2.79e-05     9s
2026-03-18 14:34:20,375 [INFO]   ★ best 74.93%
2026-03-18 14:34:29,058 [INFO]   S2 Ep  20/80  loss=1.5130 acc=51.9%  val=74.8%  lr=2.75e-05     9s
2026-03-18 14:34:37,754 [INFO]   S2 Ep  21/80  loss=1.4169 acc=56.3%  val=75.3%  lr=2.72e-05     9s
2026-03-18 14:34:37,884 [INFO]   ★ best 75.31%
2026-03-18 14:34:46,754 [INFO]   S2 Ep  22/80  loss=1.4370 acc=55.3%  val=75.8%  lr=2.68e-05     9s
2026-03-18 14:34:46,877 [INFO]   ★ best 75.85%
2026-03-18 14:34:55,441 [INFO]   S2 Ep  23/80  loss=1.4173 acc=56.3%  val=75.9%  lr=2.64e-05     9s
2026-03-18 14:34:55,570 [INFO]   ★ best 75.88%
2026-03-18 14:35:04,310 [INFO]   S2 Ep  24/80  loss=1.3863 acc=57.9%  val=76.2%  lr=2.60e-05     9s
2026-03-18 14:35:04,435 [INFO]   ★ best 76.15%
2026-03-18 14:35:13,033 [INFO]   S2 Ep  25/80  loss=1.3858 acc=58.2%  val=75.4%  lr=2.55e-05     9s
2026-03-18 14:35:21,724 [INFO]   S2 Ep  26/80  loss=1.4420 acc=55.6%  val=75.6%  lr=2.50e-05     9s
2026-03-18 14:35:30,429 [INFO]   S2 Ep  27/80  loss=1.4077 acc=57.1%  val=75.7%  lr=2.46e-05     9s
2026-03-18 14:35:39,226 [INFO]   S2 Ep  28/80  loss=1.3381 acc=60.3%  val=76.2%  lr=2.41e-05     9s
2026-03-18 14:35:39,359 [INFO]   ★ best 76.19%
2026-03-18 14:35:48,218 [INFO]   S2 Ep  29/80  loss=1.4144 acc=57.0%  val=76.5%  lr=2.35e-05     9s
2026-03-18 14:35:48,343 [INFO]   ★ best 76.46%
2026-03-18 14:35:56,942 [INFO]   S2 Ep  30/80  loss=1.3777 acc=58.6%  val=77.2%  lr=2.30e-05     9s
2026-03-18 14:35:57,065 [INFO]   ★ best 77.17%
2026-03-18 14:36:05,610 [INFO]   S2 Ep  31/80  loss=1.3132 acc=61.5%  val=76.4%  lr=2.25e-05     9s
2026-03-18 14:36:14,206 [INFO]   S2 Ep  32/80  loss=1.3261 acc=60.7%  val=76.2%  lr=2.19e-05     9s
2026-03-18 14:36:23,045 [INFO]   S2 Ep  33/80  loss=1.3819 acc=58.1%  val=77.4%  lr=2.13e-05     9s
2026-03-18 14:36:23,172 [INFO]   ★ best 77.41%
2026-03-18 14:36:31,917 [INFO]   S2 Ep  34/80  loss=1.3208 acc=61.0%  val=75.8%  lr=2.07e-05     9s
2026-03-18 14:36:40,668 [INFO]   S2 Ep  35/80  loss=1.3272 acc=60.7%  val=77.7%  lr=2.01e-05     9s
2026-03-18 14:36:40,796 [INFO]   ★ best 77.75%
2026-03-18 14:36:49,669 [INFO]   S2 Ep  36/80  loss=1.3318 acc=60.1%  val=77.3%  lr=1.95e-05     9s
2026-03-18 14:36:58,249 [INFO]   S2 Ep  37/80  loss=1.2905 acc=62.6%  val=77.8%  lr=1.89e-05     9s
2026-03-18 14:36:58,370 [INFO]   ★ best 77.85%
2026-03-18 14:37:07,052 [INFO]   S2 Ep  38/80  loss=1.2912 acc=62.3%  val=76.9%  lr=1.83e-05     9s
2026-03-18 14:37:15,644 [INFO]   S2 Ep  39/80  loss=1.3144 acc=61.5%  val=77.4%  lr=1.77e-05     9s
2026-03-18 14:37:24,214 [INFO]   S2 Ep  40/80  loss=1.3226 acc=61.5%  val=77.7%  lr=1.70e-05     9s
2026-03-18 14:37:32,748 [INFO]   S2 Ep  41/80  loss=1.3378 acc=60.8%  val=76.8%  lr=1.64e-05     9s
2026-03-18 14:37:41,293 [INFO]   S2 Ep  42/80  loss=1.3819 acc=58.1%  val=78.0%  lr=1.58e-05     9s
2026-03-18 14:37:41,422 [INFO]   ★ best 77.99%
2026-03-18 14:37:49,982 [INFO]   S2 Ep  43/80  loss=1.2425 acc=64.0%  val=78.2%  lr=1.51e-05     9s
2026-03-18 14:37:50,105 [INFO]   ★ best 78.19%
2026-03-18 14:37:58,820 [INFO]   S2 Ep  44/80  loss=1.3181 acc=61.3%  val=77.4%  lr=1.45e-05     9s
2026-03-18 14:38:07,364 [INFO]   S2 Ep  45/80  loss=1.2553 acc=64.5%  val=78.5%  lr=1.38e-05     9s
2026-03-18 14:38:07,487 [INFO]   ★ best 78.46%
2026-03-18 14:38:16,041 [INFO]   S2 Ep  46/80  loss=1.2900 acc=62.4%  val=78.5%  lr=1.32e-05     9s
2026-03-18 14:38:16,169 [INFO]   ★ best 78.49%
2026-03-18 14:38:24,709 [INFO]   S2 Ep  47/80  loss=1.2842 acc=63.0%  val=78.8%  lr=1.26e-05     9s
2026-03-18 14:38:24,829 [INFO]   ★ best 78.83%
2026-03-18 14:38:33,358 [INFO]   S2 Ep  48/80  loss=1.1884 acc=66.9%  val=78.4%  lr=1.19e-05     9s
2026-03-18 14:38:41,915 [INFO]   S2 Ep  49/80  loss=1.2949 acc=61.7%  val=78.2%  lr=1.13e-05     9s
2026-03-18 14:38:50,473 [INFO]   S2 Ep  50/80  loss=1.3011 acc=61.8%  val=78.6%  lr=1.07e-05     9s
2026-03-18 14:38:59,165 [INFO]   S2 Ep  51/80  loss=1.2457 acc=64.7%  val=78.3%  lr=1.01e-05     9s
2026-03-18 14:39:07,802 [INFO]   S2 Ep  52/80  loss=1.2624 acc=63.9%  val=78.8%  lr=9.49e-06     9s
2026-03-18 14:39:16,343 [INFO]   S2 Ep  53/80  loss=1.2639 acc=63.8%  val=78.5%  lr=8.90e-06     9s
2026-03-18 14:39:24,867 [INFO]   S2 Ep  54/80  loss=1.2730 acc=62.9%  val=78.6%  lr=8.33e-06     9s
2026-03-18 14:39:33,399 [INFO]   S2 Ep  55/80  loss=1.2149 acc=65.7%  val=78.5%  lr=7.76e-06     9s
2026-03-18 14:39:41,940 [INFO]   S2 Ep  56/80  loss=1.2958 acc=62.9%  val=78.7%  lr=7.20e-06     9s
2026-03-18 14:39:50,591 [INFO]   S2 Ep  57/80  loss=1.2439 acc=64.4%  val=78.5%  lr=6.66e-06     9s
2026-03-18 14:39:59,382 [INFO]   S2 Ep  58/80  loss=1.2412 acc=64.9%  val=78.9%  lr=6.14e-06     9s
2026-03-18 14:39:59,511 [INFO]   ★ best 78.90%
2026-03-18 14:40:08,091 [INFO]   S2 Ep  59/80  loss=1.2751 acc=62.7%  val=78.8%  lr=5.63e-06     9s
2026-03-18 14:40:16,724 [INFO]   S2 Ep  60/80  loss=1.2871 acc=62.8%  val=78.7%  lr=5.14e-06     9s
2026-03-18 14:40:25,316 [INFO]   S2 Ep  61/80  loss=1.2360 acc=65.6%  val=78.3%  lr=4.67e-06     9s
2026-03-18 14:40:33,877 [INFO]   S2 Ep  62/80  loss=1.1954 acc=66.8%  val=78.7%  lr=4.21e-06     9s
2026-03-18 14:40:42,415 [INFO]   S2 Ep  63/80  loss=1.2125 acc=66.4%  val=78.7%  lr=3.78e-06     9s
2026-03-18 14:40:51,017 [INFO]   S2 Ep  64/80  loss=1.2116 acc=66.5%  val=78.5%  lr=3.36e-06     9s
2026-03-18 14:40:59,730 [INFO]   S2 Ep  65/80  loss=1.1880 acc=67.5%  val=78.5%  lr=2.97e-06     9s
2026-03-18 14:41:08,534 [INFO]   S2 Ep  66/80  loss=1.2781 acc=62.5%  val=79.1%  lr=2.60e-06     9s
2026-03-18 14:41:08,668 [INFO]   ★ best 79.07%
2026-03-18 14:41:17,383 [INFO]   S2 Ep  67/80  loss=1.2023 acc=67.3%  val=78.8%  lr=2.25e-06     9s
2026-03-18 14:41:26,160 [INFO]   S2 Ep  68/80  loss=1.2521 acc=64.2%  val=79.0%  lr=1.92e-06     9s
2026-03-18 14:41:34,710 [INFO]   S2 Ep  69/80  loss=1.2598 acc=65.2%  val=78.8%  lr=1.62e-06     9s
2026-03-18 14:41:43,289 [INFO]   S2 Ep  70/80  loss=1.2015 acc=66.7%  val=79.0%  lr=1.35e-06     9s
2026-03-18 14:41:51,875 [INFO]   S2 Ep  71/80  loss=1.2304 acc=65.8%  val=78.9%  lr=1.09e-06     9s
2026-03-18 14:42:00,447 [INFO]   S2 Ep  72/80  loss=1.2449 acc=65.2%  val=78.8%  lr=8.66e-07     9s
2026-03-18 14:42:08,995 [INFO]   S2 Ep  73/80  loss=1.2040 acc=66.8%  val=79.0%  lr=6.65e-07     9s
2026-03-18 14:42:17,601 [INFO]   S2 Ep  74/80  loss=1.2884 acc=63.0%  val=78.7%  lr=4.90e-07     9s
2026-03-18 14:42:26,157 [INFO]   S2 Ep  75/80  loss=1.2342 acc=65.0%  val=78.8%  lr=3.41e-07     9s
2026-03-18 14:42:34,808 [INFO]   S2 Ep  76/80  loss=1.2713 acc=63.2%  val=78.9%  lr=2.19e-07     9s
2026-03-18 14:42:43,336 [INFO]   S2 Ep  77/80  loss=1.2409 acc=65.5%  val=78.9%  lr=1.24e-07     9s
2026-03-18 14:42:52,053 [INFO]   S2 Ep  78/80  loss=1.1829 acc=66.9%  val=78.9%  lr=5.55e-08     9s
2026-03-18 14:43:00,659 [INFO]   S2 Ep  79/80  loss=1.2459 acc=64.6%  val=78.8%  lr=1.47e-08     9s
2026-03-18 14:43:09,247 [INFO]   S2 Ep  80/80  loss=1.2412 acc=65.0%  val=78.8%  lr=1.20e-09     9s
2026-03-18 14:43:09,248 [INFO] ── Stage 3: SWA (15 ep, lr=3.0e-06) ──
2026-03-18 14:43:17,903 [INFO]   SWA Ep  1/15  loss=1.3188  swa_val=78.8%  9s
2026-03-18 14:43:26,478 [INFO]   SWA Ep  2/15  loss=1.2734  swa_val=78.7%  9s
2026-03-18 14:43:35,048 [INFO]   SWA Ep  3/15  loss=1.2849  swa_val=78.7%  9s
2026-03-18 14:43:43,696 [INFO]   SWA Ep  4/15  loss=1.2267  swa_val=78.8%  9s
2026-03-18 14:43:52,237 [INFO]   SWA Ep  5/15  loss=1.3032  swa_val=78.9%  9s
2026-03-18 14:44:01,209 [INFO]   SWA Ep  6/15  loss=1.1860  swa_val=78.9%  9s
2026-03-18 14:44:09,876 [INFO]   SWA Ep  7/15  loss=1.2411  swa_val=78.9%  9s
2026-03-18 14:44:18,427 [INFO]   SWA Ep  8/15  loss=1.1999  swa_val=78.9%  9s
2026-03-18 14:44:27,072 [INFO]   SWA Ep  9/15  loss=1.2083  swa_val=78.9%  9s
2026-03-18 14:44:35,756 [INFO]   SWA Ep 10/15  loss=1.2666  swa_val=79.0%  9s
2026-03-18 14:44:44,373 [INFO]   SWA Ep 11/15  loss=1.2091  swa_val=79.1%  9s
2026-03-18 14:44:53,129 [INFO]   SWA Ep 12/15  loss=1.2292  swa_val=79.2%  9s
2026-03-18 14:45:01,760 [INFO]   SWA Ep 13/15  loss=1.1916  swa_val=79.2%  9s
2026-03-18 14:45:10,360 [INFO]   SWA Ep 14/15  loss=1.2298  swa_val=79.3%  9s
2026-03-18 14:45:18,937 [INFO]   SWA Ep 15/15  loss=1.2163  swa_val=79.2%  9s
2026-03-18 14:45:18,937 [INFO]   Updating BN stats for SWA model …
2026-03-18 14:45:19,393 [INFO]   SWA final: 79.24% (regular best: 79.07%)
2026-03-18 14:45:19,527 [INFO]   ★ SWA beats regular! 79.24%
2026-03-18 14:45:19,527 [INFO]   Fold 3 best: 79.24%
2026-03-18 14:45:20,971 [INFO] ================================================================
2026-03-18 14:45:20,971 [INFO] FOLD 4 / 5
2026-03-18 14:45:20,971 [INFO] ================================================================
2026-03-18 14:45:20,974 [INFO]   Train: 11794 | Val: 2948
2026-03-18 14:45:21,182 [INFO] Loading pretrained weights from Hugging Face hub (timm/caformer_s18.sail_in22k_ft_in1k)
2026-03-18 14:45:21,388 [INFO] HTTP Request: HEAD https://huggingface.co/timm/caformer_s18.sail_in22k_ft_in1k/resolve/main/model.safetensors "HTTP/1.1 302 Found"
2026-03-18 14:45:21,390 [INFO] [timm/caformer_s18.sail_in22k_ft_in1k] Safe alternative available for 'pytorch_model.bin' (as 'model.safetensors'). Loading weights using safetensors.
2026-03-18 14:45:21,404 [INFO] Missing keys (head.fc.fc2.weight, head.fc.fc2.bias) discovered while loading pretrained weights. This is expected if model is being adapted.
2026-03-18 14:45:21,491 [INFO]   Born-again ← best_fold3.pt (val 89.28%)
2026-03-18 14:45:21,492 [INFO] ── Stage 1: head warmup (5 ep) ──
2026-03-18 14:45:28,839 [INFO]   S1 Ep 1/5  loss=2.8436 acc=3.0%  val=4.8%  7s
2026-03-18 14:45:28,934 [INFO]   ★ best 4.82%
2026-03-18 14:45:34,134 [INFO]   S1 Ep 2/5  loss=2.6306 acc=4.1%  val=6.4%  5s
2026-03-18 14:45:34,256 [INFO]   ★ best 6.41%
2026-03-18 14:45:39,375 [INFO]   S1 Ep 3/5  loss=2.5733 acc=5.8%  val=8.1%  5s
2026-03-18 14:45:39,498 [INFO]   ★ best 8.11%
2026-03-18 14:45:44,539 [INFO]   S1 Ep 4/5  loss=2.5436 acc=6.3%  val=9.3%  5s
2026-03-18 14:45:44,662 [INFO]   ★ best 9.33%
2026-03-18 14:45:49,569 [INFO]   S1 Ep 5/5  loss=2.5345 acc=6.4%  val=9.7%  5s
2026-03-18 14:45:49,687 [INFO]   ★ best 9.67%
2026-03-18 14:45:49,687 [INFO] ── Stage 2: full fine-tune (80 ep, patience 30) ──
2026-03-18 14:45:49,688 [INFO] LLRD: 10 groups, LR [1.57e-05 … 3.00e-05]
2026-03-18 14:45:58,401 [INFO]   S2 Ep   1/80  loss=2.6010 acc=5.9%  val=11.4%  lr=2.90e-06     9s
2026-03-18 14:45:58,526 [INFO]   ★ best 11.36%
2026-03-18 14:46:07,165 [INFO]   S2 Ep   2/80  loss=2.5126 acc=8.8%  val=19.4%  lr=7.61e-06     9s
2026-03-18 14:46:07,293 [INFO]   ★ best 19.40%
2026-03-18 14:46:15,950 [INFO]   S2 Ep   3/80  loss=2.3635 acc=14.9%  val=35.7%  lr=1.42e-05     9s
2026-03-18 14:46:16,074 [INFO]   ★ best 35.65%
2026-03-18 14:46:24,756 [INFO]   S2 Ep   4/80  loss=2.1947 acc=22.3%  val=48.0%  lr=2.11e-05     9s
2026-03-18 14:46:24,884 [INFO]   ★ best 48.00%
2026-03-18 14:46:33,627 [INFO]   S2 Ep   5/80  loss=2.0502 acc=28.5%  val=57.0%  lr=2.68e-05     9s
2026-03-18 14:46:33,770 [INFO]   ★ best 57.02%
2026-03-18 14:46:42,538 [INFO]   S2 Ep   6/80  loss=1.8947 acc=34.7%  val=60.6%  lr=2.97e-05     9s
2026-03-18 14:46:42,663 [INFO]   ★ best 60.58%
2026-03-18 14:46:51,284 [INFO]   S2 Ep   7/80  loss=1.7966 acc=39.2%  val=64.2%  lr=3.00e-05     9s
2026-03-18 14:46:51,405 [INFO]   ★ best 64.25%
2026-03-18 14:47:00,025 [INFO]   S2 Ep   8/80  loss=1.7662 acc=40.3%  val=66.4%  lr=3.00e-05     9s
2026-03-18 14:47:00,150 [INFO]   ★ best 66.42%
2026-03-18 14:47:08,915 [INFO]   S2 Ep   9/80  loss=1.7321 acc=42.1%  val=68.1%  lr=2.99e-05     9s
2026-03-18 14:47:09,036 [INFO]   ★ best 68.15%
2026-03-18 14:47:17,769 [INFO]   S2 Ep  10/80  loss=1.6964 acc=43.8%  val=68.1%  lr=2.98e-05     9s
2026-03-18 14:47:26,355 [INFO]   S2 Ep  11/80  loss=1.6985 acc=44.1%  val=68.7%  lr=2.97e-05     9s
2026-03-18 14:47:26,477 [INFO]   ★ best 68.72%
2026-03-18 14:47:35,049 [INFO]   S2 Ep  12/80  loss=1.6459 acc=45.9%  val=69.5%  lr=2.96e-05     9s
2026-03-18 14:47:35,163 [INFO]   ★ best 69.47%
2026-03-18 14:47:43,712 [INFO]   S2 Ep  13/80  loss=1.6186 acc=47.2%  val=71.3%  lr=2.94e-05     9s
2026-03-18 14:47:43,838 [INFO]   ★ best 71.27%
2026-03-18 14:47:52,589 [INFO]   S2 Ep  14/80  loss=1.5581 acc=49.7%  val=72.2%  lr=2.92e-05     9s
2026-03-18 14:47:52,719 [INFO]   ★ best 72.18%
2026-03-18 14:48:01,403 [INFO]   S2 Ep  15/80  loss=1.5344 acc=50.9%  val=72.7%  lr=2.90e-05     9s
2026-03-18 14:48:01,524 [INFO]   ★ best 72.66%
2026-03-18 14:48:10,180 [INFO]   S2 Ep  16/80  loss=1.6011 acc=47.8%  val=72.9%  lr=2.88e-05     9s
2026-03-18 14:48:10,315 [INFO]   ★ best 72.86%
2026-03-18 14:48:19,127 [INFO]   S2 Ep  17/80  loss=1.5541 acc=50.3%  val=73.3%  lr=2.85e-05     9s
2026-03-18 14:48:19,251 [INFO]   ★ best 73.30%
2026-03-18 14:48:27,798 [INFO]   S2 Ep  18/80  loss=1.5057 acc=52.7%  val=73.1%  lr=2.82e-05     9s
2026-03-18 14:48:36,351 [INFO]   S2 Ep  19/80  loss=1.5777 acc=49.8%  val=73.4%  lr=2.79e-05     9s
2026-03-18 14:48:36,484 [INFO]   ★ best 73.41%
2026-03-18 14:48:45,127 [INFO]   S2 Ep  20/80  loss=1.5069 acc=52.3%  val=73.1%  lr=2.75e-05     9s
2026-03-18 14:48:53,852 [INFO]   S2 Ep  21/80  loss=1.4629 acc=54.5%  val=74.9%  lr=2.72e-05     9s
2026-03-18 14:48:53,980 [INFO]   ★ best 74.93%
2026-03-18 14:49:02,588 [INFO]   S2 Ep  22/80  loss=1.4554 acc=54.6%  val=73.9%  lr=2.68e-05     9s
2026-03-18 14:49:11,206 [INFO]   S2 Ep  23/80  loss=1.4388 acc=55.3%  val=74.4%  lr=2.64e-05     9s
2026-03-18 14:49:19,952 [INFO]   S2 Ep  24/80  loss=1.4041 acc=56.9%  val=74.5%  lr=2.60e-05     9s
2026-03-18 14:49:28,557 [INFO]   S2 Ep  25/80  loss=1.4532 acc=55.0%  val=75.1%  lr=2.55e-05     9s
2026-03-18 14:49:28,682 [INFO]   ★ best 75.14%
2026-03-18 14:49:37,430 [INFO]   S2 Ep  26/80  loss=1.4780 acc=53.4%  val=74.4%  lr=2.50e-05     9s
2026-03-18 14:49:46,262 [INFO]   S2 Ep  27/80  loss=1.4346 acc=56.4%  val=75.1%  lr=2.46e-05     9s
2026-03-18 14:49:55,224 [INFO]   S2 Ep  28/80  loss=1.3367 acc=60.3%  val=75.7%  lr=2.41e-05     9s
2026-03-18 14:49:55,352 [INFO]   ★ best 75.68%
2026-03-18 14:50:04,014 [INFO]   S2 Ep  29/80  loss=1.4000 acc=58.0%  val=75.4%  lr=2.35e-05     9s
2026-03-18 14:50:12,897 [INFO]   S2 Ep  30/80  loss=1.3826 acc=57.7%  val=75.3%  lr=2.30e-05     9s
2026-03-18 14:50:21,809 [INFO]   S2 Ep  31/80  loss=1.4062 acc=57.3%  val=76.5%  lr=2.25e-05     9s
2026-03-18 14:50:21,938 [INFO]   ★ best 76.49%
2026-03-18 14:50:30,892 [INFO]   S2 Ep  32/80  loss=1.3308 acc=61.0%  val=76.4%  lr=2.19e-05     9s
2026-03-18 14:50:39,448 [INFO]   S2 Ep  33/80  loss=1.3831 acc=58.2%  val=75.7%  lr=2.13e-05     9s
2026-03-18 14:50:48,179 [INFO]   S2 Ep  34/80  loss=1.4071 acc=57.7%  val=76.3%  lr=2.07e-05     9s
2026-03-18 14:50:56,937 [INFO]   S2 Ep  35/80  loss=1.3697 acc=59.4%  val=76.1%  lr=2.01e-05     9s
2026-03-18 14:51:05,585 [INFO]   S2 Ep  36/80  loss=1.4323 acc=56.2%  val=75.9%  lr=1.95e-05     9s
2026-03-18 14:51:14,185 [INFO]   S2 Ep  37/80  loss=1.3720 acc=59.0%  val=76.1%  lr=1.89e-05     9s
2026-03-18 14:51:22,963 [INFO]   S2 Ep  38/80  loss=1.3423 acc=59.7%  val=76.5%  lr=1.83e-05     9s
2026-03-18 14:51:23,090 [INFO]   ★ best 76.53%
2026-03-18 14:51:32,189 [INFO]   S2 Ep  39/80  loss=1.3759 acc=58.6%  val=76.3%  lr=1.77e-05     9s
2026-03-18 14:51:40,988 [INFO]   S2 Ep  40/80  loss=1.3734 acc=59.1%  val=76.2%  lr=1.70e-05     9s
2026-03-18 14:51:49,601 [INFO]   S2 Ep  41/80  loss=1.3297 acc=60.7%  val=76.5%  lr=1.64e-05     9s
2026-03-18 14:51:58,263 [INFO]   S2 Ep  42/80  loss=1.2811 acc=63.5%  val=76.9%  lr=1.58e-05     9s
2026-03-18 14:51:58,389 [INFO]   ★ best 76.93%
2026-03-18 14:52:06,972 [INFO]   S2 Ep  43/80  loss=1.3612 acc=59.4%  val=76.7%  lr=1.51e-05     9s
2026-03-18 14:52:15,803 [INFO]   S2 Ep  44/80  loss=1.3752 acc=58.9%  val=76.9%  lr=1.45e-05     9s
2026-03-18 14:52:24,717 [INFO]   S2 Ep  45/80  loss=1.3185 acc=61.4%  val=76.6%  lr=1.38e-05     9s
2026-03-18 14:52:33,361 [INFO]   S2 Ep  46/80  loss=1.3277 acc=61.3%  val=77.1%  lr=1.32e-05     9s
2026-03-18 14:52:33,490 [INFO]   ★ best 77.10%
2026-03-18 14:52:42,106 [INFO]   S2 Ep  47/80  loss=1.3127 acc=62.0%  val=77.2%  lr=1.26e-05     9s
2026-03-18 14:52:42,229 [INFO]   ★ best 77.24%
2026-03-18 14:52:50,980 [INFO]   S2 Ep  48/80  loss=1.2842 acc=62.9%  val=77.4%  lr=1.19e-05     9s
2026-03-18 14:52:51,107 [INFO]   ★ best 77.41%
2026-03-18 14:53:00,039 [INFO]   S2 Ep  49/80  loss=1.3363 acc=60.8%  val=77.7%  lr=1.13e-05     9s
2026-03-18 14:53:00,165 [INFO]   ★ best 77.75%
2026-03-18 14:53:08,809 [INFO]   S2 Ep  50/80  loss=1.3245 acc=61.2%  val=77.1%  lr=1.07e-05     9s
2026-03-18 14:53:17,445 [INFO]   S2 Ep  51/80  loss=1.2743 acc=63.0%  val=77.5%  lr=1.01e-05     9s
2026-03-18 14:53:26,220 [INFO]   S2 Ep  52/80  loss=1.3009 acc=62.3%  val=77.5%  lr=9.49e-06     9s
2026-03-18 14:53:35,200 [INFO]   S2 Ep  53/80  loss=1.2978 acc=62.3%  val=77.6%  lr=8.90e-06     9s
2026-03-18 14:53:44,158 [INFO]   S2 Ep  54/80  loss=1.3332 acc=61.0%  val=77.7%  lr=8.33e-06     9s
2026-03-18 14:53:52,878 [INFO]   S2 Ep  55/80  loss=1.2837 acc=62.6%  val=77.4%  lr=7.76e-06     9s
2026-03-18 14:54:01,493 [INFO]   S2 Ep  56/80  loss=1.2782 acc=63.2%  val=77.6%  lr=7.20e-06     9s
2026-03-18 14:54:10,130 [INFO]   S2 Ep  57/80  loss=1.2858 acc=62.6%  val=77.6%  lr=6.66e-06     9s
2026-03-18 14:54:18,710 [INFO]   S2 Ep  58/80  loss=1.2530 acc=64.6%  val=77.2%  lr=6.14e-06     9s
2026-03-18 14:54:27,300 [INFO]   S2 Ep  59/80  loss=1.2985 acc=62.0%  val=77.6%  lr=5.63e-06     9s
2026-03-18 14:54:35,871 [INFO]   S2 Ep  60/80  loss=1.2427 acc=64.8%  val=77.4%  lr=5.14e-06     9s
2026-03-18 14:54:44,469 [INFO]   S2 Ep  61/80  loss=1.2867 acc=63.2%  val=77.4%  lr=4.67e-06     9s
2026-03-18 14:54:53,081 [INFO]   S2 Ep  62/80  loss=1.2561 acc=64.8%  val=77.7%  lr=4.21e-06     9s
2026-03-18 14:55:01,737 [INFO]   S2 Ep  63/80  loss=1.3619 acc=60.3%  val=77.3%  lr=3.78e-06     9s
2026-03-18 14:55:10,383 [INFO]   S2 Ep  64/80  loss=1.3000 acc=62.2%  val=77.9%  lr=3.36e-06     9s
2026-03-18 14:55:10,519 [INFO]   ★ best 77.92%
2026-03-18 14:55:19,096 [INFO]   S2 Ep  65/80  loss=1.2650 acc=63.9%  val=77.9%  lr=2.97e-06     9s
2026-03-18 14:55:27,661 [INFO]   S2 Ep  66/80  loss=1.2529 acc=64.3%  val=77.3%  lr=2.60e-06     9s
2026-03-18 14:55:36,363 [INFO]   S2 Ep  67/80  loss=1.2460 acc=65.0%  val=77.8%  lr=2.25e-06     9s
2026-03-18 14:55:45,083 [INFO]   S2 Ep  68/80  loss=1.2468 acc=64.6%  val=77.7%  lr=1.92e-06     9s
2026-03-18 14:55:53,580 [INFO]   S2 Ep  69/80  loss=1.2460 acc=64.9%  val=77.8%  lr=1.62e-06     8s
2026-03-18 14:56:02,173 [INFO]   S2 Ep  70/80  loss=1.2681 acc=64.0%  val=77.7%  lr=1.35e-06     9s
2026-03-18 14:56:10,860 [INFO]   S2 Ep  71/80  loss=1.2621 acc=64.4%  val=77.7%  lr=1.09e-06     9s
2026-03-18 14:56:19,445 [INFO]   S2 Ep  72/80  loss=1.2493 acc=64.8%  val=77.5%  lr=8.66e-07     9s
2026-03-18 14:56:28,005 [INFO]   S2 Ep  73/80  loss=1.2579 acc=64.0%  val=77.8%  lr=6.65e-07     9s
2026-03-18 14:56:36,610 [INFO]   S2 Ep  74/80  loss=1.3333 acc=60.9%  val=77.7%  lr=4.90e-07     9s
2026-03-18 14:56:45,217 [INFO]   S2 Ep  75/80  loss=1.2263 acc=65.7%  val=77.7%  lr=3.41e-07     9s
2026-03-18 14:56:54,013 [INFO]   S2 Ep  76/80  loss=1.2902 acc=63.0%  val=77.7%  lr=2.19e-07     9s
2026-03-18 14:57:02,579 [INFO]   S2 Ep  77/80  loss=1.2532 acc=64.3%  val=77.8%  lr=1.24e-07     9s
2026-03-18 14:57:11,169 [INFO]   S2 Ep  78/80  loss=1.2765 acc=63.6%  val=77.7%  lr=5.55e-08     9s
2026-03-18 14:57:20,126 [INFO]   S2 Ep  79/80  loss=1.2682 acc=64.2%  val=77.7%  lr=1.47e-08     9s
2026-03-18 14:57:28,964 [INFO]   S2 Ep  80/80  loss=1.2933 acc=62.3%  val=77.7%  lr=1.20e-09     9s
2026-03-18 14:57:28,965 [INFO] ── Stage 3: SWA (15 ep, lr=3.0e-06) ──
2026-03-18 14:57:37,682 [INFO]   SWA Ep  1/15  loss=1.2772  swa_val=77.5%  9s
2026-03-18 14:57:46,271 [INFO]   SWA Ep  2/15  loss=1.3001  swa_val=77.6%  9s
2026-03-18 14:57:54,924 [INFO]   SWA Ep  3/15  loss=1.2822  swa_val=77.8%  9s
2026-03-18 14:58:03,699 [INFO]   SWA Ep  4/15  loss=1.2406  swa_val=78.0%  9s
2026-03-18 14:58:12,532 [INFO]   SWA Ep  5/15  loss=1.3167  swa_val=77.9%  9s
2026-03-18 14:58:21,262 [INFO]   SWA Ep  6/15  loss=1.2751  swa_val=77.9%  9s
2026-03-18 14:58:29,969 [INFO]   SWA Ep  7/15  loss=1.3283  swa_val=78.0%  9s
2026-03-18 14:58:38,735 [INFO]   SWA Ep  8/15  loss=1.2599  swa_val=78.0%  9s
2026-03-18 14:58:47,372 [INFO]   SWA Ep  9/15  loss=1.3136  swa_val=78.0%  9s
2026-03-18 14:58:55,937 [INFO]   SWA Ep 10/15  loss=1.2329  swa_val=78.0%  9s
2026-03-18 14:59:04,515 [INFO]   SWA Ep 11/15  loss=1.2608  swa_val=78.0%  9s
2026-03-18 14:59:13,087 [INFO]   SWA Ep 12/15  loss=1.2673  swa_val=77.8%  9s
2026-03-18 14:59:21,702 [INFO]   SWA Ep 13/15  loss=1.3007  swa_val=77.9%  9s
2026-03-18 14:59:30,320 [INFO]   SWA Ep 14/15  loss=1.2254  swa_val=78.0%  9s
2026-03-18 14:59:38,940 [INFO]   SWA Ep 15/15  loss=1.3008  swa_val=78.1%  9s
2026-03-18 14:59:38,940 [INFO]   Updating BN stats for SWA model …
2026-03-18 14:59:39,377 [INFO]   SWA final: 78.05% (regular best: 77.92%)
2026-03-18 14:59:39,508 [INFO]   ★ SWA beats regular! 78.05%
2026-03-18 14:59:39,509 [INFO]   Fold 4 best: 78.05%
2026-03-18 14:59:40,801 [INFO] ================================================================
2026-03-18 14:59:40,801 [INFO] FOLD 5 / 5
2026-03-18 14:59:40,801 [INFO] ================================================================
2026-03-18 14:59:40,803 [INFO]   Train: 11794 | Val: 2948
2026-03-18 14:59:41,012 [INFO] Loading pretrained weights from Hugging Face hub (timm/caformer_s18.sail_in22k_ft_in1k)
2026-03-18 14:59:41,324 [INFO] HTTP Request: HEAD https://huggingface.co/timm/caformer_s18.sail_in22k_ft_in1k/resolve/main/model.safetensors "HTTP/1.1 302 Found"
2026-03-18 14:59:41,325 [INFO] [timm/caformer_s18.sail_in22k_ft_in1k] Safe alternative available for 'pytorch_model.bin' (as 'model.safetensors'). Loading weights using safetensors.
2026-03-18 14:59:41,343 [INFO] Missing keys (head.fc.fc2.weight, head.fc.fc2.bias) discovered while loading pretrained weights. This is expected if model is being adapted.
2026-03-18 14:59:41,448 [INFO]   Born-again ← best_fold4.pt (val 89.99%)
2026-03-18 14:59:41,448 [INFO] ── Stage 1: head warmup (5 ep) ──
2026-03-18 14:59:48,496 [INFO]   S1 Ep 1/5  loss=2.8051 acc=3.3%  val=4.2%  7s
2026-03-18 14:59:48,599 [INFO]   ★ best 4.24%
2026-03-18 14:59:53,339 [INFO]   S1 Ep 2/5  loss=2.6252 acc=4.1%  val=5.6%  5s
2026-03-18 14:59:53,463 [INFO]   ★ best 5.60%
2026-03-18 14:59:58,101 [INFO]   S1 Ep 3/5  loss=2.5760 acc=5.3%  val=6.1%  5s
2026-03-18 14:59:58,220 [INFO]   ★ best 6.07%
2026-03-18 15:00:02,899 [INFO]   S1 Ep 4/5  loss=2.5523 acc=6.2%  val=7.3%  5s
2026-03-18 15:00:03,028 [INFO]   ★ best 7.26%
2026-03-18 15:00:07,556 [INFO]   S1 Ep 5/5  loss=2.5385 acc=6.7%  val=7.0%  5s
2026-03-18 15:00:07,556 [INFO] ── Stage 2: full fine-tune (80 ep, patience 30) ──
2026-03-18 15:00:07,558 [INFO] LLRD: 10 groups, LR [1.57e-05 … 3.00e-05]
2026-03-18 15:00:16,140 [INFO]   S2 Ep   1/80  loss=2.5939 acc=5.7%  val=11.9%  lr=2.90e-06     9s
2026-03-18 15:00:16,262 [INFO]   ★ best 11.94%
2026-03-18 15:00:24,856 [INFO]   S2 Ep   2/80  loss=2.5259 acc=8.4%  val=19.8%  lr=7.61e-06     9s
2026-03-18 15:00:24,980 [INFO]   ★ best 19.84%
2026-03-18 15:00:33,555 [INFO]   S2 Ep   3/80  loss=2.3594 acc=15.1%  val=34.7%  lr=1.42e-05     9s
2026-03-18 15:00:33,680 [INFO]   ★ best 34.70%
2026-03-18 15:00:42,368 [INFO]   S2 Ep   4/80  loss=2.1739 acc=22.8%  val=46.9%  lr=2.11e-05     9s
2026-03-18 15:00:42,496 [INFO]   ★ best 46.88%
2026-03-18 15:00:51,403 [INFO]   S2 Ep   5/80  loss=1.9753 acc=31.0%  val=55.3%  lr=2.68e-05     9s
2026-03-18 15:00:51,529 [INFO]   ★ best 55.33%
2026-03-18 15:01:00,416 [INFO]   S2 Ep   6/80  loss=1.8941 acc=34.7%  val=59.7%  lr=2.97e-05     9s
2026-03-18 15:01:00,540 [INFO]   ★ best 59.67%
2026-03-18 15:01:09,185 [INFO]   S2 Ep   7/80  loss=1.8454 acc=37.1%  val=64.3%  lr=3.00e-05     9s
2026-03-18 15:01:09,310 [INFO]   ★ best 64.35%
2026-03-18 15:01:17,923 [INFO]   S2 Ep   8/80  loss=1.7530 acc=41.5%  val=67.5%  lr=3.00e-05     9s
2026-03-18 15:01:18,047 [INFO]   ★ best 67.47%
2026-03-18 15:01:26,655 [INFO]   S2 Ep   9/80  loss=1.6899 acc=43.9%  val=68.7%  lr=2.99e-05     9s
2026-03-18 15:01:26,777 [INFO]   ★ best 68.72%
2026-03-18 15:01:35,429 [INFO]   S2 Ep  10/80  loss=1.6483 acc=45.6%  val=69.7%  lr=2.98e-05     9s
2026-03-18 15:01:35,552 [INFO]   ★ best 69.71%
2026-03-18 15:01:44,127 [INFO]   S2 Ep  11/80  loss=1.5826 acc=48.7%  val=71.0%  lr=2.97e-05     9s
2026-03-18 15:01:44,252 [INFO]   ★ best 71.00%
2026-03-18 15:01:52,960 [INFO]   S2 Ep  12/80  loss=1.5693 acc=49.4%  val=71.8%  lr=2.96e-05     9s
2026-03-18 15:01:53,088 [INFO]   ★ best 71.78%
2026-03-18 15:02:01,847 [INFO]   S2 Ep  13/80  loss=1.5683 acc=49.3%  val=72.2%  lr=2.94e-05     9s
2026-03-18 15:02:01,968 [INFO]   ★ best 72.22%
2026-03-18 15:02:10,605 [INFO]   S2 Ep  14/80  loss=1.5349 acc=50.7%  val=72.5%  lr=2.92e-05     9s
2026-03-18 15:02:10,732 [INFO]   ★ best 72.49%
2026-03-18 15:02:19,314 [INFO]   S2 Ep  15/80  loss=1.4796 acc=53.1%  val=72.4%  lr=2.90e-05     9s
2026-03-18 15:02:27,952 [INFO]   S2 Ep  16/80  loss=1.4985 acc=52.7%  val=73.1%  lr=2.88e-05     9s
2026-03-18 15:02:28,070 [INFO]   ★ best 73.10%
2026-03-18 15:02:36,640 [INFO]   S2 Ep  17/80  loss=1.5153 acc=52.2%  val=73.4%  lr=2.85e-05     9s
2026-03-18 15:02:36,764 [INFO]   ★ best 73.44%
2026-03-18 15:02:45,354 [INFO]   S2 Ep  18/80  loss=1.4982 acc=52.8%  val=72.9%  lr=2.82e-05     9s
2026-03-18 15:02:53,933 [INFO]   S2 Ep  19/80  loss=1.4369 acc=55.5%  val=74.3%  lr=2.79e-05     9s
2026-03-18 15:02:54,074 [INFO]   ★ best 74.32%
2026-03-18 15:03:02,860 [INFO]   S2 Ep  20/80  loss=1.4650 acc=54.0%  val=73.7%  lr=2.75e-05     9s
2026-03-18 15:03:11,845 [INFO]   S2 Ep  21/80  loss=1.4918 acc=53.1%  val=75.4%  lr=2.72e-05     9s
2026-03-18 15:03:11,968 [INFO]   ★ best 75.41%
2026-03-18 15:03:20,680 [INFO]   S2 Ep  22/80  loss=1.4813 acc=54.1%  val=75.0%  lr=2.68e-05     9s
2026-03-18 15:03:29,265 [INFO]   S2 Ep  23/80  loss=1.3700 acc=58.1%  val=75.0%  lr=2.64e-05     9s
2026-03-18 15:03:37,872 [INFO]   S2 Ep  24/80  loss=1.4105 acc=56.9%  val=75.1%  lr=2.60e-05     9s
2026-03-18 15:03:46,453 [INFO]   S2 Ep  25/80  loss=1.4139 acc=56.3%  val=75.0%  lr=2.55e-05     9s
2026-03-18 15:03:55,045 [INFO]   S2 Ep  26/80  loss=1.4148 acc=56.6%  val=74.6%  lr=2.50e-05     9s
2026-03-18 15:04:03,724 [INFO]   S2 Ep  27/80  loss=1.4088 acc=56.3%  val=76.0%  lr=2.46e-05     9s
2026-03-18 15:04:03,848 [INFO]   ★ best 75.98%
2026-03-18 15:04:12,574 [INFO]   S2 Ep  28/80  loss=1.4101 acc=56.8%  val=75.6%  lr=2.41e-05     9s
2026-03-18 15:04:21,420 [INFO]   S2 Ep  29/80  loss=1.3928 acc=57.6%  val=76.1%  lr=2.35e-05     9s
2026-03-18 15:04:21,560 [INFO]   ★ best 76.09%
2026-03-18 15:04:30,319 [INFO]   S2 Ep  30/80  loss=1.3420 acc=59.7%  val=76.1%  lr=2.30e-05     9s
2026-03-18 15:04:30,442 [INFO]   ★ best 76.12%
2026-03-18 15:04:39,061 [INFO]   S2 Ep  31/80  loss=1.3191 acc=61.2%  val=76.4%  lr=2.25e-05     9s
2026-03-18 15:04:39,186 [INFO]   ★ best 76.36%
2026-03-18 15:04:47,886 [INFO]   S2 Ep  32/80  loss=1.3340 acc=60.7%  val=76.4%  lr=2.19e-05     9s
2026-03-18 15:04:48,018 [INFO]   ★ best 76.39%
2026-03-18 15:04:56,929 [INFO]   S2 Ep  33/80  loss=1.3203 acc=61.7%  val=76.5%  lr=2.13e-05     9s
2026-03-18 15:04:57,056 [INFO]   ★ best 76.46%
2026-03-18 15:05:05,895 [INFO]   S2 Ep  34/80  loss=1.3388 acc=60.2%  val=76.2%  lr=2.07e-05     9s
2026-03-18 15:05:14,781 [INFO]   S2 Ep  35/80  loss=1.3633 acc=59.3%  val=76.3%  lr=2.01e-05     9s
2026-03-18 15:05:23,813 [INFO]   S2 Ep  36/80  loss=1.2946 acc=62.8%  val=76.6%  lr=1.95e-05     9s
2026-03-18 15:05:23,938 [INFO]   ★ best 76.59%
2026-03-18 15:05:32,718 [INFO]   S2 Ep  37/80  loss=1.3325 acc=60.5%  val=77.0%  lr=1.89e-05     9s
2026-03-18 15:05:32,839 [INFO]   ★ best 77.00%
2026-03-18 15:05:41,442 [INFO]   S2 Ep  38/80  loss=1.3419 acc=60.4%  val=77.7%  lr=1.83e-05     9s
2026-03-18 15:05:41,568 [INFO]   ★ best 77.68%
2026-03-18 15:05:50,296 [INFO]   S2 Ep  39/80  loss=1.2771 acc=63.0%  val=76.2%  lr=1.77e-05     9s
2026-03-18 15:05:58,790 [INFO]   S2 Ep  40/80  loss=1.3047 acc=61.7%  val=77.2%  lr=1.70e-05     8s
2026-03-18 15:06:07,376 [INFO]   S2 Ep  41/80  loss=1.3278 acc=61.3%  val=77.1%  lr=1.64e-05     9s
2026-03-18 15:06:16,044 [INFO]   S2 Ep  42/80  loss=1.3184 acc=61.3%  val=77.0%  lr=1.58e-05     9s
2026-03-18 15:06:24,802 [INFO]   S2 Ep  43/80  loss=1.2814 acc=63.2%  val=77.2%  lr=1.51e-05     9s
2026-03-18 15:06:33,860 [INFO]   S2 Ep  44/80  loss=1.3468 acc=60.5%  val=77.3%  lr=1.45e-05     9s
2026-03-18 15:06:42,618 [INFO]   S2 Ep  45/80  loss=1.2618 acc=63.4%  val=77.3%  lr=1.38e-05     9s
2026-03-18 15:06:51,272 [INFO]   S2 Ep  46/80  loss=1.2955 acc=62.1%  val=76.7%  lr=1.32e-05     9s
2026-03-18 15:06:59,868 [INFO]   S2 Ep  47/80  loss=1.3245 acc=61.1%  val=77.2%  lr=1.26e-05     9s
2026-03-18 15:07:08,489 [INFO]   S2 Ep  48/80  loss=1.2907 acc=62.6%  val=77.1%  lr=1.19e-05     9s
2026-03-18 15:07:17,115 [INFO]   S2 Ep  49/80  loss=1.2958 acc=62.2%  val=76.8%  lr=1.13e-05     9s
2026-03-18 15:07:25,768 [INFO]   S2 Ep  50/80  loss=1.2512 acc=64.2%  val=76.6%  lr=1.07e-05     9s
2026-03-18 15:07:34,646 [INFO]   S2 Ep  51/80  loss=1.2639 acc=63.4%  val=77.3%  lr=1.01e-05     9s
2026-03-18 15:07:43,312 [INFO]   S2 Ep  52/80  loss=1.2569 acc=63.6%  val=77.3%  lr=9.49e-06     9s
2026-03-18 15:07:52,045 [INFO]   S2 Ep  53/80  loss=1.2817 acc=62.6%  val=78.1%  lr=8.90e-06     9s
2026-03-18 15:07:52,171 [INFO]   ★ best 78.05%
2026-03-18 15:08:00,940 [INFO]   S2 Ep  54/80  loss=1.2806 acc=62.7%  val=77.7%  lr=8.33e-06     9s
2026-03-18 15:08:09,756 [INFO]   S2 Ep  55/80  loss=1.2698 acc=64.0%  val=77.7%  lr=7.76e-06     9s
2026-03-18 15:08:18,600 [INFO]   S2 Ep  56/80  loss=1.2048 acc=66.3%  val=77.6%  lr=7.20e-06     9s
2026-03-18 15:08:27,228 [INFO]   S2 Ep  57/80  loss=1.2386 acc=65.0%  val=77.9%  lr=6.66e-06     9s
2026-03-18 15:08:35,935 [INFO]   S2 Ep  58/80  loss=1.2563 acc=63.3%  val=78.1%  lr=6.14e-06     9s
2026-03-18 15:08:36,070 [INFO]   ★ best 78.12%
2026-03-18 15:08:44,676 [INFO]   S2 Ep  59/80  loss=1.3283 acc=60.2%  val=78.4%  lr=5.63e-06     9s
2026-03-18 15:08:44,800 [INFO]   ★ best 78.36%
2026-03-18 15:08:53,376 [INFO]   S2 Ep  60/80  loss=1.2252 acc=65.2%  val=78.1%  lr=5.14e-06     9s
2026-03-18 15:09:02,045 [INFO]   S2 Ep  61/80  loss=1.2274 acc=64.9%  val=78.6%  lr=4.67e-06     9s
2026-03-18 15:09:02,171 [INFO]   ★ best 78.60%
2026-03-18 15:09:10,839 [INFO]   S2 Ep  62/80  loss=1.2262 acc=65.5%  val=78.4%  lr=4.21e-06     9s
2026-03-18 15:09:19,437 [INFO]   S2 Ep  63/80  loss=1.2153 acc=65.8%  val=78.5%  lr=3.78e-06     9s
2026-03-18 15:09:28,341 [INFO]   S2 Ep  64/80  loss=1.2023 acc=66.3%  val=78.4%  lr=3.36e-06     9s
2026-03-18 15:09:37,162 [INFO]   S2 Ep  65/80  loss=1.2152 acc=65.5%  val=78.3%  lr=2.97e-06     9s
2026-03-18 15:09:46,015 [INFO]   S2 Ep  66/80  loss=1.2248 acc=65.9%  val=78.4%  lr=2.60e-06     9s
2026-03-18 15:09:54,798 [INFO]   S2 Ep  67/80  loss=1.2114 acc=66.0%  val=78.6%  lr=2.25e-06     9s
2026-03-18 15:10:03,437 [INFO]   S2 Ep  68/80  loss=1.2448 acc=64.0%  val=78.5%  lr=1.92e-06     9s
2026-03-18 15:10:12,037 [INFO]   S2 Ep  69/80  loss=1.2956 acc=62.3%  val=78.8%  lr=1.62e-06     9s
2026-03-18 15:10:12,168 [INFO]   ★ best 78.77%
2026-03-18 15:10:20,814 [INFO]   S2 Ep  70/80  loss=1.2040 acc=66.4%  val=78.5%  lr=1.35e-06     9s
2026-03-18 15:10:29,471 [INFO]   S2 Ep  71/80  loss=1.2255 acc=65.9%  val=78.6%  lr=1.09e-06     9s
2026-03-18 15:10:38,114 [INFO]   S2 Ep  72/80  loss=1.2925 acc=62.7%  val=78.7%  lr=8.66e-07     9s
2026-03-18 15:10:46,682 [INFO]   S2 Ep  73/80  loss=1.2517 acc=64.2%  val=78.8%  lr=6.65e-07     9s
2026-03-18 15:10:55,365 [INFO]   S2 Ep  74/80  loss=1.2283 acc=65.6%  val=78.7%  lr=4.90e-07     9s
2026-03-18 15:11:04,011 [INFO]   S2 Ep  75/80  loss=1.2431 acc=65.4%  val=78.6%  lr=3.41e-07     9s
2026-03-18 15:11:12,612 [INFO]   S2 Ep  76/80  loss=1.2064 acc=65.9%  val=78.8%  lr=2.19e-07     9s
2026-03-18 15:11:21,164 [INFO]   S2 Ep  77/80  loss=1.2595 acc=64.3%  val=78.7%  lr=1.24e-07     9s
2026-03-18 15:11:29,785 [INFO]   S2 Ep  78/80  loss=1.2321 acc=65.1%  val=78.7%  lr=5.55e-08     9s
2026-03-18 15:11:38,389 [INFO]   S2 Ep  79/80  loss=1.2199 acc=65.5%  val=78.7%  lr=1.47e-08     9s
2026-03-18 15:11:47,312 [INFO]   S2 Ep  80/80  loss=1.2175 acc=66.3%  val=78.7%  lr=1.20e-09     9s
2026-03-18 15:11:47,312 [INFO] ── Stage 3: SWA (15 ep, lr=3.0e-06) ──
2026-03-18 15:11:56,138 [INFO]   SWA Ep  1/15  loss=1.2371  swa_val=78.6%  9s
2026-03-18 15:12:04,851 [INFO]   SWA Ep  2/15  loss=1.2284  swa_val=78.7%  9s
2026-03-18 15:12:13,423 [INFO]   SWA Ep  3/15  loss=1.2718  swa_val=78.6%  9s
2026-03-18 15:12:22,145 [INFO]   SWA Ep  4/15  loss=1.2577  swa_val=78.5%  9s
2026-03-18 15:12:30,754 [INFO]   SWA Ep  5/15  loss=1.2278  swa_val=78.5%  9s
2026-03-18 15:12:39,384 [INFO]   SWA Ep  6/15  loss=1.2050  swa_val=78.7%  9s
2026-03-18 15:12:48,319 [INFO]   SWA Ep  7/15  loss=1.1821  swa_val=78.5%  9s
2026-03-18 15:12:56,919 [INFO]   SWA Ep  8/15  loss=1.2830  swa_val=78.4%  9s
2026-03-18 15:13:05,511 [INFO]   SWA Ep  9/15  loss=1.2065  swa_val=78.5%  9s
2026-03-18 15:13:14,345 [INFO]   SWA Ep 10/15  loss=1.2032  swa_val=78.5%  9s
2026-03-18 15:13:22,918 [INFO]   SWA Ep 11/15  loss=1.2039  swa_val=78.3%  9s
2026-03-18 15:13:31,478 [INFO]   SWA Ep 12/15  loss=1.2003  swa_val=78.6%  9s
2026-03-18 15:13:40,075 [INFO]   SWA Ep 13/15  loss=1.2114  swa_val=78.5%  9s
2026-03-18 15:13:48,633 [INFO]   SWA Ep 14/15  loss=1.2119  swa_val=78.5%  9s
2026-03-18 15:13:57,216 [INFO]   SWA Ep 15/15  loss=1.2248  swa_val=78.5%  9s
2026-03-18 15:13:57,216 [INFO]   Updating BN stats for SWA model …
2026-03-18 15:13:57,668 [INFO]   SWA final: 78.49% (regular best: 78.77%)
2026-03-18 15:13:57,668 [INFO]   Fold 5 best: 78.77%
2026-03-18 15:13:58,984 [INFO] ================================================================
2026-03-18 15:13:58,984 [INFO] 5-FOLD CV
2026-03-18 15:13:58,984 [INFO] ================================================================
2026-03-18 15:13:58,984 [INFO]   Fold 1 : 78.30%
2026-03-18 15:13:58,984 [INFO]   Fold 2 : 77.65%
2026-03-18 15:13:58,984 [INFO]   Fold 3 : 79.24%
2026-03-18 15:13:58,984 [INFO]   Fold 4 : 78.05%
2026-03-18 15:13:58,984 [INFO]   Fold 5 : 78.77%
2026-03-18 15:13:58,984 [INFO]   Mean: 78.40% ± 0.55%
2026-03-18 15:15:24,183 [INFO] TTA changed 306 / 9828 (3.1%)
2026-03-18 15:15:24,198 [INFO] Done.
