2026-03-21 09:52:54,724 [INFO] GPU: NVIDIA H200
2026-03-21 09:52:54,725 [INFO] Config: {
  "data_dir": "/data/slr/track2_",
  "output_dir": "/data/slr/checkpoints_v44",
  "max_frames": 48,
  "img_size": 384,
  "n_classes": 126,
  "teacher_img_size": 224,
  "teacher_max_frames": 48,
  "channel_means": [
    -64.3217,
    -62.9119,
    -63.9254
  ],
  "channel_stds": [
    12.5721,
    11.662,
    11.7259
  ],
  "n_folds": 5,
  "batch_size": 24,
  "num_workers": 4,
  "stage1_epochs": 5,
  "stage1_lr": 0.0002,
  "stage2_epochs": 100,
  "stage2_lr": 4e-05,
  "swa_epochs": 15,
  "swa_lr": 4e-06,
  "weight_decay": 0.05,
  "warmup_pct": 0.05,
  "label_smoothing": 0.1,
  "early_stopping_patience": 30,
  "grad_clip_norm": 1.0,
  "llrd_decay": 0.75,
  "kd_alpha": 0.5,
  "kd_tau": 4.0,
  "mixup_alpha": 0.4,
  "cutmix_alpha": 1.0,
  "cutmix_prob": 0.5,
  "time_mask_max": 8,
  "range_mask_max": 30,
  "noise_std": 0.1,
  "time_warp_lo": 0.8,
  "time_warp_hi": 1.2,
  "time_reverse_prob": 0.5,
  "channel_shuffle_prob": 0.2,
  "channel_drop_prob": 0.1,
  "random_erase_prob": 0.2,
  "circ_shift_prob": 0.3,
  "circ_shift_max": 8,
  "amp_scale_prob": 0.5,
  "amp_scale_lo": 0.8,
  "amp_scale_hi": 1.2,
  "model_name": "convnext_tiny.fb_in22k_ft_in1k",
  "drop_path_rate": 0.2,
  "proj_dim": 512,
  "drop_rate": 0.3,
  "ms_dropout_samples": 5,
  "seed": 42
}
2026-03-21 09:52:54,726 [INFO] ★★★ ConvNeXt V1 (no GRN) @ 384×384 — NEW ARCHITECTURE ★★★
2026-03-21 09:52:54,801 [INFO] Train: 14742 | Eval: 9828
2026-03-21 09:52:59,278 [INFO] Pre-computing teacher soft labels (at 224×224) …
2026-03-21 09:53:01,180 [INFO]   Loaded 5 teachers
2026-03-21 09:54:17,775 [INFO]   Soft labels: 14742
2026-03-21 09:54:17,776 [INFO] KD α=0.50 τ=4.0 | Teacher: vit_v9 (cross-arch) | Born-again: v18 (V2→V1 partial)
2026-03-21 09:54:17,781 [INFO] ================================================================
2026-03-21 09:54:17,781 [INFO] FOLD 1 / 5
2026-03-21 09:54:17,781 [INFO] ================================================================
2026-03-21 09:54:17,782 [INFO]   Train: 11793 | Val: 2949
2026-03-21 09:54:18,004 [INFO] Loading pretrained weights from Hugging Face hub (timm/convnext_tiny.fb_in22k_ft_in1k)
2026-03-21 09:54:18,058 [INFO] HTTP Request: HEAD https://huggingface.co/timm/convnext_tiny.fb_in22k_ft_in1k/resolve/main/model.safetensors "HTTP/1.1 302 Found"
2026-03-21 09:54:18,059 [INFO] [timm/convnext_tiny.fb_in22k_ft_in1k] Safe alternative available for 'pytorch_model.bin' (as 'model.safetensors'). Loading weights using safetensors.
2026-03-21 09:54:18,074 [INFO] Missing keys (head.fc.weight, head.fc.bias) discovered while loading pretrained weights. This is expected if model is being adapted.
2026-03-21 09:54:18,198 [INFO]   Partial born-again ← best_fold0.pt (val 90.23%)
2026-03-21 09:54:18,199 [INFO]     Transferred: 184 params, Missing (V1-only): 18, Unexpected (V2-only): 36
2026-03-21 09:54:18,200 [INFO] ── Stage 1: head warmup (5 ep) ──
2026-03-21 09:54:55,987 [INFO]   S1 Ep 1/5  loss=2.7554 acc=0.7%  val=0.8%  38s
2026-03-21 09:54:56,132 [INFO]   ★ best 0.78%
2026-03-21 09:55:13,748 [INFO]   S1 Ep 2/5  loss=2.7500 acc=0.7%  val=0.8%  18s
2026-03-21 09:55:31,301 [INFO]   S1 Ep 3/5  loss=2.7475 acc=0.8%  val=0.8%  18s
2026-03-21 09:55:48,852 [INFO]   S1 Ep 4/5  loss=2.7451 acc=0.7%  val=0.8%  18s
2026-03-21 09:56:06,349 [INFO]   S1 Ep 5/5  loss=2.7431 acc=0.6%  val=0.8%  17s
2026-03-21 09:56:06,349 [INFO] ── Stage 2: full fine-tune (100 ep, patience 30) ──
2026-03-21 09:56:06,351 [INFO] LLRD: 12 groups, LR [9.49e-06 … 4.00e-05]
2026-03-21 09:57:07,873 [INFO]   S2 Ep   1/100  loss=2.7424 acc=0.8%  val=0.8%  lr=5.27e-06    62s
2026-03-21 09:58:04,954 [INFO]   S2 Ep   2/100  loss=2.7422 acc=0.8%  val=0.7%  lr=1.49e-05    57s
2026-03-21 09:59:01,868 [INFO]   S2 Ep   3/100  loss=2.7428 acc=0.7%  val=0.8%  lr=2.67e-05    57s
2026-03-21 09:59:58,802 [INFO]   S2 Ep   4/100  loss=2.7431 acc=0.7%  val=0.8%  lr=3.63e-05    57s
2026-03-21 10:00:55,715 [INFO]   S2 Ep   5/100  loss=2.7431 acc=0.7%  val=0.8%  lr=4.00e-05    57s
2026-03-21 10:01:52,614 [INFO]   S2 Ep   6/100  loss=2.7431 acc=0.7%  val=0.8%  lr=4.00e-05    57s
2026-03-21 10:02:49,637 [INFO]   S2 Ep   7/100  loss=2.7427 acc=0.6%  val=0.8%  lr=4.00e-05    57s
2026-03-21 10:03:46,724 [INFO]   S2 Ep   8/100  loss=2.7429 acc=0.6%  val=0.8%  lr=3.99e-05    57s
2026-03-21 10:05:22,177 [INFO]   S2 Ep   9/100  loss=2.7427 acc=0.8%  val=0.8%  lr=3.98e-05    95s
2026-03-21 10:06:35,192 [INFO]   S2 Ep  10/100  loss=2.7427 acc=0.7%  val=0.7%  lr=3.97e-05    73s
2026-03-21 10:08:14,002 [INFO]   S2 Ep  11/100  loss=2.7426 acc=0.7%  val=0.8%  lr=3.96e-05    99s
2026-03-21 10:10:09,797 [INFO]   S2 Ep  12/100  loss=2.7425 acc=0.8%  val=0.8%  lr=3.95e-05   116s
2026-03-21 10:12:05,261 [INFO]   S2 Ep  13/100  loss=2.7424 acc=0.7%  val=0.7%  lr=3.93e-05   115s
2026-03-21 10:13:55,971 [INFO]   S2 Ep  14/100  loss=2.7424 acc=0.7%  val=0.8%  lr=3.91e-05   111s
2026-03-21 10:15:59,801 [INFO]   S2 Ep  15/100  loss=2.7421 acc=0.7%  val=0.8%  lr=3.89e-05   124s
2026-03-21 10:18:03,507 [INFO]   S2 Ep  16/100  loss=2.7420 acc=0.7%  val=1.4%  lr=3.87e-05   124s
2026-03-21 10:18:03,657 [INFO]   ★ best 1.42%
2026-03-21 10:20:07,066 [INFO]   S2 Ep  17/100  loss=2.7404 acc=0.7%  val=1.5%  lr=3.84e-05   123s
2026-03-21 10:20:07,225 [INFO]   ★ best 1.49%
2026-03-21 10:22:11,278 [INFO]   S2 Ep  18/100  loss=2.7343 acc=1.0%  val=1.3%  lr=3.82e-05   124s
2026-03-21 10:24:14,727 [INFO]   S2 Ep  19/100  loss=2.7262 acc=1.1%  val=1.4%  lr=3.79e-05   123s
2026-03-21 10:26:18,756 [INFO]   S2 Ep  20/100  loss=2.7211 acc=1.2%  val=1.3%  lr=3.76e-05   124s
2026-03-21 10:28:22,161 [INFO]   S2 Ep  21/100  loss=2.7176 acc=1.2%  val=1.5%  lr=3.73e-05   123s
2026-03-21 10:28:22,366 [INFO]   ★ best 1.53%
2026-03-21 10:30:25,897 [INFO]   S2 Ep  22/100  loss=2.7162 acc=1.1%  val=1.4%  lr=3.69e-05   124s
2026-03-21 10:32:29,962 [INFO]   S2 Ep  23/100  loss=2.7142 acc=1.2%  val=1.9%  lr=3.66e-05   124s
2026-03-21 10:32:30,156 [INFO]   ★ best 1.93%
2026-03-21 10:34:33,644 [INFO]   S2 Ep  24/100  loss=2.7122 acc=1.2%  val=1.8%  lr=3.62e-05   123s
2026-03-21 10:36:37,726 [INFO]   S2 Ep  25/100  loss=2.7108 acc=1.3%  val=1.7%  lr=3.58e-05   124s
2026-03-21 10:38:41,342 [INFO]   S2 Ep  26/100  loss=2.7119 acc=1.3%  val=2.0%  lr=3.54e-05   124s
2026-03-21 10:38:41,542 [INFO]   ★ best 2.03%
2026-03-21 10:40:45,598 [INFO]   S2 Ep  27/100  loss=2.7085 acc=1.3%  val=1.5%  lr=3.49e-05   124s
2026-03-21 10:42:49,385 [INFO]   S2 Ep  28/100  loss=2.7090 acc=1.4%  val=1.8%  lr=3.45e-05   124s
2026-03-21 10:44:52,915 [INFO]   S2 Ep  29/100  loss=2.7055 acc=1.5%  val=1.9%  lr=3.40e-05   124s
2026-03-21 10:46:56,946 [INFO]   S2 Ep  30/100  loss=2.7072 acc=1.2%  val=1.9%  lr=3.35e-05   124s
2026-03-21 10:49:00,616 [INFO]   S2 Ep  31/100  loss=2.7061 acc=1.2%  val=1.8%  lr=3.31e-05   124s
2026-03-21 10:51:04,654 [INFO]   S2 Ep  32/100  loss=2.7062 acc=1.4%  val=2.3%  lr=3.25e-05   124s
2026-03-21 10:51:04,843 [INFO]   ★ best 2.31%
2026-03-21 10:53:08,503 [INFO]   S2 Ep  33/100  loss=2.7040 acc=1.3%  val=2.3%  lr=3.20e-05   124s
2026-03-21 10:53:08,708 [INFO]   ★ best 2.34%
2026-03-21 10:55:12,211 [INFO]   S2 Ep  34/100  loss=2.7024 acc=1.5%  val=2.2%  lr=3.15e-05   124s
2026-03-21 10:57:16,321 [INFO]   S2 Ep  35/100  loss=2.7026 acc=1.4%  val=2.1%  lr=3.09e-05   124s
2026-03-21 10:59:20,007 [INFO]   S2 Ep  36/100  loss=2.7007 acc=1.5%  val=2.0%  lr=3.04e-05   124s
2026-03-21 11:01:24,066 [INFO]   S2 Ep  37/100  loss=2.6996 acc=1.6%  val=2.3%  lr=2.98e-05   124s
2026-03-21 11:03:27,635 [INFO]   S2 Ep  38/100  loss=2.6987 acc=1.6%  val=2.3%  lr=2.92e-05   124s
2026-03-21 11:05:31,696 [INFO]   S2 Ep  39/100  loss=2.6975 acc=1.7%  val=2.2%  lr=2.86e-05   124s
2026-03-21 11:07:35,311 [INFO]   S2 Ep  40/100  loss=2.6974 acc=1.8%  val=2.9%  lr=2.80e-05   124s
2026-03-21 11:07:35,515 [INFO]   ★ best 2.92%
2026-03-21 11:09:39,146 [INFO]   S2 Ep  41/100  loss=2.6956 acc=1.8%  val=2.8%  lr=2.74e-05   124s
2026-03-21 11:11:43,163 [INFO]   S2 Ep  42/100  loss=2.6938 acc=1.7%  val=2.8%  lr=2.68e-05   124s
2026-03-21 11:13:46,535 [INFO]   S2 Ep  43/100  loss=2.6920 acc=1.8%  val=3.1%  lr=2.62e-05   123s
2026-03-21 11:13:46,734 [INFO]   ★ best 3.12%
2026-03-21 11:15:50,728 [INFO]   S2 Ep  44/100  loss=2.6883 acc=2.1%  val=3.2%  lr=2.55e-05   124s
2026-03-21 11:15:50,933 [INFO]   ★ best 3.15%
2026-03-21 11:17:54,452 [INFO]   S2 Ep  45/100  loss=2.6865 acc=2.0%  val=3.4%  lr=2.49e-05   124s
2026-03-21 11:17:54,657 [INFO]   ★ best 3.42%
2026-03-21 11:19:58,383 [INFO]   S2 Ep  46/100  loss=2.6848 acc=2.1%  val=3.6%  lr=2.43e-05   124s
2026-03-21 11:19:58,592 [INFO]   ★ best 3.56%
2026-03-21 11:22:02,472 [INFO]   S2 Ep  47/100  loss=2.6801 acc=2.3%  val=4.0%  lr=2.36e-05   124s
2026-03-21 11:22:02,681 [INFO]   ★ best 3.97%
2026-03-21 11:24:06,189 [INFO]   S2 Ep  48/100  loss=2.6750 acc=2.4%  val=4.0%  lr=2.30e-05   124s
2026-03-21 11:26:10,236 [INFO]   S2 Ep  49/100  loss=2.6755 acc=2.3%  val=4.1%  lr=2.23e-05   124s
2026-03-21 11:26:10,452 [INFO]   ★ best 4.14%
2026-03-21 11:28:13,867 [INFO]   S2 Ep  50/100  loss=2.6742 acc=2.5%  val=4.5%  lr=2.17e-05   123s
2026-03-21 11:28:14,084 [INFO]   ★ best 4.48%
2026-03-21 11:30:18,048 [INFO]   S2 Ep  51/100  loss=2.6659 acc=2.7%  val=4.2%  lr=2.10e-05   124s
2026-03-21 11:32:21,352 [INFO]   S2 Ep  52/100  loss=2.6657 acc=2.8%  val=4.1%  lr=2.03e-05   123s
2026-03-21 11:34:24,835 [INFO]   S2 Ep  53/100  loss=2.6591 acc=2.9%  val=4.8%  lr=1.97e-05   123s
2026-03-21 11:34:25,015 [INFO]   ★ best 4.85%
2026-03-21 11:36:29,178 [INFO]   S2 Ep  54/100  loss=2.6548 acc=3.1%  val=5.8%  lr=1.90e-05   124s
2026-03-21 11:36:29,343 [INFO]   ★ best 5.83%
2026-03-21 11:38:32,846 [INFO]   S2 Ep  55/100  loss=2.6495 acc=3.1%  val=6.0%  lr=1.83e-05   124s
2026-03-21 11:38:33,012 [INFO]   ★ best 5.97%
2026-03-21 11:40:36,961 [INFO]   S2 Ep  56/100  loss=2.6456 acc=3.5%  val=6.1%  lr=1.77e-05   124s
2026-03-21 11:40:37,125 [INFO]   ★ best 6.14%
2026-03-21 11:42:40,629 [INFO]   S2 Ep  57/100  loss=2.6379 acc=4.0%  val=6.7%  lr=1.70e-05   124s
2026-03-21 11:42:40,839 [INFO]   ★ best 6.68%
2026-03-21 11:44:44,563 [INFO]   S2 Ep  58/100  loss=2.6295 acc=3.7%  val=6.5%  lr=1.64e-05   124s
2026-03-21 11:46:48,151 [INFO]   S2 Ep  59/100  loss=2.6286 acc=4.1%  val=7.9%  lr=1.57e-05   124s
2026-03-21 11:46:48,302 [INFO]   ★ best 7.93%
2026-03-21 11:48:51,812 [INFO]   S2 Ep  60/100  loss=2.6172 acc=4.4%  val=7.3%  lr=1.51e-05   124s
2026-03-21 11:50:55,695 [INFO]   S2 Ep  61/100  loss=2.6076 acc=4.4%  val=8.7%  lr=1.45e-05   124s
2026-03-21 11:50:55,862 [INFO]   ★ best 8.68%
2026-03-21 11:52:59,421 [INFO]   S2 Ep  62/100  loss=2.6074 acc=4.5%  val=8.1%  lr=1.38e-05   124s
2026-03-21 11:55:03,389 [INFO]   S2 Ep  63/100  loss=2.6005 acc=5.0%  val=9.8%  lr=1.32e-05   124s
2026-03-21 11:55:03,557 [INFO]   ★ best 9.80%
2026-03-21 11:57:06,885 [INFO]   S2 Ep  64/100  loss=2.5920 acc=5.0%  val=9.1%  lr=1.26e-05   123s
2026-03-21 11:59:10,304 [INFO]   S2 Ep  65/100  loss=2.5936 acc=5.3%  val=9.8%  lr=1.20e-05   123s
2026-03-21 12:01:14,261 [INFO]   S2 Ep  66/100  loss=2.5906 acc=5.3%  val=10.3%  lr=1.14e-05   124s
2026-03-21 12:01:14,421 [INFO]   ★ best 10.31%
2026-03-21 12:03:17,996 [INFO]   S2 Ep  67/100  loss=2.5861 acc=5.3%  val=10.0%  lr=1.08e-05   124s
2026-03-21 12:05:21,928 [INFO]   S2 Ep  68/100  loss=2.5739 acc=5.7%  val=9.4%  lr=1.02e-05   124s
2026-03-21 12:07:25,524 [INFO]   S2 Ep  69/100  loss=2.5797 acc=5.8%  val=10.5%  lr=9.62e-06   124s
2026-03-21 12:07:25,691 [INFO]   ★ best 10.55%
2026-03-21 12:09:29,511 [INFO]   S2 Ep  70/100  loss=2.5775 acc=5.9%  val=9.9%  lr=9.06e-06   124s
2026-03-21 12:11:33,230 [INFO]   S2 Ep  71/100  loss=2.5737 acc=6.1%  val=10.9%  lr=8.51e-06   124s
2026-03-21 12:11:33,385 [INFO]   ★ best 10.89%
2026-03-21 12:13:36,882 [INFO]   S2 Ep  72/100  loss=2.5729 acc=6.0%  val=10.5%  lr=7.98e-06   123s
2026-03-21 12:15:40,854 [INFO]   S2 Ep  73/100  loss=2.5659 acc=6.3%  val=11.3%  lr=7.46e-06   124s
2026-03-21 12:15:41,019 [INFO]   ★ best 11.33%
2026-03-21 12:17:44,498 [INFO]   S2 Ep  74/100  loss=2.5607 acc=6.5%  val=11.2%  lr=6.95e-06   123s
2026-03-21 12:19:48,501 [INFO]   S2 Ep  75/100  loss=2.5651 acc=6.3%  val=11.3%  lr=6.45e-06   124s
2026-03-21 12:21:52,116 [INFO]   S2 Ep  76/100  loss=2.5616 acc=6.3%  val=11.9%  lr=5.98e-06   124s
2026-03-21 12:21:52,271 [INFO]   ★ best 11.94%
2026-03-21 12:23:55,672 [INFO]   S2 Ep  77/100  loss=2.5571 acc=6.3%  val=11.6%  lr=5.51e-06   123s
2026-03-21 12:25:59,630 [INFO]   S2 Ep  78/100  loss=2.5529 acc=6.5%  val=11.3%  lr=5.06e-06   124s
2026-03-21 12:28:03,301 [INFO]   S2 Ep  79/100  loss=2.5526 acc=6.6%  val=11.5%  lr=4.63e-06   124s
2026-03-21 12:30:07,351 [INFO]   S2 Ep  80/100  loss=2.5467 acc=6.7%  val=12.1%  lr=4.22e-06   124s
2026-03-21 12:30:07,547 [INFO]   ★ best 12.14%
2026-03-21 12:32:10,981 [INFO]   S2 Ep  81/100  loss=2.5497 acc=6.6%  val=12.2%  lr=3.82e-06   123s
2026-03-21 12:32:11,181 [INFO]   ★ best 12.24%
2026-03-21 12:34:15,217 [INFO]   S2 Ep  82/100  loss=2.5487 acc=6.7%  val=12.4%  lr=3.44e-06   124s
2026-03-21 12:34:15,411 [INFO]   ★ best 12.44%
2026-03-21 12:36:18,919 [INFO]   S2 Ep  83/100  loss=2.5508 acc=6.7%  val=11.7%  lr=3.08e-06   124s
2026-03-21 12:38:22,356 [INFO]   S2 Ep  84/100  loss=2.5487 acc=7.0%  val=11.7%  lr=2.74e-06   123s
2026-03-21 12:40:26,415 [INFO]   S2 Ep  85/100  loss=2.5484 acc=7.2%  val=12.0%  lr=2.41e-06   124s
2026-03-21 12:42:29,921 [INFO]   S2 Ep  86/100  loss=2.5448 acc=7.0%  val=12.1%  lr=2.11e-06   124s
2026-03-21 12:44:33,944 [INFO]   S2 Ep  87/100  loss=2.5448 acc=7.3%  val=12.6%  lr=1.82e-06   124s
2026-03-21 12:44:34,154 [INFO]   ★ best 12.65%
2026-03-21 12:46:37,744 [INFO]   S2 Ep  88/100  loss=2.5454 acc=7.2%  val=12.5%  lr=1.56e-06   124s
2026-03-21 12:48:41,310 [INFO]   S2 Ep  89/100  loss=2.5426 acc=7.1%  val=12.5%  lr=1.31e-06   124s
2026-03-21 12:50:45,387 [INFO]   S2 Ep  90/100  loss=2.5424 acc=7.2%  val=12.9%  lr=1.08e-06   124s
2026-03-21 12:50:45,586 [INFO]   ★ best 12.85%
2026-03-21 12:52:49,152 [INFO]   S2 Ep  91/100  loss=2.5451 acc=7.4%  val=12.9%  lr=8.80e-07   124s
2026-03-21 12:54:53,128 [INFO]   S2 Ep  92/100  loss=2.5436 acc=7.0%  val=12.6%  lr=6.97e-07   124s
2026-03-21 12:56:56,607 [INFO]   S2 Ep  93/100  loss=2.5393 acc=7.4%  val=13.2%  lr=5.35e-07   123s
2026-03-21 12:56:56,804 [INFO]   ★ best 13.19%
2026-03-21 12:59:00,789 [INFO]   S2 Ep  94/100  loss=2.5351 acc=7.9%  val=13.0%  lr=3.94e-07   124s
2026-03-21 13:01:04,368 [INFO]   S2 Ep  95/100  loss=2.5364 acc=7.4%  val=13.1%  lr=2.74e-07   124s
2026-03-21 13:03:08,143 [INFO]   S2 Ep  96/100  loss=2.5422 acc=7.2%  val=12.9%  lr=1.76e-07   124s
2026-03-21 13:05:12,176 [INFO]   S2 Ep  97/100  loss=2.5393 acc=7.2%  val=12.9%  lr=9.98e-08   124s
2026-03-21 13:07:15,716 [INFO]   S2 Ep  98/100  loss=2.5400 acc=7.5%  val=12.9%  lr=4.52e-08   124s
2026-03-21 13:09:19,617 [INFO]   S2 Ep  99/100  loss=2.5385 acc=7.7%  val=13.0%  lr=1.25e-08   124s
2026-03-21 13:11:23,274 [INFO]   S2 Ep 100/100  loss=2.5450 acc=7.0%  val=13.0%  lr=1.60e-09   124s
2026-03-21 13:11:23,284 [INFO] ── Stage 3: SWA (15 ep, lr=4.0e-06) ──
2026-03-21 13:13:26,815 [INFO]   SWA Ep  1/15  loss=2.5382  swa_val=13.0%  123s
2026-03-21 13:15:30,315 [INFO]   SWA Ep  2/15  loss=2.5401  swa_val=13.2%  123s
2026-03-21 13:17:33,706 [INFO]   SWA Ep  3/15  loss=2.5409  swa_val=13.2%  123s
2026-03-21 13:19:37,453 [INFO]   SWA Ep  4/15  loss=2.5432  swa_val=13.3%  124s
2026-03-21 13:21:40,615 [INFO]   SWA Ep  5/15  loss=2.5356  swa_val=13.3%  123s
2026-03-21 13:23:44,373 [INFO]   SWA Ep  6/15  loss=2.5381  swa_val=13.5%  124s
2026-03-21 13:25:47,525 [INFO]   SWA Ep  7/15  loss=2.5370  swa_val=13.4%  123s
2026-03-21 13:27:50,821 [INFO]   SWA Ep  8/15  loss=2.5380  swa_val=13.5%  123s
2026-03-21 13:29:54,554 [INFO]   SWA Ep  9/15  loss=2.5299  swa_val=13.6%  124s
2026-03-21 13:31:57,698 [INFO]   SWA Ep 10/15  loss=2.5347  swa_val=13.6%  123s
2026-03-21 13:34:01,535 [INFO]   SWA Ep 11/15  loss=2.5248  swa_val=13.8%  124s
2026-03-21 13:36:04,588 [INFO]   SWA Ep 12/15  loss=2.5237  swa_val=13.7%  123s
2026-03-21 13:38:08,388 [INFO]   SWA Ep 13/15  loss=2.5253  swa_val=13.7%  124s
2026-03-21 13:40:11,882 [INFO]   SWA Ep 14/15  loss=2.5215  swa_val=13.6%  123s
2026-03-21 13:42:15,259 [INFO]   SWA Ep 15/15  loss=2.5215  swa_val=13.5%  123s
2026-03-21 13:42:15,259 [INFO]   Updating BN stats for SWA model …
2026-03-21 13:42:21,895 [INFO]   SWA final: 13.50% (regular best: 13.19%)
2026-03-21 13:42:22,063 [INFO]   ★ SWA beats regular! 13.50%
2026-03-21 13:42:22,063 [INFO]   Fold 1 best: 13.50%
2026-03-21 13:42:23,454 [INFO] ================================================================
2026-03-21 13:42:23,454 [INFO] FOLD 2 / 5
2026-03-21 13:42:23,454 [INFO] ================================================================
2026-03-21 13:42:23,456 [INFO]   Train: 11793 | Val: 2949
2026-03-21 13:42:23,678 [INFO] Loading pretrained weights from Hugging Face hub (timm/convnext_tiny.fb_in22k_ft_in1k)
2026-03-21 13:42:23,819 [INFO] HTTP Request: HEAD https://huggingface.co/timm/convnext_tiny.fb_in22k_ft_in1k/resolve/main/model.safetensors "HTTP/1.1 302 Found"
2026-03-21 13:42:23,820 [INFO] [timm/convnext_tiny.fb_in22k_ft_in1k] Safe alternative available for 'pytorch_model.bin' (as 'model.safetensors'). Loading weights using safetensors.
2026-03-21 13:42:23,837 [INFO] Missing keys (head.fc.weight, head.fc.bias) discovered while loading pretrained weights. This is expected if model is being adapted.
2026-03-21 13:42:24,540 [INFO]   Partial born-again ← best_fold1.pt (val 89.11%)
2026-03-21 13:42:24,541 [INFO]     Transferred: 184 params, Missing (V1-only): 18, Unexpected (V2-only): 36
2026-03-21 13:42:24,542 [INFO] ── Stage 1: head warmup (5 ep) ──
2026-03-21 13:43:04,904 [INFO]   S1 Ep 1/5  loss=2.7736 acc=0.9%  val=0.8%  40s
2026-03-21 13:43:05,068 [INFO]   ★ best 0.78%
2026-03-21 13:43:42,789 [INFO]   S1 Ep 2/5  loss=2.7534 acc=0.7%  val=0.8%  38s
2026-03-21 13:44:20,407 [INFO]   S1 Ep 3/5  loss=2.7485 acc=0.7%  val=0.8%  38s
2026-03-21 13:44:58,006 [INFO]   S1 Ep 4/5  loss=2.7456 acc=0.7%  val=0.8%  38s
2026-03-21 13:45:35,327 [INFO]   S1 Ep 5/5  loss=2.7432 acc=0.8%  val=0.8%  37s
2026-03-21 13:45:35,328 [INFO] ── Stage 2: full fine-tune (100 ep, patience 30) ──
2026-03-21 13:45:35,329 [INFO] LLRD: 12 groups, LR [9.49e-06 … 4.00e-05]
2026-03-21 13:47:39,429 [INFO]   S2 Ep   1/100  loss=2.7421 acc=0.9%  val=0.7%  lr=5.27e-06   124s
2026-03-21 13:49:42,994 [INFO]   S2 Ep   2/100  loss=2.7425 acc=0.9%  val=0.8%  lr=1.49e-05   124s
2026-03-21 13:49:43,158 [INFO]   ★ best 0.81%
2026-03-21 13:51:47,140 [INFO]   S2 Ep   3/100  loss=2.7430 acc=0.7%  val=0.8%  lr=2.67e-05   124s
2026-03-21 13:53:50,709 [INFO]   S2 Ep   4/100  loss=2.7435 acc=0.8%  val=0.8%  lr=3.63e-05   124s
2026-03-21 13:55:54,374 [INFO]   S2 Ep   5/100  loss=2.7437 acc=0.7%  val=0.8%  lr=4.00e-05   124s
2026-03-21 13:55:54,524 [INFO]   ★ best 0.85%
2026-03-21 13:57:58,452 [INFO]   S2 Ep   6/100  loss=2.7437 acc=0.7%  val=0.8%  lr=4.00e-05   124s
2026-03-21 14:00:02,025 [INFO]   S2 Ep   7/100  loss=2.7436 acc=0.7%  val=0.8%  lr=4.00e-05   124s
2026-03-21 14:02:06,110 [INFO]   S2 Ep   8/100  loss=2.7433 acc=0.7%  val=0.8%  lr=3.99e-05   124s
2026-03-21 14:04:09,753 [INFO]   S2 Ep   9/100  loss=2.7433 acc=0.8%  val=0.8%  lr=3.98e-05   124s
2026-03-21 14:06:13,889 [INFO]   S2 Ep  10/100  loss=2.7432 acc=0.7%  val=1.2%  lr=3.97e-05   124s
2026-03-21 14:06:14,044 [INFO]   ★ best 1.15%
2026-03-21 14:08:17,500 [INFO]   S2 Ep  11/100  loss=2.7431 acc=0.6%  val=0.8%  lr=3.96e-05   123s
2026-03-21 14:10:21,147 [INFO]   S2 Ep  12/100  loss=2.7429 acc=0.7%  val=0.8%  lr=3.95e-05   124s
2026-03-21 14:12:25,213 [INFO]   S2 Ep  13/100  loss=2.7427 acc=0.8%  val=1.4%  lr=3.93e-05   124s
2026-03-21 14:12:25,409 [INFO]   ★ best 1.36%
2026-03-21 14:14:28,880 [INFO]   S2 Ep  14/100  loss=2.7416 acc=0.8%  val=1.2%  lr=3.91e-05   123s
2026-03-21 14:16:32,975 [INFO]   S2 Ep  15/100  loss=2.7369 acc=0.9%  val=1.4%  lr=3.89e-05   124s
2026-03-21 14:18:36,493 [INFO]   S2 Ep  16/100  loss=2.7300 acc=1.0%  val=1.2%  lr=3.87e-05   124s
2026-03-21 14:20:40,225 [INFO]   S2 Ep  17/100  loss=2.7249 acc=1.1%  val=1.6%  lr=3.84e-05   124s
2026-03-21 14:20:40,397 [INFO]   ★ best 1.63%
2026-03-21 14:22:44,178 [INFO]   S2 Ep  18/100  loss=2.7225 acc=1.1%  val=1.5%  lr=3.82e-05   124s
2026-03-21 14:24:47,546 [INFO]   S2 Ep  19/100  loss=2.7193 acc=1.2%  val=1.5%  lr=3.79e-05   123s
2026-03-21 14:26:51,600 [INFO]   S2 Ep  20/100  loss=2.7188 acc=1.1%  val=1.4%  lr=3.76e-05   124s
2026-03-21 14:28:55,177 [INFO]   S2 Ep  21/100  loss=2.7148 acc=1.4%  val=1.6%  lr=3.73e-05   124s
2026-03-21 14:30:59,205 [INFO]   S2 Ep  22/100  loss=2.7154 acc=1.3%  val=1.6%  lr=3.69e-05   124s
2026-03-21 14:33:02,741 [INFO]   S2 Ep  23/100  loss=2.7146 acc=1.1%  val=1.5%  lr=3.66e-05   124s
2026-03-21 14:35:06,507 [INFO]   S2 Ep  24/100  loss=2.7129 acc=1.1%  val=1.5%  lr=3.62e-05   124s
2026-03-21 14:37:10,532 [INFO]   S2 Ep  25/100  loss=2.7123 acc=1.3%  val=1.6%  lr=3.58e-05   124s
2026-03-21 14:39:14,114 [INFO]   S2 Ep  26/100  loss=2.7123 acc=1.2%  val=1.8%  lr=3.54e-05   124s
2026-03-21 14:39:14,299 [INFO]   ★ best 1.76%
2026-03-21 14:41:18,310 [INFO]   S2 Ep  27/100  loss=2.7099 acc=1.4%  val=1.9%  lr=3.49e-05   124s
2026-03-21 14:41:18,477 [INFO]   ★ best 1.90%
2026-03-21 14:43:22,123 [INFO]   S2 Ep  28/100  loss=2.7094 acc=1.3%  val=1.6%  lr=3.45e-05   124s
2026-03-21 14:45:26,059 [INFO]   S2 Ep  29/100  loss=2.7096 acc=1.4%  val=1.8%  lr=3.40e-05   124s
2026-03-21 14:47:29,380 [INFO]   S2 Ep  30/100  loss=2.7100 acc=1.3%  val=1.6%  lr=3.35e-05   123s
2026-03-21 14:49:32,865 [INFO]   S2 Ep  31/100  loss=2.7074 acc=1.3%  val=1.7%  lr=3.31e-05   123s
2026-03-21 14:51:36,879 [INFO]   S2 Ep  32/100  loss=2.7077 acc=1.3%  val=1.6%  lr=3.25e-05   124s
2026-03-21 14:53:40,506 [INFO]   S2 Ep  33/100  loss=2.7073 acc=1.3%  val=1.7%  lr=3.20e-05   124s
2026-03-21 14:55:44,480 [INFO]   S2 Ep  34/100  loss=2.7071 acc=1.4%  val=2.0%  lr=3.15e-05   124s
2026-03-21 14:55:44,652 [INFO]   ★ best 1.97%
2026-03-21 14:57:48,124 [INFO]   S2 Ep  35/100  loss=2.7063 acc=1.5%  val=1.7%  lr=3.09e-05   123s
2026-03-21 14:59:51,911 [INFO]   S2 Ep  36/100  loss=2.7054 acc=1.4%  val=2.0%  lr=3.04e-05   124s
2026-03-21 14:59:52,096 [INFO]   ★ best 2.00%
2026-03-21 15:01:56,078 [INFO]   S2 Ep  37/100  loss=2.7040 acc=1.6%  val=1.9%  lr=2.98e-05   124s
2026-03-21 15:03:59,646 [INFO]   S2 Ep  38/100  loss=2.7054 acc=1.6%  val=2.2%  lr=2.92e-05   124s
2026-03-21 15:03:59,829 [INFO]   ★ best 2.24%
2026-03-21 15:06:03,779 [INFO]   S2 Ep  39/100  loss=2.7027 acc=1.6%  val=1.8%  lr=2.86e-05   124s
2026-03-21 15:08:07,394 [INFO]   S2 Ep  40/100  loss=2.7014 acc=1.6%  val=2.1%  lr=2.80e-05   124s
2026-03-21 15:10:11,339 [INFO]   S2 Ep  41/100  loss=2.6998 acc=1.7%  val=2.7%  lr=2.74e-05   124s
2026-03-21 15:10:11,520 [INFO]   ★ best 2.68%
2026-03-21 15:12:15,055 [INFO]   S2 Ep  42/100  loss=2.7000 acc=1.9%  val=2.0%  lr=2.68e-05   124s
2026-03-21 15:14:18,579 [INFO]   S2 Ep  43/100  loss=2.7003 acc=1.8%  val=2.0%  lr=2.62e-05   124s
2026-03-21 15:16:22,592 [INFO]   S2 Ep  44/100  loss=2.6982 acc=1.9%  val=1.9%  lr=2.55e-05   124s
2026-03-21 15:18:26,144 [INFO]   S2 Ep  45/100  loss=2.6944 acc=2.0%  val=2.1%  lr=2.49e-05   124s
2026-03-21 15:20:30,093 [INFO]   S2 Ep  46/100  loss=2.6945 acc=1.9%  val=2.1%  lr=2.43e-05   124s
2026-03-21 15:22:33,700 [INFO]   S2 Ep  47/100  loss=2.6933 acc=1.9%  val=2.8%  lr=2.36e-05   124s
2026-03-21 15:22:33,873 [INFO]   ★ best 2.81%
2026-03-21 15:24:37,642 [INFO]   S2 Ep  48/100  loss=2.6932 acc=2.0%  val=3.2%  lr=2.30e-05   124s
2026-03-21 15:24:37,815 [INFO]   ★ best 3.15%
2026-03-21 15:26:41,718 [INFO]   S2 Ep  49/100  loss=2.6882 acc=2.2%  val=2.5%  lr=2.23e-05   124s
2026-03-21 15:28:45,293 [INFO]   S2 Ep  50/100  loss=2.6874 acc=2.2%  val=2.9%  lr=2.17e-05   124s
2026-03-21 15:30:49,323 [INFO]   S2 Ep  51/100  loss=2.6840 acc=2.2%  val=3.7%  lr=2.10e-05   124s
2026-03-21 15:30:49,501 [INFO]   ★ best 3.70%
2026-03-21 15:32:53,177 [INFO]   S2 Ep  52/100  loss=2.6835 acc=2.3%  val=4.1%  lr=2.03e-05   124s
2026-03-21 15:32:53,364 [INFO]   ★ best 4.10%
2026-03-21 15:34:57,337 [INFO]   S2 Ep  53/100  loss=2.6784 acc=2.4%  val=4.0%  lr=1.97e-05   124s
2026-03-21 15:37:00,904 [INFO]   S2 Ep  54/100  loss=2.6737 acc=2.5%  val=4.0%  lr=1.90e-05   124s
2026-03-21 15:39:04,410 [INFO]   S2 Ep  55/100  loss=2.6720 acc=2.6%  val=4.5%  lr=1.83e-05   124s
2026-03-21 15:39:04,587 [INFO]   ★ best 4.48%
2026-03-21 15:41:08,620 [INFO]   S2 Ep  56/100  loss=2.6647 acc=3.0%  val=4.5%  lr=1.77e-05   124s
2026-03-21 15:41:08,798 [INFO]   ★ best 4.54%
2026-03-21 15:43:12,292 [INFO]   S2 Ep  57/100  loss=2.6622 acc=2.7%  val=4.6%  lr=1.70e-05   123s
2026-03-21 15:43:12,575 [INFO]   ★ best 4.58%
2026-03-21 15:45:16,554 [INFO]   S2 Ep  58/100  loss=2.6578 acc=2.9%  val=4.8%  lr=1.64e-05   124s
2026-03-21 15:45:16,735 [INFO]   ★ best 4.85%
2026-03-21 15:47:20,219 [INFO]   S2 Ep  59/100  loss=2.6566 acc=3.1%  val=5.0%  lr=1.57e-05   123s
2026-03-21 15:47:20,397 [INFO]   ★ best 4.98%
2026-03-21 15:49:24,161 [INFO]   S2 Ep  60/100  loss=2.6529 acc=3.4%  val=5.4%  lr=1.51e-05   124s
2026-03-21 15:49:24,323 [INFO]   ★ best 5.39%
2026-03-21 15:51:28,147 [INFO]   S2 Ep  61/100  loss=2.6509 acc=3.4%  val=5.8%  lr=1.45e-05   124s
2026-03-21 15:51:28,311 [INFO]   ★ best 5.76%
2026-03-21 15:53:31,782 [INFO]   S2 Ep  62/100  loss=2.6464 acc=3.4%  val=5.5%  lr=1.38e-05   123s
2026-03-21 15:55:35,895 [INFO]   S2 Ep  63/100  loss=2.6494 acc=3.6%  val=5.8%  lr=1.32e-05   124s
2026-03-21 15:57:39,432 [INFO]   S2 Ep  64/100  loss=2.6447 acc=3.3%  val=5.7%  lr=1.26e-05   124s
2026-03-21 15:59:43,438 [INFO]   S2 Ep  65/100  loss=2.6438 acc=3.4%  val=5.8%  lr=1.20e-05   124s
2026-03-21 15:59:43,606 [INFO]   ★ best 5.80%
2026-03-21 16:01:47,161 [INFO]   S2 Ep  66/100  loss=2.6415 acc=3.7%  val=6.2%  lr=1.14e-05   124s
2026-03-21 16:01:47,327 [INFO]   ★ best 6.24%
2026-03-21 16:03:50,909 [INFO]   S2 Ep  67/100  loss=2.6433 acc=3.3%  val=6.2%  lr=1.08e-05   124s
2026-03-21 16:05:54,873 [INFO]   S2 Ep  68/100  loss=2.6399 acc=3.6%  val=6.3%  lr=1.02e-05   124s
2026-03-21 16:05:55,034 [INFO]   ★ best 6.27%
2026-03-21 16:07:58,391 [INFO]   S2 Ep  69/100  loss=2.6348 acc=3.7%  val=6.4%  lr=9.62e-06   123s
2026-03-21 16:07:58,569 [INFO]   ★ best 6.38%
2026-03-21 16:10:02,694 [INFO]   S2 Ep  70/100  loss=2.6363 acc=3.8%  val=6.0%  lr=9.06e-06   124s
2026-03-21 16:12:06,431 [INFO]   S2 Ep  71/100  loss=2.6357 acc=3.8%  val=6.8%  lr=8.51e-06   124s
2026-03-21 16:12:06,582 [INFO]   ★ best 6.78%
2026-03-21 16:14:10,784 [INFO]   S2 Ep  72/100  loss=2.6347 acc=4.1%  val=6.2%  lr=7.98e-06   124s
2026-03-21 16:16:14,432 [INFO]   S2 Ep  73/100  loss=2.6318 acc=3.8%  val=7.0%  lr=7.46e-06   124s
2026-03-21 16:16:14,597 [INFO]   ★ best 6.95%
2026-03-21 16:18:18,264 [INFO]   S2 Ep  74/100  loss=2.6336 acc=3.6%  val=6.5%  lr=6.95e-06   124s
2026-03-21 16:20:22,395 [INFO]   S2 Ep  75/100  loss=2.6272 acc=4.1%  val=7.2%  lr=6.45e-06   124s
2026-03-21 16:20:22,579 [INFO]   ★ best 7.15%
2026-03-21 16:22:26,217 [INFO]   S2 Ep  76/100  loss=2.6261 acc=3.9%  val=6.7%  lr=5.98e-06   124s
2026-03-21 16:24:30,354 [INFO]   S2 Ep  77/100  loss=2.6292 acc=3.9%  val=6.9%  lr=5.51e-06   124s
2026-03-21 16:26:33,942 [INFO]   S2 Ep  78/100  loss=2.6299 acc=4.1%  val=7.3%  lr=5.06e-06   124s
2026-03-21 16:26:34,111 [INFO]   ★ best 7.29%
2026-03-21 16:28:37,710 [INFO]   S2 Ep  79/100  loss=2.6207 acc=4.0%  val=7.3%  lr=4.63e-06   124s
2026-03-21 16:28:37,875 [INFO]   ★ best 7.32%
2026-03-21 16:30:41,983 [INFO]   S2 Ep  80/100  loss=2.6218 acc=4.3%  val=7.0%  lr=4.22e-06   124s
2026-03-21 16:32:45,625 [INFO]   S2 Ep  81/100  loss=2.6209 acc=4.2%  val=6.8%  lr=3.82e-06   124s
2026-03-21 16:34:49,712 [INFO]   S2 Ep  82/100  loss=2.6201 acc=4.6%  val=7.4%  lr=3.44e-06   124s
2026-03-21 16:34:49,891 [INFO]   ★ best 7.43%
2026-03-21 16:36:53,545 [INFO]   S2 Ep  83/100  loss=2.6222 acc=4.3%  val=7.3%  lr=3.08e-06   124s
2026-03-21 16:38:57,671 [INFO]   S2 Ep  84/100  loss=2.6200 acc=4.3%  val=7.5%  lr=2.74e-06   124s
2026-03-21 16:38:57,836 [INFO]   ★ best 7.49%
2026-03-21 16:41:01,479 [INFO]   S2 Ep  85/100  loss=2.6218 acc=4.4%  val=7.4%  lr=2.41e-06   124s
2026-03-21 16:43:05,190 [INFO]   S2 Ep  86/100  loss=2.6176 acc=4.4%  val=7.5%  lr=2.11e-06   124s
2026-03-21 16:45:09,342 [INFO]   S2 Ep  87/100  loss=2.6182 acc=4.5%  val=7.0%  lr=1.82e-06   124s
2026-03-21 16:47:12,994 [INFO]   S2 Ep  88/100  loss=2.6126 acc=4.6%  val=7.1%  lr=1.56e-06   124s
2026-03-21 16:49:17,185 [INFO]   S2 Ep  89/100  loss=2.6183 acc=4.2%  val=7.3%  lr=1.31e-06   124s
2026-03-21 16:51:20,831 [INFO]   S2 Ep  90/100  loss=2.6211 acc=4.2%  val=7.5%  lr=1.08e-06   124s
2026-03-21 16:53:24,540 [INFO]   S2 Ep  91/100  loss=2.6256 acc=4.1%  val=7.5%  lr=8.80e-07   124s
2026-03-21 16:55:28,576 [INFO]   S2 Ep  92/100  loss=2.6145 acc=4.2%  val=7.4%  lr=6.97e-07   124s
2026-03-21 16:57:32,272 [INFO]   S2 Ep  93/100  loss=2.6181 acc=4.6%  val=7.4%  lr=5.35e-07   124s
2026-03-21 16:59:36,386 [INFO]   S2 Ep  94/100  loss=2.6183 acc=4.5%  val=7.4%  lr=3.94e-07   124s
2026-03-21 17:01:31,060 [INFO]   S2 Ep  95/100  loss=2.6170 acc=4.4%  val=7.4%  lr=2.74e-07   115s
2026-03-21 17:03:25,511 [INFO]   S2 Ep  96/100  loss=2.6161 acc=4.5%  val=7.4%  lr=1.76e-07   114s
2026-03-21 17:05:21,122 [INFO]   S2 Ep  97/100  loss=2.6184 acc=4.3%  val=7.4%  lr=9.98e-08   116s
2026-03-21 17:07:19,594 [INFO]   S2 Ep  98/100  loss=2.6192 acc=4.5%  val=7.4%  lr=4.52e-08   118s
2026-03-21 17:09:23,599 [INFO]   S2 Ep  99/100  loss=2.6149 acc=4.6%  val=7.4%  lr=1.25e-08   124s
2026-03-21 17:11:26,904 [INFO]   S2 Ep 100/100  loss=2.6143 acc=4.7%  val=7.4%  lr=1.60e-09   123s
2026-03-21 17:11:26,905 [INFO] ── Stage 3: SWA (15 ep, lr=4.0e-06) ──
2026-03-21 17:13:31,293 [INFO]   SWA Ep  1/15  loss=2.6187  swa_val=7.1%  124s
2026-03-21 17:15:34,622 [INFO]   SWA Ep  2/15  loss=2.6205  swa_val=7.3%  123s
2026-03-21 17:17:37,852 [INFO]   SWA Ep  3/15  loss=2.6178  swa_val=7.5%  123s
2026-03-21 17:19:41,782 [INFO]   SWA Ep  4/15  loss=2.6217  swa_val=7.4%  124s
2026-03-21 17:21:45,216 [INFO]   SWA Ep  5/15  loss=2.6174  swa_val=7.5%  123s
2026-03-21 17:23:49,292 [INFO]   SWA Ep  6/15  loss=2.6205  swa_val=7.6%  124s
2026-03-21 17:25:52,619 [INFO]   SWA Ep  7/15  loss=2.6227  swa_val=7.6%  123s
2026-03-21 17:27:56,360 [INFO]   SWA Ep  8/15  loss=2.6109  swa_val=7.4%  124s
2026-03-21 17:29:59,998 [INFO]   SWA Ep  9/15  loss=2.6137  swa_val=7.7%  124s
2026-03-21 17:32:03,350 [INFO]   SWA Ep 10/15  loss=2.6119  swa_val=7.7%  123s
2026-03-21 17:34:07,307 [INFO]   SWA Ep 11/15  loss=2.6148  swa_val=7.7%  124s
2026-03-21 17:36:10,520 [INFO]   SWA Ep 12/15  loss=2.6166  swa_val=7.8%  123s
2026-03-21 17:38:14,561 [INFO]   SWA Ep 13/15  loss=2.6123  swa_val=7.8%  124s
2026-03-21 17:40:17,785 [INFO]   SWA Ep 14/15  loss=2.6087  swa_val=7.7%  123s
2026-03-21 17:42:21,274 [INFO]   SWA Ep 15/15  loss=2.6023  swa_val=7.7%  123s
2026-03-21 17:42:21,274 [INFO]   Updating BN stats for SWA model …
2026-03-21 17:42:27,883 [INFO]   SWA final: 7.73% (regular best: 7.49%)
2026-03-21 17:42:28,065 [INFO]   ★ SWA beats regular! 7.73%
2026-03-21 17:42:28,066 [INFO]   Fold 2 best: 7.73%
2026-03-21 17:42:29,983 [INFO] ================================================================
2026-03-21 17:42:29,984 [INFO] FOLD 3 / 5
2026-03-21 17:42:29,984 [INFO] ================================================================
2026-03-21 17:42:29,986 [INFO]   Train: 11794 | Val: 2948
2026-03-21 17:42:30,198 [INFO] Loading pretrained weights from Hugging Face hub (timm/convnext_tiny.fb_in22k_ft_in1k)
2026-03-21 17:42:30,311 [INFO] HTTP Request: HEAD https://huggingface.co/timm/convnext_tiny.fb_in22k_ft_in1k/resolve/main/model.safetensors "HTTP/1.1 302 Found"
2026-03-21 17:42:30,313 [INFO] [timm/convnext_tiny.fb_in22k_ft_in1k] Safe alternative available for 'pytorch_model.bin' (as 'model.safetensors'). Loading weights using safetensors.
2026-03-21 17:42:30,329 [INFO] Missing keys (head.fc.weight, head.fc.bias) discovered while loading pretrained weights. This is expected if model is being adapted.
2026-03-21 17:42:31,046 [INFO]   Partial born-again ← best_fold2.pt (val 90.33%)
2026-03-21 17:42:31,047 [INFO]     Transferred: 184 params, Missing (V1-only): 18, Unexpected (V2-only): 36
2026-03-21 17:42:31,048 [INFO] ── Stage 1: head warmup (5 ep) ──
2026-03-21 17:43:17,729 [INFO]   S1 Ep 1/5  loss=2.7562 acc=0.7%  val=0.8%  47s
2026-03-21 17:43:17,856 [INFO]   ★ best 0.81%
2026-03-21 17:43:55,452 [INFO]   S1 Ep 2/5  loss=2.7511 acc=0.7%  val=0.8%  38s
2026-03-21 17:44:33,085 [INFO]   S1 Ep 3/5  loss=2.7473 acc=0.8%  val=0.8%  38s
2026-03-21 17:45:10,673 [INFO]   S1 Ep 4/5  loss=2.7452 acc=0.6%  val=0.8%  38s
2026-03-21 17:45:47,817 [INFO]   S1 Ep 5/5  loss=2.7424 acc=0.8%  val=0.7%  37s
2026-03-21 17:45:47,817 [INFO] ── Stage 2: full fine-tune (100 ep, patience 30) ──
2026-03-21 17:45:47,818 [INFO] LLRD: 12 groups, LR [9.49e-06 … 4.00e-05]
2026-03-21 17:47:51,907 [INFO]   S2 Ep   1/100  loss=2.7420 acc=0.8%  val=0.8%  lr=5.27e-06   124s
2026-03-21 17:47:52,079 [INFO]   ★ best 0.85%
2026-03-21 17:49:55,543 [INFO]   S2 Ep   2/100  loss=2.7422 acc=0.6%  val=0.8%  lr=1.49e-05   123s
2026-03-21 17:51:59,668 [INFO]   S2 Ep   3/100  loss=2.7427 acc=0.8%  val=0.8%  lr=2.67e-05   124s
2026-03-21 17:54:03,324 [INFO]   S2 Ep   4/100  loss=2.7429 acc=0.7%  val=0.8%  lr=3.63e-05   124s
2026-03-21 17:56:07,086 [INFO]   S2 Ep   5/100  loss=2.7430 acc=0.6%  val=0.8%  lr=4.00e-05   124s
2026-03-21 17:58:11,087 [INFO]   S2 Ep   6/100  loss=2.7432 acc=0.7%  val=0.8%  lr=4.00e-05   124s
2026-03-21 18:00:14,728 [INFO]   S2 Ep   7/100  loss=2.7430 acc=0.6%  val=1.0%  lr=4.00e-05   124s
2026-03-21 18:00:14,892 [INFO]   ★ best 0.98%
2026-03-21 18:02:18,896 [INFO]   S2 Ep   8/100  loss=2.7430 acc=0.6%  val=0.9%  lr=3.99e-05   124s
2026-03-21 18:04:22,712 [INFO]   S2 Ep   9/100  loss=2.7429 acc=0.6%  val=0.8%  lr=3.98e-05   124s
2026-03-21 18:06:26,862 [INFO]   S2 Ep  10/100  loss=2.7427 acc=0.6%  val=0.8%  lr=3.97e-05   124s
2026-03-21 18:08:30,491 [INFO]   S2 Ep  11/100  loss=2.7428 acc=0.6%  val=0.8%  lr=3.96e-05   124s
2026-03-21 18:10:34,195 [INFO]   S2 Ep  12/100  loss=2.7426 acc=0.7%  val=0.8%  lr=3.95e-05   124s
2026-03-21 18:12:38,263 [INFO]   S2 Ep  13/100  loss=2.7423 acc=0.7%  val=0.8%  lr=3.93e-05   124s
2026-03-21 18:14:41,763 [INFO]   S2 Ep  14/100  loss=2.7424 acc=0.7%  val=0.8%  lr=3.91e-05   124s
2026-03-21 18:16:45,793 [INFO]   S2 Ep  15/100  loss=2.7417 acc=0.7%  val=1.1%  lr=3.89e-05   124s
2026-03-21 18:16:45,973 [INFO]   ★ best 1.12%
2026-03-21 18:18:49,690 [INFO]   S2 Ep  16/100  loss=2.7392 acc=0.9%  val=1.4%  lr=3.87e-05   124s
2026-03-21 18:18:49,854 [INFO]   ★ best 1.36%
2026-03-21 18:20:53,699 [INFO]   S2 Ep  17/100  loss=2.7328 acc=0.9%  val=1.5%  lr=3.84e-05   124s
2026-03-21 18:20:53,871 [INFO]   ★ best 1.49%
2026-03-21 18:22:57,586 [INFO]   S2 Ep  18/100  loss=2.7247 acc=1.2%  val=1.4%  lr=3.82e-05   124s
2026-03-21 18:25:01,318 [INFO]   S2 Ep  19/100  loss=2.7199 acc=1.0%  val=1.4%  lr=3.79e-05   124s
2026-03-21 18:27:05,460 [INFO]   S2 Ep  20/100  loss=2.7163 acc=1.0%  val=1.8%  lr=3.76e-05   124s
2026-03-21 18:27:05,627 [INFO]   ★ best 1.80%
2026-03-21 18:29:09,408 [INFO]   S2 Ep  21/100  loss=2.7145 acc=1.1%  val=1.6%  lr=3.73e-05   124s
2026-03-21 18:31:13,500 [INFO]   S2 Ep  22/100  loss=2.7126 acc=1.2%  val=1.8%  lr=3.69e-05   124s
2026-03-21 18:33:17,245 [INFO]   S2 Ep  23/100  loss=2.7120 acc=1.3%  val=1.5%  lr=3.66e-05   124s
2026-03-21 18:35:20,950 [INFO]   S2 Ep  24/100  loss=2.7103 acc=1.2%  val=1.6%  lr=3.62e-05   124s
2026-03-21 18:37:25,123 [INFO]   S2 Ep  25/100  loss=2.7088 acc=1.3%  val=1.7%  lr=3.58e-05   124s
2026-03-21 18:39:28,607 [INFO]   S2 Ep  26/100  loss=2.7062 acc=1.4%  val=2.0%  lr=3.54e-05   123s
2026-03-21 18:39:28,782 [INFO]   ★ best 1.97%
2026-03-21 18:41:32,863 [INFO]   S2 Ep  27/100  loss=2.7072 acc=1.3%  val=1.6%  lr=3.49e-05   124s
2026-03-21 18:43:36,534 [INFO]   S2 Ep  28/100  loss=2.7063 acc=1.5%  val=1.6%  lr=3.45e-05   124s
2026-03-21 18:45:40,168 [INFO]   S2 Ep  29/100  loss=2.7038 acc=1.4%  val=1.7%  lr=3.40e-05   124s
2026-03-21 18:47:44,210 [INFO]   S2 Ep  30/100  loss=2.7038 acc=1.5%  val=1.9%  lr=3.35e-05   124s
2026-03-21 18:49:47,937 [INFO]   S2 Ep  31/100  loss=2.7035 acc=1.5%  val=2.6%  lr=3.31e-05   124s
2026-03-21 18:49:48,107 [INFO]   ★ best 2.58%
2026-03-21 18:51:52,274 [INFO]   S2 Ep  32/100  loss=2.7037 acc=1.5%  val=2.1%  lr=3.25e-05   124s
2026-03-21 18:53:55,911 [INFO]   S2 Ep  33/100  loss=2.7018 acc=1.5%  val=2.3%  lr=3.20e-05   124s
2026-03-21 18:55:59,994 [INFO]   S2 Ep  34/100  loss=2.7015 acc=1.5%  val=2.6%  lr=3.15e-05   124s
2026-03-21 18:56:00,171 [INFO]   ★ best 2.65%
2026-03-21 18:58:03,775 [INFO]   S2 Ep  35/100  loss=2.6996 acc=1.7%  val=2.3%  lr=3.09e-05   124s
2026-03-21 19:00:07,387 [INFO]   S2 Ep  36/100  loss=2.6981 acc=1.6%  val=2.5%  lr=3.04e-05   124s
2026-03-21 19:02:11,469 [INFO]   S2 Ep  37/100  loss=2.6981 acc=1.7%  val=2.7%  lr=2.98e-05   124s
2026-03-21 19:02:11,656 [INFO]   ★ best 2.68%
2026-03-21 19:04:15,231 [INFO]   S2 Ep  38/100  loss=2.6949 acc=1.7%  val=2.7%  lr=2.92e-05   124s
2026-03-21 19:06:19,200 [INFO]   S2 Ep  39/100  loss=2.6972 acc=1.7%  val=2.4%  lr=2.86e-05   124s
2026-03-21 19:08:22,703 [INFO]   S2 Ep  40/100  loss=2.6936 acc=2.0%  val=2.8%  lr=2.80e-05   124s
2026-03-21 19:08:22,867 [INFO]   ★ best 2.78%
2026-03-21 19:10:26,831 [INFO]   S2 Ep  41/100  loss=2.6923 acc=1.9%  val=3.0%  lr=2.74e-05   124s
2026-03-21 19:10:27,008 [INFO]   ★ best 3.02%
2026-03-21 19:12:30,947 [INFO]   S2 Ep  42/100  loss=2.6908 acc=2.0%  val=3.1%  lr=2.68e-05   124s
2026-03-21 19:12:31,125 [INFO]   ★ best 3.09%
2026-03-21 19:14:34,806 [INFO]   S2 Ep  43/100  loss=2.6895 acc=2.1%  val=3.6%  lr=2.62e-05   124s
2026-03-21 19:14:34,989 [INFO]   ★ best 3.63%
2026-03-21 19:16:39,135 [INFO]   S2 Ep  44/100  loss=2.6874 acc=2.1%  val=3.4%  lr=2.55e-05   124s
2026-03-21 19:18:42,842 [INFO]   S2 Ep  45/100  loss=2.6846 acc=2.2%  val=3.7%  lr=2.49e-05   124s
2026-03-21 19:18:43,005 [INFO]   ★ best 3.73%
2026-03-21 19:20:47,122 [INFO]   S2 Ep  46/100  loss=2.6847 acc=2.4%  val=3.6%  lr=2.43e-05   124s
2026-03-21 19:22:50,710 [INFO]   S2 Ep  47/100  loss=2.6781 acc=2.5%  val=4.2%  lr=2.36e-05   124s
2026-03-21 19:22:50,893 [INFO]   ★ best 4.17%
2026-03-21 19:24:54,553 [INFO]   S2 Ep  48/100  loss=2.6724 acc=2.6%  val=4.4%  lr=2.30e-05   124s
2026-03-21 19:24:54,725 [INFO]   ★ best 4.41%
2026-03-21 19:26:58,755 [INFO]   S2 Ep  49/100  loss=2.6743 acc=2.7%  val=4.7%  lr=2.23e-05   124s
2026-03-21 19:26:58,912 [INFO]   ★ best 4.75%
2026-03-21 19:29:02,657 [INFO]   S2 Ep  50/100  loss=2.6702 acc=2.6%  val=5.5%  lr=2.17e-05   124s
2026-03-21 19:29:02,825 [INFO]   ★ best 5.53%
2026-03-21 19:31:06,927 [INFO]   S2 Ep  51/100  loss=2.6634 acc=2.9%  val=5.3%  lr=2.10e-05   124s
2026-03-21 19:33:10,510 [INFO]   S2 Ep  52/100  loss=2.6594 acc=2.9%  val=5.6%  lr=2.03e-05   124s
2026-03-21 19:33:10,683 [INFO]   ★ best 5.56%
2026-03-21 19:35:14,816 [INFO]   S2 Ep  53/100  loss=2.6538 acc=3.2%  val=5.7%  lr=1.97e-05   124s
2026-03-21 19:35:14,982 [INFO]   ★ best 5.73%
2026-03-21 19:37:18,874 [INFO]   S2 Ep  54/100  loss=2.6540 acc=3.1%  val=6.5%  lr=1.90e-05   124s
2026-03-21 19:37:19,052 [INFO]   ★ best 6.51%
2026-03-21 19:39:22,809 [INFO]   S2 Ep  55/100  loss=2.6473 acc=3.5%  val=6.4%  lr=1.83e-05   124s
2026-03-21 19:41:26,932 [INFO]   S2 Ep  56/100  loss=2.6419 acc=3.5%  val=6.5%  lr=1.77e-05   124s
2026-03-21 19:43:30,615 [INFO]   S2 Ep  57/100  loss=2.6340 acc=3.8%  val=7.0%  lr=1.70e-05   124s
2026-03-21 19:43:30,788 [INFO]   ★ best 6.95%
2026-03-21 19:45:34,921 [INFO]   S2 Ep  58/100  loss=2.6219 acc=4.1%  val=6.5%  lr=1.64e-05   124s
2026-03-21 19:47:38,600 [INFO]   S2 Ep  59/100  loss=2.6281 acc=4.2%  val=7.1%  lr=1.57e-05   124s
2026-03-21 19:47:38,762 [INFO]   ★ best 7.06%
2026-03-21 19:49:42,396 [INFO]   S2 Ep  60/100  loss=2.6191 acc=4.3%  val=7.7%  lr=1.51e-05   124s
2026-03-21 19:49:42,561 [INFO]   ★ best 7.70%
2026-03-21 19:51:46,731 [INFO]   S2 Ep  61/100  loss=2.6101 acc=4.4%  val=9.0%  lr=1.45e-05   124s
2026-03-21 19:51:46,918 [INFO]   ★ best 9.02%
2026-03-21 19:53:50,274 [INFO]   S2 Ep  62/100  loss=2.6079 acc=4.8%  val=7.5%  lr=1.38e-05   123s
2026-03-21 19:55:54,430 [INFO]   S2 Ep  63/100  loss=2.6034 acc=4.7%  val=8.1%  lr=1.32e-05   124s
2026-03-21 19:57:58,069 [INFO]   S2 Ep  64/100  loss=2.5967 acc=4.8%  val=7.9%  lr=1.26e-05   124s
2026-03-21 20:00:02,153 [INFO]   S2 Ep  65/100  loss=2.6005 acc=4.6%  val=9.5%  lr=1.20e-05   124s
2026-03-21 20:00:02,337 [INFO]   ★ best 9.46%
2026-03-21 20:02:05,935 [INFO]   S2 Ep  66/100  loss=2.5913 acc=5.0%  val=9.4%  lr=1.14e-05   124s
2026-03-21 20:04:09,394 [INFO]   S2 Ep  67/100  loss=2.5933 acc=5.2%  val=9.9%  lr=1.08e-05   123s
2026-03-21 20:04:09,574 [INFO]   ★ best 9.91%
2026-03-21 20:06:13,615 [INFO]   S2 Ep  68/100  loss=2.5816 acc=5.3%  val=10.0%  lr=1.02e-05   124s
2026-03-21 20:06:13,774 [INFO]   ★ best 9.97%
2026-03-21 20:08:17,352 [INFO]   S2 Ep  69/100  loss=2.5760 acc=5.5%  val=10.1%  lr=9.62e-06   124s
2026-03-21 20:08:17,538 [INFO]   ★ best 10.11%
2026-03-21 20:10:21,710 [INFO]   S2 Ep  70/100  loss=2.5683 acc=5.9%  val=10.0%  lr=9.06e-06   124s
2026-03-21 20:12:25,429 [INFO]   S2 Ep  71/100  loss=2.5774 acc=5.5%  val=10.2%  lr=8.51e-06   124s
2026-03-21 20:12:25,588 [INFO]   ★ best 10.21%
2026-03-21 20:14:29,316 [INFO]   S2 Ep  72/100  loss=2.5731 acc=5.7%  val=11.3%  lr=7.98e-06   124s
2026-03-21 20:14:29,498 [INFO]   ★ best 11.30%
2026-03-21 20:16:33,637 [INFO]   S2 Ep  73/100  loss=2.5779 acc=5.6%  val=11.9%  lr=7.46e-06   124s
2026-03-21 20:16:33,804 [INFO]   ★ best 11.91%
2026-03-21 20:18:37,463 [INFO]   S2 Ep  74/100  loss=2.5698 acc=6.0%  val=10.2%  lr=6.95e-06   124s
2026-03-21 20:20:41,663 [INFO]   S2 Ep  75/100  loss=2.5703 acc=5.7%  val=11.3%  lr=6.45e-06   124s
2026-03-21 20:22:45,202 [INFO]   S2 Ep  76/100  loss=2.5643 acc=5.9%  val=11.4%  lr=5.98e-06   124s
2026-03-21 20:24:49,282 [INFO]   S2 Ep  77/100  loss=2.5681 acc=5.7%  val=12.0%  lr=5.51e-06   124s
2026-03-21 20:24:49,440 [INFO]   ★ best 11.97%
2026-03-21 20:26:53,001 [INFO]   S2 Ep  78/100  loss=2.5715 acc=6.1%  val=12.2%  lr=5.06e-06   124s
2026-03-21 20:26:53,169 [INFO]   ★ best 12.25%
2026-03-21 20:28:56,878 [INFO]   S2 Ep  79/100  loss=2.5626 acc=6.7%  val=12.1%  lr=4.63e-06   124s
2026-03-21 20:31:01,094 [INFO]   S2 Ep  80/100  loss=2.5651 acc=6.0%  val=12.0%  lr=4.22e-06   124s
2026-03-21 20:33:04,855 [INFO]   S2 Ep  81/100  loss=2.5586 acc=6.3%  val=11.8%  lr=3.82e-06   124s
2026-03-21 20:35:09,094 [INFO]   S2 Ep  82/100  loss=2.5582 acc=6.6%  val=12.4%  lr=3.44e-06   124s
2026-03-21 20:35:09,345 [INFO]   ★ best 12.45%
2026-03-21 20:37:12,792 [INFO]   S2 Ep  83/100  loss=2.5550 acc=6.4%  val=12.1%  lr=3.08e-06   123s
2026-03-21 20:39:16,450 [INFO]   S2 Ep  84/100  loss=2.5539 acc=6.5%  val=12.2%  lr=2.74e-06   124s
2026-03-21 20:41:20,530 [INFO]   S2 Ep  85/100  loss=2.5562 acc=6.7%  val=12.6%  lr=2.41e-06   124s
2026-03-21 20:41:20,686 [INFO]   ★ best 12.58%
2026-03-21 20:43:24,276 [INFO]   S2 Ep  86/100  loss=2.5617 acc=6.3%  val=12.4%  lr=2.11e-06   124s
2026-03-21 20:45:28,352 [INFO]   S2 Ep  87/100  loss=2.5489 acc=6.6%  val=12.4%  lr=1.82e-06   124s
2026-03-21 20:47:32,077 [INFO]   S2 Ep  88/100  loss=2.5518 acc=6.7%  val=12.6%  lr=1.56e-06   124s
2026-03-21 20:49:36,137 [INFO]   S2 Ep  89/100  loss=2.5566 acc=6.5%  val=12.4%  lr=1.31e-06   124s
2026-03-21 20:51:39,863 [INFO]   S2 Ep  90/100  loss=2.5512 acc=6.6%  val=12.6%  lr=1.08e-06   124s
2026-03-21 20:53:43,467 [INFO]   S2 Ep  91/100  loss=2.5516 acc=6.7%  val=12.4%  lr=8.80e-07   124s
2026-03-21 20:55:47,607 [INFO]   S2 Ep  92/100  loss=2.5491 acc=6.8%  val=12.5%  lr=6.97e-07   124s
2026-03-21 20:57:51,342 [INFO]   S2 Ep  93/100  loss=2.5497 acc=6.9%  val=12.7%  lr=5.35e-07   124s
2026-03-21 20:57:51,519 [INFO]   ★ best 12.69%
2026-03-21 20:59:55,660 [INFO]   S2 Ep  94/100  loss=2.5595 acc=6.5%  val=12.6%  lr=3.94e-07   124s
2026-03-21 21:01:59,176 [INFO]   S2 Ep  95/100  loss=2.5459 acc=6.8%  val=12.5%  lr=2.74e-07   124s
2026-03-21 21:04:03,038 [INFO]   S2 Ep  96/100  loss=2.5500 acc=6.7%  val=12.7%  lr=1.76e-07   124s
2026-03-21 21:06:06,970 [INFO]   S2 Ep  97/100  loss=2.5569 acc=6.6%  val=12.6%  lr=9.98e-08   124s
2026-03-21 21:08:10,643 [INFO]   S2 Ep  98/100  loss=2.5502 acc=6.9%  val=12.6%  lr=4.52e-08   124s
2026-03-21 21:10:14,767 [INFO]   S2 Ep  99/100  loss=2.5490 acc=6.6%  val=12.6%  lr=1.25e-08   124s
2026-03-21 21:12:18,443 [INFO]   S2 Ep 100/100  loss=2.5491 acc=7.1%  val=12.6%  lr=1.60e-09   124s
2026-03-21 21:12:18,444 [INFO] ── Stage 3: SWA (15 ep, lr=4.0e-06) ──
2026-03-21 21:14:22,736 [INFO]   SWA Ep  1/15  loss=2.5635  swa_val=10.9%  124s
2026-03-21 21:16:26,299 [INFO]   SWA Ep  2/15  loss=2.5548  swa_val=10.8%  124s
2026-03-21 21:18:29,807 [INFO]   SWA Ep  3/15  loss=2.5546  swa_val=11.5%  124s
2026-03-21 21:20:33,831 [INFO]   SWA Ep  4/15  loss=2.5587  swa_val=12.0%  124s
2026-03-21 21:22:37,410 [INFO]   SWA Ep  5/15  loss=2.5463  swa_val=12.2%  124s
2026-03-21 21:24:41,464 [INFO]   SWA Ep  6/15  loss=2.5517  swa_val=12.5%  124s
2026-03-21 21:26:45,051 [INFO]   SWA Ep  7/15  loss=2.5437  swa_val=12.7%  124s
2026-03-21 21:28:48,753 [INFO]   SWA Ep  8/15  loss=2.5442  swa_val=13.1%  124s
2026-03-21 21:30:52,437 [INFO]   SWA Ep  9/15  loss=2.5413  swa_val=13.1%  124s
2026-03-21 21:32:55,890 [INFO]   SWA Ep 10/15  loss=2.5395  swa_val=13.4%  123s
2026-03-21 21:34:59,855 [INFO]   SWA Ep 11/15  loss=2.5399  swa_val=13.6%  124s
2026-03-21 21:37:03,383 [INFO]   SWA Ep 12/15  loss=2.5413  swa_val=13.5%  124s
2026-03-21 21:39:07,369 [INFO]   SWA Ep 13/15  loss=2.5393  swa_val=13.5%  124s
2026-03-21 21:41:10,852 [INFO]   SWA Ep 14/15  loss=2.5337  swa_val=13.4%  123s
2026-03-21 21:43:14,452 [INFO]   SWA Ep 15/15  loss=2.5287  swa_val=13.4%  124s
2026-03-21 21:43:14,453 [INFO]   Updating BN stats for SWA model …
2026-03-21 21:43:21,017 [INFO]   SWA final: 13.36% (regular best: 12.69%)
2026-03-21 21:43:21,187 [INFO]   ★ SWA beats regular! 13.36%
2026-03-21 21:43:21,187 [INFO]   Fold 3 best: 13.36%
2026-03-21 21:43:22,562 [INFO] ================================================================
2026-03-21 21:43:22,563 [INFO] FOLD 4 / 5
2026-03-21 21:43:22,563 [INFO] ================================================================
2026-03-21 21:43:22,565 [INFO]   Train: 11794 | Val: 2948
2026-03-21 21:43:22,788 [INFO] Loading pretrained weights from Hugging Face hub (timm/convnext_tiny.fb_in22k_ft_in1k)
2026-03-21 21:43:23,014 [INFO] HTTP Request: HEAD https://huggingface.co/timm/convnext_tiny.fb_in22k_ft_in1k/resolve/main/model.safetensors "HTTP/1.1 302 Found"
2026-03-21 21:43:23,015 [INFO] [timm/convnext_tiny.fb_in22k_ft_in1k] Safe alternative available for 'pytorch_model.bin' (as 'model.safetensors'). Loading weights using safetensors.
2026-03-21 21:43:23,030 [INFO] Missing keys (head.fc.weight, head.fc.bias) discovered while loading pretrained weights. This is expected if model is being adapted.
2026-03-21 21:43:23,690 [INFO]   Partial born-again ← best_fold3.pt (val 90.54%)
2026-03-21 21:43:23,691 [INFO]     Transferred: 184 params, Missing (V1-only): 18, Unexpected (V2-only): 36
2026-03-21 21:43:23,691 [INFO] ── Stage 1: head warmup (5 ep) ──
2026-03-21 21:44:04,141 [INFO]   S1 Ep 1/5  loss=2.7538 acc=0.7%  val=0.8%  40s
2026-03-21 21:44:04,274 [INFO]   ★ best 0.78%
2026-03-21 21:44:41,979 [INFO]   S1 Ep 2/5  loss=2.7500 acc=0.7%  val=0.8%  38s
2026-03-21 21:45:19,590 [INFO]   S1 Ep 3/5  loss=2.7462 acc=0.8%  val=0.8%  38s
2026-03-21 21:45:57,152 [INFO]   S1 Ep 4/5  loss=2.7443 acc=0.6%  val=0.8%  38s
2026-03-21 21:46:34,312 [INFO]   S1 Ep 5/5  loss=2.7424 acc=0.8%  val=1.1%  37s
2026-03-21 21:46:34,472 [INFO]   ★ best 1.05%
2026-03-21 21:46:34,473 [INFO] ── Stage 2: full fine-tune (100 ep, patience 30) ──
2026-03-21 21:46:34,474 [INFO] LLRD: 12 groups, LR [9.49e-06 … 4.00e-05]
2026-03-21 21:48:38,533 [INFO]   S2 Ep   1/100  loss=2.7421 acc=0.7%  val=0.9%  lr=5.27e-06   124s
2026-03-21 21:50:42,251 [INFO]   S2 Ep   2/100  loss=2.7423 acc=0.7%  val=0.9%  lr=1.49e-05   124s
2026-03-21 21:52:46,346 [INFO]   S2 Ep   3/100  loss=2.7425 acc=0.8%  val=0.8%  lr=2.67e-05   124s
2026-03-21 21:54:50,027 [INFO]   S2 Ep   4/100  loss=2.7429 acc=0.8%  val=0.8%  lr=3.63e-05   124s
2026-03-21 21:56:53,943 [INFO]   S2 Ep   5/100  loss=2.7429 acc=0.6%  val=0.8%  lr=4.00e-05   124s
2026-03-21 21:58:57,826 [INFO]   S2 Ep   6/100  loss=2.7429 acc=0.8%  val=0.7%  lr=4.00e-05   124s
2026-03-21 22:01:01,609 [INFO]   S2 Ep   7/100  loss=2.7426 acc=0.8%  val=0.8%  lr=4.00e-05   124s
2026-03-21 22:03:05,728 [INFO]   S2 Ep   8/100  loss=2.7426 acc=0.7%  val=0.9%  lr=3.99e-05   124s
2026-03-21 22:05:09,384 [INFO]   S2 Ep   9/100  loss=2.7426 acc=0.6%  val=0.8%  lr=3.98e-05   124s
2026-03-21 22:07:13,555 [INFO]   S2 Ep  10/100  loss=2.7426 acc=0.7%  val=0.8%  lr=3.97e-05   124s
2026-03-21 22:09:17,271 [INFO]   S2 Ep  11/100  loss=2.7426 acc=0.7%  val=0.8%  lr=3.96e-05   124s
2026-03-21 22:11:20,968 [INFO]   S2 Ep  12/100  loss=2.7423 acc=0.6%  val=0.8%  lr=3.95e-05   124s
2026-03-21 22:13:25,135 [INFO]   S2 Ep  13/100  loss=2.7424 acc=0.6%  val=0.8%  lr=3.93e-05   124s
2026-03-21 22:15:28,777 [INFO]   S2 Ep  14/100  loss=2.7424 acc=0.7%  val=0.8%  lr=3.91e-05   124s
2026-03-21 22:17:32,850 [INFO]   S2 Ep  15/100  loss=2.7424 acc=0.6%  val=0.8%  lr=3.89e-05   124s
2026-03-21 22:19:36,398 [INFO]   S2 Ep  16/100  loss=2.7423 acc=0.6%  val=0.8%  lr=3.87e-05   124s
2026-03-21 22:21:40,511 [INFO]   S2 Ep  17/100  loss=2.7422 acc=0.7%  val=0.8%  lr=3.84e-05   124s
2026-03-21 22:23:44,138 [INFO]   S2 Ep  18/100  loss=2.7424 acc=0.7%  val=0.7%  lr=3.82e-05   124s
2026-03-21 22:25:47,877 [INFO]   S2 Ep  19/100  loss=2.7422 acc=0.7%  val=0.8%  lr=3.79e-05   124s
2026-03-21 22:27:52,027 [INFO]   S2 Ep  20/100  loss=2.7422 acc=0.7%  val=0.8%  lr=3.76e-05   124s
2026-03-21 22:29:55,804 [INFO]   S2 Ep  21/100  loss=2.7422 acc=0.6%  val=0.8%  lr=3.73e-05   124s
2026-03-21 22:31:59,919 [INFO]   S2 Ep  22/100  loss=2.7422 acc=0.6%  val=0.8%  lr=3.69e-05   124s
2026-03-21 22:34:03,529 [INFO]   S2 Ep  23/100  loss=2.7420 acc=0.7%  val=1.0%  lr=3.66e-05   124s
2026-03-21 22:36:07,083 [INFO]   S2 Ep  24/100  loss=2.7420 acc=0.7%  val=0.8%  lr=3.62e-05   124s
2026-03-21 22:38:11,260 [INFO]   S2 Ep  25/100  loss=2.7418 acc=0.7%  val=0.8%  lr=3.58e-05   124s
2026-03-21 22:40:14,990 [INFO]   S2 Ep  26/100  loss=2.7417 acc=0.6%  val=1.3%  lr=3.54e-05   124s
2026-03-21 22:40:15,176 [INFO]   ★ best 1.26%
2026-03-21 22:42:19,331 [INFO]   S2 Ep  27/100  loss=2.7397 acc=0.9%  val=1.4%  lr=3.49e-05   124s
2026-03-21 22:42:19,545 [INFO]   ★ best 1.36%
2026-03-21 22:44:23,201 [INFO]   S2 Ep  28/100  loss=2.7315 acc=1.1%  val=1.2%  lr=3.45e-05   124s
2026-03-21 22:46:27,409 [INFO]   S2 Ep  29/100  loss=2.7216 acc=1.2%  val=1.4%  lr=3.40e-05   124s
2026-03-21 22:48:30,856 [INFO]   S2 Ep  30/100  loss=2.7170 acc=1.2%  val=1.5%  lr=3.35e-05   123s
2026-03-21 22:48:31,046 [INFO]   ★ best 1.53%
2026-03-21 22:50:34,940 [INFO]   S2 Ep  31/100  loss=2.7129 acc=1.3%  val=1.6%  lr=3.31e-05   124s
2026-03-21 22:50:35,097 [INFO]   ★ best 1.63%
2026-03-21 22:52:39,387 [INFO]   S2 Ep  32/100  loss=2.7119 acc=1.4%  val=1.4%  lr=3.25e-05   124s
2026-03-21 22:54:43,274 [INFO]   S2 Ep  33/100  loss=2.7112 acc=1.3%  val=1.4%  lr=3.20e-05   124s
2026-03-21 22:56:47,535 [INFO]   S2 Ep  34/100  loss=2.7102 acc=1.3%  val=1.3%  lr=3.15e-05   124s
2026-03-21 22:58:51,325 [INFO]   S2 Ep  35/100  loss=2.7095 acc=1.3%  val=1.5%  lr=3.09e-05   124s
2026-03-21 23:00:55,078 [INFO]   S2 Ep  36/100  loss=2.7083 acc=1.2%  val=1.8%  lr=3.04e-05   124s
2026-03-21 23:00:55,247 [INFO]   ★ best 1.76%
2026-03-21 23:02:59,462 [INFO]   S2 Ep  37/100  loss=2.7060 acc=1.3%  val=1.9%  lr=2.98e-05   124s
2026-03-21 23:02:59,638 [INFO]   ★ best 1.87%
2026-03-21 23:05:03,552 [INFO]   S2 Ep  38/100  loss=2.7069 acc=1.4%  val=1.5%  lr=2.92e-05   124s
2026-03-21 23:07:07,860 [INFO]   S2 Ep  39/100  loss=2.7055 acc=1.5%  val=2.2%  lr=2.86e-05   124s
2026-03-21 23:07:08,036 [INFO]   ★ best 2.20%
2026-03-21 23:09:11,888 [INFO]   S2 Ep  40/100  loss=2.7061 acc=1.5%  val=1.7%  lr=2.80e-05   124s
2026-03-21 23:11:16,210 [INFO]   S2 Ep  41/100  loss=2.7054 acc=1.4%  val=1.9%  lr=2.74e-05   124s
2026-03-21 23:13:19,970 [INFO]   S2 Ep  42/100  loss=2.7027 acc=1.6%  val=1.8%  lr=2.68e-05   124s
2026-03-21 23:15:23,788 [INFO]   S2 Ep  43/100  loss=2.7011 acc=1.6%  val=2.1%  lr=2.62e-05   124s
2026-03-21 23:17:28,052 [INFO]   S2 Ep  44/100  loss=2.6994 acc=1.5%  val=2.1%  lr=2.55e-05   124s
2026-03-21 23:19:31,888 [INFO]   S2 Ep  45/100  loss=2.6968 acc=1.8%  val=2.0%  lr=2.49e-05   124s
2026-03-21 23:21:36,187 [INFO]   S2 Ep  46/100  loss=2.6978 acc=1.9%  val=2.1%  lr=2.43e-05   124s
2026-03-21 23:23:40,001 [INFO]   S2 Ep  47/100  loss=2.6950 acc=1.7%  val=2.5%  lr=2.36e-05   124s
2026-03-21 23:23:40,186 [INFO]   ★ best 2.48%
2026-03-21 23:25:43,884 [INFO]   S2 Ep  48/100  loss=2.6914 acc=1.8%  val=2.5%  lr=2.30e-05   124s
2026-03-21 23:27:48,129 [INFO]   S2 Ep  49/100  loss=2.6934 acc=1.9%  val=2.7%  lr=2.23e-05   124s
2026-03-21 23:27:48,297 [INFO]   ★ best 2.75%
2026-03-21 23:29:52,136 [INFO]   S2 Ep  50/100  loss=2.6902 acc=2.1%  val=2.7%  lr=2.17e-05   124s
2026-03-21 23:31:56,476 [INFO]   S2 Ep  51/100  loss=2.6900 acc=2.1%  val=2.7%  lr=2.10e-05   124s
2026-03-21 23:34:00,315 [INFO]   S2 Ep  52/100  loss=2.6863 acc=2.3%  val=2.8%  lr=2.03e-05   124s
2026-03-21 23:34:00,489 [INFO]   ★ best 2.82%
2026-03-21 23:36:04,681 [INFO]   S2 Ep  53/100  loss=2.6831 acc=2.2%  val=3.3%  lr=1.97e-05   124s
2026-03-21 23:36:04,870 [INFO]   ★ best 3.26%
2026-03-21 23:38:07,271 [INFO]   S2 Ep  54/100  loss=2.6792 acc=2.3%  val=3.6%  lr=1.90e-05   122s
2026-03-21 23:38:07,440 [INFO]   ★ best 3.56%
2026-03-21 23:40:05,835 [INFO]   S2 Ep  55/100  loss=2.6735 acc=2.6%  val=4.1%  lr=1.83e-05   118s
2026-03-21 23:40:06,019 [INFO]   ★ best 4.07%
2026-03-21 23:41:51,947 [INFO]   S2 Ep  56/100  loss=2.6730 acc=2.7%  val=4.5%  lr=1.77e-05   106s
2026-03-21 23:41:52,131 [INFO]   ★ best 4.48%
2026-03-21 23:43:48,291 [INFO]   S2 Ep  57/100  loss=2.6648 acc=2.8%  val=4.7%  lr=1.70e-05   116s
2026-03-21 23:43:48,472 [INFO]   ★ best 4.75%
2026-03-21 23:45:43,889 [INFO]   S2 Ep  58/100  loss=2.6577 acc=3.2%  val=4.8%  lr=1.64e-05   115s
2026-03-21 23:45:44,055 [INFO]   ★ best 4.78%
2026-03-21 23:47:46,283 [INFO]   S2 Ep  59/100  loss=2.6492 acc=3.1%  val=5.0%  lr=1.57e-05   122s
2026-03-21 23:47:46,444 [INFO]   ★ best 5.02%
2026-03-21 23:49:49,929 [INFO]   S2 Ep  60/100  loss=2.6373 acc=3.5%  val=4.7%  lr=1.51e-05   123s
2026-03-21 23:51:54,084 [INFO]   S2 Ep  61/100  loss=2.6339 acc=3.4%  val=5.1%  lr=1.45e-05   124s
2026-03-21 23:51:54,251 [INFO]   ★ best 5.12%
2026-03-21 23:53:57,840 [INFO]   S2 Ep  62/100  loss=2.6330 acc=3.5%  val=5.9%  lr=1.38e-05   124s
2026-03-21 23:53:58,008 [INFO]   ★ best 5.94%
2026-03-21 23:56:02,097 [INFO]   S2 Ep  63/100  loss=2.6265 acc=3.7%  val=5.7%  lr=1.32e-05   124s
2026-03-21 23:58:05,484 [INFO]   S2 Ep  64/100  loss=2.6191 acc=4.0%  val=5.9%  lr=1.26e-05   123s
2026-03-22 00:00:09,584 [INFO]   S2 Ep  65/100  loss=2.6193 acc=3.9%  val=5.8%  lr=1.20e-05   124s
2026-03-22 00:02:13,077 [INFO]   S2 Ep  66/100  loss=2.6156 acc=4.1%  val=6.4%  lr=1.14e-05   123s
2026-03-22 00:02:13,244 [INFO]   ★ best 6.38%
2026-03-22 00:04:17,013 [INFO]   S2 Ep  67/100  loss=2.6072 acc=4.4%  val=6.5%  lr=1.08e-05   124s
2026-03-22 00:04:17,190 [INFO]   ★ best 6.48%
2026-03-22 00:06:21,343 [INFO]   S2 Ep  68/100  loss=2.6113 acc=3.9%  val=7.7%  lr=1.02e-05   124s
2026-03-22 00:06:21,516 [INFO]   ★ best 7.73%
2026-03-22 00:08:25,019 [INFO]   S2 Ep  69/100  loss=2.6102 acc=4.4%  val=6.8%  lr=9.62e-06   124s
2026-03-22 00:10:29,149 [INFO]   S2 Ep  70/100  loss=2.6116 acc=4.2%  val=7.0%  lr=9.06e-06   124s
2026-03-22 00:12:32,692 [INFO]   S2 Ep  71/100  loss=2.6027 acc=4.6%  val=7.7%  lr=8.51e-06   124s
2026-03-22 00:14:36,480 [INFO]   S2 Ep  72/100  loss=2.5974 acc=4.9%  val=7.5%  lr=7.98e-06   124s
2026-03-22 00:16:40,407 [INFO]   S2 Ep  73/100  loss=2.5940 acc=4.9%  val=7.8%  lr=7.46e-06   124s
2026-03-22 00:16:40,574 [INFO]   ★ best 7.77%
2026-03-22 00:18:44,126 [INFO]   S2 Ep  74/100  loss=2.5927 acc=4.9%  val=7.8%  lr=6.95e-06   124s
2026-03-22 00:18:44,307 [INFO]   ★ best 7.84%
2026-03-22 00:20:48,434 [INFO]   S2 Ep  75/100  loss=2.5906 acc=5.0%  val=7.7%  lr=6.45e-06   124s
2026-03-22 00:22:51,936 [INFO]   S2 Ep  76/100  loss=2.5892 acc=4.9%  val=8.6%  lr=5.98e-06   124s
2026-03-22 00:22:52,102 [INFO]   ★ best 8.65%
2026-03-22 00:24:56,204 [INFO]   S2 Ep  77/100  loss=2.5908 acc=4.8%  val=8.7%  lr=5.51e-06   124s
2026-03-22 00:24:56,383 [INFO]   ★ best 8.68%
2026-03-22 00:27:00,100 [INFO]   S2 Ep  78/100  loss=2.5905 acc=5.2%  val=8.1%  lr=5.06e-06   124s
2026-03-22 00:29:03,644 [INFO]   S2 Ep  79/100  loss=2.5791 acc=5.2%  val=8.4%  lr=4.63e-06   124s
2026-03-22 00:31:07,826 [INFO]   S2 Ep  80/100  loss=2.5813 acc=5.1%  val=9.1%  lr=4.22e-06   124s
2026-03-22 00:31:08,009 [INFO]   ★ best 9.09%
2026-03-22 00:33:11,407 [INFO]   S2 Ep  81/100  loss=2.5823 acc=5.4%  val=8.7%  lr=3.82e-06   123s
2026-03-22 00:35:15,591 [INFO]   S2 Ep  82/100  loss=2.5864 acc=5.1%  val=9.2%  lr=3.44e-06   124s
2026-03-22 00:35:15,763 [INFO]   ★ best 9.16%
2026-03-22 00:37:19,460 [INFO]   S2 Ep  83/100  loss=2.5724 acc=5.6%  val=9.1%  lr=3.08e-06   124s
2026-03-22 00:39:23,240 [INFO]   S2 Ep  84/100  loss=2.5789 acc=5.4%  val=8.3%  lr=2.74e-06   124s
2026-03-22 00:41:27,135 [INFO]   S2 Ep  85/100  loss=2.5835 acc=5.4%  val=9.2%  lr=2.41e-06   124s
2026-03-22 00:41:27,293 [INFO]   ★ best 9.19%
2026-03-22 00:43:31,091 [INFO]   S2 Ep  86/100  loss=2.5806 acc=5.3%  val=9.5%  lr=2.11e-06   124s
2026-03-22 00:43:31,251 [INFO]   ★ best 9.50%
2026-03-22 00:45:35,353 [INFO]   S2 Ep  87/100  loss=2.5807 acc=5.3%  val=9.2%  lr=1.82e-06   124s
2026-03-22 00:47:38,875 [INFO]   S2 Ep  88/100  loss=2.5808 acc=5.4%  val=9.5%  lr=1.56e-06   124s
2026-03-22 00:49:43,019 [INFO]   S2 Ep  89/100  loss=2.5792 acc=5.4%  val=9.2%  lr=1.31e-06   124s
2026-03-22 00:51:46,649 [INFO]   S2 Ep  90/100  loss=2.5785 acc=5.7%  val=9.4%  lr=1.08e-06   124s
2026-03-22 00:53:50,306 [INFO]   S2 Ep  91/100  loss=2.5765 acc=5.4%  val=9.2%  lr=8.80e-07   124s
2026-03-22 00:55:54,426 [INFO]   S2 Ep  92/100  loss=2.5763 acc=5.4%  val=9.3%  lr=6.97e-07   124s
2026-03-22 00:57:58,220 [INFO]   S2 Ep  93/100  loss=2.5773 acc=5.4%  val=9.4%  lr=5.35e-07   124s
2026-03-22 01:00:02,246 [INFO]   S2 Ep  94/100  loss=2.5791 acc=5.6%  val=9.3%  lr=3.94e-07   124s
2026-03-22 01:02:05,811 [INFO]   S2 Ep  95/100  loss=2.5751 acc=5.4%  val=9.4%  lr=2.74e-07   124s
2026-03-22 01:04:09,645 [INFO]   S2 Ep  96/100  loss=2.5768 acc=5.4%  val=9.4%  lr=1.76e-07   124s
2026-03-22 01:06:13,554 [INFO]   S2 Ep  97/100  loss=2.5760 acc=5.7%  val=9.6%  lr=9.98e-08   124s
2026-03-22 01:06:13,723 [INFO]   ★ best 9.57%
2026-03-22 01:08:17,391 [INFO]   S2 Ep  98/100  loss=2.5746 acc=5.7%  val=9.6%  lr=4.52e-08   124s
2026-03-22 01:10:21,516 [INFO]   S2 Ep  99/100  loss=2.5778 acc=5.6%  val=9.5%  lr=1.25e-08   124s
2026-03-22 01:12:25,197 [INFO]   S2 Ep 100/100  loss=2.5859 acc=5.4%  val=9.5%  lr=1.60e-09   124s
2026-03-22 01:12:25,198 [INFO] ── Stage 3: SWA (15 ep, lr=4.0e-06) ──
2026-03-22 01:14:29,672 [INFO]   SWA Ep  1/15  loss=2.5849  swa_val=9.5%  124s
2026-03-22 01:16:33,264 [INFO]   SWA Ep  2/15  loss=2.5787  swa_val=9.4%  124s
2026-03-22 01:18:36,801 [INFO]   SWA Ep  3/15  loss=2.5711  swa_val=10.0%  124s
2026-03-22 01:20:40,765 [INFO]   SWA Ep  4/15  loss=2.5805  swa_val=9.8%  124s
2026-03-22 01:22:44,460 [INFO]   SWA Ep  5/15  loss=2.5752  swa_val=10.0%  124s
2026-03-22 01:24:48,518 [INFO]   SWA Ep  6/15  loss=2.5710  swa_val=10.4%  124s
2026-03-22 01:26:52,182 [INFO]   SWA Ep  7/15  loss=2.5716  swa_val=10.2%  124s
2026-03-22 01:28:56,164 [INFO]   SWA Ep  8/15  loss=2.5737  swa_val=10.3%  124s
2026-03-22 01:30:59,902 [INFO]   SWA Ep  9/15  loss=2.5660  swa_val=10.2%  124s
2026-03-22 01:33:03,550 [INFO]   SWA Ep 10/15  loss=2.5680  swa_val=10.3%  124s
2026-03-22 01:35:07,623 [INFO]   SWA Ep 11/15  loss=2.5685  swa_val=10.3%  124s
2026-03-22 01:37:11,095 [INFO]   SWA Ep 12/15  loss=2.5695  swa_val=10.3%  123s
2026-03-22 01:39:15,297 [INFO]   SWA Ep 13/15  loss=2.5643  swa_val=10.2%  124s
2026-03-22 01:41:18,785 [INFO]   SWA Ep 14/15  loss=2.5596  swa_val=10.2%  123s
2026-03-22 01:43:22,313 [INFO]   SWA Ep 15/15  loss=2.5615  swa_val=10.4%  124s
2026-03-22 01:43:22,313 [INFO]   Updating BN stats for SWA model …
2026-03-22 01:43:28,929 [INFO]   SWA final: 10.38% (regular best: 9.57%)
2026-03-22 01:43:29,092 [INFO]   ★ SWA beats regular! 10.38%
2026-03-22 01:43:29,092 [INFO]   Fold 4 best: 10.38%
2026-03-22 01:43:30,509 [INFO] ================================================================
2026-03-22 01:43:30,509 [INFO] FOLD 5 / 5
2026-03-22 01:43:30,509 [INFO] ================================================================
2026-03-22 01:43:30,513 [INFO]   Train: 11794 | Val: 2948
2026-03-22 01:43:30,730 [INFO] Loading pretrained weights from Hugging Face hub (timm/convnext_tiny.fb_in22k_ft_in1k)
2026-03-22 01:43:30,889 [INFO] HTTP Request: HEAD https://huggingface.co/timm/convnext_tiny.fb_in22k_ft_in1k/resolve/main/model.safetensors "HTTP/1.1 302 Found"
2026-03-22 01:43:30,890 [INFO] [timm/convnext_tiny.fb_in22k_ft_in1k] Safe alternative available for 'pytorch_model.bin' (as 'model.safetensors'). Loading weights using safetensors.
2026-03-22 01:43:30,905 [INFO] Missing keys (head.fc.weight, head.fc.bias) discovered while loading pretrained weights. This is expected if model is being adapted.
2026-03-22 01:43:31,648 [INFO]   Partial born-again ← best_fold4.pt (val 89.31%)
2026-03-22 01:43:31,649 [INFO]     Transferred: 184 params, Missing (V1-only): 18, Unexpected (V2-only): 36
2026-03-22 01:43:31,649 [INFO] ── Stage 1: head warmup (5 ep) ──
2026-03-22 01:44:12,008 [INFO]   S1 Ep 1/5  loss=2.7578 acc=0.8%  val=0.8%  40s
2026-03-22 01:44:12,146 [INFO]   ★ best 0.78%
2026-03-22 01:44:49,830 [INFO]   S1 Ep 2/5  loss=2.7521 acc=0.6%  val=0.8%  38s
2026-03-22 01:45:27,387 [INFO]   S1 Ep 3/5  loss=2.7482 acc=0.7%  val=0.8%  38s
2026-03-22 01:46:04,978 [INFO]   S1 Ep 4/5  loss=2.7451 acc=0.6%  val=0.8%  38s
2026-03-22 01:46:42,053 [INFO]   S1 Ep 5/5  loss=2.7431 acc=0.8%  val=0.9%  37s
2026-03-22 01:46:42,215 [INFO]   ★ best 0.92%
2026-03-22 01:46:42,215 [INFO] ── Stage 2: full fine-tune (100 ep, patience 30) ──
2026-03-22 01:46:42,216 [INFO] LLRD: 12 groups, LR [9.49e-06 … 4.00e-05]
2026-03-22 01:48:46,309 [INFO]   S2 Ep   1/100  loss=2.7423 acc=0.8%  val=0.8%  lr=5.27e-06   124s
2026-03-22 01:50:49,801 [INFO]   S2 Ep   2/100  loss=2.7427 acc=0.7%  val=0.8%  lr=1.49e-05   123s
2026-03-22 01:52:53,921 [INFO]   S2 Ep   3/100  loss=2.7431 acc=0.7%  val=0.8%  lr=2.67e-05   124s
2026-03-22 01:54:57,685 [INFO]   S2 Ep   4/100  loss=2.7434 acc=0.8%  val=0.8%  lr=3.63e-05   124s
2026-03-22 01:57:01,754 [INFO]   S2 Ep   5/100  loss=2.7435 acc=0.5%  val=0.8%  lr=4.00e-05   124s
2026-03-22 01:59:05,219 [INFO]   S2 Ep   6/100  loss=2.7434 acc=0.7%  val=0.8%  lr=4.00e-05   123s
2026-03-22 02:01:08,932 [INFO]   S2 Ep   7/100  loss=2.7433 acc=0.7%  val=0.8%  lr=4.00e-05   124s
2026-03-22 02:03:13,097 [INFO]   S2 Ep   8/100  loss=2.7432 acc=0.8%  val=0.7%  lr=3.99e-05   124s
2026-03-22 02:05:16,812 [INFO]   S2 Ep   9/100  loss=2.7432 acc=0.7%  val=0.8%  lr=3.98e-05   124s
2026-03-22 02:07:21,045 [INFO]   S2 Ep  10/100  loss=2.7429 acc=0.8%  val=0.5%  lr=3.97e-05   124s
2026-03-22 02:09:24,791 [INFO]   S2 Ep  11/100  loss=2.7430 acc=0.6%  val=0.8%  lr=3.96e-05   124s
2026-03-22 02:11:28,548 [INFO]   S2 Ep  12/100  loss=2.7430 acc=0.7%  val=0.7%  lr=3.95e-05   124s
2026-03-22 02:13:32,508 [INFO]   S2 Ep  13/100  loss=2.7426 acc=0.7%  val=0.8%  lr=3.93e-05   124s
2026-03-22 02:15:36,107 [INFO]   S2 Ep  14/100  loss=2.7427 acc=0.7%  val=1.0%  lr=3.91e-05   124s
2026-03-22 02:15:36,285 [INFO]   ★ best 0.98%
2026-03-22 02:17:40,367 [INFO]   S2 Ep  15/100  loss=2.7428 acc=0.7%  val=0.8%  lr=3.89e-05   124s
2026-03-22 02:19:44,044 [INFO]   S2 Ep  16/100  loss=2.7427 acc=0.7%  val=0.7%  lr=3.87e-05   124s
2026-03-22 02:21:48,174 [INFO]   S2 Ep  17/100  loss=2.7422 acc=0.7%  val=0.8%  lr=3.84e-05   124s
2026-03-22 02:23:51,862 [INFO]   S2 Ep  18/100  loss=2.7410 acc=0.9%  val=0.8%  lr=3.82e-05   124s
2026-03-22 02:25:55,548 [INFO]   S2 Ep  19/100  loss=2.7371 acc=0.9%  val=1.2%  lr=3.79e-05   124s
2026-03-22 02:25:55,706 [INFO]   ★ best 1.19%
2026-03-22 02:27:59,760 [INFO]   S2 Ep  20/100  loss=2.7321 acc=1.0%  val=1.3%  lr=3.76e-05   124s
2026-03-22 02:27:59,927 [INFO]   ★ best 1.26%
2026-03-22 02:30:03,626 [INFO]   S2 Ep  21/100  loss=2.7279 acc=1.0%  val=1.5%  lr=3.73e-05   124s
2026-03-22 02:30:03,804 [INFO]   ★ best 1.46%
2026-03-22 02:32:07,933 [INFO]   S2 Ep  22/100  loss=2.7236 acc=1.2%  val=1.5%  lr=3.69e-05   124s
2026-03-22 02:34:11,745 [INFO]   S2 Ep  23/100  loss=2.7201 acc=1.0%  val=1.6%  lr=3.66e-05   124s
2026-03-22 02:34:11,902 [INFO]   ★ best 1.56%
2026-03-22 02:36:15,699 [INFO]   S2 Ep  24/100  loss=2.7173 acc=1.1%  val=1.7%  lr=3.62e-05   124s
2026-03-22 02:36:15,859 [INFO]   ★ best 1.66%
2026-03-22 02:38:19,790 [INFO]   S2 Ep  25/100  loss=2.7159 acc=1.2%  val=1.4%  lr=3.58e-05   124s
2026-03-22 02:40:23,376 [INFO]   S2 Ep  26/100  loss=2.7148 acc=1.3%  val=1.4%  lr=3.54e-05   124s
2026-03-22 02:42:27,467 [INFO]   S2 Ep  27/100  loss=2.7129 acc=1.3%  val=1.4%  lr=3.49e-05   124s
2026-03-22 02:44:31,118 [INFO]   S2 Ep  28/100  loss=2.7133 acc=1.3%  val=1.4%  lr=3.45e-05   124s
2026-03-22 02:46:35,290 [INFO]   S2 Ep  29/100  loss=2.7117 acc=1.3%  val=1.6%  lr=3.40e-05   124s
2026-03-22 02:48:38,817 [INFO]   S2 Ep  30/100  loss=2.7104 acc=1.2%  val=1.4%  lr=3.35e-05   124s
2026-03-22 02:50:42,352 [INFO]   S2 Ep  31/100  loss=2.7108 acc=1.2%  val=1.9%  lr=3.31e-05   124s
2026-03-22 02:50:42,520 [INFO]   ★ best 1.87%
2026-03-22 02:52:46,701 [INFO]   S2 Ep  32/100  loss=2.7091 acc=1.2%  val=1.9%  lr=3.25e-05   124s
2026-03-22 02:54:50,384 [INFO]   S2 Ep  33/100  loss=2.7084 acc=1.2%  val=1.9%  lr=3.20e-05   124s
2026-03-22 02:56:54,559 [INFO]   S2 Ep  34/100  loss=2.7078 acc=1.5%  val=1.5%  lr=3.15e-05   124s
2026-03-22 02:58:58,175 [INFO]   S2 Ep  35/100  loss=2.7067 acc=1.3%  val=1.8%  lr=3.09e-05   124s
2026-03-22 03:01:02,082 [INFO]   S2 Ep  36/100  loss=2.7065 acc=1.6%  val=1.8%  lr=3.04e-05   124s
2026-03-22 03:03:06,049 [INFO]   S2 Ep  37/100  loss=2.7063 acc=1.5%  val=1.4%  lr=2.98e-05   124s
2026-03-22 03:05:09,700 [INFO]   S2 Ep  38/100  loss=2.7055 acc=1.6%  val=2.0%  lr=2.92e-05   124s
2026-03-22 03:05:09,866 [INFO]   ★ best 1.97%
2026-03-22 03:07:14,042 [INFO]   S2 Ep  39/100  loss=2.7060 acc=1.5%  val=2.0%  lr=2.86e-05   124s
2026-03-22 03:09:17,740 [INFO]   S2 Ep  40/100  loss=2.7034 acc=1.5%  val=2.2%  lr=2.80e-05   124s
2026-03-22 03:09:17,905 [INFO]   ★ best 2.24%
2026-03-22 03:11:22,058 [INFO]   S2 Ep  41/100  loss=2.7034 acc=1.6%  val=1.9%  lr=2.74e-05   124s
2026-03-22 03:13:25,557 [INFO]   S2 Ep  42/100  loss=2.7012 acc=1.7%  val=2.3%  lr=2.68e-05   123s
2026-03-22 03:13:25,720 [INFO]   ★ best 2.34%
2026-03-22 03:15:29,516 [INFO]   S2 Ep  43/100  loss=2.7008 acc=1.5%  val=2.1%  lr=2.62e-05   124s
2026-03-22 03:17:33,643 [INFO]   S2 Ep  44/100  loss=2.6983 acc=1.8%  val=2.1%  lr=2.55e-05   124s
2026-03-22 03:19:37,118 [INFO]   S2 Ep  45/100  loss=2.6976 acc=1.6%  val=3.0%  lr=2.49e-05   123s
2026-03-22 03:19:37,281 [INFO]   ★ best 2.95%
2026-03-22 03:21:41,378 [INFO]   S2 Ep  46/100  loss=2.6966 acc=1.6%  val=2.6%  lr=2.43e-05   124s
2026-03-22 03:23:45,140 [INFO]   S2 Ep  47/100  loss=2.6928 acc=2.0%  val=2.7%  lr=2.36e-05   124s
2026-03-22 03:25:49,063 [INFO]   S2 Ep  48/100  loss=2.6904 acc=2.0%  val=2.8%  lr=2.30e-05   124s
2026-03-22 03:27:52,837 [INFO]   S2 Ep  49/100  loss=2.6925 acc=2.0%  val=3.5%  lr=2.23e-05   124s
2026-03-22 03:27:53,011 [INFO]   ★ best 3.49%
2026-03-22 03:29:56,627 [INFO]   S2 Ep  50/100  loss=2.6893 acc=2.2%  val=3.0%  lr=2.17e-05   124s
2026-03-22 03:32:00,708 [INFO]   S2 Ep  51/100  loss=2.6860 acc=2.1%  val=4.2%  lr=2.10e-05   124s
2026-03-22 03:32:00,869 [INFO]   ★ best 4.21%
2026-03-22 03:34:04,388 [INFO]   S2 Ep  52/100  loss=2.6790 acc=2.5%  val=4.0%  lr=2.03e-05   124s
2026-03-22 03:36:08,284 [INFO]   S2 Ep  53/100  loss=2.6775 acc=2.5%  val=4.4%  lr=1.97e-05   124s
2026-03-22 03:36:08,457 [INFO]   ★ best 4.41%
2026-03-22 03:38:12,016 [INFO]   S2 Ep  54/100  loss=2.6752 acc=2.6%  val=4.5%  lr=1.90e-05   124s
2026-03-22 03:38:12,188 [INFO]   ★ best 4.51%
2026-03-22 03:40:15,943 [INFO]   S2 Ep  55/100  loss=2.6719 acc=2.7%  val=4.3%  lr=1.83e-05   124s
2026-03-22 03:42:20,038 [INFO]   S2 Ep  56/100  loss=2.6673 acc=2.7%  val=4.1%  lr=1.77e-05   124s
2026-03-22 03:44:23,739 [INFO]   S2 Ep  57/100  loss=2.6651 acc=2.8%  val=4.8%  lr=1.70e-05   124s
2026-03-22 03:44:23,926 [INFO]   ★ best 4.82%
2026-03-22 03:46:28,055 [INFO]   S2 Ep  58/100  loss=2.6594 acc=3.1%  val=5.1%  lr=1.64e-05   124s
2026-03-22 03:46:28,218 [INFO]   ★ best 5.05%
2026-03-22 03:48:31,787 [INFO]   S2 Ep  59/100  loss=2.6572 acc=3.1%  val=5.5%  lr=1.57e-05   124s
2026-03-22 03:48:31,966 [INFO]   ★ best 5.50%
2026-03-22 03:50:36,065 [INFO]   S2 Ep  60/100  loss=2.6503 acc=3.5%  val=5.5%  lr=1.51e-05   124s
2026-03-22 03:50:36,250 [INFO]   ★ best 5.53%
2026-03-22 03:52:39,820 [INFO]   S2 Ep  61/100  loss=2.6420 acc=3.7%  val=5.9%  lr=1.45e-05   124s
2026-03-22 03:52:39,993 [INFO]   ★ best 5.87%
2026-03-22 03:54:43,543 [INFO]   S2 Ep  62/100  loss=2.6421 acc=3.8%  val=6.4%  lr=1.38e-05   124s
2026-03-22 03:54:43,713 [INFO]   ★ best 6.41%
2026-03-22 03:56:47,860 [INFO]   S2 Ep  63/100  loss=2.6385 acc=3.7%  val=7.1%  lr=1.32e-05   124s
2026-03-22 03:56:48,019 [INFO]   ★ best 7.09%
2026-03-22 03:58:51,642 [INFO]   S2 Ep  64/100  loss=2.6239 acc=4.0%  val=6.6%  lr=1.26e-05   124s
2026-03-22 04:00:55,690 [INFO]   S2 Ep  65/100  loss=2.6223 acc=4.2%  val=6.8%  lr=1.20e-05   124s
2026-03-22 04:02:59,227 [INFO]   S2 Ep  66/100  loss=2.6188 acc=4.2%  val=6.7%  lr=1.14e-05   124s
2026-03-22 04:05:02,867 [INFO]   S2 Ep  67/100  loss=2.6084 acc=4.7%  val=7.1%  lr=1.08e-05   124s
2026-03-22 04:07:06,995 [INFO]   S2 Ep  68/100  loss=2.6057 acc=4.5%  val=7.7%  lr=1.02e-05   124s
2026-03-22 04:07:07,162 [INFO]   ★ best 7.73%
2026-03-22 04:09:10,760 [INFO]   S2 Ep  69/100  loss=2.6020 acc=4.7%  val=7.4%  lr=9.62e-06   124s
2026-03-22 04:11:14,949 [INFO]   S2 Ep  70/100  loss=2.5989 acc=4.6%  val=8.0%  lr=9.06e-06   124s
2026-03-22 04:11:15,114 [INFO]   ★ best 7.97%
2026-03-22 04:13:18,725 [INFO]   S2 Ep  71/100  loss=2.5963 acc=5.0%  val=7.9%  lr=8.51e-06   124s
2026-03-22 04:15:22,787 [INFO]   S2 Ep  72/100  loss=2.5947 acc=5.0%  val=8.6%  lr=7.98e-06   124s
2026-03-22 04:15:22,960 [INFO]   ★ best 8.58%
2026-03-22 04:17:26,553 [INFO]   S2 Ep  73/100  loss=2.5990 acc=4.8%  val=8.6%  lr=7.46e-06   124s
2026-03-22 04:17:26,716 [INFO]   ★ best 8.62%
2026-03-22 04:19:30,408 [INFO]   S2 Ep  74/100  loss=2.5920 acc=5.2%  val=9.1%  lr=6.95e-06   124s
2026-03-22 04:19:30,582 [INFO]   ★ best 9.12%
2026-03-22 04:21:34,649 [INFO]   S2 Ep  75/100  loss=2.5864 acc=5.4%  val=9.1%  lr=6.45e-06   124s
2026-03-22 04:23:38,373 [INFO]   S2 Ep  76/100  loss=2.5861 acc=5.4%  val=9.2%  lr=5.98e-06   124s
2026-03-22 04:23:38,542 [INFO]   ★ best 9.23%
2026-03-22 04:25:42,593 [INFO]   S2 Ep  77/100  loss=2.5813 acc=5.8%  val=9.5%  lr=5.51e-06   124s
2026-03-22 04:25:42,752 [INFO]   ★ best 9.53%
2026-03-22 04:27:46,345 [INFO]   S2 Ep  78/100  loss=2.5793 acc=5.4%  val=8.7%  lr=5.06e-06   124s
2026-03-22 04:29:50,084 [INFO]   S2 Ep  79/100  loss=2.5809 acc=5.4%  val=9.1%  lr=4.63e-06   124s
2026-03-22 04:31:54,134 [INFO]   S2 Ep  80/100  loss=2.5769 acc=5.7%  val=9.1%  lr=4.22e-06   124s
2026-03-22 04:33:57,663 [INFO]   S2 Ep  81/100  loss=2.5812 acc=5.7%  val=10.2%  lr=3.82e-06   124s
2026-03-22 04:33:57,835 [INFO]   ★ best 10.21%
2026-03-22 04:36:01,921 [INFO]   S2 Ep  82/100  loss=2.5786 acc=5.3%  val=9.7%  lr=3.44e-06   124s
2026-03-22 04:38:05,619 [INFO]   S2 Ep  83/100  loss=2.5758 acc=5.8%  val=9.8%  lr=3.08e-06   124s
2026-03-22 04:40:09,700 [INFO]   S2 Ep  84/100  loss=2.5753 acc=5.8%  val=10.0%  lr=2.74e-06   124s
2026-03-22 04:42:13,404 [INFO]   S2 Ep  85/100  loss=2.5722 acc=5.6%  val=10.1%  lr=2.41e-06   124s
2026-03-22 04:44:17,179 [INFO]   S2 Ep  86/100  loss=2.5747 acc=5.9%  val=9.6%  lr=2.11e-06   124s
2026-03-22 04:46:21,311 [INFO]   S2 Ep  87/100  loss=2.5721 acc=5.8%  val=9.8%  lr=1.82e-06   124s
2026-03-22 04:48:24,893 [INFO]   S2 Ep  88/100  loss=2.5722 acc=5.7%  val=10.1%  lr=1.56e-06   124s
2026-03-22 04:50:29,041 [INFO]   S2 Ep  89/100  loss=2.5706 acc=5.9%  val=9.9%  lr=1.31e-06   124s
2026-03-22 04:52:32,481 [INFO]   S2 Ep  90/100  loss=2.5694 acc=5.8%  val=10.1%  lr=1.08e-06   123s
2026-03-22 04:54:36,280 [INFO]   S2 Ep  91/100  loss=2.5681 acc=5.8%  val=10.0%  lr=8.80e-07   124s
2026-03-22 04:56:40,155 [INFO]   S2 Ep  92/100  loss=2.5689 acc=5.8%  val=10.1%  lr=6.97e-07   124s
2026-03-22 04:58:43,635 [INFO]   S2 Ep  93/100  loss=2.5696 acc=6.0%  val=10.1%  lr=5.35e-07   123s
2026-03-22 05:00:47,812 [INFO]   S2 Ep  94/100  loss=2.5733 acc=5.7%  val=9.9%  lr=3.94e-07   124s
2026-03-22 05:02:51,455 [INFO]   S2 Ep  95/100  loss=2.5659 acc=6.2%  val=10.1%  lr=2.74e-07   124s
2026-03-22 05:04:55,519 [INFO]   S2 Ep  96/100  loss=2.5702 acc=5.6%  val=10.1%  lr=1.76e-07   124s
2026-03-22 05:06:59,207 [INFO]   S2 Ep  97/100  loss=2.5646 acc=6.2%  val=10.2%  lr=9.98e-08   124s
2026-03-22 05:09:02,928 [INFO]   S2 Ep  98/100  loss=2.5698 acc=6.0%  val=10.2%  lr=4.52e-08   124s
2026-03-22 05:11:07,029 [INFO]   S2 Ep  99/100  loss=2.5653 acc=6.1%  val=10.2%  lr=1.25e-08   124s
2026-03-22 05:13:10,436 [INFO]   S2 Ep 100/100  loss=2.5726 acc=6.0%  val=10.2%  lr=1.60e-09   123s
2026-03-22 05:13:10,602 [INFO]   ★ best 10.24%
2026-03-22 05:13:10,603 [INFO] ── Stage 3: SWA (15 ep, lr=4.0e-06) ──
2026-03-22 05:15:14,972 [INFO]   SWA Ep  1/15  loss=2.5716  swa_val=9.8%  124s
2026-03-22 05:17:18,423 [INFO]   SWA Ep  2/15  loss=2.5676  swa_val=10.6%  123s
2026-03-22 05:19:22,221 [INFO]   SWA Ep  3/15  loss=2.5720  swa_val=10.8%  124s
2026-03-22 05:21:26,046 [INFO]   SWA Ep  4/15  loss=2.5652  swa_val=10.9%  124s
2026-03-22 05:23:29,413 [INFO]   SWA Ep  5/15  loss=2.5624  swa_val=10.7%  123s
2026-03-22 05:25:33,476 [INFO]   SWA Ep  6/15  loss=2.5624  swa_val=10.7%  124s
2026-03-22 05:27:36,875 [INFO]   SWA Ep  7/15  loss=2.5626  swa_val=10.8%  123s
2026-03-22 05:29:40,832 [INFO]   SWA Ep  8/15  loss=2.5650  swa_val=11.1%  124s
2026-03-22 05:31:44,306 [INFO]   SWA Ep  9/15  loss=2.5631  swa_val=11.0%  123s
2026-03-22 05:33:47,892 [INFO]   SWA Ep 10/15  loss=2.5575  swa_val=11.1%  124s
2026-03-22 05:35:51,873 [INFO]   SWA Ep 11/15  loss=2.5472  swa_val=11.3%  124s
2026-03-22 05:37:55,333 [INFO]   SWA Ep 12/15  loss=2.5498  swa_val=11.3%  123s
2026-03-22 05:39:59,304 [INFO]   SWA Ep 13/15  loss=2.5562  swa_val=11.5%  124s
2026-03-22 05:42:02,646 [INFO]   SWA Ep 14/15  loss=2.5488  swa_val=11.8%  123s
2026-03-22 05:44:06,922 [INFO]   SWA Ep 15/15  loss=2.5428  swa_val=11.9%  124s
2026-03-22 05:44:06,947 [INFO]   Updating BN stats for SWA model …
2026-03-22 05:44:13,406 [INFO]   SWA final: 11.94% (regular best: 10.24%)
2026-03-22 05:44:13,560 [INFO]   ★ SWA beats regular! 11.94%
2026-03-22 05:44:13,560 [INFO]   Fold 5 best: 11.94%
2026-03-22 05:44:15,312 [INFO] ================================================================
2026-03-22 05:44:15,312 [INFO] 5-FOLD CV
2026-03-22 05:44:15,312 [INFO] ================================================================
2026-03-22 05:44:15,312 [INFO]   Fold 1 : 13.50%
2026-03-22 05:44:15,312 [INFO]   Fold 2 : 7.73%
2026-03-22 05:44:15,312 [INFO]   Fold 3 : 13.36%
2026-03-22 05:44:15,312 [INFO]   Fold 4 : 10.38%
2026-03-22 05:44:15,312 [INFO]   Fold 5 : 11.94%
2026-03-22 05:44:15,312 [INFO]   Mean: 11.38% ± 2.15%
2026-03-22 06:04:22,389 [INFO] TTA changed 1998 / 9828 (20.3%)
2026-03-22 06:04:22,397 [INFO] Done.
