2026-03-11 07:00:32,542 [INFO] GPU : NVIDIA H200
2026-03-11 07:00:32,542 [INFO] Config : {
  "data_dir": "/data/slr/track-2",
  "output_dir": "/data/slr/checkpoints_v2",
  "max_frames": 48,
  "n_range_bins": 256,
  "n_classes": 126,
  "channel_means": [
    -64.3217,
    -62.9119,
    -63.9254
  ],
  "channel_stds": [
    12.5721,
    11.662,
    11.7259
  ],
  "n_folds": 5,
  "batch_size": 64,
  "num_workers": 4,
  "epochs": 120,
  "lr": 0.001,
  "weight_decay": 0.01,
  "warmup_epochs": 5,
  "label_smoothing": 0.1,
  "early_stopping_patience": 25,
  "grad_clip_norm": 1.0,
  "mixup_alpha": 0.4,
  "cutmix_alpha": 1.0,
  "cutmix_prob": 0.5,
  "time_mask_max": 8,
  "range_mask_max": 30,
  "noise_std": 0.1,
  "time_warp_lo": 0.8,
  "time_warp_hi": 1.2,
  "time_reverse_prob": 0.5,
  "channel_shuffle_prob": 0.2,
  "channel_drop_prob": 0.1,
  "tta_enabled": true,
  "pretrained": true,
  "dropout": 0.3,
  "seed": 42
}
2026-03-11 07:00:32,594 [INFO] Train: 14742  |  Test: 4914  |  Classes: 126
2026-03-11 07:00:32,594 [INFO] Pre-loading training data …
2026-03-11 07:00:35,129 [INFO] Pre-loading test data …
2026-03-11 07:00:35,982 [INFO] ================================================================
2026-03-11 07:00:35,982 [INFO] FOLD 1 / 5
2026-03-11 07:00:35,982 [INFO] ================================================================
2026-03-11 07:00:42,513 [INFO]   Ep   1/120  train 4.8318 / 0.9%  val 4.6896 / 1.7%  lr 1.32e-04     6s
2026-03-11 07:00:42,565 [INFO]   ★ best 1.73% → /data/slr/checkpoints_v2/best_fold0.pt
2026-03-11 07:00:47,349 [INFO]   Ep   2/120  train 4.7019 / 1.6%  val 4.6212 / 1.9%  lr 3.72e-04     5s
2026-03-11 07:00:47,411 [INFO]   ★ best 1.93% → /data/slr/checkpoints_v2/best_fold0.pt
2026-03-11 07:00:52,179 [INFO]   Ep   3/120  train 4.5356 / 3.0%  val 4.2831 / 3.8%  lr 6.69e-04     5s
2026-03-11 07:00:52,233 [INFO]   ★ best 3.76% → /data/slr/checkpoints_v2/best_fold0.pt
2026-03-11 07:00:57,027 [INFO]   Ep   4/120  train 4.3136 / 6.1%  val 3.7678 / 10.9%  lr 9.09e-04     5s
2026-03-11 07:00:57,086 [INFO]   ★ best 10.89% → /data/slr/checkpoints_v2/best_fold0.pt
2026-03-11 07:01:01,867 [INFO]   Ep   5/120  train 4.1580 / 9.3%  val 4.9002 / 5.6%  lr 1.00e-03     5s
2026-03-11 07:01:06,678 [INFO]   Ep   6/120  train 4.0543 / 11.9%  val 3.2791 / 23.8%  lr 1.00e-03     5s
2026-03-11 07:01:06,740 [INFO]   ★ best 23.84% → /data/slr/checkpoints_v2/best_fold0.pt
2026-03-11 07:01:11,536 [INFO]   Ep   7/120  train 3.9004 / 15.2%  val 2.9322 / 31.1%  lr 9.99e-04     5s
2026-03-11 07:01:11,593 [INFO]   ★ best 31.06% → /data/slr/checkpoints_v2/best_fold0.pt
2026-03-11 07:01:16,407 [INFO]   Ep   8/120  train 3.8451 / 17.2%  val 3.0334 / 30.2%  lr 9.98e-04     5s
2026-03-11 07:01:21,193 [INFO]   Ep   9/120  train 3.6904 / 20.8%  val 2.6477 / 39.9%  lr 9.97e-04     5s
2026-03-11 07:01:21,261 [INFO]   ★ best 39.95% → /data/slr/checkpoints_v2/best_fold0.pt
2026-03-11 07:01:26,064 [INFO]   Ep  10/120  train 3.6275 / 22.8%  val 2.7295 / 41.2%  lr 9.95e-04     5s
2026-03-11 07:01:26,127 [INFO]   ★ best 41.23% → /data/slr/checkpoints_v2/best_fold0.pt
2026-03-11 07:01:30,927 [INFO]   Ep  11/120  train 3.6672 / 23.5%  val 2.5874 / 44.2%  lr 9.93e-04     5s
2026-03-11 07:01:30,989 [INFO]   ★ best 44.22% → /data/slr/checkpoints_v2/best_fold0.pt
2026-03-11 07:01:35,801 [INFO]   Ep  12/120  train 3.5427 / 25.3%  val 2.4408 / 46.0%  lr 9.91e-04     5s
2026-03-11 07:01:35,868 [INFO]   ★ best 46.05% → /data/slr/checkpoints_v2/best_fold0.pt
2026-03-11 07:01:40,687 [INFO]   Ep  13/120  train 3.5189 / 27.4%  val 2.3891 / 52.0%  lr 9.88e-04     5s
2026-03-11 07:01:40,745 [INFO]   ★ best 51.98% → /data/slr/checkpoints_v2/best_fold0.pt
2026-03-11 07:01:45,596 [INFO]   Ep  14/120  train 3.3888 / 30.5%  val 2.4129 / 48.0%  lr 9.85e-04     5s
2026-03-11 07:01:50,431 [INFO]   Ep  15/120  train 3.5355 / 27.6%  val 2.5256 / 49.9%  lr 9.81e-04     5s
2026-03-11 07:01:55,265 [INFO]   Ep  16/120  train 3.2473 / 34.5%  val 2.1933 / 55.8%  lr 9.78e-04     5s
2026-03-11 07:01:55,331 [INFO]   ★ best 55.85% → /data/slr/checkpoints_v2/best_fold0.pt
2026-03-11 07:02:00,179 [INFO]   Ep  17/120  train 3.2829 / 33.6%  val 2.1008 / 60.5%  lr 9.73e-04     5s
2026-03-11 07:02:00,248 [INFO]   ★ best 60.50% → /data/slr/checkpoints_v2/best_fold0.pt
2026-03-11 07:02:05,076 [INFO]   Ep  18/120  train 3.1781 / 36.6%  val 2.1384 / 57.8%  lr 9.69e-04     5s
2026-03-11 07:02:09,933 [INFO]   Ep  19/120  train 3.2734 / 35.3%  val 2.0516 / 61.3%  lr 9.64e-04     5s
2026-03-11 07:02:09,994 [INFO]   ★ best 61.28% → /data/slr/checkpoints_v2/best_fold0.pt
2026-03-11 07:02:14,807 [INFO]   Ep  20/120  train 3.1513 / 38.5%  val 1.8940 / 65.6%  lr 9.59e-04     5s
2026-03-11 07:02:14,867 [INFO]   ★ best 65.65% → /data/slr/checkpoints_v2/best_fold0.pt
2026-03-11 07:02:19,703 [INFO]   Ep  21/120  train 3.1112 / 38.9%  val 1.9189 / 64.2%  lr 9.53e-04     5s
2026-03-11 07:02:24,535 [INFO]   Ep  22/120  train 3.0675 / 41.2%  val 1.8234 / 69.4%  lr 9.47e-04     5s
2026-03-11 07:02:24,602 [INFO]   ★ best 69.41% → /data/slr/checkpoints_v2/best_fold0.pt
2026-03-11 07:02:29,418 [INFO]   Ep  23/120  train 3.0177 / 41.9%  val 1.9211 / 64.5%  lr 9.41e-04     5s
2026-03-11 07:02:34,234 [INFO]   Ep  24/120  train 3.0088 / 42.8%  val 1.7803 / 69.2%  lr 9.34e-04     5s
2026-03-11 07:02:39,054 [INFO]   Ep  25/120  train 2.9819 / 43.8%  val 1.7920 / 68.1%  lr 9.27e-04     5s
2026-03-11 07:02:43,891 [INFO]   Ep  26/120  train 2.9547 / 44.2%  val 1.8321 / 71.3%  lr 9.20e-04     5s
2026-03-11 07:02:43,954 [INFO]   ★ best 71.28% → /data/slr/checkpoints_v2/best_fold0.pt
2026-03-11 07:02:48,822 [INFO]   Ep  27/120  train 2.9242 / 45.5%  val 1.7493 / 70.3%  lr 9.12e-04     5s
2026-03-11 07:02:53,678 [INFO]   Ep  28/120  train 2.9561 / 44.0%  val 1.7734 / 70.1%  lr 9.04e-04     5s
2026-03-11 07:02:58,525 [INFO]   Ep  29/120  train 2.8685 / 46.9%  val 1.6621 / 73.6%  lr 8.96e-04     5s
2026-03-11 07:02:58,586 [INFO]   ★ best 73.58% → /data/slr/checkpoints_v2/best_fold0.pt
2026-03-11 07:03:03,407 [INFO]   Ep  30/120  train 2.9637 / 44.4%  val 1.6633 / 72.9%  lr 8.88e-04     5s
2026-03-11 07:03:08,228 [INFO]   Ep  31/120  train 2.9250 / 46.2%  val 1.6676 / 72.2%  lr 8.79e-04     5s
2026-03-11 07:03:13,069 [INFO]   Ep  32/120  train 2.8889 / 47.3%  val 1.7585 / 72.2%  lr 8.70e-04     5s
2026-03-11 07:03:17,907 [INFO]   Ep  33/120  train 2.8952 / 47.2%  val 1.7738 / 71.5%  lr 8.61e-04     5s
2026-03-11 07:03:22,737 [INFO]   Ep  34/120  train 2.8014 / 49.4%  val 1.6580 / 73.5%  lr 8.51e-04     5s
2026-03-11 07:03:27,546 [INFO]   Ep  35/120  train 2.8337 / 48.2%  val 1.6234 / 75.7%  lr 8.41e-04     5s
2026-03-11 07:03:27,608 [INFO]   ★ best 75.69% → /data/slr/checkpoints_v2/best_fold0.pt
2026-03-11 07:03:32,436 [INFO]   Ep  36/120  train 2.8624 / 48.2%  val 1.6362 / 75.2%  lr 8.31e-04     5s
2026-03-11 07:03:37,248 [INFO]   Ep  37/120  train 2.8069 / 49.7%  val 1.5871 / 77.4%  lr 8.21e-04     5s
2026-03-11 07:03:37,308 [INFO]   ★ best 77.38% → /data/slr/checkpoints_v2/best_fold0.pt
2026-03-11 07:03:42,171 [INFO]   Ep  38/120  train 2.7750 / 50.5%  val 1.7255 / 74.3%  lr 8.10e-04     5s
2026-03-11 07:03:47,002 [INFO]   Ep  39/120  train 2.6995 / 52.5%  val 1.6568 / 75.9%  lr 7.99e-04     5s
2026-03-11 07:03:51,811 [INFO]   Ep  40/120  train 2.7537 / 51.0%  val 1.7148 / 75.0%  lr 7.88e-04     5s
2026-03-11 07:03:56,616 [INFO]   Ep  41/120  train 2.7372 / 51.4%  val 1.5230 / 77.8%  lr 7.77e-04     5s
2026-03-11 07:03:56,678 [INFO]   ★ best 77.82% → /data/slr/checkpoints_v2/best_fold0.pt
2026-03-11 07:04:01,500 [INFO]   Ep  42/120  train 2.7065 / 52.6%  val 1.5990 / 76.0%  lr 7.66e-04     5s
2026-03-11 07:04:06,330 [INFO]   Ep  43/120  train 2.6186 / 54.9%  val 1.5710 / 77.4%  lr 7.54e-04     5s
2026-03-11 07:04:11,172 [INFO]   Ep  44/120  train 2.5940 / 55.7%  val 1.6473 / 76.4%  lr 7.42e-04     5s
2026-03-11 07:04:16,029 [INFO]   Ep  45/120  train 2.7544 / 51.3%  val 1.6161 / 75.6%  lr 7.30e-04     5s
2026-03-11 07:04:20,861 [INFO]   Ep  46/120  train 2.6625 / 54.1%  val 1.5778 / 76.9%  lr 7.18e-04     5s
2026-03-11 07:04:25,686 [INFO]   Ep  47/120  train 2.7530 / 51.6%  val 1.5572 / 77.0%  lr 7.05e-04     5s
2026-03-11 07:04:30,525 [INFO]   Ep  48/120  train 2.6169 / 55.5%  val 1.5958 / 78.3%  lr 6.93e-04     5s
2026-03-11 07:04:30,584 [INFO]   ★ best 78.26% → /data/slr/checkpoints_v2/best_fold0.pt
2026-03-11 07:04:35,404 [INFO]   Ep  49/120  train 2.6021 / 55.7%  val 1.5346 / 77.3%  lr 6.80e-04     5s
2026-03-11 07:04:40,218 [INFO]   Ep  50/120  train 2.4673 / 59.7%  val 1.5004 / 79.2%  lr 6.67e-04     5s
2026-03-11 07:04:40,282 [INFO]   ★ best 79.18% → /data/slr/checkpoints_v2/best_fold0.pt
2026-03-11 07:04:45,124 [INFO]   Ep  51/120  train 2.5071 / 58.7%  val 1.5441 / 78.6%  lr 6.54e-04     5s
2026-03-11 07:04:49,937 [INFO]   Ep  52/120  train 2.4799 / 59.4%  val 1.5993 / 77.9%  lr 6.41e-04     5s
2026-03-11 07:04:54,746 [INFO]   Ep  53/120  train 2.5613 / 57.1%  val 1.5518 / 78.5%  lr 6.28e-04     5s
2026-03-11 07:04:59,565 [INFO]   Ep  54/120  train 2.4836 / 59.9%  val 1.4930 / 80.0%  lr 6.15e-04     5s
2026-03-11 07:04:59,626 [INFO]   ★ best 80.03% → /data/slr/checkpoints_v2/best_fold0.pt
2026-03-11 07:05:04,451 [INFO]   Ep  55/120  train 2.5160 / 58.2%  val 1.4707 / 80.4%  lr 6.02e-04     5s
2026-03-11 07:05:04,512 [INFO]   ★ best 80.40% → /data/slr/checkpoints_v2/best_fold0.pt
2026-03-11 07:05:09,314 [INFO]   Ep  56/120  train 2.4635 / 59.5%  val 1.4925 / 78.9%  lr 5.88e-04     5s
2026-03-11 07:05:14,140 [INFO]   Ep  57/120  train 2.5301 / 58.1%  val 1.5161 / 78.9%  lr 5.75e-04     5s
2026-03-11 07:05:18,964 [INFO]   Ep  58/120  train 2.4315 / 61.2%  val 1.4978 / 79.5%  lr 5.61e-04     5s
2026-03-11 07:05:23,788 [INFO]   Ep  59/120  train 2.4587 / 60.2%  val 1.5150 / 80.1%  lr 5.48e-04     5s
2026-03-11 07:05:28,647 [INFO]   Ep  60/120  train 2.4473 / 61.2%  val 1.5067 / 79.2%  lr 5.34e-04     5s
2026-03-11 07:05:33,485 [INFO]   Ep  61/120  train 2.3646 / 62.1%  val 1.4814 / 80.6%  lr 5.20e-04     5s
2026-03-11 07:05:33,543 [INFO]   ★ best 80.60% → /data/slr/checkpoints_v2/best_fold0.pt
2026-03-11 07:05:38,353 [INFO]   Ep  62/120  train 2.4021 / 61.4%  val 1.5494 / 80.7%  lr 5.07e-04     5s
2026-03-11 07:05:38,412 [INFO]   ★ best 80.67% → /data/slr/checkpoints_v2/best_fold0.pt
2026-03-11 07:05:43,224 [INFO]   Ep  63/120  train 2.4417 / 60.3%  val 1.5844 / 78.6%  lr 4.93e-04     5s
2026-03-11 07:05:48,044 [INFO]   Ep  64/120  train 2.3985 / 61.5%  val 1.4804 / 80.4%  lr 4.79e-04     5s
2026-03-11 07:05:52,884 [INFO]   Ep  65/120  train 2.4076 / 62.1%  val 1.4730 / 80.2%  lr 4.66e-04     5s
2026-03-11 07:05:57,703 [INFO]   Ep  66/120  train 2.4122 / 61.5%  val 1.4898 / 80.9%  lr 4.52e-04     5s
2026-03-11 07:05:57,765 [INFO]   ★ best 80.87% → /data/slr/checkpoints_v2/best_fold0.pt
2026-03-11 07:06:02,578 [INFO]   Ep  67/120  train 2.3841 / 62.5%  val 1.4632 / 80.6%  lr 4.39e-04     5s
2026-03-11 07:06:07,400 [INFO]   Ep  68/120  train 2.3326 / 64.0%  val 1.4659 / 80.2%  lr 4.25e-04     5s
2026-03-11 07:06:12,213 [INFO]   Ep  69/120  train 2.3602 / 63.2%  val 1.4819 / 80.7%  lr 4.12e-04     5s
2026-03-11 07:06:17,043 [INFO]   Ep  70/120  train 2.4182 / 61.4%  val 1.5649 / 80.1%  lr 3.98e-04     5s
2026-03-11 07:06:21,870 [INFO]   Ep  71/120  train 2.3323 / 63.7%  val 1.4806 / 80.7%  lr 3.85e-04     5s
2026-03-11 07:06:26,691 [INFO]   Ep  72/120  train 2.2101 / 66.9%  val 1.4644 / 80.4%  lr 3.72e-04     5s
2026-03-11 07:06:31,499 [INFO]   Ep  73/120  train 2.3704 / 62.3%  val 1.4811 / 81.6%  lr 3.58e-04     5s
2026-03-11 07:06:31,554 [INFO]   ★ best 81.55% → /data/slr/checkpoints_v2/best_fold0.pt
2026-03-11 07:06:36,371 [INFO]   Ep  74/120  train 2.3513 / 63.9%  val 1.4668 / 81.5%  lr 3.45e-04     5s
2026-03-11 07:06:41,196 [INFO]   Ep  75/120  train 2.3153 / 64.3%  val 1.4768 / 81.9%  lr 3.33e-04     5s
2026-03-11 07:06:41,255 [INFO]   ★ best 81.86% → /data/slr/checkpoints_v2/best_fold0.pt
2026-03-11 07:06:46,053 [INFO]   Ep  76/120  train 2.3009 / 64.8%  val 1.4740 / 82.0%  lr 3.20e-04     5s
2026-03-11 07:06:46,112 [INFO]   ★ best 81.96% → /data/slr/checkpoints_v2/best_fold0.pt
2026-03-11 07:06:50,938 [INFO]   Ep  77/120  train 2.3697 / 62.9%  val 1.4833 / 81.4%  lr 3.07e-04     5s
2026-03-11 07:06:55,751 [INFO]   Ep  78/120  train 2.3364 / 63.8%  val 1.4639 / 81.8%  lr 2.95e-04     5s
2026-03-11 07:07:00,562 [INFO]   Ep  79/120  train 2.2961 / 64.1%  val 1.4711 / 81.8%  lr 2.82e-04     5s
2026-03-11 07:07:05,385 [INFO]   Ep  80/120  train 2.2099 / 67.1%  val 1.4459 / 82.4%  lr 2.70e-04     5s
2026-03-11 07:07:05,443 [INFO]   ★ best 82.37% → /data/slr/checkpoints_v2/best_fold0.pt
2026-03-11 07:07:10,265 [INFO]   Ep  81/120  train 2.2813 / 64.9%  val 1.5048 / 82.1%  lr 2.58e-04     5s
2026-03-11 07:07:15,096 [INFO]   Ep  82/120  train 2.2783 / 65.2%  val 1.4805 / 81.8%  lr 2.46e-04     5s
2026-03-11 07:07:19,924 [INFO]   Ep  83/120  train 2.2362 / 65.9%  val 1.4700 / 81.8%  lr 2.34e-04     5s
2026-03-11 07:07:24,763 [INFO]   Ep  84/120  train 2.3257 / 63.9%  val 1.4710 / 81.5%  lr 2.23e-04     5s
2026-03-11 07:07:29,586 [INFO]   Ep  85/120  train 2.2776 / 65.2%  val 1.4499 / 81.9%  lr 2.12e-04     5s
2026-03-11 07:07:34,404 [INFO]   Ep  86/120  train 2.3647 / 62.8%  val 1.5152 / 82.3%  lr 2.01e-04     5s
2026-03-11 07:07:39,242 [INFO]   Ep  87/120  train 2.2366 / 65.7%  val 1.4938 / 81.9%  lr 1.90e-04     5s
2026-03-11 07:07:44,057 [INFO]   Ep  88/120  train 2.2409 / 66.5%  val 1.4971 / 81.9%  lr 1.79e-04     5s
2026-03-11 07:07:48,884 [INFO]   Ep  89/120  train 2.2887 / 64.7%  val 1.4277 / 81.5%  lr 1.69e-04     5s
2026-03-11 07:07:53,714 [INFO]   Ep  90/120  train 2.1858 / 68.1%  val 1.4679 / 81.7%  lr 1.59e-04     5s
2026-03-11 07:07:58,524 [INFO]   Ep  91/120  train 2.3432 / 63.4%  val 1.4751 / 82.3%  lr 1.49e-04     5s
2026-03-11 07:08:03,340 [INFO]   Ep  92/120  train 2.3185 / 63.6%  val 1.4803 / 82.4%  lr 1.39e-04     5s
2026-03-11 07:08:03,409 [INFO]   ★ best 82.40% → /data/slr/checkpoints_v2/best_fold0.pt
2026-03-11 07:08:08,234 [INFO]   Ep  93/120  train 2.2500 / 65.3%  val 1.5019 / 82.4%  lr 1.30e-04     5s
2026-03-11 07:08:13,049 [INFO]   Ep  94/120  train 2.3129 / 63.8%  val 1.5051 / 81.8%  lr 1.21e-04     5s
2026-03-11 07:08:17,850 [INFO]   Ep  95/120  train 2.0950 / 70.5%  val 1.4465 / 82.1%  lr 1.12e-04     5s
2026-03-11 07:08:22,677 [INFO]   Ep  96/120  train 2.2156 / 66.5%  val 1.4795 / 81.6%  lr 1.04e-04     5s
2026-03-11 07:08:27,482 [INFO]   Ep  97/120  train 2.1838 / 67.2%  val 1.4827 / 82.1%  lr 9.55e-05     5s
2026-03-11 07:08:32,295 [INFO]   Ep  98/120  train 2.2457 / 66.0%  val 1.4483 / 82.1%  lr 8.76e-05     5s
2026-03-11 07:08:37,134 [INFO]   Ep  99/120  train 2.1949 / 67.0%  val 1.4920 / 82.4%  lr 8.00e-05     5s
2026-03-11 07:08:41,937 [INFO]   Ep 100/120  train 2.2650 / 65.5%  val 1.5012 / 82.4%  lr 7.28e-05     5s
2026-03-11 07:08:41,997 [INFO]   ★ best 82.43% → /data/slr/checkpoints_v2/best_fold0.pt
2026-03-11 07:08:46,836 [INFO]   Ep 101/120  train 2.1933 / 67.2%  val 1.4949 / 82.1%  lr 6.59e-05     5s
2026-03-11 07:08:51,674 [INFO]   Ep 102/120  train 2.1528 / 68.6%  val 1.4571 / 81.9%  lr 5.92e-05     5s
2026-03-11 07:08:56,488 [INFO]   Ep 103/120  train 2.2670 / 65.8%  val 1.4762 / 81.8%  lr 5.30e-05     5s
2026-03-11 07:09:01,317 [INFO]   Ep 104/120  train 2.1483 / 68.6%  val 1.4805 / 81.6%  lr 4.70e-05     5s
2026-03-11 07:09:06,141 [INFO]   Ep 105/120  train 2.2808 / 65.5%  val 1.4822 / 82.1%  lr 4.14e-05     5s
2026-03-11 07:09:10,961 [INFO]   Ep 106/120  train 2.2403 / 66.4%  val 1.4979 / 82.2%  lr 3.61e-05     5s
2026-03-11 07:09:15,775 [INFO]   Ep 107/120  train 2.1563 / 68.9%  val 1.4646 / 82.2%  lr 3.12e-05     5s
2026-03-11 07:09:20,606 [INFO]   Ep 108/120  train 2.1518 / 68.6%  val 1.4921 / 82.6%  lr 2.66e-05     5s
2026-03-11 07:09:20,667 [INFO]   ★ best 82.57% → /data/slr/checkpoints_v2/best_fold0.pt
2026-03-11 07:09:25,466 [INFO]   Ep 109/120  train 2.1669 / 68.0%  val 1.4679 / 82.5%  lr 2.24e-05     5s
2026-03-11 07:09:30,281 [INFO]   Ep 110/120  train 2.1209 / 68.9%  val 1.4570 / 82.4%  lr 1.86e-05     5s
2026-03-11 07:09:35,095 [INFO]   Ep 111/120  train 2.1693 / 68.0%  val 1.4686 / 82.3%  lr 1.51e-05     5s
2026-03-11 07:09:39,917 [INFO]   Ep 112/120  train 2.2208 / 66.3%  val 1.4656 / 82.1%  lr 1.19e-05     5s
2026-03-11 07:09:44,728 [INFO]   Ep 113/120  train 2.0957 / 70.0%  val 1.4745 / 82.3%  lr 9.14e-06     5s
2026-03-11 07:09:49,585 [INFO]   Ep 114/120  train 2.2356 / 66.4%  val 1.4766 / 82.3%  lr 6.73e-06     5s
2026-03-11 07:09:54,404 [INFO]   Ep 115/120  train 2.2418 / 66.1%  val 1.4734 / 82.3%  lr 4.69e-06     5s
2026-03-11 07:09:59,226 [INFO]   Ep 116/120  train 2.1997 / 67.3%  val 1.4562 / 82.7%  lr 3.01e-06     5s
2026-03-11 07:09:59,286 [INFO]   ★ best 82.67% → /data/slr/checkpoints_v2/best_fold0.pt
2026-03-11 07:10:04,120 [INFO]   Ep 117/120  train 2.1488 / 68.2%  val 1.4471 / 82.5%  lr 1.71e-06     5s
2026-03-11 07:10:08,946 [INFO]   Ep 118/120  train 2.1651 / 68.2%  val 1.4572 / 82.5%  lr 7.82e-07     5s
2026-03-11 07:10:13,762 [INFO]   Ep 119/120  train 2.1408 / 68.3%  val 1.4906 / 82.3%  lr 2.25e-07     5s
2026-03-11 07:10:18,566 [INFO]   Ep 120/120  train 2.1858 / 67.8%  val 1.4768 / 82.5%  lr 4.00e-08     5s
2026-03-11 07:10:18,566 [INFO]   Fold 1 best val acc: 82.67%
2026-03-11 07:10:18,818 [INFO] ================================================================
2026-03-11 07:10:18,818 [INFO] FOLD 2 / 5
2026-03-11 07:10:18,818 [INFO] ================================================================
2026-03-11 07:10:24,053 [INFO]   Ep   1/120  train 4.8306 / 1.1%  val 4.7041 / 1.9%  lr 1.32e-04     5s
2026-03-11 07:10:24,101 [INFO]   ★ best 1.90% → /data/slr/checkpoints_v2/best_fold1.pt
2026-03-11 07:10:28,934 [INFO]   Ep   2/120  train 4.7153 / 1.6%  val 4.6682 / 1.7%  lr 3.72e-04     5s
2026-03-11 07:10:33,771 [INFO]   Ep   3/120  train 4.5912 / 2.4%  val 4.1764 / 6.0%  lr 6.69e-04     5s
2026-03-11 07:10:33,828 [INFO]   ★ best 5.97% → /data/slr/checkpoints_v2/best_fold1.pt
2026-03-11 07:10:38,635 [INFO]   Ep   4/120  train 4.4047 / 5.3%  val 4.1695 / 6.9%  lr 9.09e-04     5s
2026-03-11 07:10:38,696 [INFO]   ★ best 6.88% → /data/slr/checkpoints_v2/best_fold1.pt
2026-03-11 07:10:43,491 [INFO]   Ep   5/120  train 4.1987 / 8.0%  val 3.4290 / 20.8%  lr 1.00e-03     5s
2026-03-11 07:10:43,549 [INFO]   ★ best 20.82% → /data/slr/checkpoints_v2/best_fold1.pt
2026-03-11 07:10:48,363 [INFO]   Ep   6/120  train 4.0914 / 11.1%  val 3.2581 / 24.0%  lr 1.00e-03     5s
2026-03-11 07:10:48,421 [INFO]   ★ best 24.04% → /data/slr/checkpoints_v2/best_fold1.pt
2026-03-11 07:10:53,216 [INFO]   Ep   7/120  train 3.8952 / 14.8%  val 3.2114 / 23.4%  lr 9.99e-04     5s
2026-03-11 07:10:58,036 [INFO]   Ep   8/120  train 3.8514 / 17.0%  val 2.8545 / 35.3%  lr 9.98e-04     5s
2026-03-11 07:10:58,090 [INFO]   ★ best 35.30% → /data/slr/checkpoints_v2/best_fold1.pt
2026-03-11 07:11:02,903 [INFO]   Ep   9/120  train 3.7611 / 19.8%  val 2.9883 / 30.7%  lr 9.97e-04     5s
2026-03-11 07:11:07,718 [INFO]   Ep  10/120  train 3.6601 / 22.0%  val 2.7145 / 39.4%  lr 9.95e-04     5s
2026-03-11 07:11:07,775 [INFO]   ★ best 39.37% → /data/slr/checkpoints_v2/best_fold1.pt
2026-03-11 07:11:12,586 [INFO]   Ep  11/120  train 3.5372 / 25.1%  val 2.4791 / 47.6%  lr 9.93e-04     5s
2026-03-11 07:11:12,642 [INFO]   ★ best 47.58% → /data/slr/checkpoints_v2/best_fold1.pt
2026-03-11 07:11:17,435 [INFO]   Ep  12/120  train 3.5813 / 25.1%  val 2.3509 / 49.8%  lr 9.91e-04     5s
2026-03-11 07:11:17,496 [INFO]   ★ best 49.78% → /data/slr/checkpoints_v2/best_fold1.pt
2026-03-11 07:11:22,294 [INFO]   Ep  13/120  train 3.4785 / 28.0%  val 2.6232 / 44.1%  lr 9.88e-04     5s
2026-03-11 07:11:27,085 [INFO]   Ep  14/120  train 3.4317 / 29.9%  val 2.2300 / 52.8%  lr 9.85e-04     5s
2026-03-11 07:11:27,141 [INFO]   ★ best 52.83% → /data/slr/checkpoints_v2/best_fold1.pt
2026-03-11 07:11:31,932 [INFO]   Ep  15/120  train 3.3487 / 31.7%  val 2.4632 / 46.6%  lr 9.81e-04     5s
2026-03-11 07:11:36,703 [INFO]   Ep  16/120  train 3.3911 / 31.6%  val 2.1799 / 56.5%  lr 9.78e-04     5s
2026-03-11 07:11:36,761 [INFO]   ★ best 56.49% → /data/slr/checkpoints_v2/best_fold1.pt
2026-03-11 07:11:41,543 [INFO]   Ep  17/120  train 3.3459 / 32.4%  val 2.1222 / 60.8%  lr 9.73e-04     5s
2026-03-11 07:11:41,600 [INFO]   ★ best 60.80% → /data/slr/checkpoints_v2/best_fold1.pt
2026-03-11 07:11:46,384 [INFO]   Ep  18/120  train 3.2601 / 34.5%  val 2.1125 / 59.1%  lr 9.69e-04     5s
2026-03-11 07:11:51,151 [INFO]   Ep  19/120  train 3.1991 / 36.0%  val 1.9595 / 64.1%  lr 9.64e-04     5s
2026-03-11 07:11:51,207 [INFO]   ★ best 64.12% → /data/slr/checkpoints_v2/best_fold1.pt
2026-03-11 07:11:56,003 [INFO]   Ep  20/120  train 3.1354 / 38.7%  val 2.0089 / 63.2%  lr 9.59e-04     5s
2026-03-11 07:12:00,779 [INFO]   Ep  21/120  train 3.1780 / 37.6%  val 2.0271 / 65.5%  lr 9.53e-04     5s
2026-03-11 07:12:00,836 [INFO]   ★ best 65.51% → /data/slr/checkpoints_v2/best_fold1.pt
2026-03-11 07:12:05,632 [INFO]   Ep  22/120  train 3.2250 / 37.2%  val 1.9196 / 65.6%  lr 9.47e-04     5s
2026-03-11 07:12:05,697 [INFO]   ★ best 65.62% → /data/slr/checkpoints_v2/best_fold1.pt
2026-03-11 07:12:10,479 [INFO]   Ep  23/120  train 3.0311 / 41.5%  val 1.9303 / 66.3%  lr 9.41e-04     5s
2026-03-11 07:12:10,534 [INFO]   ★ best 66.33% → /data/slr/checkpoints_v2/best_fold1.pt
2026-03-11 07:12:15,340 [INFO]   Ep  24/120  train 3.0587 / 41.2%  val 1.8886 / 69.1%  lr 9.34e-04     5s
2026-03-11 07:12:15,398 [INFO]   ★ best 69.11% → /data/slr/checkpoints_v2/best_fold1.pt
2026-03-11 07:12:20,172 [INFO]   Ep  25/120  train 3.0723 / 41.2%  val 1.8934 / 66.1%  lr 9.27e-04     5s
2026-03-11 07:12:24,957 [INFO]   Ep  26/120  train 2.9499 / 44.2%  val 1.7384 / 71.1%  lr 9.20e-04     5s
2026-03-11 07:12:25,017 [INFO]   ★ best 71.14% → /data/slr/checkpoints_v2/best_fold1.pt
2026-03-11 07:12:29,812 [INFO]   Ep  27/120  train 2.9205 / 45.5%  val 1.7211 / 71.4%  lr 9.12e-04     5s
2026-03-11 07:12:29,868 [INFO]   ★ best 71.41% → /data/slr/checkpoints_v2/best_fold1.pt
2026-03-11 07:12:34,657 [INFO]   Ep  28/120  train 2.8627 / 47.5%  val 1.8203 / 67.7%  lr 9.04e-04     5s
2026-03-11 07:12:39,440 [INFO]   Ep  29/120  train 2.9955 / 44.3%  val 1.7003 / 72.3%  lr 8.96e-04     5s
2026-03-11 07:12:39,497 [INFO]   ★ best 72.33% → /data/slr/checkpoints_v2/best_fold1.pt
2026-03-11 07:12:44,301 [INFO]   Ep  30/120  train 2.9051 / 46.3%  val 1.8049 / 70.4%  lr 8.88e-04     5s
2026-03-11 07:12:49,098 [INFO]   Ep  31/120  train 2.8964 / 46.6%  val 1.7456 / 69.6%  lr 8.79e-04     5s
2026-03-11 07:12:53,884 [INFO]   Ep  32/120  train 2.9070 / 46.0%  val 1.8056 / 72.1%  lr 8.70e-04     5s
2026-03-11 07:12:58,677 [INFO]   Ep  33/120  train 2.7413 / 50.9%  val 1.7356 / 72.3%  lr 8.61e-04     5s
2026-03-11 07:13:03,458 [INFO]   Ep  34/120  train 2.8653 / 48.1%  val 1.7415 / 73.6%  lr 8.51e-04     5s
2026-03-11 07:13:03,519 [INFO]   ★ best 73.62% → /data/slr/checkpoints_v2/best_fold1.pt
2026-03-11 07:13:08,295 [INFO]   Ep  35/120  train 2.8596 / 48.1%  val 1.6583 / 74.4%  lr 8.41e-04     5s
2026-03-11 07:13:08,357 [INFO]   ★ best 74.36% → /data/slr/checkpoints_v2/best_fold1.pt
2026-03-11 07:13:13,159 [INFO]   Ep  36/120  train 2.8843 / 47.9%  val 1.6185 / 75.7%  lr 8.31e-04     5s
2026-03-11 07:13:13,222 [INFO]   ★ best 75.69% → /data/slr/checkpoints_v2/best_fold1.pt
2026-03-11 07:13:18,010 [INFO]   Ep  37/120  train 2.7565 / 50.2%  val 1.5996 / 76.2%  lr 8.21e-04     5s
2026-03-11 07:13:18,066 [INFO]   ★ best 76.16% → /data/slr/checkpoints_v2/best_fold1.pt
2026-03-11 07:13:22,851 [INFO]   Ep  38/120  train 2.7444 / 51.3%  val 1.6014 / 76.0%  lr 8.10e-04     5s
2026-03-11 07:13:27,638 [INFO]   Ep  39/120  train 2.8228 / 49.7%  val 1.5894 / 76.2%  lr 7.99e-04     5s
2026-03-11 07:13:27,695 [INFO]   ★ best 76.20% → /data/slr/checkpoints_v2/best_fold1.pt
2026-03-11 07:13:32,485 [INFO]   Ep  40/120  train 2.7539 / 52.1%  val 1.6747 / 76.8%  lr 7.88e-04     5s
2026-03-11 07:13:32,540 [INFO]   ★ best 76.81% → /data/slr/checkpoints_v2/best_fold1.pt
2026-03-11 07:13:37,312 [INFO]   Ep  41/120  train 2.7839 / 50.6%  val 1.6768 / 75.4%  lr 7.77e-04     5s
2026-03-11 07:13:42,106 [INFO]   Ep  42/120  train 2.6736 / 53.1%  val 1.6348 / 77.2%  lr 7.66e-04     5s
2026-03-11 07:13:42,163 [INFO]   ★ best 77.18% → /data/slr/checkpoints_v2/best_fold1.pt
2026-03-11 07:13:46,956 [INFO]   Ep  43/120  train 2.6324 / 54.2%  val 1.5736 / 76.9%  lr 7.54e-04     5s
2026-03-11 07:13:51,765 [INFO]   Ep  44/120  train 2.7072 / 52.1%  val 1.5758 / 76.6%  lr 7.42e-04     5s
2026-03-11 07:13:56,527 [INFO]   Ep  45/120  train 2.6392 / 54.8%  val 1.7218 / 77.3%  lr 7.30e-04     5s
2026-03-11 07:13:56,584 [INFO]   ★ best 77.28% → /data/slr/checkpoints_v2/best_fold1.pt
2026-03-11 07:14:01,350 [INFO]   Ep  46/120  train 2.5924 / 56.0%  val 1.5625 / 77.2%  lr 7.18e-04     5s
2026-03-11 07:14:06,146 [INFO]   Ep  47/120  train 2.5266 / 58.1%  val 1.5344 / 77.5%  lr 7.05e-04     5s
2026-03-11 07:14:06,203 [INFO]   ★ best 77.48% → /data/slr/checkpoints_v2/best_fold1.pt
2026-03-11 07:14:10,992 [INFO]   Ep  48/120  train 2.6263 / 54.7%  val 1.5976 / 76.2%  lr 6.93e-04     5s
2026-03-11 07:14:15,778 [INFO]   Ep  49/120  train 2.5718 / 56.9%  val 1.6241 / 77.7%  lr 6.80e-04     5s
2026-03-11 07:14:15,840 [INFO]   ★ best 77.72% → /data/slr/checkpoints_v2/best_fold1.pt
2026-03-11 07:14:20,625 [INFO]   Ep  50/120  train 2.5853 / 56.7%  val 1.5651 / 78.1%  lr 6.67e-04     5s
2026-03-11 07:14:20,681 [INFO]   ★ best 78.13% → /data/slr/checkpoints_v2/best_fold1.pt
2026-03-11 07:14:25,460 [INFO]   Ep  51/120  train 2.5310 / 57.6%  val 1.6746 / 78.3%  lr 6.54e-04     5s
2026-03-11 07:14:25,515 [INFO]   ★ best 78.26% → /data/slr/checkpoints_v2/best_fold1.pt
2026-03-11 07:14:30,296 [INFO]   Ep  52/120  train 2.5791 / 56.0%  val 1.5247 / 78.6%  lr 6.41e-04     5s
2026-03-11 07:14:30,355 [INFO]   ★ best 78.57% → /data/slr/checkpoints_v2/best_fold1.pt
2026-03-11 07:14:35,152 [INFO]   Ep  53/120  train 2.5287 / 57.8%  val 1.5339 / 76.9%  lr 6.28e-04     5s
2026-03-11 07:14:39,930 [INFO]   Ep  54/120  train 2.5116 / 58.8%  val 1.5162 / 79.0%  lr 6.15e-04     5s
2026-03-11 07:14:39,987 [INFO]   ★ best 79.04% → /data/slr/checkpoints_v2/best_fold1.pt
2026-03-11 07:14:44,767 [INFO]   Ep  55/120  train 2.4658 / 59.8%  val 1.5525 / 78.2%  lr 6.02e-04     5s
2026-03-11 07:14:49,542 [INFO]   Ep  56/120  train 2.6367 / 55.1%  val 1.5877 / 76.8%  lr 5.88e-04     5s
2026-03-11 07:14:54,330 [INFO]   Ep  57/120  train 2.4059 / 61.3%  val 1.5338 / 78.7%  lr 5.75e-04     5s
2026-03-11 07:14:59,123 [INFO]   Ep  58/120  train 2.4579 / 60.1%  val 1.5366 / 77.8%  lr 5.61e-04     5s
2026-03-11 07:15:03,894 [INFO]   Ep  59/120  train 2.4752 / 59.9%  val 1.5300 / 79.1%  lr 5.48e-04     5s
2026-03-11 07:15:03,952 [INFO]   ★ best 79.11% → /data/slr/checkpoints_v2/best_fold1.pt
2026-03-11 07:15:08,725 [INFO]   Ep  60/120  train 2.4997 / 58.6%  val 1.5874 / 79.2%  lr 5.34e-04     5s
2026-03-11 07:15:08,781 [INFO]   ★ best 79.25% → /data/slr/checkpoints_v2/best_fold1.pt
2026-03-11 07:15:13,569 [INFO]   Ep  61/120  train 2.5202 / 58.6%  val 1.5677 / 77.9%  lr 5.20e-04     5s
2026-03-11 07:15:18,344 [INFO]   Ep  62/120  train 2.5409 / 58.1%  val 1.6050 / 79.4%  lr 5.07e-04     5s
2026-03-11 07:15:18,400 [INFO]   ★ best 79.38% → /data/slr/checkpoints_v2/best_fold1.pt
2026-03-11 07:15:23,183 [INFO]   Ep  63/120  train 2.4245 / 61.1%  val 1.4806 / 79.9%  lr 4.93e-04     5s
2026-03-11 07:15:23,238 [INFO]   ★ best 79.93% → /data/slr/checkpoints_v2/best_fold1.pt
2026-03-11 07:15:28,099 [INFO]   Ep  64/120  train 2.3874 / 62.4%  val 1.5794 / 79.7%  lr 4.79e-04     5s
2026-03-11 07:15:32,877 [INFO]   Ep  65/120  train 2.3170 / 63.6%  val 1.4727 / 79.9%  lr 4.66e-04     5s
2026-03-11 07:15:37,657 [INFO]   Ep  66/120  train 2.4825 / 59.3%  val 1.5571 / 80.0%  lr 4.52e-04     5s
2026-03-11 07:15:37,719 [INFO]   ★ best 79.96% → /data/slr/checkpoints_v2/best_fold1.pt
2026-03-11 07:15:42,500 [INFO]   Ep  67/120  train 2.4311 / 61.7%  val 1.4995 / 80.4%  lr 4.39e-04     5s
2026-03-11 07:15:42,555 [INFO]   ★ best 80.40% → /data/slr/checkpoints_v2/best_fold1.pt
2026-03-11 07:15:47,335 [INFO]   Ep  68/120  train 2.3845 / 62.6%  val 1.5762 / 79.5%  lr 4.25e-04     5s
2026-03-11 07:15:52,133 [INFO]   Ep  69/120  train 2.3467 / 63.1%  val 1.4857 / 80.6%  lr 4.12e-04     5s
2026-03-11 07:15:52,187 [INFO]   ★ best 80.57% → /data/slr/checkpoints_v2/best_fold1.pt
2026-03-11 07:15:56,990 [INFO]   Ep  70/120  train 2.4087 / 61.8%  val 1.5138 / 79.9%  lr 3.98e-04     5s
2026-03-11 07:16:01,792 [INFO]   Ep  71/120  train 2.3188 / 64.0%  val 1.5225 / 79.2%  lr 3.85e-04     5s
2026-03-11 07:16:06,569 [INFO]   Ep  72/120  train 2.3822 / 62.2%  val 1.5447 / 80.1%  lr 3.72e-04     5s
2026-03-11 07:16:11,343 [INFO]   Ep  73/120  train 2.2991 / 65.1%  val 1.5902 / 80.1%  lr 3.58e-04     5s
2026-03-11 07:16:16,129 [INFO]   Ep  74/120  train 2.2981 / 64.5%  val 1.4866 / 80.3%  lr 3.45e-04     5s
2026-03-11 07:16:20,912 [INFO]   Ep  75/120  train 2.2729 / 65.5%  val 1.4917 / 80.7%  lr 3.33e-04     5s
2026-03-11 07:16:20,971 [INFO]   ★ best 80.67% → /data/slr/checkpoints_v2/best_fold1.pt
2026-03-11 07:16:25,760 [INFO]   Ep  76/120  train 2.2762 / 65.3%  val 1.5536 / 80.2%  lr 3.20e-04     5s
2026-03-11 07:16:30,555 [INFO]   Ep  77/120  train 2.2090 / 66.2%  val 1.5061 / 79.5%  lr 3.07e-04     5s
2026-03-11 07:16:35,351 [INFO]   Ep  78/120  train 2.3518 / 63.2%  val 1.5315 / 80.0%  lr 2.95e-04     5s
2026-03-11 07:16:40,141 [INFO]   Ep  79/120  train 2.3383 / 63.5%  val 1.5011 / 80.3%  lr 2.82e-04     5s
2026-03-11 07:16:44,900 [INFO]   Ep  80/120  train 2.2575 / 65.9%  val 1.5301 / 81.0%  lr 2.70e-04     5s
2026-03-11 07:16:44,961 [INFO]   ★ best 81.04% → /data/slr/checkpoints_v2/best_fold1.pt
2026-03-11 07:16:49,736 [INFO]   Ep  81/120  train 2.3752 / 62.6%  val 1.5259 / 81.0%  lr 2.58e-04     5s
2026-03-11 07:16:54,518 [INFO]   Ep  82/120  train 2.2182 / 66.7%  val 1.5147 / 80.9%  lr 2.46e-04     5s
2026-03-11 07:16:59,291 [INFO]   Ep  83/120  train 2.3108 / 64.3%  val 1.5057 / 80.9%  lr 2.34e-04     5s
2026-03-11 07:17:04,079 [INFO]   Ep  84/120  train 2.4312 / 61.5%  val 1.5005 / 80.6%  lr 2.23e-04     5s
2026-03-11 07:17:08,857 [INFO]   Ep  85/120  train 2.3240 / 64.1%  val 1.5821 / 80.8%  lr 2.12e-04     5s
2026-03-11 07:17:13,642 [INFO]   Ep  86/120  train 2.2900 / 64.9%  val 1.5313 / 81.1%  lr 2.01e-04     5s
2026-03-11 07:17:13,706 [INFO]   ★ best 81.08% → /data/slr/checkpoints_v2/best_fold1.pt
2026-03-11 07:17:18,499 [INFO]   Ep  87/120  train 2.2783 / 65.8%  val 1.5091 / 81.1%  lr 1.90e-04     5s
2026-03-11 07:17:23,285 [INFO]   Ep  88/120  train 2.2688 / 66.0%  val 1.4904 / 80.9%  lr 1.79e-04     5s
2026-03-11 07:17:28,049 [INFO]   Ep  89/120  train 2.2204 / 66.5%  val 1.5047 / 80.7%  lr 1.69e-04     5s
2026-03-11 07:17:32,824 [INFO]   Ep  90/120  train 2.2618 / 65.8%  val 1.4986 / 81.5%  lr 1.59e-04     5s
2026-03-11 07:17:32,886 [INFO]   ★ best 81.52% → /data/slr/checkpoints_v2/best_fold1.pt
2026-03-11 07:17:37,664 [INFO]   Ep  91/120  train 2.2610 / 65.2%  val 1.4736 / 80.8%  lr 1.49e-04     5s
2026-03-11 07:17:42,435 [INFO]   Ep  92/120  train 2.2826 / 64.7%  val 1.5021 / 81.8%  lr 1.39e-04     5s
2026-03-11 07:17:42,498 [INFO]   ★ best 81.76% → /data/slr/checkpoints_v2/best_fold1.pt
2026-03-11 07:17:47,276 [INFO]   Ep  93/120  train 2.2883 / 65.4%  val 1.5008 / 81.0%  lr 1.30e-04     5s
2026-03-11 07:17:52,054 [INFO]   Ep  94/120  train 2.2308 / 66.1%  val 1.5100 / 82.1%  lr 1.21e-04     5s
2026-03-11 07:17:52,116 [INFO]   ★ best 82.06% → /data/slr/checkpoints_v2/best_fold1.pt
2026-03-11 07:17:56,895 [INFO]   Ep  95/120  train 2.2351 / 66.6%  val 1.4783 / 81.4%  lr 1.12e-04     5s
2026-03-11 07:18:01,667 [INFO]   Ep  96/120  train 2.1610 / 69.1%  val 1.4819 / 82.3%  lr 1.04e-04     5s
2026-03-11 07:18:01,728 [INFO]   ★ best 82.33% → /data/slr/checkpoints_v2/best_fold1.pt
2026-03-11 07:18:06,510 [INFO]   Ep  97/120  train 2.2638 / 65.6%  val 1.5247 / 81.6%  lr 9.55e-05     5s
2026-03-11 07:18:11,291 [INFO]   Ep  98/120  train 2.2022 / 67.5%  val 1.5159 / 81.6%  lr 8.76e-05     5s
2026-03-11 07:18:16,077 [INFO]   Ep  99/120  train 2.3663 / 62.7%  val 1.5538 / 81.8%  lr 8.00e-05     5s
2026-03-11 07:18:20,854 [INFO]   Ep 100/120  train 2.2160 / 67.9%  val 1.4992 / 82.3%  lr 7.28e-05     5s
2026-03-11 07:18:25,628 [INFO]   Ep 101/120  train 2.1778 / 68.2%  val 1.5113 / 81.9%  lr 6.59e-05     5s
2026-03-11 07:18:30,399 [INFO]   Ep 102/120  train 2.1909 / 67.5%  val 1.4920 / 82.4%  lr 5.92e-05     5s
2026-03-11 07:18:30,462 [INFO]   ★ best 82.40% → /data/slr/checkpoints_v2/best_fold1.pt
2026-03-11 07:18:35,257 [INFO]   Ep 103/120  train 2.2231 / 66.6%  val 1.5334 / 81.7%  lr 5.30e-05     5s
2026-03-11 07:18:40,049 [INFO]   Ep 104/120  train 2.2602 / 65.9%  val 1.5209 / 81.6%  lr 4.70e-05     5s
2026-03-11 07:18:44,837 [INFO]   Ep 105/120  train 2.1903 / 67.4%  val 1.5068 / 82.1%  lr 4.14e-05     5s
2026-03-11 07:18:49,618 [INFO]   Ep 106/120  train 2.1878 / 67.1%  val 1.5345 / 82.1%  lr 3.61e-05     5s
2026-03-11 07:18:54,389 [INFO]   Ep 107/120  train 2.1908 / 67.7%  val 1.4900 / 82.2%  lr 3.12e-05     5s
2026-03-11 07:18:59,182 [INFO]   Ep 108/120  train 2.2845 / 65.2%  val 1.5286 / 81.8%  lr 2.66e-05     5s
2026-03-11 07:19:03,968 [INFO]   Ep 109/120  train 2.1067 / 70.3%  val 1.4764 / 82.3%  lr 2.24e-05     5s
2026-03-11 07:19:08,757 [INFO]   Ep 110/120  train 2.2547 / 65.3%  val 1.5213 / 82.4%  lr 1.86e-05     5s
2026-03-11 07:19:13,540 [INFO]   Ep 111/120  train 2.1205 / 69.4%  val 1.4978 / 82.1%  lr 1.51e-05     5s
2026-03-11 07:19:18,317 [INFO]   Ep 112/120  train 2.1593 / 68.6%  val 1.4858 / 82.0%  lr 1.19e-05     5s
2026-03-11 07:19:23,098 [INFO]   Ep 113/120  train 2.2029 / 66.7%  val 1.4752 / 81.8%  lr 9.14e-06     5s
2026-03-11 07:19:27,878 [INFO]   Ep 114/120  train 2.1507 / 68.8%  val 1.4798 / 82.5%  lr 6.73e-06     5s
2026-03-11 07:19:27,934 [INFO]   ★ best 82.54% → /data/slr/checkpoints_v2/best_fold1.pt
2026-03-11 07:19:32,715 [INFO]   Ep 115/120  train 2.2473 / 66.1%  val 1.5023 / 82.0%  lr 4.69e-06     5s
2026-03-11 07:19:37,490 [INFO]   Ep 116/120  train 2.2416 / 66.1%  val 1.4735 / 82.1%  lr 3.01e-06     5s
2026-03-11 07:19:42,277 [INFO]   Ep 117/120  train 2.1294 / 69.6%  val 1.5225 / 82.1%  lr 1.71e-06     5s
2026-03-11 07:19:47,057 [INFO]   Ep 118/120  train 2.2125 / 67.0%  val 1.5188 / 82.4%  lr 7.82e-07     5s
2026-03-11 07:19:51,836 [INFO]   Ep 119/120  train 2.2211 / 66.3%  val 1.5405 / 82.0%  lr 2.25e-07     5s
2026-03-11 07:19:56,603 [INFO]   Ep 120/120  train 2.2094 / 66.9%  val 1.4913 / 82.3%  lr 4.00e-08     5s
2026-03-11 07:19:56,603 [INFO]   Fold 2 best val acc: 82.54%
2026-03-11 07:19:56,884 [INFO] ================================================================
2026-03-11 07:19:56,885 [INFO] FOLD 3 / 5
2026-03-11 07:19:56,885 [INFO] ================================================================
2026-03-11 07:20:02,141 [INFO]   Ep   1/120  train 4.8227 / 0.9%  val 4.6897 / 1.5%  lr 1.32e-04     5s
2026-03-11 07:20:02,203 [INFO]   ★ best 1.49% → /data/slr/checkpoints_v2/best_fold2.pt
2026-03-11 07:20:07,017 [INFO]   Ep   2/120  train 4.6986 / 1.6%  val 4.4997 / 2.5%  lr 3.72e-04     5s
2026-03-11 07:20:07,086 [INFO]   ★ best 2.48% → /data/slr/checkpoints_v2/best_fold2.pt
2026-03-11 07:20:11,889 [INFO]   Ep   3/120  train 4.5399 / 3.2%  val 4.2203 / 4.8%  lr 6.69e-04     5s
2026-03-11 07:20:11,956 [INFO]   ★ best 4.78% → /data/slr/checkpoints_v2/best_fold2.pt
2026-03-11 07:20:16,749 [INFO]   Ep   4/120  train 4.3438 / 5.9%  val 3.7880 / 12.0%  lr 9.09e-04     5s
2026-03-11 07:20:16,824 [INFO]   ★ best 12.01% → /data/slr/checkpoints_v2/best_fold2.pt
2026-03-11 07:20:21,621 [INFO]   Ep   5/120  train 4.1936 / 9.1%  val 3.5744 / 14.1%  lr 1.00e-03     5s
2026-03-11 07:20:21,696 [INFO]   ★ best 14.15% → /data/slr/checkpoints_v2/best_fold2.pt
2026-03-11 07:20:26,499 [INFO]   Ep   6/120  train 4.0513 / 11.9%  val 3.3657 / 20.0%  lr 1.00e-03     5s
2026-03-11 07:20:26,566 [INFO]   ★ best 20.01% → /data/slr/checkpoints_v2/best_fold2.pt
2026-03-11 07:20:31,376 [INFO]   Ep   7/120  train 3.9322 / 14.4%  val 3.0317 / 27.6%  lr 9.99e-04     5s
2026-03-11 07:20:31,453 [INFO]   ★ best 27.65% → /data/slr/checkpoints_v2/best_fold2.pt
2026-03-11 07:20:36,258 [INFO]   Ep   8/120  train 3.8156 / 17.6%  val 3.1124 / 27.1%  lr 9.98e-04     5s
2026-03-11 07:20:41,061 [INFO]   Ep   9/120  train 3.7727 / 19.3%  val 2.8289 / 36.7%  lr 9.97e-04     5s
2026-03-11 07:20:41,135 [INFO]   ★ best 36.70% → /data/slr/checkpoints_v2/best_fold2.pt
2026-03-11 07:20:45,933 [INFO]   Ep  10/120  train 3.6838 / 21.5%  val 2.7773 / 37.1%  lr 9.95e-04     5s
2026-03-11 07:20:46,000 [INFO]   ★ best 37.14% → /data/slr/checkpoints_v2/best_fold2.pt
2026-03-11 07:20:50,818 [INFO]   Ep  11/120  train 3.6583 / 23.3%  val 2.8023 / 39.3%  lr 9.93e-04     5s
2026-03-11 07:20:50,896 [INFO]   ★ best 39.28% → /data/slr/checkpoints_v2/best_fold2.pt
2026-03-11 07:20:55,707 [INFO]   Ep  12/120  train 3.5518 / 25.5%  val 2.7838 / 35.5%  lr 9.91e-04     5s
2026-03-11 07:21:00,503 [INFO]   Ep  13/120  train 3.6041 / 25.1%  val 2.4941 / 47.2%  lr 9.88e-04     5s
2026-03-11 07:21:00,575 [INFO]   ★ best 47.15% → /data/slr/checkpoints_v2/best_fold2.pt
2026-03-11 07:21:05,379 [INFO]   Ep  14/120  train 3.4478 / 28.6%  val 2.2874 / 53.1%  lr 9.85e-04     5s
2026-03-11 07:21:05,454 [INFO]   ★ best 53.12% → /data/slr/checkpoints_v2/best_fold2.pt
2026-03-11 07:21:10,250 [INFO]   Ep  15/120  train 3.4368 / 29.6%  val 2.3203 / 54.6%  lr 9.81e-04     5s
2026-03-11 07:21:10,327 [INFO]   ★ best 54.65% → /data/slr/checkpoints_v2/best_fold2.pt
2026-03-11 07:21:15,134 [INFO]   Ep  16/120  train 3.3411 / 32.6%  val 2.2178 / 57.3%  lr 9.78e-04     5s
2026-03-11 07:21:15,204 [INFO]   ★ best 57.33% → /data/slr/checkpoints_v2/best_fold2.pt
2026-03-11 07:21:20,001 [INFO]   Ep  17/120  train 3.2694 / 34.4%  val 2.0439 / 61.7%  lr 9.73e-04     5s
2026-03-11 07:21:20,069 [INFO]   ★ best 61.67% → /data/slr/checkpoints_v2/best_fold2.pt
2026-03-11 07:21:24,862 [INFO]   Ep  18/120  train 3.1616 / 37.1%  val 2.1335 / 58.1%  lr 9.69e-04     5s
2026-03-11 07:21:29,689 [INFO]   Ep  19/120  train 3.2044 / 36.3%  val 1.9578 / 64.2%  lr 9.64e-04     5s
2026-03-11 07:21:29,768 [INFO]   ★ best 64.18% → /data/slr/checkpoints_v2/best_fold2.pt
2026-03-11 07:21:34,597 [INFO]   Ep  20/120  train 3.1757 / 37.6%  val 2.0200 / 65.7%  lr 9.59e-04     5s
2026-03-11 07:21:34,675 [INFO]   ★ best 65.71% → /data/slr/checkpoints_v2/best_fold2.pt
2026-03-11 07:21:39,469 [INFO]   Ep  21/120  train 3.0739 / 40.3%  val 1.8951 / 68.8%  lr 9.53e-04     5s
2026-03-11 07:21:39,541 [INFO]   ★ best 68.83% → /data/slr/checkpoints_v2/best_fold2.pt
2026-03-11 07:21:44,375 [INFO]   Ep  22/120  train 3.1274 / 39.5%  val 1.9098 / 66.7%  lr 9.47e-04     5s
2026-03-11 07:21:49,217 [INFO]   Ep  23/120  train 3.0244 / 41.8%  val 1.7739 / 69.8%  lr 9.41e-04     5s
2026-03-11 07:21:49,288 [INFO]   ★ best 69.78% → /data/slr/checkpoints_v2/best_fold2.pt
2026-03-11 07:21:54,121 [INFO]   Ep  24/120  train 3.0111 / 42.5%  val 1.7458 / 71.9%  lr 9.34e-04     5s
2026-03-11 07:21:54,195 [INFO]   ★ best 71.91% → /data/slr/checkpoints_v2/best_fold2.pt
2026-03-11 07:21:59,015 [INFO]   Ep  25/120  train 3.0519 / 41.1%  val 1.8161 / 69.8%  lr 9.27e-04     5s
2026-03-11 07:22:03,821 [INFO]   Ep  26/120  train 3.0435 / 42.4%  val 1.7672 / 70.3%  lr 9.20e-04     5s
2026-03-11 07:22:08,640 [INFO]   Ep  27/120  train 2.9086 / 45.7%  val 1.7015 / 70.7%  lr 9.12e-04     5s
2026-03-11 07:22:13,470 [INFO]   Ep  28/120  train 2.9513 / 44.9%  val 1.7040 / 74.2%  lr 9.04e-04     5s
2026-03-11 07:22:13,550 [INFO]   ★ best 74.22% → /data/slr/checkpoints_v2/best_fold2.pt
2026-03-11 07:22:18,368 [INFO]   Ep  29/120  train 2.8930 / 46.0%  val 1.7823 / 69.7%  lr 8.96e-04     5s
2026-03-11 07:22:23,185 [INFO]   Ep  30/120  train 2.9096 / 46.0%  val 1.7398 / 71.7%  lr 8.88e-04     5s
2026-03-11 07:22:28,005 [INFO]   Ep  31/120  train 2.8600 / 47.6%  val 1.6218 / 74.5%  lr 8.79e-04     5s
2026-03-11 07:22:28,085 [INFO]   ★ best 74.46% → /data/slr/checkpoints_v2/best_fold2.pt
2026-03-11 07:22:32,900 [INFO]   Ep  32/120  train 2.9495 / 45.4%  val 1.6863 / 74.9%  lr 8.70e-04     5s
2026-03-11 07:22:32,977 [INFO]   ★ best 74.86% → /data/slr/checkpoints_v2/best_fold2.pt
2026-03-11 07:22:37,792 [INFO]   Ep  33/120  train 2.8851 / 46.9%  val 1.6678 / 71.9%  lr 8.61e-04     5s
2026-03-11 07:22:42,584 [INFO]   Ep  34/120  train 2.7483 / 50.4%  val 1.6257 / 76.4%  lr 8.51e-04     5s
2026-03-11 07:22:42,659 [INFO]   ★ best 76.42% → /data/slr/checkpoints_v2/best_fold2.pt
2026-03-11 07:22:47,467 [INFO]   Ep  35/120  train 2.8598 / 47.2%  val 1.6692 / 75.8%  lr 8.41e-04     5s
2026-03-11 07:22:52,270 [INFO]   Ep  36/120  train 2.7033 / 51.8%  val 1.6088 / 75.4%  lr 8.31e-04     5s
2026-03-11 07:22:57,068 [INFO]   Ep  37/120  train 2.7692 / 50.8%  val 1.6414 / 75.4%  lr 8.21e-04     5s
2026-03-11 07:23:01,859 [INFO]   Ep  38/120  train 2.7266 / 51.4%  val 1.7551 / 76.1%  lr 8.10e-04     5s
2026-03-11 07:23:06,654 [INFO]   Ep  39/120  train 2.6905 / 53.1%  val 1.7625 / 76.9%  lr 7.99e-04     5s
2026-03-11 07:23:06,733 [INFO]   ★ best 76.90% → /data/slr/checkpoints_v2/best_fold2.pt
2026-03-11 07:23:11,534 [INFO]   Ep  40/120  train 2.7439 / 51.8%  val 1.6140 / 78.2%  lr 7.88e-04     5s
2026-03-11 07:23:11,608 [INFO]   ★ best 78.22% → /data/slr/checkpoints_v2/best_fold2.pt
2026-03-11 07:23:16,398 [INFO]   Ep  41/120  train 2.6119 / 54.8%  val 1.5255 / 78.5%  lr 7.77e-04     5s
2026-03-11 07:23:16,475 [INFO]   ★ best 78.49% → /data/slr/checkpoints_v2/best_fold2.pt
2026-03-11 07:23:21,295 [INFO]   Ep  42/120  train 2.7922 / 50.8%  val 1.5945 / 77.8%  lr 7.66e-04     5s
2026-03-11 07:23:26,110 [INFO]   Ep  43/120  train 2.7628 / 50.9%  val 1.6353 / 78.6%  lr 7.54e-04     5s
2026-03-11 07:23:26,183 [INFO]   ★ best 78.60% → /data/slr/checkpoints_v2/best_fold2.pt
2026-03-11 07:23:30,972 [INFO]   Ep  44/120  train 2.6653 / 53.8%  val 1.5367 / 78.7%  lr 7.42e-04     5s
2026-03-11 07:23:31,042 [INFO]   ★ best 78.70% → /data/slr/checkpoints_v2/best_fold2.pt
2026-03-11 07:23:35,848 [INFO]   Ep  45/120  train 2.7222 / 52.2%  val 1.5586 / 78.2%  lr 7.30e-04     5s
2026-03-11 07:23:40,651 [INFO]   Ep  46/120  train 2.6061 / 55.1%  val 1.5564 / 79.2%  lr 7.18e-04     5s
2026-03-11 07:23:40,726 [INFO]   ★ best 79.24% → /data/slr/checkpoints_v2/best_fold2.pt
2026-03-11 07:23:45,528 [INFO]   Ep  47/120  train 2.6153 / 55.4%  val 1.6072 / 75.7%  lr 7.05e-04     5s
2026-03-11 07:23:50,332 [INFO]   Ep  48/120  train 2.5960 / 55.5%  val 1.5261 / 78.7%  lr 6.93e-04     5s
2026-03-11 07:23:55,200 [INFO]   Ep  49/120  train 2.5471 / 57.3%  val 1.4987 / 78.7%  lr 6.80e-04     5s
2026-03-11 07:24:00,052 [INFO]   Ep  50/120  train 2.6538 / 53.9%  val 1.5088 / 80.3%  lr 6.67e-04     5s
2026-03-11 07:24:00,127 [INFO]   ★ best 80.29% → /data/slr/checkpoints_v2/best_fold2.pt
2026-03-11 07:24:04,980 [INFO]   Ep  51/120  train 2.5035 / 58.5%  val 1.5213 / 80.9%  lr 6.54e-04     5s
2026-03-11 07:24:05,054 [INFO]   ★ best 80.87% → /data/slr/checkpoints_v2/best_fold2.pt
2026-03-11 07:24:09,901 [INFO]   Ep  52/120  train 2.6622 / 54.5%  val 1.6309 / 77.8%  lr 6.41e-04     5s
2026-03-11 07:24:14,736 [INFO]   Ep  53/120  train 2.5955 / 56.1%  val 1.5320 / 79.0%  lr 6.28e-04     5s
2026-03-11 07:24:19,554 [INFO]   Ep  54/120  train 2.4290 / 60.3%  val 1.5624 / 80.1%  lr 6.15e-04     5s
2026-03-11 07:24:24,396 [INFO]   Ep  55/120  train 2.5806 / 57.1%  val 1.4925 / 80.3%  lr 6.02e-04     5s
2026-03-11 07:24:29,210 [INFO]   Ep  56/120  train 2.5097 / 59.0%  val 1.5022 / 79.7%  lr 5.88e-04     5s
2026-03-11 07:24:34,040 [INFO]   Ep  57/120  train 2.5863 / 56.5%  val 1.5082 / 79.2%  lr 5.75e-04     5s
2026-03-11 07:24:38,879 [INFO]   Ep  58/120  train 2.5579 / 57.8%  val 1.4819 / 81.2%  lr 5.61e-04     5s
2026-03-11 07:24:38,954 [INFO]   ★ best 81.24% → /data/slr/checkpoints_v2/best_fold2.pt
2026-03-11 07:24:43,802 [INFO]   Ep  59/120  train 2.4509 / 60.0%  val 1.5101 / 79.4%  lr 5.48e-04     5s
2026-03-11 07:24:48,634 [INFO]   Ep  60/120  train 2.4956 / 59.4%  val 1.5456 / 79.2%  lr 5.34e-04     5s
2026-03-11 07:24:53,468 [INFO]   Ep  61/120  train 2.3960 / 61.3%  val 1.4774 / 80.7%  lr 5.20e-04     5s
2026-03-11 07:24:58,288 [INFO]   Ep  62/120  train 2.5034 / 59.3%  val 1.5271 / 79.8%  lr 5.07e-04     5s
2026-03-11 07:25:03,096 [INFO]   Ep  63/120  train 2.4891 / 59.5%  val 1.4973 / 80.0%  lr 4.93e-04     5s
2026-03-11 07:25:07,923 [INFO]   Ep  64/120  train 2.4515 / 60.2%  val 1.5261 / 80.9%  lr 4.79e-04     5s
2026-03-11 07:25:12,745 [INFO]   Ep  65/120  train 2.2836 / 64.4%  val 1.4287 / 81.0%  lr 4.66e-04     5s
2026-03-11 07:25:17,582 [INFO]   Ep  66/120  train 2.4962 / 58.7%  val 1.5154 / 80.8%  lr 4.52e-04     5s
2026-03-11 07:25:22,413 [INFO]   Ep  67/120  train 2.3092 / 63.9%  val 1.5009 / 80.5%  lr 4.39e-04     5s
2026-03-11 07:25:27,262 [INFO]   Ep  68/120  train 2.3931 / 62.1%  val 1.4369 / 81.4%  lr 4.25e-04     5s
2026-03-11 07:25:27,343 [INFO]   ★ best 81.38% → /data/slr/checkpoints_v2/best_fold2.pt
2026-03-11 07:25:32,194 [INFO]   Ep  69/120  train 2.3924 / 62.3%  val 1.5259 / 81.2%  lr 4.12e-04     5s
2026-03-11 07:25:37,061 [INFO]   Ep  70/120  train 2.4104 / 61.2%  val 1.4742 / 80.8%  lr 3.98e-04     5s
2026-03-11 07:25:41,926 [INFO]   Ep  71/120  train 2.3713 / 61.9%  val 1.4397 / 81.6%  lr 3.85e-04     5s
2026-03-11 07:25:41,996 [INFO]   ★ best 81.65% → /data/slr/checkpoints_v2/best_fold2.pt
2026-03-11 07:25:46,828 [INFO]   Ep  72/120  train 2.3078 / 64.2%  val 1.4551 / 81.6%  lr 3.72e-04     5s
2026-03-11 07:25:51,637 [INFO]   Ep  73/120  train 2.3744 / 62.4%  val 1.4812 / 81.8%  lr 3.58e-04     5s
2026-03-11 07:25:51,712 [INFO]   ★ best 81.82% → /data/slr/checkpoints_v2/best_fold2.pt
2026-03-11 07:25:56,557 [INFO]   Ep  74/120  train 2.4291 / 61.0%  val 1.5204 / 80.3%  lr 3.45e-04     5s
2026-03-11 07:26:01,453 [INFO]   Ep  75/120  train 2.3096 / 64.4%  val 1.4697 / 82.1%  lr 3.33e-04     5s
2026-03-11 07:26:01,527 [INFO]   ★ best 82.12% → /data/slr/checkpoints_v2/best_fold2.pt
2026-03-11 07:26:06,371 [INFO]   Ep  76/120  train 2.2786 / 65.4%  val 1.4807 / 81.6%  lr 3.20e-04     5s
2026-03-11 07:26:11,200 [INFO]   Ep  77/120  train 2.2905 / 64.5%  val 1.4989 / 81.6%  lr 3.07e-04     5s
2026-03-11 07:26:16,029 [INFO]   Ep  78/120  train 2.3195 / 63.6%  val 1.4687 / 81.8%  lr 2.95e-04     5s
2026-03-11 07:26:20,858 [INFO]   Ep  79/120  train 2.3626 / 62.6%  val 1.5232 / 81.9%  lr 2.82e-04     5s
2026-03-11 07:26:25,686 [INFO]   Ep  80/120  train 2.2776 / 65.4%  val 1.4797 / 81.3%  lr 2.70e-04     5s
2026-03-11 07:26:30,532 [INFO]   Ep  81/120  train 2.2878 / 65.0%  val 1.4662 / 81.9%  lr 2.58e-04     5s
2026-03-11 07:26:35,356 [INFO]   Ep  82/120  train 2.3280 / 63.2%  val 1.4757 / 81.0%  lr 2.46e-04     5s
2026-03-11 07:26:40,220 [INFO]   Ep  83/120  train 2.2451 / 66.1%  val 1.4693 / 82.1%  lr 2.34e-04     5s
2026-03-11 07:26:45,075 [INFO]   Ep  84/120  train 2.2662 / 65.4%  val 1.4752 / 81.4%  lr 2.23e-04     5s
2026-03-11 07:26:49,889 [INFO]   Ep  85/120  train 2.2757 / 65.2%  val 1.5555 / 81.0%  lr 2.12e-04     5s
2026-03-11 07:26:54,710 [INFO]   Ep  86/120  train 2.2994 / 64.2%  val 1.4664 / 81.9%  lr 2.01e-04     5s
2026-03-11 07:26:59,549 [INFO]   Ep  87/120  train 2.3574 / 63.0%  val 1.5160 / 81.3%  lr 1.90e-04     5s
2026-03-11 07:27:04,395 [INFO]   Ep  88/120  train 2.2084 / 66.6%  val 1.4666 / 81.9%  lr 1.79e-04     5s
2026-03-11 07:27:09,231 [INFO]   Ep  89/120  train 2.1682 / 67.7%  val 1.4771 / 81.9%  lr 1.69e-04     5s
2026-03-11 07:27:14,052 [INFO]   Ep  90/120  train 2.2125 / 66.6%  val 1.4759 / 82.4%  lr 1.59e-04     5s
2026-03-11 07:27:14,122 [INFO]   ★ best 82.36% → /data/slr/checkpoints_v2/best_fold2.pt
2026-03-11 07:27:18,946 [INFO]   Ep  91/120  train 2.2924 / 64.9%  val 1.5500 / 81.6%  lr 1.49e-04     5s
2026-03-11 07:27:23,801 [INFO]   Ep  92/120  train 2.1912 / 67.9%  val 1.4819 / 81.9%  lr 1.39e-04     5s
2026-03-11 07:27:28,637 [INFO]   Ep  93/120  train 2.2770 / 65.2%  val 1.4593 / 82.0%  lr 1.30e-04     5s
2026-03-11 07:27:33,482 [INFO]   Ep  94/120  train 2.2290 / 65.8%  val 1.4785 / 81.6%  lr 1.21e-04     5s
2026-03-11 07:27:38,320 [INFO]   Ep  95/120  train 2.2536 / 66.2%  val 1.4611 / 81.8%  lr 1.12e-04     5s
2026-03-11 07:27:43,149 [INFO]   Ep  96/120  train 2.1757 / 67.6%  val 1.4753 / 82.2%  lr 1.04e-04     5s
2026-03-11 07:27:48,002 [INFO]   Ep  97/120  train 2.3094 / 64.4%  val 1.5332 / 82.2%  lr 9.55e-05     5s
2026-03-11 07:27:52,892 [INFO]   Ep  98/120  train 2.1813 / 67.7%  val 1.5039 / 81.6%  lr 8.76e-05     5s
2026-03-11 07:27:57,742 [INFO]   Ep  99/120  train 2.2238 / 66.2%  val 1.4902 / 81.4%  lr 8.00e-05     5s
2026-03-11 07:28:02,616 [INFO]   Ep 100/120  train 2.1670 / 68.2%  val 1.4887 / 81.5%  lr 7.28e-05     5s
2026-03-11 07:28:07,446 [INFO]   Ep 101/120  train 2.1303 / 68.6%  val 1.5124 / 81.7%  lr 6.59e-05     5s
2026-03-11 07:28:12,295 [INFO]   Ep 102/120  train 2.2454 / 66.0%  val 1.5325 / 81.5%  lr 5.92e-05     5s
2026-03-11 07:28:17,163 [INFO]   Ep 103/120  train 2.1161 / 69.2%  val 1.5062 / 81.7%  lr 5.30e-05     5s
2026-03-11 07:28:22,013 [INFO]   Ep 104/120  train 2.2361 / 66.3%  val 1.4850 / 81.9%  lr 4.70e-05     5s
2026-03-11 07:28:26,831 [INFO]   Ep 105/120  train 2.1789 / 67.9%  val 1.4912 / 82.0%  lr 4.14e-05     5s
2026-03-11 07:28:31,680 [INFO]   Ep 106/120  train 2.1815 / 67.6%  val 1.4962 / 82.1%  lr 3.61e-05     5s
2026-03-11 07:28:36,525 [INFO]   Ep 107/120  train 2.1692 / 68.7%  val 1.4703 / 82.3%  lr 3.12e-05     5s
2026-03-11 07:28:41,371 [INFO]   Ep 108/120  train 2.2315 / 66.2%  val 1.4720 / 82.2%  lr 2.66e-05     5s
2026-03-11 07:28:46,280 [INFO]   Ep 109/120  train 2.1897 / 67.2%  val 1.4784 / 82.4%  lr 2.24e-05     5s
2026-03-11 07:28:46,355 [INFO]   ★ best 82.43% → /data/slr/checkpoints_v2/best_fold2.pt
2026-03-11 07:28:51,244 [INFO]   Ep 110/120  train 2.2266 / 67.3%  val 1.5070 / 82.2%  lr 1.86e-05     5s
2026-03-11 07:28:56,089 [INFO]   Ep 111/120  train 2.2331 / 66.4%  val 1.5096 / 82.3%  lr 1.51e-05     5s
2026-03-11 07:29:00,928 [INFO]   Ep 112/120  train 2.1719 / 68.1%  val 1.4929 / 82.0%  lr 1.19e-05     5s
2026-03-11 07:29:05,805 [INFO]   Ep 113/120  train 2.2622 / 66.1%  val 1.5024 / 82.2%  lr 9.14e-06     5s
2026-03-11 07:29:10,658 [INFO]   Ep 114/120  train 2.2034 / 67.2%  val 1.4583 / 82.2%  lr 6.73e-06     5s
2026-03-11 07:29:15,478 [INFO]   Ep 115/120  train 2.1545 / 68.5%  val 1.5056 / 82.1%  lr 4.69e-06     5s
2026-03-11 07:29:20,326 [INFO]   Ep 116/120  train 2.1335 / 68.8%  val 1.4439 / 82.0%  lr 3.01e-06     5s
2026-03-11 07:29:25,202 [INFO]   Ep 117/120  train 2.2378 / 65.9%  val 1.5018 / 81.9%  lr 1.71e-06     5s
2026-03-11 07:29:30,029 [INFO]   Ep 118/120  train 2.1198 / 68.7%  val 1.4413 / 82.3%  lr 7.82e-07     5s
2026-03-11 07:29:34,885 [INFO]   Ep 119/120  train 2.2232 / 66.7%  val 1.5021 / 82.3%  lr 2.25e-07     5s
2026-03-11 07:29:39,720 [INFO]   Ep 120/120  train 2.1036 / 69.3%  val 1.4600 / 82.2%  lr 4.00e-08     5s
2026-03-11 07:29:39,720 [INFO]   Fold 3 best val acc: 82.43%
2026-03-11 07:29:40,047 [INFO] ================================================================
2026-03-11 07:29:40,047 [INFO] FOLD 4 / 5
2026-03-11 07:29:40,047 [INFO] ================================================================
2026-03-11 07:29:45,335 [INFO]   Ep   1/120  train 4.8290 / 0.9%  val 4.7038 / 2.0%  lr 1.32e-04     5s
2026-03-11 07:29:45,392 [INFO]   ★ best 2.04% → /data/slr/checkpoints_v2/best_fold3.pt
2026-03-11 07:29:50,233 [INFO]   Ep   2/120  train 4.7094 / 1.6%  val 4.4414 / 2.2%  lr 3.72e-04     5s
2026-03-11 07:29:50,305 [INFO]   ★ best 2.17% → /data/slr/checkpoints_v2/best_fold3.pt
2026-03-11 07:29:55,144 [INFO]   Ep   3/120  train 4.5790 / 2.6%  val 4.1839 / 4.7%  lr 6.69e-04     5s
2026-03-11 07:29:55,213 [INFO]   ★ best 4.68% → /data/slr/checkpoints_v2/best_fold3.pt
2026-03-11 07:30:00,069 [INFO]   Ep   4/120  train 4.3690 / 5.5%  val 3.6913 / 13.1%  lr 9.09e-04     5s
2026-03-11 07:30:00,139 [INFO]   ★ best 13.09% → /data/slr/checkpoints_v2/best_fold3.pt
2026-03-11 07:30:04,996 [INFO]   Ep   5/120  train 4.2225 / 8.2%  val 3.9832 / 9.9%  lr 1.00e-03     5s
2026-03-11 07:30:09,831 [INFO]   Ep   6/120  train 4.0607 / 11.4%  val 3.2008 / 23.8%  lr 1.00e-03     5s
2026-03-11 07:30:09,904 [INFO]   ★ best 23.85% → /data/slr/checkpoints_v2/best_fold3.pt
2026-03-11 07:30:14,725 [INFO]   Ep   7/120  train 3.9107 / 15.0%  val 3.0519 / 26.7%  lr 9.99e-04     5s
2026-03-11 07:30:14,797 [INFO]   ★ best 26.66% → /data/slr/checkpoints_v2/best_fold3.pt
2026-03-11 07:30:19,647 [INFO]   Ep   8/120  train 3.8487 / 17.3%  val 2.8145 / 36.9%  lr 9.98e-04     5s
2026-03-11 07:30:19,717 [INFO]   ★ best 36.91% → /data/slr/checkpoints_v2/best_fold3.pt
2026-03-11 07:30:24,571 [INFO]   Ep   9/120  train 3.7433 / 19.9%  val 2.8046 / 36.6%  lr 9.97e-04     5s
2026-03-11 07:30:29,431 [INFO]   Ep  10/120  train 3.6891 / 21.6%  val 2.6920 / 42.3%  lr 9.95e-04     5s
2026-03-11 07:30:29,500 [INFO]   ★ best 42.27% → /data/slr/checkpoints_v2/best_fold3.pt
2026-03-11 07:30:34,357 [INFO]   Ep  11/120  train 3.6000 / 24.7%  val 2.5885 / 44.6%  lr 9.93e-04     5s
2026-03-11 07:30:34,424 [INFO]   ★ best 44.57% → /data/slr/checkpoints_v2/best_fold3.pt
2026-03-11 07:30:39,246 [INFO]   Ep  12/120  train 3.6182 / 24.3%  val 2.3499 / 51.3%  lr 9.91e-04     5s
2026-03-11 07:30:39,314 [INFO]   ★ best 51.32% → /data/slr/checkpoints_v2/best_fold3.pt
2026-03-11 07:30:44,142 [INFO]   Ep  13/120  train 3.4640 / 28.1%  val 2.3409 / 51.4%  lr 9.88e-04     5s
2026-03-11 07:30:44,212 [INFO]   ★ best 51.39% → /data/slr/checkpoints_v2/best_fold3.pt
2026-03-11 07:30:49,049 [INFO]   Ep  14/120  train 3.4703 / 28.7%  val 2.1823 / 56.2%  lr 9.85e-04     5s
2026-03-11 07:30:49,121 [INFO]   ★ best 56.17% → /data/slr/checkpoints_v2/best_fold3.pt
2026-03-11 07:30:53,936 [INFO]   Ep  15/120  train 3.3954 / 31.2%  val 2.1746 / 56.0%  lr 9.81e-04     5s
2026-03-11 07:30:58,764 [INFO]   Ep  16/120  train 3.3003 / 33.3%  val 2.2018 / 60.2%  lr 9.78e-04     5s
2026-03-11 07:30:58,834 [INFO]   ★ best 60.18% → /data/slr/checkpoints_v2/best_fold3.pt
2026-03-11 07:31:03,668 [INFO]   Ep  17/120  train 3.2393 / 35.1%  val 1.9610 / 63.0%  lr 9.73e-04     5s
2026-03-11 07:31:03,739 [INFO]   ★ best 63.03% → /data/slr/checkpoints_v2/best_fold3.pt
2026-03-11 07:31:08,562 [INFO]   Ep  18/120  train 3.2257 / 36.0%  val 2.0540 / 62.1%  lr 9.69e-04     5s
2026-03-11 07:31:13,386 [INFO]   Ep  19/120  train 3.1792 / 37.5%  val 2.0345 / 63.7%  lr 9.64e-04     5s
2026-03-11 07:31:13,458 [INFO]   ★ best 63.74% → /data/slr/checkpoints_v2/best_fold3.pt
2026-03-11 07:31:18,284 [INFO]   Ep  20/120  train 3.1760 / 37.8%  val 1.9306 / 64.0%  lr 9.59e-04     5s
2026-03-11 07:31:18,357 [INFO]   ★ best 63.98% → /data/slr/checkpoints_v2/best_fold3.pt
2026-03-11 07:31:23,172 [INFO]   Ep  21/120  train 3.1610 / 37.9%  val 1.9168 / 66.7%  lr 9.53e-04     5s
2026-03-11 07:31:23,241 [INFO]   ★ best 66.66% → /data/slr/checkpoints_v2/best_fold3.pt
2026-03-11 07:31:28,043 [INFO]   Ep  22/120  train 3.0911 / 39.8%  val 1.9892 / 67.6%  lr 9.47e-04     5s
2026-03-11 07:31:28,112 [INFO]   ★ best 67.61% → /data/slr/checkpoints_v2/best_fold3.pt
2026-03-11 07:31:32,926 [INFO]   Ep  23/120  train 2.9781 / 43.1%  val 1.9154 / 64.8%  lr 9.41e-04     5s
2026-03-11 07:31:37,740 [INFO]   Ep  24/120  train 3.0131 / 42.4%  val 1.8423 / 65.4%  lr 9.34e-04     5s
2026-03-11 07:31:42,552 [INFO]   Ep  25/120  train 3.0495 / 41.7%  val 1.7745 / 69.9%  lr 9.27e-04     5s
2026-03-11 07:31:42,624 [INFO]   ★ best 69.95% → /data/slr/checkpoints_v2/best_fold3.pt
2026-03-11 07:31:47,448 [INFO]   Ep  26/120  train 2.9739 / 43.8%  val 1.7806 / 71.3%  lr 9.20e-04     5s
2026-03-11 07:31:47,524 [INFO]   ★ best 71.27% → /data/slr/checkpoints_v2/best_fold3.pt
2026-03-11 07:31:52,362 [INFO]   Ep  27/120  train 2.9411 / 44.8%  val 1.8606 / 72.1%  lr 9.12e-04     5s
2026-03-11 07:31:52,432 [INFO]   ★ best 72.12% → /data/slr/checkpoints_v2/best_fold3.pt
2026-03-11 07:31:57,252 [INFO]   Ep  28/120  train 2.9350 / 45.4%  val 1.8450 / 72.2%  lr 9.04e-04     5s
2026-03-11 07:31:57,325 [INFO]   ★ best 72.18% → /data/slr/checkpoints_v2/best_fold3.pt
2026-03-11 07:32:02,151 [INFO]   Ep  29/120  train 2.9773 / 44.4%  val 1.8355 / 69.8%  lr 8.96e-04     5s
2026-03-11 07:32:06,966 [INFO]   Ep  30/120  train 2.8935 / 47.0%  val 1.7616 / 72.1%  lr 8.88e-04     5s
2026-03-11 07:32:11,769 [INFO]   Ep  31/120  train 2.8862 / 47.4%  val 1.6448 / 75.2%  lr 8.79e-04     5s
2026-03-11 07:32:11,840 [INFO]   ★ best 75.17% → /data/slr/checkpoints_v2/best_fold3.pt
2026-03-11 07:32:16,664 [INFO]   Ep  32/120  train 2.8469 / 47.8%  val 1.5988 / 75.7%  lr 8.70e-04     5s
2026-03-11 07:32:16,733 [INFO]   ★ best 75.68% → /data/slr/checkpoints_v2/best_fold3.pt
2026-03-11 07:32:21,541 [INFO]   Ep  33/120  train 2.8410 / 48.6%  val 1.6652 / 73.9%  lr 8.61e-04     5s
2026-03-11 07:32:26,358 [INFO]   Ep  34/120  train 2.8090 / 49.4%  val 1.5675 / 75.4%  lr 8.51e-04     5s
2026-03-11 07:32:31,155 [INFO]   Ep  35/120  train 2.7426 / 50.0%  val 1.5974 / 75.7%  lr 8.41e-04     5s
2026-03-11 07:32:31,226 [INFO]   ★ best 75.71% → /data/slr/checkpoints_v2/best_fold3.pt
2026-03-11 07:32:36,054 [INFO]   Ep  36/120  train 2.7017 / 52.3%  val 1.6692 / 73.9%  lr 8.31e-04     5s
2026-03-11 07:32:40,880 [INFO]   Ep  37/120  train 2.6399 / 53.8%  val 1.6572 / 75.4%  lr 8.21e-04     5s
2026-03-11 07:32:45,708 [INFO]   Ep  38/120  train 2.6491 / 54.0%  val 1.5607 / 76.5%  lr 8.10e-04     5s
2026-03-11 07:32:45,777 [INFO]   ★ best 76.46% → /data/slr/checkpoints_v2/best_fold3.pt
2026-03-11 07:32:50,590 [INFO]   Ep  39/120  train 2.7623 / 51.0%  val 1.6311 / 77.8%  lr 7.99e-04     5s
2026-03-11 07:32:50,662 [INFO]   ★ best 77.82% → /data/slr/checkpoints_v2/best_fold3.pt
2026-03-11 07:32:55,477 [INFO]   Ep  40/120  train 2.7876 / 50.2%  val 1.6710 / 76.0%  lr 7.88e-04     5s
2026-03-11 07:33:00,302 [INFO]   Ep  41/120  train 2.6597 / 53.3%  val 1.5606 / 78.2%  lr 7.77e-04     5s
2026-03-11 07:33:00,373 [INFO]   ★ best 78.15% → /data/slr/checkpoints_v2/best_fold3.pt
2026-03-11 07:33:05,201 [INFO]   Ep  42/120  train 2.6972 / 52.0%  val 1.5604 / 76.8%  lr 7.66e-04     5s
2026-03-11 07:33:10,022 [INFO]   Ep  43/120  train 2.6184 / 55.3%  val 1.5073 / 79.5%  lr 7.54e-04     5s
2026-03-11 07:33:10,085 [INFO]   ★ best 79.48% → /data/slr/checkpoints_v2/best_fold3.pt
2026-03-11 07:33:14,915 [INFO]   Ep  44/120  train 2.5619 / 56.4%  val 1.6807 / 76.8%  lr 7.42e-04     5s
2026-03-11 07:33:19,731 [INFO]   Ep  45/120  train 2.5437 / 57.6%  val 1.5433 / 78.9%  lr 7.30e-04     5s
2026-03-11 07:33:24,546 [INFO]   Ep  46/120  train 2.6404 / 54.7%  val 1.5834 / 78.6%  lr 7.18e-04     5s
2026-03-11 07:33:29,355 [INFO]   Ep  47/120  train 2.5741 / 57.0%  val 1.5113 / 78.3%  lr 7.05e-04     5s
2026-03-11 07:33:34,188 [INFO]   Ep  48/120  train 2.5621 / 57.0%  val 1.5326 / 78.2%  lr 6.93e-04     5s
2026-03-11 07:33:38,994 [INFO]   Ep  49/120  train 2.6220 / 56.2%  val 1.6776 / 77.4%  lr 6.80e-04     5s
2026-03-11 07:33:43,805 [INFO]   Ep  50/120  train 2.5808 / 57.1%  val 1.5899 / 78.4%  lr 6.67e-04     5s
2026-03-11 07:33:48,628 [INFO]   Ep  51/120  train 2.4727 / 59.7%  val 1.5087 / 77.6%  lr 6.54e-04     5s
2026-03-11 07:33:53,433 [INFO]   Ep  52/120  train 2.6225 / 55.4%  val 1.5386 / 77.3%  lr 6.41e-04     5s
2026-03-11 07:33:58,262 [INFO]   Ep  53/120  train 2.5091 / 58.7%  val 1.5436 / 79.3%  lr 6.28e-04     5s
2026-03-11 07:34:03,076 [INFO]   Ep  54/120  train 2.5026 / 59.1%  val 1.5011 / 79.5%  lr 6.15e-04     5s
2026-03-11 07:34:03,143 [INFO]   ★ best 79.51% → /data/slr/checkpoints_v2/best_fold3.pt
2026-03-11 07:34:07,964 [INFO]   Ep  55/120  train 2.5249 / 57.9%  val 1.5134 / 79.4%  lr 6.02e-04     5s
2026-03-11 07:34:12,768 [INFO]   Ep  56/120  train 2.4931 / 59.2%  val 1.4820 / 79.4%  lr 5.88e-04     5s
2026-03-11 07:34:17,586 [INFO]   Ep  57/120  train 2.3984 / 61.3%  val 1.5071 / 80.0%  lr 5.75e-04     5s
2026-03-11 07:34:17,655 [INFO]   ★ best 80.02% → /data/slr/checkpoints_v2/best_fold3.pt
2026-03-11 07:34:22,496 [INFO]   Ep  58/120  train 2.4754 / 59.0%  val 1.5516 / 79.4%  lr 5.61e-04     5s
2026-03-11 07:34:27,303 [INFO]   Ep  59/120  train 2.5934 / 56.3%  val 1.4771 / 80.2%  lr 5.48e-04     5s
2026-03-11 07:34:27,375 [INFO]   ★ best 80.19% → /data/slr/checkpoints_v2/best_fold3.pt
2026-03-11 07:34:32,202 [INFO]   Ep  60/120  train 2.4232 / 60.8%  val 1.5178 / 80.0%  lr 5.34e-04     5s
2026-03-11 07:34:37,035 [INFO]   Ep  61/120  train 2.4704 / 60.3%  val 1.5787 / 80.2%  lr 5.20e-04     5s
2026-03-11 07:34:37,103 [INFO]   ★ best 80.22% → /data/slr/checkpoints_v2/best_fold3.pt
2026-03-11 07:34:41,936 [INFO]   Ep  62/120  train 2.4250 / 60.7%  val 1.4893 / 79.8%  lr 5.07e-04     5s
2026-03-11 07:34:46,744 [INFO]   Ep  63/120  train 2.4436 / 60.4%  val 1.5747 / 80.1%  lr 4.93e-04     5s
2026-03-11 07:34:51,542 [INFO]   Ep  64/120  train 2.3479 / 63.1%  val 1.4554 / 80.8%  lr 4.79e-04     5s
2026-03-11 07:34:51,615 [INFO]   ★ best 80.80% → /data/slr/checkpoints_v2/best_fold3.pt
2026-03-11 07:34:56,450 [INFO]   Ep  65/120  train 2.3951 / 61.6%  val 1.4814 / 80.1%  lr 4.66e-04     5s
2026-03-11 07:35:01,278 [INFO]   Ep  66/120  train 2.3781 / 62.4%  val 1.6032 / 79.6%  lr 4.52e-04     5s
2026-03-11 07:35:06,091 [INFO]   Ep  67/120  train 2.3214 / 64.0%  val 1.5653 / 80.2%  lr 4.39e-04     5s
2026-03-11 07:35:10,949 [INFO]   Ep  68/120  train 2.4324 / 61.3%  val 1.6697 / 79.5%  lr 4.25e-04     5s
2026-03-11 07:35:15,753 [INFO]   Ep  69/120  train 2.4392 / 61.0%  val 1.6556 / 79.8%  lr 4.12e-04     5s
2026-03-11 07:35:20,582 [INFO]   Ep  70/120  train 2.4022 / 61.2%  val 1.5132 / 79.9%  lr 3.98e-04     5s
2026-03-11 07:35:25,404 [INFO]   Ep  71/120  train 2.4047 / 61.4%  val 1.5229 / 80.5%  lr 3.85e-04     5s
2026-03-11 07:35:30,225 [INFO]   Ep  72/120  train 2.3674 / 63.0%  val 1.4647 / 80.8%  lr 3.72e-04     5s
2026-03-11 07:35:35,033 [INFO]   Ep  73/120  train 2.2594 / 65.3%  val 1.4898 / 80.3%  lr 3.58e-04     5s
2026-03-11 07:35:39,845 [INFO]   Ep  74/120  train 2.2599 / 65.8%  val 1.5390 / 80.0%  lr 3.45e-04     5s
2026-03-11 07:35:44,677 [INFO]   Ep  75/120  train 2.3042 / 64.5%  val 1.4782 / 81.0%  lr 3.33e-04     5s
2026-03-11 07:35:44,750 [INFO]   ★ best 81.04% → /data/slr/checkpoints_v2/best_fold3.pt
2026-03-11 07:35:49,570 [INFO]   Ep  76/120  train 2.2709 / 65.1%  val 1.5407 / 81.3%  lr 3.20e-04     5s
2026-03-11 07:35:49,641 [INFO]   ★ best 81.28% → /data/slr/checkpoints_v2/best_fold3.pt
2026-03-11 07:35:54,464 [INFO]   Ep  77/120  train 2.1975 / 66.8%  val 1.4902 / 80.7%  lr 3.07e-04     5s
2026-03-11 07:35:59,288 [INFO]   Ep  78/120  train 2.3831 / 62.4%  val 1.5274 / 80.8%  lr 2.95e-04     5s
2026-03-11 07:36:04,127 [INFO]   Ep  79/120  train 2.1842 / 68.0%  val 1.5434 / 80.2%  lr 2.82e-04     5s
2026-03-11 07:36:08,966 [INFO]   Ep  80/120  train 2.3017 / 64.6%  val 1.4709 / 81.0%  lr 2.70e-04     5s
2026-03-11 07:36:13,798 [INFO]   Ep  81/120  train 2.1291 / 69.3%  val 1.4725 / 80.8%  lr 2.58e-04     5s
2026-03-11 07:36:18,615 [INFO]   Ep  82/120  train 2.2325 / 66.4%  val 1.4761 / 80.2%  lr 2.46e-04     5s
2026-03-11 07:36:23,427 [INFO]   Ep  83/120  train 2.2290 / 66.9%  val 1.4765 / 81.4%  lr 2.34e-04     5s
2026-03-11 07:36:23,494 [INFO]   ★ best 81.41% → /data/slr/checkpoints_v2/best_fold3.pt
2026-03-11 07:36:28,328 [INFO]   Ep  84/120  train 2.2249 / 66.3%  val 1.4989 / 80.1%  lr 2.23e-04     5s
2026-03-11 07:36:33,152 [INFO]   Ep  85/120  train 2.2686 / 65.8%  val 1.4628 / 81.0%  lr 2.12e-04     5s
2026-03-11 07:36:37,975 [INFO]   Ep  86/120  train 2.1831 / 67.9%  val 1.4803 / 80.6%  lr 2.01e-04     5s
2026-03-11 07:36:42,789 [INFO]   Ep  87/120  train 2.1972 / 67.1%  val 1.4538 / 81.0%  lr 1.90e-04     5s
2026-03-11 07:36:47,620 [INFO]   Ep  88/120  train 2.2784 / 65.2%  val 1.4930 / 80.6%  lr 1.79e-04     5s
2026-03-11 07:36:52,438 [INFO]   Ep  89/120  train 2.2383 / 65.7%  val 1.5317 / 81.4%  lr 1.69e-04     5s
2026-03-11 07:36:52,504 [INFO]   ★ best 81.45% → /data/slr/checkpoints_v2/best_fold3.pt
2026-03-11 07:36:57,331 [INFO]   Ep  90/120  train 2.2598 / 65.5%  val 1.4625 / 81.3%  lr 1.59e-04     5s
2026-03-11 07:37:02,177 [INFO]   Ep  91/120  train 2.2536 / 65.6%  val 1.4740 / 81.1%  lr 1.49e-04     5s
2026-03-11 07:37:07,018 [INFO]   Ep  92/120  train 2.3447 / 63.2%  val 1.4756 / 81.1%  lr 1.39e-04     5s
2026-03-11 07:37:11,854 [INFO]   Ep  93/120  train 2.2735 / 65.6%  val 1.4636 / 81.2%  lr 1.30e-04     5s
2026-03-11 07:37:16,659 [INFO]   Ep  94/120  train 2.2547 / 65.9%  val 1.4817 / 81.3%  lr 1.21e-04     5s
2026-03-11 07:37:21,492 [INFO]   Ep  95/120  train 2.1848 / 68.0%  val 1.4932 / 81.4%  lr 1.12e-04     5s
2026-03-11 07:37:26,301 [INFO]   Ep  96/120  train 2.2458 / 65.7%  val 1.5049 / 81.3%  lr 1.04e-04     5s
2026-03-11 07:37:31,122 [INFO]   Ep  97/120  train 2.1729 / 67.7%  val 1.4975 / 81.0%  lr 9.55e-05     5s
2026-03-11 07:37:35,950 [INFO]   Ep  98/120  train 2.1973 / 67.5%  val 1.4699 / 81.8%  lr 8.76e-05     5s
2026-03-11 07:37:36,021 [INFO]   ★ best 81.78% → /data/slr/checkpoints_v2/best_fold3.pt
2026-03-11 07:37:40,831 [INFO]   Ep  99/120  train 2.1556 / 68.3%  val 1.4467 / 81.3%  lr 8.00e-05     5s
2026-03-11 07:37:45,664 [INFO]   Ep 100/120  train 2.1216 / 69.2%  val 1.4816 / 81.8%  lr 7.28e-05     5s
2026-03-11 07:37:45,736 [INFO]   ★ best 81.82% → /data/slr/checkpoints_v2/best_fold3.pt
2026-03-11 07:37:50,559 [INFO]   Ep 101/120  train 2.1401 / 69.2%  val 1.4522 / 81.3%  lr 6.59e-05     5s
2026-03-11 07:37:55,369 [INFO]   Ep 102/120  train 2.1871 / 67.6%  val 1.4869 / 81.2%  lr 5.92e-05     5s
2026-03-11 07:38:00,214 [INFO]   Ep 103/120  train 2.1771 / 67.2%  val 1.4714 / 80.9%  lr 5.30e-05     5s
2026-03-11 07:38:05,062 [INFO]   Ep 104/120  train 2.1569 / 68.0%  val 1.4975 / 81.2%  lr 4.70e-05     5s
2026-03-11 07:38:09,872 [INFO]   Ep 105/120  train 2.1168 / 68.7%  val 1.4752 / 81.6%  lr 4.14e-05     5s
2026-03-11 07:38:14,689 [INFO]   Ep 106/120  train 2.2208 / 65.8%  val 1.5024 / 81.5%  lr 3.61e-05     5s
2026-03-11 07:38:19,503 [INFO]   Ep 107/120  train 2.1071 / 70.1%  val 1.4723 / 81.5%  lr 3.12e-05     5s
2026-03-11 07:38:24,301 [INFO]   Ep 108/120  train 2.2202 / 66.2%  val 1.4831 / 81.5%  lr 2.66e-05     5s
2026-03-11 07:38:29,123 [INFO]   Ep 109/120  train 2.1487 / 68.4%  val 1.4526 / 81.4%  lr 2.24e-05     5s
2026-03-11 07:38:33,948 [INFO]   Ep 110/120  train 2.2455 / 66.1%  val 1.4994 / 81.4%  lr 1.86e-05     5s
2026-03-11 07:38:38,785 [INFO]   Ep 111/120  train 2.1618 / 68.4%  val 1.4929 / 81.4%  lr 1.51e-05     5s
2026-03-11 07:38:43,601 [INFO]   Ep 112/120  train 2.0991 / 69.5%  val 1.4670 / 81.6%  lr 1.19e-05     5s
2026-03-11 07:38:48,425 [INFO]   Ep 113/120  train 2.1357 / 69.0%  val 1.4650 / 81.6%  lr 9.14e-06     5s
2026-03-11 07:38:53,254 [INFO]   Ep 114/120  train 2.0731 / 70.2%  val 1.4853 / 81.7%  lr 6.73e-06     5s
2026-03-11 07:38:58,067 [INFO]   Ep 115/120  train 2.1447 / 68.1%  val 1.4845 / 81.6%  lr 4.69e-06     5s
2026-03-11 07:39:02,882 [INFO]   Ep 116/120  train 2.2474 / 65.3%  val 1.4829 / 81.5%  lr 3.01e-06     5s
2026-03-11 07:39:07,697 [INFO]   Ep 117/120  train 2.1677 / 67.7%  val 1.4553 / 81.5%  lr 1.71e-06     5s
2026-03-11 07:39:12,513 [INFO]   Ep 118/120  train 2.1522 / 68.2%  val 1.4375 / 81.5%  lr 7.82e-07     5s
2026-03-11 07:39:17,324 [INFO]   Ep 119/120  train 2.1958 / 67.1%  val 1.4610 / 81.5%  lr 2.25e-07     5s
2026-03-11 07:39:22,124 [INFO]   Ep 120/120  train 2.2235 / 66.2%  val 1.4741 / 81.6%  lr 4.00e-08     5s
2026-03-11 07:39:22,124 [INFO]   Fold 4 best val acc: 81.82%
2026-03-11 07:39:22,463 [INFO] ================================================================
2026-03-11 07:39:22,463 [INFO] FOLD 5 / 5
2026-03-11 07:39:22,463 [INFO] ================================================================
2026-03-11 07:39:27,719 [INFO]   Ep   1/120  train 4.8247 / 1.3%  val 4.6771 / 1.9%  lr 1.32e-04     5s
2026-03-11 07:39:27,780 [INFO]   ★ best 1.90% → /data/slr/checkpoints_v2/best_fold4.pt
2026-03-11 07:39:32,618 [INFO]   Ep   2/120  train 4.6921 / 1.5%  val 4.4528 / 2.7%  lr 3.72e-04     5s
2026-03-11 07:39:32,693 [INFO]   ★ best 2.75% → /data/slr/checkpoints_v2/best_fold4.pt
2026-03-11 07:39:37,513 [INFO]   Ep   3/120  train 4.5517 / 3.0%  val 4.8130 / 2.7%  lr 6.69e-04     5s
2026-03-11 07:39:42,353 [INFO]   Ep   4/120  train 4.3783 / 5.7%  val 3.8548 / 10.5%  lr 9.09e-04     5s
2026-03-11 07:39:42,428 [INFO]   ★ best 10.52% → /data/slr/checkpoints_v2/best_fold4.pt
2026-03-11 07:39:47,255 [INFO]   Ep   5/120  train 4.1530 / 9.7%  val 3.4066 / 19.3%  lr 1.00e-03     5s
2026-03-11 07:39:47,328 [INFO]   ★ best 19.27% → /data/slr/checkpoints_v2/best_fold4.pt
2026-03-11 07:39:52,153 [INFO]   Ep   6/120  train 4.0355 / 12.1%  val 3.0477 / 28.0%  lr 1.00e-03     5s
2026-03-11 07:39:52,223 [INFO]   ★ best 27.99% → /data/slr/checkpoints_v2/best_fold4.pt
2026-03-11 07:39:57,034 [INFO]   Ep   7/120  train 3.9304 / 14.6%  val 2.9840 / 32.7%  lr 9.99e-04     5s
2026-03-11 07:39:57,107 [INFO]   ★ best 32.70% → /data/slr/checkpoints_v2/best_fold4.pt
2026-03-11 07:40:01,924 [INFO]   Ep   8/120  train 3.7875 / 18.1%  val 2.7128 / 36.4%  lr 9.98e-04     5s
2026-03-11 07:40:01,993 [INFO]   ★ best 36.40% → /data/slr/checkpoints_v2/best_fold4.pt
2026-03-11 07:40:06,797 [INFO]   Ep   9/120  train 3.7806 / 19.1%  val 2.7041 / 37.2%  lr 9.97e-04     5s
2026-03-11 07:40:06,869 [INFO]   ★ best 37.21% → /data/slr/checkpoints_v2/best_fold4.pt
2026-03-11 07:40:11,673 [INFO]   Ep  10/120  train 3.6822 / 22.4%  val 2.6489 / 40.3%  lr 9.95e-04     5s
2026-03-11 07:40:11,746 [INFO]   ★ best 40.33% → /data/slr/checkpoints_v2/best_fold4.pt
2026-03-11 07:40:16,556 [INFO]   Ep  11/120  train 3.6385 / 23.6%  val 2.5163 / 45.5%  lr 9.93e-04     5s
2026-03-11 07:40:16,623 [INFO]   ★ best 45.52% → /data/slr/checkpoints_v2/best_fold4.pt
2026-03-11 07:40:21,423 [INFO]   Ep  12/120  train 3.4850 / 26.8%  val 2.4447 / 46.6%  lr 9.91e-04     5s
2026-03-11 07:40:21,494 [INFO]   ★ best 46.57% → /data/slr/checkpoints_v2/best_fold4.pt
2026-03-11 07:40:26,296 [INFO]   Ep  13/120  train 3.5147 / 27.4%  val 2.4709 / 48.8%  lr 9.88e-04     5s
2026-03-11 07:40:26,366 [INFO]   ★ best 48.81% → /data/slr/checkpoints_v2/best_fold4.pt
2026-03-11 07:40:31,160 [INFO]   Ep  14/120  train 3.3836 / 30.6%  val 2.3067 / 56.5%  lr 9.85e-04     5s
2026-03-11 07:40:31,227 [INFO]   ★ best 56.55% → /data/slr/checkpoints_v2/best_fold4.pt
2026-03-11 07:40:36,042 [INFO]   Ep  15/120  train 3.3684 / 31.2%  val 2.2578 / 53.4%  lr 9.81e-04     5s
2026-03-11 07:40:40,855 [INFO]   Ep  16/120  train 3.3040 / 33.8%  val 2.0954 / 58.4%  lr 9.78e-04     5s
2026-03-11 07:40:40,925 [INFO]   ★ best 58.45% → /data/slr/checkpoints_v2/best_fold4.pt
2026-03-11 07:40:45,716 [INFO]   Ep  17/120  train 3.3426 / 33.3%  val 2.0975 / 59.2%  lr 9.73e-04     5s
2026-03-11 07:40:45,783 [INFO]   ★ best 59.23% → /data/slr/checkpoints_v2/best_fold4.pt
2026-03-11 07:40:50,591 [INFO]   Ep  18/120  train 3.2533 / 35.6%  val 1.9961 / 60.8%  lr 9.69e-04     5s
2026-03-11 07:40:50,661 [INFO]   ★ best 60.79% → /data/slr/checkpoints_v2/best_fold4.pt
2026-03-11 07:40:55,467 [INFO]   Ep  19/120  train 3.2206 / 36.9%  val 2.0079 / 63.9%  lr 9.64e-04     5s
2026-03-11 07:40:55,537 [INFO]   ★ best 63.87% → /data/slr/checkpoints_v2/best_fold4.pt
2026-03-11 07:41:00,344 [INFO]   Ep  20/120  train 3.1777 / 37.7%  val 1.9439 / 65.1%  lr 9.59e-04     5s
2026-03-11 07:41:00,412 [INFO]   ★ best 65.06% → /data/slr/checkpoints_v2/best_fold4.pt
2026-03-11 07:41:05,232 [INFO]   Ep  21/120  train 3.1131 / 39.4%  val 1.9857 / 60.9%  lr 9.53e-04     5s
2026-03-11 07:41:10,044 [INFO]   Ep  22/120  train 3.1448 / 39.0%  val 1.8362 / 69.3%  lr 9.47e-04     5s
2026-03-11 07:41:10,112 [INFO]   ★ best 69.30% → /data/slr/checkpoints_v2/best_fold4.pt
2026-03-11 07:41:14,924 [INFO]   Ep  23/120  train 3.1444 / 39.0%  val 1.9946 / 66.1%  lr 9.41e-04     5s
2026-03-11 07:41:19,739 [INFO]   Ep  24/120  train 3.0453 / 41.5%  val 1.7812 / 70.0%  lr 9.34e-04     5s
2026-03-11 07:41:19,816 [INFO]   ★ best 70.05% → /data/slr/checkpoints_v2/best_fold4.pt
2026-03-11 07:41:24,611 [INFO]   Ep  25/120  train 3.0692 / 41.1%  val 1.9283 / 69.0%  lr 9.27e-04     5s
2026-03-11 07:41:29,416 [INFO]   Ep  26/120  train 3.1239 / 40.2%  val 1.7695 / 71.6%  lr 9.20e-04     5s
2026-03-11 07:41:29,489 [INFO]   ★ best 71.57% → /data/slr/checkpoints_v2/best_fold4.pt
2026-03-11 07:41:34,303 [INFO]   Ep  27/120  train 2.9575 / 44.4%  val 1.6715 / 72.7%  lr 9.12e-04     5s
2026-03-11 07:41:34,372 [INFO]   ★ best 72.66% → /data/slr/checkpoints_v2/best_fold4.pt
2026-03-11 07:41:39,183 [INFO]   Ep  28/120  train 2.9633 / 44.3%  val 1.7999 / 70.5%  lr 9.04e-04     5s
2026-03-11 07:41:43,982 [INFO]   Ep  29/120  train 2.9815 / 44.5%  val 1.7793 / 71.3%  lr 8.96e-04     5s
2026-03-11 07:41:48,797 [INFO]   Ep  30/120  train 2.9392 / 45.0%  val 1.6996 / 73.0%  lr 8.88e-04     5s
2026-03-11 07:41:48,873 [INFO]   ★ best 73.00% → /data/slr/checkpoints_v2/best_fold4.pt
2026-03-11 07:41:53,690 [INFO]   Ep  31/120  train 2.8964 / 45.6%  val 1.6721 / 73.3%  lr 8.79e-04     5s
2026-03-11 07:41:53,763 [INFO]   ★ best 73.27% → /data/slr/checkpoints_v2/best_fold4.pt
2026-03-11 07:41:58,559 [INFO]   Ep  32/120  train 2.8538 / 48.0%  val 1.7266 / 72.7%  lr 8.70e-04     5s
2026-03-11 07:42:03,374 [INFO]   Ep  33/120  train 2.7706 / 49.9%  val 1.7382 / 73.5%  lr 8.61e-04     5s
2026-03-11 07:42:03,448 [INFO]   ★ best 73.47% → /data/slr/checkpoints_v2/best_fold4.pt
2026-03-11 07:42:08,265 [INFO]   Ep  34/120  train 2.7660 / 50.2%  val 1.6036 / 75.9%  lr 8.51e-04     5s
2026-03-11 07:42:08,335 [INFO]   ★ best 75.88% → /data/slr/checkpoints_v2/best_fold4.pt
2026-03-11 07:42:13,141 [INFO]   Ep  35/120  train 2.7373 / 50.7%  val 1.5851 / 75.9%  lr 8.41e-04     5s
2026-03-11 07:42:13,214 [INFO]   ★ best 75.92% → /data/slr/checkpoints_v2/best_fold4.pt
2026-03-11 07:42:18,017 [INFO]   Ep  36/120  train 2.8468 / 48.7%  val 1.6119 / 75.5%  lr 8.31e-04     5s
2026-03-11 07:42:22,812 [INFO]   Ep  37/120  train 2.7136 / 52.5%  val 1.5695 / 76.2%  lr 8.21e-04     5s
2026-03-11 07:42:22,885 [INFO]   ★ best 76.15% → /data/slr/checkpoints_v2/best_fold4.pt
2026-03-11 07:42:27,712 [INFO]   Ep  38/120  train 2.7070 / 52.3%  val 1.6174 / 74.1%  lr 8.10e-04     5s
2026-03-11 07:42:32,513 [INFO]   Ep  39/120  train 2.6921 / 52.9%  val 1.6276 / 74.4%  lr 7.99e-04     5s
2026-03-11 07:42:37,337 [INFO]   Ep  40/120  train 2.7358 / 51.9%  val 1.6036 / 77.2%  lr 7.88e-04     5s
2026-03-11 07:42:37,405 [INFO]   ★ best 77.24% → /data/slr/checkpoints_v2/best_fold4.pt
2026-03-11 07:42:42,222 [INFO]   Ep  41/120  train 2.6597 / 53.6%  val 1.6422 / 76.5%  lr 7.77e-04     5s
2026-03-11 07:42:47,024 [INFO]   Ep  42/120  train 2.7015 / 52.8%  val 1.5389 / 77.4%  lr 7.66e-04     5s
2026-03-11 07:42:47,096 [INFO]   ★ best 77.41% → /data/slr/checkpoints_v2/best_fold4.pt
2026-03-11 07:42:51,898 [INFO]   Ep  43/120  train 2.7157 / 52.6%  val 1.5555 / 76.8%  lr 7.54e-04     5s
2026-03-11 07:42:56,685 [INFO]   Ep  44/120  train 2.6725 / 54.0%  val 1.5663 / 78.0%  lr 7.42e-04     5s
2026-03-11 07:42:56,759 [INFO]   ★ best 77.95% → /data/slr/checkpoints_v2/best_fold4.pt
2026-03-11 07:43:01,588 [INFO]   Ep  45/120  train 2.6281 / 54.8%  val 1.5111 / 78.0%  lr 7.30e-04     5s
2026-03-11 07:43:01,661 [INFO]   ★ best 78.02% → /data/slr/checkpoints_v2/best_fold4.pt
2026-03-11 07:43:06,468 [INFO]   Ep  46/120  train 2.7027 / 52.6%  val 1.5072 / 78.8%  lr 7.18e-04     5s
2026-03-11 07:43:06,542 [INFO]   ★ best 78.83% → /data/slr/checkpoints_v2/best_fold4.pt
2026-03-11 07:43:11,353 [INFO]   Ep  47/120  train 2.5421 / 56.9%  val 1.5214 / 77.8%  lr 7.05e-04     5s
2026-03-11 07:43:16,153 [INFO]   Ep  48/120  train 2.5958 / 55.5%  val 1.5094 / 77.9%  lr 6.93e-04     5s
2026-03-11 07:43:20,951 [INFO]   Ep  49/120  train 2.6541 / 54.4%  val 1.5391 / 79.6%  lr 6.80e-04     5s
2026-03-11 07:43:21,016 [INFO]   ★ best 79.58% → /data/slr/checkpoints_v2/best_fold4.pt
2026-03-11 07:43:25,825 [INFO]   Ep  50/120  train 2.5989 / 55.6%  val 1.6071 / 78.4%  lr 6.67e-04     5s
2026-03-11 07:43:30,619 [INFO]   Ep  51/120  train 2.5997 / 55.9%  val 1.6618 / 78.0%  lr 6.54e-04     5s
2026-03-11 07:43:35,426 [INFO]   Ep  52/120  train 2.5647 / 57.0%  val 1.5072 / 78.2%  lr 6.41e-04     5s
2026-03-11 07:43:40,234 [INFO]   Ep  53/120  train 2.4925 / 58.3%  val 1.4613 / 79.1%  lr 6.28e-04     5s
2026-03-11 07:43:45,035 [INFO]   Ep  54/120  train 2.4830 / 59.4%  val 1.5238 / 78.9%  lr 6.15e-04     5s
2026-03-11 07:43:49,838 [INFO]   Ep  55/120  train 2.3758 / 62.2%  val 1.5442 / 79.4%  lr 6.02e-04     5s
2026-03-11 07:43:54,641 [INFO]   Ep  56/120  train 2.5237 / 58.1%  val 1.4719 / 79.9%  lr 5.88e-04     5s
2026-03-11 07:43:54,709 [INFO]   ★ best 79.88% → /data/slr/checkpoints_v2/best_fold4.pt
2026-03-11 07:43:59,495 [INFO]   Ep  57/120  train 2.4934 / 59.2%  val 1.5251 / 79.7%  lr 5.75e-04     5s
2026-03-11 07:44:04,290 [INFO]   Ep  58/120  train 2.5167 / 59.0%  val 1.5120 / 79.0%  lr 5.61e-04     5s
2026-03-11 07:44:09,102 [INFO]   Ep  59/120  train 2.4682 / 60.0%  val 1.4532 / 80.1%  lr 5.48e-04     5s
2026-03-11 07:44:09,171 [INFO]   ★ best 80.09% → /data/slr/checkpoints_v2/best_fold4.pt
2026-03-11 07:44:13,975 [INFO]   Ep  60/120  train 2.4446 / 60.6%  val 1.4351 / 80.0%  lr 5.34e-04     5s
2026-03-11 07:44:18,775 [INFO]   Ep  61/120  train 2.4852 / 59.8%  val 1.4911 / 80.1%  lr 5.20e-04     5s
2026-03-11 07:44:18,844 [INFO]   ★ best 80.12% → /data/slr/checkpoints_v2/best_fold4.pt
2026-03-11 07:44:23,630 [INFO]   Ep  62/120  train 2.4356 / 60.7%  val 1.5231 / 79.4%  lr 5.07e-04     5s
2026-03-11 07:44:28,434 [INFO]   Ep  63/120  train 2.4026 / 61.4%  val 1.5319 / 80.3%  lr 4.93e-04     5s
2026-03-11 07:44:28,507 [INFO]   ★ best 80.29% → /data/slr/checkpoints_v2/best_fold4.pt
2026-03-11 07:44:33,298 [INFO]   Ep  64/120  train 2.4061 / 61.1%  val 1.4620 / 79.9%  lr 4.79e-04     5s
2026-03-11 07:44:38,106 [INFO]   Ep  65/120  train 2.3916 / 61.9%  val 1.4879 / 80.4%  lr 4.66e-04     5s
2026-03-11 07:44:38,174 [INFO]   ★ best 80.43% → /data/slr/checkpoints_v2/best_fold4.pt
2026-03-11 07:44:42,982 [INFO]   Ep  66/120  train 2.2779 / 65.1%  val 1.4858 / 80.4%  lr 4.52e-04     5s
2026-03-11 07:44:47,768 [INFO]   Ep  67/120  train 2.3585 / 63.0%  val 1.4660 / 80.3%  lr 4.39e-04     5s
2026-03-11 07:44:52,556 [INFO]   Ep  68/120  train 2.4373 / 60.9%  val 1.5186 / 80.1%  lr 4.25e-04     5s
2026-03-11 07:44:57,342 [INFO]   Ep  69/120  train 2.3075 / 63.7%  val 1.5142 / 79.7%  lr 4.12e-04     5s
2026-03-11 07:45:02,136 [INFO]   Ep  70/120  train 2.3809 / 63.0%  val 1.4776 / 80.9%  lr 3.98e-04     5s
2026-03-11 07:45:02,203 [INFO]   ★ best 80.94% → /data/slr/checkpoints_v2/best_fold4.pt
2026-03-11 07:45:07,004 [INFO]   Ep  71/120  train 2.3880 / 61.7%  val 1.5105 / 80.6%  lr 3.85e-04     5s
2026-03-11 07:45:11,801 [INFO]   Ep  72/120  train 2.3782 / 61.8%  val 1.5339 / 80.9%  lr 3.72e-04     5s
2026-03-11 07:45:16,606 [INFO]   Ep  73/120  train 2.3555 / 63.1%  val 1.4848 / 81.3%  lr 3.58e-04     5s
2026-03-11 07:45:16,677 [INFO]   ★ best 81.34% → /data/slr/checkpoints_v2/best_fold4.pt
2026-03-11 07:45:21,491 [INFO]   Ep  74/120  train 2.3285 / 63.8%  val 1.5238 / 81.0%  lr 3.45e-04     5s
2026-03-11 07:45:26,304 [INFO]   Ep  75/120  train 2.3093 / 64.4%  val 1.5067 / 80.2%  lr 3.33e-04     5s
2026-03-11 07:45:31,102 [INFO]   Ep  76/120  train 2.3979 / 62.2%  val 1.4571 / 80.5%  lr 3.20e-04     5s
2026-03-11 07:45:35,907 [INFO]   Ep  77/120  train 2.3506 / 63.2%  val 1.4731 / 80.8%  lr 3.07e-04     5s
2026-03-11 07:45:40,696 [INFO]   Ep  78/120  train 2.3807 / 62.6%  val 1.5188 / 80.6%  lr 2.95e-04     5s
2026-03-11 07:45:45,502 [INFO]   Ep  79/120  train 2.3231 / 64.2%  val 1.4964 / 81.0%  lr 2.82e-04     5s
2026-03-11 07:45:50,296 [INFO]   Ep  80/120  train 2.2711 / 65.3%  val 1.5015 / 81.7%  lr 2.70e-04     5s
2026-03-11 07:45:50,369 [INFO]   ★ best 81.68% → /data/slr/checkpoints_v2/best_fold4.pt
2026-03-11 07:45:55,161 [INFO]   Ep  81/120  train 2.3094 / 64.5%  val 1.6119 / 82.0%  lr 2.58e-04     5s
2026-03-11 07:45:55,228 [INFO]   ★ best 81.95% → /data/slr/checkpoints_v2/best_fold4.pt
2026-03-11 07:46:00,025 [INFO]   Ep  82/120  train 2.3688 / 63.0%  val 1.4630 / 81.5%  lr 2.46e-04     5s
2026-03-11 07:46:04,820 [INFO]   Ep  83/120  train 2.3605 / 63.1%  val 1.4884 / 81.4%  lr 2.34e-04     5s
2026-03-11 07:46:09,609 [INFO]   Ep  84/120  train 2.2455 / 66.2%  val 1.4459 / 82.1%  lr 2.23e-04     5s
2026-03-11 07:46:09,688 [INFO]   ★ best 82.09% → /data/slr/checkpoints_v2/best_fold4.pt
2026-03-11 07:46:14,479 [INFO]   Ep  85/120  train 2.2774 / 65.8%  val 1.4680 / 82.2%  lr 2.12e-04     5s
2026-03-11 07:46:14,553 [INFO]   ★ best 82.19% → /data/slr/checkpoints_v2/best_fold4.pt
2026-03-11 07:46:19,377 [INFO]   Ep  86/120  train 2.2295 / 66.6%  val 1.4569 / 82.4%  lr 2.01e-04     5s
2026-03-11 07:46:19,453 [INFO]   ★ best 82.36% → /data/slr/checkpoints_v2/best_fold4.pt
2026-03-11 07:46:24,246 [INFO]   Ep  87/120  train 2.2713 / 65.6%  val 1.4911 / 81.8%  lr 1.90e-04     5s
2026-03-11 07:46:29,030 [INFO]   Ep  88/120  train 2.2850 / 65.0%  val 1.4781 / 81.6%  lr 1.79e-04     5s
2026-03-11 07:46:33,822 [INFO]   Ep  89/120  train 2.3093 / 63.9%  val 1.4419 / 81.3%  lr 1.69e-04     5s
2026-03-11 07:46:38,614 [INFO]   Ep  90/120  train 2.1204 / 69.4%  val 1.4507 / 81.5%  lr 1.59e-04     5s
2026-03-11 07:46:43,409 [INFO]   Ep  91/120  train 2.3450 / 63.4%  val 1.4794 / 82.1%  lr 1.49e-04     5s
2026-03-11 07:46:48,207 [INFO]   Ep  92/120  train 2.1811 / 67.9%  val 1.4596 / 81.9%  lr 1.39e-04     5s
2026-03-11 07:46:52,988 [INFO]   Ep  93/120  train 2.2349 / 66.9%  val 1.4691 / 82.2%  lr 1.30e-04     5s
2026-03-11 07:46:57,778 [INFO]   Ep  94/120  train 2.1889 / 67.7%  val 1.4638 / 82.4%  lr 1.21e-04     5s
2026-03-11 07:46:57,844 [INFO]   ★ best 82.39% → /data/slr/checkpoints_v2/best_fold4.pt
2026-03-11 07:47:02,636 [INFO]   Ep  95/120  train 2.3193 / 63.5%  val 1.4936 / 82.6%  lr 1.12e-04     5s
2026-03-11 07:47:02,706 [INFO]   ★ best 82.56% → /data/slr/checkpoints_v2/best_fold4.pt
2026-03-11 07:47:07,506 [INFO]   Ep  96/120  train 2.3479 / 63.2%  val 1.4395 / 81.9%  lr 1.04e-04     5s
2026-03-11 07:47:12,296 [INFO]   Ep  97/120  train 2.1800 / 67.8%  val 1.4799 / 82.4%  lr 9.55e-05     5s
2026-03-11 07:47:17,086 [INFO]   Ep  98/120  train 2.2248 / 65.9%  val 1.5133 / 82.4%  lr 8.76e-05     5s
2026-03-11 07:47:21,872 [INFO]   Ep  99/120  train 2.1727 / 68.2%  val 1.4842 / 81.6%  lr 8.00e-05     5s
2026-03-11 07:47:26,670 [INFO]   Ep 100/120  train 2.2230 / 66.9%  val 1.5064 / 82.5%  lr 7.28e-05     5s
2026-03-11 07:47:31,467 [INFO]   Ep 101/120  train 2.2545 / 66.1%  val 1.4660 / 82.1%  lr 6.59e-05     5s
2026-03-11 07:47:36,253 [INFO]   Ep 102/120  train 2.3017 / 64.0%  val 1.4889 / 82.4%  lr 5.92e-05     5s
2026-03-11 07:47:41,048 [INFO]   Ep 103/120  train 2.2446 / 66.0%  val 1.4846 / 82.4%  lr 5.30e-05     5s
2026-03-11 07:47:45,847 [INFO]   Ep 104/120  train 2.1977 / 66.8%  val 1.4762 / 82.0%  lr 4.70e-05     5s
2026-03-11 07:47:50,645 [INFO]   Ep 105/120  train 2.0766 / 71.0%  val 1.5046 / 82.2%  lr 4.14e-05     5s
2026-03-11 07:47:55,442 [INFO]   Ep 106/120  train 2.1522 / 68.0%  val 1.4485 / 82.4%  lr 3.61e-05     5s
2026-03-11 07:48:00,261 [INFO]   Ep 107/120  train 2.2312 / 65.7%  val 1.5000 / 82.0%  lr 3.12e-05     5s
2026-03-11 07:48:05,073 [INFO]   Ep 108/120  train 2.1928 / 67.2%  val 1.5258 / 81.6%  lr 2.66e-05     5s
2026-03-11 07:48:09,880 [INFO]   Ep 109/120  train 2.1633 / 67.8%  val 1.4297 / 82.4%  lr 2.24e-05     5s
2026-03-11 07:48:14,668 [INFO]   Ep 110/120  train 2.0672 / 71.2%  val 1.4822 / 82.2%  lr 1.86e-05     5s
2026-03-11 07:48:19,482 [INFO]   Ep 111/120  train 2.0881 / 69.8%  val 1.4718 / 82.1%  lr 1.51e-05     5s
2026-03-11 07:48:24,292 [INFO]   Ep 112/120  train 2.2153 / 66.5%  val 1.4677 / 82.3%  lr 1.19e-05     5s
2026-03-11 07:48:29,116 [INFO]   Ep 113/120  train 2.2867 / 65.1%  val 1.5061 / 82.3%  lr 9.14e-06     5s
2026-03-11 07:48:33,922 [INFO]   Ep 114/120  train 2.1723 / 67.6%  val 1.4553 / 82.6%  lr 6.73e-06     5s
2026-03-11 07:48:38,732 [INFO]   Ep 115/120  train 2.2146 / 66.7%  val 1.4749 / 82.2%  lr 4.69e-06     5s
2026-03-11 07:48:43,527 [INFO]   Ep 116/120  train 2.2319 / 66.0%  val 1.4804 / 82.4%  lr 3.01e-06     5s
2026-03-11 07:48:48,341 [INFO]   Ep 117/120  train 2.2494 / 65.6%  val 1.4668 / 82.2%  lr 1.71e-06     5s
2026-03-11 07:48:53,134 [INFO]   Ep 118/120  train 2.2561 / 65.8%  val 1.4859 / 82.5%  lr 7.82e-07     5s
2026-03-11 07:48:57,923 [INFO]   Ep 119/120  train 2.2231 / 66.1%  val 1.4914 / 82.5%  lr 2.25e-07     5s
2026-03-11 07:49:02,723 [INFO]   Ep 120/120  train 2.2026 / 67.2%  val 1.4639 / 82.3%  lr 4.00e-08     5s
2026-03-11 07:49:02,723 [INFO]   Early stopping at epoch 120
2026-03-11 07:49:02,723 [INFO]   Fold 5 best val acc: 82.56%
2026-03-11 07:49:03,017 [INFO] ================================================================
2026-03-11 07:49:03,017 [INFO] 5-FOLD CV RESULTS
2026-03-11 07:49:03,017 [INFO] ================================================================
2026-03-11 07:49:03,017 [INFO]   Fold 1 : 82.67%
2026-03-11 07:49:03,017 [INFO]   Fold 2 : 82.54%
2026-03-11 07:49:03,017 [INFO]   Fold 3 : 82.43%
2026-03-11 07:49:03,017 [INFO]   Fold 4 : 81.82%
2026-03-11 07:49:03,017 [INFO]   Fold 5 : 82.56%
2026-03-11 07:49:03,017 [INFO]   Mean  : 82.40% ± 0.30%
2026-03-11 07:49:03,017 [INFO] Loading best checkpoints for ensemble + TTA …
2026-03-11 07:49:05,989 [INFO] Submission (no TTA) → /data/slr/checkpoints_v2/submission_no_tta.csv
2026-03-11 07:49:05,989 [INFO] Running 6-way TTA × 5 folds = 30 forward passes per sample …
2026-03-11 07:49:18,446 [INFO] Submission (TTA)    → /data/slr/checkpoints_v2/submission_tta.csv
2026-03-11 07:49:18,446 [INFO] TTA changed 164 / 4914 predictions (3.3%)
2026-03-11 07:49:18,446 [INFO] Done.
