2026-03-20 07:21:51,869 [INFO] GPU: NVIDIA H200
2026-03-20 07:21:51,870 [INFO] Config: {
  "data_dir": "/data/slr/track2_",
  "output_dir": "/data/slr/checkpoints_v26",
  "max_frames": 48,
  "img_size": 256,
  "n_classes": 126,
  "teacher_img_size": 224,
  "teacher_max_frames": 48,
  "channel_means": [
    -64.3217,
    -62.9119,
    -63.9254
  ],
  "channel_stds": [
    12.5721,
    11.662,
    11.7259
  ],
  "n_folds": 5,
  "batch_size": 48,
  "num_workers": 4,
  "stage1_epochs": 8,
  "stage1_lr": 0.0003,
  "stage2_epochs": 100,
  "stage2_lr": 5e-05,
  "swa_epochs": 15,
  "swa_lr": 5e-06,
  "weight_decay": 0.05,
  "warmup_pct": 0.05,
  "label_smoothing": 0.1,
  "early_stopping_patience": 30,
  "grad_clip_norm": 1.0,
  "llrd_decay": 0.75,
  "kd_alpha": 0.3,
  "kd_tau": 4.0,
  "mixup_alpha": 0.4,
  "cutmix_alpha": 1.0,
  "cutmix_prob": 0.5,
  "time_mask_max": 8,
  "range_mask_max": 30,
  "noise_std": 0.1,
  "time_warp_lo": 0.8,
  "time_warp_hi": 1.2,
  "time_reverse_prob": 0.5,
  "channel_shuffle_prob": 0.2,
  "channel_drop_prob": 0.1,
  "random_erase_prob": 0.2,
  "circ_shift_prob": 0.3,
  "circ_shift_max": 8,
  "amp_scale_prob": 0.5,
  "amp_scale_lo": 0.8,
  "amp_scale_hi": 1.2,
  "model_name": "swinv2_tiny_window8_256.ms_in1k",
  "drop_path_rate": 0.2,
  "proj_dim": 384,
  "drop_rate": 0.3,
  "ms_dropout_samples": 5,
  "seed": 42
}
2026-03-20 07:21:51,870 [INFO] ★★★ swinv2_tiny_window8_256.ms_in1k @ 256 ★★★
2026-03-20 07:21:51,941 [INFO] Train: 14742 | Eval: 9828
2026-03-20 07:21:56,200 [INFO] Pre-computing teacher soft labels …
2026-03-20 07:21:59,381 [INFO]   Loaded 10 teachers
2026-03-20 07:23:55,039 [INFO] ================================================================
2026-03-20 07:23:55,039 [INFO] FOLD 1 / 5
2026-03-20 07:23:55,040 [INFO] ================================================================
2026-03-20 07:23:55,262 [INFO] Loading pretrained weights from Hugging Face hub (timm/swinv2_tiny_window8_256.ms_in1k)
2026-03-20 07:23:55,502 [INFO] HTTP Request: HEAD https://huggingface.co/timm/swinv2_tiny_window8_256.ms_in1k/resolve/main/model.safetensors "HTTP/1.1 302 Found"
2026-03-20 07:23:55,504 [INFO] [timm/swinv2_tiny_window8_256.ms_in1k] Safe alternative available for 'pytorch_model.bin' (as 'model.safetensors'). Loading weights using safetensors.
2026-03-20 07:23:55,519 [INFO] Missing keys (head.fc.weight, head.fc.bias) discovered while loading pretrained weights. This is expected if model is being adapted.
2026-03-20 07:23:55,546 [INFO] ── Stage 1: head warmup (8 ep) ──
2026-03-20 07:24:08,785 [INFO]   S1 Ep 1/8  loss=1.9129 acc=0.8%  val=0.8%  13s
2026-03-20 07:24:08,947 [INFO]   ★ best 0.78%
2026-03-20 07:24:18,879 [INFO]   S1 Ep 2/8  loss=1.9095 acc=0.7%  val=0.9%  10s
2026-03-20 07:24:19,035 [INFO]   ★ best 0.88%
2026-03-20 07:24:29,077 [INFO]   S1 Ep 3/8  loss=1.9079 acc=0.7%  val=1.1%  10s
2026-03-20 07:24:29,227 [INFO]   ★ best 1.05%
2026-03-20 07:24:39,138 [INFO]   S1 Ep 4/8  loss=1.9062 acc=0.7%  val=0.8%  10s
2026-03-20 07:24:49,137 [INFO]   S1 Ep 5/8  loss=1.9056 acc=0.7%  val=0.8%  10s
2026-03-20 07:24:59,161 [INFO]   S1 Ep 6/8  loss=1.9049 acc=0.7%  val=0.8%  10s
2026-03-20 07:25:09,163 [INFO]   S1 Ep 7/8  loss=1.9041 acc=0.6%  val=0.7%  10s
2026-03-20 07:25:19,082 [INFO]   S1 Ep 8/8  loss=1.9034 acc=0.8%  val=0.9%  10s
2026-03-20 07:25:19,082 [INFO] ── Stage 2: full fine-tune (100 ep) ──
2026-03-20 07:25:19,437 [INFO] LLRD: 12 groups, LR [1.19e-05 … 5.00e-05]
2026-03-20 07:25:43,033 [INFO]   S2 Ep   1/100  loss=1.9036 acc=0.8%  val=0.9%  lr=4.94e-06    24s
2026-03-20 07:26:06,500 [INFO]   S2 Ep   2/100  loss=1.9034 acc=0.9%  val=0.8%  lr=1.40e-05    23s
2026-03-20 07:26:29,934 [INFO]   S2 Ep   3/100  loss=1.9022 acc=1.0%  val=1.6%  lr=2.51e-05    23s
2026-03-20 07:26:30,084 [INFO]   ★ best 1.56%
2026-03-20 07:26:53,560 [INFO]   S2 Ep   4/100  loss=1.8879 acc=1.3%  val=1.7%  lr=3.41e-05    23s
2026-03-20 07:26:53,738 [INFO]   ★ best 1.70%
2026-03-20 07:27:17,194 [INFO]   S2 Ep   5/100  loss=1.8700 acc=1.5%  val=3.2%  lr=3.75e-05    23s
2026-03-20 07:27:17,348 [INFO]   ★ best 3.19%
2026-03-20 07:27:40,777 [INFO]   S2 Ep   6/100  loss=1.8508 acc=2.5%  val=5.3%  lr=3.75e-05    23s
2026-03-20 07:27:40,954 [INFO]   ★ best 5.32%
2026-03-20 07:28:04,416 [INFO]   S2 Ep   7/100  loss=1.8313 acc=3.5%  val=7.9%  lr=3.75e-05    23s
2026-03-20 07:28:04,577 [INFO]   ★ best 7.87%
2026-03-20 07:28:28,079 [INFO]   S2 Ep   8/100  loss=1.8089 acc=4.5%  val=10.7%  lr=3.74e-05    24s
2026-03-20 07:28:28,255 [INFO]   ★ best 10.68%
2026-03-20 07:28:51,698 [INFO]   S2 Ep   9/100  loss=1.7848 acc=6.1%  val=12.4%  lr=3.73e-05    23s
2026-03-20 07:28:51,876 [INFO]   ★ best 12.41%
2026-03-20 07:29:15,330 [INFO]   S2 Ep  10/100  loss=1.7594 acc=7.4%  val=14.7%  lr=3.72e-05    23s
2026-03-20 07:29:15,558 [INFO]   ★ best 14.72%
2026-03-20 07:29:39,019 [INFO]   S2 Ep  11/100  loss=1.7437 acc=8.8%  val=16.6%  lr=3.71e-05    23s
2026-03-20 07:29:39,171 [INFO]   ★ best 16.58%
2026-03-20 07:30:02,619 [INFO]   S2 Ep  12/100  loss=1.7184 acc=10.5%  val=20.4%  lr=3.70e-05    23s
2026-03-20 07:30:02,796 [INFO]   ★ best 20.41%
2026-03-20 07:30:26,279 [INFO]   S2 Ep  13/100  loss=1.6965 acc=12.3%  val=23.5%  lr=3.68e-05    23s
2026-03-20 07:30:26,437 [INFO]   ★ best 23.53%
2026-03-20 07:30:49,877 [INFO]   S2 Ep  14/100  loss=1.6738 acc=13.5%  val=27.4%  lr=3.67e-05    23s
2026-03-20 07:30:50,027 [INFO]   ★ best 27.40%
2026-03-20 07:31:13,476 [INFO]   S2 Ep  15/100  loss=1.6600 acc=14.8%  val=29.9%  lr=3.65e-05    23s
2026-03-20 07:31:13,624 [INFO]   ★ best 29.94%
2026-03-20 07:31:37,070 [INFO]   S2 Ep  16/100  loss=1.6376 acc=16.7%  val=31.5%  lr=3.63e-05    23s
2026-03-20 07:31:37,235 [INFO]   ★ best 31.50%
2026-03-20 07:32:00,663 [INFO]   S2 Ep  17/100  loss=1.6082 acc=17.7%  val=33.9%  lr=3.60e-05    23s
2026-03-20 07:32:00,807 [INFO]   ★ best 33.88%
2026-03-20 07:32:24,229 [INFO]   S2 Ep  18/100  loss=1.6017 acc=19.3%  val=37.0%  lr=3.58e-05    23s
2026-03-20 07:32:24,383 [INFO]   ★ best 37.03%
2026-03-20 07:32:47,839 [INFO]   S2 Ep  19/100  loss=1.5807 acc=20.5%  val=36.3%  lr=3.55e-05    23s
2026-03-20 07:33:11,268 [INFO]   S2 Ep  20/100  loss=1.5565 acc=22.1%  val=38.9%  lr=3.52e-05    23s
2026-03-20 07:33:11,440 [INFO]   ★ best 38.93%
2026-03-20 07:33:34,839 [INFO]   S2 Ep  21/100  loss=1.5604 acc=21.9%  val=39.9%  lr=3.49e-05    23s
2026-03-20 07:33:34,994 [INFO]   ★ best 39.91%
2026-03-20 07:33:58,531 [INFO]   S2 Ep  22/100  loss=1.5367 acc=23.8%  val=40.5%  lr=3.46e-05    24s
2026-03-20 07:33:58,674 [INFO]   ★ best 40.45%
2026-03-20 07:34:22,120 [INFO]   S2 Ep  23/100  loss=1.5354 acc=23.0%  val=44.2%  lr=3.43e-05    23s
2026-03-20 07:34:22,297 [INFO]   ★ best 44.15%
2026-03-20 07:34:45,681 [INFO]   S2 Ep  24/100  loss=1.5188 acc=24.4%  val=46.4%  lr=3.39e-05    23s
2026-03-20 07:34:45,856 [INFO]   ★ best 46.39%
2026-03-20 07:35:09,277 [INFO]   S2 Ep  25/100  loss=1.5119 acc=24.9%  val=46.7%  lr=3.35e-05    23s
2026-03-20 07:35:09,435 [INFO]   ★ best 46.69%
2026-03-20 07:35:32,914 [INFO]   S2 Ep  26/100  loss=1.5011 acc=26.2%  val=47.8%  lr=3.32e-05    23s
2026-03-20 07:35:33,064 [INFO]   ★ best 47.81%
2026-03-20 07:35:56,537 [INFO]   S2 Ep  27/100  loss=1.4907 acc=26.9%  val=49.9%  lr=3.28e-05    23s
2026-03-20 07:35:56,705 [INFO]   ★ best 49.92%
2026-03-20 07:36:20,172 [INFO]   S2 Ep  28/100  loss=1.4659 acc=28.5%  val=48.9%  lr=3.23e-05    23s
2026-03-20 07:36:43,639 [INFO]   S2 Ep  29/100  loss=1.4669 acc=28.2%  val=52.1%  lr=3.19e-05    23s
2026-03-20 07:36:43,825 [INFO]   ★ best 52.09%
2026-03-20 07:37:07,305 [INFO]   S2 Ep  30/100  loss=1.4247 acc=30.9%  val=52.9%  lr=3.14e-05    23s
2026-03-20 07:37:07,462 [INFO]   ★ best 52.93%
2026-03-20 07:37:30,905 [INFO]   S2 Ep  31/100  loss=1.4487 acc=29.4%  val=53.9%  lr=3.10e-05    23s
2026-03-20 07:37:31,064 [INFO]   ★ best 53.88%
2026-03-20 07:37:54,511 [INFO]   S2 Ep  32/100  loss=1.4222 acc=31.6%  val=54.3%  lr=3.05e-05    23s
2026-03-20 07:37:54,658 [INFO]   ★ best 54.32%
2026-03-20 07:38:18,073 [INFO]   S2 Ep  33/100  loss=1.4226 acc=31.5%  val=56.8%  lr=3.00e-05    23s
2026-03-20 07:38:18,220 [INFO]   ★ best 56.77%
2026-03-20 07:38:41,623 [INFO]   S2 Ep  34/100  loss=1.4109 acc=31.8%  val=57.5%  lr=2.95e-05    23s
2026-03-20 07:38:41,774 [INFO]   ★ best 57.48%
2026-03-20 07:39:05,232 [INFO]   S2 Ep  35/100  loss=1.4141 acc=31.4%  val=58.0%  lr=2.90e-05    23s
2026-03-20 07:39:05,395 [INFO]   ★ best 58.02%
2026-03-20 07:39:28,846 [INFO]   S2 Ep  36/100  loss=1.4051 acc=32.9%  val=58.9%  lr=2.85e-05    23s
2026-03-20 07:39:29,021 [INFO]   ★ best 58.87%
2026-03-20 07:39:52,547 [INFO]   S2 Ep  37/100  loss=1.3726 acc=34.5%  val=60.3%  lr=2.79e-05    24s
2026-03-20 07:39:52,725 [INFO]   ★ best 60.29%
2026-03-20 07:40:16,207 [INFO]   S2 Ep  38/100  loss=1.3703 acc=34.6%  val=60.9%  lr=2.74e-05    23s
2026-03-20 07:40:16,360 [INFO]   ★ best 60.90%
2026-03-20 07:40:39,831 [INFO]   S2 Ep  39/100  loss=1.3622 acc=35.8%  val=61.0%  lr=2.68e-05    23s
2026-03-20 07:40:39,993 [INFO]   ★ best 61.04%
2026-03-20 07:41:03,786 [INFO]   S2 Ep  40/100  loss=1.3488 acc=36.2%  val=61.3%  lr=2.63e-05    24s
2026-03-20 07:41:03,930 [INFO]   ★ best 61.28%
2026-03-20 07:41:27,416 [INFO]   S2 Ep  41/100  loss=1.3636 acc=35.7%  val=62.3%  lr=2.57e-05    23s
2026-03-20 07:41:27,579 [INFO]   ★ best 62.26%
2026-03-20 07:41:51,032 [INFO]   S2 Ep  42/100  loss=1.3245 acc=37.9%  val=62.6%  lr=2.51e-05    23s
2026-03-20 07:41:51,201 [INFO]   ★ best 62.56%
2026-03-20 07:42:14,671 [INFO]   S2 Ep  43/100  loss=1.3329 acc=38.0%  val=62.5%  lr=2.45e-05    23s
2026-03-20 07:42:38,139 [INFO]   S2 Ep  44/100  loss=1.3125 acc=38.6%  val=63.5%  lr=2.39e-05    23s
2026-03-20 07:42:38,291 [INFO]   ★ best 63.48%
2026-03-20 07:43:01,758 [INFO]   S2 Ep  45/100  loss=1.3367 acc=37.3%  val=64.4%  lr=2.34e-05    23s
2026-03-20 07:43:01,911 [INFO]   ★ best 64.39%
2026-03-20 07:43:25,310 [INFO]   S2 Ep  46/100  loss=1.3005 acc=39.7%  val=64.4%  lr=2.27e-05    23s
2026-03-20 07:43:48,748 [INFO]   S2 Ep  47/100  loss=1.3303 acc=38.1%  val=65.1%  lr=2.21e-05    23s
2026-03-20 07:43:48,898 [INFO]   ★ best 65.11%
2026-03-20 07:44:12,340 [INFO]   S2 Ep  48/100  loss=1.3070 acc=39.3%  val=65.7%  lr=2.15e-05    23s
2026-03-20 07:44:12,486 [INFO]   ★ best 65.72%
2026-03-20 07:44:35,894 [INFO]   S2 Ep  49/100  loss=1.3040 acc=39.3%  val=65.2%  lr=2.09e-05    23s
2026-03-20 07:44:59,301 [INFO]   S2 Ep  50/100  loss=1.2880 acc=40.5%  val=66.0%  lr=2.03e-05    23s
2026-03-20 07:44:59,472 [INFO]   ★ best 66.02%
2026-03-20 07:45:22,894 [INFO]   S2 Ep  51/100  loss=1.2823 acc=40.9%  val=66.2%  lr=1.97e-05    23s
2026-03-20 07:45:23,072 [INFO]   ★ best 66.23%
2026-03-20 07:45:46,512 [INFO]   S2 Ep  52/100  loss=1.2641 acc=42.0%  val=66.5%  lr=1.91e-05    23s
2026-03-20 07:45:46,674 [INFO]   ★ best 66.53%
2026-03-20 07:46:10,100 [INFO]   S2 Ep  53/100  loss=1.2788 acc=41.1%  val=66.9%  lr=1.84e-05    23s
2026-03-20 07:46:10,251 [INFO]   ★ best 66.90%
2026-03-20 07:46:33,748 [INFO]   S2 Ep  54/100  loss=1.2835 acc=40.7%  val=68.0%  lr=1.78e-05    23s
2026-03-20 07:46:33,927 [INFO]   ★ best 68.02%
2026-03-20 07:46:57,413 [INFO]   S2 Ep  55/100  loss=1.2480 acc=43.0%  val=67.1%  lr=1.72e-05    23s
2026-03-20 07:47:20,879 [INFO]   S2 Ep  56/100  loss=1.2662 acc=41.9%  val=68.3%  lr=1.66e-05    23s
2026-03-20 07:47:21,043 [INFO]   ★ best 68.26%
2026-03-20 07:47:44,504 [INFO]   S2 Ep  57/100  loss=1.2459 acc=42.6%  val=67.5%  lr=1.60e-05    23s
2026-03-20 07:48:08,000 [INFO]   S2 Ep  58/100  loss=1.2606 acc=41.9%  val=68.7%  lr=1.54e-05    23s
2026-03-20 07:48:08,154 [INFO]   ★ best 68.70%
2026-03-20 07:48:31,602 [INFO]   S2 Ep  59/100  loss=1.2700 acc=41.3%  val=68.1%  lr=1.47e-05    23s
2026-03-20 07:48:55,082 [INFO]   S2 Ep  60/100  loss=1.2444 acc=43.1%  val=68.3%  lr=1.41e-05    23s
2026-03-20 07:49:18,556 [INFO]   S2 Ep  61/100  loss=1.2762 acc=41.0%  val=68.1%  lr=1.35e-05    23s
2026-03-20 07:49:42,043 [INFO]   S2 Ep  62/100  loss=1.2574 acc=42.7%  val=69.0%  lr=1.30e-05    23s
2026-03-20 07:49:42,217 [INFO]   ★ best 69.01%
2026-03-20 07:50:05,706 [INFO]   S2 Ep  63/100  loss=1.2662 acc=42.2%  val=69.5%  lr=1.24e-05    23s
2026-03-20 07:50:05,857 [INFO]   ★ best 69.48%
2026-03-20 07:50:29,331 [INFO]   S2 Ep  64/100  loss=1.2547 acc=42.9%  val=69.8%  lr=1.18e-05    23s
2026-03-20 07:50:29,511 [INFO]   ★ best 69.75%
2026-03-20 07:50:53,035 [INFO]   S2 Ep  65/100  loss=1.2185 acc=45.3%  val=69.6%  lr=1.12e-05    24s
2026-03-20 07:51:16,505 [INFO]   S2 Ep  66/100  loss=1.2733 acc=41.8%  val=69.7%  lr=1.07e-05    23s
2026-03-20 07:51:40,021 [INFO]   S2 Ep  67/100  loss=1.2340 acc=44.0%  val=70.4%  lr=1.01e-05    24s
2026-03-20 07:51:40,204 [INFO]   ★ best 70.43%
2026-03-20 07:52:03,653 [INFO]   S2 Ep  68/100  loss=1.2344 acc=44.1%  val=69.3%  lr=9.55e-06    23s
2026-03-20 07:52:27,148 [INFO]   S2 Ep  69/100  loss=1.2218 acc=45.0%  val=70.4%  lr=9.02e-06    23s
2026-03-20 07:52:50,623 [INFO]   S2 Ep  70/100  loss=1.2179 acc=45.0%  val=70.8%  lr=8.49e-06    23s
2026-03-20 07:52:50,801 [INFO]   ★ best 70.77%
2026-03-20 07:53:14,300 [INFO]   S2 Ep  71/100  loss=1.2018 acc=45.7%  val=70.7%  lr=7.98e-06    23s
2026-03-20 07:53:37,769 [INFO]   S2 Ep  72/100  loss=1.2208 acc=44.8%  val=71.3%  lr=7.48e-06    23s
2026-03-20 07:53:37,949 [INFO]   ★ best 71.28%
2026-03-20 07:54:01,420 [INFO]   S2 Ep  73/100  loss=1.2103 acc=45.2%  val=70.9%  lr=6.99e-06    23s
2026-03-20 07:54:24,856 [INFO]   S2 Ep  74/100  loss=1.2173 acc=45.4%  val=71.2%  lr=6.51e-06    23s
2026-03-20 07:54:48,266 [INFO]   S2 Ep  75/100  loss=1.2150 acc=45.3%  val=70.8%  lr=6.05e-06    23s
2026-03-20 07:55:11,764 [INFO]   S2 Ep  76/100  loss=1.1915 acc=47.0%  val=71.3%  lr=5.60e-06    23s
2026-03-20 07:55:11,914 [INFO]   ★ best 71.35%
2026-03-20 07:55:35,445 [INFO]   S2 Ep  77/100  loss=1.2101 acc=45.6%  val=71.7%  lr=5.17e-06    24s
2026-03-20 07:55:35,593 [INFO]   ★ best 71.65%
2026-03-20 07:55:59,111 [INFO]   S2 Ep  78/100  loss=1.1979 acc=46.3%  val=70.8%  lr=4.75e-06    24s
2026-03-20 07:56:22,572 [INFO]   S2 Ep  79/100  loss=1.2202 acc=45.4%  val=72.0%  lr=4.34e-06    23s
2026-03-20 07:56:22,721 [INFO]   ★ best 71.96%
2026-03-20 07:56:46,168 [INFO]   S2 Ep  80/100  loss=1.1784 acc=47.4%  val=72.0%  lr=3.95e-06    23s
2026-03-20 07:56:46,341 [INFO]   ★ best 71.99%
2026-03-20 07:57:09,735 [INFO]   S2 Ep  81/100  loss=1.2087 acc=44.9%  val=71.5%  lr=3.58e-06    23s
2026-03-20 07:57:33,186 [INFO]   S2 Ep  82/100  loss=1.1817 acc=47.6%  val=72.2%  lr=3.22e-06    23s
2026-03-20 07:57:33,340 [INFO]   ★ best 72.19%
2026-03-20 07:57:56,807 [INFO]   S2 Ep  83/100  loss=1.1974 acc=46.6%  val=72.2%  lr=2.89e-06    23s
2026-03-20 07:58:20,272 [INFO]   S2 Ep  84/100  loss=1.1800 acc=47.6%  val=71.5%  lr=2.56e-06    23s
2026-03-20 07:58:43,732 [INFO]   S2 Ep  85/100  loss=1.1783 acc=47.7%  val=71.9%  lr=2.26e-06    23s
2026-03-20 07:59:07,278 [INFO]   S2 Ep  86/100  loss=1.1978 acc=46.6%  val=72.5%  lr=1.97e-06    24s
2026-03-20 07:59:07,453 [INFO]   ★ best 72.53%
2026-03-20 07:59:30,899 [INFO]   S2 Ep  87/100  loss=1.1929 acc=47.4%  val=72.1%  lr=1.71e-06    23s
2026-03-20 07:59:54,314 [INFO]   S2 Ep  88/100  loss=1.1922 acc=46.7%  val=72.4%  lr=1.46e-06    23s
2026-03-20 08:00:17,734 [INFO]   S2 Ep  89/100  loss=1.1928 acc=46.4%  val=72.7%  lr=1.23e-06    23s
2026-03-20 08:00:17,889 [INFO]   ★ best 72.67%
2026-03-20 08:00:41,337 [INFO]   S2 Ep  90/100  loss=1.1745 acc=47.7%  val=72.1%  lr=1.02e-06    23s
2026-03-20 08:01:04,818 [INFO]   S2 Ep  91/100  loss=1.1934 acc=46.6%  val=72.2%  lr=8.25e-07    23s
2026-03-20 08:01:28,228 [INFO]   S2 Ep  92/100  loss=1.2022 acc=46.3%  val=72.2%  lr=6.53e-07    23s
2026-03-20 08:01:51,700 [INFO]   S2 Ep  93/100  loss=1.1869 acc=47.2%  val=72.2%  lr=5.01e-07    23s
2026-03-20 08:02:15,157 [INFO]   S2 Ep  94/100  loss=1.2090 acc=45.8%  val=72.1%  lr=3.69e-07    23s
2026-03-20 08:02:38,611 [INFO]   S2 Ep  95/100  loss=1.2038 acc=45.8%  val=72.4%  lr=2.57e-07    23s
2026-03-20 08:03:02,032 [INFO]   S2 Ep  96/100  loss=1.1835 acc=47.4%  val=72.3%  lr=1.65e-07    23s
2026-03-20 08:03:25,533 [INFO]   S2 Ep  97/100  loss=1.1961 acc=46.7%  val=72.3%  lr=9.34e-08    24s
2026-03-20 08:03:48,990 [INFO]   S2 Ep  98/100  loss=1.1957 acc=46.5%  val=72.4%  lr=4.23e-08    23s
2026-03-20 08:04:12,467 [INFO]   S2 Ep  99/100  loss=1.1537 acc=49.1%  val=72.4%  lr=1.17e-08    23s
2026-03-20 08:04:35,886 [INFO]   S2 Ep 100/100  loss=1.1753 acc=48.0%  val=72.4%  lr=1.50e-09    23s
2026-03-20 08:04:35,887 [INFO] ── Stage 3: SWA (15 ep) ──
2026-03-20 08:04:59,449 [INFO]   SWA Ep  1/15  swa_val=71.5%  23s
2026-03-20 08:05:22,819 [INFO]   SWA Ep  2/15  swa_val=72.4%  23s
2026-03-20 08:05:46,265 [INFO]   SWA Ep  3/15  swa_val=72.7%  23s
2026-03-20 08:06:09,693 [INFO]   SWA Ep  4/15  swa_val=72.7%  23s
2026-03-20 08:06:33,102 [INFO]   SWA Ep  5/15  swa_val=72.9%  23s
2026-03-20 08:06:56,534 [INFO]   SWA Ep  6/15  swa_val=72.9%  23s
2026-03-20 08:07:19,918 [INFO]   SWA Ep  7/15  swa_val=73.1%  23s
2026-03-20 08:07:43,318 [INFO]   SWA Ep  8/15  swa_val=72.9%  23s
2026-03-20 08:08:06,689 [INFO]   SWA Ep  9/15  swa_val=73.0%  23s
2026-03-20 08:08:30,064 [INFO]   SWA Ep 10/15  swa_val=73.0%  23s
2026-03-20 08:08:53,508 [INFO]   SWA Ep 11/15  swa_val=73.0%  23s
2026-03-20 08:09:16,862 [INFO]   SWA Ep 12/15  swa_val=73.0%  23s
2026-03-20 08:09:40,271 [INFO]   SWA Ep 13/15  swa_val=73.0%  23s
2026-03-20 08:10:03,631 [INFO]   SWA Ep 14/15  swa_val=73.0%  23s
2026-03-20 08:10:27,018 [INFO]   SWA Ep 15/15  swa_val=73.0%  23s
2026-03-20 08:10:28,921 [INFO]   SWA final: 73.01% (regular best: 72.67%)
2026-03-20 08:10:29,092 [INFO]   Fold 1 best: 73.01%
2026-03-20 08:10:30,994 [INFO] ================================================================
2026-03-20 08:10:30,994 [INFO] FOLD 2 / 5
2026-03-20 08:10:30,994 [INFO] ================================================================
2026-03-20 08:10:31,213 [INFO] Loading pretrained weights from Hugging Face hub (timm/swinv2_tiny_window8_256.ms_in1k)
2026-03-20 08:10:36,363 [INFO] HTTP Request: HEAD https://huggingface.co/timm/swinv2_tiny_window8_256.ms_in1k/resolve/main/model.safetensors "HTTP/1.1 302 Found"
2026-03-20 08:10:36,365 [WARNING] Warning: You are sending unauthenticated requests to the HF Hub. Please set a HF_TOKEN to enable higher rate limits and faster downloads.
2026-03-20 08:10:36,366 [INFO] [timm/swinv2_tiny_window8_256.ms_in1k] Safe alternative available for 'pytorch_model.bin' (as 'model.safetensors'). Loading weights using safetensors.
2026-03-20 08:10:36,388 [INFO] Missing keys (head.fc.weight, head.fc.bias) discovered while loading pretrained weights. This is expected if model is being adapted.
2026-03-20 08:10:36,418 [INFO] ── Stage 1: head warmup (8 ep) ──
2026-03-20 08:10:49,662 [INFO]   S1 Ep 1/8  loss=1.9124 acc=0.6%  val=0.8%  13s
2026-03-20 08:10:49,780 [INFO]   ★ best 0.78%
2026-03-20 08:10:59,721 [INFO]   S1 Ep 2/8  loss=1.9096 acc=0.8%  val=0.8%  10s
2026-03-20 08:11:09,628 [INFO]   S1 Ep 3/8  loss=1.9080 acc=0.8%  val=0.8%  10s
2026-03-20 08:11:09,785 [INFO]   ★ best 0.81%
2026-03-20 08:11:19,742 [INFO]   S1 Ep 4/8  loss=1.9063 acc=0.8%  val=0.8%  10s
2026-03-20 08:11:29,684 [INFO]   S1 Ep 5/8  loss=1.9058 acc=0.7%  val=0.8%  10s
2026-03-20 08:11:39,691 [INFO]   S1 Ep 6/8  loss=1.9050 acc=0.7%  val=1.3%  10s
2026-03-20 08:11:39,861 [INFO]   ★ best 1.29%
2026-03-20 08:11:49,833 [INFO]   S1 Ep 7/8  loss=1.9043 acc=0.8%  val=0.7%  10s
2026-03-20 08:11:59,747 [INFO]   S1 Ep 8/8  loss=1.9035 acc=0.8%  val=0.7%  10s
2026-03-20 08:11:59,748 [INFO] ── Stage 2: full fine-tune (100 ep) ──
2026-03-20 08:12:00,082 [INFO] LLRD: 12 groups, LR [1.19e-05 … 5.00e-05]
2026-03-20 08:12:23,499 [INFO]   S2 Ep   1/100  loss=1.9036 acc=0.7%  val=0.7%  lr=4.94e-06    23s
2026-03-20 08:12:46,972 [INFO]   S2 Ep   2/100  loss=1.9037 acc=0.7%  val=0.6%  lr=1.40e-05    23s
2026-03-20 08:13:10,443 [INFO]   S2 Ep   3/100  loss=1.9030 acc=0.9%  val=1.9%  lr=2.51e-05    23s
2026-03-20 08:13:10,597 [INFO]   ★ best 1.90%
2026-03-20 08:13:34,025 [INFO]   S2 Ep   4/100  loss=1.8883 acc=1.2%  val=2.0%  lr=3.41e-05    23s
2026-03-20 08:13:34,188 [INFO]   ★ best 1.97%
2026-03-20 08:13:57,703 [INFO]   S2 Ep   5/100  loss=1.8692 acc=1.8%  val=3.4%  lr=3.75e-05    24s
2026-03-20 08:13:57,867 [INFO]   ★ best 3.36%
2026-03-20 08:14:21,285 [INFO]   S2 Ep   6/100  loss=1.8458 acc=2.7%  val=5.1%  lr=3.75e-05    23s
2026-03-20 08:14:21,450 [INFO]   ★ best 5.12%
2026-03-20 08:14:44,915 [INFO]   S2 Ep   7/100  loss=1.8210 acc=3.8%  val=8.4%  lr=3.75e-05    23s
2026-03-20 08:14:45,077 [INFO]   ★ best 8.41%
2026-03-20 08:15:08,532 [INFO]   S2 Ep   8/100  loss=1.7985 acc=5.2%  val=10.9%  lr=3.74e-05    23s
2026-03-20 08:15:08,694 [INFO]   ★ best 10.85%
2026-03-20 08:15:32,205 [INFO]   S2 Ep   9/100  loss=1.7737 acc=6.7%  val=12.7%  lr=3.73e-05    24s
2026-03-20 08:15:32,358 [INFO]   ★ best 12.68%
2026-03-20 08:15:55,841 [INFO]   S2 Ep  10/100  loss=1.7554 acc=7.9%  val=14.3%  lr=3.72e-05    23s
2026-03-20 08:15:55,994 [INFO]   ★ best 14.28%
2026-03-20 08:16:19,465 [INFO]   S2 Ep  11/100  loss=1.7285 acc=9.5%  val=17.1%  lr=3.71e-05    23s
2026-03-20 08:16:19,640 [INFO]   ★ best 17.12%
2026-03-20 08:16:43,124 [INFO]   S2 Ep  12/100  loss=1.7030 acc=11.2%  val=22.5%  lr=3.70e-05    23s
2026-03-20 08:16:43,279 [INFO]   ★ best 22.52%
2026-03-20 08:17:06,769 [INFO]   S2 Ep  13/100  loss=1.6893 acc=12.7%  val=21.9%  lr=3.68e-05    23s
2026-03-20 08:17:30,239 [INFO]   S2 Ep  14/100  loss=1.6822 acc=13.4%  val=26.1%  lr=3.67e-05    23s
2026-03-20 08:17:30,405 [INFO]   ★ best 26.14%
2026-03-20 08:17:53,835 [INFO]   S2 Ep  15/100  loss=1.6604 acc=15.0%  val=27.7%  lr=3.65e-05    23s
2026-03-20 08:17:53,999 [INFO]   ★ best 27.67%
2026-03-20 08:18:17,471 [INFO]   S2 Ep  16/100  loss=1.6302 acc=16.3%  val=31.1%  lr=3.63e-05    23s
2026-03-20 08:18:17,626 [INFO]   ★ best 31.13%
2026-03-20 08:18:41,060 [INFO]   S2 Ep  17/100  loss=1.6304 acc=16.5%  val=32.4%  lr=3.60e-05    23s
2026-03-20 08:18:41,219 [INFO]   ★ best 32.42%
2026-03-20 08:19:04,698 [INFO]   S2 Ep  18/100  loss=1.6058 acc=18.2%  val=34.1%  lr=3.58e-05    23s
2026-03-20 08:19:04,864 [INFO]   ★ best 34.08%
2026-03-20 08:19:28,280 [INFO]   S2 Ep  19/100  loss=1.5896 acc=19.9%  val=38.6%  lr=3.55e-05    23s
2026-03-20 08:19:28,439 [INFO]   ★ best 38.56%
2026-03-20 08:19:51,912 [INFO]   S2 Ep  20/100  loss=1.5770 acc=20.0%  val=40.9%  lr=3.52e-05    23s
2026-03-20 08:19:52,074 [INFO]   ★ best 40.90%
2026-03-20 08:20:15,552 [INFO]   S2 Ep  21/100  loss=1.5624 acc=21.4%  val=42.6%  lr=3.49e-05    23s
2026-03-20 08:20:15,704 [INFO]   ★ best 42.56%
2026-03-20 08:20:39,123 [INFO]   S2 Ep  22/100  loss=1.5560 acc=21.9%  val=42.5%  lr=3.46e-05    23s
2026-03-20 08:21:02,550 [INFO]   S2 Ep  23/100  loss=1.5454 acc=23.0%  val=43.8%  lr=3.43e-05    23s
2026-03-20 08:21:02,713 [INFO]   ★ best 43.78%
2026-03-20 08:21:26,179 [INFO]   S2 Ep  24/100  loss=1.5326 acc=23.7%  val=44.2%  lr=3.39e-05    23s
2026-03-20 08:21:26,336 [INFO]   ★ best 44.15%
2026-03-20 08:21:49,808 [INFO]   S2 Ep  25/100  loss=1.5123 acc=24.5%  val=47.4%  lr=3.35e-05    23s
2026-03-20 08:21:49,972 [INFO]   ★ best 47.37%
2026-03-20 08:22:13,414 [INFO]   S2 Ep  26/100  loss=1.4937 acc=26.0%  val=49.2%  lr=3.32e-05    23s
2026-03-20 08:22:13,569 [INFO]   ★ best 49.20%
2026-03-20 08:22:36,997 [INFO]   S2 Ep  27/100  loss=1.5020 acc=25.4%  val=51.1%  lr=3.28e-05    23s
2026-03-20 08:22:37,158 [INFO]   ★ best 51.14%
2026-03-20 08:23:00,553 [INFO]   S2 Ep  28/100  loss=1.4732 acc=28.0%  val=52.1%  lr=3.23e-05    23s
2026-03-20 08:23:00,714 [INFO]   ★ best 52.05%
2026-03-20 08:23:24,141 [INFO]   S2 Ep  29/100  loss=1.4752 acc=27.6%  val=51.3%  lr=3.19e-05    23s
2026-03-20 08:23:47,584 [INFO]   S2 Ep  30/100  loss=1.4725 acc=27.6%  val=52.1%  lr=3.14e-05    23s
2026-03-20 08:24:11,235 [INFO]   S2 Ep  31/100  loss=1.4422 acc=30.0%  val=53.4%  lr=3.10e-05    24s
2026-03-20 08:24:11,400 [INFO]   ★ best 53.37%
2026-03-20 08:24:34,850 [INFO]   S2 Ep  32/100  loss=1.4542 acc=29.2%  val=55.1%  lr=3.05e-05    23s
2026-03-20 08:24:35,016 [INFO]   ★ best 55.07%
2026-03-20 08:24:58,462 [INFO]   S2 Ep  33/100  loss=1.4301 acc=31.1%  val=55.9%  lr=3.00e-05    23s
2026-03-20 08:24:58,614 [INFO]   ★ best 55.92%
2026-03-20 08:25:22,031 [INFO]   S2 Ep  34/100  loss=1.4333 acc=30.1%  val=54.7%  lr=2.95e-05    23s
2026-03-20 08:25:45,414 [INFO]   S2 Ep  35/100  loss=1.4008 acc=32.9%  val=57.2%  lr=2.90e-05    23s
2026-03-20 08:25:45,580 [INFO]   ★ best 57.21%
2026-03-20 08:26:09,044 [INFO]   S2 Ep  36/100  loss=1.3903 acc=33.4%  val=58.6%  lr=2.85e-05    23s
2026-03-20 08:26:09,201 [INFO]   ★ best 58.56%
2026-03-20 08:26:32,635 [INFO]   S2 Ep  37/100  loss=1.3906 acc=33.2%  val=58.4%  lr=2.79e-05    23s
2026-03-20 08:26:56,018 [INFO]   S2 Ep  38/100  loss=1.4051 acc=32.7%  val=59.0%  lr=2.74e-05    23s
2026-03-20 08:26:56,174 [INFO]   ★ best 58.97%
2026-03-20 08:27:19,597 [INFO]   S2 Ep  39/100  loss=1.3514 acc=35.7%  val=59.2%  lr=2.68e-05    23s
2026-03-20 08:27:19,761 [INFO]   ★ best 59.24%
2026-03-20 08:27:43,172 [INFO]   S2 Ep  40/100  loss=1.3712 acc=34.7%  val=60.6%  lr=2.63e-05    23s
2026-03-20 08:27:43,327 [INFO]   ★ best 60.63%
2026-03-20 08:28:06,776 [INFO]   S2 Ep  41/100  loss=1.3784 acc=34.5%  val=61.3%  lr=2.57e-05    23s
2026-03-20 08:28:06,934 [INFO]   ★ best 61.28%
2026-03-20 08:28:30,456 [INFO]   S2 Ep  42/100  loss=1.3396 acc=36.9%  val=61.4%  lr=2.51e-05    24s
2026-03-20 08:28:30,605 [INFO]   ★ best 61.44%
2026-03-20 08:28:53,993 [INFO]   S2 Ep  43/100  loss=1.3572 acc=36.2%  val=62.4%  lr=2.45e-05    23s
2026-03-20 08:28:54,157 [INFO]   ★ best 62.39%
2026-03-20 08:29:17,589 [INFO]   S2 Ep  44/100  loss=1.3484 acc=36.1%  val=63.0%  lr=2.39e-05    23s
2026-03-20 08:29:17,736 [INFO]   ★ best 63.04%
2026-03-20 08:29:41,169 [INFO]   S2 Ep  45/100  loss=1.3306 acc=37.7%  val=63.4%  lr=2.34e-05    23s
2026-03-20 08:29:41,325 [INFO]   ★ best 63.38%
2026-03-20 08:30:04,758 [INFO]   S2 Ep  46/100  loss=1.3086 acc=38.8%  val=62.8%  lr=2.27e-05    23s
2026-03-20 08:30:28,206 [INFO]   S2 Ep  47/100  loss=1.3271 acc=38.0%  val=63.4%  lr=2.21e-05    23s
2026-03-20 08:30:28,360 [INFO]   ★ best 63.41%
2026-03-20 08:30:51,827 [INFO]   S2 Ep  48/100  loss=1.3137 acc=38.6%  val=64.1%  lr=2.15e-05    23s
2026-03-20 08:30:51,983 [INFO]   ★ best 64.12%
2026-03-20 08:31:15,489 [INFO]   S2 Ep  49/100  loss=1.3046 acc=39.1%  val=64.5%  lr=2.09e-05    24s
2026-03-20 08:31:15,662 [INFO]   ★ best 64.46%
2026-03-20 08:31:39,094 [INFO]   S2 Ep  50/100  loss=1.3037 acc=38.9%  val=64.9%  lr=2.03e-05    23s
2026-03-20 08:31:39,240 [INFO]   ★ best 64.94%
2026-03-20 08:32:02,652 [INFO]   S2 Ep  51/100  loss=1.2840 acc=40.3%  val=65.2%  lr=1.97e-05    23s
2026-03-20 08:32:02,809 [INFO]   ★ best 65.17%
2026-03-20 08:32:26,273 [INFO]   S2 Ep  52/100  loss=1.2806 acc=40.7%  val=64.7%  lr=1.91e-05    23s
2026-03-20 08:32:49,686 [INFO]   S2 Ep  53/100  loss=1.3021 acc=39.2%  val=65.8%  lr=1.84e-05    23s
2026-03-20 08:32:49,837 [INFO]   ★ best 65.79%
2026-03-20 08:33:13,288 [INFO]   S2 Ep  54/100  loss=1.2730 acc=41.0%  val=66.8%  lr=1.78e-05    23s
2026-03-20 08:33:13,444 [INFO]   ★ best 66.80%
2026-03-20 08:33:36,960 [INFO]   S2 Ep  55/100  loss=1.2891 acc=40.0%  val=66.5%  lr=1.72e-05    24s
2026-03-20 08:34:00,454 [INFO]   S2 Ep  56/100  loss=1.2522 acc=43.0%  val=66.7%  lr=1.66e-05    23s
2026-03-20 08:34:23,897 [INFO]   S2 Ep  57/100  loss=1.2642 acc=41.6%  val=68.1%  lr=1.60e-05    23s
2026-03-20 08:34:24,083 [INFO]   ★ best 68.09%
2026-03-20 08:34:47,591 [INFO]   S2 Ep  58/100  loss=1.2627 acc=42.1%  val=67.5%  lr=1.54e-05    24s
2026-03-20 08:35:11,031 [INFO]   S2 Ep  59/100  loss=1.2820 acc=41.5%  val=68.1%  lr=1.47e-05    23s
2026-03-20 08:35:34,507 [INFO]   S2 Ep  60/100  loss=1.2521 acc=42.6%  val=67.7%  lr=1.41e-05    23s
2026-03-20 08:35:57,924 [INFO]   S2 Ep  61/100  loss=1.2565 acc=42.5%  val=67.9%  lr=1.35e-05    23s
2026-03-20 08:36:21,414 [INFO]   S2 Ep  62/100  loss=1.2485 acc=42.8%  val=69.3%  lr=1.30e-05    23s
2026-03-20 08:36:21,571 [INFO]   ★ best 69.31%
2026-03-20 08:36:45,006 [INFO]   S2 Ep  63/100  loss=1.2351 acc=43.6%  val=68.7%  lr=1.24e-05    23s
2026-03-20 08:37:08,488 [INFO]   S2 Ep  64/100  loss=1.2291 acc=44.2%  val=68.6%  lr=1.18e-05    23s
2026-03-20 08:37:31,915 [INFO]   S2 Ep  65/100  loss=1.2566 acc=43.0%  val=68.7%  lr=1.12e-05    23s
2026-03-20 08:37:55,426 [INFO]   S2 Ep  66/100  loss=1.2128 acc=45.7%  val=69.4%  lr=1.07e-05    24s
2026-03-20 08:37:55,588 [INFO]   ★ best 69.38%
2026-03-20 08:38:19,181 [INFO]   S2 Ep  67/100  loss=1.2442 acc=43.2%  val=69.4%  lr=1.01e-05    24s
2026-03-20 08:38:19,341 [INFO]   ★ best 69.41%
2026-03-20 08:38:42,869 [INFO]   S2 Ep  68/100  loss=1.2381 acc=44.0%  val=69.1%  lr=9.55e-06    24s
2026-03-20 08:39:06,378 [INFO]   S2 Ep  69/100  loss=1.2133 acc=45.6%  val=69.6%  lr=9.02e-06    24s
2026-03-20 08:39:06,537 [INFO]   ★ best 69.58%
2026-03-20 08:39:30,273 [INFO]   S2 Ep  70/100  loss=1.2307 acc=44.4%  val=69.8%  lr=8.49e-06    24s
2026-03-20 08:39:30,434 [INFO]   ★ best 69.82%
2026-03-20 08:39:54,008 [INFO]   S2 Ep  71/100  loss=1.2311 acc=44.1%  val=69.2%  lr=7.98e-06    24s
2026-03-20 08:40:17,748 [INFO]   S2 Ep  72/100  loss=1.2119 acc=45.3%  val=69.8%  lr=7.48e-06    24s
2026-03-20 08:40:41,287 [INFO]   S2 Ep  73/100  loss=1.2360 acc=43.7%  val=69.4%  lr=6.99e-06    24s
2026-03-20 08:41:04,859 [INFO]   S2 Ep  74/100  loss=1.2060 acc=45.6%  val=70.0%  lr=6.51e-06    24s
2026-03-20 08:41:05,027 [INFO]   ★ best 69.96%
2026-03-20 08:41:28,748 [INFO]   S2 Ep  75/100  loss=1.2048 acc=45.4%  val=70.1%  lr=6.05e-06    24s
2026-03-20 08:41:28,896 [INFO]   ★ best 70.09%
2026-03-20 08:41:52,463 [INFO]   S2 Ep  76/100  loss=1.1849 acc=46.9%  val=70.6%  lr=5.60e-06    24s
2026-03-20 08:41:52,614 [INFO]   ★ best 70.63%
2026-03-20 08:42:16,210 [INFO]   S2 Ep  77/100  loss=1.2034 acc=45.9%  val=70.0%  lr=5.17e-06    24s
2026-03-20 08:42:39,842 [INFO]   S2 Ep  78/100  loss=1.2018 acc=45.7%  val=70.5%  lr=4.75e-06    24s
2026-03-20 08:43:03,476 [INFO]   S2 Ep  79/100  loss=1.2132 acc=45.5%  val=70.9%  lr=4.34e-06    24s
2026-03-20 08:43:03,625 [INFO]   ★ best 70.91%
2026-03-20 08:43:27,199 [INFO]   S2 Ep  80/100  loss=1.1953 acc=46.6%  val=70.4%  lr=3.95e-06    24s
2026-03-20 08:43:50,996 [INFO]   S2 Ep  81/100  loss=1.2057 acc=45.6%  val=71.0%  lr=3.58e-06    24s
2026-03-20 08:43:51,215 [INFO]   ★ best 70.97%
2026-03-20 08:44:14,814 [INFO]   S2 Ep  82/100  loss=1.2102 acc=45.4%  val=70.5%  lr=3.22e-06    24s
2026-03-20 08:44:38,822 [INFO]   S2 Ep  83/100  loss=1.1946 acc=46.7%  val=70.7%  lr=2.89e-06    24s
2026-03-20 08:45:02,456 [INFO]   S2 Ep  84/100  loss=1.2214 acc=45.1%  val=70.3%  lr=2.56e-06    24s
2026-03-20 08:45:26,233 [INFO]   S2 Ep  85/100  loss=1.2162 acc=45.2%  val=70.6%  lr=2.26e-06    24s
2026-03-20 08:45:49,787 [INFO]   S2 Ep  86/100  loss=1.2119 acc=45.6%  val=70.7%  lr=1.97e-06    24s
2026-03-20 08:46:13,362 [INFO]   S2 Ep  87/100  loss=1.1796 acc=47.5%  val=71.2%  lr=1.71e-06    24s
2026-03-20 08:46:13,519 [INFO]   ★ best 71.24%
2026-03-20 08:46:37,185 [INFO]   S2 Ep  88/100  loss=1.2178 acc=45.4%  val=70.7%  lr=1.46e-06    24s
2026-03-20 08:47:00,764 [INFO]   S2 Ep  89/100  loss=1.2458 acc=43.7%  val=70.9%  lr=1.23e-06    24s
2026-03-20 08:47:24,479 [INFO]   S2 Ep  90/100  loss=1.2206 acc=45.2%  val=70.7%  lr=1.02e-06    24s
2026-03-20 08:47:48,391 [INFO]   S2 Ep  91/100  loss=1.2012 acc=45.8%  val=70.6%  lr=8.25e-07    24s
2026-03-20 08:48:11,879 [INFO]   S2 Ep  92/100  loss=1.1981 acc=46.1%  val=70.8%  lr=6.53e-07    23s
2026-03-20 08:48:35,453 [INFO]   S2 Ep  93/100  loss=1.1984 acc=46.3%  val=70.7%  lr=5.01e-07    24s
2026-03-20 08:48:59,011 [INFO]   S2 Ep  94/100  loss=1.1988 acc=46.4%  val=70.9%  lr=3.69e-07    24s
2026-03-20 08:49:22,581 [INFO]   S2 Ep  95/100  loss=1.1828 acc=47.2%  val=70.8%  lr=2.57e-07    24s
2026-03-20 08:49:46,128 [INFO]   S2 Ep  96/100  loss=1.2055 acc=46.1%  val=70.9%  lr=1.65e-07    24s
2026-03-20 08:50:09,779 [INFO]   S2 Ep  97/100  loss=1.1669 acc=48.3%  val=71.0%  lr=9.34e-08    24s
2026-03-20 08:50:33,269 [INFO]   S2 Ep  98/100  loss=1.1800 acc=47.8%  val=71.1%  lr=4.23e-08    23s
2026-03-20 08:50:56,912 [INFO]   S2 Ep  99/100  loss=1.2053 acc=46.3%  val=71.1%  lr=1.17e-08    24s
2026-03-20 08:51:20,447 [INFO]   S2 Ep 100/100  loss=1.1801 acc=47.3%  val=71.1%  lr=1.50e-09    24s
2026-03-20 08:51:20,448 [INFO] ── Stage 3: SWA (15 ep) ──
2026-03-20 08:51:44,174 [INFO]   SWA Ep  1/15  swa_val=70.7%  24s
2026-03-20 08:52:07,743 [INFO]   SWA Ep  2/15  swa_val=71.0%  24s
2026-03-20 08:52:31,259 [INFO]   SWA Ep  3/15  swa_val=71.0%  24s
2026-03-20 08:52:54,742 [INFO]   SWA Ep  4/15  swa_val=71.0%  23s
2026-03-20 08:53:18,285 [INFO]   SWA Ep  5/15  swa_val=71.3%  24s
2026-03-20 08:53:41,706 [INFO]   SWA Ep  6/15  swa_val=71.6%  23s
2026-03-20 08:54:05,216 [INFO]   SWA Ep  7/15  swa_val=71.7%  24s
2026-03-20 08:54:28,803 [INFO]   SWA Ep  8/15  swa_val=71.6%  24s
2026-03-20 08:54:52,280 [INFO]   SWA Ep  9/15  swa_val=71.7%  23s
2026-03-20 08:55:15,655 [INFO]   SWA Ep 10/15  swa_val=71.7%  23s
2026-03-20 08:55:39,099 [INFO]   SWA Ep 11/15  swa_val=71.7%  23s
2026-03-20 08:56:02,687 [INFO]   SWA Ep 12/15  swa_val=71.8%  24s
2026-03-20 08:56:26,063 [INFO]   SWA Ep 13/15  swa_val=71.9%  23s
2026-03-20 08:56:49,410 [INFO]   SWA Ep 14/15  swa_val=72.0%  23s
2026-03-20 08:57:12,855 [INFO]   SWA Ep 15/15  swa_val=71.9%  23s
2026-03-20 08:57:14,798 [INFO]   SWA final: 71.92% (regular best: 71.24%)
2026-03-20 08:57:14,956 [INFO]   Fold 2 best: 71.92%
2026-03-20 08:57:16,719 [INFO] ================================================================
2026-03-20 08:57:16,719 [INFO] FOLD 3 / 5
2026-03-20 08:57:16,719 [INFO] ================================================================
2026-03-20 08:57:16,947 [INFO] Loading pretrained weights from Hugging Face hub (timm/swinv2_tiny_window8_256.ms_in1k)
2026-03-20 08:57:17,072 [INFO] HTTP Request: HEAD https://huggingface.co/timm/swinv2_tiny_window8_256.ms_in1k/resolve/main/model.safetensors "HTTP/1.1 302 Found"
2026-03-20 08:57:17,074 [INFO] [timm/swinv2_tiny_window8_256.ms_in1k] Safe alternative available for 'pytorch_model.bin' (as 'model.safetensors'). Loading weights using safetensors.
2026-03-20 08:57:17,091 [INFO] Missing keys (head.fc.weight, head.fc.bias) discovered while loading pretrained weights. This is expected if model is being adapted.
2026-03-20 08:57:17,119 [INFO] ── Stage 1: head warmup (8 ep) ──
2026-03-20 08:57:30,392 [INFO]   S1 Ep 1/8  loss=1.9119 acc=0.6%  val=0.8%  13s
2026-03-20 08:57:30,529 [INFO]   ★ best 0.78%
2026-03-20 08:57:40,581 [INFO]   S1 Ep 2/8  loss=1.9093 acc=0.7%  val=0.7%  10s
2026-03-20 08:57:50,646 [INFO]   S1 Ep 3/8  loss=1.9080 acc=0.6%  val=0.8%  10s
2026-03-20 08:57:50,812 [INFO]   ★ best 0.81%
2026-03-20 08:58:00,836 [INFO]   S1 Ep 4/8  loss=1.9068 acc=0.6%  val=0.8%  10s
2026-03-20 08:58:10,810 [INFO]   S1 Ep 5/8  loss=1.9061 acc=0.7%  val=0.8%  10s
2026-03-20 08:58:20,947 [INFO]   S1 Ep 6/8  loss=1.9050 acc=0.7%  val=0.8%  10s
2026-03-20 08:58:31,064 [INFO]   S1 Ep 7/8  loss=1.9044 acc=0.8%  val=0.8%  10s
2026-03-20 08:58:41,051 [INFO]   S1 Ep 8/8  loss=1.9036 acc=0.7%  val=0.8%  10s
2026-03-20 08:58:41,052 [INFO] ── Stage 2: full fine-tune (100 ep) ──
2026-03-20 08:58:41,434 [INFO] LLRD: 12 groups, LR [1.19e-05 … 5.00e-05]
2026-03-20 08:59:05,039 [INFO]   S2 Ep   1/100  loss=1.9037 acc=0.8%  val=0.9%  lr=4.94e-06    24s
2026-03-20 08:59:05,225 [INFO]   ★ best 0.88%
2026-03-20 08:59:28,720 [INFO]   S2 Ep   2/100  loss=1.9037 acc=0.8%  val=0.8%  lr=1.40e-05    23s
2026-03-20 08:59:52,169 [INFO]   S2 Ep   3/100  loss=1.9032 acc=0.8%  val=1.4%  lr=2.51e-05    23s
2026-03-20 08:59:52,330 [INFO]   ★ best 1.36%
2026-03-20 09:00:15,975 [INFO]   S2 Ep   4/100  loss=1.8885 acc=1.4%  val=1.8%  lr=3.41e-05    24s
2026-03-20 09:00:16,144 [INFO]   ★ best 1.76%
2026-03-20 09:00:39,744 [INFO]   S2 Ep   5/100  loss=1.8675 acc=1.7%  val=2.7%  lr=3.75e-05    24s
2026-03-20 09:00:39,896 [INFO]   ★ best 2.68%
2026-03-20 09:01:03,399 [INFO]   S2 Ep   6/100  loss=1.8488 acc=2.8%  val=6.4%  lr=3.75e-05    24s
2026-03-20 09:01:03,570 [INFO]   ★ best 6.41%
2026-03-20 09:01:27,069 [INFO]   S2 Ep   7/100  loss=1.8271 acc=3.8%  val=9.1%  lr=3.75e-05    23s
2026-03-20 09:01:27,234 [INFO]   ★ best 9.06%
2026-03-20 09:01:50,779 [INFO]   S2 Ep   8/100  loss=1.8003 acc=4.6%  val=9.7%  lr=3.74e-05    24s
2026-03-20 09:01:50,955 [INFO]   ★ best 9.70%
2026-03-20 09:02:14,533 [INFO]   S2 Ep   9/100  loss=1.7759 acc=6.5%  val=13.2%  lr=3.73e-05    24s
2026-03-20 09:02:14,695 [INFO]   ★ best 13.20%
2026-03-20 09:02:38,252 [INFO]   S2 Ep  10/100  loss=1.7564 acc=7.8%  val=14.6%  lr=3.72e-05    24s
2026-03-20 09:02:38,420 [INFO]   ★ best 14.55%
2026-03-20 09:03:02,159 [INFO]   S2 Ep  11/100  loss=1.7349 acc=9.4%  val=19.0%  lr=3.71e-05    24s
2026-03-20 09:03:02,311 [INFO]   ★ best 19.03%
2026-03-20 09:03:25,797 [INFO]   S2 Ep  12/100  loss=1.7172 acc=10.6%  val=24.4%  lr=3.70e-05    23s
2026-03-20 09:03:25,953 [INFO]   ★ best 24.36%
2026-03-20 09:03:49,521 [INFO]   S2 Ep  13/100  loss=1.6940 acc=12.1%  val=27.6%  lr=3.68e-05    24s
2026-03-20 09:03:49,684 [INFO]   ★ best 27.65%
2026-03-20 09:04:13,265 [INFO]   S2 Ep  14/100  loss=1.6841 acc=13.1%  val=28.1%  lr=3.67e-05    24s
2026-03-20 09:04:13,425 [INFO]   ★ best 28.09%
2026-03-20 09:04:36,963 [INFO]   S2 Ep  15/100  loss=1.6405 acc=16.0%  val=30.4%  lr=3.65e-05    24s
2026-03-20 09:04:37,113 [INFO]   ★ best 30.36%
2026-03-20 09:05:00,468 [INFO]   S2 Ep  16/100  loss=1.6404 acc=16.1%  val=34.9%  lr=3.63e-05    23s
2026-03-20 09:05:00,628 [INFO]   ★ best 34.87%
2026-03-20 09:05:23,900 [INFO]   S2 Ep  17/100  loss=1.6208 acc=17.8%  val=35.7%  lr=3.60e-05    23s
2026-03-20 09:05:24,058 [INFO]   ★ best 35.65%
2026-03-20 09:05:47,340 [INFO]   S2 Ep  18/100  loss=1.6045 acc=18.7%  val=37.6%  lr=3.58e-05    23s
2026-03-20 09:05:47,501 [INFO]   ★ best 37.62%
2026-03-20 09:06:11,020 [INFO]   S2 Ep  19/100  loss=1.5967 acc=19.2%  val=39.6%  lr=3.55e-05    24s
2026-03-20 09:06:11,188 [INFO]   ★ best 39.59%
2026-03-20 09:06:34,517 [INFO]   S2 Ep  20/100  loss=1.5678 acc=21.0%  val=38.9%  lr=3.52e-05    23s
2026-03-20 09:06:57,764 [INFO]   S2 Ep  21/100  loss=1.5645 acc=21.6%  val=42.7%  lr=3.49e-05    23s
2026-03-20 09:06:57,918 [INFO]   ★ best 42.67%
2026-03-20 09:07:21,254 [INFO]   S2 Ep  22/100  loss=1.5541 acc=22.1%  val=43.7%  lr=3.46e-05    23s
2026-03-20 09:07:21,415 [INFO]   ★ best 43.69%
2026-03-20 09:07:44,737 [INFO]   S2 Ep  23/100  loss=1.5269 acc=24.3%  val=43.0%  lr=3.43e-05    23s
2026-03-20 09:08:08,053 [INFO]   S2 Ep  24/100  loss=1.5270 acc=24.8%  val=47.6%  lr=3.39e-05    23s
2026-03-20 09:08:08,208 [INFO]   ★ best 47.56%
2026-03-20 09:08:31,488 [INFO]   S2 Ep  25/100  loss=1.5360 acc=24.2%  val=49.6%  lr=3.35e-05    23s
2026-03-20 09:08:31,648 [INFO]   ★ best 49.59%
2026-03-20 09:08:55,008 [INFO]   S2 Ep  26/100  loss=1.4902 acc=26.5%  val=49.1%  lr=3.32e-05    23s
2026-03-20 09:09:18,301 [INFO]   S2 Ep  27/100  loss=1.4928 acc=26.7%  val=49.7%  lr=3.28e-05    23s
2026-03-20 09:09:18,459 [INFO]   ★ best 49.73%
2026-03-20 09:09:41,797 [INFO]   S2 Ep  28/100  loss=1.4815 acc=27.1%  val=52.0%  lr=3.23e-05    23s
2026-03-20 09:09:41,960 [INFO]   ★ best 52.04%
2026-03-20 09:10:05,302 [INFO]   S2 Ep  29/100  loss=1.4440 acc=29.8%  val=54.3%  lr=3.19e-05    23s
2026-03-20 09:10:05,460 [INFO]   ★ best 54.34%
2026-03-20 09:10:28,773 [INFO]   S2 Ep  30/100  loss=1.4664 acc=28.5%  val=54.2%  lr=3.14e-05    23s
2026-03-20 09:10:52,089 [INFO]   S2 Ep  31/100  loss=1.4590 acc=29.4%  val=54.8%  lr=3.10e-05    23s
2026-03-20 09:10:52,241 [INFO]   ★ best 54.82%
2026-03-20 09:11:15,593 [INFO]   S2 Ep  32/100  loss=1.4497 acc=29.5%  val=56.4%  lr=3.05e-05    23s
2026-03-20 09:11:15,736 [INFO]   ★ best 56.41%
2026-03-20 09:11:39,139 [INFO]   S2 Ep  33/100  loss=1.4433 acc=30.0%  val=55.5%  lr=3.00e-05    23s
2026-03-20 09:12:02,452 [INFO]   S2 Ep  34/100  loss=1.4215 acc=31.6%  val=57.6%  lr=2.95e-05    23s
2026-03-20 09:12:02,603 [INFO]   ★ best 57.60%
2026-03-20 09:12:25,984 [INFO]   S2 Ep  35/100  loss=1.4156 acc=32.0%  val=58.5%  lr=2.90e-05    23s
2026-03-20 09:12:26,138 [INFO]   ★ best 58.55%
2026-03-20 09:12:49,447 [INFO]   S2 Ep  36/100  loss=1.3985 acc=33.0%  val=58.0%  lr=2.85e-05    23s
2026-03-20 09:13:12,784 [INFO]   S2 Ep  37/100  loss=1.4029 acc=33.2%  val=59.7%  lr=2.79e-05    23s
2026-03-20 09:13:12,948 [INFO]   ★ best 59.67%
2026-03-20 09:13:36,235 [INFO]   S2 Ep  38/100  loss=1.3722 acc=35.1%  val=61.1%  lr=2.74e-05    23s
2026-03-20 09:13:36,395 [INFO]   ★ best 61.09%
2026-03-20 09:13:59,737 [INFO]   S2 Ep  39/100  loss=1.3962 acc=33.4%  val=60.8%  lr=2.68e-05    23s
2026-03-20 09:14:23,060 [INFO]   S2 Ep  40/100  loss=1.3940 acc=33.6%  val=60.8%  lr=2.63e-05    23s
2026-03-20 09:14:46,419 [INFO]   S2 Ep  41/100  loss=1.3662 acc=35.4%  val=61.9%  lr=2.57e-05    23s
2026-03-20 09:14:46,581 [INFO]   ★ best 61.94%
2026-03-20 09:15:09,855 [INFO]   S2 Ep  42/100  loss=1.3553 acc=35.9%  val=62.5%  lr=2.51e-05    23s
2026-03-20 09:15:10,010 [INFO]   ★ best 62.48%
2026-03-20 09:15:33,303 [INFO]   S2 Ep  43/100  loss=1.3607 acc=35.6%  val=61.8%  lr=2.45e-05    23s
2026-03-20 09:15:56,659 [INFO]   S2 Ep  44/100  loss=1.3607 acc=35.8%  val=63.1%  lr=2.39e-05    23s
2026-03-20 09:15:56,814 [INFO]   ★ best 63.13%
2026-03-20 09:16:20,140 [INFO]   S2 Ep  45/100  loss=1.3638 acc=35.5%  val=63.3%  lr=2.34e-05    23s
2026-03-20 09:16:20,299 [INFO]   ★ best 63.33%
2026-03-20 09:16:43,671 [INFO]   S2 Ep  46/100  loss=1.3509 acc=36.3%  val=64.5%  lr=2.27e-05    23s
2026-03-20 09:16:43,828 [INFO]   ★ best 64.48%
2026-03-20 09:17:07,204 [INFO]   S2 Ep  47/100  loss=1.3145 acc=38.7%  val=65.2%  lr=2.21e-05    23s
2026-03-20 09:17:07,369 [INFO]   ★ best 65.20%
2026-03-20 09:17:30,701 [INFO]   S2 Ep  48/100  loss=1.3357 acc=37.2%  val=64.3%  lr=2.15e-05    23s
2026-03-20 09:17:54,014 [INFO]   S2 Ep  49/100  loss=1.3290 acc=38.0%  val=65.8%  lr=2.09e-05    23s
2026-03-20 09:17:54,170 [INFO]   ★ best 65.84%
2026-03-20 09:18:17,490 [INFO]   S2 Ep  50/100  loss=1.3393 acc=37.8%  val=65.6%  lr=2.03e-05    23s
2026-03-20 09:18:40,853 [INFO]   S2 Ep  51/100  loss=1.3179 acc=38.7%  val=66.9%  lr=1.97e-05    23s
2026-03-20 09:18:41,010 [INFO]   ★ best 66.93%
2026-03-20 09:19:04,314 [INFO]   S2 Ep  52/100  loss=1.2882 acc=40.5%  val=66.9%  lr=1.91e-05    23s
2026-03-20 09:19:27,729 [INFO]   S2 Ep  53/100  loss=1.2901 acc=40.2%  val=67.3%  lr=1.84e-05    23s
2026-03-20 09:19:27,893 [INFO]   ★ best 67.27%
2026-03-20 09:19:51,259 [INFO]   S2 Ep  54/100  loss=1.3013 acc=39.9%  val=67.1%  lr=1.78e-05    23s
2026-03-20 09:20:14,581 [INFO]   S2 Ep  55/100  loss=1.2770 acc=41.4%  val=67.6%  lr=1.72e-05    23s
2026-03-20 09:20:14,741 [INFO]   ★ best 67.64%
2026-03-20 09:20:38,018 [INFO]   S2 Ep  56/100  loss=1.2610 acc=42.2%  val=67.7%  lr=1.66e-05    23s
2026-03-20 09:20:38,167 [INFO]   ★ best 67.67%
2026-03-20 09:21:01,564 [INFO]   S2 Ep  57/100  loss=1.2932 acc=40.6%  val=68.1%  lr=1.60e-05    23s
2026-03-20 09:21:01,726 [INFO]   ★ best 68.08%
2026-03-20 09:21:25,101 [INFO]   S2 Ep  58/100  loss=1.2845 acc=40.9%  val=68.6%  lr=1.54e-05    23s
2026-03-20 09:21:25,262 [INFO]   ★ best 68.59%
2026-03-20 09:21:48,657 [INFO]   S2 Ep  59/100  loss=1.2544 acc=42.3%  val=68.0%  lr=1.47e-05    23s
2026-03-20 09:22:12,012 [INFO]   S2 Ep  60/100  loss=1.2710 acc=42.2%  val=69.0%  lr=1.41e-05    23s
2026-03-20 09:22:12,189 [INFO]   ★ best 69.00%
2026-03-20 09:22:35,558 [INFO]   S2 Ep  61/100  loss=1.2784 acc=41.4%  val=69.3%  lr=1.35e-05    23s
2026-03-20 09:22:35,701 [INFO]   ★ best 69.30%
2026-03-20 09:22:59,239 [INFO]   S2 Ep  62/100  loss=1.2855 acc=41.5%  val=70.0%  lr=1.30e-05    24s
2026-03-20 09:22:59,411 [INFO]   ★ best 70.01%
2026-03-20 09:23:22,828 [INFO]   S2 Ep  63/100  loss=1.2730 acc=41.7%  val=69.6%  lr=1.24e-05    23s
2026-03-20 09:23:46,157 [INFO]   S2 Ep  64/100  loss=1.2319 acc=43.4%  val=70.7%  lr=1.18e-05    23s
2026-03-20 09:23:46,310 [INFO]   ★ best 70.69%
2026-03-20 09:24:09,704 [INFO]   S2 Ep  65/100  loss=1.2630 acc=42.4%  val=69.6%  lr=1.12e-05    23s
2026-03-20 09:24:33,261 [INFO]   S2 Ep  66/100  loss=1.2461 acc=43.6%  val=70.6%  lr=1.07e-05    24s
2026-03-20 09:24:56,608 [INFO]   S2 Ep  67/100  loss=1.2197 acc=45.1%  val=70.3%  lr=1.01e-05    23s
2026-03-20 09:25:19,928 [INFO]   S2 Ep  68/100  loss=1.2720 acc=42.3%  val=70.1%  lr=9.55e-06    23s
2026-03-20 09:25:43,242 [INFO]   S2 Ep  69/100  loss=1.2508 acc=43.0%  val=71.0%  lr=9.02e-06    23s
2026-03-20 09:25:43,398 [INFO]   ★ best 71.03%
2026-03-20 09:26:06,752 [INFO]   S2 Ep  70/100  loss=1.2422 acc=43.6%  val=70.3%  lr=8.49e-06    23s
2026-03-20 09:26:30,073 [INFO]   S2 Ep  71/100  loss=1.2705 acc=42.0%  val=71.0%  lr=7.98e-06    23s
2026-03-20 09:26:53,398 [INFO]   S2 Ep  72/100  loss=1.2481 acc=43.3%  val=71.1%  lr=7.48e-06    23s
2026-03-20 09:26:53,561 [INFO]   ★ best 71.07%
2026-03-20 09:27:16,864 [INFO]   S2 Ep  73/100  loss=1.2117 acc=45.5%  val=71.3%  lr=6.99e-06    23s
2026-03-20 09:27:17,019 [INFO]   ★ best 71.34%
2026-03-20 09:27:40,310 [INFO]   S2 Ep  74/100  loss=1.2345 acc=44.2%  val=71.1%  lr=6.51e-06    23s
2026-03-20 09:28:03,571 [INFO]   S2 Ep  75/100  loss=1.2478 acc=43.0%  val=71.2%  lr=6.05e-06    23s
2026-03-20 09:28:26,854 [INFO]   S2 Ep  76/100  loss=1.2679 acc=41.7%  val=71.4%  lr=5.60e-06    23s
2026-03-20 09:28:27,002 [INFO]   ★ best 71.37%
2026-03-20 09:28:50,312 [INFO]   S2 Ep  77/100  loss=1.2565 acc=43.4%  val=71.1%  lr=5.17e-06    23s
2026-03-20 09:29:13,637 [INFO]   S2 Ep  78/100  loss=1.2187 acc=45.2%  val=71.2%  lr=4.75e-06    23s
2026-03-20 09:29:36,910 [INFO]   S2 Ep  79/100  loss=1.1944 acc=46.7%  val=70.9%  lr=4.34e-06    23s
2026-03-20 09:30:00,246 [INFO]   S2 Ep  80/100  loss=1.2226 acc=44.8%  val=71.2%  lr=3.95e-06    23s
2026-03-20 09:30:23,567 [INFO]   S2 Ep  81/100  loss=1.1937 acc=46.8%  val=71.3%  lr=3.58e-06    23s
2026-03-20 09:30:46,948 [INFO]   S2 Ep  82/100  loss=1.2366 acc=44.3%  val=72.0%  lr=3.22e-06    23s
2026-03-20 09:30:47,104 [INFO]   ★ best 72.05%
2026-03-20 09:31:10,429 [INFO]   S2 Ep  83/100  loss=1.2053 acc=46.4%  val=72.1%  lr=2.89e-06    23s
2026-03-20 09:31:10,581 [INFO]   ★ best 72.08%
2026-03-20 09:31:33,951 [INFO]   S2 Ep  84/100  loss=1.2317 acc=45.0%  val=72.1%  lr=2.56e-06    23s
2026-03-20 09:31:34,111 [INFO]   ★ best 72.12%
2026-03-20 09:31:57,405 [INFO]   S2 Ep  85/100  loss=1.2011 acc=46.3%  val=72.2%  lr=2.26e-06    23s
2026-03-20 09:31:57,555 [INFO]   ★ best 72.22%
2026-03-20 09:32:20,883 [INFO]   S2 Ep  86/100  loss=1.2336 acc=44.2%  val=71.8%  lr=1.97e-06    23s
2026-03-20 09:32:44,241 [INFO]   S2 Ep  87/100  loss=1.2222 acc=45.1%  val=71.8%  lr=1.71e-06    23s
2026-03-20 09:33:07,578 [INFO]   S2 Ep  88/100  loss=1.2248 acc=45.3%  val=71.8%  lr=1.46e-06    23s
2026-03-20 09:33:30,925 [INFO]   S2 Ep  89/100  loss=1.2101 acc=45.8%  val=72.2%  lr=1.23e-06    23s
2026-03-20 09:33:54,193 [INFO]   S2 Ep  90/100  loss=1.2411 acc=43.6%  val=72.3%  lr=1.02e-06    23s
2026-03-20 09:33:54,345 [INFO]   ★ best 72.32%
2026-03-20 09:34:17,681 [INFO]   S2 Ep  91/100  loss=1.2276 acc=44.8%  val=72.3%  lr=8.25e-07    23s
2026-03-20 09:34:41,045 [INFO]   S2 Ep  92/100  loss=1.2225 acc=45.2%  val=72.1%  lr=6.53e-07    23s
2026-03-20 09:35:04,343 [INFO]   S2 Ep  93/100  loss=1.1998 acc=47.1%  val=72.2%  lr=5.01e-07    23s
2026-03-20 09:35:27,688 [INFO]   S2 Ep  94/100  loss=1.2218 acc=45.0%  val=72.2%  lr=3.69e-07    23s
2026-03-20 09:35:51,034 [INFO]   S2 Ep  95/100  loss=1.2050 acc=46.1%  val=72.3%  lr=2.57e-07    23s
2026-03-20 09:36:14,352 [INFO]   S2 Ep  96/100  loss=1.2412 acc=43.8%  val=72.1%  lr=1.65e-07    23s
2026-03-20 09:36:37,674 [INFO]   S2 Ep  97/100  loss=1.2348 acc=44.3%  val=72.2%  lr=9.34e-08    23s
2026-03-20 09:37:01,024 [INFO]   S2 Ep  98/100  loss=1.1942 acc=46.8%  val=72.2%  lr=4.23e-08    23s
2026-03-20 09:37:24,375 [INFO]   S2 Ep  99/100  loss=1.2114 acc=45.6%  val=72.2%  lr=1.17e-08    23s
2026-03-20 09:37:47,654 [INFO]   S2 Ep 100/100  loss=1.2346 acc=45.0%  val=72.2%  lr=1.50e-09    23s
2026-03-20 09:37:47,655 [INFO] ── Stage 3: SWA (15 ep) ──
2026-03-20 09:38:11,107 [INFO]   SWA Ep  1/15  swa_val=72.3%  23s
2026-03-20 09:38:34,462 [INFO]   SWA Ep  2/15  swa_val=72.3%  23s
2026-03-20 09:38:57,744 [INFO]   SWA Ep  3/15  swa_val=71.8%  23s
2026-03-20 09:39:21,091 [INFO]   SWA Ep  4/15  swa_val=72.0%  23s
2026-03-20 09:39:44,513 [INFO]   SWA Ep  5/15  swa_val=72.2%  23s
2026-03-20 09:40:07,925 [INFO]   SWA Ep  6/15  swa_val=72.5%  23s
2026-03-20 09:40:31,246 [INFO]   SWA Ep  7/15  swa_val=72.4%  23s
2026-03-20 09:40:54,666 [INFO]   SWA Ep  8/15  swa_val=72.4%  23s
2026-03-20 09:41:18,005 [INFO]   SWA Ep  9/15  swa_val=72.4%  23s
2026-03-20 09:41:41,266 [INFO]   SWA Ep 10/15  swa_val=72.5%  23s
2026-03-20 09:42:04,579 [INFO]   SWA Ep 11/15  swa_val=72.5%  23s
2026-03-20 09:42:28,089 [INFO]   SWA Ep 12/15  swa_val=72.7%  24s
2026-03-20 09:42:51,393 [INFO]   SWA Ep 13/15  swa_val=72.7%  23s
2026-03-20 09:43:14,621 [INFO]   SWA Ep 14/15  swa_val=72.6%  23s
2026-03-20 09:43:37,919 [INFO]   SWA Ep 15/15  swa_val=72.7%  23s
2026-03-20 09:43:39,805 [INFO]   SWA final: 72.66% (regular best: 72.32%)
2026-03-20 09:43:39,959 [INFO]   Fold 3 best: 72.66%
2026-03-20 09:43:41,312 [INFO] ================================================================
2026-03-20 09:43:41,312 [INFO] FOLD 4 / 5
2026-03-20 09:43:41,312 [INFO] ================================================================
2026-03-20 09:43:41,540 [INFO] Loading pretrained weights from Hugging Face hub (timm/swinv2_tiny_window8_256.ms_in1k)
2026-03-20 09:43:41,742 [INFO] HTTP Request: HEAD https://huggingface.co/timm/swinv2_tiny_window8_256.ms_in1k/resolve/main/model.safetensors "HTTP/1.1 302 Found"
2026-03-20 09:43:41,743 [INFO] [timm/swinv2_tiny_window8_256.ms_in1k] Safe alternative available for 'pytorch_model.bin' (as 'model.safetensors'). Loading weights using safetensors.
2026-03-20 09:43:41,761 [INFO] Missing keys (head.fc.weight, head.fc.bias) discovered while loading pretrained weights. This is expected if model is being adapted.
2026-03-20 09:43:41,788 [INFO] ── Stage 1: head warmup (8 ep) ──
2026-03-20 09:43:54,837 [INFO]   S1 Ep 1/8  loss=1.9127 acc=0.7%  val=0.8%  13s
2026-03-20 09:43:54,966 [INFO]   ★ best 0.81%
2026-03-20 09:44:04,846 [INFO]   S1 Ep 2/8  loss=1.9100 acc=0.8%  val=0.8%  10s
2026-03-20 09:44:14,764 [INFO]   S1 Ep 3/8  loss=1.9083 acc=0.6%  val=0.8%  10s
2026-03-20 09:44:24,723 [INFO]   S1 Ep 4/8  loss=1.9066 acc=0.8%  val=0.7%  10s
2026-03-20 09:44:34,611 [INFO]   S1 Ep 5/8  loss=1.9061 acc=0.7%  val=0.8%  10s
2026-03-20 09:44:34,780 [INFO]   ★ best 0.85%
2026-03-20 09:44:44,698 [INFO]   S1 Ep 6/8  loss=1.9052 acc=0.7%  val=0.9%  10s
2026-03-20 09:44:44,849 [INFO]   ★ best 0.88%
2026-03-20 09:44:54,768 [INFO]   S1 Ep 7/8  loss=1.9047 acc=0.8%  val=0.8%  10s
2026-03-20 09:45:04,664 [INFO]   S1 Ep 8/8  loss=1.9039 acc=0.8%  val=0.8%  10s
2026-03-20 09:45:04,665 [INFO] ── Stage 2: full fine-tune (100 ep) ──
2026-03-20 09:45:05,005 [INFO] LLRD: 12 groups, LR [1.19e-05 … 5.00e-05]
2026-03-20 09:45:28,440 [INFO]   S2 Ep   1/100  loss=1.9039 acc=0.8%  val=0.8%  lr=4.94e-06    23s
2026-03-20 09:45:51,810 [INFO]   S2 Ep   2/100  loss=1.9040 acc=0.9%  val=0.8%  lr=1.40e-05    23s
2026-03-20 09:46:15,145 [INFO]   S2 Ep   3/100  loss=1.9036 acc=0.9%  val=1.8%  lr=2.51e-05    23s
2026-03-20 09:46:15,312 [INFO]   ★ best 1.76%
2026-03-20 09:46:38,623 [INFO]   S2 Ep   4/100  loss=1.8911 acc=1.2%  val=1.8%  lr=3.41e-05    23s
2026-03-20 09:47:02,085 [INFO]   S2 Ep   5/100  loss=1.8688 acc=1.7%  val=3.5%  lr=3.75e-05    23s
2026-03-20 09:47:02,249 [INFO]   ★ best 3.53%
2026-03-20 09:47:25,605 [INFO]   S2 Ep   6/100  loss=1.8477 acc=2.7%  val=5.5%  lr=3.75e-05    23s
2026-03-20 09:47:25,758 [INFO]   ★ best 5.50%
2026-03-20 09:47:49,065 [INFO]   S2 Ep   7/100  loss=1.8195 acc=4.0%  val=9.5%  lr=3.75e-05    23s
2026-03-20 09:47:49,222 [INFO]   ★ best 9.53%
2026-03-20 09:48:12,514 [INFO]   S2 Ep   8/100  loss=1.7956 acc=5.6%  val=10.3%  lr=3.74e-05    23s
2026-03-20 09:48:12,676 [INFO]   ★ best 10.31%
2026-03-20 09:48:36,041 [INFO]   S2 Ep   9/100  loss=1.7645 acc=7.3%  val=15.4%  lr=3.73e-05    23s
2026-03-20 09:48:36,199 [INFO]   ★ best 15.40%
2026-03-20 09:48:59,502 [INFO]   S2 Ep  10/100  loss=1.7434 acc=8.6%  val=17.5%  lr=3.72e-05    23s
2026-03-20 09:48:59,656 [INFO]   ★ best 17.50%
2026-03-20 09:49:23,030 [INFO]   S2 Ep  11/100  loss=1.7259 acc=10.0%  val=22.3%  lr=3.71e-05    23s
2026-03-20 09:49:23,183 [INFO]   ★ best 22.25%
2026-03-20 09:49:46,468 [INFO]   S2 Ep  12/100  loss=1.7074 acc=11.2%  val=25.2%  lr=3.70e-05    23s
2026-03-20 09:49:46,627 [INFO]   ★ best 25.17%
2026-03-20 09:50:09,959 [INFO]   S2 Ep  13/100  loss=1.6905 acc=12.7%  val=27.5%  lr=3.68e-05    23s
2026-03-20 09:50:10,112 [INFO]   ★ best 27.54%
2026-03-20 09:50:33,464 [INFO]   S2 Ep  14/100  loss=1.6650 acc=14.3%  val=29.4%  lr=3.67e-05    23s
2026-03-20 09:50:33,624 [INFO]   ★ best 29.41%
2026-03-20 09:50:56,907 [INFO]   S2 Ep  15/100  loss=1.6495 acc=16.0%  val=33.6%  lr=3.65e-05    23s
2026-03-20 09:50:57,068 [INFO]   ★ best 33.62%
2026-03-20 09:51:20,374 [INFO]   S2 Ep  16/100  loss=1.6347 acc=17.2%  val=35.1%  lr=3.63e-05    23s
2026-03-20 09:51:20,534 [INFO]   ★ best 35.11%
2026-03-20 09:51:43,843 [INFO]   S2 Ep  17/100  loss=1.6029 acc=18.5%  val=37.0%  lr=3.60e-05    23s
2026-03-20 09:51:44,013 [INFO]   ★ best 37.04%
2026-03-20 09:52:07,449 [INFO]   S2 Ep  18/100  loss=1.5855 acc=19.7%  val=39.1%  lr=3.58e-05    23s
2026-03-20 09:52:07,617 [INFO]   ★ best 39.11%
2026-03-20 09:52:30,987 [INFO]   S2 Ep  19/100  loss=1.5986 acc=19.2%  val=38.1%  lr=3.55e-05    23s
2026-03-20 09:52:54,377 [INFO]   S2 Ep  20/100  loss=1.5875 acc=20.5%  val=41.9%  lr=3.52e-05    23s
2026-03-20 09:52:54,542 [INFO]   ★ best 41.89%
2026-03-20 09:53:17,923 [INFO]   S2 Ep  21/100  loss=1.5662 acc=22.0%  val=42.3%  lr=3.49e-05    23s
2026-03-20 09:53:18,086 [INFO]   ★ best 42.30%
2026-03-20 09:53:41,458 [INFO]   S2 Ep  22/100  loss=1.5438 acc=23.7%  val=45.5%  lr=3.46e-05    23s
2026-03-20 09:53:41,620 [INFO]   ★ best 45.49%
2026-03-20 09:54:05,034 [INFO]   S2 Ep  23/100  loss=1.5399 acc=23.4%  val=45.0%  lr=3.43e-05    23s
2026-03-20 09:54:28,331 [INFO]   S2 Ep  24/100  loss=1.5012 acc=25.7%  val=49.5%  lr=3.39e-05    23s
2026-03-20 09:54:28,488 [INFO]   ★ best 49.49%
2026-03-20 09:54:51,865 [INFO]   S2 Ep  25/100  loss=1.4904 acc=27.0%  val=47.7%  lr=3.35e-05    23s
2026-03-20 09:55:15,388 [INFO]   S2 Ep  26/100  loss=1.5031 acc=26.0%  val=50.0%  lr=3.32e-05    24s
2026-03-20 09:55:15,545 [INFO]   ★ best 50.03%
2026-03-20 09:55:38,819 [INFO]   S2 Ep  27/100  loss=1.4803 acc=27.9%  val=51.6%  lr=3.28e-05    23s
2026-03-20 09:55:38,985 [INFO]   ★ best 51.59%
2026-03-20 09:56:02,269 [INFO]   S2 Ep  28/100  loss=1.4687 acc=28.2%  val=52.0%  lr=3.23e-05    23s
2026-03-20 09:56:02,430 [INFO]   ★ best 52.04%
2026-03-20 09:56:25,774 [INFO]   S2 Ep  29/100  loss=1.4356 acc=30.5%  val=54.2%  lr=3.19e-05    23s
2026-03-20 09:56:25,927 [INFO]   ★ best 54.24%
2026-03-20 09:56:49,254 [INFO]   S2 Ep  30/100  loss=1.4744 acc=28.6%  val=55.7%  lr=3.14e-05    23s
2026-03-20 09:56:49,412 [INFO]   ★ best 55.70%
2026-03-20 09:57:12,754 [INFO]   S2 Ep  31/100  loss=1.4422 acc=30.0%  val=56.5%  lr=3.10e-05    23s
2026-03-20 09:57:12,913 [INFO]   ★ best 56.55%
2026-03-20 09:57:36,241 [INFO]   S2 Ep  32/100  loss=1.4057 acc=32.6%  val=56.7%  lr=3.05e-05    23s
2026-03-20 09:57:36,394 [INFO]   ★ best 56.68%
2026-03-20 09:57:59,694 [INFO]   S2 Ep  33/100  loss=1.4173 acc=31.6%  val=57.3%  lr=3.00e-05    23s
2026-03-20 09:57:59,857 [INFO]   ★ best 57.26%
2026-03-20 09:58:23,140 [INFO]   S2 Ep  34/100  loss=1.4041 acc=33.0%  val=57.5%  lr=2.95e-05    23s
2026-03-20 09:58:23,309 [INFO]   ★ best 57.53%
2026-03-20 09:58:46,600 [INFO]   S2 Ep  35/100  loss=1.3977 acc=33.2%  val=59.3%  lr=2.90e-05    23s
2026-03-20 09:58:46,758 [INFO]   ★ best 59.26%
2026-03-20 09:59:10,050 [INFO]   S2 Ep  36/100  loss=1.3781 acc=34.7%  val=59.7%  lr=2.85e-05    23s
2026-03-20 09:59:10,208 [INFO]   ★ best 59.74%
2026-03-20 09:59:33,541 [INFO]   S2 Ep  37/100  loss=1.3933 acc=33.8%  val=60.4%  lr=2.79e-05    23s
2026-03-20 09:59:33,700 [INFO]   ★ best 60.41%
2026-03-20 09:59:57,011 [INFO]   S2 Ep  38/100  loss=1.3620 acc=35.3%  val=60.9%  lr=2.74e-05    23s
2026-03-20 09:59:57,171 [INFO]   ★ best 60.89%
2026-03-20 10:00:20,570 [INFO]   S2 Ep  39/100  loss=1.3589 acc=35.7%  val=60.4%  lr=2.68e-05    23s
2026-03-20 10:00:43,940 [INFO]   S2 Ep  40/100  loss=1.3500 acc=36.7%  val=61.6%  lr=2.63e-05    23s
2026-03-20 10:00:44,102 [INFO]   ★ best 61.57%
2026-03-20 10:01:07,454 [INFO]   S2 Ep  41/100  loss=1.3625 acc=35.7%  val=62.0%  lr=2.57e-05    23s
2026-03-20 10:01:07,608 [INFO]   ★ best 62.04%
2026-03-20 10:01:30,976 [INFO]   S2 Ep  42/100  loss=1.3645 acc=35.3%  val=63.9%  lr=2.51e-05    23s
2026-03-20 10:01:31,128 [INFO]   ★ best 63.94%
2026-03-20 10:01:54,440 [INFO]   S2 Ep  43/100  loss=1.3358 acc=37.0%  val=62.3%  lr=2.45e-05    23s
2026-03-20 10:02:17,739 [INFO]   S2 Ep  44/100  loss=1.3006 acc=39.2%  val=63.5%  lr=2.39e-05    23s
2026-03-20 10:02:41,060 [INFO]   S2 Ep  45/100  loss=1.3396 acc=37.4%  val=64.9%  lr=2.34e-05    23s
2026-03-20 10:02:41,216 [INFO]   ★ best 64.86%
2026-03-20 10:03:04,523 [INFO]   S2 Ep  46/100  loss=1.3089 acc=38.6%  val=64.3%  lr=2.27e-05    23s
2026-03-20 10:03:27,892 [INFO]   S2 Ep  47/100  loss=1.3381 acc=37.7%  val=64.9%  lr=2.21e-05    23s
2026-03-20 10:03:28,054 [INFO]   ★ best 64.93%
2026-03-20 10:03:51,318 [INFO]   S2 Ep  48/100  loss=1.2760 acc=41.1%  val=65.7%  lr=2.15e-05    23s
2026-03-20 10:03:51,479 [INFO]   ★ best 65.74%
2026-03-20 10:04:14,763 [INFO]   S2 Ep  49/100  loss=1.2897 acc=40.5%  val=65.8%  lr=2.09e-05    23s
2026-03-20 10:04:14,921 [INFO]   ★ best 65.77%
2026-03-20 10:04:38,211 [INFO]   S2 Ep  50/100  loss=1.2962 acc=39.6%  val=65.8%  lr=2.03e-05    23s
2026-03-20 10:05:01,529 [INFO]   S2 Ep  51/100  loss=1.2884 acc=40.7%  val=65.7%  lr=1.97e-05    23s
2026-03-20 10:05:24,845 [INFO]   S2 Ep  52/100  loss=1.3000 acc=39.8%  val=66.7%  lr=1.91e-05    23s
2026-03-20 10:05:25,001 [INFO]   ★ best 66.72%
2026-03-20 10:05:48,311 [INFO]   S2 Ep  53/100  loss=1.2823 acc=40.9%  val=66.9%  lr=1.84e-05    23s
2026-03-20 10:05:48,467 [INFO]   ★ best 66.89%
2026-03-20 10:06:11,737 [INFO]   S2 Ep  54/100  loss=1.2438 acc=43.1%  val=68.2%  lr=1.78e-05    23s
2026-03-20 10:06:11,905 [INFO]   ★ best 68.18%
2026-03-20 10:06:35,204 [INFO]   S2 Ep  55/100  loss=1.2687 acc=41.9%  val=67.4%  lr=1.72e-05    23s
2026-03-20 10:06:58,580 [INFO]   S2 Ep  56/100  loss=1.2850 acc=40.8%  val=67.9%  lr=1.66e-05    23s
2026-03-20 10:07:21,910 [INFO]   S2 Ep  57/100  loss=1.2732 acc=42.0%  val=67.8%  lr=1.60e-05    23s
2026-03-20 10:07:45,216 [INFO]   S2 Ep  58/100  loss=1.2432 acc=43.4%  val=68.9%  lr=1.54e-05    23s
2026-03-20 10:07:45,375 [INFO]   ★ best 68.86%
2026-03-20 10:08:08,763 [INFO]   S2 Ep  59/100  loss=1.2281 acc=44.0%  val=68.2%  lr=1.47e-05    23s
2026-03-20 10:08:32,172 [INFO]   S2 Ep  60/100  loss=1.2409 acc=43.6%  val=69.1%  lr=1.41e-05    23s
2026-03-20 10:08:32,351 [INFO]   ★ best 69.06%
2026-03-20 10:08:55,811 [INFO]   S2 Ep  61/100  loss=1.2208 acc=45.2%  val=68.0%  lr=1.35e-05    23s
2026-03-20 10:09:19,293 [INFO]   S2 Ep  62/100  loss=1.2174 acc=45.0%  val=69.0%  lr=1.30e-05    23s
2026-03-20 10:09:42,702 [INFO]   S2 Ep  63/100  loss=1.2355 acc=44.3%  val=69.5%  lr=1.24e-05    23s
2026-03-20 10:09:42,864 [INFO]   ★ best 69.47%
2026-03-20 10:10:06,336 [INFO]   S2 Ep  64/100  loss=1.2033 acc=45.8%  val=69.7%  lr=1.18e-05    23s
2026-03-20 10:10:06,499 [INFO]   ★ best 69.71%
2026-03-20 10:10:29,874 [INFO]   S2 Ep  65/100  loss=1.2172 acc=45.5%  val=69.6%  lr=1.12e-05    23s
2026-03-20 10:10:53,181 [INFO]   S2 Ep  66/100  loss=1.2135 acc=45.5%  val=69.2%  lr=1.07e-05    23s
2026-03-20 10:11:16,566 [INFO]   S2 Ep  67/100  loss=1.2253 acc=45.0%  val=69.2%  lr=1.01e-05    23s
2026-03-20 10:11:40,187 [INFO]   S2 Ep  68/100  loss=1.2260 acc=44.7%  val=69.4%  lr=9.55e-06    24s
2026-03-20 10:12:03,550 [INFO]   S2 Ep  69/100  loss=1.2274 acc=44.8%  val=70.6%  lr=9.02e-06    23s
2026-03-20 10:12:03,711 [INFO]   ★ best 70.56%
2026-03-20 10:12:27,040 [INFO]   S2 Ep  70/100  loss=1.2071 acc=45.9%  val=70.6%  lr=8.49e-06    23s
2026-03-20 10:12:50,371 [INFO]   S2 Ep  71/100  loss=1.2390 acc=43.8%  val=71.4%  lr=7.98e-06    23s
2026-03-20 10:12:50,526 [INFO]   ★ best 71.37%
2026-03-20 10:13:13,825 [INFO]   S2 Ep  72/100  loss=1.2228 acc=44.7%  val=70.9%  lr=7.48e-06    23s
2026-03-20 10:13:37,212 [INFO]   S2 Ep  73/100  loss=1.2051 acc=46.1%  val=71.3%  lr=6.99e-06    23s
2026-03-20 10:14:00,510 [INFO]   S2 Ep  74/100  loss=1.2138 acc=45.1%  val=71.0%  lr=6.51e-06    23s
2026-03-20 10:14:23,800 [INFO]   S2 Ep  75/100  loss=1.1998 acc=46.3%  val=71.4%  lr=6.05e-06    23s
2026-03-20 10:14:23,961 [INFO]   ★ best 71.44%
2026-03-20 10:14:47,253 [INFO]   S2 Ep  76/100  loss=1.2189 acc=45.3%  val=71.6%  lr=5.60e-06    23s
2026-03-20 10:14:47,415 [INFO]   ★ best 71.57%
2026-03-20 10:15:10,737 [INFO]   S2 Ep  77/100  loss=1.2069 acc=45.8%  val=71.7%  lr=5.17e-06    23s
2026-03-20 10:15:10,896 [INFO]   ★ best 71.68%
2026-03-20 10:15:34,184 [INFO]   S2 Ep  78/100  loss=1.2062 acc=46.0%  val=71.4%  lr=4.75e-06    23s
2026-03-20 10:15:57,476 [INFO]   S2 Ep  79/100  loss=1.1856 acc=47.1%  val=71.8%  lr=4.34e-06    23s
2026-03-20 10:15:57,637 [INFO]   ★ best 71.78%
2026-03-20 10:16:20,969 [INFO]   S2 Ep  80/100  loss=1.2004 acc=46.4%  val=71.6%  lr=3.95e-06    23s
2026-03-20 10:16:44,334 [INFO]   S2 Ep  81/100  loss=1.2423 acc=43.5%  val=71.7%  lr=3.58e-06    23s
2026-03-20 10:17:07,692 [INFO]   S2 Ep  82/100  loss=1.1944 acc=47.1%  val=72.0%  lr=3.22e-06    23s
2026-03-20 10:17:07,846 [INFO]   ★ best 71.98%
2026-03-20 10:17:31,275 [INFO]   S2 Ep  83/100  loss=1.2016 acc=46.9%  val=72.1%  lr=2.89e-06    23s
2026-03-20 10:17:31,435 [INFO]   ★ best 72.12%
2026-03-20 10:17:54,810 [INFO]   S2 Ep  84/100  loss=1.2068 acc=46.0%  val=72.0%  lr=2.56e-06    23s
2026-03-20 10:18:18,196 [INFO]   S2 Ep  85/100  loss=1.2003 acc=46.8%  val=71.8%  lr=2.26e-06    23s
2026-03-20 10:18:41,610 [INFO]   S2 Ep  86/100  loss=1.1984 acc=46.8%  val=72.1%  lr=1.97e-06    23s
2026-03-20 10:19:04,949 [INFO]   S2 Ep  87/100  loss=1.1757 acc=48.5%  val=72.4%  lr=1.71e-06    23s
2026-03-20 10:19:05,098 [INFO]   ★ best 72.35%
2026-03-20 10:19:28,535 [INFO]   S2 Ep  88/100  loss=1.2152 acc=45.7%  val=72.2%  lr=1.46e-06    23s
2026-03-20 10:19:51,883 [INFO]   S2 Ep  89/100  loss=1.2209 acc=45.3%  val=72.1%  lr=1.23e-06    23s
2026-03-20 10:20:15,430 [INFO]   S2 Ep  90/100  loss=1.2080 acc=46.2%  val=72.4%  lr=1.02e-06    24s
2026-03-20 10:20:38,777 [INFO]   S2 Ep  91/100  loss=1.1977 acc=46.4%  val=72.6%  lr=8.25e-07    23s
2026-03-20 10:20:38,942 [INFO]   ★ best 72.59%
2026-03-20 10:21:02,317 [INFO]   S2 Ep  92/100  loss=1.2090 acc=45.5%  val=72.3%  lr=6.53e-07    23s
2026-03-20 10:21:25,709 [INFO]   S2 Ep  93/100  loss=1.1953 acc=46.8%  val=72.7%  lr=5.01e-07    23s
2026-03-20 10:21:25,880 [INFO]   ★ best 72.66%
2026-03-20 10:21:49,200 [INFO]   S2 Ep  94/100  loss=1.1812 acc=47.6%  val=72.7%  lr=3.69e-07    23s
2026-03-20 10:21:49,360 [INFO]   ★ best 72.69%
2026-03-20 10:22:12,705 [INFO]   S2 Ep  95/100  loss=1.1956 acc=47.0%  val=72.5%  lr=2.57e-07    23s
2026-03-20 10:22:36,002 [INFO]   S2 Ep  96/100  loss=1.1691 acc=48.7%  val=72.6%  lr=1.65e-07    23s
2026-03-20 10:22:59,301 [INFO]   S2 Ep  97/100  loss=1.2084 acc=46.2%  val=72.5%  lr=9.34e-08    23s
2026-03-20 10:23:22,576 [INFO]   S2 Ep  98/100  loss=1.2003 acc=46.7%  val=72.6%  lr=4.23e-08    23s
2026-03-20 10:23:45,858 [INFO]   S2 Ep  99/100  loss=1.1814 acc=47.9%  val=72.6%  lr=1.17e-08    23s
2026-03-20 10:24:09,181 [INFO]   S2 Ep 100/100  loss=1.1855 acc=47.1%  val=72.6%  lr=1.50e-09    23s
2026-03-20 10:24:09,182 [INFO] ── Stage 3: SWA (15 ep) ──
2026-03-20 10:24:32,553 [INFO]   SWA Ep  1/15  swa_val=72.2%  23s
2026-03-20 10:24:55,852 [INFO]   SWA Ep  2/15  swa_val=72.6%  23s
2026-03-20 10:25:19,107 [INFO]   SWA Ep  3/15  swa_val=72.2%  23s
2026-03-20 10:25:42,407 [INFO]   SWA Ep  4/15  swa_val=72.3%  23s
2026-03-20 10:26:05,704 [INFO]   SWA Ep  5/15  swa_val=72.4%  23s
2026-03-20 10:26:28,961 [INFO]   SWA Ep  6/15  swa_val=73.1%  23s
2026-03-20 10:26:52,301 [INFO]   SWA Ep  7/15  swa_val=72.9%  23s
2026-03-20 10:27:15,645 [INFO]   SWA Ep  8/15  swa_val=73.1%  23s
2026-03-20 10:27:38,929 [INFO]   SWA Ep  9/15  swa_val=73.1%  23s
2026-03-20 10:28:02,235 [INFO]   SWA Ep 10/15  swa_val=73.1%  23s
2026-03-20 10:28:25,486 [INFO]   SWA Ep 11/15  swa_val=73.2%  23s
2026-03-20 10:28:48,792 [INFO]   SWA Ep 12/15  swa_val=73.2%  23s
2026-03-20 10:29:12,055 [INFO]   SWA Ep 13/15  swa_val=73.2%  23s
2026-03-20 10:29:35,349 [INFO]   SWA Ep 14/15  swa_val=73.2%  23s
2026-03-20 10:29:58,713 [INFO]   SWA Ep 15/15  swa_val=73.3%  23s
2026-03-20 10:30:00,534 [INFO]   SWA final: 73.30% (regular best: 72.69%)
2026-03-20 10:30:00,694 [INFO]   Fold 4 best: 73.30%
2026-03-20 10:30:02,374 [INFO] ================================================================
2026-03-20 10:30:02,374 [INFO] FOLD 5 / 5
2026-03-20 10:30:02,374 [INFO] ================================================================
2026-03-20 10:30:02,594 [INFO] Loading pretrained weights from Hugging Face hub (timm/swinv2_tiny_window8_256.ms_in1k)
2026-03-20 10:30:02,785 [INFO] HTTP Request: HEAD https://huggingface.co/timm/swinv2_tiny_window8_256.ms_in1k/resolve/main/model.safetensors "HTTP/1.1 302 Found"
2026-03-20 10:30:02,786 [INFO] [timm/swinv2_tiny_window8_256.ms_in1k] Safe alternative available for 'pytorch_model.bin' (as 'model.safetensors'). Loading weights using safetensors.
2026-03-20 10:30:02,805 [INFO] Missing keys (head.fc.weight, head.fc.bias) discovered while loading pretrained weights. This is expected if model is being adapted.
2026-03-20 10:30:02,835 [INFO] ── Stage 1: head warmup (8 ep) ──
2026-03-20 10:30:16,052 [INFO]   S1 Ep 1/8  loss=1.9128 acc=0.8%  val=0.8%  13s
2026-03-20 10:30:16,176 [INFO]   ★ best 0.78%
2026-03-20 10:30:26,101 [INFO]   S1 Ep 2/8  loss=1.9094 acc=0.7%  val=0.8%  10s
2026-03-20 10:30:35,962 [INFO]   S1 Ep 3/8  loss=1.9073 acc=0.8%  val=0.8%  10s
2026-03-20 10:30:45,877 [INFO]   S1 Ep 4/8  loss=1.9063 acc=0.7%  val=1.1%  10s
2026-03-20 10:30:46,031 [INFO]   ★ best 1.09%
2026-03-20 10:30:55,952 [INFO]   S1 Ep 5/8  loss=1.9056 acc=0.6%  val=0.8%  10s
2026-03-20 10:31:05,811 [INFO]   S1 Ep 6/8  loss=1.9051 acc=0.7%  val=0.6%  10s
2026-03-20 10:31:15,677 [INFO]   S1 Ep 7/8  loss=1.9042 acc=0.8%  val=0.9%  10s
2026-03-20 10:31:25,566 [INFO]   S1 Ep 8/8  loss=1.9037 acc=0.9%  val=0.7%  10s
2026-03-20 10:31:25,567 [INFO] ── Stage 2: full fine-tune (100 ep) ──
2026-03-20 10:31:25,903 [INFO] LLRD: 12 groups, LR [1.19e-05 … 5.00e-05]
2026-03-20 10:31:49,245 [INFO]   S2 Ep   1/100  loss=1.9038 acc=0.8%  val=0.9%  lr=4.94e-06    23s
2026-03-20 10:32:12,548 [INFO]   S2 Ep   2/100  loss=1.9037 acc=0.8%  val=0.6%  lr=1.40e-05    23s
2026-03-20 10:32:35,868 [INFO]   S2 Ep   3/100  loss=1.9032 acc=0.9%  val=1.4%  lr=2.51e-05    23s
2026-03-20 10:32:36,024 [INFO]   ★ best 1.36%
2026-03-20 10:32:59,389 [INFO]   S2 Ep   4/100  loss=1.8888 acc=1.2%  val=1.9%  lr=3.41e-05    23s
2026-03-20 10:32:59,542 [INFO]   ★ best 1.87%
2026-03-20 10:33:22,909 [INFO]   S2 Ep   5/100  loss=1.8689 acc=1.6%  val=2.9%  lr=3.75e-05    23s
2026-03-20 10:33:23,069 [INFO]   ★ best 2.92%
2026-03-20 10:33:46,399 [INFO]   S2 Ep   6/100  loss=1.8493 acc=2.4%  val=5.0%  lr=3.75e-05    23s
2026-03-20 10:33:46,558 [INFO]   ★ best 4.95%
2026-03-20 10:34:09,937 [INFO]   S2 Ep   7/100  loss=1.8230 acc=4.1%  val=9.0%  lr=3.75e-05    23s
2026-03-20 10:34:10,094 [INFO]   ★ best 9.02%
2026-03-20 10:34:33,484 [INFO]   S2 Ep   8/100  loss=1.8012 acc=5.0%  val=10.8%  lr=3.74e-05    23s
2026-03-20 10:34:33,632 [INFO]   ★ best 10.75%
2026-03-20 10:34:56,948 [INFO]   S2 Ep   9/100  loss=1.7756 acc=6.7%  val=13.9%  lr=3.73e-05    23s
2026-03-20 10:34:57,098 [INFO]   ★ best 13.94%
2026-03-20 10:35:20,472 [INFO]   S2 Ep  10/100  loss=1.7536 acc=8.0%  val=17.3%  lr=3.72e-05    23s
2026-03-20 10:35:20,623 [INFO]   ★ best 17.27%
2026-03-20 10:35:43,993 [INFO]   S2 Ep  11/100  loss=1.7299 acc=10.0%  val=21.8%  lr=3.71e-05    23s
2026-03-20 10:35:44,135 [INFO]   ★ best 21.85%
2026-03-20 10:36:07,449 [INFO]   S2 Ep  12/100  loss=1.7147 acc=10.6%  val=27.0%  lr=3.70e-05    23s
2026-03-20 10:36:07,591 [INFO]   ★ best 27.00%
2026-03-20 10:36:30,949 [INFO]   S2 Ep  13/100  loss=1.6927 acc=11.8%  val=27.1%  lr=3.68e-05    23s
2026-03-20 10:36:31,103 [INFO]   ★ best 27.10%
2026-03-20 10:36:54,653 [INFO]   S2 Ep  14/100  loss=1.6746 acc=14.0%  val=29.0%  lr=3.67e-05    24s
2026-03-20 10:36:54,810 [INFO]   ★ best 28.97%
2026-03-20 10:37:18,137 [INFO]   S2 Ep  15/100  loss=1.6644 acc=14.6%  val=31.4%  lr=3.65e-05    23s
2026-03-20 10:37:18,288 [INFO]   ★ best 31.41%
2026-03-20 10:37:41,607 [INFO]   S2 Ep  16/100  loss=1.6391 acc=15.9%  val=34.7%  lr=3.63e-05    23s
2026-03-20 10:37:41,758 [INFO]   ★ best 34.70%
2026-03-20 10:38:05,048 [INFO]   S2 Ep  17/100  loss=1.6179 acc=17.4%  val=35.2%  lr=3.60e-05    23s
2026-03-20 10:38:05,201 [INFO]   ★ best 35.21%
2026-03-20 10:38:28,523 [INFO]   S2 Ep  18/100  loss=1.5889 acc=19.6%  val=38.4%  lr=3.58e-05    23s
2026-03-20 10:38:28,677 [INFO]   ★ best 38.40%
2026-03-20 10:38:52,020 [INFO]   S2 Ep  19/100  loss=1.6001 acc=19.3%  val=40.7%  lr=3.55e-05    23s
2026-03-20 10:38:52,176 [INFO]   ★ best 40.71%
2026-03-20 10:39:15,492 [INFO]   S2 Ep  20/100  loss=1.5672 acc=20.9%  val=42.9%  lr=3.52e-05    23s
2026-03-20 10:39:15,651 [INFO]   ★ best 42.94%
2026-03-20 10:39:39,030 [INFO]   S2 Ep  21/100  loss=1.5617 acc=21.8%  val=44.2%  lr=3.49e-05    23s
2026-03-20 10:39:39,188 [INFO]   ★ best 44.17%
2026-03-20 10:40:02,498 [INFO]   S2 Ep  22/100  loss=1.5483 acc=22.7%  val=42.9%  lr=3.46e-05    23s
2026-03-20 10:40:25,775 [INFO]   S2 Ep  23/100  loss=1.5289 acc=24.1%  val=46.4%  lr=3.43e-05    23s
2026-03-20 10:40:25,931 [INFO]   ★ best 46.44%
2026-03-20 10:40:49,228 [INFO]   S2 Ep  24/100  loss=1.5006 acc=25.9%  val=48.2%  lr=3.39e-05    23s
2026-03-20 10:40:49,390 [INFO]   ★ best 48.20%
2026-03-20 10:41:12,692 [INFO]   S2 Ep  25/100  loss=1.5032 acc=25.8%  val=49.9%  lr=3.35e-05    23s
2026-03-20 10:41:12,849 [INFO]   ★ best 49.93%
2026-03-20 10:41:36,186 [INFO]   S2 Ep  26/100  loss=1.4929 acc=26.6%  val=50.2%  lr=3.32e-05    23s
2026-03-20 10:41:36,335 [INFO]   ★ best 50.24%
2026-03-20 10:41:59,673 [INFO]   S2 Ep  27/100  loss=1.4836 acc=27.2%  val=52.7%  lr=3.28e-05    23s
2026-03-20 10:41:59,822 [INFO]   ★ best 52.75%
2026-03-20 10:42:23,181 [INFO]   S2 Ep  28/100  loss=1.4768 acc=28.0%  val=52.2%  lr=3.23e-05    23s
2026-03-20 10:42:46,565 [INFO]   S2 Ep  29/100  loss=1.4556 acc=28.9%  val=52.9%  lr=3.19e-05    23s
2026-03-20 10:42:46,716 [INFO]   ★ best 52.88%
2026-03-20 10:43:10,055 [INFO]   S2 Ep  30/100  loss=1.4561 acc=29.5%  val=55.5%  lr=3.14e-05    23s
2026-03-20 10:43:10,217 [INFO]   ★ best 55.46%
2026-03-20 10:43:33,510 [INFO]   S2 Ep  31/100  loss=1.4563 acc=29.3%  val=55.2%  lr=3.10e-05    23s
2026-03-20 10:43:56,887 [INFO]   S2 Ep  32/100  loss=1.4281 acc=31.1%  val=56.8%  lr=3.05e-05    23s
2026-03-20 10:43:57,043 [INFO]   ★ best 56.78%
2026-03-20 10:44:20,397 [INFO]   S2 Ep  33/100  loss=1.4171 acc=31.5%  val=57.0%  lr=3.00e-05    23s
2026-03-20 10:44:20,560 [INFO]   ★ best 56.99%
2026-03-20 10:44:43,917 [INFO]   S2 Ep  34/100  loss=1.4306 acc=31.2%  val=57.9%  lr=2.95e-05    23s
2026-03-20 10:44:44,075 [INFO]   ★ best 57.94%
2026-03-20 10:45:07,370 [INFO]   S2 Ep  35/100  loss=1.3903 acc=33.5%  val=59.2%  lr=2.90e-05    23s
2026-03-20 10:45:07,527 [INFO]   ★ best 59.23%
2026-03-20 10:45:30,821 [INFO]   S2 Ep  36/100  loss=1.4005 acc=32.9%  val=58.9%  lr=2.85e-05    23s
2026-03-20 10:45:54,230 [INFO]   S2 Ep  37/100  loss=1.3893 acc=33.7%  val=58.5%  lr=2.79e-05    23s
2026-03-20 10:46:17,599 [INFO]   S2 Ep  38/100  loss=1.3504 acc=36.6%  val=60.2%  lr=2.74e-05    23s
2026-03-20 10:46:17,754 [INFO]   ★ best 60.18%
2026-03-20 10:46:41,114 [INFO]   S2 Ep  39/100  loss=1.3614 acc=35.5%  val=59.9%  lr=2.68e-05    23s
2026-03-20 10:47:04,466 [INFO]   S2 Ep  40/100  loss=1.3701 acc=35.2%  val=62.0%  lr=2.63e-05    23s
2026-03-20 10:47:04,623 [INFO]   ★ best 62.01%
2026-03-20 10:47:28,019 [INFO]   S2 Ep  41/100  loss=1.3683 acc=34.9%  val=61.8%  lr=2.57e-05    23s
2026-03-20 10:47:51,444 [INFO]   S2 Ep  42/100  loss=1.3553 acc=36.1%  val=62.2%  lr=2.51e-05    23s
2026-03-20 10:47:51,602 [INFO]   ★ best 62.25%
2026-03-20 10:48:15,036 [INFO]   S2 Ep  43/100  loss=1.3584 acc=35.8%  val=62.7%  lr=2.45e-05    23s
2026-03-20 10:48:15,221 [INFO]   ★ best 62.69%
2026-03-20 10:48:38,637 [INFO]   S2 Ep  44/100  loss=1.3407 acc=37.1%  val=63.5%  lr=2.39e-05    23s
2026-03-20 10:48:38,790 [INFO]   ★ best 63.50%
2026-03-20 10:49:02,239 [INFO]   S2 Ep  45/100  loss=1.3037 acc=39.5%  val=63.8%  lr=2.34e-05    23s
2026-03-20 10:49:02,390 [INFO]   ★ best 63.77%
2026-03-20 10:49:25,872 [INFO]   S2 Ep  46/100  loss=1.3040 acc=38.7%  val=64.7%  lr=2.27e-05    23s
2026-03-20 10:49:26,032 [INFO]   ★ best 64.65%
2026-03-20 10:49:49,402 [INFO]   S2 Ep  47/100  loss=1.2999 acc=39.9%  val=65.8%  lr=2.21e-05    23s
2026-03-20 10:49:49,565 [INFO]   ★ best 65.81%
2026-03-20 10:50:12,931 [INFO]   S2 Ep  48/100  loss=1.3378 acc=37.5%  val=65.1%  lr=2.15e-05    23s
2026-03-20 10:50:36,425 [INFO]   S2 Ep  49/100  loss=1.2982 acc=39.7%  val=66.6%  lr=2.09e-05    23s
2026-03-20 10:50:36,588 [INFO]   ★ best 66.55%
2026-03-20 10:50:59,917 [INFO]   S2 Ep  50/100  loss=1.2790 acc=40.7%  val=65.5%  lr=2.03e-05    23s
2026-03-20 10:51:23,232 [INFO]   S2 Ep  51/100  loss=1.3006 acc=39.5%  val=66.9%  lr=1.97e-05    23s
2026-03-20 10:51:23,387 [INFO]   ★ best 66.86%
2026-03-20 10:51:46,667 [INFO]   S2 Ep  52/100  loss=1.3057 acc=39.5%  val=67.1%  lr=1.91e-05    23s
2026-03-20 10:51:46,823 [INFO]   ★ best 67.10%
2026-03-20 10:52:10,132 [INFO]   S2 Ep  53/100  loss=1.2941 acc=40.0%  val=67.1%  lr=1.84e-05    23s
2026-03-20 10:52:33,461 [INFO]   S2 Ep  54/100  loss=1.2831 acc=40.7%  val=68.2%  lr=1.78e-05    23s
2026-03-20 10:52:33,619 [INFO]   ★ best 68.25%
2026-03-20 10:52:56,878 [INFO]   S2 Ep  55/100  loss=1.2733 acc=41.6%  val=68.3%  lr=1.72e-05    23s
2026-03-20 10:52:57,037 [INFO]   ★ best 68.32%
2026-03-20 10:53:20,372 [INFO]   S2 Ep  56/100  loss=1.2954 acc=39.9%  val=68.6%  lr=1.66e-05    23s
2026-03-20 10:53:20,527 [INFO]   ★ best 68.59%
2026-03-20 10:53:43,805 [INFO]   S2 Ep  57/100  loss=1.2670 acc=41.7%  val=68.7%  lr=1.60e-05    23s
2026-03-20 10:53:43,953 [INFO]   ★ best 68.69%
2026-03-20 10:54:07,254 [INFO]   S2 Ep  58/100  loss=1.2665 acc=41.4%  val=68.2%  lr=1.54e-05    23s
2026-03-20 10:54:30,615 [INFO]   S2 Ep  59/100  loss=1.2191 acc=44.9%  val=69.3%  lr=1.47e-05    23s
2026-03-20 10:54:30,766 [INFO]   ★ best 69.30%
2026-03-20 10:54:54,082 [INFO]   S2 Ep  60/100  loss=1.2617 acc=42.3%  val=68.7%  lr=1.41e-05    23s
2026-03-20 10:55:17,418 [INFO]   S2 Ep  61/100  loss=1.2461 acc=43.2%  val=69.6%  lr=1.35e-05    23s
2026-03-20 10:55:17,577 [INFO]   ★ best 69.64%
2026-03-20 10:55:40,942 [INFO]   S2 Ep  62/100  loss=1.2483 acc=43.5%  val=69.4%  lr=1.30e-05    23s
2026-03-20 10:56:04,247 [INFO]   S2 Ep  63/100  loss=1.2418 acc=43.9%  val=69.0%  lr=1.24e-05    23s
2026-03-20 10:56:27,630 [INFO]   S2 Ep  64/100  loss=1.2151 acc=45.3%  val=69.7%  lr=1.18e-05    23s
2026-03-20 10:56:27,784 [INFO]   ★ best 69.71%
2026-03-20 10:56:51,183 [INFO]   S2 Ep  65/100  loss=1.2086 acc=45.5%  val=70.1%  lr=1.12e-05    23s
2026-03-20 10:56:51,349 [INFO]   ★ best 70.15%
2026-03-20 10:57:14,682 [INFO]   S2 Ep  66/100  loss=1.2437 acc=43.5%  val=70.3%  lr=1.07e-05    23s
2026-03-20 10:57:14,838 [INFO]   ★ best 70.32%
2026-03-20 10:57:38,151 [INFO]   S2 Ep  67/100  loss=1.2465 acc=43.5%  val=71.0%  lr=1.01e-05    23s
2026-03-20 10:57:38,312 [INFO]   ★ best 71.00%
2026-03-20 10:58:01,607 [INFO]   S2 Ep  68/100  loss=1.2387 acc=43.6%  val=70.9%  lr=9.55e-06    23s
2026-03-20 10:58:24,912 [INFO]   S2 Ep  69/100  loss=1.2325 acc=44.4%  val=71.2%  lr=9.02e-06    23s
2026-03-20 10:58:25,071 [INFO]   ★ best 71.20%
2026-03-20 10:58:48,448 [INFO]   S2 Ep  70/100  loss=1.2417 acc=44.1%  val=71.2%  lr=8.49e-06    23s
2026-03-20 10:59:11,876 [INFO]   S2 Ep  71/100  loss=1.2098 acc=46.0%  val=71.1%  lr=7.98e-06    23s
2026-03-20 10:59:35,341 [INFO]   S2 Ep  72/100  loss=1.2240 acc=45.1%  val=70.9%  lr=7.48e-06    23s
2026-03-20 10:59:58,707 [INFO]   S2 Ep  73/100  loss=1.1960 acc=46.1%  val=71.3%  lr=6.99e-06    23s
2026-03-20 10:59:58,872 [INFO]   ★ best 71.30%
2026-03-20 11:00:22,300 [INFO]   S2 Ep  74/100  loss=1.2103 acc=45.7%  val=71.9%  lr=6.51e-06    23s
2026-03-20 11:00:22,459 [INFO]   ★ best 71.88%
2026-03-20 11:00:45,836 [INFO]   S2 Ep  75/100  loss=1.2167 acc=45.5%  val=71.7%  lr=6.05e-06    23s
2026-03-20 11:01:09,217 [INFO]   S2 Ep  76/100  loss=1.2070 acc=45.6%  val=71.1%  lr=5.60e-06    23s
2026-03-20 11:01:32,538 [INFO]   S2 Ep  77/100  loss=1.2152 acc=45.5%  val=71.5%  lr=5.17e-06    23s
2026-03-20 11:01:56,080 [INFO]   S2 Ep  78/100  loss=1.1970 acc=46.5%  val=71.0%  lr=4.75e-06    24s
2026-03-20 11:02:19,439 [INFO]   S2 Ep  79/100  loss=1.1997 acc=46.3%  val=71.8%  lr=4.34e-06    23s
2026-03-20 11:02:42,697 [INFO]   S2 Ep  80/100  loss=1.2016 acc=46.3%  val=71.8%  lr=3.95e-06    23s
2026-03-20 11:03:06,034 [INFO]   S2 Ep  81/100  loss=1.2109 acc=45.8%  val=71.7%  lr=3.58e-06    23s
2026-03-20 11:03:29,426 [INFO]   S2 Ep  82/100  loss=1.2306 acc=44.9%  val=71.7%  lr=3.22e-06    23s
2026-03-20 11:03:52,809 [INFO]   S2 Ep  83/100  loss=1.1734 acc=48.2%  val=71.6%  lr=2.89e-06    23s
2026-03-20 11:04:16,148 [INFO]   S2 Ep  84/100  loss=1.2063 acc=45.5%  val=72.0%  lr=2.56e-06    23s
2026-03-20 11:04:16,308 [INFO]   ★ best 72.05%
2026-03-20 11:04:39,657 [INFO]   S2 Ep  85/100  loss=1.2133 acc=45.7%  val=72.2%  lr=2.26e-06    23s
2026-03-20 11:04:39,811 [INFO]   ★ best 72.15%
2026-03-20 11:05:03,131 [INFO]   S2 Ep  86/100  loss=1.1786 acc=47.6%  val=71.9%  lr=1.97e-06    23s
2026-03-20 11:05:26,412 [INFO]   S2 Ep  87/100  loss=1.2072 acc=45.5%  val=72.2%  lr=1.71e-06    23s
2026-03-20 11:05:26,571 [INFO]   ★ best 72.22%
2026-03-20 11:05:49,863 [INFO]   S2 Ep  88/100  loss=1.1970 acc=46.5%  val=72.3%  lr=1.46e-06    23s
2026-03-20 11:05:50,022 [INFO]   ★ best 72.25%
2026-03-20 11:06:13,312 [INFO]   S2 Ep  89/100  loss=1.1659 acc=48.9%  val=72.3%  lr=1.23e-06    23s
2026-03-20 11:06:13,473 [INFO]   ★ best 72.32%
2026-03-20 11:06:36,733 [INFO]   S2 Ep  90/100  loss=1.1878 acc=47.7%  val=72.5%  lr=1.02e-06    23s
2026-03-20 11:06:36,892 [INFO]   ★ best 72.49%
2026-03-20 11:07:00,230 [INFO]   S2 Ep  91/100  loss=1.2012 acc=46.3%  val=72.3%  lr=8.25e-07    23s
2026-03-20 11:07:23,533 [INFO]   S2 Ep  92/100  loss=1.1939 acc=46.6%  val=72.4%  lr=6.53e-07    23s
2026-03-20 11:07:46,853 [INFO]   S2 Ep  93/100  loss=1.1901 acc=47.1%  val=72.2%  lr=5.01e-07    23s
2026-03-20 11:08:10,172 [INFO]   S2 Ep  94/100  loss=1.1844 acc=47.6%  val=72.2%  lr=3.69e-07    23s
2026-03-20 11:08:33,593 [INFO]   S2 Ep  95/100  loss=1.1773 acc=47.7%  val=72.3%  lr=2.57e-07    23s
2026-03-20 11:08:56,975 [INFO]   S2 Ep  96/100  loss=1.1763 acc=47.9%  val=72.3%  lr=1.65e-07    23s
2026-03-20 11:09:20,362 [INFO]   S2 Ep  97/100  loss=1.1941 acc=46.7%  val=72.3%  lr=9.34e-08    23s
2026-03-20 11:09:43,771 [INFO]   S2 Ep  98/100  loss=1.2379 acc=43.9%  val=72.3%  lr=4.23e-08    23s
2026-03-20 11:10:07,271 [INFO]   S2 Ep  99/100  loss=1.1986 acc=46.3%  val=72.3%  lr=1.17e-08    24s
2026-03-20 11:10:30,675 [INFO]   S2 Ep 100/100  loss=1.1898 acc=47.3%  val=72.3%  lr=1.50e-09    23s
2026-03-20 11:10:30,677 [INFO] ── Stage 3: SWA (15 ep) ──
2026-03-20 11:10:54,192 [INFO]   SWA Ep  1/15  swa_val=71.8%  23s
2026-03-20 11:11:17,697 [INFO]   SWA Ep  2/15  swa_val=72.3%  24s
2026-03-20 11:11:41,133 [INFO]   SWA Ep  3/15  swa_val=72.3%  23s
2026-03-20 11:12:04,698 [INFO]   SWA Ep  4/15  swa_val=72.1%  24s
2026-03-20 11:12:27,998 [INFO]   SWA Ep  5/15  swa_val=72.4%  23s
2026-03-20 11:12:51,393 [INFO]   SWA Ep  6/15  swa_val=72.5%  23s
2026-03-20 11:13:14,717 [INFO]   SWA Ep  7/15  swa_val=72.5%  23s
2026-03-20 11:13:38,052 [INFO]   SWA Ep  8/15  swa_val=72.4%  23s
2026-03-20 11:14:01,367 [INFO]   SWA Ep  9/15  swa_val=72.6%  23s
2026-03-20 11:14:24,680 [INFO]   SWA Ep 10/15  swa_val=72.6%  23s
2026-03-20 11:14:47,986 [INFO]   SWA Ep 11/15  swa_val=72.5%  23s
2026-03-20 11:15:11,303 [INFO]   SWA Ep 12/15  swa_val=72.6%  23s
2026-03-20 11:15:34,660 [INFO]   SWA Ep 13/15  swa_val=72.8%  23s
2026-03-20 11:15:58,217 [INFO]   SWA Ep 14/15  swa_val=72.9%  24s
2026-03-20 11:16:21,525 [INFO]   SWA Ep 15/15  swa_val=72.9%  23s
2026-03-20 11:16:23,441 [INFO]   SWA final: 72.86% (regular best: 72.49%)
2026-03-20 11:16:23,611 [INFO]   Fold 5 best: 72.86%
2026-03-20 11:16:25,199 [INFO] ================================================================
2026-03-20 11:16:25,199 [INFO] 5-FOLD CV
2026-03-20 11:16:25,199 [INFO] ================================================================
2026-03-20 11:16:25,199 [INFO]   Fold 1 : 73.01%
2026-03-20 11:16:25,199 [INFO]   Fold 2 : 71.92%
2026-03-20 11:16:25,199 [INFO]   Fold 3 : 72.66%
2026-03-20 11:16:25,199 [INFO]   Fold 4 : 73.30%
2026-03-20 11:16:25,199 [INFO]   Fold 5 : 72.86%
2026-03-20 11:16:25,199 [INFO]   Mean: 72.75% ± 0.46%
2026-03-20 11:21:21,707 [INFO] Done.
