2026-03-23 15:05:10,470 [INFO] GPU: NVIDIA H200
2026-03-23 15:05:10,471 [INFO] Config: {
  "data_dir": "/data/slr/track2_",
  "output_dir": "/data/slr/checkpoints_v95",
  "max_frames": 64,
  "img_size": [
    64,
    256
  ],
  "n_classes": 126,
  "channel_means": [
    -64.3217,
    -62.9119,
    -63.9254
  ],
  "channel_stds": [
    12.5721,
    11.662,
    11.7259
  ],
  "n_folds": 5,
  "batch_size": 48,
  "num_workers": 2,
  "stage1_epochs": 5,
  "stage1_lr": 0.0002,
  "stage2_epochs": 200,
  "stage2_lr": 3e-05,
  "swa_epochs": 30,
  "swa_lr": 3e-06,
  "weight_decay": 0.05,
  "warmup_pct": 0.05,
  "label_smoothing": 0.1,
  "early_stopping_patience": 40,
  "grad_clip_norm": 1.0,
  "llrd_decay": 0.75,
  "mixup_alpha": 0.4,
  "cutmix_alpha": 1.0,
  "cutmix_prob": 0.5,
  "time_mask_max": 8,
  "range_mask_max": 30,
  "noise_std": 0.1,
  "time_warp_lo": 0.8,
  "time_warp_hi": 1.2,
  "time_reverse_prob": 0.5,
  "channel_shuffle_prob": 0.2,
  "channel_drop_prob": 0.1,
  "random_erase_prob": 0.2,
  "circ_shift_prob": 0.3,
  "circ_shift_max": 8,
  "amp_scale_prob": 0.5,
  "amp_scale_lo": 0.8,
  "amp_scale_hi": 1.2,
  "model_name": "convnextv2_tiny.fcmae_ft_in22k_in1k",
  "drop_path_rate": 0.2,
  "proj_dim": 512,
  "drop_rate": 0.3,
  "ms_dropout_samples": 5,
  "seed": 42
}
2026-03-23 15:05:10,471 [INFO] NO KD | NO threshold | AMP | LLRD fixed | Fold 0
2026-03-23 15:05:10,550 [INFO] Train: 14742 | Eval: 9828
2026-03-23 15:05:15,330 [INFO] ================================================================
2026-03-23 15:05:15,330 [INFO] FOLD 0 — CLEAN BASELINE (no KD, no threshold)
2026-03-23 15:05:15,330 [INFO] ================================================================
2026-03-23 15:05:15,332 [INFO]   Train: 11793 | Val: 2949
2026-03-23 15:05:15,570 [INFO] Loading pretrained weights from Hugging Face hub (timm/convnextv2_tiny.fcmae_ft_in22k_in1k)
2026-03-23 15:05:20,690 [INFO] HTTP Request: HEAD https://huggingface.co/timm/convnextv2_tiny.fcmae_ft_in22k_in1k/resolve/main/model.safetensors "HTTP/1.1 302 Found"
2026-03-23 15:05:20,691 [WARNING] Warning: You are sending unauthenticated requests to the HF Hub. Please set a HF_TOKEN to enable higher rate limits and faster downloads.
2026-03-23 15:05:20,692 [INFO] [timm/convnextv2_tiny.fcmae_ft_in22k_in1k] Safe alternative available for 'pytorch_model.bin' (as 'model.safetensors'). Loading weights using safetensors.
2026-03-23 15:05:20,711 [INFO] Missing keys (head.fc.weight, head.fc.bias) discovered while loading pretrained weights. This is expected if model is being adapted.
2026-03-23 15:05:21,024 [INFO]   Born-again ← best_fold0.pt (val 90.98%, skipped 5 extra keys)
2026-03-23 15:05:21,025 [INFO] ── Stage 1: head warmup (5 ep) ──
2026-03-23 15:05:47,758 [INFO]   S1 Ep 1/5  loss=4.7905 acc=2.0%  val=3.2%  27s
2026-03-23 15:05:47,898 [INFO]   ★ best 3.19%
2026-03-23 15:05:58,726 [INFO]   S1 Ep 2/5  loss=4.5836 acc=3.5%  val=5.4%  11s
2026-03-23 15:05:58,897 [INFO]   ★ best 5.36%
2026-03-23 15:06:09,513 [INFO]   S1 Ep 3/5  loss=4.4468 acc=4.7%  val=8.0%  11s
2026-03-23 15:06:09,686 [INFO]   ★ best 8.04%
2026-03-23 15:06:20,573 [INFO]   S1 Ep 4/5  loss=4.3656 acc=5.8%  val=8.6%  11s
2026-03-23 15:06:20,728 [INFO]   ★ best 8.58%
2026-03-23 15:06:31,374 [INFO]   S1 Ep 5/5  loss=4.3310 acc=6.0%  val=8.7%  11s
2026-03-23 15:06:31,535 [INFO]   ★ best 8.68%
2026-03-23 15:06:31,535 [INFO] ── Stage 2: full fine-tune (200 ep, patience 40) ──
2026-03-23 15:06:31,536 [INFO] LLRD: 12 groups, LR [7.12e-06 … 3.00e-05]
2026-03-23 15:06:52,443 [INFO]   S2 Ep   1/200  loss=4.5305 acc=4.8%  val=10.7%  lr=1.91e-06    21s
2026-03-23 15:06:52,642 [INFO]   ★ best 10.72%
2026-03-23 15:07:03,512 [INFO]   S2 Ep   2/200  loss=4.4273 acc=6.3%  val=12.6%  lr=3.95e-06    11s
2026-03-23 15:07:03,700 [INFO]   ★ best 12.65%
2026-03-23 15:07:14,665 [INFO]   S2 Ep   3/200  loss=4.3077 acc=7.9%  val=16.4%  lr=7.14e-06    11s
2026-03-23 15:07:14,844 [INFO]   ★ best 16.41%
2026-03-23 15:07:25,781 [INFO]   S2 Ep   4/200  loss=4.1536 acc=10.8%  val=22.6%  lr=1.12e-05    11s
2026-03-23 15:07:25,962 [INFO]   ★ best 22.58%
2026-03-23 15:07:36,720 [INFO]   S2 Ep   5/200  loss=3.9850 acc=14.5%  val=31.6%  lr=1.56e-05    11s
2026-03-23 15:07:36,898 [INFO]   ★ best 31.64%
2026-03-23 15:07:48,637 [INFO]   S2 Ep   6/200  loss=3.7236 acc=20.1%  val=40.6%  lr=2.01e-05    12s
2026-03-23 15:07:48,820 [INFO]   ★ best 40.62%
2026-03-23 15:07:59,456 [INFO]   S2 Ep   7/200  loss=3.6120 acc=23.9%  val=47.7%  lr=2.41e-05    11s
2026-03-23 15:07:59,656 [INFO]   ★ best 47.68%
2026-03-23 15:08:10,268 [INFO]   S2 Ep   8/200  loss=3.4695 acc=27.1%  val=53.0%  lr=2.73e-05    11s
2026-03-23 15:08:10,466 [INFO]   ★ best 52.97%
2026-03-23 15:08:21,019 [INFO]   S2 Ep   9/200  loss=3.3477 acc=30.3%  val=55.7%  lr=2.93e-05    11s
2026-03-23 15:08:21,221 [INFO]   ★ best 55.68%
2026-03-23 15:08:31,806 [INFO]   S2 Ep  10/200  loss=3.2185 acc=34.1%  val=60.2%  lr=3.00e-05    11s
2026-03-23 15:08:32,007 [INFO]   ★ best 60.19%
2026-03-23 15:08:42,579 [INFO]   S2 Ep  11/200  loss=3.1695 acc=35.2%  val=62.4%  lr=3.00e-05    11s
2026-03-23 15:08:42,770 [INFO]   ★ best 62.43%
2026-03-23 15:08:53,156 [INFO]   S2 Ep  12/200  loss=3.0878 acc=37.5%  val=63.5%  lr=3.00e-05    10s
2026-03-23 15:08:53,347 [INFO]   ★ best 63.48%
2026-03-23 15:09:05,186 [INFO]   S2 Ep  13/200  loss=2.9829 acc=40.2%  val=64.8%  lr=3.00e-05    12s
2026-03-23 15:09:05,380 [INFO]   ★ best 64.77%
2026-03-23 15:09:15,807 [INFO]   S2 Ep  14/200  loss=2.9121 acc=41.8%  val=66.4%  lr=3.00e-05    10s
2026-03-23 15:09:15,985 [INFO]   ★ best 66.36%
2026-03-23 15:09:26,656 [INFO]   S2 Ep  15/200  loss=2.9214 acc=42.1%  val=67.7%  lr=2.99e-05    11s
2026-03-23 15:09:26,840 [INFO]   ★ best 67.65%
2026-03-23 15:09:37,651 [INFO]   S2 Ep  16/200  loss=2.8768 acc=43.5%  val=69.3%  lr=2.99e-05    11s
2026-03-23 15:09:37,834 [INFO]   ★ best 69.31%
2026-03-23 15:09:48,367 [INFO]   S2 Ep  17/200  loss=2.7902 acc=45.6%  val=69.5%  lr=2.99e-05    11s
2026-03-23 15:09:48,574 [INFO]   ★ best 69.55%
2026-03-23 15:09:59,206 [INFO]   S2 Ep  18/200  loss=2.8143 acc=45.2%  val=69.4%  lr=2.99e-05    11s
2026-03-23 15:10:10,063 [INFO]   S2 Ep  19/200  loss=2.7332 acc=47.2%  val=70.3%  lr=2.98e-05    11s
2026-03-23 15:10:10,279 [INFO]   ★ best 70.33%
2026-03-23 15:10:22,101 [INFO]   S2 Ep  20/200  loss=2.6991 acc=47.7%  val=70.9%  lr=2.98e-05    12s
2026-03-23 15:10:22,273 [INFO]   ★ best 70.91%
2026-03-23 15:10:32,810 [INFO]   S2 Ep  21/200  loss=2.7152 acc=47.8%  val=71.2%  lr=2.98e-05    11s
2026-03-23 15:10:32,984 [INFO]   ★ best 71.18%
2026-03-23 15:10:43,620 [INFO]   S2 Ep  22/200  loss=2.6662 acc=49.7%  val=71.8%  lr=2.97e-05    11s
2026-03-23 15:10:43,808 [INFO]   ★ best 71.82%
2026-03-23 15:10:54,394 [INFO]   S2 Ep  23/200  loss=2.7130 acc=48.5%  val=73.0%  lr=2.97e-05    11s
2026-03-23 15:10:54,589 [INFO]   ★ best 73.04%
2026-03-23 15:11:06,559 [INFO]   S2 Ep  24/200  loss=2.6474 acc=49.8%  val=72.5%  lr=2.96e-05    12s
2026-03-23 15:11:17,259 [INFO]   S2 Ep  25/200  loss=2.6631 acc=49.7%  val=73.1%  lr=2.95e-05    11s
2026-03-23 15:11:17,465 [INFO]   ★ best 73.14%
2026-03-23 15:11:27,995 [INFO]   S2 Ep  26/200  loss=2.6433 acc=50.2%  val=72.9%  lr=2.95e-05    11s
2026-03-23 15:11:38,421 [INFO]   S2 Ep  27/200  loss=2.6325 acc=50.0%  val=73.8%  lr=2.94e-05    10s
2026-03-23 15:11:38,599 [INFO]   ★ best 73.82%
2026-03-23 15:11:49,461 [INFO]   S2 Ep  28/200  loss=2.5657 acc=52.1%  val=74.8%  lr=2.93e-05    11s
2026-03-23 15:11:49,643 [INFO]   ★ best 74.77%
2026-03-23 15:12:00,246 [INFO]   S2 Ep  29/200  loss=2.6113 acc=51.1%  val=74.0%  lr=2.93e-05    11s
2026-03-23 15:12:11,227 [INFO]   S2 Ep  30/200  loss=2.4515 acc=55.0%  val=75.0%  lr=2.92e-05    11s
2026-03-23 15:12:11,412 [INFO]   ★ best 74.97%
2026-03-23 15:12:22,305 [INFO]   S2 Ep  31/200  loss=2.6078 acc=51.7%  val=75.1%  lr=2.91e-05    11s
2026-03-23 15:12:22,510 [INFO]   ★ best 75.14%
2026-03-23 15:12:34,030 [INFO]   S2 Ep  32/200  loss=2.5166 acc=53.9%  val=75.2%  lr=2.90e-05    12s
2026-03-23 15:12:34,225 [INFO]   ★ best 75.21%
2026-03-23 15:12:45,406 [INFO]   S2 Ep  33/200  loss=2.5415 acc=52.9%  val=75.2%  lr=2.89e-05    11s
2026-03-23 15:12:56,381 [INFO]   S2 Ep  34/200  loss=2.5160 acc=53.7%  val=75.0%  lr=2.88e-05    11s
2026-03-23 15:13:07,335 [INFO]   S2 Ep  35/200  loss=2.5290 acc=53.6%  val=75.6%  lr=2.87e-05    11s
2026-03-23 15:13:07,531 [INFO]   ★ best 75.58%
2026-03-23 15:13:18,368 [INFO]   S2 Ep  36/200  loss=2.5064 acc=54.0%  val=75.6%  lr=2.86e-05    11s
2026-03-23 15:13:29,456 [INFO]   S2 Ep  37/200  loss=2.4619 acc=55.6%  val=75.8%  lr=2.85e-05    11s
2026-03-23 15:13:29,643 [INFO]   ★ best 75.82%
2026-03-23 15:13:41,138 [INFO]   S2 Ep  38/200  loss=2.4705 acc=55.6%  val=75.8%  lr=2.84e-05    11s
2026-03-23 15:13:52,916 [INFO]   S2 Ep  39/200  loss=2.3981 acc=57.1%  val=76.3%  lr=2.83e-05    12s
2026-03-23 15:13:53,115 [INFO]   ★ best 76.33%
2026-03-23 15:14:04,072 [INFO]   S2 Ep  40/200  loss=2.4135 acc=56.7%  val=76.1%  lr=2.82e-05    11s
2026-03-23 15:14:14,684 [INFO]   S2 Ep  41/200  loss=2.4962 acc=54.7%  val=76.5%  lr=2.81e-05    11s
2026-03-23 15:14:14,854 [INFO]   ★ best 76.47%
2026-03-23 15:14:25,609 [INFO]   S2 Ep  42/200  loss=2.3449 acc=58.9%  val=76.2%  lr=2.79e-05    11s
2026-03-23 15:14:36,435 [INFO]   S2 Ep  43/200  loss=2.3961 acc=57.3%  val=76.5%  lr=2.78e-05    11s
2026-03-23 15:14:47,079 [INFO]   S2 Ep  44/200  loss=2.3397 acc=58.9%  val=76.7%  lr=2.77e-05    11s
2026-03-23 15:14:47,242 [INFO]   ★ best 76.67%
2026-03-23 15:14:58,401 [INFO]   S2 Ep  45/200  loss=2.4448 acc=56.0%  val=77.1%  lr=2.76e-05    11s
2026-03-23 15:14:58,555 [INFO]   ★ best 77.08%
2026-03-23 15:15:09,245 [INFO]   S2 Ep  46/200  loss=2.3605 acc=58.4%  val=76.4%  lr=2.74e-05    11s
2026-03-23 15:15:20,064 [INFO]   S2 Ep  47/200  loss=2.4510 acc=56.0%  val=76.8%  lr=2.73e-05    11s
2026-03-23 15:15:30,759 [INFO]   S2 Ep  48/200  loss=2.3782 acc=57.3%  val=76.6%  lr=2.71e-05    11s
2026-03-23 15:15:41,679 [INFO]   S2 Ep  49/200  loss=2.3958 acc=57.3%  val=76.9%  lr=2.70e-05    11s
2026-03-23 15:15:52,285 [INFO]   S2 Ep  50/200  loss=2.3560 acc=58.3%  val=77.4%  lr=2.68e-05    11s
2026-03-23 15:15:52,453 [INFO]   ★ best 77.38%
2026-03-23 15:16:03,154 [INFO]   S2 Ep  51/200  loss=2.3510 acc=59.2%  val=77.2%  lr=2.67e-05    11s
2026-03-23 15:16:15,289 [INFO]   S2 Ep  52/200  loss=2.2857 acc=60.6%  val=76.9%  lr=2.65e-05    12s
2026-03-23 15:16:26,476 [INFO]   S2 Ep  53/200  loss=2.3478 acc=58.2%  val=77.0%  lr=2.64e-05    11s
2026-03-23 15:16:37,246 [INFO]   S2 Ep  54/200  loss=2.3817 acc=57.6%  val=77.3%  lr=2.62e-05    11s
2026-03-23 15:16:48,042 [INFO]   S2 Ep  55/200  loss=2.2748 acc=61.1%  val=77.5%  lr=2.60e-05    11s
2026-03-23 15:16:48,249 [INFO]   ★ best 77.48%
2026-03-23 15:16:58,868 [INFO]   S2 Ep  56/200  loss=2.3290 acc=59.6%  val=77.4%  lr=2.59e-05    11s
2026-03-23 15:17:09,628 [INFO]   S2 Ep  57/200  loss=2.2655 acc=61.2%  val=77.3%  lr=2.57e-05    11s
2026-03-23 15:17:20,397 [INFO]   S2 Ep  58/200  loss=2.3019 acc=60.3%  val=77.7%  lr=2.55e-05    11s
2026-03-23 15:17:20,597 [INFO]   ★ best 77.69%
2026-03-23 15:17:31,371 [INFO]   S2 Ep  59/200  loss=2.3620 acc=58.0%  val=78.2%  lr=2.53e-05    11s
2026-03-23 15:17:31,574 [INFO]   ★ best 78.20%
2026-03-23 15:17:42,266 [INFO]   S2 Ep  60/200  loss=2.2778 acc=60.2%  val=77.7%  lr=2.52e-05    11s
2026-03-23 15:17:54,743 [INFO]   S2 Ep  61/200  loss=2.3700 acc=59.0%  val=77.4%  lr=2.50e-05    12s
2026-03-23 15:18:05,431 [INFO]   S2 Ep  62/200  loss=2.3372 acc=59.0%  val=77.9%  lr=2.48e-05    11s
2026-03-23 15:18:16,875 [INFO]   S2 Ep  63/200  loss=2.3631 acc=58.4%  val=78.1%  lr=2.46e-05    11s
2026-03-23 15:18:27,736 [INFO]   S2 Ep  64/200  loss=2.3512 acc=58.7%  val=77.9%  lr=2.44e-05    11s
2026-03-23 15:18:38,738 [INFO]   S2 Ep  65/200  loss=2.2559 acc=61.8%  val=78.6%  lr=2.42e-05    11s
2026-03-23 15:18:38,930 [INFO]   ★ best 78.64%
2026-03-23 15:18:49,510 [INFO]   S2 Ep  66/200  loss=2.3748 acc=58.4%  val=77.4%  lr=2.40e-05    11s
2026-03-23 15:19:00,307 [INFO]   S2 Ep  67/200  loss=2.2963 acc=60.1%  val=78.0%  lr=2.38e-05    11s
2026-03-23 15:19:11,070 [INFO]   S2 Ep  68/200  loss=2.3006 acc=60.7%  val=78.0%  lr=2.36e-05    11s
2026-03-23 15:19:22,587 [INFO]   S2 Ep  69/200  loss=2.2589 acc=61.8%  val=78.4%  lr=2.34e-05    12s
2026-03-23 15:19:33,348 [INFO]   S2 Ep  70/200  loss=2.2369 acc=61.9%  val=78.0%  lr=2.32e-05    11s
2026-03-23 15:19:44,158 [INFO]   S2 Ep  71/200  loss=2.2230 acc=62.3%  val=78.7%  lr=2.30e-05    11s
2026-03-23 15:19:44,364 [INFO]   ★ best 78.74%
2026-03-23 15:19:55,377 [INFO]   S2 Ep  72/200  loss=2.2963 acc=60.6%  val=79.2%  lr=2.28e-05    11s
2026-03-23 15:19:55,575 [INFO]   ★ best 79.18%
2026-03-23 15:20:06,919 [INFO]   S2 Ep  73/200  loss=2.2162 acc=62.7%  val=78.9%  lr=2.26e-05    11s
2026-03-23 15:20:18,184 [INFO]   S2 Ep  74/200  loss=2.2390 acc=62.2%  val=78.9%  lr=2.24e-05    11s
2026-03-23 15:20:29,519 [INFO]   S2 Ep  75/200  loss=2.2429 acc=61.2%  val=78.8%  lr=2.21e-05    11s
2026-03-23 15:20:41,148 [INFO]   S2 Ep  76/200  loss=2.2271 acc=62.7%  val=79.0%  lr=2.19e-05    12s
2026-03-23 15:20:52,866 [INFO]   S2 Ep  77/200  loss=2.2206 acc=62.1%  val=78.2%  lr=2.17e-05    12s
2026-03-23 15:21:04,916 [INFO]   S2 Ep  78/200  loss=2.2363 acc=62.1%  val=79.0%  lr=2.15e-05    12s
2026-03-23 15:21:16,316 [INFO]   S2 Ep  79/200  loss=2.2560 acc=62.1%  val=79.0%  lr=2.13e-05    11s
2026-03-23 15:21:27,553 [INFO]   S2 Ep  80/200  loss=2.1855 acc=63.9%  val=78.9%  lr=2.10e-05    11s
2026-03-23 15:21:39,316 [INFO]   S2 Ep  81/200  loss=2.2153 acc=62.7%  val=79.1%  lr=2.08e-05    12s
2026-03-23 15:21:50,658 [INFO]   S2 Ep  82/200  loss=2.1590 acc=64.5%  val=78.7%  lr=2.06e-05    11s
2026-03-23 15:22:02,096 [INFO]   S2 Ep  83/200  loss=2.1883 acc=63.0%  val=78.4%  lr=2.03e-05    11s
2026-03-23 15:22:13,260 [INFO]   S2 Ep  84/200  loss=2.1928 acc=62.8%  val=79.0%  lr=2.01e-05    11s
2026-03-23 15:22:24,265 [INFO]   S2 Ep  85/200  loss=2.1470 acc=64.6%  val=78.6%  lr=1.99e-05    11s
2026-03-23 15:22:35,530 [INFO]   S2 Ep  86/200  loss=2.2101 acc=63.1%  val=79.1%  lr=1.96e-05    11s
2026-03-23 15:22:46,687 [INFO]   S2 Ep  87/200  loss=2.2176 acc=62.8%  val=78.9%  lr=1.94e-05    11s
2026-03-23 15:22:57,841 [INFO]   S2 Ep  88/200  loss=2.2057 acc=62.8%  val=79.1%  lr=1.92e-05    11s
2026-03-23 15:23:09,137 [INFO]   S2 Ep  89/200  loss=2.1559 acc=63.8%  val=79.1%  lr=1.89e-05    11s
2026-03-23 15:23:19,973 [INFO]   S2 Ep  90/200  loss=2.1177 acc=65.3%  val=79.0%  lr=1.87e-05    11s
2026-03-23 15:23:30,875 [INFO]   S2 Ep  91/200  loss=2.1527 acc=63.8%  val=78.7%  lr=1.84e-05    11s
2026-03-23 15:23:42,406 [INFO]   S2 Ep  92/200  loss=2.2171 acc=62.4%  val=78.9%  lr=1.82e-05    12s
2026-03-23 15:23:53,327 [INFO]   S2 Ep  93/200  loss=2.1615 acc=64.5%  val=79.2%  lr=1.80e-05    11s
2026-03-23 15:23:53,505 [INFO]   ★ best 79.21%
2026-03-23 15:24:04,292 [INFO]   S2 Ep  94/200  loss=2.1913 acc=63.6%  val=78.9%  lr=1.77e-05    11s
2026-03-23 15:24:15,228 [INFO]   S2 Ep  95/200  loss=2.2051 acc=63.2%  val=79.5%  lr=1.75e-05    11s
2026-03-23 15:24:15,401 [INFO]   ★ best 79.52%
2026-03-23 15:24:26,071 [INFO]   S2 Ep  96/200  loss=2.1314 acc=65.0%  val=78.7%  lr=1.72e-05    11s
2026-03-23 15:24:36,896 [INFO]   S2 Ep  97/200  loss=2.1620 acc=64.4%  val=79.2%  lr=1.70e-05    11s
2026-03-23 15:24:47,885 [INFO]   S2 Ep  98/200  loss=2.1619 acc=63.6%  val=79.0%  lr=1.67e-05    11s
2026-03-23 15:24:58,622 [INFO]   S2 Ep  99/200  loss=2.0758 acc=66.5%  val=79.1%  lr=1.65e-05    11s
2026-03-23 15:25:09,692 [INFO]   S2 Ep 100/200  loss=2.1122 acc=64.8%  val=79.1%  lr=1.62e-05    11s
2026-03-23 15:25:20,565 [INFO]   S2 Ep 101/200  loss=2.1840 acc=64.0%  val=79.2%  lr=1.60e-05    11s
2026-03-23 15:25:32,037 [INFO]   S2 Ep 102/200  loss=2.1090 acc=65.6%  val=78.6%  lr=1.57e-05    11s
2026-03-23 15:25:43,547 [INFO]   S2 Ep 103/200  loss=2.1535 acc=64.8%  val=79.2%  lr=1.55e-05    12s
2026-03-23 15:25:54,333 [INFO]   S2 Ep 104/200  loss=2.0748 acc=66.4%  val=79.6%  lr=1.52e-05    11s
2026-03-23 15:25:54,508 [INFO]   ★ best 79.55%
2026-03-23 15:26:06,168 [INFO]   S2 Ep 105/200  loss=2.1818 acc=63.7%  val=79.2%  lr=1.50e-05    12s
2026-03-23 15:26:17,043 [INFO]   S2 Ep 106/200  loss=2.2144 acc=62.7%  val=78.8%  lr=1.48e-05    11s
2026-03-23 15:26:28,228 [INFO]   S2 Ep 107/200  loss=2.0822 acc=65.9%  val=79.2%  lr=1.45e-05    11s
2026-03-23 15:26:40,198 [INFO]   S2 Ep 108/200  loss=2.1716 acc=63.4%  val=79.1%  lr=1.43e-05    12s
2026-03-23 15:26:52,232 [INFO]   S2 Ep 109/200  loss=2.0860 acc=66.2%  val=78.9%  lr=1.40e-05    12s
2026-03-23 15:27:04,050 [INFO]   S2 Ep 110/200  loss=2.1894 acc=63.8%  val=79.2%  lr=1.38e-05    12s
2026-03-23 15:27:16,104 [INFO]   S2 Ep 111/200  loss=2.0525 acc=67.3%  val=79.5%  lr=1.35e-05    12s
2026-03-23 15:27:28,504 [INFO]   S2 Ep 112/200  loss=2.0272 acc=67.6%  val=79.0%  lr=1.33e-05    12s
2026-03-23 15:27:40,703 [INFO]   S2 Ep 113/200  loss=2.1484 acc=64.0%  val=79.2%  lr=1.30e-05    12s
2026-03-23 15:27:53,404 [INFO]   S2 Ep 114/200  loss=2.1709 acc=63.6%  val=79.1%  lr=1.28e-05    13s
2026-03-23 15:28:05,265 [INFO]   S2 Ep 115/200  loss=2.1633 acc=64.2%  val=79.4%  lr=1.25e-05    12s
2026-03-23 15:28:17,649 [INFO]   S2 Ep 116/200  loss=2.1650 acc=64.4%  val=79.4%  lr=1.23e-05    12s
2026-03-23 15:28:30,771 [INFO]   S2 Ep 117/200  loss=2.0614 acc=67.0%  val=79.9%  lr=1.20e-05    13s
2026-03-23 15:28:30,974 [INFO]   ★ best 79.93%
2026-03-23 15:28:43,555 [INFO]   S2 Ep 118/200  loss=2.0654 acc=67.2%  val=79.2%  lr=1.18e-05    13s
2026-03-23 15:28:55,380 [INFO]   S2 Ep 119/200  loss=2.1275 acc=65.1%  val=79.3%  lr=1.16e-05    12s
2026-03-23 15:29:08,250 [INFO]   S2 Ep 120/200  loss=2.2193 acc=62.6%  val=79.9%  lr=1.13e-05    13s
2026-03-23 15:29:20,863 [INFO]   S2 Ep 121/200  loss=2.1294 acc=65.0%  val=79.3%  lr=1.11e-05    13s
2026-03-23 15:29:33,623 [INFO]   S2 Ep 122/200  loss=2.1468 acc=64.5%  val=79.4%  lr=1.08e-05    13s
2026-03-23 15:29:46,352 [INFO]   S2 Ep 123/200  loss=2.1443 acc=64.1%  val=79.7%  lr=1.06e-05    13s
2026-03-23 15:29:58,929 [INFO]   S2 Ep 124/200  loss=2.1324 acc=64.8%  val=79.5%  lr=1.04e-05    13s
2026-03-23 15:30:12,037 [INFO]   S2 Ep 125/200  loss=2.1505 acc=64.9%  val=79.3%  lr=1.01e-05    13s
2026-03-23 15:30:24,098 [INFO]   S2 Ep 126/200  loss=2.1001 acc=66.2%  val=79.7%  lr=9.90e-06    12s
2026-03-23 15:30:36,339 [INFO]   S2 Ep 127/200  loss=2.0140 acc=68.4%  val=79.8%  lr=9.66e-06    12s
2026-03-23 15:30:49,402 [INFO]   S2 Ep 128/200  loss=2.1109 acc=65.5%  val=79.7%  lr=9.43e-06    13s
2026-03-23 15:31:01,536 [INFO]   S2 Ep 129/200  loss=2.1295 acc=64.9%  val=79.3%  lr=9.20e-06    12s
2026-03-23 15:31:13,408 [INFO]   S2 Ep 130/200  loss=2.1184 acc=65.6%  val=79.7%  lr=8.97e-06    12s
2026-03-23 15:31:26,442 [INFO]   S2 Ep 131/200  loss=2.0611 acc=67.1%  val=79.7%  lr=8.75e-06    13s
2026-03-23 15:31:38,895 [INFO]   S2 Ep 132/200  loss=2.1088 acc=65.6%  val=79.5%  lr=8.52e-06    12s
2026-03-23 15:31:51,128 [INFO]   S2 Ep 133/200  loss=2.0901 acc=66.2%  val=79.6%  lr=8.30e-06    12s
2026-03-23 15:32:03,033 [INFO]   S2 Ep 134/200  loss=2.0820 acc=66.1%  val=79.6%  lr=8.08e-06    12s
2026-03-23 15:32:14,918 [INFO]   S2 Ep 135/200  loss=2.1216 acc=65.6%  val=79.7%  lr=7.86e-06    12s
2026-03-23 15:32:27,085 [INFO]   S2 Ep 136/200  loss=2.0735 acc=66.3%  val=79.6%  lr=7.64e-06    12s
2026-03-23 15:32:40,181 [INFO]   S2 Ep 137/200  loss=2.1452 acc=64.7%  val=79.8%  lr=7.43e-06    13s
2026-03-23 15:32:53,015 [INFO]   S2 Ep 138/200  loss=2.1544 acc=64.8%  val=79.8%  lr=7.22e-06    13s
2026-03-23 15:33:05,645 [INFO]   S2 Ep 139/200  loss=2.1259 acc=65.2%  val=79.7%  lr=7.00e-06    13s
2026-03-23 15:33:17,777 [INFO]   S2 Ep 140/200  loss=2.0919 acc=65.7%  val=79.9%  lr=6.80e-06    12s
2026-03-23 15:33:30,143 [INFO]   S2 Ep 141/200  loss=2.0509 acc=67.4%  val=79.7%  lr=6.59e-06    12s
2026-03-23 15:33:43,038 [INFO]   S2 Ep 142/200  loss=2.1606 acc=63.8%  val=79.6%  lr=6.39e-06    13s
