2026-03-20 19:06:46,756 [INFO] GPU: NVIDIA H200
2026-03-20 19:06:46,757 [INFO] Config: {
  "data_dir": "/data/slr/track2_",
  "output_dir": "/data/slr/checkpoints_v38",
  "max_frames": 48,
  "img_size": 512,
  "n_classes": 126,
  "teacher_img_size": 224,
  "teacher_max_frames": 48,
  "channel_means": [
    -64.3217,
    -62.9119,
    -63.9254
  ],
  "channel_stds": [
    12.5721,
    11.662,
    11.7259
  ],
  "n_folds": 5,
  "batch_size": 14,
  "num_workers": 4,
  "stage1_epochs": 5,
  "stage1_lr": 0.0002,
  "stage2_epochs": 80,
  "stage2_lr": 4e-05,
  "swa_epochs": 15,
  "swa_lr": 4e-06,
  "weight_decay": 0.05,
  "warmup_pct": 0.05,
  "label_smoothing": 0.1,
  "early_stopping_patience": 30,
  "grad_clip_norm": 1.0,
  "llrd_decay": 0.75,
  "kd_alpha": 0.5,
  "kd_tau": 4.0,
  "mixup_alpha": 0.4,
  "cutmix_alpha": 1.0,
  "cutmix_prob": 0.5,
  "time_mask_max": 8,
  "range_mask_max": 30,
  "noise_std": 0.1,
  "time_warp_lo": 0.8,
  "time_warp_hi": 1.2,
  "time_reverse_prob": 0.5,
  "channel_shuffle_prob": 0.2,
  "channel_drop_prob": 0.1,
  "random_erase_prob": 0.2,
  "circ_shift_prob": 0.3,
  "circ_shift_max": 8,
  "amp_scale_prob": 0.5,
  "amp_scale_lo": 0.8,
  "amp_scale_hi": 1.2,
  "model_name": "convnextv2_tiny.fcmae_ft_in22k_in1k",
  "drop_path_rate": 0.2,
  "proj_dim": 512,
  "drop_rate": 0.3,
  "ms_dropout_samples": 5,
  "seed": 42
}
2026-03-20 19:06:46,757 [INFO] ★★★ HIGH RESOLUTION: 512×512 ★★★
2026-03-20 19:06:46,832 [INFO] Train: 14742 | Eval: 9828
2026-03-20 19:06:51,465 [INFO] Pre-computing teacher soft labels (at 224×224) …
2026-03-20 19:06:53,351 [INFO]   Loaded 5 teachers
2026-03-20 19:08:09,305 [INFO]   Soft labels: 14742
2026-03-20 19:08:09,306 [INFO] KD α=0.50 τ=4.0 | SWA 15 ep @ lr=4.0e-06 | NO PL | NATIVE RES
2026-03-20 19:08:09,311 [INFO] ================================================================
2026-03-20 19:08:09,311 [INFO] FOLD 1 / 5
2026-03-20 19:08:09,311 [INFO] ================================================================
2026-03-20 19:08:09,312 [INFO]   Train: 11793 | Val: 2949
2026-03-20 19:08:09,531 [INFO] Loading pretrained weights from Hugging Face hub (timm/convnextv2_tiny.fcmae_ft_in22k_in1k)
2026-03-20 19:08:14,739 [INFO] HTTP Request: HEAD https://huggingface.co/timm/convnextv2_tiny.fcmae_ft_in22k_in1k/resolve/main/model.safetensors "HTTP/1.1 302 Found"
2026-03-20 19:08:14,741 [INFO] [timm/convnextv2_tiny.fcmae_ft_in22k_in1k] Safe alternative available for 'pytorch_model.bin' (as 'model.safetensors'). Loading weights using safetensors.
2026-03-20 19:08:14,758 [INFO] Missing keys (head.fc.weight, head.fc.bias) discovered while loading pretrained weights. This is expected if model is being adapted.
2026-03-20 19:08:14,891 [INFO]   Born-again ← best_fold0.pt (val 90.74%)
2026-03-20 19:08:14,892 [INFO] ── Stage 1: head warmup (5 ep) ──
2026-03-20 19:09:15,047 [INFO]   S1 Ep 1/5  loss=0.5595 acc=93.6%  val=86.4%  60s
2026-03-20 19:09:15,194 [INFO]   ★ best 86.44%
2026-03-20 19:09:52,532 [INFO]   S1 Ep 2/5  loss=0.5640 acc=93.8%  val=86.9%  37s
2026-03-20 19:09:52,704 [INFO]   ★ best 86.88%
2026-03-20 19:10:30,318 [INFO]   S1 Ep 3/5  loss=0.5508 acc=94.2%  val=87.0%  38s
2026-03-20 19:10:30,487 [INFO]   ★ best 87.05%
2026-03-20 19:11:07,920 [INFO]   S1 Ep 4/5  loss=0.5396 acc=94.7%  val=87.2%  37s
2026-03-20 19:11:08,079 [INFO]   ★ best 87.22%
2026-03-20 19:11:45,548 [INFO]   S1 Ep 5/5  loss=0.5306 acc=95.0%  val=87.0%  37s
2026-03-20 19:11:45,549 [INFO] ── Stage 2: full fine-tune (80 ep, patience 30) ──
2026-03-20 19:11:45,550 [INFO] LLRD: 12 groups, LR [9.49e-06 … 4.00e-05]
2026-03-20 19:13:54,757 [INFO]   S2 Ep   1/80  loss=1.0832 acc=72.0%  val=89.1%  lr=7.23e-06   129s
2026-03-20 19:13:54,934 [INFO]   ★ best 89.08%
2026-03-20 19:15:59,334 [INFO]   S2 Ep   2/80  loss=1.0643 acc=72.7%  val=88.8%  lr=2.08e-05   124s
2026-03-20 19:18:03,739 [INFO]   S2 Ep   3/80  loss=1.0986 acc=70.7%  val=88.7%  lr=3.44e-05   124s
2026-03-20 19:20:08,235 [INFO]   S2 Ep   4/80  loss=1.0937 acc=71.1%  val=87.6%  lr=4.00e-05   124s
2026-03-20 19:22:12,816 [INFO]   S2 Ep   5/80  loss=1.1001 acc=71.0%  val=87.8%  lr=4.00e-05   125s
2026-03-20 19:24:17,213 [INFO]   S2 Ep   6/80  loss=1.0899 acc=70.7%  val=88.3%  lr=3.99e-05   124s
2026-03-20 19:26:21,566 [INFO]   S2 Ep   7/80  loss=1.0941 acc=71.0%  val=87.7%  lr=3.98e-05   124s
2026-03-20 19:28:26,018 [INFO]   S2 Ep   8/80  loss=1.1063 acc=70.4%  val=88.3%  lr=3.97e-05   124s
2026-03-20 19:30:30,325 [INFO]   S2 Ep   9/80  loss=1.0800 acc=71.5%  val=87.5%  lr=3.96e-05   124s
2026-03-20 19:32:34,688 [INFO]   S2 Ep  10/80  loss=1.0869 acc=71.3%  val=87.8%  lr=3.94e-05   124s
2026-03-20 19:34:39,062 [INFO]   S2 Ep  11/80  loss=1.0938 acc=70.9%  val=88.6%  lr=3.92e-05   124s
2026-03-20 19:36:43,534 [INFO]   S2 Ep  12/80  loss=1.0715 acc=72.1%  val=87.8%  lr=3.89e-05   124s
2026-03-20 19:38:47,961 [INFO]   S2 Ep  13/80  loss=1.0582 acc=72.5%  val=88.1%  lr=3.86e-05   124s
2026-03-20 19:40:52,514 [INFO]   S2 Ep  14/80  loss=1.0906 acc=71.0%  val=87.9%  lr=3.83e-05   125s
2026-03-20 19:42:56,789 [INFO]   S2 Ep  15/80  loss=1.0687 acc=71.9%  val=87.7%  lr=3.80e-05   124s
2026-03-20 19:45:00,888 [INFO]   S2 Ep  16/80  loss=1.0713 acc=71.9%  val=87.5%  lr=3.76e-05   124s
2026-03-20 19:47:05,013 [INFO]   S2 Ep  17/80  loss=1.0736 acc=71.6%  val=88.0%  lr=3.72e-05   124s
2026-03-20 19:49:09,158 [INFO]   S2 Ep  18/80  loss=1.1013 acc=70.4%  val=89.1%  lr=3.67e-05   124s
2026-03-20 19:49:09,340 [INFO]   ★ best 89.11%
2026-03-20 19:51:13,405 [INFO]   S2 Ep  19/80  loss=1.0890 acc=70.9%  val=88.1%  lr=3.63e-05   124s
2026-03-20 19:53:17,457 [INFO]   S2 Ep  20/80  loss=1.0839 acc=71.5%  val=88.9%  lr=3.58e-05   124s
2026-03-20 19:55:21,557 [INFO]   S2 Ep  21/80  loss=1.0672 acc=72.1%  val=88.7%  lr=3.53e-05   124s
2026-03-20 19:57:25,615 [INFO]   S2 Ep  22/80  loss=1.0602 acc=72.2%  val=88.3%  lr=3.47e-05   124s
2026-03-20 19:59:29,766 [INFO]   S2 Ep  23/80  loss=1.0633 acc=71.9%  val=88.4%  lr=3.41e-05   124s
2026-03-20 20:01:33,837 [INFO]   S2 Ep  24/80  loss=1.0448 acc=72.9%  val=89.1%  lr=3.35e-05   124s
2026-03-20 20:03:37,949 [INFO]   S2 Ep  25/80  loss=1.0455 acc=72.8%  val=88.5%  lr=3.29e-05   124s
2026-03-20 20:05:42,118 [INFO]   S2 Ep  26/80  loss=1.0492 acc=72.9%  val=88.8%  lr=3.23e-05   124s
2026-03-20 20:07:46,244 [INFO]   S2 Ep  27/80  loss=1.0484 acc=72.5%  val=88.6%  lr=3.16e-05   124s
2026-03-20 20:09:50,302 [INFO]   S2 Ep  28/80  loss=1.0593 acc=72.2%  val=89.4%  lr=3.09e-05   124s
2026-03-20 20:09:50,483 [INFO]   ★ best 89.35%
2026-03-20 20:11:54,615 [INFO]   S2 Ep  29/80  loss=1.0331 acc=73.6%  val=88.7%  lr=3.02e-05   124s
2026-03-20 20:13:58,665 [INFO]   S2 Ep  30/80  loss=1.0492 acc=72.6%  val=89.4%  lr=2.95e-05   124s
2026-03-20 20:16:02,770 [INFO]   S2 Ep  31/80  loss=1.0394 acc=72.7%  val=88.7%  lr=2.88e-05   124s
2026-03-20 20:18:06,903 [INFO]   S2 Ep  32/80  loss=1.0330 acc=73.5%  val=89.4%  lr=2.80e-05   124s
2026-03-20 20:20:10,905 [INFO]   S2 Ep  33/80  loss=1.0221 acc=73.6%  val=88.9%  lr=2.73e-05   124s
2026-03-20 20:22:14,994 [INFO]   S2 Ep  34/80  loss=1.0195 acc=73.9%  val=89.8%  lr=2.65e-05   124s
2026-03-20 20:22:15,182 [INFO]   ★ best 89.76%
2026-03-20 20:24:19,317 [INFO]   S2 Ep  35/80  loss=1.0434 acc=72.8%  val=89.1%  lr=2.57e-05   124s
2026-03-20 20:26:23,450 [INFO]   S2 Ep  36/80  loss=1.0494 acc=72.4%  val=89.4%  lr=2.49e-05   124s
2026-03-20 20:28:27,548 [INFO]   S2 Ep  37/80  loss=1.0258 acc=73.7%  val=89.1%  lr=2.41e-05   124s
2026-03-20 20:30:31,741 [INFO]   S2 Ep  38/80  loss=1.0296 acc=73.4%  val=88.9%  lr=2.33e-05   124s
2026-03-20 20:32:36,078 [INFO]   S2 Ep  39/80  loss=1.0225 acc=73.5%  val=89.3%  lr=2.25e-05   124s
2026-03-20 20:34:40,288 [INFO]   S2 Ep  40/80  loss=1.0365 acc=72.9%  val=89.6%  lr=2.17e-05   124s
2026-03-20 20:36:44,370 [INFO]   S2 Ep  41/80  loss=1.0366 acc=73.0%  val=89.9%  lr=2.08e-05   124s
2026-03-20 20:36:44,553 [INFO]   ★ best 89.89%
2026-03-20 20:38:48,587 [INFO]   S2 Ep  42/80  loss=1.0316 acc=73.1%  val=89.8%  lr=2.00e-05   124s
2026-03-20 20:40:52,816 [INFO]   S2 Ep  43/80  loss=1.0440 acc=72.4%  val=89.4%  lr=1.92e-05   124s
2026-03-20 20:42:56,959 [INFO]   S2 Ep  44/80  loss=1.0163 acc=73.8%  val=89.8%  lr=1.83e-05   124s
2026-03-20 20:45:01,183 [INFO]   S2 Ep  45/80  loss=1.0175 acc=73.7%  val=90.0%  lr=1.75e-05   124s
2026-03-20 20:45:01,384 [INFO]   ★ best 90.03%
2026-03-20 20:47:05,488 [INFO]   S2 Ep  46/80  loss=1.0177 acc=73.8%  val=89.6%  lr=1.67e-05   124s
2026-03-20 20:49:09,705 [INFO]   S2 Ep  47/80  loss=1.0036 acc=74.2%  val=89.9%  lr=1.59e-05   124s
2026-03-20 20:51:13,895 [INFO]   S2 Ep  48/80  loss=1.0233 acc=73.4%  val=89.6%  lr=1.51e-05   124s
2026-03-20 20:53:18,064 [INFO]   S2 Ep  49/80  loss=1.0024 acc=74.3%  val=89.8%  lr=1.43e-05   124s
2026-03-20 20:55:22,281 [INFO]   S2 Ep  50/80  loss=1.0122 acc=74.0%  val=90.0%  lr=1.35e-05   124s
2026-03-20 20:57:26,310 [INFO]   S2 Ep  51/80  loss=1.0229 acc=73.5%  val=90.2%  lr=1.27e-05   124s
2026-03-20 20:57:26,530 [INFO]   ★ best 90.23%
2026-03-20 20:59:30,678 [INFO]   S2 Ep  52/80  loss=0.9923 acc=74.6%  val=89.8%  lr=1.20e-05   124s
2026-03-20 21:01:34,876 [INFO]   S2 Ep  53/80  loss=1.0101 acc=73.9%  val=90.2%  lr=1.12e-05   124s
2026-03-20 21:03:39,159 [INFO]   S2 Ep  54/80  loss=0.9938 acc=74.5%  val=90.2%  lr=1.05e-05   124s
2026-03-20 21:05:43,229 [INFO]   S2 Ep  55/80  loss=1.0075 acc=73.7%  val=90.1%  lr=9.76e-06   124s
2026-03-20 21:07:47,328 [INFO]   S2 Ep  56/80  loss=0.9879 acc=74.7%  val=90.0%  lr=9.06e-06   124s
2026-03-20 21:09:51,448 [INFO]   S2 Ep  57/80  loss=0.9843 acc=75.6%  val=90.0%  lr=8.38e-06   124s
2026-03-20 21:11:55,440 [INFO]   S2 Ep  58/80  loss=1.0059 acc=73.9%  val=90.0%  lr=7.72e-06   124s
2026-03-20 21:13:59,486 [INFO]   S2 Ep  59/80  loss=1.0016 acc=74.1%  val=90.5%  lr=7.07e-06   124s
2026-03-20 21:13:59,689 [INFO]   ★ best 90.51%
2026-03-20 21:16:03,775 [INFO]   S2 Ep  60/80  loss=1.0177 acc=73.1%  val=90.4%  lr=6.45e-06   124s
2026-03-20 21:18:07,932 [INFO]   S2 Ep  61/80  loss=0.9817 acc=75.1%  val=90.2%  lr=5.86e-06   124s
2026-03-20 21:20:12,088 [INFO]   S2 Ep  62/80  loss=0.9853 acc=75.3%  val=90.3%  lr=5.29e-06   124s
2026-03-20 21:22:16,226 [INFO]   S2 Ep  63/80  loss=0.9820 acc=74.9%  val=90.1%  lr=4.74e-06   124s
2026-03-20 21:24:20,399 [INFO]   S2 Ep  64/80  loss=0.9862 acc=74.8%  val=90.2%  lr=4.22e-06   124s
2026-03-20 21:26:24,488 [INFO]   S2 Ep  65/80  loss=1.0174 acc=73.4%  val=90.1%  lr=3.72e-06   124s
2026-03-20 21:28:28,629 [INFO]   S2 Ep  66/80  loss=0.9990 acc=74.1%  val=90.3%  lr=3.26e-06   124s
2026-03-20 21:30:32,705 [INFO]   S2 Ep  67/80  loss=0.9947 acc=74.3%  val=90.2%  lr=2.82e-06   124s
2026-03-20 21:32:36,805 [INFO]   S2 Ep  68/80  loss=0.9838 acc=74.9%  val=90.3%  lr=2.41e-06   124s
2026-03-20 21:34:41,000 [INFO]   S2 Ep  69/80  loss=0.9823 acc=74.9%  val=90.4%  lr=2.03e-06   124s
2026-03-20 21:36:45,205 [INFO]   S2 Ep  70/80  loss=0.9852 acc=74.8%  val=90.3%  lr=1.69e-06   124s
2026-03-20 21:38:49,281 [INFO]   S2 Ep  71/80  loss=1.0027 acc=73.7%  val=90.1%  lr=1.37e-06   124s
2026-03-20 21:40:53,444 [INFO]   S2 Ep  72/80  loss=0.9795 acc=74.9%  val=90.2%  lr=1.08e-06   124s
2026-03-20 21:42:57,646 [INFO]   S2 Ep  73/80  loss=0.9759 acc=75.8%  val=90.2%  lr=8.33e-07   124s
2026-03-20 21:45:01,730 [INFO]   S2 Ep  74/80  loss=0.9867 acc=74.2%  val=90.2%  lr=6.13e-07   124s
2026-03-20 21:47:05,867 [INFO]   S2 Ep  75/80  loss=0.9729 acc=75.6%  val=90.3%  lr=4.27e-07   124s
2026-03-20 21:49:10,012 [INFO]   S2 Ep  76/80  loss=0.9837 acc=74.9%  val=90.4%  lr=2.74e-07   124s
2026-03-20 21:51:14,139 [INFO]   S2 Ep  77/80  loss=0.9877 acc=74.6%  val=90.4%  lr=1.55e-07   124s
2026-03-20 21:53:18,227 [INFO]   S2 Ep  78/80  loss=0.9665 acc=75.5%  val=90.4%  lr=6.98e-08   124s
2026-03-20 21:55:22,414 [INFO]   S2 Ep  79/80  loss=0.9969 acc=74.3%  val=90.4%  lr=1.86e-08   124s
2026-03-20 21:57:26,636 [INFO]   S2 Ep  80/80  loss=0.9937 acc=73.7%  val=90.4%  lr=1.60e-09   124s
2026-03-20 21:57:26,636 [INFO] ── Stage 3: SWA (15 ep, lr=4.0e-06) ──
2026-03-20 21:59:30,804 [INFO]   SWA Ep  1/15  loss=0.9949  swa_val=90.2%  124s
2026-03-20 22:01:34,806 [INFO]   SWA Ep  2/15  loss=1.0076  swa_val=90.5%  124s
2026-03-20 22:03:38,868 [INFO]   SWA Ep  3/15  loss=1.0034  swa_val=90.6%  124s
2026-03-20 22:05:42,896 [INFO]   SWA Ep  4/15  loss=0.9920  swa_val=90.4%  124s
2026-03-20 22:07:46,883 [INFO]   SWA Ep  5/15  loss=1.0002  swa_val=90.6%  124s
2026-03-20 22:09:50,970 [INFO]   SWA Ep  6/15  loss=0.9789  swa_val=90.4%  124s
2026-03-20 22:11:55,049 [INFO]   SWA Ep  7/15  loss=1.0047  swa_val=90.4%  124s
2026-03-20 22:13:59,047 [INFO]   SWA Ep  8/15  loss=0.9980  swa_val=90.6%  124s
2026-03-20 22:16:03,142 [INFO]   SWA Ep  9/15  loss=1.0006  swa_val=90.5%  124s
2026-03-20 22:18:07,088 [INFO]   SWA Ep 10/15  loss=0.9886  swa_val=90.5%  124s
2026-03-20 22:20:11,175 [INFO]   SWA Ep 11/15  loss=0.9790  swa_val=90.6%  124s
2026-03-20 22:22:15,155 [INFO]   SWA Ep 12/15  loss=0.9879  swa_val=90.5%  124s
2026-03-20 22:24:19,167 [INFO]   SWA Ep 13/15  loss=1.0033  swa_val=90.6%  124s
2026-03-20 22:26:23,224 [INFO]   SWA Ep 14/15  loss=0.9998  swa_val=90.5%  124s
2026-03-20 22:28:27,209 [INFO]   SWA Ep 15/15  loss=0.9993  swa_val=90.6%  124s
2026-03-20 22:28:27,209 [INFO]   Updating BN stats for SWA model …
2026-03-20 22:28:33,997 [INFO]   SWA final: 90.61% (regular best: 90.51%)
2026-03-20 22:28:34,201 [INFO]   ★ SWA beats regular! 90.61%
2026-03-20 22:28:34,201 [INFO]   Fold 1 best: 90.61%
2026-03-20 22:28:36,027 [INFO] ================================================================
2026-03-20 22:28:36,027 [INFO] FOLD 2 / 5
2026-03-20 22:28:36,027 [INFO] ================================================================
2026-03-20 22:28:36,029 [INFO]   Train: 11793 | Val: 2949
2026-03-20 22:28:36,249 [INFO] Loading pretrained weights from Hugging Face hub (timm/convnextv2_tiny.fcmae_ft_in22k_in1k)
2026-03-20 22:28:36,448 [INFO] HTTP Request: HEAD https://huggingface.co/timm/convnextv2_tiny.fcmae_ft_in22k_in1k/resolve/main/model.safetensors "HTTP/1.1 302 Found"
2026-03-20 22:28:36,450 [INFO] [timm/convnextv2_tiny.fcmae_ft_in22k_in1k] Safe alternative available for 'pytorch_model.bin' (as 'model.safetensors'). Loading weights using safetensors.
2026-03-20 22:28:36,472 [INFO] Missing keys (head.fc.weight, head.fc.bias) discovered while loading pretrained weights. This is expected if model is being adapted.
2026-03-20 22:28:36,591 [INFO]   Born-again ← best_fold1.pt (val 89.86%)
2026-03-20 22:28:36,592 [INFO] ── Stage 1: head warmup (5 ep) ──
2026-03-20 22:29:17,581 [INFO]   S1 Ep 1/5  loss=0.5585 acc=93.6%  val=85.0%  41s
2026-03-20 22:29:17,697 [INFO]   ★ best 84.98%
2026-03-20 22:29:54,919 [INFO]   S1 Ep 2/5  loss=0.5580 acc=94.4%  val=85.7%  37s
2026-03-20 22:29:55,078 [INFO]   ★ best 85.72%
2026-03-20 22:30:32,337 [INFO]   S1 Ep 3/5  loss=0.5487 acc=94.8%  val=85.9%  37s
2026-03-20 22:30:32,498 [INFO]   ★ best 85.89%
2026-03-20 22:31:09,710 [INFO]   S1 Ep 4/5  loss=0.5385 acc=95.0%  val=86.0%  37s
2026-03-20 22:31:09,872 [INFO]   ★ best 86.03%
2026-03-20 22:31:47,119 [INFO]   S1 Ep 5/5  loss=0.5304 acc=95.2%  val=86.1%  37s
2026-03-20 22:31:47,277 [INFO]   ★ best 86.10%
2026-03-20 22:31:47,278 [INFO] ── Stage 2: full fine-tune (80 ep, patience 30) ──
2026-03-20 22:31:47,279 [INFO] LLRD: 12 groups, LR [9.49e-06 … 4.00e-05]
2026-03-20 22:33:51,331 [INFO]   S2 Ep   1/80  loss=1.0780 acc=71.8%  val=88.6%  lr=7.23e-06   124s
2026-03-20 22:33:51,497 [INFO]   ★ best 88.61%
2026-03-20 22:35:55,575 [INFO]   S2 Ep   2/80  loss=1.0493 acc=73.2%  val=88.4%  lr=2.08e-05   124s
2026-03-20 22:37:59,607 [INFO]   S2 Ep   3/80  loss=1.0548 acc=72.8%  val=88.2%  lr=3.44e-05   124s
2026-03-20 22:40:03,576 [INFO]   S2 Ep   4/80  loss=1.1063 acc=70.5%  val=87.6%  lr=4.00e-05   124s
2026-03-20 22:42:07,618 [INFO]   S2 Ep   5/80  loss=1.0998 acc=70.9%  val=87.2%  lr=4.00e-05   124s
2026-03-20 22:44:11,598 [INFO]   S2 Ep   6/80  loss=1.0900 acc=71.2%  val=87.7%  lr=3.99e-05   124s
2026-03-20 22:46:15,670 [INFO]   S2 Ep   7/80  loss=1.0949 acc=71.1%  val=87.6%  lr=3.98e-05   124s
2026-03-20 22:48:19,684 [INFO]   S2 Ep   8/80  loss=1.0722 acc=72.4%  val=87.5%  lr=3.97e-05   124s
2026-03-20 22:50:23,611 [INFO]   S2 Ep   9/80  loss=1.0791 acc=71.2%  val=86.5%  lr=3.96e-05   124s
2026-03-20 22:52:27,575 [INFO]   S2 Ep  10/80  loss=1.1037 acc=70.4%  val=86.8%  lr=3.94e-05   124s
2026-03-20 22:54:31,596 [INFO]   S2 Ep  11/80  loss=1.0731 acc=71.8%  val=87.3%  lr=3.92e-05   124s
2026-03-20 22:56:35,635 [INFO]   S2 Ep  12/80  loss=1.1002 acc=70.6%  val=87.6%  lr=3.89e-05   124s
2026-03-20 22:58:39,820 [INFO]   S2 Ep  13/80  loss=1.0806 acc=71.7%  val=87.5%  lr=3.86e-05   124s
2026-03-20 23:00:43,743 [INFO]   S2 Ep  14/80  loss=1.0833 acc=71.2%  val=87.7%  lr=3.83e-05   124s
2026-03-20 23:02:47,688 [INFO]   S2 Ep  15/80  loss=1.0710 acc=72.0%  val=86.9%  lr=3.80e-05   124s
2026-03-20 23:04:51,741 [INFO]   S2 Ep  16/80  loss=1.0748 acc=71.8%  val=87.2%  lr=3.76e-05   124s
2026-03-20 23:06:55,757 [INFO]   S2 Ep  17/80  loss=1.0587 acc=72.7%  val=87.2%  lr=3.72e-05   124s
2026-03-20 23:08:59,744 [INFO]   S2 Ep  18/80  loss=1.0677 acc=71.7%  val=87.7%  lr=3.67e-05   124s
2026-03-20 23:11:03,695 [INFO]   S2 Ep  19/80  loss=1.0765 acc=72.2%  val=87.6%  lr=3.63e-05   124s
2026-03-20 23:13:07,748 [INFO]   S2 Ep  20/80  loss=1.0603 acc=72.1%  val=87.6%  lr=3.58e-05   124s
2026-03-20 23:15:11,862 [INFO]   S2 Ep  21/80  loss=1.0503 acc=73.0%  val=88.2%  lr=3.53e-05   124s
2026-03-20 23:17:15,947 [INFO]   S2 Ep  22/80  loss=1.0624 acc=72.2%  val=87.7%  lr=3.47e-05   124s
2026-03-20 23:19:20,063 [INFO]   S2 Ep  23/80  loss=1.0355 acc=73.6%  val=87.8%  lr=3.41e-05   124s
2026-03-20 23:21:24,104 [INFO]   S2 Ep  24/80  loss=1.0250 acc=74.2%  val=87.7%  lr=3.35e-05   124s
2026-03-20 23:23:28,139 [INFO]   S2 Ep  25/80  loss=1.0441 acc=73.1%  val=87.2%  lr=3.29e-05   124s
2026-03-20 23:25:32,110 [INFO]   S2 Ep  26/80  loss=1.0500 acc=73.0%  val=87.5%  lr=3.23e-05   124s
2026-03-20 23:27:36,150 [INFO]   S2 Ep  27/80  loss=1.0594 acc=72.4%  val=87.8%  lr=3.16e-05   124s
2026-03-20 23:29:40,148 [INFO]   S2 Ep  28/80  loss=1.0545 acc=72.8%  val=87.7%  lr=3.09e-05   124s
2026-03-20 23:31:44,026 [INFO]   S2 Ep  29/80  loss=1.0640 acc=71.9%  val=88.4%  lr=3.02e-05   124s
2026-03-20 23:33:48,069 [INFO]   S2 Ep  30/80  loss=1.0479 acc=72.7%  val=88.3%  lr=2.95e-05   124s
2026-03-20 23:35:52,105 [INFO]   S2 Ep  31/80  loss=1.0458 acc=72.7%  val=87.9%  lr=2.88e-05   124s
2026-03-20 23:35:52,105 [INFO]   Early stop at ep 31
2026-03-20 23:35:52,106 [INFO] ── Stage 3: SWA (15 ep, lr=4.0e-06) ──
2026-03-20 23:37:56,021 [INFO]   SWA Ep  1/15  loss=1.0794  swa_val=89.0%  124s
2026-03-20 23:40:00,038 [INFO]   SWA Ep  2/15  loss=1.0573  swa_val=89.2%  124s
2026-03-20 23:42:03,961 [INFO]   SWA Ep  3/15  loss=1.0506  swa_val=89.4%  124s
2026-03-20 23:44:07,781 [INFO]   SWA Ep  4/15  loss=1.0334  swa_val=89.2%  124s
2026-03-20 23:46:11,623 [INFO]   SWA Ep  5/15  loss=1.0309  swa_val=89.3%  124s
2026-03-20 23:48:15,561 [INFO]   SWA Ep  6/15  loss=1.0537  swa_val=89.4%  124s
2026-03-20 23:50:19,395 [INFO]   SWA Ep  7/15  loss=1.0576  swa_val=89.4%  124s
2026-03-20 23:52:23,316 [INFO]   SWA Ep  8/15  loss=1.0612  swa_val=89.5%  124s
2026-03-20 23:54:27,274 [INFO]   SWA Ep  9/15  loss=1.0276  swa_val=89.6%  124s
2026-03-20 23:56:31,156 [INFO]   SWA Ep 10/15  loss=1.0234  swa_val=89.6%  124s
2026-03-20 23:58:35,022 [INFO]   SWA Ep 11/15  loss=1.0459  swa_val=89.6%  124s
2026-03-21 00:00:38,984 [INFO]   SWA Ep 12/15  loss=1.0441  swa_val=89.5%  124s
2026-03-21 00:02:42,909 [INFO]   SWA Ep 13/15  loss=1.0359  swa_val=89.5%  124s
2026-03-21 00:04:46,761 [INFO]   SWA Ep 14/15  loss=1.0324  swa_val=89.6%  124s
2026-03-21 00:06:50,629 [INFO]   SWA Ep 15/15  loss=1.0274  swa_val=89.6%  124s
2026-03-21 00:06:50,629 [INFO]   Updating BN stats for SWA model …
2026-03-21 00:06:57,357 [INFO]   SWA final: 89.56% (regular best: 88.61%)
2026-03-21 00:06:57,537 [INFO]   ★ SWA beats regular! 89.56%
2026-03-21 00:06:57,538 [INFO]   Fold 2 best: 89.56%
2026-03-21 00:06:59,104 [INFO] ================================================================
2026-03-21 00:06:59,104 [INFO] FOLD 3 / 5
2026-03-21 00:06:59,104 [INFO] ================================================================
2026-03-21 00:06:59,106 [INFO]   Train: 11794 | Val: 2948
2026-03-21 00:06:59,319 [INFO] Loading pretrained weights from Hugging Face hub (timm/convnextv2_tiny.fcmae_ft_in22k_in1k)
2026-03-21 00:06:59,613 [INFO] HTTP Request: HEAD https://huggingface.co/timm/convnextv2_tiny.fcmae_ft_in22k_in1k/resolve/main/model.safetensors "HTTP/1.1 302 Found"
2026-03-21 00:06:59,614 [INFO] [timm/convnextv2_tiny.fcmae_ft_in22k_in1k] Safe alternative available for 'pytorch_model.bin' (as 'model.safetensors'). Loading weights using safetensors.
2026-03-21 00:06:59,633 [INFO] Missing keys (head.fc.weight, head.fc.bias) discovered while loading pretrained weights. This is expected if model is being adapted.
2026-03-21 00:06:59,748 [INFO]   Born-again ← best_fold2.pt (val 90.60%)
2026-03-21 00:06:59,749 [INFO] ── Stage 1: head warmup (5 ep) ──
2026-03-21 00:07:45,588 [INFO]   S1 Ep 1/5  loss=0.5482 acc=94.0%  val=86.4%  46s
2026-03-21 00:07:45,720 [INFO]   ★ best 86.40%
2026-03-21 00:08:23,253 [INFO]   S1 Ep 2/5  loss=0.5559 acc=94.0%  val=86.9%  38s
2026-03-21 00:08:23,415 [INFO]   ★ best 86.91%
2026-03-21 00:09:00,759 [INFO]   S1 Ep 3/5  loss=0.5442 acc=94.5%  val=86.7%  37s
2026-03-21 00:09:38,124 [INFO]   S1 Ep 4/5  loss=0.5397 acc=94.7%  val=87.0%  37s
2026-03-21 00:09:38,288 [INFO]   ★ best 86.97%
2026-03-21 00:10:15,569 [INFO]   S1 Ep 5/5  loss=0.5213 acc=95.5%  val=87.0%  37s
2026-03-21 00:10:15,724 [INFO]   ★ best 87.04%
2026-03-21 00:10:15,724 [INFO] ── Stage 2: full fine-tune (80 ep, patience 30) ──
2026-03-21 00:10:15,725 [INFO] LLRD: 12 groups, LR [9.49e-06 … 4.00e-05]
2026-03-21 00:12:19,987 [INFO]   S2 Ep   1/80  loss=1.0881 acc=71.7%  val=89.8%  lr=7.23e-06   124s
2026-03-21 00:12:20,158 [INFO]   ★ best 89.76%
2026-03-21 00:14:24,430 [INFO]   S2 Ep   2/80  loss=1.0589 acc=73.2%  val=88.8%  lr=2.08e-05   124s
2026-03-21 00:16:28,758 [INFO]   S2 Ep   3/80  loss=1.0646 acc=72.4%  val=88.4%  lr=3.44e-05   124s
2026-03-21 00:18:33,049 [INFO]   S2 Ep   4/80  loss=1.0709 acc=71.9%  val=87.9%  lr=4.00e-05   124s
2026-03-21 00:20:37,271 [INFO]   S2 Ep   5/80  loss=1.1078 acc=70.3%  val=88.4%  lr=4.00e-05   124s
2026-03-21 00:22:41,538 [INFO]   S2 Ep   6/80  loss=1.0934 acc=70.8%  val=88.8%  lr=3.99e-05   124s
2026-03-21 00:24:45,847 [INFO]   S2 Ep   7/80  loss=1.0923 acc=70.9%  val=88.4%  lr=3.98e-05   124s
2026-03-21 00:26:50,183 [INFO]   S2 Ep   8/80  loss=1.0968 acc=70.7%  val=88.1%  lr=3.97e-05   124s
2026-03-21 00:28:54,552 [INFO]   S2 Ep   9/80  loss=1.0912 acc=71.1%  val=88.0%  lr=3.96e-05   124s
2026-03-21 00:30:58,795 [INFO]   S2 Ep  10/80  loss=1.0814 acc=71.8%  val=88.2%  lr=3.94e-05   124s
2026-03-21 00:33:03,204 [INFO]   S2 Ep  11/80  loss=1.0882 acc=71.1%  val=88.5%  lr=3.92e-05   124s
2026-03-21 00:35:07,445 [INFO]   S2 Ep  12/80  loss=1.0500 acc=73.2%  val=87.9%  lr=3.89e-05   124s
2026-03-21 00:37:11,743 [INFO]   S2 Ep  13/80  loss=1.0730 acc=72.1%  val=88.1%  lr=3.86e-05   124s
2026-03-21 00:39:15,968 [INFO]   S2 Ep  14/80  loss=1.0840 acc=71.5%  val=88.2%  lr=3.83e-05   124s
2026-03-21 00:41:20,237 [INFO]   S2 Ep  15/80  loss=1.0679 acc=72.2%  val=88.6%  lr=3.80e-05   124s
2026-03-21 00:43:24,503 [INFO]   S2 Ep  16/80  loss=1.0755 acc=71.4%  val=88.5%  lr=3.76e-05   124s
2026-03-21 00:45:28,824 [INFO]   S2 Ep  17/80  loss=1.0721 acc=71.9%  val=88.4%  lr=3.72e-05   124s
2026-03-21 00:47:33,157 [INFO]   S2 Ep  18/80  loss=1.0636 acc=71.9%  val=88.4%  lr=3.67e-05   124s
2026-03-21 00:49:37,452 [INFO]   S2 Ep  19/80  loss=1.0668 acc=71.9%  val=88.2%  lr=3.63e-05   124s
2026-03-21 00:51:41,742 [INFO]   S2 Ep  20/80  loss=1.0534 acc=72.3%  val=87.9%  lr=3.58e-05   124s
2026-03-21 00:53:46,071 [INFO]   S2 Ep  21/80  loss=1.0518 acc=72.5%  val=88.8%  lr=3.53e-05   124s
2026-03-21 00:55:50,430 [INFO]   S2 Ep  22/80  loss=1.0742 acc=71.5%  val=88.6%  lr=3.47e-05   124s
2026-03-21 00:57:54,779 [INFO]   S2 Ep  23/80  loss=1.0637 acc=72.2%  val=88.7%  lr=3.41e-05   124s
2026-03-21 00:59:59,200 [INFO]   S2 Ep  24/80  loss=1.0750 acc=71.7%  val=89.1%  lr=3.35e-05   124s
2026-03-21 01:02:03,531 [INFO]   S2 Ep  25/80  loss=1.0663 acc=71.9%  val=88.7%  lr=3.29e-05   124s
2026-03-21 01:04:07,835 [INFO]   S2 Ep  26/80  loss=1.0444 acc=73.2%  val=88.9%  lr=3.23e-05   124s
2026-03-21 01:06:12,141 [INFO]   S2 Ep  27/80  loss=1.0368 acc=73.3%  val=89.5%  lr=3.16e-05   124s
2026-03-21 01:08:16,452 [INFO]   S2 Ep  28/80  loss=1.0547 acc=72.5%  val=88.4%  lr=3.09e-05   124s
2026-03-21 01:10:20,867 [INFO]   S2 Ep  29/80  loss=1.0356 acc=73.5%  val=89.5%  lr=3.02e-05   124s
2026-03-21 01:12:25,155 [INFO]   S2 Ep  30/80  loss=1.0154 acc=74.0%  val=89.6%  lr=2.95e-05   124s
2026-03-21 01:14:29,453 [INFO]   S2 Ep  31/80  loss=1.0641 acc=71.7%  val=89.3%  lr=2.88e-05   124s
2026-03-21 01:14:29,453 [INFO]   Early stop at ep 31
2026-03-21 01:14:29,454 [INFO] ── Stage 3: SWA (15 ep, lr=4.0e-06) ──
2026-03-21 01:16:33,979 [INFO]   SWA Ep  1/15  loss=1.0651  swa_val=89.8%  124s
2026-03-21 01:18:38,171 [INFO]   SWA Ep  2/15  loss=1.0639  swa_val=89.7%  124s
2026-03-21 01:20:42,448 [INFO]   SWA Ep  3/15  loss=1.0632  swa_val=89.8%  124s
2026-03-21 01:22:46,639 [INFO]   SWA Ep  4/15  loss=1.0322  swa_val=90.0%  124s
2026-03-21 01:24:50,871 [INFO]   SWA Ep  5/15  loss=1.0355  swa_val=89.8%  124s
2026-03-21 01:26:55,018 [INFO]   SWA Ep  6/15  loss=1.0468  swa_val=90.0%  124s
2026-03-21 01:28:59,205 [INFO]   SWA Ep  7/15  loss=1.0490  swa_val=90.0%  124s
2026-03-21 01:31:03,369 [INFO]   SWA Ep  8/15  loss=1.0408  swa_val=89.9%  124s
2026-03-21 01:33:07,592 [INFO]   SWA Ep  9/15  loss=1.0423  swa_val=89.9%  124s
2026-03-21 01:35:11,740 [INFO]   SWA Ep 10/15  loss=1.0495  swa_val=89.8%  124s
2026-03-21 01:37:15,998 [INFO]   SWA Ep 11/15  loss=1.0582  swa_val=89.9%  124s
2026-03-21 01:39:20,194 [INFO]   SWA Ep 12/15  loss=1.0324  swa_val=89.8%  124s
2026-03-21 01:41:24,381 [INFO]   SWA Ep 13/15  loss=1.0527  swa_val=89.9%  124s
2026-03-21 01:43:28,636 [INFO]   SWA Ep 14/15  loss=1.0403  swa_val=89.9%  124s
2026-03-21 01:45:32,816 [INFO]   SWA Ep 15/15  loss=1.0589  swa_val=89.9%  124s
2026-03-21 01:45:32,816 [INFO]   Updating BN stats for SWA model …
2026-03-21 01:45:39,606 [INFO]   SWA final: 89.86% (regular best: 89.76%)
2026-03-21 01:45:39,768 [INFO]   ★ SWA beats regular! 89.86%
2026-03-21 01:45:39,769 [INFO]   Fold 3 best: 89.86%
2026-03-21 01:45:41,531 [INFO] ================================================================
2026-03-21 01:45:41,532 [INFO] FOLD 4 / 5
2026-03-21 01:45:41,532 [INFO] ================================================================
2026-03-21 01:45:41,534 [INFO]   Train: 11794 | Val: 2948
2026-03-21 01:45:41,743 [INFO] Loading pretrained weights from Hugging Face hub (timm/convnextv2_tiny.fcmae_ft_in22k_in1k)
2026-03-21 01:45:41,800 [INFO] HTTP Request: HEAD https://huggingface.co/timm/convnextv2_tiny.fcmae_ft_in22k_in1k/resolve/main/model.safetensors "HTTP/1.1 302 Found"
2026-03-21 01:45:41,802 [INFO] [timm/convnextv2_tiny.fcmae_ft_in22k_in1k] Safe alternative available for 'pytorch_model.bin' (as 'model.safetensors'). Loading weights using safetensors.
2026-03-21 01:45:41,818 [INFO] Missing keys (head.fc.weight, head.fc.bias) discovered while loading pretrained weights. This is expected if model is being adapted.
2026-03-21 01:45:41,924 [INFO]   Born-again ← best_fold3.pt (val 90.47%)
2026-03-21 01:45:41,925 [INFO] ── Stage 1: head warmup (5 ep) ──
2026-03-21 01:46:22,683 [INFO]   S1 Ep 1/5  loss=0.5536 acc=93.7%  val=85.2%  41s
2026-03-21 01:46:22,811 [INFO]   ★ best 85.24%
2026-03-21 01:47:00,594 [INFO]   S1 Ep 2/5  loss=0.5467 acc=94.5%  val=86.0%  38s
2026-03-21 01:47:00,748 [INFO]   ★ best 85.99%
2026-03-21 01:47:38,410 [INFO]   S1 Ep 3/5  loss=0.5517 acc=94.4%  val=86.1%  38s
2026-03-21 01:47:38,585 [INFO]   ★ best 86.13%
2026-03-21 01:48:16,229 [INFO]   S1 Ep 4/5  loss=0.5365 acc=94.8%  val=86.1%  38s
2026-03-21 01:48:53,719 [INFO]   S1 Ep 5/5  loss=0.5267 acc=95.1%  val=86.2%  37s
2026-03-21 01:48:53,881 [INFO]   ★ best 86.16%
2026-03-21 01:48:53,882 [INFO] ── Stage 2: full fine-tune (80 ep, patience 30) ──
2026-03-21 01:48:53,882 [INFO] LLRD: 12 groups, LR [9.49e-06 … 4.00e-05]
2026-03-21 01:50:58,298 [INFO]   S2 Ep   1/80  loss=1.0756 acc=72.4%  val=88.8%  lr=7.23e-06   124s
2026-03-21 01:50:58,465 [INFO]   ★ best 88.77%
2026-03-21 01:53:02,886 [INFO]   S2 Ep   2/80  loss=1.0544 acc=73.1%  val=89.1%  lr=2.08e-05   124s
2026-03-21 01:53:03,040 [INFO]   ★ best 89.15%
2026-03-21 01:55:07,449 [INFO]   S2 Ep   3/80  loss=1.0593 acc=72.4%  val=88.0%  lr=3.44e-05   124s
2026-03-21 01:57:11,989 [INFO]   S2 Ep   4/80  loss=1.0894 acc=71.3%  val=87.9%  lr=4.00e-05   125s
2026-03-21 01:59:16,547 [INFO]   S2 Ep   5/80  loss=1.0706 acc=72.1%  val=87.9%  lr=4.00e-05   125s
2026-03-21 02:01:21,100 [INFO]   S2 Ep   6/80  loss=1.0972 acc=70.7%  val=88.3%  lr=3.99e-05   125s
2026-03-21 02:03:25,620 [INFO]   S2 Ep   7/80  loss=1.0879 acc=71.6%  val=88.7%  lr=3.98e-05   125s
2026-03-21 02:05:30,127 [INFO]   S2 Ep   8/80  loss=1.1065 acc=70.1%  val=87.8%  lr=3.97e-05   125s
2026-03-21 02:07:34,678 [INFO]   S2 Ep   9/80  loss=1.0659 acc=72.3%  val=88.4%  lr=3.96e-05   125s
2026-03-21 02:09:39,119 [INFO]   S2 Ep  10/80  loss=1.0525 acc=73.0%  val=87.7%  lr=3.94e-05   124s
2026-03-21 02:11:43,551 [INFO]   S2 Ep  11/80  loss=1.0874 acc=71.3%  val=88.1%  lr=3.92e-05   124s
2026-03-21 02:13:48,009 [INFO]   S2 Ep  12/80  loss=1.0968 acc=70.9%  val=87.3%  lr=3.89e-05   124s
2026-03-21 02:15:52,488 [INFO]   S2 Ep  13/80  loss=1.0742 acc=71.6%  val=88.5%  lr=3.86e-05   124s
2026-03-21 02:17:56,919 [INFO]   S2 Ep  14/80  loss=1.0742 acc=71.7%  val=88.2%  lr=3.83e-05   124s
2026-03-21 02:20:01,368 [INFO]   S2 Ep  15/80  loss=1.0974 acc=70.7%  val=88.6%  lr=3.80e-05   124s
2026-03-21 02:22:05,813 [INFO]   S2 Ep  16/80  loss=1.0777 acc=71.3%  val=88.2%  lr=3.76e-05   124s
2026-03-21 02:24:10,356 [INFO]   S2 Ep  17/80  loss=1.1022 acc=70.6%  val=87.9%  lr=3.72e-05   125s
2026-03-21 02:26:14,873 [INFO]   S2 Ep  18/80  loss=1.0530 acc=73.0%  val=88.2%  lr=3.67e-05   125s
2026-03-21 02:28:19,286 [INFO]   S2 Ep  19/80  loss=1.0704 acc=71.5%  val=88.2%  lr=3.63e-05   124s
2026-03-21 02:30:23,780 [INFO]   S2 Ep  20/80  loss=1.0585 acc=72.3%  val=88.2%  lr=3.58e-05   124s
2026-03-21 02:32:28,127 [INFO]   S2 Ep  21/80  loss=1.0643 acc=71.9%  val=88.1%  lr=3.53e-05   124s
2026-03-21 02:34:32,530 [INFO]   S2 Ep  22/80  loss=1.0543 acc=72.8%  val=87.7%  lr=3.47e-05   124s
2026-03-21 02:36:36,986 [INFO]   S2 Ep  23/80  loss=1.0720 acc=71.5%  val=88.7%  lr=3.41e-05   124s
2026-03-21 02:38:41,436 [INFO]   S2 Ep  24/80  loss=1.0577 acc=72.7%  val=88.5%  lr=3.35e-05   124s
2026-03-21 02:40:45,879 [INFO]   S2 Ep  25/80  loss=1.0229 acc=73.8%  val=88.4%  lr=3.29e-05   124s
2026-03-21 02:42:50,354 [INFO]   S2 Ep  26/80  loss=1.0508 acc=72.8%  val=88.5%  lr=3.23e-05   124s
2026-03-21 02:44:54,877 [INFO]   S2 Ep  27/80  loss=1.0586 acc=72.3%  val=88.4%  lr=3.16e-05   125s
2026-03-21 02:46:59,317 [INFO]   S2 Ep  28/80  loss=1.0407 acc=73.1%  val=88.8%  lr=3.09e-05   124s
2026-03-21 02:49:03,740 [INFO]   S2 Ep  29/80  loss=1.0370 acc=73.2%  val=88.8%  lr=3.02e-05   124s
2026-03-21 02:51:08,165 [INFO]   S2 Ep  30/80  loss=1.0112 acc=74.5%  val=89.1%  lr=2.95e-05   124s
2026-03-21 02:53:12,508 [INFO]   S2 Ep  31/80  loss=1.0182 acc=73.9%  val=89.0%  lr=2.88e-05   124s
2026-03-21 02:55:16,885 [INFO]   S2 Ep  32/80  loss=1.0378 acc=73.2%  val=89.0%  lr=2.80e-05   124s
2026-03-21 02:55:16,885 [INFO]   Early stop at ep 32
2026-03-21 02:55:16,887 [INFO] ── Stage 3: SWA (15 ep, lr=4.0e-06) ──
2026-03-21 02:57:21,329 [INFO]   SWA Ep  1/15  loss=1.0641  swa_val=89.2%  124s
2026-03-21 02:59:25,669 [INFO]   SWA Ep  2/15  loss=1.0480  swa_val=89.4%  124s
2026-03-21 03:01:30,013 [INFO]   SWA Ep  3/15  loss=1.0231  swa_val=89.5%  124s
2026-03-21 03:03:34,417 [INFO]   SWA Ep  4/15  loss=1.0423  swa_val=89.4%  124s
2026-03-21 03:05:38,712 [INFO]   SWA Ep  5/15  loss=1.0273  swa_val=89.6%  124s
2026-03-21 03:07:43,063 [INFO]   SWA Ep  6/15  loss=1.0641  swa_val=89.5%  124s
2026-03-21 03:09:47,426 [INFO]   SWA Ep  7/15  loss=1.0513  swa_val=89.5%  124s
2026-03-21 03:11:51,809 [INFO]   SWA Ep  8/15  loss=1.0541  swa_val=89.5%  124s
2026-03-21 03:13:56,114 [INFO]   SWA Ep  9/15  loss=1.0186  swa_val=89.5%  124s
2026-03-21 03:16:00,488 [INFO]   SWA Ep 10/15  loss=1.0251  swa_val=89.5%  124s
2026-03-21 03:18:04,861 [INFO]   SWA Ep 11/15  loss=1.0331  swa_val=89.6%  124s
2026-03-21 03:20:09,148 [INFO]   SWA Ep 12/15  loss=1.0539  swa_val=89.6%  124s
2026-03-21 03:22:13,522 [INFO]   SWA Ep 13/15  loss=1.0425  swa_val=89.6%  124s
2026-03-21 03:24:17,929 [INFO]   SWA Ep 14/15  loss=1.0233  swa_val=89.6%  124s
2026-03-21 03:26:22,281 [INFO]   SWA Ep 15/15  loss=1.0147  swa_val=89.6%  124s
2026-03-21 03:26:22,281 [INFO]   Updating BN stats for SWA model …
2026-03-21 03:26:29,182 [INFO]   SWA final: 89.59% (regular best: 89.15%)
2026-03-21 03:26:29,358 [INFO]   ★ SWA beats regular! 89.59%
2026-03-21 03:26:29,358 [INFO]   Fold 4 best: 89.59%
2026-03-21 03:26:30,893 [INFO] ================================================================
2026-03-21 03:26:30,893 [INFO] FOLD 5 / 5
2026-03-21 03:26:30,893 [INFO] ================================================================
2026-03-21 03:26:30,896 [INFO]   Train: 11794 | Val: 2948
2026-03-21 03:26:31,135 [INFO] Loading pretrained weights from Hugging Face hub (timm/convnextv2_tiny.fcmae_ft_in22k_in1k)
2026-03-21 03:26:31,380 [INFO] HTTP Request: HEAD https://huggingface.co/timm/convnextv2_tiny.fcmae_ft_in22k_in1k/resolve/main/model.safetensors "HTTP/1.1 302 Found"
2026-03-21 03:26:31,381 [INFO] [timm/convnextv2_tiny.fcmae_ft_in22k_in1k] Safe alternative available for 'pytorch_model.bin' (as 'model.safetensors'). Loading weights using safetensors.
2026-03-21 03:26:31,400 [INFO] Missing keys (head.fc.weight, head.fc.bias) discovered while loading pretrained weights. This is expected if model is being adapted.
2026-03-21 03:26:31,506 [INFO]   Born-again ← best_fold4.pt (val 89.38%)
2026-03-21 03:26:31,507 [INFO] ── Stage 1: head warmup (5 ep) ──
2026-03-21 03:27:12,568 [INFO]   S1 Ep 1/5  loss=0.5889 acc=92.1%  val=85.4%  41s
2026-03-21 03:27:12,701 [INFO]   ★ best 85.38%
2026-03-21 03:27:50,083 [INFO]   S1 Ep 2/5  loss=0.5913 acc=92.6%  val=86.0%  37s
2026-03-21 03:27:50,241 [INFO]   ★ best 85.99%
2026-03-21 03:28:27,594 [INFO]   S1 Ep 3/5  loss=0.5892 acc=92.6%  val=86.4%  37s
2026-03-21 03:28:27,742 [INFO]   ★ best 86.40%
2026-03-21 03:29:05,181 [INFO]   S1 Ep 4/5  loss=0.5685 acc=93.4%  val=86.4%  37s
2026-03-21 03:29:05,340 [INFO]   ★ best 86.43%
2026-03-21 03:29:42,572 [INFO]   S1 Ep 5/5  loss=0.5567 acc=93.8%  val=86.4%  37s
2026-03-21 03:29:42,572 [INFO] ── Stage 2: full fine-tune (80 ep, patience 30) ──
2026-03-21 03:29:42,573 [INFO] LLRD: 12 groups, LR [9.49e-06 … 4.00e-05]
2026-03-21 03:31:46,967 [INFO]   S2 Ep   1/80  loss=1.1229 acc=70.8%  val=88.4%  lr=7.23e-06   124s
2026-03-21 03:31:47,121 [INFO]   ★ best 88.36%
2026-03-21 03:33:51,487 [INFO]   S2 Ep   2/80  loss=1.1046 acc=71.3%  val=88.2%  lr=2.08e-05   124s
2026-03-21 03:35:55,719 [INFO]   S2 Ep   3/80  loss=1.1437 acc=69.8%  val=87.7%  lr=3.44e-05   124s
2026-03-21 03:37:59,942 [INFO]   S2 Ep   4/80  loss=1.1474 acc=69.1%  val=87.7%  lr=4.00e-05   124s
2026-03-21 03:40:04,178 [INFO]   S2 Ep   5/80  loss=1.1431 acc=68.9%  val=86.7%  lr=4.00e-05   124s
2026-03-21 03:42:08,451 [INFO]   S2 Ep   6/80  loss=1.1421 acc=69.5%  val=87.0%  lr=3.99e-05   124s
2026-03-21 03:44:12,639 [INFO]   S2 Ep   7/80  loss=1.1376 acc=69.6%  val=87.8%  lr=3.98e-05   124s
2026-03-21 03:46:16,959 [INFO]   S2 Ep   8/80  loss=1.1237 acc=70.0%  val=87.6%  lr=3.97e-05   124s
2026-03-21 03:48:21,251 [INFO]   S2 Ep   9/80  loss=1.1419 acc=69.4%  val=87.0%  lr=3.96e-05   124s
2026-03-21 03:50:25,584 [INFO]   S2 Ep  10/80  loss=1.1052 acc=71.3%  val=87.5%  lr=3.94e-05   124s
2026-03-21 03:52:29,848 [INFO]   S2 Ep  11/80  loss=1.1170 acc=70.6%  val=88.0%  lr=3.92e-05   124s
2026-03-21 03:54:34,245 [INFO]   S2 Ep  12/80  loss=1.1473 acc=68.8%  val=87.4%  lr=3.89e-05   124s
2026-03-21 03:56:38,585 [INFO]   S2 Ep  13/80  loss=1.1265 acc=70.3%  val=86.9%  lr=3.86e-05   124s
2026-03-21 03:58:42,845 [INFO]   S2 Ep  14/80  loss=1.1550 acc=69.0%  val=87.3%  lr=3.83e-05   124s
2026-03-21 04:00:47,106 [INFO]   S2 Ep  15/80  loss=1.0978 acc=71.2%  val=87.2%  lr=3.80e-05   124s
2026-03-21 04:02:51,645 [INFO]   S2 Ep  16/80  loss=1.1546 acc=68.6%  val=87.6%  lr=3.76e-05   125s
2026-03-21 04:04:55,936 [INFO]   S2 Ep  17/80  loss=1.1111 acc=70.9%  val=88.0%  lr=3.72e-05   124s
2026-03-21 04:07:00,250 [INFO]   S2 Ep  18/80  loss=1.0849 acc=72.0%  val=88.0%  lr=3.67e-05   124s
2026-03-21 04:09:04,546 [INFO]   S2 Ep  19/80  loss=1.1024 acc=70.9%  val=87.7%  lr=3.63e-05   124s
2026-03-21 04:11:08,831 [INFO]   S2 Ep  20/80  loss=1.1163 acc=69.9%  val=88.2%  lr=3.58e-05   124s
2026-03-21 04:13:13,216 [INFO]   S2 Ep  21/80  loss=1.1363 acc=69.4%  val=88.1%  lr=3.53e-05   124s
2026-03-21 04:15:17,529 [INFO]   S2 Ep  22/80  loss=1.1281 acc=69.9%  val=88.1%  lr=3.47e-05   124s
2026-03-21 04:17:21,837 [INFO]   S2 Ep  23/80  loss=1.0853 acc=72.0%  val=87.7%  lr=3.41e-05   124s
2026-03-21 04:19:26,077 [INFO]   S2 Ep  24/80  loss=1.1063 acc=70.9%  val=87.7%  lr=3.35e-05   124s
2026-03-21 04:21:30,463 [INFO]   S2 Ep  25/80  loss=1.0843 acc=71.9%  val=88.7%  lr=3.29e-05   124s
2026-03-21 04:21:30,632 [INFO]   ★ best 88.74%
2026-03-21 04:23:35,002 [INFO]   S2 Ep  26/80  loss=1.1039 acc=71.0%  val=88.2%  lr=3.23e-05   124s
2026-03-21 04:25:39,273 [INFO]   S2 Ep  27/80  loss=1.1003 acc=70.8%  val=88.0%  lr=3.16e-05   124s
2026-03-21 04:27:43,605 [INFO]   S2 Ep  28/80  loss=1.0945 acc=71.6%  val=87.7%  lr=3.09e-05   124s
2026-03-21 04:29:47,883 [INFO]   S2 Ep  29/80  loss=1.0603 acc=72.4%  val=88.6%  lr=3.02e-05   124s
2026-03-21 04:31:52,220 [INFO]   S2 Ep  30/80  loss=1.0658 acc=72.6%  val=88.2%  lr=2.95e-05   124s
2026-03-21 04:33:56,454 [INFO]   S2 Ep  31/80  loss=1.0665 acc=72.5%  val=87.7%  lr=2.88e-05   124s
2026-03-21 04:36:00,657 [INFO]   S2 Ep  32/80  loss=1.0861 acc=71.9%  val=87.7%  lr=2.80e-05   124s
2026-03-21 04:38:04,655 [INFO]   S2 Ep  33/80  loss=1.0670 acc=72.3%  val=88.1%  lr=2.73e-05   124s
2026-03-21 04:40:08,747 [INFO]   S2 Ep  34/80  loss=1.0514 acc=73.2%  val=87.9%  lr=2.65e-05   124s
2026-03-21 04:42:12,816 [INFO]   S2 Ep  35/80  loss=1.0734 acc=71.9%  val=88.3%  lr=2.57e-05   124s
2026-03-21 04:44:16,871 [INFO]   S2 Ep  36/80  loss=1.0934 acc=71.0%  val=88.5%  lr=2.49e-05   124s
2026-03-21 04:46:20,852 [INFO]   S2 Ep  37/80  loss=1.0651 acc=72.3%  val=88.6%  lr=2.41e-05   124s
2026-03-21 04:48:24,928 [INFO]   S2 Ep  38/80  loss=1.0859 acc=71.3%  val=88.5%  lr=2.33e-05   124s
2026-03-21 04:50:28,955 [INFO]   S2 Ep  39/80  loss=1.0617 acc=72.3%  val=88.7%  lr=2.25e-05   124s
2026-03-21 04:52:32,987 [INFO]   S2 Ep  40/80  loss=1.0864 acc=71.2%  val=88.8%  lr=2.17e-05   124s
2026-03-21 04:52:33,141 [INFO]   ★ best 88.77%
2026-03-21 04:54:37,116 [INFO]   S2 Ep  41/80  loss=1.0740 acc=71.7%  val=88.5%  lr=2.08e-05   124s
2026-03-21 04:56:41,065 [INFO]   S2 Ep  42/80  loss=1.0732 acc=71.8%  val=88.9%  lr=2.00e-05   124s
2026-03-21 04:56:41,232 [INFO]   ★ best 88.87%
2026-03-21 04:58:45,216 [INFO]   S2 Ep  43/80  loss=1.0528 acc=72.9%  val=88.4%  lr=1.92e-05   124s
2026-03-21 05:00:49,294 [INFO]   S2 Ep  44/80  loss=1.0344 acc=73.5%  val=88.5%  lr=1.83e-05   124s
2026-03-21 05:02:53,285 [INFO]   S2 Ep  45/80  loss=1.0487 acc=72.8%  val=88.6%  lr=1.75e-05   124s
2026-03-21 05:04:57,274 [INFO]   S2 Ep  46/80  loss=1.0467 acc=73.7%  val=88.5%  lr=1.67e-05   124s
2026-03-21 05:07:01,231 [INFO]   S2 Ep  47/80  loss=1.0426 acc=73.2%  val=88.9%  lr=1.59e-05   124s
2026-03-21 05:07:01,389 [INFO]   ★ best 88.91%
2026-03-21 05:09:05,371 [INFO]   S2 Ep  48/80  loss=1.0531 acc=72.6%  val=88.6%  lr=1.51e-05   124s
2026-03-21 05:11:09,395 [INFO]   S2 Ep  49/80  loss=1.0475 acc=73.3%  val=88.8%  lr=1.43e-05   124s
2026-03-21 05:13:13,404 [INFO]   S2 Ep  50/80  loss=1.0544 acc=72.6%  val=89.2%  lr=1.35e-05   124s
2026-03-21 05:13:13,576 [INFO]   ★ best 89.18%
2026-03-21 05:15:17,677 [INFO]   S2 Ep  51/80  loss=1.0415 acc=73.6%  val=88.8%  lr=1.27e-05   124s
2026-03-21 05:17:21,698 [INFO]   S2 Ep  52/80  loss=1.0460 acc=72.9%  val=89.0%  lr=1.20e-05   124s
2026-03-21 05:19:25,786 [INFO]   S2 Ep  53/80  loss=1.0419 acc=73.0%  val=89.2%  lr=1.12e-05   124s
2026-03-21 05:21:29,775 [INFO]   S2 Ep  54/80  loss=1.0332 acc=73.3%  val=89.0%  lr=1.05e-05   124s
2026-03-21 05:23:33,781 [INFO]   S2 Ep  55/80  loss=1.0222 acc=74.1%  val=88.8%  lr=9.76e-06   124s
2026-03-21 05:25:37,802 [INFO]   S2 Ep  56/80  loss=1.0353 acc=73.2%  val=89.5%  lr=9.06e-06   124s
2026-03-21 05:25:37,957 [INFO]   ★ best 89.45%
2026-03-21 05:27:42,016 [INFO]   S2 Ep  57/80  loss=1.0354 acc=73.1%  val=89.8%  lr=8.38e-06   124s
2026-03-21 05:27:42,168 [INFO]   ★ best 89.82%
2026-03-21 05:29:46,172 [INFO]   S2 Ep  58/80  loss=1.0466 acc=72.6%  val=89.7%  lr=7.72e-06   124s
2026-03-21 05:31:50,243 [INFO]   S2 Ep  59/80  loss=1.0393 acc=73.4%  val=89.0%  lr=7.07e-06   124s
2026-03-21 05:33:54,354 [INFO]   S2 Ep  60/80  loss=1.0521 acc=72.2%  val=89.7%  lr=6.45e-06   124s
2026-03-21 05:35:58,362 [INFO]   S2 Ep  61/80  loss=1.0367 acc=72.7%  val=89.5%  lr=5.86e-06   124s
2026-03-21 05:38:02,377 [INFO]   S2 Ep  62/80  loss=1.0137 acc=74.3%  val=89.7%  lr=5.29e-06   124s
2026-03-21 05:40:06,326 [INFO]   S2 Ep  63/80  loss=1.0222 acc=73.8%  val=89.6%  lr=4.74e-06   124s
2026-03-21 05:42:10,275 [INFO]   S2 Ep  64/80  loss=1.0311 acc=73.6%  val=89.7%  lr=4.22e-06   124s
2026-03-21 05:44:14,314 [INFO]   S2 Ep  65/80  loss=1.0335 acc=73.2%  val=89.5%  lr=3.72e-06   124s
2026-03-21 05:46:18,438 [INFO]   S2 Ep  66/80  loss=1.0151 acc=74.0%  val=89.5%  lr=3.26e-06   124s
2026-03-21 05:48:22,557 [INFO]   S2 Ep  67/80  loss=1.0256 acc=73.6%  val=89.5%  lr=2.82e-06   124s
2026-03-21 05:50:26,591 [INFO]   S2 Ep  68/80  loss=1.0289 acc=73.4%  val=89.6%  lr=2.41e-06   124s
2026-03-21 05:52:30,641 [INFO]   S2 Ep  69/80  loss=1.0405 acc=73.0%  val=89.8%  lr=2.03e-06   124s
2026-03-21 05:54:34,707 [INFO]   S2 Ep  70/80  loss=1.0147 acc=74.4%  val=89.5%  lr=1.69e-06   124s
2026-03-21 05:56:38,775 [INFO]   S2 Ep  71/80  loss=1.0105 acc=74.3%  val=89.6%  lr=1.37e-06   124s
2026-03-21 05:58:42,889 [INFO]   S2 Ep  72/80  loss=1.0356 acc=73.6%  val=89.5%  lr=1.08e-06   124s
2026-03-21 06:00:46,918 [INFO]   S2 Ep  73/80  loss=1.0355 acc=72.9%  val=89.6%  lr=8.33e-07   124s
2026-03-21 06:02:51,039 [INFO]   S2 Ep  74/80  loss=1.0137 acc=74.0%  val=89.6%  lr=6.13e-07   124s
2026-03-21 06:04:55,122 [INFO]   S2 Ep  75/80  loss=1.0329 acc=73.2%  val=89.8%  lr=4.27e-07   124s
2026-03-21 06:06:59,412 [INFO]   S2 Ep  76/80  loss=1.0323 acc=73.3%  val=89.7%  lr=2.74e-07   124s
2026-03-21 06:09:03,425 [INFO]   S2 Ep  77/80  loss=1.0142 acc=74.0%  val=89.7%  lr=1.55e-07   124s
2026-03-21 06:11:07,416 [INFO]   S2 Ep  78/80  loss=1.0126 acc=74.3%  val=89.7%  lr=6.98e-08   124s
2026-03-21 06:13:11,426 [INFO]   S2 Ep  79/80  loss=1.0116 acc=74.5%  val=89.7%  lr=1.86e-08   124s
2026-03-21 06:15:15,566 [INFO]   S2 Ep  80/80  loss=1.0161 acc=73.8%  val=89.7%  lr=1.60e-09   124s
2026-03-21 06:15:15,567 [INFO] ── Stage 3: SWA (15 ep, lr=4.0e-06) ──
2026-03-21 06:17:19,660 [INFO]   SWA Ep  1/15  loss=1.0453  swa_val=89.2%  124s
2026-03-21 06:19:23,607 [INFO]   SWA Ep  2/15  loss=1.0147  swa_val=89.4%  124s
2026-03-21 06:21:27,595 [INFO]   SWA Ep  3/15  loss=1.0250  swa_val=89.4%  124s
2026-03-21 06:23:31,562 [INFO]   SWA Ep  4/15  loss=1.0187  swa_val=89.4%  124s
2026-03-21 06:25:35,478 [INFO]   SWA Ep  5/15  loss=1.0408  swa_val=89.3%  124s
2026-03-21 06:27:39,377 [INFO]   SWA Ep  6/15  loss=1.0253  swa_val=89.5%  124s
2026-03-21 06:29:43,226 [INFO]   SWA Ep  7/15  loss=1.0143  swa_val=89.6%  124s
2026-03-21 06:31:47,217 [INFO]   SWA Ep  8/15  loss=1.0361  swa_val=89.4%  124s
2026-03-21 06:33:51,125 [INFO]   SWA Ep  9/15  loss=1.0431  swa_val=89.3%  124s
2026-03-21 06:35:55,039 [INFO]   SWA Ep 10/15  loss=1.0263  swa_val=89.2%  124s
2026-03-21 06:37:59,017 [INFO]   SWA Ep 11/15  loss=1.0374  swa_val=89.2%  124s
2026-03-21 06:40:02,988 [INFO]   SWA Ep 12/15  loss=1.0023  swa_val=89.4%  124s
2026-03-21 06:42:06,900 [INFO]   SWA Ep 13/15  loss=1.0303  swa_val=89.5%  124s
2026-03-21 06:44:10,875 [INFO]   SWA Ep 14/15  loss=1.0361  swa_val=89.4%  124s
2026-03-21 06:46:14,883 [INFO]   SWA Ep 15/15  loss=1.0263  swa_val=89.4%  124s
2026-03-21 06:46:14,883 [INFO]   Updating BN stats for SWA model …
2026-03-21 06:46:21,725 [INFO]   SWA final: 89.42% (regular best: 89.82%)
2026-03-21 06:46:21,726 [INFO]   Fold 5 best: 89.82%
2026-03-21 06:46:23,129 [INFO] ================================================================
2026-03-21 06:46:23,129 [INFO] 5-FOLD CV
2026-03-21 06:46:23,129 [INFO] ================================================================
2026-03-21 06:46:23,129 [INFO]   Fold 1 : 90.61%
2026-03-21 06:46:23,129 [INFO]   Fold 2 : 89.56%
2026-03-21 06:46:23,129 [INFO]   Fold 3 : 89.86%
2026-03-21 06:46:23,129 [INFO]   Fold 4 : 89.59%
2026-03-21 06:46:23,129 [INFO]   Fold 5 : 89.82%
2026-03-21 06:46:23,129 [INFO]   Mean: 89.89% ± 0.38%
2026-03-21 07:07:04,703 [INFO] TTA changed 145 / 9828 (1.5%)
2026-03-21 07:07:04,712 [INFO] Done.
