2026-03-20 06:44:53,164 [INFO] GPU: NVIDIA H200
2026-03-20 06:44:53,164 [INFO] Config: {
  "data_dir": "/data/slr/track2_",
  "output_dir": "/data/slr/checkpoints_v27",
  "max_frames": 48,
  "img_size": 224,
  "n_classes": 126,
  "teacher_img_size": 224,
  "teacher_max_frames": 48,
  "channel_means": [
    -64.3217,
    -62.9119,
    -63.9254
  ],
  "channel_stds": [
    12.5721,
    11.662,
    11.7259
  ],
  "n_folds": 5,
  "batch_size": 40,
  "num_workers": 4,
  "stage1_epochs": 8,
  "stage1_lr": 0.0003,
  "stage2_epochs": 100,
  "stage2_lr": 5e-05,
  "swa_epochs": 15,
  "swa_lr": 5e-06,
  "weight_decay": 0.05,
  "warmup_pct": 0.05,
  "label_smoothing": 0.1,
  "early_stopping_patience": 30,
  "grad_clip_norm": 1.0,
  "llrd_decay": 0.75,
  "kd_alpha": 0.3,
  "kd_tau": 4.0,
  "mixup_alpha": 0.4,
  "cutmix_alpha": 1.0,
  "cutmix_prob": 0.5,
  "time_mask_max": 8,
  "range_mask_max": 30,
  "noise_std": 0.1,
  "time_warp_lo": 0.8,
  "time_warp_hi": 1.2,
  "time_reverse_prob": 0.5,
  "channel_shuffle_prob": 0.2,
  "channel_drop_prob": 0.1,
  "random_erase_prob": 0.2,
  "circ_shift_prob": 0.3,
  "circ_shift_max": 8,
  "amp_scale_prob": 0.5,
  "amp_scale_lo": 0.8,
  "amp_scale_hi": 1.2,
  "model_name": "maxvit_tiny_tf_224.in1k",
  "drop_path_rate": 0.2,
  "proj_dim": 384,
  "drop_rate": 0.3,
  "ms_dropout_samples": 5,
  "seed": 42
}
2026-03-20 06:44:53,164 [INFO] ★★★ maxvit_tiny_tf_224.in1k @ 224 ★★★
2026-03-20 06:44:53,236 [INFO] Train: 14742 | Eval: 9828
2026-03-20 06:44:57,482 [INFO] Pre-computing teacher soft labels …
2026-03-20 06:45:00,699 [INFO]   Loaded 10 teachers
2026-03-20 06:46:58,042 [INFO] ================================================================
2026-03-20 06:46:58,043 [INFO] FOLD 1 / 5
2026-03-20 06:46:58,043 [INFO] ================================================================
2026-03-20 06:46:58,330 [INFO] Loading pretrained weights from Hugging Face hub (timm/maxvit_tiny_tf_224.in1k)
2026-03-20 06:46:58,501 [INFO] HTTP Request: HEAD https://huggingface.co/timm/maxvit_tiny_tf_224.in1k/resolve/main/model.safetensors "HTTP/1.1 302 Found"
2026-03-20 06:46:58,503 [INFO] [timm/maxvit_tiny_tf_224.in1k] Safe alternative available for 'pytorch_model.bin' (as 'model.safetensors'). Loading weights using safetensors.
2026-03-20 06:46:58,533 [INFO] Missing keys (head.fc.weight, head.fc.bias) discovered while loading pretrained weights. This is expected if model is being adapted.
2026-03-20 06:46:58,576 [INFO] ── Stage 1: head warmup (8 ep) ──
2026-03-20 06:47:26,702 [INFO]   S1 Ep 1/8  loss=1.9116 acc=0.8%  val=0.8%  28s
2026-03-20 06:47:26,864 [INFO]   ★ best 0.78%
2026-03-20 06:47:38,039 [INFO]   S1 Ep 2/8  loss=1.9096 acc=0.7%  val=0.8%  11s
2026-03-20 06:47:38,234 [INFO]   ★ best 0.85%
2026-03-20 06:47:49,436 [INFO]   S1 Ep 3/8  loss=1.9079 acc=0.6%  val=0.7%  11s
2026-03-20 06:48:00,571 [INFO]   S1 Ep 4/8  loss=1.9064 acc=0.8%  val=1.3%  11s
2026-03-20 06:48:00,771 [INFO]   ★ best 1.25%
2026-03-20 06:48:11,949 [INFO]   S1 Ep 5/8  loss=1.9054 acc=0.7%  val=0.8%  11s
2026-03-20 06:48:23,045 [INFO]   S1 Ep 6/8  loss=1.9048 acc=0.7%  val=0.7%  11s
2026-03-20 06:48:34,105 [INFO]   S1 Ep 7/8  loss=1.9038 acc=0.8%  val=0.7%  11s
2026-03-20 06:48:45,241 [INFO]   S1 Ep 8/8  loss=1.9031 acc=0.9%  val=0.4%  11s
2026-03-20 06:48:45,241 [INFO] ── Stage 2: full fine-tune (100 ep) ──
2026-03-20 06:48:47,195 [INFO] LLRD: 10 groups, LR [1.19e-05 … 5.00e-05]
2026-03-20 06:49:24,828 [INFO]   S2 Ep   1/100  loss=1.9033 acc=0.8%  val=0.5%  lr=6.59e-06    38s
2026-03-20 06:49:53,821 [INFO]   S2 Ep   2/100  loss=1.9032 acc=0.9%  val=0.6%  lr=1.86e-05    29s
2026-03-20 06:50:22,492 [INFO]   S2 Ep   3/100  loss=1.9018 acc=1.1%  val=1.2%  lr=3.34e-05    29s
2026-03-20 06:50:51,133 [INFO]   S2 Ep   4/100  loss=1.8881 acc=1.2%  val=1.7%  lr=4.54e-05    29s
2026-03-20 06:50:51,306 [INFO]   ★ best 1.66%
2026-03-20 06:51:19,956 [INFO]   S2 Ep   5/100  loss=1.8712 acc=1.6%  val=1.9%  lr=5.00e-05    29s
2026-03-20 06:51:20,165 [INFO]   ★ best 1.93%
2026-03-20 06:51:48,625 [INFO]   S2 Ep   6/100  loss=1.8645 acc=1.8%  val=2.9%  lr=5.00e-05    28s
2026-03-20 06:51:48,838 [INFO]   ★ best 2.88%
2026-03-20 06:52:17,573 [INFO]   S2 Ep   7/100  loss=1.8598 acc=2.3%  val=4.0%  lr=4.99e-05    29s
2026-03-20 06:52:17,742 [INFO]   ★ best 3.97%
2026-03-20 06:52:46,550 [INFO]   S2 Ep   8/100  loss=1.8462 acc=2.8%  val=6.0%  lr=4.99e-05    29s
2026-03-20 06:52:46,721 [INFO]   ★ best 6.04%
2026-03-20 06:53:15,465 [INFO]   S2 Ep   9/100  loss=1.8230 acc=4.1%  val=8.0%  lr=4.98e-05    29s
2026-03-20 06:53:15,671 [INFO]   ★ best 8.00%
2026-03-20 06:53:44,250 [INFO]   S2 Ep  10/100  loss=1.8100 acc=5.0%  val=9.4%  lr=4.97e-05    29s
2026-03-20 06:53:44,423 [INFO]   ★ best 9.43%
2026-03-20 06:54:13,086 [INFO]   S2 Ep  11/100  loss=1.7902 acc=6.2%  val=12.1%  lr=4.95e-05    29s
2026-03-20 06:54:13,262 [INFO]   ★ best 12.07%
2026-03-20 06:54:42,205 [INFO]   S2 Ep  12/100  loss=1.7732 acc=6.9%  val=13.5%  lr=4.93e-05    29s
2026-03-20 06:54:42,376 [INFO]   ★ best 13.50%
2026-03-20 06:55:10,932 [INFO]   S2 Ep  13/100  loss=1.7647 acc=7.8%  val=15.5%  lr=4.91e-05    29s
2026-03-20 06:55:11,132 [INFO]   ★ best 15.46%
2026-03-20 06:55:40,284 [INFO]   S2 Ep  14/100  loss=1.7432 acc=8.8%  val=18.6%  lr=4.89e-05    29s
2026-03-20 06:55:40,462 [INFO]   ★ best 18.58%
2026-03-20 06:56:09,068 [INFO]   S2 Ep  15/100  loss=1.7328 acc=10.1%  val=19.9%  lr=4.86e-05    29s
2026-03-20 06:56:09,237 [INFO]   ★ best 19.94%
2026-03-20 06:56:37,857 [INFO]   S2 Ep  16/100  loss=1.7165 acc=10.9%  val=21.9%  lr=4.84e-05    29s
2026-03-20 06:56:38,029 [INFO]   ★ best 21.94%
2026-03-20 06:57:06,839 [INFO]   S2 Ep  17/100  loss=1.7014 acc=12.1%  val=22.4%  lr=4.81e-05    29s
2026-03-20 06:57:07,022 [INFO]   ★ best 22.45%
2026-03-20 06:57:35,672 [INFO]   S2 Ep  18/100  loss=1.6844 acc=13.2%  val=25.3%  lr=4.77e-05    29s
2026-03-20 06:57:35,851 [INFO]   ★ best 25.33%
2026-03-20 06:58:04,510 [INFO]   S2 Ep  19/100  loss=1.6817 acc=13.6%  val=28.6%  lr=4.74e-05    29s
2026-03-20 06:58:04,689 [INFO]   ★ best 28.62%
2026-03-20 06:58:33,365 [INFO]   S2 Ep  20/100  loss=1.6627 acc=14.5%  val=28.5%  lr=4.70e-05    29s
2026-03-20 06:59:02,080 [INFO]   S2 Ep  21/100  loss=1.6482 acc=16.0%  val=30.8%  lr=4.66e-05    29s
2026-03-20 06:59:02,254 [INFO]   ★ best 30.82%
2026-03-20 06:59:31,005 [INFO]   S2 Ep  22/100  loss=1.6391 acc=17.1%  val=32.3%  lr=4.62e-05    29s
2026-03-20 06:59:31,195 [INFO]   ★ best 32.28%
2026-03-20 06:59:59,914 [INFO]   S2 Ep  23/100  loss=1.6130 acc=18.4%  val=34.0%  lr=4.57e-05    29s
2026-03-20 07:00:00,117 [INFO]   ★ best 34.05%
2026-03-20 07:00:28,873 [INFO]   S2 Ep  24/100  loss=1.6273 acc=17.5%  val=34.5%  lr=4.52e-05    29s
2026-03-20 07:00:29,045 [INFO]   ★ best 34.45%
2026-03-20 07:00:57,686 [INFO]   S2 Ep  25/100  loss=1.5964 acc=19.6%  val=36.7%  lr=4.47e-05    29s
2026-03-20 07:00:57,862 [INFO]   ★ best 36.66%
2026-03-20 07:01:26,915 [INFO]   S2 Ep  26/100  loss=1.6084 acc=19.2%  val=37.3%  lr=4.42e-05    29s
2026-03-20 07:01:27,103 [INFO]   ★ best 37.27%
2026-03-20 07:01:56,790 [INFO]   S2 Ep  27/100  loss=1.5712 acc=21.5%  val=39.0%  lr=4.37e-05    30s
2026-03-20 07:01:56,983 [INFO]   ★ best 38.96%
2026-03-20 07:02:26,507 [INFO]   S2 Ep  28/100  loss=1.5878 acc=20.8%  val=40.0%  lr=4.31e-05    30s
2026-03-20 07:02:26,687 [INFO]   ★ best 39.98%
2026-03-20 07:02:55,939 [INFO]   S2 Ep  29/100  loss=1.5757 acc=21.8%  val=41.6%  lr=4.25e-05    29s
2026-03-20 07:02:56,134 [INFO]   ★ best 41.57%
2026-03-20 07:03:25,834 [INFO]   S2 Ep  30/100  loss=1.5573 acc=23.0%  val=42.8%  lr=4.19e-05    30s
2026-03-20 07:03:26,011 [INFO]   ★ best 42.76%
2026-03-20 07:03:55,301 [INFO]   S2 Ep  31/100  loss=1.5410 acc=23.4%  val=42.5%  lr=4.13e-05    29s
2026-03-20 07:04:24,715 [INFO]   S2 Ep  32/100  loss=1.5308 acc=24.4%  val=44.1%  lr=4.07e-05    29s
2026-03-20 07:04:24,901 [INFO]   ★ best 44.08%
2026-03-20 07:04:54,161 [INFO]   S2 Ep  33/100  loss=1.5267 acc=25.2%  val=45.2%  lr=4.00e-05    29s
2026-03-20 07:04:54,369 [INFO]   ★ best 45.24%
2026-03-20 07:05:23,736 [INFO]   S2 Ep  34/100  loss=1.5326 acc=24.3%  val=46.3%  lr=3.94e-05    29s
2026-03-20 07:05:23,911 [INFO]   ★ best 46.29%
2026-03-20 07:05:53,073 [INFO]   S2 Ep  35/100  loss=1.5177 acc=25.5%  val=47.1%  lr=3.87e-05    29s
2026-03-20 07:05:53,248 [INFO]   ★ best 47.13%
2026-03-20 07:06:23,312 [INFO]   S2 Ep  36/100  loss=1.5127 acc=25.7%  val=47.7%  lr=3.80e-05    30s
2026-03-20 07:06:23,486 [INFO]   ★ best 47.74%
2026-03-20 07:06:53,146 [INFO]   S2 Ep  37/100  loss=1.4926 acc=26.7%  val=49.0%  lr=3.73e-05    30s
2026-03-20 07:06:53,321 [INFO]   ★ best 49.00%
2026-03-20 07:07:22,746 [INFO]   S2 Ep  38/100  loss=1.4811 acc=27.9%  val=48.1%  lr=3.65e-05    29s
2026-03-20 07:07:52,283 [INFO]   S2 Ep  39/100  loss=1.4808 acc=27.9%  val=50.0%  lr=3.58e-05    30s
2026-03-20 07:07:52,456 [INFO]   ★ best 50.02%
2026-03-20 07:08:22,354 [INFO]   S2 Ep  40/100  loss=1.4821 acc=27.7%  val=49.4%  lr=3.50e-05    30s
2026-03-20 07:08:51,419 [INFO]   S2 Ep  41/100  loss=1.4869 acc=27.9%  val=50.8%  lr=3.43e-05    29s
2026-03-20 07:08:51,600 [INFO]   ★ best 50.83%
2026-03-20 07:09:20,945 [INFO]   S2 Ep  42/100  loss=1.4781 acc=28.5%  val=52.1%  lr=3.35e-05    29s
2026-03-20 07:09:21,125 [INFO]   ★ best 52.09%
2026-03-20 07:09:50,626 [INFO]   S2 Ep  43/100  loss=1.4317 acc=30.9%  val=51.5%  lr=3.27e-05    30s
2026-03-20 07:10:19,809 [INFO]   S2 Ep  44/100  loss=1.4576 acc=30.2%  val=52.9%  lr=3.19e-05    29s
2026-03-20 07:10:19,985 [INFO]   ★ best 52.93%
2026-03-20 07:10:49,149 [INFO]   S2 Ep  45/100  loss=1.4606 acc=29.6%  val=52.9%  lr=3.11e-05    29s
2026-03-20 07:11:18,184 [INFO]   S2 Ep  46/100  loss=1.4443 acc=30.8%  val=53.4%  lr=3.03e-05    29s
2026-03-20 07:11:18,363 [INFO]   ★ best 53.41%
2026-03-20 07:11:47,409 [INFO]   S2 Ep  47/100  loss=1.4247 acc=31.8%  val=54.0%  lr=2.95e-05    29s
2026-03-20 07:11:47,585 [INFO]   ★ best 53.95%
2026-03-20 07:12:17,013 [INFO]   S2 Ep  48/100  loss=1.4245 acc=32.1%  val=54.2%  lr=2.87e-05    29s
2026-03-20 07:12:17,190 [INFO]   ★ best 54.19%
2026-03-20 07:12:46,435 [INFO]   S2 Ep  49/100  loss=1.4283 acc=31.7%  val=55.7%  lr=2.79e-05    29s
2026-03-20 07:12:46,616 [INFO]   ★ best 55.71%
2026-03-20 07:13:16,023 [INFO]   S2 Ep  50/100  loss=1.4178 acc=32.3%  val=55.6%  lr=2.71e-05    29s
2026-03-20 07:13:45,253 [INFO]   S2 Ep  51/100  loss=1.4212 acc=32.0%  val=55.7%  lr=2.62e-05    29s
2026-03-20 07:14:14,365 [INFO]   S2 Ep  52/100  loss=1.4268 acc=31.6%  val=56.2%  lr=2.54e-05    29s
2026-03-20 07:14:14,545 [INFO]   ★ best 56.15%
2026-03-20 07:14:43,543 [INFO]   S2 Ep  53/100  loss=1.4020 acc=33.5%  val=57.1%  lr=2.46e-05    29s
2026-03-20 07:14:43,733 [INFO]   ★ best 57.14%
2026-03-20 07:15:12,638 [INFO]   S2 Ep  54/100  loss=1.3852 acc=34.7%  val=57.4%  lr=2.38e-05    29s
2026-03-20 07:15:12,812 [INFO]   ★ best 57.41%
2026-03-20 07:15:41,737 [INFO]   S2 Ep  55/100  loss=1.3956 acc=33.7%  val=56.8%  lr=2.29e-05    29s
2026-03-20 07:16:10,675 [INFO]   S2 Ep  56/100  loss=1.4159 acc=32.6%  val=58.6%  lr=2.21e-05    29s
2026-03-20 07:16:10,855 [INFO]   ★ best 58.63%
2026-03-20 07:16:39,934 [INFO]   S2 Ep  57/100  loss=1.3841 acc=34.8%  val=58.4%  lr=2.13e-05    29s
2026-03-20 07:17:08,901 [INFO]   S2 Ep  58/100  loss=1.3806 acc=34.7%  val=58.5%  lr=2.05e-05    29s
2026-03-20 07:17:37,790 [INFO]   S2 Ep  59/100  loss=1.3910 acc=34.2%  val=58.9%  lr=1.97e-05    29s
2026-03-20 07:17:37,962 [INFO]   ★ best 58.87%
2026-03-20 07:18:06,961 [INFO]   S2 Ep  60/100  loss=1.3899 acc=33.6%  val=58.6%  lr=1.89e-05    29s
2026-03-20 07:18:35,928 [INFO]   S2 Ep  61/100  loss=1.3740 acc=35.5%  val=59.3%  lr=1.81e-05    29s
2026-03-20 07:18:36,155 [INFO]   ★ best 59.27%
2026-03-20 07:19:04,632 [INFO]   S2 Ep  62/100  loss=1.3569 acc=36.3%  val=60.1%  lr=1.73e-05    28s
2026-03-20 07:19:04,841 [INFO]   ★ best 60.05%
