2026-03-22 06:42:22,143 [INFO] GPU: NVIDIA H200
2026-03-22 06:42:22,143 [INFO] Config: {
  "data_dir": "/data/slr/track2_",
  "output_dir": "/data/slr/checkpoints_v47",
  "max_frames": 48,
  "img_size": 320,
  "n_classes": 126,
  "teacher_img_size": 224,
  "teacher_max_frames": 48,
  "channel_means": [
    -64.3217,
    -62.9119,
    -63.9254
  ],
  "channel_stds": [
    12.5721,
    11.662,
    11.7259
  ],
  "n_folds": 5,
  "batch_size": 32,
  "num_workers": 4,
  "stage1_epochs": 5,
  "stage1_lr": 0.0002,
  "stage2_epochs": 100,
  "stage2_lr": 4e-05,
  "swa_epochs": 15,
  "swa_lr": 4e-06,
  "weight_decay": 0.05,
  "warmup_pct": 0.05,
  "label_smoothing": 0.1,
  "early_stopping_patience": 30,
  "grad_clip_norm": 1.0,
  "llrd_decay": 0.75,
  "kd_alpha": 0.5,
  "kd_tau": 4.0,
  "mixup_alpha": 0.4,
  "cutmix_alpha": 1.0,
  "cutmix_prob": 0.5,
  "time_mask_max": 8,
  "range_mask_max": 30,
  "noise_std": 0.1,
  "time_warp_lo": 0.8,
  "time_warp_hi": 1.2,
  "time_reverse_prob": 0.5,
  "channel_shuffle_prob": 0.2,
  "channel_drop_prob": 0.1,
  "random_erase_prob": 0.2,
  "circ_shift_prob": 0.3,
  "circ_shift_max": 8,
  "amp_scale_prob": 0.5,
  "amp_scale_lo": 0.8,
  "amp_scale_hi": 1.2,
  "model_name": "convnextv2_tiny.fcmae_ft_in22k_in1k",
  "drop_path_rate": 0.2,
  "proj_dim": 512,
  "drop_rate": 0.3,
  "ms_dropout_samples": 5,
  "seed": 42
}
2026-03-22 06:42:22,143 [INFO] ★★★ HIGH RESOLUTION: 320×320 ★★★
2026-03-22 06:42:22,217 [INFO] Train: 14742 | Eval: 9828
2026-03-22 06:42:26,714 [INFO] Pre-computing teacher soft labels (at 224×224) …
2026-03-22 06:42:28,648 [INFO]   Loaded 5 teachers
2026-03-22 06:43:45,696 [INFO]   Soft labels: 14742
2026-03-22 06:43:45,697 [INFO] KD α=0.50 τ=4.0 | SWA 15 ep @ lr=4.0e-06 | NO PL | NATIVE RES
2026-03-22 06:43:45,701 [INFO] ================================================================
2026-03-22 06:43:45,702 [INFO] FOLD 1 / 5
2026-03-22 06:43:45,702 [INFO] ================================================================
2026-03-22 06:43:45,703 [INFO]   Train: 11793 | Val: 2949
2026-03-22 06:43:45,932 [INFO] Loading pretrained weights from Hugging Face hub (timm/convnextv2_tiny.fcmae_ft_in22k_in1k)
2026-03-22 06:43:46,056 [INFO] HTTP Request: HEAD https://huggingface.co/timm/convnextv2_tiny.fcmae_ft_in22k_in1k/resolve/main/model.safetensors "HTTP/1.1 302 Found"
2026-03-22 06:43:46,057 [INFO] [timm/convnextv2_tiny.fcmae_ft_in22k_in1k] Safe alternative available for 'pytorch_model.bin' (as 'model.safetensors'). Loading weights using safetensors.
2026-03-22 06:43:46,075 [INFO] Missing keys (head.fc.weight, head.fc.bias) discovered while loading pretrained weights. This is expected if model is being adapted.
2026-03-22 06:43:46,193 [INFO]   Born-again ← best_fold0.pt (val 90.78%)
2026-03-22 06:43:46,193 [INFO] ── Stage 1: head warmup (5 ep) ──
2026-03-22 06:50:23,777 [INFO] GPU: NVIDIA H200
2026-03-22 06:50:23,778 [INFO] Config: {
  "data_dir": "/data/slr/track2_",
  "output_dir": "/data/slr/checkpoints_v47",
  "max_frames": 48,
  "img_size": 320,
  "n_classes": 126,
  "teacher_img_size": 224,
  "teacher_max_frames": 48,
  "channel_means": [
    -64.3217,
    -62.9119,
    -63.9254
  ],
  "channel_stds": [
    12.5721,
    11.662,
    11.7259
  ],
  "n_folds": 5,
  "batch_size": 32,
  "num_workers": 2,
  "stage1_epochs": 5,
  "stage1_lr": 0.0002,
  "stage2_epochs": 100,
  "stage2_lr": 4e-05,
  "swa_epochs": 15,
  "swa_lr": 4e-06,
  "weight_decay": 0.05,
  "warmup_pct": 0.05,
  "label_smoothing": 0.1,
  "early_stopping_patience": 30,
  "grad_clip_norm": 1.0,
  "llrd_decay": 0.75,
  "kd_alpha": 0.5,
  "kd_tau": 4.0,
  "mixup_alpha": 0.4,
  "cutmix_alpha": 1.0,
  "cutmix_prob": 0.5,
  "time_mask_max": 8,
  "range_mask_max": 30,
  "noise_std": 0.1,
  "time_warp_lo": 0.8,
  "time_warp_hi": 1.2,
  "time_reverse_prob": 0.5,
  "channel_shuffle_prob": 0.2,
  "channel_drop_prob": 0.1,
  "random_erase_prob": 0.2,
  "circ_shift_prob": 0.3,
  "circ_shift_max": 8,
  "amp_scale_prob": 0.5,
  "amp_scale_lo": 0.8,
  "amp_scale_hi": 1.2,
  "model_name": "convnextv2_tiny.fcmae_ft_in22k_in1k",
  "drop_path_rate": 0.2,
  "proj_dim": 512,
  "drop_rate": 0.3,
  "ms_dropout_samples": 5,
  "seed": 42
}
2026-03-22 06:50:23,778 [INFO] ★★★ HIGH RESOLUTION: 320×320 ★★★
2026-03-22 06:50:23,876 [INFO] Train: 14742 | Eval: 9828
2026-03-22 06:50:28,688 [INFO] Pre-computing teacher soft labels (at 224×224) …
2026-03-22 06:50:30,653 [INFO]   Loaded 5 teachers
2026-03-22 06:53:19,676 [INFO]   Soft labels: 14742
2026-03-22 06:53:19,677 [INFO] KD α=0.50 τ=4.0 | SWA 15 ep @ lr=4.0e-06 | NO PL | NATIVE RES
2026-03-22 06:53:19,682 [INFO] ================================================================
2026-03-22 06:53:19,682 [INFO] FOLD 1 / 5
2026-03-22 06:53:19,682 [INFO] ================================================================
2026-03-22 06:53:19,684 [INFO]   Train: 11793 | Val: 2949
2026-03-22 06:53:19,910 [INFO] Loading pretrained weights from Hugging Face hub (timm/convnextv2_tiny.fcmae_ft_in22k_in1k)
2026-03-22 06:53:24,973 [INFO] HTTP Request: HEAD https://huggingface.co/timm/convnextv2_tiny.fcmae_ft_in22k_in1k/resolve/main/model.safetensors "HTTP/1.1 302 Found"
2026-03-22 06:53:24,975 [INFO] [timm/convnextv2_tiny.fcmae_ft_in22k_in1k] Safe alternative available for 'pytorch_model.bin' (as 'model.safetensors'). Loading weights using safetensors.
2026-03-22 06:53:24,992 [INFO] Missing keys (head.fc.weight, head.fc.bias) discovered while loading pretrained weights. This is expected if model is being adapted.
2026-03-22 06:53:25,089 [INFO]   Born-again ← best_fold0.pt (val 90.78%)
2026-03-22 06:53:25,090 [INFO] ── Stage 1: head warmup (5 ep) ──
2026-03-22 06:54:07,334 [INFO]   S1 Ep 1/5  loss=1.6642 acc=43.0%  val=54.0%  42s
2026-03-22 06:54:07,497 [INFO]   ★ best 54.02%
2026-03-22 06:54:32,318 [INFO]   S1 Ep 2/5  loss=1.4391 acc=52.8%  val=61.2%  25s
2026-03-22 06:54:32,490 [INFO]   ★ best 61.24%
2026-03-22 06:54:57,452 [INFO]   S1 Ep 3/5  loss=1.3730 acc=55.6%  val=63.5%  25s
2026-03-22 06:54:57,609 [INFO]   ★ best 63.51%
2026-03-22 06:55:22,544 [INFO]   S1 Ep 4/5  loss=1.3235 acc=57.6%  val=64.6%  25s
2026-03-22 06:55:22,707 [INFO]   ★ best 64.56%
2026-03-22 06:55:46,755 [INFO]   S1 Ep 5/5  loss=1.2964 acc=58.8%  val=64.7%  24s
2026-03-22 06:55:46,940 [INFO]   ★ best 64.70%
2026-03-22 06:55:46,940 [INFO] ── Stage 2: full fine-tune (100 ep, patience 30) ──
2026-03-22 06:55:46,941 [INFO] LLRD: 12 groups, LR [9.49e-06 … 4.00e-05]
2026-03-22 06:56:44,139 [INFO]   S2 Ep   1/100  loss=1.6773 acc=46.3%  val=78.6%  lr=5.27e-06    57s
2026-03-22 06:56:44,306 [INFO]   ★ best 78.60%
2026-03-22 06:57:36,624 [INFO]   S2 Ep   2/100  loss=1.4767 acc=55.8%  val=85.1%  lr=1.49e-05    52s
2026-03-22 06:57:36,791 [INFO]   ★ best 85.15%
2026-03-22 06:58:29,518 [INFO]   S2 Ep   3/100  loss=1.3874 acc=59.6%  val=86.7%  lr=2.68e-05    53s
2026-03-22 06:58:29,721 [INFO]   ★ best 86.71%
2026-03-22 06:59:22,464 [INFO]   S2 Ep   4/100  loss=1.3121 acc=62.5%  val=87.6%  lr=3.63e-05    53s
2026-03-22 06:59:22,671 [INFO]   ★ best 87.56%
2026-03-22 07:00:15,252 [INFO]   S2 Ep   5/100  loss=1.2819 acc=63.4%  val=86.8%  lr=4.00e-05    53s
2026-03-22 07:01:08,180 [INFO]   S2 Ep   6/100  loss=1.2684 acc=64.1%  val=87.2%  lr=4.00e-05    53s
2026-03-22 07:02:00,979 [INFO]   S2 Ep   7/100  loss=1.2516 acc=64.6%  val=87.8%  lr=4.00e-05    53s
2026-03-22 07:02:01,177 [INFO]   ★ best 87.79%
2026-03-22 07:02:54,267 [INFO]   S2 Ep   8/100  loss=1.2522 acc=64.7%  val=87.9%  lr=3.99e-05    53s
2026-03-22 07:02:54,424 [INFO]   ★ best 87.93%
2026-03-22 07:03:46,952 [INFO]   S2 Ep   9/100  loss=1.1855 acc=67.5%  val=88.5%  lr=3.98e-05    53s
2026-03-22 07:03:47,158 [INFO]   ★ best 88.47%
2026-03-22 07:04:38,781 [INFO]   S2 Ep  10/100  loss=1.2242 acc=65.7%  val=87.9%  lr=3.97e-05    52s
2026-03-22 07:05:31,532 [INFO]   S2 Ep  11/100  loss=1.1631 acc=68.3%  val=88.4%  lr=3.96e-05    53s
2026-03-22 07:06:24,374 [INFO]   S2 Ep  12/100  loss=1.2004 acc=66.8%  val=88.8%  lr=3.95e-05    53s
2026-03-22 07:06:24,576 [INFO]   ★ best 88.81%
2026-03-22 07:07:17,355 [INFO]   S2 Ep  13/100  loss=1.1663 acc=67.8%  val=88.6%  lr=3.93e-05    53s
2026-03-22 07:08:10,266 [INFO]   S2 Ep  14/100  loss=1.1315 acc=69.1%  val=88.4%  lr=3.91e-05    53s
2026-03-22 07:09:02,873 [INFO]   S2 Ep  15/100  loss=1.1606 acc=67.8%  val=88.9%  lr=3.89e-05    53s
2026-03-22 07:09:03,056 [INFO]   ★ best 88.88%
2026-03-22 07:09:55,385 [INFO]   S2 Ep  16/100  loss=1.1505 acc=69.4%  val=88.2%  lr=3.87e-05    52s
2026-03-22 07:10:48,157 [INFO]   S2 Ep  17/100  loss=1.1450 acc=69.5%  val=89.1%  lr=3.84e-05    53s
2026-03-22 07:10:48,357 [INFO]   ★ best 89.11%
2026-03-22 07:11:41,408 [INFO]   S2 Ep  18/100  loss=1.1589 acc=68.1%  val=89.3%  lr=3.82e-05    53s
2026-03-22 07:11:41,605 [INFO]   ★ best 89.25%
2026-03-22 07:12:34,148 [INFO]   S2 Ep  19/100  loss=1.1494 acc=68.4%  val=88.4%  lr=3.79e-05    53s
2026-03-22 07:13:26,953 [INFO]   S2 Ep  20/100  loss=1.1473 acc=68.8%  val=89.0%  lr=3.76e-05    53s
2026-03-22 07:14:19,801 [INFO]   S2 Ep  21/100  loss=1.1330 acc=70.2%  val=88.9%  lr=3.73e-05    53s
2026-03-22 07:15:12,767 [INFO]   S2 Ep  22/100  loss=1.1463 acc=69.5%  val=89.0%  lr=3.69e-05    53s
2026-03-22 07:16:05,062 [INFO]   S2 Ep  23/100  loss=1.1139 acc=70.5%  val=89.1%  lr=3.66e-05    52s
2026-03-22 07:16:58,057 [INFO]   S2 Ep  24/100  loss=1.1455 acc=69.1%  val=88.8%  lr=3.62e-05    53s
2026-03-22 07:17:50,942 [INFO]   S2 Ep  25/100  loss=1.1237 acc=69.9%  val=89.1%  lr=3.58e-05    53s
2026-03-22 07:18:43,548 [INFO]   S2 Ep  26/100  loss=1.1463 acc=69.3%  val=89.1%  lr=3.54e-05    53s
2026-03-22 07:19:36,095 [INFO]   S2 Ep  27/100  loss=1.1279 acc=69.8%  val=89.0%  lr=3.49e-05    53s
2026-03-22 07:20:28,922 [INFO]   S2 Ep  28/100  loss=1.1098 acc=71.1%  val=89.0%  lr=3.45e-05    53s
2026-03-22 07:21:21,896 [INFO]   S2 Ep  29/100  loss=1.1309 acc=69.3%  val=89.0%  lr=3.40e-05    53s
2026-03-22 07:22:14,739 [INFO]   S2 Ep  30/100  loss=1.1265 acc=69.8%  val=88.9%  lr=3.35e-05    53s
2026-03-22 07:23:07,659 [INFO]   S2 Ep  31/100  loss=1.1373 acc=69.1%  val=88.6%  lr=3.31e-05    53s
2026-03-22 07:24:00,431 [INFO]   S2 Ep  32/100  loss=1.1144 acc=70.4%  val=89.1%  lr=3.25e-05    53s
2026-03-22 07:24:53,380 [INFO]   S2 Ep  33/100  loss=1.1395 acc=68.6%  val=88.8%  lr=3.20e-05    53s
2026-03-22 07:25:45,787 [INFO]   S2 Ep  34/100  loss=1.1031 acc=70.6%  val=89.8%  lr=3.15e-05    52s
2026-03-22 07:25:45,989 [INFO]   ★ best 89.83%
2026-03-22 07:26:38,830 [INFO]   S2 Ep  35/100  loss=1.1324 acc=69.2%  val=89.5%  lr=3.09e-05    53s
2026-03-22 07:27:31,095 [INFO]   S2 Ep  36/100  loss=1.1029 acc=70.7%  val=89.2%  lr=3.04e-05    52s
2026-03-22 07:28:24,006 [INFO]   S2 Ep  37/100  loss=1.0757 acc=71.8%  val=88.8%  lr=2.98e-05    53s
2026-03-22 07:29:16,739 [INFO]   S2 Ep  38/100  loss=1.0763 acc=72.0%  val=89.0%  lr=2.92e-05    53s
2026-03-22 07:30:09,285 [INFO]   S2 Ep  39/100  loss=1.0957 acc=71.1%  val=89.1%  lr=2.86e-05    53s
2026-03-22 07:31:01,634 [INFO]   S2 Ep  40/100  loss=1.1059 acc=69.9%  val=88.9%  lr=2.80e-05    52s
2026-03-22 07:31:53,683 [INFO]   S2 Ep  41/100  loss=1.1026 acc=70.7%  val=89.8%  lr=2.74e-05    52s
2026-03-22 07:32:46,261 [INFO]   S2 Ep  42/100  loss=1.1013 acc=70.4%  val=89.6%  lr=2.68e-05    53s
2026-03-22 07:33:38,988 [INFO]   S2 Ep  43/100  loss=1.0539 acc=73.2%  val=89.6%  lr=2.62e-05    53s
2026-03-22 07:34:31,465 [INFO]   S2 Ep  44/100  loss=1.0827 acc=71.8%  val=89.5%  lr=2.55e-05    52s
2026-03-22 07:35:24,389 [INFO]   S2 Ep  45/100  loss=1.0952 acc=70.5%  val=89.3%  lr=2.49e-05    53s
2026-03-22 07:36:17,397 [INFO]   S2 Ep  46/100  loss=1.0800 acc=72.3%  val=89.9%  lr=2.43e-05    53s
2026-03-22 07:36:17,613 [INFO]   ★ best 89.89%
2026-03-22 07:37:10,554 [INFO]   S2 Ep  47/100  loss=1.0798 acc=71.8%  val=89.4%  lr=2.36e-05    53s
2026-03-22 07:38:03,083 [INFO]   S2 Ep  48/100  loss=1.0794 acc=71.5%  val=89.7%  lr=2.30e-05    53s
2026-03-22 07:38:55,918 [INFO]   S2 Ep  49/100  loss=1.0641 acc=72.3%  val=89.9%  lr=2.23e-05    53s
2026-03-22 07:38:56,127 [INFO]   ★ best 89.93%
2026-03-22 07:39:49,113 [INFO]   S2 Ep  50/100  loss=1.0876 acc=71.5%  val=90.1%  lr=2.17e-05    53s
2026-03-22 07:39:49,283 [INFO]   ★ best 90.06%
2026-03-22 07:40:41,788 [INFO]   S2 Ep  51/100  loss=1.0696 acc=72.2%  val=89.9%  lr=2.10e-05    53s
2026-03-22 07:41:34,772 [INFO]   S2 Ep  52/100  loss=1.0594 acc=72.6%  val=89.6%  lr=2.03e-05    53s
2026-03-22 07:42:27,606 [INFO]   S2 Ep  53/100  loss=1.0706 acc=71.9%  val=89.6%  lr=1.97e-05    53s
2026-03-22 07:43:19,989 [INFO]   S2 Ep  54/100  loss=1.0699 acc=71.9%  val=90.1%  lr=1.90e-05    52s
2026-03-22 07:43:20,173 [INFO]   ★ best 90.13%
2026-03-22 07:44:13,056 [INFO]   S2 Ep  55/100  loss=1.0923 acc=70.7%  val=90.1%  lr=1.83e-05    53s
2026-03-22 07:45:05,944 [INFO]   S2 Ep  56/100  loss=1.0591 acc=72.1%  val=89.9%  lr=1.77e-05    53s
2026-03-22 07:45:58,657 [INFO]   S2 Ep  57/100  loss=1.0343 acc=73.5%  val=89.8%  lr=1.70e-05    53s
2026-03-22 07:46:51,234 [INFO]   S2 Ep  58/100  loss=1.0855 acc=71.5%  val=90.0%  lr=1.64e-05    53s
2026-03-22 07:47:43,563 [INFO]   S2 Ep  59/100  loss=1.0888 acc=71.0%  val=90.2%  lr=1.57e-05    52s
2026-03-22 07:47:43,738 [INFO]   ★ best 90.23%
2026-03-22 07:48:36,532 [INFO]   S2 Ep  60/100  loss=1.0485 acc=72.9%  val=90.0%  lr=1.51e-05    53s
2026-03-22 07:49:29,022 [INFO]   S2 Ep  61/100  loss=1.0478 acc=73.3%  val=90.0%  lr=1.45e-05    52s
2026-03-22 07:50:21,660 [INFO]   S2 Ep  62/100  loss=1.0505 acc=73.3%  val=90.1%  lr=1.38e-05    53s
2026-03-22 07:54:29,438 [INFO]   S2 Ep  63/100  loss=1.0767 acc=71.4%  val=90.4%  lr=1.32e-05   248s
2026-03-22 07:54:29,643 [INFO]   ★ best 90.37%
2026-03-22 07:55:22,644 [INFO]   S2 Ep  64/100  loss=1.0686 acc=72.5%  val=89.9%  lr=1.26e-05    53s
2026-03-22 07:56:15,762 [INFO]   S2 Ep  65/100  loss=1.0688 acc=71.7%  val=90.3%  lr=1.20e-05    53s
2026-03-22 07:57:08,609 [INFO]   S2 Ep  66/100  loss=1.0400 acc=73.3%  val=90.3%  lr=1.14e-05    53s
2026-03-22 07:58:00,804 [INFO]   S2 Ep  67/100  loss=1.0465 acc=73.0%  val=90.3%  lr=1.08e-05    52s
2026-03-22 07:58:53,328 [INFO]   S2 Ep  68/100  loss=1.0652 acc=71.9%  val=90.0%  lr=1.02e-05    53s
2026-03-22 07:59:45,822 [INFO]   S2 Ep  69/100  loss=1.0359 acc=73.2%  val=90.2%  lr=9.62e-06    52s
2026-03-22 08:00:38,726 [INFO]   S2 Ep  70/100  loss=1.0331 acc=73.8%  val=90.2%  lr=9.06e-06    53s
2026-03-22 08:01:31,511 [INFO]   S2 Ep  71/100  loss=1.0449 acc=73.0%  val=90.0%  lr=8.51e-06    53s
2026-03-22 08:02:23,830 [INFO]   S2 Ep  72/100  loss=1.0456 acc=72.7%  val=90.0%  lr=7.98e-06    52s
2026-03-22 08:03:16,615 [INFO]   S2 Ep  73/100  loss=1.0435 acc=73.1%  val=89.9%  lr=7.46e-06    53s
2026-03-22 08:04:09,599 [INFO]   S2 Ep  74/100  loss=1.0478 acc=72.9%  val=89.9%  lr=6.95e-06    53s
2026-03-22 08:05:02,571 [INFO]   S2 Ep  75/100  loss=1.0651 acc=72.2%  val=90.1%  lr=6.45e-06    53s
2026-03-22 08:05:55,888 [INFO]   S2 Ep  76/100  loss=1.0540 acc=72.3%  val=90.2%  lr=5.98e-06    53s
2026-03-22 08:06:48,884 [INFO]   S2 Ep  77/100  loss=1.1003 acc=70.3%  val=90.0%  lr=5.51e-06    53s
2026-03-22 08:07:41,650 [INFO]   S2 Ep  78/100  loss=1.0441 acc=73.1%  val=90.0%  lr=5.06e-06    53s
2026-03-22 08:08:34,066 [INFO]   S2 Ep  79/100  loss=1.0672 acc=72.5%  val=90.3%  lr=4.63e-06    52s
2026-03-22 08:09:26,971 [INFO]   S2 Ep  80/100  loss=1.0666 acc=71.8%  val=90.1%  lr=4.22e-06    53s
2026-03-22 08:10:19,903 [INFO]   S2 Ep  81/100  loss=1.0687 acc=71.6%  val=90.2%  lr=3.82e-06    53s
2026-03-22 08:11:12,673 [INFO]   S2 Ep  82/100  loss=1.0686 acc=71.6%  val=90.1%  lr=3.44e-06    53s
2026-03-22 08:12:05,427 [INFO]   S2 Ep  83/100  loss=1.0453 acc=73.1%  val=90.3%  lr=3.08e-06    53s
2026-03-22 08:12:58,326 [INFO]   S2 Ep  84/100  loss=1.0571 acc=72.4%  val=90.2%  lr=2.74e-06    53s
2026-03-22 08:13:51,003 [INFO]   S2 Ep  85/100  loss=1.0528 acc=72.4%  val=90.1%  lr=2.41e-06    53s
2026-03-22 08:14:43,757 [INFO]   S2 Ep  86/100  loss=1.0345 acc=73.4%  val=90.1%  lr=2.11e-06    53s
2026-03-22 08:15:36,573 [INFO]   S2 Ep  87/100  loss=1.0386 acc=73.8%  val=90.2%  lr=1.82e-06    53s
2026-03-22 08:16:29,423 [INFO]   S2 Ep  88/100  loss=1.0104 acc=74.7%  val=90.3%  lr=1.56e-06    53s
2026-03-22 08:17:22,536 [INFO]   S2 Ep  89/100  loss=1.0540 acc=72.4%  val=90.5%  lr=1.31e-06    53s
2026-03-22 08:17:22,747 [INFO]   ★ best 90.47%
2026-03-22 08:18:15,603 [INFO]   S2 Ep  90/100  loss=1.0554 acc=72.9%  val=90.3%  lr=1.08e-06    53s
2026-03-22 08:19:08,537 [INFO]   S2 Ep  91/100  loss=1.0379 acc=73.1%  val=90.4%  lr=8.80e-07    53s
2026-03-22 08:20:01,621 [INFO]   S2 Ep  92/100  loss=1.0744 acc=71.5%  val=90.5%  lr=6.97e-07    53s
2026-03-22 08:20:54,478 [INFO]   S2 Ep  93/100  loss=1.0390 acc=73.2%  val=90.3%  lr=5.35e-07    53s
2026-03-22 08:21:47,457 [INFO]   S2 Ep  94/100  loss=1.0386 acc=72.6%  val=90.4%  lr=3.94e-07    53s
2026-03-22 08:22:40,583 [INFO]   S2 Ep  95/100  loss=1.0438 acc=73.2%  val=90.5%  lr=2.74e-07    53s
2026-03-22 08:22:40,797 [INFO]   ★ best 90.51%
2026-03-22 08:23:34,076 [INFO]   S2 Ep  96/100  loss=1.0476 acc=72.5%  val=90.5%  lr=1.76e-07    53s
2026-03-22 08:24:27,025 [INFO]   S2 Ep  97/100  loss=1.0428 acc=72.8%  val=90.5%  lr=9.98e-08    53s
2026-03-22 08:25:19,183 [INFO]   S2 Ep  98/100  loss=1.0264 acc=73.5%  val=90.5%  lr=4.52e-08    52s
2026-03-22 08:26:12,137 [INFO]   S2 Ep  99/100  loss=1.0251 acc=74.1%  val=90.5%  lr=1.25e-08    53s
2026-03-22 08:26:12,342 [INFO]   ★ best 90.54%
2026-03-22 08:27:05,340 [INFO]   S2 Ep 100/100  loss=1.0284 acc=73.6%  val=90.5%  lr=1.60e-09    53s
2026-03-22 08:27:05,341 [INFO] ── Stage 3: SWA (15 ep, lr=4.0e-06) ──
2026-03-22 08:27:58,298 [INFO]   SWA Ep  1/15  loss=1.0557  swa_val=90.6%  53s
2026-03-22 08:28:51,149 [INFO]   SWA Ep  2/15  loss=1.0530  swa_val=90.4%  53s
2026-03-22 08:29:44,106 [INFO]   SWA Ep  3/15  loss=1.0582  swa_val=90.3%  53s
2026-03-22 08:30:36,535 [INFO]   SWA Ep  4/15  loss=1.0777  swa_val=90.5%  52s
2026-03-22 08:31:29,349 [INFO]   SWA Ep  5/15  loss=1.0663  swa_val=90.6%  53s
2026-03-22 08:32:22,138 [INFO]   SWA Ep  6/15  loss=1.0560  swa_val=90.5%  53s
2026-03-22 08:33:15,066 [INFO]   SWA Ep  7/15  loss=1.0665  swa_val=90.6%  53s
2026-03-22 08:34:07,989 [INFO]   SWA Ep  8/15  loss=1.0644  swa_val=90.6%  53s
2026-03-22 08:35:00,633 [INFO]   SWA Ep  9/15  loss=1.0735  swa_val=90.6%  53s
2026-03-22 08:35:53,400 [INFO]   SWA Ep 10/15  loss=1.0377  swa_val=90.6%  53s
2026-03-22 08:36:46,179 [INFO]   SWA Ep 11/15  loss=1.0240  swa_val=90.7%  53s
2026-03-22 08:37:39,298 [INFO]   SWA Ep 12/15  loss=1.0509  swa_val=90.6%  53s
2026-03-22 08:38:31,910 [INFO]   SWA Ep 13/15  loss=1.0102  swa_val=90.7%  53s
2026-03-22 08:39:25,092 [INFO]   SWA Ep 14/15  loss=1.0642  swa_val=90.7%  53s
2026-03-22 08:40:17,840 [INFO]   SWA Ep 15/15  loss=1.0672  swa_val=90.5%  53s
2026-03-22 08:40:17,840 [INFO]   Updating BN stats for SWA model …
2026-03-22 08:40:22,762 [INFO]   SWA final: 90.54% (regular best: 90.54%)
2026-03-22 08:40:22,762 [INFO]   Fold 1 best: 90.54%
2026-03-22 08:40:22,778 [INFO] ================================================================
2026-03-22 08:40:22,778 [INFO] FOLD 2 / 5
2026-03-22 08:40:22,778 [INFO] ================================================================
2026-03-22 08:40:22,780 [INFO]   Train: 11793 | Val: 2949
2026-03-22 08:40:23,010 [INFO] Loading pretrained weights from Hugging Face hub (timm/convnextv2_tiny.fcmae_ft_in22k_in1k)
2026-03-22 08:40:23,181 [INFO] HTTP Request: HEAD https://huggingface.co/timm/convnextv2_tiny.fcmae_ft_in22k_in1k/resolve/main/model.safetensors "HTTP/1.1 302 Found"
2026-03-22 08:40:23,184 [INFO] [timm/convnextv2_tiny.fcmae_ft_in22k_in1k] Safe alternative available for 'pytorch_model.bin' (as 'model.safetensors'). Loading weights using safetensors.
2026-03-22 08:40:23,204 [INFO] Missing keys (head.fc.weight, head.fc.bias) discovered while loading pretrained weights. This is expected if model is being adapted.
2026-03-22 08:40:23,333 [INFO]   Born-again ← best_fold1.pt (val 89.69%)
2026-03-22 08:40:23,334 [INFO] ── Stage 1: head warmup (5 ep) ──
2026-03-22 08:40:49,911 [INFO]   S1 Ep 1/5  loss=1.6138 acc=45.3%  val=53.7%  27s
2026-03-22 08:40:50,039 [INFO]   ★ best 53.71%
2026-03-22 08:41:16,225 [INFO]   S1 Ep 2/5  loss=1.4061 acc=54.2%  val=61.1%  26s
2026-03-22 08:41:16,393 [INFO]   ★ best 61.07%
2026-03-22 08:41:41,194 [INFO]   S1 Ep 3/5  loss=1.3404 acc=57.4%  val=64.0%  25s
2026-03-22 08:41:41,356 [INFO]   ★ best 63.95%
2026-03-22 08:42:05,958 [INFO]   S1 Ep 4/5  loss=1.3001 acc=59.3%  val=65.6%  25s
2026-03-22 08:42:06,124 [INFO]   ★ best 65.65%
2026-03-22 08:42:31,152 [INFO]   S1 Ep 5/5  loss=1.2616 acc=60.7%  val=65.5%  25s
2026-03-22 08:42:31,152 [INFO] ── Stage 2: full fine-tune (100 ep, patience 30) ──
2026-03-22 08:42:31,153 [INFO] LLRD: 12 groups, LR [9.49e-06 … 4.00e-05]
2026-03-22 08:43:24,035 [INFO]   S2 Ep   1/100  loss=1.7144 acc=45.0%  val=77.2%  lr=5.27e-06    53s
2026-03-22 08:43:24,208 [INFO]   ★ best 77.25%
2026-03-22 08:44:16,812 [INFO]   S2 Ep   2/100  loss=1.5211 acc=54.3%  val=83.5%  lr=1.49e-05    53s
2026-03-22 08:44:16,978 [INFO]   ★ best 83.49%
2026-03-22 08:45:09,984 [INFO]   S2 Ep   3/100  loss=1.4074 acc=59.0%  val=85.3%  lr=2.68e-05    53s
2026-03-22 08:45:10,155 [INFO]   ★ best 85.32%
2026-03-22 08:46:02,484 [INFO]   S2 Ep   4/100  loss=1.3146 acc=63.3%  val=86.2%  lr=3.63e-05    52s
2026-03-22 08:46:02,647 [INFO]   ★ best 86.20%
2026-03-22 08:46:55,657 [INFO]   S2 Ep   5/100  loss=1.3033 acc=62.9%  val=86.6%  lr=4.00e-05    53s
2026-03-22 08:46:55,863 [INFO]   ★ best 86.64%
2026-03-22 08:47:48,700 [INFO]   S2 Ep   6/100  loss=1.2755 acc=63.5%  val=86.5%  lr=4.00e-05    53s
2026-03-22 08:48:41,610 [INFO]   S2 Ep   7/100  loss=1.2106 acc=66.9%  val=87.0%  lr=4.00e-05    53s
2026-03-22 08:48:41,781 [INFO]   ★ best 87.05%
2026-03-22 08:49:34,133 [INFO]   S2 Ep   8/100  loss=1.1950 acc=67.3%  val=87.2%  lr=3.99e-05    52s
2026-03-22 08:49:34,294 [INFO]   ★ best 87.22%
2026-03-22 08:50:27,002 [INFO]   S2 Ep   9/100  loss=1.1669 acc=68.6%  val=87.0%  lr=3.98e-05    53s
2026-03-22 08:51:19,294 [INFO]   S2 Ep  10/100  loss=1.2113 acc=65.6%  val=87.9%  lr=3.97e-05    52s
2026-03-22 08:51:19,464 [INFO]   ★ best 87.93%
2026-03-22 08:52:12,517 [INFO]   S2 Ep  11/100  loss=1.1866 acc=67.4%  val=87.5%  lr=3.96e-05    53s
2026-03-22 08:53:05,306 [INFO]   S2 Ep  12/100  loss=1.1492 acc=69.2%  val=87.6%  lr=3.95e-05    53s
2026-03-22 08:53:58,334 [INFO]   S2 Ep  13/100  loss=1.1477 acc=69.6%  val=88.0%  lr=3.93e-05    53s
2026-03-22 08:53:58,508 [INFO]   ★ best 87.96%
2026-03-22 08:54:51,279 [INFO]   S2 Ep  14/100  loss=1.1441 acc=69.8%  val=87.7%  lr=3.91e-05    53s
2026-03-22 08:55:44,175 [INFO]   S2 Ep  15/100  loss=1.1379 acc=69.5%  val=87.4%  lr=3.89e-05    53s
2026-03-22 08:56:36,962 [INFO]   S2 Ep  16/100  loss=1.1186 acc=70.2%  val=88.1%  lr=3.87e-05    53s
2026-03-22 08:56:37,138 [INFO]   ★ best 88.13%
2026-03-22 10:10:29,232 [INFO] GPU: NVIDIA H200
2026-03-22 10:10:29,232 [INFO] Config: {
  "data_dir": "/data/slr/track2_",
  "output_dir": "/data/slr/checkpoints_v47",
  "max_frames": 48,
  "img_size": 320,
  "n_classes": 126,
  "teacher_img_size": 224,
  "teacher_max_frames": 48,
  "channel_means": [
    -64.3217,
    -62.9119,
    -63.9254
  ],
  "channel_stds": [
    12.5721,
    11.662,
    11.7259
  ],
  "n_folds": 5,
  "batch_size": 32,
  "num_workers": 2,
  "stage1_epochs": 5,
  "stage1_lr": 0.0002,
  "stage2_epochs": 100,
  "stage2_lr": 4e-05,
  "swa_epochs": 15,
  "swa_lr": 4e-06,
  "weight_decay": 0.05,
  "warmup_pct": 0.05,
  "label_smoothing": 0.1,
  "early_stopping_patience": 30,
  "grad_clip_norm": 1.0,
  "llrd_decay": 0.75,
  "kd_alpha": 0.5,
  "kd_tau": 4.0,
  "mixup_alpha": 0.4,
  "cutmix_alpha": 1.0,
  "cutmix_prob": 0.5,
  "time_mask_max": 8,
  "range_mask_max": 30,
  "noise_std": 0.1,
  "time_warp_lo": 0.8,
  "time_warp_hi": 1.2,
  "time_reverse_prob": 0.5,
  "channel_shuffle_prob": 0.2,
  "channel_drop_prob": 0.1,
  "random_erase_prob": 0.2,
  "circ_shift_prob": 0.3,
  "circ_shift_max": 8,
  "amp_scale_prob": 0.5,
  "amp_scale_lo": 0.8,
  "amp_scale_hi": 1.2,
  "model_name": "convnextv2_tiny.fcmae_ft_in22k_in1k",
  "drop_path_rate": 0.2,
  "proj_dim": 512,
  "drop_rate": 0.3,
  "ms_dropout_samples": 5,
  "seed": 42
}
2026-03-22 10:10:29,232 [INFO] ★★★ HIGH RESOLUTION: 320×320 ★★★
2026-03-22 10:10:29,392 [INFO] Train: 14742 | Eval: 9828
2026-03-22 10:10:57,754 [INFO] Pre-computing teacher soft labels (at 224×224) …
2026-03-22 10:10:59,847 [INFO]   Loaded 5 teachers
2026-03-22 10:12:16,504 [INFO]   Soft labels: 14742
2026-03-22 10:12:16,505 [INFO] KD α=0.50 τ=4.0 | SWA 15 ep @ lr=4.0e-06 | NO PL | NATIVE RES
2026-03-22 10:12:16,597 [INFO] FOLD 1: skip (saved 90.54%)
2026-03-22 10:12:16,691 [INFO] FOLD 2: skip (saved 88.13%)
2026-03-22 10:12:16,691 [INFO] ================================================================
2026-03-22 10:12:16,691 [INFO] FOLD 3 / 5
2026-03-22 10:12:16,691 [INFO] ================================================================
2026-03-22 10:12:16,693 [INFO]   Train: 11794 | Val: 2948
2026-03-22 10:12:16,930 [INFO] Loading pretrained weights from Hugging Face hub (timm/convnextv2_tiny.fcmae_ft_in22k_in1k)
2026-03-22 10:12:17,172 [INFO] HTTP Request: HEAD https://huggingface.co/timm/convnextv2_tiny.fcmae_ft_in22k_in1k/resolve/main/model.safetensors "HTTP/1.1 302 Found"
2026-03-22 10:12:17,173 [INFO] [timm/convnextv2_tiny.fcmae_ft_in22k_in1k] Safe alternative available for 'pytorch_model.bin' (as 'model.safetensors'). Loading weights using safetensors.
2026-03-22 10:12:17,195 [INFO] Missing keys (head.fc.weight, head.fc.bias) discovered while loading pretrained weights. This is expected if model is being adapted.
2026-03-22 10:12:17,335 [INFO]   Born-again ← best_fold2.pt (val 91.25%)
2026-03-22 10:12:17,335 [INFO] ── Stage 1: head warmup (5 ep) ──
2026-03-22 10:13:00,671 [INFO]   S1 Ep 1/5  loss=1.6477 acc=43.5%  val=54.0%  43s
2026-03-22 10:13:00,801 [INFO]   ★ best 53.97%
2026-03-22 10:13:27,404 [INFO]   S1 Ep 2/5  loss=1.4288 acc=52.5%  val=62.1%  27s
2026-03-22 10:13:27,574 [INFO]   ★ best 62.14%
2026-03-22 10:13:55,752 [INFO]   S1 Ep 3/5  loss=1.3535 acc=56.5%  val=64.3%  28s
2026-03-22 10:13:55,942 [INFO]   ★ best 64.31%
2026-03-22 10:14:22,020 [INFO]   S1 Ep 4/5  loss=1.3036 acc=59.0%  val=65.2%  26s
2026-03-22 10:14:22,183 [INFO]   ★ best 65.20%
2026-03-22 10:14:50,255 [INFO]   S1 Ep 5/5  loss=1.2905 acc=59.0%  val=65.6%  28s
2026-03-22 10:14:50,430 [INFO]   ★ best 65.60%
2026-03-22 10:14:50,430 [INFO] ── Stage 2: full fine-tune (100 ep, patience 30) ──
2026-03-22 10:14:50,432 [INFO] LLRD: 12 groups, LR [9.49e-06 … 4.00e-05]
2026-03-22 10:15:48,770 [INFO]   S2 Ep   1/100  loss=1.6773 acc=46.0%  val=79.1%  lr=5.27e-06    58s
2026-03-22 10:15:48,977 [INFO]   ★ best 79.14%
2026-03-22 10:16:42,812 [INFO]   S2 Ep   2/100  loss=1.4773 acc=55.9%  val=86.0%  lr=1.49e-05    54s
2026-03-22 10:16:43,038 [INFO]   ★ best 85.99%
2026-03-22 10:17:37,328 [INFO]   S2 Ep   3/100  loss=1.3881 acc=59.4%  val=87.5%  lr=2.68e-05    54s
2026-03-22 10:17:37,562 [INFO]   ★ best 87.52%
2026-03-22 10:18:32,021 [INFO]   S2 Ep   4/100  loss=1.3237 acc=62.1%  val=88.7%  lr=3.63e-05    54s
2026-03-22 10:18:32,217 [INFO]   ★ best 88.70%
2026-03-22 10:19:25,967 [INFO]   S2 Ep   5/100  loss=1.2943 acc=62.9%  val=87.8%  lr=4.00e-05    54s
2026-03-22 10:20:19,998 [INFO]   S2 Ep   6/100  loss=1.2719 acc=63.8%  val=88.1%  lr=4.00e-05    54s
2026-03-22 10:21:13,554 [INFO]   S2 Ep   7/100  loss=1.2524 acc=64.6%  val=88.4%  lr=4.00e-05    54s
2026-03-22 10:22:07,561 [INFO]   S2 Ep   8/100  loss=1.2603 acc=64.5%  val=89.0%  lr=3.99e-05    54s
2026-03-22 10:22:07,788 [INFO]   ★ best 88.98%
2026-03-22 10:23:01,623 [INFO]   S2 Ep   9/100  loss=1.1774 acc=67.7%  val=89.1%  lr=3.98e-05    54s
2026-03-22 10:23:01,808 [INFO]   ★ best 89.11%
2026-03-22 10:23:55,434 [INFO]   S2 Ep  10/100  loss=1.2280 acc=65.7%  val=88.9%  lr=3.97e-05    54s
2026-03-22 10:24:49,144 [INFO]   S2 Ep  11/100  loss=1.1684 acc=68.1%  val=88.8%  lr=3.96e-05    54s
2026-03-22 10:25:42,657 [INFO]   S2 Ep  12/100  loss=1.2163 acc=65.7%  val=89.7%  lr=3.95e-05    54s
2026-03-22 10:25:42,844 [INFO]   ★ best 89.69%
2026-03-22 10:26:36,635 [INFO]   S2 Ep  13/100  loss=1.1714 acc=68.1%  val=89.1%  lr=3.93e-05    54s
2026-03-22 10:27:30,428 [INFO]   S2 Ep  14/100  loss=1.1377 acc=69.2%  val=89.3%  lr=3.91e-05    54s
2026-03-22 10:28:24,701 [INFO]   S2 Ep  15/100  loss=1.1689 acc=67.5%  val=89.0%  lr=3.89e-05    54s
2026-03-22 10:29:18,382 [INFO]   S2 Ep  16/100  loss=1.1559 acc=69.3%  val=88.8%  lr=3.87e-05    54s
2026-03-22 10:30:12,655 [INFO]   S2 Ep  17/100  loss=1.1422 acc=69.0%  val=89.3%  lr=3.84e-05    54s
2026-03-22 10:31:06,574 [INFO]   S2 Ep  18/100  loss=1.1527 acc=68.7%  val=89.1%  lr=3.82e-05    54s
2026-03-22 10:32:01,358 [INFO]   S2 Ep  19/100  loss=1.1527 acc=68.5%  val=89.5%  lr=3.79e-05    55s
2026-03-22 10:32:55,565 [INFO]   S2 Ep  20/100  loss=1.1451 acc=69.0%  val=89.1%  lr=3.76e-05    54s
2026-03-22 10:33:49,523 [INFO]   S2 Ep  21/100  loss=1.1394 acc=70.2%  val=88.2%  lr=3.73e-05    54s
2026-03-22 10:34:43,485 [INFO]   S2 Ep  22/100  loss=1.1498 acc=68.7%  val=89.1%  lr=3.69e-05    54s
2026-03-22 10:35:37,871 [INFO]   S2 Ep  23/100  loss=1.1317 acc=69.5%  val=89.0%  lr=3.66e-05    54s
2026-03-22 10:36:31,545 [INFO]   S2 Ep  24/100  loss=1.1490 acc=68.9%  val=88.9%  lr=3.62e-05    54s
2026-03-22 10:37:25,053 [INFO]   S2 Ep  25/100  loss=1.1234 acc=70.0%  val=88.8%  lr=3.58e-05    54s
2026-03-22 10:38:19,655 [INFO]   S2 Ep  26/100  loss=1.1429 acc=69.2%  val=88.2%  lr=3.54e-05    55s
2026-03-22 10:39:14,055 [INFO]   S2 Ep  27/100  loss=1.1361 acc=69.2%  val=88.8%  lr=3.49e-05    54s
2026-03-22 10:40:08,165 [INFO]   S2 Ep  28/100  loss=1.1118 acc=71.0%  val=88.1%  lr=3.45e-05    54s
2026-03-22 10:41:02,204 [INFO]   S2 Ep  29/100  loss=1.1368 acc=69.0%  val=88.8%  lr=3.40e-05    54s
2026-03-22 10:41:56,642 [INFO]   S2 Ep  30/100  loss=1.1262 acc=70.2%  val=88.6%  lr=3.35e-05    54s
2026-03-22 10:42:50,663 [INFO]   S2 Ep  31/100  loss=1.1426 acc=69.0%  val=89.1%  lr=3.31e-05    54s
2026-03-22 10:43:44,664 [INFO]   S2 Ep  32/100  loss=1.1196 acc=70.0%  val=89.1%  lr=3.25e-05    54s
2026-03-22 10:44:38,020 [INFO]   S2 Ep  33/100  loss=1.1381 acc=68.6%  val=89.7%  lr=3.20e-05    53s
2026-03-22 10:45:32,311 [INFO]   S2 Ep  34/100  loss=1.1061 acc=70.5%  val=89.3%  lr=3.15e-05    54s
2026-03-22 10:46:26,607 [INFO]   S2 Ep  35/100  loss=1.1367 acc=69.1%  val=89.4%  lr=3.09e-05    54s
2026-03-22 10:47:20,884 [INFO]   S2 Ep  36/100  loss=1.1091 acc=70.4%  val=89.3%  lr=3.04e-05    54s
2026-03-22 10:48:14,187 [INFO]   S2 Ep  37/100  loss=1.0812 acc=71.3%  val=89.6%  lr=2.98e-05    53s
2026-03-22 10:49:07,800 [INFO]   S2 Ep  38/100  loss=1.0856 acc=71.7%  val=89.5%  lr=2.92e-05    54s
2026-03-22 10:50:01,072 [INFO]   S2 Ep  39/100  loss=1.0933 acc=70.9%  val=89.2%  lr=2.86e-05    53s
2026-03-22 10:50:54,574 [INFO]   S2 Ep  40/100  loss=1.1096 acc=69.7%  val=89.3%  lr=2.80e-05    54s
2026-03-22 10:51:48,544 [INFO]   S2 Ep  41/100  loss=1.1053 acc=70.8%  val=89.5%  lr=2.74e-05    54s
2026-03-22 10:52:42,171 [INFO]   S2 Ep  42/100  loss=1.0991 acc=70.6%  val=89.8%  lr=2.68e-05    54s
2026-03-22 10:52:42,379 [INFO]   ★ best 89.79%
2026-03-22 10:53:36,090 [INFO]   S2 Ep  43/100  loss=1.0581 acc=72.9%  val=89.5%  lr=2.62e-05    54s
2026-03-22 10:54:30,152 [INFO]   S2 Ep  44/100  loss=1.0858 acc=71.4%  val=89.8%  lr=2.55e-05    54s
2026-03-22 10:54:30,363 [INFO]   ★ best 89.82%
2026-03-22 10:55:24,332 [INFO]   S2 Ep  45/100  loss=1.0971 acc=70.9%  val=89.3%  lr=2.49e-05    54s
2026-03-22 10:56:18,123 [INFO]   S2 Ep  46/100  loss=1.0826 acc=72.4%  val=89.6%  lr=2.43e-05    54s
2026-03-22 10:57:12,125 [INFO]   S2 Ep  47/100  loss=1.0845 acc=71.5%  val=89.2%  lr=2.36e-05    54s
2026-03-22 10:58:06,218 [INFO]   S2 Ep  48/100  loss=1.0755 acc=71.7%  val=89.6%  lr=2.30e-05    54s
2026-03-22 10:59:00,210 [INFO]   S2 Ep  49/100  loss=1.0708 acc=72.1%  val=89.5%  lr=2.23e-05    54s
2026-03-22 10:59:54,143 [INFO]   S2 Ep  50/100  loss=1.0888 acc=71.3%  val=89.5%  lr=2.17e-05    54s
2026-03-22 11:00:48,215 [INFO]   S2 Ep  51/100  loss=1.0682 acc=72.5%  val=89.7%  lr=2.10e-05    54s
2026-03-22 11:01:42,066 [INFO]   S2 Ep  52/100  loss=1.0629 acc=72.5%  val=89.9%  lr=2.03e-05    54s
2026-03-22 11:01:42,276 [INFO]   ★ best 89.93%
2026-03-22 11:02:36,037 [INFO]   S2 Ep  53/100  loss=1.0675 acc=71.7%  val=90.0%  lr=1.97e-05    54s
2026-03-22 11:02:36,241 [INFO]   ★ best 89.96%
2026-03-22 11:03:30,069 [INFO]   S2 Ep  54/100  loss=1.0681 acc=71.7%  val=89.8%  lr=1.90e-05    54s
2026-03-22 11:04:24,723 [INFO]   S2 Ep  55/100  loss=1.0926 acc=71.0%  val=89.5%  lr=1.83e-05    55s
2026-03-22 11:05:18,783 [INFO]   S2 Ep  56/100  loss=1.0576 acc=72.0%  val=89.7%  lr=1.77e-05    54s
2026-03-22 11:06:12,714 [INFO]   S2 Ep  57/100  loss=1.0329 acc=73.2%  val=89.8%  lr=1.70e-05    54s
2026-03-22 11:07:06,567 [INFO]   S2 Ep  58/100  loss=1.0818 acc=71.9%  val=89.9%  lr=1.64e-05    54s
2026-03-22 11:08:00,269 [INFO]   S2 Ep  59/100  loss=1.0937 acc=70.9%  val=89.9%  lr=1.57e-05    54s
2026-03-22 11:08:54,432 [INFO]   S2 Ep  60/100  loss=1.0465 acc=73.0%  val=89.9%  lr=1.51e-05    54s
2026-03-22 11:09:47,723 [INFO]   S2 Ep  61/100  loss=1.0517 acc=73.0%  val=89.4%  lr=1.45e-05    53s
2026-03-22 11:10:41,646 [INFO]   S2 Ep  62/100  loss=1.0568 acc=73.0%  val=89.8%  lr=1.38e-05    54s
2026-03-22 11:11:35,542 [INFO]   S2 Ep  63/100  loss=1.0767 acc=71.2%  val=89.6%  lr=1.32e-05    54s
2026-03-22 11:12:29,143 [INFO]   S2 Ep  64/100  loss=1.0704 acc=72.8%  val=89.9%  lr=1.26e-05    54s
2026-03-22 11:13:22,068 [INFO]   S2 Ep  65/100  loss=1.0735 acc=71.5%  val=89.7%  lr=1.20e-05    53s
2026-03-22 11:14:16,092 [INFO]   S2 Ep  66/100  loss=1.0448 acc=73.2%  val=89.8%  lr=1.14e-05    54s
2026-03-22 11:15:09,612 [INFO]   S2 Ep  67/100  loss=1.0475 acc=73.0%  val=89.8%  lr=1.08e-05    54s
2026-03-22 11:16:03,502 [INFO]   S2 Ep  68/100  loss=1.0700 acc=71.8%  val=89.8%  lr=1.02e-05    54s
2026-03-22 11:16:57,379 [INFO]   S2 Ep  69/100  loss=1.0335 acc=73.3%  val=90.0%  lr=9.62e-06    54s
2026-03-22 11:16:57,589 [INFO]   ★ best 90.03%
2026-03-22 11:17:51,031 [INFO]   S2 Ep  70/100  loss=1.0412 acc=73.5%  val=89.8%  lr=9.06e-06    53s
2026-03-22 11:18:44,854 [INFO]   S2 Ep  71/100  loss=1.0463 acc=72.7%  val=90.2%  lr=8.51e-06    54s
2026-03-22 11:18:45,055 [INFO]   ★ best 90.16%
2026-03-22 11:19:39,008 [INFO]   S2 Ep  72/100  loss=1.0445 acc=72.7%  val=90.0%  lr=7.98e-06    54s
2026-03-22 11:20:32,824 [INFO]   S2 Ep  73/100  loss=1.0515 acc=73.0%  val=89.7%  lr=7.46e-06    54s
2026-03-22 11:21:26,697 [INFO]   S2 Ep  74/100  loss=1.0480 acc=73.0%  val=90.0%  lr=6.95e-06    54s
2026-03-22 11:22:20,966 [INFO]   S2 Ep  75/100  loss=1.0635 acc=72.0%  val=90.1%  lr=6.45e-06    54s
2026-03-22 11:23:14,998 [INFO]   S2 Ep  76/100  loss=1.0579 acc=72.3%  val=89.9%  lr=5.98e-06    54s
2026-03-22 11:24:08,865 [INFO]   S2 Ep  77/100  loss=1.0992 acc=70.2%  val=90.2%  lr=5.51e-06    54s
2026-03-22 11:24:09,086 [INFO]   ★ best 90.20%
2026-03-22 11:25:03,223 [INFO]   S2 Ep  78/100  loss=1.0515 acc=72.7%  val=90.1%  lr=5.06e-06    54s
2026-03-22 11:25:56,680 [INFO]   S2 Ep  79/100  loss=1.0658 acc=72.3%  val=90.2%  lr=4.63e-06    53s
2026-03-22 11:26:50,629 [INFO]   S2 Ep  80/100  loss=1.0743 acc=71.4%  val=90.0%  lr=4.22e-06    54s
2026-03-22 11:27:43,324 [INFO]   S2 Ep  81/100  loss=1.0705 acc=71.7%  val=90.0%  lr=3.82e-06    53s
2026-03-22 11:28:37,460 [INFO]   S2 Ep  82/100  loss=1.0710 acc=71.8%  val=90.1%  lr=3.44e-06    54s
2026-03-22 11:29:31,445 [INFO]   S2 Ep  83/100  loss=1.0465 acc=73.1%  val=90.3%  lr=3.08e-06    54s
2026-03-22 11:29:31,656 [INFO]   ★ best 90.26%
2026-03-22 11:30:24,943 [INFO]   S2 Ep  84/100  loss=1.0642 acc=71.8%  val=90.0%  lr=2.74e-06    53s
2026-03-22 11:31:18,316 [INFO]   S2 Ep  85/100  loss=1.0574 acc=72.4%  val=90.2%  lr=2.41e-06    53s
2026-03-22 11:32:11,750 [INFO]   S2 Ep  86/100  loss=1.0380 acc=73.3%  val=90.1%  lr=2.11e-06    53s
2026-03-22 11:33:05,558 [INFO]   S2 Ep  87/100  loss=1.0469 acc=73.3%  val=90.1%  lr=1.82e-06    54s
2026-03-22 11:33:59,542 [INFO]   S2 Ep  88/100  loss=1.0092 acc=75.0%  val=90.1%  lr=1.56e-06    54s
2026-03-22 11:34:53,396 [INFO]   S2 Ep  89/100  loss=1.0525 acc=72.6%  val=90.2%  lr=1.31e-06    54s
2026-03-22 11:35:47,485 [INFO]   S2 Ep  90/100  loss=1.0524 acc=72.7%  val=90.0%  lr=1.08e-06    54s
2026-03-22 11:36:41,491 [INFO]   S2 Ep  91/100  loss=1.0416 acc=73.1%  val=90.0%  lr=8.80e-07    54s
2026-03-22 11:37:34,542 [INFO]   S2 Ep  92/100  loss=1.0776 acc=71.5%  val=90.0%  lr=6.97e-07    53s
2026-03-22 11:38:27,899 [INFO]   S2 Ep  93/100  loss=1.0384 acc=73.0%  val=90.0%  lr=5.35e-07    53s
2026-03-22 11:39:21,982 [INFO]   S2 Ep  94/100  loss=1.0432 acc=72.7%  val=90.1%  lr=3.94e-07    54s
2026-03-22 11:40:15,452 [INFO]   S2 Ep  95/100  loss=1.0527 acc=73.0%  val=90.1%  lr=2.74e-07    53s
2026-03-22 11:41:09,421 [INFO]   S2 Ep  96/100  loss=1.0500 acc=72.6%  val=90.1%  lr=1.76e-07    54s
2026-03-22 11:42:03,475 [INFO]   S2 Ep  97/100  loss=1.0437 acc=72.9%  val=90.0%  lr=9.98e-08    54s
2026-03-22 11:42:57,187 [INFO]   S2 Ep  98/100  loss=1.0289 acc=73.7%  val=90.0%  lr=4.52e-08    54s
2026-03-22 11:43:50,886 [INFO]   S2 Ep  99/100  loss=1.0303 acc=73.9%  val=90.1%  lr=1.25e-08    54s
2026-03-22 11:44:43,851 [INFO]   S2 Ep 100/100  loss=1.0363 acc=73.4%  val=90.1%  lr=1.60e-09    53s
2026-03-22 11:44:43,852 [INFO] ── Stage 3: SWA (15 ep, lr=4.0e-06) ──
2026-03-22 11:45:37,460 [INFO]   SWA Ep  1/15  loss=1.0601  swa_val=89.7%  53s
2026-03-22 11:46:31,534 [INFO]   SWA Ep  2/15  loss=1.0643  swa_val=89.8%  54s
2026-03-22 11:47:25,035 [INFO]   SWA Ep  3/15  loss=1.0604  swa_val=90.0%  54s
2026-03-22 11:48:18,963 [INFO]   SWA Ep  4/15  loss=1.0773  swa_val=90.1%  54s
2026-03-22 11:49:12,884 [INFO]   SWA Ep  5/15  loss=1.0722  swa_val=90.2%  54s
2026-03-22 11:50:06,287 [INFO]   SWA Ep  6/15  loss=1.0609  swa_val=90.1%  53s
2026-03-22 11:51:00,318 [INFO]   SWA Ep  7/15  loss=1.0718  swa_val=90.1%  54s
2026-03-22 11:51:54,248 [INFO]   SWA Ep  8/15  loss=1.0744  swa_val=90.2%  54s
2026-03-22 11:52:48,147 [INFO]   SWA Ep  9/15  loss=1.0756  swa_val=90.3%  54s
2026-03-22 11:53:42,061 [INFO]   SWA Ep 10/15  loss=1.0317  swa_val=90.2%  54s
2026-03-22 11:54:35,174 [INFO]   SWA Ep 11/15  loss=1.0255  swa_val=90.2%  53s
2026-03-22 11:55:28,436 [INFO]   SWA Ep 12/15  loss=1.0529  swa_val=90.2%  53s
2026-03-22 11:56:22,237 [INFO]   SWA Ep 13/15  loss=1.0151  swa_val=90.2%  54s
2026-03-22 11:57:16,345 [INFO]   SWA Ep 14/15  loss=1.0662  swa_val=90.1%  54s
2026-03-22 11:58:10,429 [INFO]   SWA Ep 15/15  loss=1.0722  swa_val=90.1%  54s
2026-03-22 11:58:10,429 [INFO]   Updating BN stats for SWA model …
2026-03-22 11:58:15,699 [INFO]   SWA final: 90.09% (regular best: 90.26%)
2026-03-22 11:58:15,699 [INFO]   Fold 3 best: 90.26%
2026-03-22 11:58:15,723 [INFO] ================================================================
2026-03-22 11:58:15,723 [INFO] FOLD 4 / 5
2026-03-22 11:58:15,723 [INFO] ================================================================
2026-03-22 11:58:15,725 [INFO]   Train: 11794 | Val: 2948
2026-03-22 11:58:15,952 [INFO] Loading pretrained weights from Hugging Face hub (timm/convnextv2_tiny.fcmae_ft_in22k_in1k)
2026-03-22 11:58:16,020 [INFO] HTTP Request: HEAD https://huggingface.co/timm/convnextv2_tiny.fcmae_ft_in22k_in1k/resolve/main/model.safetensors "HTTP/1.1 302 Found"
2026-03-22 11:58:16,021 [WARNING] Warning: You are sending unauthenticated requests to the HF Hub. Please set a HF_TOKEN to enable higher rate limits and faster downloads.
2026-03-22 11:58:16,022 [INFO] [timm/convnextv2_tiny.fcmae_ft_in22k_in1k] Safe alternative available for 'pytorch_model.bin' (as 'model.safetensors'). Loading weights using safetensors.
2026-03-22 11:58:16,037 [INFO] Missing keys (head.fc.weight, head.fc.bias) discovered while loading pretrained weights. This is expected if model is being adapted.
2026-03-22 11:58:16,164 [INFO]   Born-again ← best_fold3.pt (val 90.98%)
2026-03-22 11:58:16,164 [INFO] ── Stage 1: head warmup (5 ep) ──
2026-03-22 11:58:42,483 [INFO]   S1 Ep 1/5  loss=1.6162 acc=44.4%  val=54.3%  26s
2026-03-22 11:58:42,615 [INFO]   ★ best 54.27%
2026-03-22 11:59:08,501 [INFO]   S1 Ep 2/5  loss=1.4062 acc=54.0%  val=62.1%  26s
2026-03-22 11:59:08,665 [INFO]   ★ best 62.11%
2026-03-22 11:59:34,801 [INFO]   S1 Ep 3/5  loss=1.3353 acc=57.7%  val=65.1%  26s
2026-03-22 11:59:34,957 [INFO]   ★ best 65.13%
2026-03-22 12:00:01,228 [INFO]   S1 Ep 4/5  loss=1.2970 acc=58.7%  val=65.9%  26s
2026-03-22 12:00:01,405 [INFO]   ★ best 65.91%
2026-03-22 12:00:27,855 [INFO]   S1 Ep 5/5  loss=1.2777 acc=60.0%  val=66.1%  26s
2026-03-22 12:00:28,037 [INFO]   ★ best 66.08%
2026-03-22 12:00:28,037 [INFO] ── Stage 2: full fine-tune (100 ep, patience 30) ──
2026-03-22 12:00:28,038 [INFO] LLRD: 12 groups, LR [9.49e-06 … 4.00e-05]
2026-03-22 12:01:21,599 [INFO]   S2 Ep   1/100  loss=1.7118 acc=44.7%  val=78.6%  lr=5.27e-06    54s
2026-03-22 12:01:21,782 [INFO]   ★ best 78.56%
2026-03-22 12:02:15,680 [INFO]   S2 Ep   2/100  loss=1.5079 acc=54.9%  val=84.9%  lr=1.49e-05    54s
2026-03-22 12:02:15,844 [INFO]   ★ best 84.91%
2026-03-22 12:03:09,710 [INFO]   S2 Ep   3/100  loss=1.3964 acc=59.7%  val=86.7%  lr=2.68e-05    54s
2026-03-22 12:03:09,884 [INFO]   ★ best 86.74%
2026-03-22 12:04:04,134 [INFO]   S2 Ep   4/100  loss=1.3029 acc=63.6%  val=88.4%  lr=3.63e-05    54s
2026-03-22 12:04:04,307 [INFO]   ★ best 88.36%
2026-03-22 12:04:58,066 [INFO]   S2 Ep   5/100  loss=1.2899 acc=63.4%  val=88.1%  lr=4.00e-05    54s
2026-03-22 12:05:51,913 [INFO]   S2 Ep   6/100  loss=1.2630 acc=63.7%  val=89.4%  lr=4.00e-05    54s
2026-03-22 12:05:52,088 [INFO]   ★ best 89.38%
2026-03-22 12:06:45,380 [INFO]   S2 Ep   7/100  loss=1.2131 acc=66.9%  val=88.2%  lr=4.00e-05    53s
2026-03-22 12:07:39,334 [INFO]   S2 Ep   8/100  loss=1.1924 acc=67.3%  val=88.5%  lr=3.99e-05    54s
2026-03-22 12:08:33,311 [INFO]   S2 Ep   9/100  loss=1.1677 acc=68.6%  val=88.8%  lr=3.98e-05    54s
2026-03-22 12:09:27,220 [INFO]   S2 Ep  10/100  loss=1.2174 acc=65.6%  val=88.9%  lr=3.97e-05    54s
2026-03-22 12:10:21,129 [INFO]   S2 Ep  11/100  loss=1.1804 acc=67.9%  val=88.6%  lr=3.96e-05    54s
2026-03-22 12:11:15,242 [INFO]   S2 Ep  12/100  loss=1.1494 acc=69.0%  val=89.2%  lr=3.95e-05    54s
2026-03-22 12:12:08,929 [INFO]   S2 Ep  13/100  loss=1.1432 acc=69.5%  val=88.3%  lr=3.93e-05    54s
2026-03-22 12:13:02,233 [INFO]   S2 Ep  14/100  loss=1.1448 acc=69.6%  val=89.0%  lr=3.91e-05    53s
2026-03-22 12:13:56,202 [INFO]   S2 Ep  15/100  loss=1.1489 acc=69.0%  val=89.1%  lr=3.89e-05    54s
2026-03-22 12:14:50,398 [INFO]   S2 Ep  16/100  loss=1.1159 acc=70.1%  val=89.7%  lr=3.87e-05    54s
2026-03-22 12:14:50,576 [INFO]   ★ best 89.72%
2026-03-22 12:15:44,864 [INFO]   S2 Ep  17/100  loss=1.1604 acc=68.5%  val=89.1%  lr=3.84e-05    54s
2026-03-22 12:16:38,337 [INFO]   S2 Ep  18/100  loss=1.1108 acc=70.4%  val=89.3%  lr=3.82e-05    53s
2026-03-22 12:17:32,100 [INFO]   S2 Ep  19/100  loss=1.1562 acc=68.5%  val=89.2%  lr=3.79e-05    54s
2026-03-22 12:18:26,118 [INFO]   S2 Ep  20/100  loss=1.1339 acc=69.5%  val=89.4%  lr=3.76e-05    54s
2026-03-22 12:19:19,548 [INFO]   S2 Ep  21/100  loss=1.1430 acc=69.2%  val=89.8%  lr=3.73e-05    53s
2026-03-22 12:19:19,710 [INFO]   ★ best 89.82%
2026-03-22 12:20:12,922 [INFO]   S2 Ep  22/100  loss=1.0923 acc=71.3%  val=89.4%  lr=3.69e-05    53s
2026-03-22 12:21:06,858 [INFO]   S2 Ep  23/100  loss=1.1486 acc=69.0%  val=89.1%  lr=3.66e-05    54s
2026-03-22 12:22:00,228 [INFO]   S2 Ep  24/100  loss=1.1041 acc=71.0%  val=89.1%  lr=3.62e-05    53s
2026-03-22 12:22:54,087 [INFO]   S2 Ep  25/100  loss=1.1372 acc=69.8%  val=89.3%  lr=3.58e-05    54s
2026-03-22 12:23:47,918 [INFO]   S2 Ep  26/100  loss=1.0819 acc=72.0%  val=89.2%  lr=3.54e-05    54s
2026-03-22 12:24:41,852 [INFO]   S2 Ep  27/100  loss=1.1434 acc=68.9%  val=88.9%  lr=3.49e-05    54s
2026-03-22 12:25:35,282 [INFO]   S2 Ep  28/100  loss=1.1616 acc=68.0%  val=89.7%  lr=3.45e-05    53s
2026-03-22 12:26:29,482 [INFO]   S2 Ep  29/100  loss=1.1225 acc=70.1%  val=89.2%  lr=3.40e-05    54s
2026-03-22 12:27:23,217 [INFO]   S2 Ep  30/100  loss=1.1320 acc=69.5%  val=89.1%  lr=3.35e-05    54s
2026-03-22 12:28:17,703 [INFO]   S2 Ep  31/100  loss=1.1248 acc=69.3%  val=89.3%  lr=3.31e-05    54s
2026-03-22 12:29:10,641 [INFO]   S2 Ep  32/100  loss=1.1213 acc=69.9%  val=89.3%  lr=3.25e-05    53s
2026-03-22 12:30:04,673 [INFO]   S2 Ep  33/100  loss=1.1316 acc=69.6%  val=89.2%  lr=3.20e-05    54s
2026-03-22 12:30:58,417 [INFO]   S2 Ep  34/100  loss=1.0902 acc=71.4%  val=89.7%  lr=3.15e-05    54s
2026-03-22 12:31:52,200 [INFO]   S2 Ep  35/100  loss=1.1632 acc=68.3%  val=88.8%  lr=3.09e-05    54s
2026-03-22 12:32:45,123 [INFO]   S2 Ep  36/100  loss=1.0907 acc=71.8%  val=89.3%  lr=3.04e-05    53s
2026-03-22 12:33:38,627 [INFO]   S2 Ep  37/100  loss=1.0807 acc=71.2%  val=89.1%  lr=2.98e-05    54s
2026-03-22 12:34:32,473 [INFO]   S2 Ep  38/100  loss=1.1061 acc=70.3%  val=89.3%  lr=2.92e-05    54s
2026-03-22 12:35:26,232 [INFO]   S2 Ep  39/100  loss=1.1323 acc=69.5%  val=89.4%  lr=2.86e-05    54s
2026-03-22 12:36:20,053 [INFO]   S2 Ep  40/100  loss=1.1155 acc=69.7%  val=89.6%  lr=2.80e-05    54s
2026-03-22 12:37:13,405 [INFO]   S2 Ep  41/100  loss=1.0958 acc=70.9%  val=89.1%  lr=2.74e-05    53s
2026-03-22 12:38:07,626 [INFO]   S2 Ep  42/100  loss=1.0887 acc=71.8%  val=89.7%  lr=2.68e-05    54s
2026-03-22 12:39:01,639 [INFO]   S2 Ep  43/100  loss=1.0780 acc=71.2%  val=89.4%  lr=2.62e-05    54s
2026-03-22 12:39:55,707 [INFO]   S2 Ep  44/100  loss=1.1109 acc=70.0%  val=89.2%  lr=2.55e-05    54s
2026-03-22 12:40:49,583 [INFO]   S2 Ep  45/100  loss=1.0592 acc=72.4%  val=89.2%  lr=2.49e-05    54s
2026-03-22 12:41:43,166 [INFO]   S2 Ep  46/100  loss=1.0902 acc=71.0%  val=89.4%  lr=2.43e-05    54s
2026-03-22 12:42:36,717 [INFO]   S2 Ep  47/100  loss=1.0897 acc=71.3%  val=89.7%  lr=2.36e-05    54s
2026-03-22 12:43:30,632 [INFO]   S2 Ep  48/100  loss=1.0820 acc=71.6%  val=89.7%  lr=2.30e-05    54s
2026-03-22 12:44:24,503 [INFO]   S2 Ep  49/100  loss=1.1070 acc=69.8%  val=89.6%  lr=2.23e-05    54s
2026-03-22 12:45:18,877 [INFO]   S2 Ep  50/100  loss=1.0654 acc=72.7%  val=89.7%  lr=2.17e-05    54s
2026-03-22 12:46:12,413 [INFO]   S2 Ep  51/100  loss=1.0748 acc=71.9%  val=88.9%  lr=2.10e-05    54s
2026-03-22 12:46:12,414 [INFO]   Early stop at ep 51
2026-03-22 12:46:12,415 [INFO] ── Stage 3: SWA (15 ep, lr=4.0e-06) ──
2026-03-22 12:47:06,359 [INFO]   SWA Ep  1/15  loss=1.1002  swa_val=90.1%  54s
2026-03-22 12:47:59,994 [INFO]   SWA Ep  2/15  loss=1.1554  swa_val=90.4%  54s
2026-03-22 12:48:53,731 [INFO]   SWA Ep  3/15  loss=1.1391  swa_val=90.5%  54s
2026-03-22 12:49:47,721 [INFO]   SWA Ep  4/15  loss=1.1185  swa_val=90.2%  54s
2026-03-22 12:50:41,551 [INFO]   SWA Ep  5/15  loss=1.0679  swa_val=90.3%  54s
2026-03-22 12:51:35,331 [INFO]   SWA Ep  6/15  loss=1.1166  swa_val=90.3%  54s
2026-03-22 12:52:29,559 [INFO]   SWA Ep  7/15  loss=1.1248  swa_val=90.2%  54s
2026-03-22 12:53:23,075 [INFO]   SWA Ep  8/15  loss=1.0966  swa_val=90.2%  54s
2026-03-22 12:54:17,054 [INFO]   SWA Ep  9/15  loss=1.1091  swa_val=90.3%  54s
2026-03-22 12:55:10,449 [INFO]   SWA Ep 10/15  loss=1.0793  swa_val=90.4%  53s
2026-03-22 12:56:04,378 [INFO]   SWA Ep 11/15  loss=1.1160  swa_val=90.4%  54s
2026-03-22 12:56:58,490 [INFO]   SWA Ep 12/15  loss=1.1159  swa_val=90.4%  54s
2026-03-22 12:57:52,464 [INFO]   SWA Ep 13/15  loss=1.1079  swa_val=90.6%  54s
2026-03-22 12:58:46,344 [INFO]   SWA Ep 14/15  loss=1.1060  swa_val=90.6%  54s
2026-03-22 12:59:40,268 [INFO]   SWA Ep 15/15  loss=1.1231  swa_val=90.5%  54s
2026-03-22 12:59:40,268 [INFO]   Updating BN stats for SWA model …
2026-03-22 12:59:45,731 [INFO]   SWA final: 90.54% (regular best: 89.82%)
2026-03-22 12:59:45,924 [INFO]   ★ SWA beats regular! 90.54%
2026-03-22 12:59:45,924 [INFO]   Fold 4 best: 90.54%
2026-03-22 12:59:45,939 [INFO] ================================================================
2026-03-22 12:59:45,939 [INFO] FOLD 5 / 5
2026-03-22 12:59:45,939 [INFO] ================================================================
2026-03-22 12:59:45,941 [INFO]   Train: 11794 | Val: 2948
2026-03-22 12:59:46,154 [INFO] Loading pretrained weights from Hugging Face hub (timm/convnextv2_tiny.fcmae_ft_in22k_in1k)
2026-03-22 12:59:51,226 [INFO] HTTP Request: HEAD https://huggingface.co/timm/convnextv2_tiny.fcmae_ft_in22k_in1k/resolve/main/model.safetensors "HTTP/1.1 302 Found"
2026-03-22 12:59:51,227 [INFO] [timm/convnextv2_tiny.fcmae_ft_in22k_in1k] Safe alternative available for 'pytorch_model.bin' (as 'model.safetensors'). Loading weights using safetensors.
2026-03-22 12:59:51,242 [INFO] Missing keys (head.fc.weight, head.fc.bias) discovered while loading pretrained weights. This is expected if model is being adapted.
2026-03-22 12:59:51,381 [INFO]   Born-again ← best_fold4.pt (val 89.08%)
2026-03-22 12:59:51,381 [INFO] ── Stage 1: head warmup (5 ep) ──
2026-03-22 13:00:17,955 [INFO]   S1 Ep 1/5  loss=1.6441 acc=43.0%  val=54.4%  27s
2026-03-22 13:00:18,093 [INFO]   ★ best 54.41%
2026-03-22 13:00:44,347 [INFO]   S1 Ep 2/5  loss=1.4302 acc=53.2%  val=62.1%  26s
2026-03-22 13:00:44,666 [INFO]   ★ best 62.14%
2026-03-22 13:01:10,622 [INFO]   S1 Ep 3/5  loss=1.3672 acc=56.2%  val=65.5%  26s
2026-03-22 13:01:10,796 [INFO]   ★ best 65.47%
2026-03-22 13:01:36,647 [INFO]   S1 Ep 4/5  loss=1.3086 acc=58.8%  val=65.8%  26s
2026-03-22 13:01:36,830 [INFO]   ★ best 65.77%
2026-03-22 13:02:03,434 [INFO]   S1 Ep 5/5  loss=1.2792 acc=59.9%  val=66.3%  27s
2026-03-22 13:02:03,601 [INFO]   ★ best 66.32%
2026-03-22 13:02:03,601 [INFO] ── Stage 2: full fine-tune (100 ep, patience 30) ──
2026-03-22 13:02:03,602 [INFO] LLRD: 12 groups, LR [9.49e-06 … 4.00e-05]
2026-03-22 13:02:57,179 [INFO]   S2 Ep   1/100  loss=1.7343 acc=44.0%  val=76.8%  lr=5.27e-06    54s
2026-03-22 13:02:57,354 [INFO]   ★ best 76.76%
2026-03-22 13:03:51,260 [INFO]   S2 Ep   2/100  loss=1.5936 acc=50.9%  val=83.3%  lr=1.49e-05    54s
2026-03-22 13:03:51,420 [INFO]   ★ best 83.34%
2026-03-22 13:04:45,310 [INFO]   S2 Ep   3/100  loss=1.4379 acc=57.3%  val=85.1%  lr=2.68e-05    54s
2026-03-22 13:04:45,464 [INFO]   ★ best 85.11%
2026-03-22 13:05:39,820 [INFO]   S2 Ep   4/100  loss=1.3702 acc=60.2%  val=85.6%  lr=3.63e-05    54s
2026-03-22 13:05:39,979 [INFO]   ★ best 85.62%
2026-03-22 13:06:33,729 [INFO]   S2 Ep   5/100  loss=1.3919 acc=59.4%  val=85.7%  lr=4.00e-05    54s
2026-03-22 13:06:33,894 [INFO]   ★ best 85.72%
2026-03-22 13:07:27,564 [INFO]   S2 Ep   6/100  loss=1.3520 acc=61.2%  val=85.5%  lr=4.00e-05    54s
2026-03-22 13:08:21,708 [INFO]   S2 Ep   7/100  loss=1.3233 acc=61.7%  val=86.4%  lr=4.00e-05    54s
2026-03-22 13:08:21,863 [INFO]   ★ best 86.36%
2026-03-22 13:09:15,009 [INFO]   S2 Ep   8/100  loss=1.3029 acc=62.8%  val=86.2%  lr=3.99e-05    53s
2026-03-22 13:10:08,529 [INFO]   S2 Ep   9/100  loss=1.3154 acc=62.1%  val=86.4%  lr=3.98e-05    54s
2026-03-22 13:11:02,357 [INFO]   S2 Ep  10/100  loss=1.3134 acc=62.4%  val=86.9%  lr=3.97e-05    54s
2026-03-22 13:11:02,522 [INFO]   ★ best 86.94%
2026-03-22 13:11:56,315 [INFO]   S2 Ep  11/100  loss=1.2931 acc=63.0%  val=87.0%  lr=3.96e-05    54s
2026-03-22 13:11:56,474 [INFO]   ★ best 86.97%
2026-03-22 13:12:49,861 [INFO]   S2 Ep  12/100  loss=1.2920 acc=63.1%  val=86.9%  lr=3.95e-05    53s
2026-03-22 13:13:43,387 [INFO]   S2 Ep  13/100  loss=1.2844 acc=63.7%  val=87.0%  lr=3.93e-05    54s
2026-03-22 13:13:43,541 [INFO]   ★ best 87.04%
2026-03-22 13:14:37,690 [INFO]   S2 Ep  14/100  loss=1.2953 acc=63.1%  val=87.4%  lr=3.91e-05    54s
2026-03-22 13:14:37,856 [INFO]   ★ best 87.42%
2026-03-22 13:15:31,871 [INFO]   S2 Ep  15/100  loss=1.2848 acc=63.6%  val=87.1%  lr=3.89e-05    54s
2026-03-22 13:16:25,574 [INFO]   S2 Ep  16/100  loss=1.2350 acc=66.2%  val=86.9%  lr=3.87e-05    54s
2026-03-22 13:17:19,614 [INFO]   S2 Ep  17/100  loss=1.2653 acc=64.4%  val=86.6%  lr=3.84e-05    54s
2026-03-22 13:18:13,540 [INFO]   S2 Ep  18/100  loss=1.2680 acc=64.1%  val=87.0%  lr=3.82e-05    54s
2026-03-22 13:19:07,407 [INFO]   S2 Ep  19/100  loss=1.2657 acc=64.5%  val=87.2%  lr=3.79e-05    54s
2026-03-22 13:20:01,246 [INFO]   S2 Ep  20/100  loss=1.1895 acc=67.8%  val=87.4%  lr=3.76e-05    54s
2026-03-22 13:20:54,804 [INFO]   S2 Ep  21/100  loss=1.2125 acc=66.6%  val=87.4%  lr=3.73e-05    54s
2026-03-22 13:20:54,968 [INFO]   ★ best 87.45%
2026-03-22 13:21:49,062 [INFO]   S2 Ep  22/100  loss=1.2223 acc=66.5%  val=87.2%  lr=3.69e-05    54s
2026-03-22 13:22:42,998 [INFO]   S2 Ep  23/100  loss=1.2262 acc=66.1%  val=87.0%  lr=3.66e-05    54s
2026-03-22 13:23:36,100 [INFO]   S2 Ep  24/100  loss=1.2137 acc=66.6%  val=87.3%  lr=3.62e-05    53s
2026-03-22 13:24:30,113 [INFO]   S2 Ep  25/100  loss=1.2018 acc=67.2%  val=87.1%  lr=3.58e-05    54s
2026-03-22 13:25:24,626 [INFO]   S2 Ep  26/100  loss=1.2260 acc=66.1%  val=87.3%  lr=3.54e-05    55s
2026-03-22 13:26:18,561 [INFO]   S2 Ep  27/100  loss=1.1954 acc=67.2%  val=87.4%  lr=3.49e-05    54s
2026-03-22 13:27:12,090 [INFO]   S2 Ep  28/100  loss=1.1937 acc=67.3%  val=87.4%  lr=3.45e-05    54s
2026-03-22 13:28:05,978 [INFO]   S2 Ep  29/100  loss=1.2089 acc=66.8%  val=87.9%  lr=3.40e-05    54s
2026-03-22 13:28:06,150 [INFO]   ★ best 87.86%
2026-03-22 13:28:59,982 [INFO]   S2 Ep  30/100  loss=1.1999 acc=67.3%  val=87.3%  lr=3.35e-05    54s
2026-03-22 13:29:53,969 [INFO]   S2 Ep  31/100  loss=1.2112 acc=66.7%  val=87.3%  lr=3.31e-05    54s
2026-03-22 13:30:48,473 [INFO]   S2 Ep  32/100  loss=1.2087 acc=67.0%  val=87.8%  lr=3.25e-05    55s
2026-03-22 13:31:41,687 [INFO]   S2 Ep  33/100  loss=1.1836 acc=67.5%  val=87.2%  lr=3.20e-05    53s
2026-03-22 13:32:35,625 [INFO]   S2 Ep  34/100  loss=1.2318 acc=65.6%  val=87.8%  lr=3.15e-05    54s
2026-03-22 13:33:29,622 [INFO]   S2 Ep  35/100  loss=1.2191 acc=65.9%  val=87.7%  lr=3.09e-05    54s
2026-03-22 13:34:23,589 [INFO]   S2 Ep  36/100  loss=1.2176 acc=66.6%  val=87.7%  lr=3.04e-05    54s
2026-03-22 13:35:17,619 [INFO]   S2 Ep  37/100  loss=1.1699 acc=68.4%  val=88.1%  lr=2.98e-05    54s
2026-03-22 13:35:17,801 [INFO]   ★ best 88.13%
2026-03-22 13:36:11,731 [INFO]   S2 Ep  38/100  loss=1.1746 acc=68.8%  val=87.7%  lr=2.92e-05    54s
2026-03-22 13:37:05,705 [INFO]   S2 Ep  39/100  loss=1.1861 acc=68.0%  val=87.6%  lr=2.86e-05    54s
2026-03-22 13:37:59,286 [INFO]   S2 Ep  40/100  loss=1.1582 acc=69.4%  val=87.6%  lr=2.80e-05    54s
2026-03-22 13:38:52,421 [INFO]   S2 Ep  41/100  loss=1.1584 acc=69.2%  val=88.4%  lr=2.74e-05    53s
2026-03-22 13:38:52,577 [INFO]   ★ best 88.43%
2026-03-22 13:39:46,471 [INFO]   S2 Ep  42/100  loss=1.1805 acc=67.6%  val=87.9%  lr=2.68e-05    54s
2026-03-22 13:40:40,799 [INFO]   S2 Ep  43/100  loss=1.1753 acc=68.0%  val=88.3%  lr=2.62e-05    54s
2026-03-22 13:41:34,046 [INFO]   S2 Ep  44/100  loss=1.1429 acc=70.0%  val=87.6%  lr=2.55e-05    53s
2026-03-22 13:42:27,759 [INFO]   S2 Ep  45/100  loss=1.1738 acc=68.1%  val=87.7%  lr=2.49e-05    54s
2026-03-22 13:43:21,953 [INFO]   S2 Ep  46/100  loss=1.1801 acc=68.0%  val=88.0%  lr=2.43e-05    54s
2026-03-22 13:44:15,875 [INFO]   S2 Ep  47/100  loss=1.1866 acc=67.5%  val=88.0%  lr=2.36e-05    54s
2026-03-22 13:45:09,702 [INFO]   S2 Ep  48/100  loss=1.1738 acc=68.7%  val=88.4%  lr=2.30e-05    54s
2026-03-22 13:46:03,645 [INFO]   S2 Ep  49/100  loss=1.1628 acc=68.7%  val=88.6%  lr=2.23e-05    54s
2026-03-22 13:46:03,813 [INFO]   ★ best 88.64%
2026-03-22 13:46:57,157 [INFO]   S2 Ep  50/100  loss=1.1446 acc=69.6%  val=88.6%  lr=2.17e-05    53s
2026-03-22 13:47:51,144 [INFO]   S2 Ep  51/100  loss=1.1838 acc=68.3%  val=88.4%  lr=2.10e-05    54s
2026-03-22 13:48:45,007 [INFO]   S2 Ep  52/100  loss=1.1531 acc=69.5%  val=88.7%  lr=2.03e-05    54s
2026-03-22 13:48:45,246 [INFO]   ★ best 88.67%
2026-03-22 13:49:39,405 [INFO]   S2 Ep  53/100  loss=1.1281 acc=70.3%  val=88.0%  lr=1.97e-05    54s
2026-03-22 13:50:33,497 [INFO]   S2 Ep  54/100  loss=1.1580 acc=68.7%  val=88.3%  lr=1.90e-05    54s
2026-03-22 13:51:27,339 [INFO]   S2 Ep  55/100  loss=1.1495 acc=69.3%  val=89.0%  lr=1.83e-05    54s
2026-03-22 13:51:27,510 [INFO]   ★ best 89.04%
2026-03-22 13:52:20,975 [INFO]   S2 Ep  56/100  loss=1.1600 acc=68.9%  val=88.5%  lr=1.77e-05    53s
2026-03-22 13:53:14,584 [INFO]   S2 Ep  57/100  loss=1.1202 acc=71.1%  val=88.8%  lr=1.70e-05    54s
2026-03-22 13:54:08,176 [INFO]   S2 Ep  58/100  loss=1.1219 acc=70.3%  val=88.8%  lr=1.64e-05    54s
2026-03-22 13:55:02,129 [INFO]   S2 Ep  59/100  loss=1.1701 acc=68.0%  val=89.1%  lr=1.57e-05    54s
2026-03-22 13:55:02,283 [INFO]   ★ best 89.15%
2026-03-22 13:55:56,259 [INFO]   S2 Ep  60/100  loss=1.1739 acc=68.0%  val=88.9%  lr=1.51e-05    54s
2026-03-22 13:56:49,584 [INFO]   S2 Ep  61/100  loss=1.1723 acc=67.7%  val=88.4%  lr=1.45e-05    53s
2026-03-22 13:57:42,603 [INFO]   S2 Ep  62/100  loss=1.1361 acc=69.6%  val=89.1%  lr=1.38e-05    53s
2026-03-22 13:58:36,812 [INFO]   S2 Ep  63/100  loss=1.1533 acc=68.9%  val=89.1%  lr=1.32e-05    54s
2026-03-22 13:59:30,984 [INFO]   S2 Ep  64/100  loss=1.1643 acc=68.5%  val=88.8%  lr=1.26e-05    54s
2026-03-22 14:00:24,812 [INFO]   S2 Ep  65/100  loss=1.1655 acc=68.8%  val=89.0%  lr=1.20e-05    54s
2026-03-22 14:01:18,741 [INFO]   S2 Ep  66/100  loss=1.1188 acc=70.4%  val=88.8%  lr=1.14e-05    54s
2026-03-22 14:02:12,665 [INFO]   S2 Ep  67/100  loss=1.0897 acc=71.6%  val=88.9%  lr=1.08e-05    54s
2026-03-22 14:03:06,676 [INFO]   S2 Ep  68/100  loss=1.1484 acc=69.6%  val=88.7%  lr=1.02e-05    54s
2026-03-22 14:04:00,926 [INFO]   S2 Ep  69/100  loss=1.1177 acc=71.1%  val=89.0%  lr=9.62e-06    54s
2026-03-22 14:04:54,960 [INFO]   S2 Ep  70/100  loss=1.1246 acc=70.0%  val=89.3%  lr=9.06e-06    54s
2026-03-22 14:04:55,132 [INFO]   ★ best 89.28%
2026-03-22 14:05:49,751 [INFO]   S2 Ep  71/100  loss=1.1424 acc=69.9%  val=88.9%  lr=8.51e-06    55s
2026-03-22 14:06:43,860 [INFO]   S2 Ep  72/100  loss=1.1203 acc=70.7%  val=88.8%  lr=7.98e-06    54s
2026-03-22 14:07:37,605 [INFO]   S2 Ep  73/100  loss=1.1335 acc=69.9%  val=89.2%  lr=7.46e-06    54s
2026-03-22 14:08:31,966 [INFO]   S2 Ep  74/100  loss=1.0962 acc=71.6%  val=88.9%  lr=6.95e-06    54s
2026-03-22 14:09:25,502 [INFO]   S2 Ep  75/100  loss=1.1170 acc=70.6%  val=88.8%  lr=6.45e-06    54s
2026-03-22 14:10:19,508 [INFO]   S2 Ep  76/100  loss=1.1131 acc=70.9%  val=89.1%  lr=5.98e-06    54s
2026-03-22 14:11:13,601 [INFO]   S2 Ep  77/100  loss=1.1116 acc=71.0%  val=89.1%  lr=5.51e-06    54s
2026-03-22 14:12:07,747 [INFO]   S2 Ep  78/100  loss=1.1426 acc=69.4%  val=88.8%  lr=5.06e-06    54s
2026-03-22 14:13:01,304 [INFO]   S2 Ep  79/100  loss=1.1211 acc=70.4%  val=89.0%  lr=4.63e-06    54s
2026-03-22 14:13:54,931 [INFO]   S2 Ep  80/100  loss=1.0923 acc=71.9%  val=89.1%  lr=4.22e-06    54s
2026-03-22 14:14:48,298 [INFO]   S2 Ep  81/100  loss=1.1438 acc=69.9%  val=89.2%  lr=3.82e-06    53s
2026-03-22 14:15:42,106 [INFO]   S2 Ep  82/100  loss=1.0811 acc=72.2%  val=89.1%  lr=3.44e-06    54s
2026-03-22 14:16:36,101 [INFO]   S2 Ep  83/100  loss=1.1028 acc=71.3%  val=89.3%  lr=3.08e-06    54s
2026-03-22 14:17:30,253 [INFO]   S2 Ep  84/100  loss=1.1196 acc=70.7%  val=89.0%  lr=2.74e-06    54s
2026-03-22 14:18:24,616 [INFO]   S2 Ep  85/100  loss=1.1203 acc=70.7%  val=89.0%  lr=2.41e-06    54s
2026-03-22 14:19:17,841 [INFO]   S2 Ep  86/100  loss=1.1563 acc=68.7%  val=89.0%  lr=2.11e-06    53s
2026-03-22 14:20:12,346 [INFO]   S2 Ep  87/100  loss=1.1143 acc=70.4%  val=89.0%  lr=1.82e-06    55s
2026-03-22 14:21:06,141 [INFO]   S2 Ep  88/100  loss=1.1432 acc=69.5%  val=89.1%  lr=1.56e-06    54s
2026-03-22 14:21:59,433 [INFO]   S2 Ep  89/100  loss=1.0851 acc=72.2%  val=89.1%  lr=1.31e-06    53s
2026-03-22 14:22:53,671 [INFO]   S2 Ep  90/100  loss=1.1043 acc=71.0%  val=89.1%  lr=1.08e-06    54s
2026-03-22 14:23:47,858 [INFO]   S2 Ep  91/100  loss=1.1357 acc=69.5%  val=89.2%  lr=8.80e-07    54s
2026-03-22 14:24:41,710 [INFO]   S2 Ep  92/100  loss=1.0847 acc=72.3%  val=89.2%  lr=6.97e-07    54s
2026-03-22 14:25:35,257 [INFO]   S2 Ep  93/100  loss=1.1699 acc=68.4%  val=89.2%  lr=5.35e-07    54s
2026-03-22 14:26:28,841 [INFO]   S2 Ep  94/100  loss=1.1377 acc=69.9%  val=89.1%  lr=3.94e-07    54s
2026-03-22 14:27:23,042 [INFO]   S2 Ep  95/100  loss=1.1098 acc=70.9%  val=89.1%  lr=2.74e-07    54s
2026-03-22 14:28:16,935 [INFO]   S2 Ep  96/100  loss=1.1302 acc=70.1%  val=89.2%  lr=1.76e-07    54s
2026-03-22 14:29:10,244 [INFO]   S2 Ep  97/100  loss=1.1025 acc=71.6%  val=89.2%  lr=9.98e-08    53s
2026-03-22 14:30:04,653 [INFO]   S2 Ep  98/100  loss=1.1364 acc=69.9%  val=89.2%  lr=4.52e-08    54s
2026-03-22 14:30:58,334 [INFO]   S2 Ep  99/100  loss=1.0861 acc=72.1%  val=89.2%  lr=1.25e-08    54s
2026-03-22 14:31:52,588 [INFO]   S2 Ep 100/100  loss=1.0979 acc=72.0%  val=89.2%  lr=1.60e-09    54s
2026-03-22 14:31:52,589 [INFO]   Early stop at ep 100
2026-03-22 14:31:52,590 [INFO] ── Stage 3: SWA (15 ep, lr=4.0e-06) ──
2026-03-22 14:32:46,194 [INFO]   SWA Ep  1/15  loss=1.1414  swa_val=89.0%  53s
2026-03-22 14:33:39,942 [INFO]   SWA Ep  2/15  loss=1.1109  swa_val=89.2%  54s
2026-03-22 14:34:33,902 [INFO]   SWA Ep  3/15  loss=1.1133  swa_val=89.3%  54s
2026-03-22 14:35:27,727 [INFO]   SWA Ep  4/15  loss=1.1539  swa_val=89.2%  54s
2026-03-22 14:36:21,871 [INFO]   SWA Ep  5/15  loss=1.1278  swa_val=89.3%  54s
2026-03-22 14:37:15,975 [INFO]   SWA Ep  6/15  loss=1.1343  swa_val=89.2%  54s
2026-03-22 14:38:10,305 [INFO]   SWA Ep  7/15  loss=1.1420  swa_val=89.3%  54s
2026-03-22 14:39:04,880 [INFO]   SWA Ep  8/15  loss=1.1668  swa_val=89.4%  55s
2026-03-22 14:39:58,588 [INFO]   SWA Ep  9/15  loss=1.1255  swa_val=89.5%  54s
2026-03-22 14:40:52,834 [INFO]   SWA Ep 10/15  loss=1.1260  swa_val=89.5%  54s
2026-03-22 14:41:47,305 [INFO]   SWA Ep 11/15  loss=1.1407  swa_val=89.3%  54s
2026-03-22 14:42:41,293 [INFO]   SWA Ep 12/15  loss=1.1417  swa_val=89.3%  54s
2026-03-22 14:43:35,551 [INFO]   SWA Ep 13/15  loss=1.1306  swa_val=89.4%  54s
2026-03-22 14:44:29,315 [INFO]   SWA Ep 14/15  loss=1.0963  swa_val=89.4%  54s
2026-03-22 14:45:22,873 [INFO]   SWA Ep 15/15  loss=1.1399  swa_val=89.4%  54s
2026-03-22 14:45:22,874 [INFO]   Updating BN stats for SWA model …
2026-03-22 14:45:27,966 [INFO]   SWA final: 89.42% (regular best: 89.28%)
2026-03-22 14:45:28,145 [INFO]   ★ SWA beats regular! 89.42%
2026-03-22 14:45:28,145 [INFO]   Fold 5 best: 89.42%
2026-03-22 14:45:28,159 [INFO] ================================================================
2026-03-22 14:45:28,159 [INFO] 5-FOLD CV
2026-03-22 14:45:28,159 [INFO] ================================================================
2026-03-22 14:45:28,159 [INFO]   Fold 1 : 90.54%
2026-03-22 14:45:28,159 [INFO]   Fold 2 : 88.13%
2026-03-22 14:45:28,159 [INFO]   Fold 3 : 90.26%
2026-03-22 14:45:28,159 [INFO]   Fold 4 : 90.54%
2026-03-22 14:45:28,159 [INFO]   Fold 5 : 89.42%
2026-03-22 14:45:28,159 [INFO]   Mean: 89.78% ± 0.92%
2026-03-22 14:53:39,076 [INFO] TTA changed 147 / 9828 (1.5%)
2026-03-22 14:53:39,084 [INFO] Done.
