2026-03-23 12:18:02,944 [INFO] GPU: NVIDIA H200
2026-03-23 12:18:02,945 [INFO] Config: {
  "data_dir": "/data/slr/track2_",
  "output_dir": "/data/slr/checkpoints_v83",
  "max_frames": 48,
  "img_size": 224,
  "n_classes": 126,
  "channel_means": [
    -64.3217,
    -62.9119,
    -63.9254
  ],
  "channel_stds": [
    12.5721,
    11.662,
    11.7259
  ],
  "n_folds": 5,
  "batch_size": 48,
  "num_workers": 2,
  "stage1_epochs": 10,
  "stage1_lr": 0.0002,
  "stage2_epochs": 200,
  "stage2_lr": 4e-05,
  "swa_epochs": 20,
  "swa_lr": 4e-06,
  "weight_decay": 0.05,
  "warmup_pct": 0.05,
  "label_smoothing": 0.1,
  "early_stopping_patience": 40,
  "grad_clip_norm": 1.0,
  "llrd_decay": 0.75,
  "mixup_alpha": 0.4,
  "cutmix_alpha": 1.0,
  "cutmix_prob": 0.5,
  "time_mask_max": 8,
  "range_mask_max": 30,
  "noise_std": 0.1,
  "time_warp_lo": 0.8,
  "time_warp_hi": 1.2,
  "time_reverse_prob": 0.5,
  "channel_shuffle_prob": 0.2,
  "channel_drop_prob": 0.1,
  "random_erase_prob": 0.2,
  "circ_shift_prob": 0.3,
  "circ_shift_max": 8,
  "amp_scale_prob": 0.5,
  "amp_scale_lo": 0.8,
  "amp_scale_hi": 1.2,
  "model_name": "davit_tiny.msft_in1k",
  "drop_path_rate": 0.2,
  "proj_dim": 512,
  "drop_rate": 0.3,
  "ms_dropout_samples": 5,
  "seed": 42
}
2026-03-23 12:18:02,945 [INFO] DaViT-Tiny | partial born-again head from v66 | Fold 0
2026-03-23 12:18:03,023 [INFO] Train: 14742 | Eval: 9828
2026-03-23 12:18:07,731 [INFO] ================================================================
2026-03-23 12:18:07,731 [INFO] FOLD 0 — DaViT-Tiny backbone
2026-03-23 12:18:07,731 [INFO] ================================================================
2026-03-23 12:18:07,733 [INFO]   Train: 11793 | Val: 2949
2026-03-23 12:18:07,963 [INFO] Loading pretrained weights from Hugging Face hub (timm/davit_tiny.msft_in1k)
2026-03-23 12:18:13,035 [INFO] HTTP Request: HEAD https://huggingface.co/timm/davit_tiny.msft_in1k/resolve/main/model.safetensors "HTTP/1.1 302 Found"
2026-03-23 12:18:13,037 [INFO] [timm/davit_tiny.msft_in1k] Safe alternative available for 'pytorch_model.bin' (as 'model.safetensors'). Loading weights using safetensors.
2026-03-23 12:18:13,082 [INFO] Missing keys (head.fc.weight, head.fc.bias) discovered while loading pretrained weights. This is expected if model is being adapted.
2026-03-23 12:18:13,386 [INFO]   Partial born-again: loaded 24 head params from best_fold0.pt (val 90.84%)
2026-03-23 12:18:13,387 [INFO] ── Stage 1: head warmup (10 ep) ──
2026-03-23 12:18:37,977 [INFO]   S1 Ep 1/10  loss=4.8618 acc=0.8%  val=0.8%  25s
2026-03-23 12:18:38,117 [INFO]   ★ best 0.81%
2026-03-23 12:18:53,270 [INFO]   S1 Ep 2/10  loss=4.8443 acc=0.8%  val=0.6%  15s
2026-03-23 12:19:09,187 [INFO]   S1 Ep 3/10  loss=4.8451 acc=0.6%  val=0.8%  16s
2026-03-23 12:19:25,293 [INFO]   S1 Ep 4/10  loss=4.8442 acc=0.6%  val=0.7%  16s
2026-03-23 12:19:40,417 [INFO]   S1 Ep 5/10  loss=4.8416 acc=0.7%  val=0.7%  15s
2026-03-23 12:19:55,342 [INFO]   S1 Ep 6/10  loss=4.8399 acc=0.7%  val=1.3%  15s
2026-03-23 12:19:55,525 [INFO]   ★ best 1.25%
2026-03-23 12:20:10,837 [INFO]   S1 Ep 7/10  loss=4.8386 acc=0.6%  val=1.3%  15s
2026-03-23 12:20:11,013 [INFO]   ★ best 1.29%
2026-03-23 12:20:26,214 [INFO]   S1 Ep 8/10  loss=4.8356 acc=0.8%  val=1.2%  15s
2026-03-23 12:20:41,135 [INFO]   S1 Ep 9/10  loss=4.8274 acc=0.9%  val=1.5%  15s
2026-03-23 12:20:41,316 [INFO]   ★ best 1.53%
2026-03-23 12:20:56,273 [INFO]   S1 Ep 10/10  loss=4.8209 acc=0.9%  val=1.4%  15s
2026-03-23 12:20:56,273 [INFO] ── Stage 2: full fine-tune (200 ep, patience 40) ──
2026-03-23 12:20:56,274 [INFO] LLRD: 12 groups, LR [9.49e-06 … 4.00e-05]
2026-03-23 12:21:20,499 [INFO]   S2 Ep   1/200  loss=4.8252 acc=1.1%  val=1.4%  lr=2.54e-06    24s
2026-03-23 12:21:35,854 [INFO]   S2 Ep   2/200  loss=4.8162 acc=1.0%  val=1.8%  lr=5.27e-06    15s
2026-03-23 12:21:36,051 [INFO]   ★ best 1.76%
2026-03-23 12:21:51,713 [INFO]   S2 Ep   3/200  loss=4.8020 acc=1.3%  val=1.5%  lr=9.52e-06    16s
2026-03-23 12:22:06,914 [INFO]   S2 Ep   4/200  loss=4.7790 acc=1.3%  val=1.7%  lr=1.49e-05    15s
2026-03-23 12:22:21,875 [INFO]   S2 Ep   5/200  loss=4.7623 acc=1.3%  val=1.6%  lr=2.08e-05    15s
2026-03-23 12:22:36,607 [INFO]   S2 Ep   6/200  loss=4.7390 acc=1.4%  val=2.2%  lr=2.67e-05    15s
2026-03-23 12:22:36,812 [INFO]   ★ best 2.20%
2026-03-23 12:22:51,704 [INFO]   S2 Ep   7/200  loss=4.7192 acc=1.4%  val=2.2%  lr=3.21e-05    15s
2026-03-23 12:23:06,908 [INFO]   S2 Ep   8/200  loss=4.6999 acc=1.8%  val=3.0%  lr=3.63e-05    15s
2026-03-23 12:23:07,086 [INFO]   ★ best 2.95%
2026-03-23 12:23:23,656 [INFO]   S2 Ep   9/200  loss=4.6625 acc=2.2%  val=4.2%  lr=3.91e-05    17s
2026-03-23 12:23:23,851 [INFO]   ★ best 4.20%
2026-03-23 12:23:40,499 [INFO]   S2 Ep  10/200  loss=4.6315 acc=2.7%  val=5.2%  lr=4.00e-05    17s
2026-03-23 12:23:40,705 [INFO]   ★ best 5.19%
2026-03-23 12:23:56,385 [INFO]   S2 Ep  11/200  loss=4.5613 acc=3.7%  val=8.2%  lr=4.00e-05    16s
2026-03-23 12:23:56,575 [INFO]   ★ best 8.24%
2026-03-23 12:24:11,897 [INFO]   S2 Ep  12/200  loss=4.5112 acc=4.4%  val=9.4%  lr=4.00e-05    15s
2026-03-23 12:24:12,095 [INFO]   ★ best 9.36%
2026-03-23 12:24:27,602 [INFO]   S2 Ep  13/200  loss=4.4121 acc=5.3%  val=13.4%  lr=4.00e-05    16s
2026-03-23 12:24:27,830 [INFO]   ★ best 13.43%
2026-03-23 12:24:42,869 [INFO]   S2 Ep  14/200  loss=4.3234 acc=7.2%  val=16.5%  lr=4.00e-05    15s
2026-03-23 12:24:43,072 [INFO]   ★ best 16.51%
2026-03-23 12:24:58,345 [INFO]   S2 Ep  15/200  loss=4.2785 acc=7.7%  val=19.8%  lr=3.99e-05    15s
2026-03-23 12:24:58,562 [INFO]   ★ best 19.80%
2026-03-23 12:25:14,170 [INFO]   S2 Ep  16/200  loss=4.2405 acc=9.1%  val=22.2%  lr=3.99e-05    16s
2026-03-23 12:25:14,393 [INFO]   ★ best 22.21%
2026-03-23 12:25:31,200 [INFO]   S2 Ep  17/200  loss=4.1195 acc=10.8%  val=26.3%  lr=3.99e-05    17s
2026-03-23 12:25:31,378 [INFO]   ★ best 26.35%
2026-03-23 12:25:47,557 [INFO]   S2 Ep  18/200  loss=4.1123 acc=11.4%  val=28.1%  lr=3.98e-05    16s
2026-03-23 12:25:47,770 [INFO]   ★ best 28.15%
2026-03-23 12:26:03,942 [INFO]   S2 Ep  19/200  loss=4.0235 acc=13.2%  val=30.7%  lr=3.98e-05    16s
2026-03-23 12:26:04,153 [INFO]   ★ best 30.65%
2026-03-23 12:26:20,480 [INFO]   S2 Ep  20/200  loss=3.9806 acc=14.1%  val=33.6%  lr=3.97e-05    16s
2026-03-23 12:26:20,675 [INFO]   ★ best 33.64%
2026-03-23 12:26:36,842 [INFO]   S2 Ep  21/200  loss=3.9342 acc=15.8%  val=35.2%  lr=3.97e-05    16s
2026-03-23 12:26:37,056 [INFO]   ★ best 35.16%
2026-03-23 12:26:52,732 [INFO]   S2 Ep  22/200  loss=3.8661 acc=16.9%  val=36.7%  lr=3.96e-05    16s
2026-03-23 12:26:52,935 [INFO]   ★ best 36.66%
2026-03-23 12:27:08,485 [INFO]   S2 Ep  23/200  loss=3.8282 acc=18.0%  val=39.5%  lr=3.95e-05    16s
2026-03-23 12:27:08,692 [INFO]   ★ best 39.47%
2026-03-23 12:27:24,410 [INFO]   S2 Ep  24/200  loss=3.7933 acc=18.8%  val=39.9%  lr=3.95e-05    16s
2026-03-23 12:27:24,584 [INFO]   ★ best 39.95%
2026-03-23 12:27:39,775 [INFO]   S2 Ep  25/200  loss=3.7349 acc=20.2%  val=42.4%  lr=3.94e-05    15s
2026-03-23 12:27:39,951 [INFO]   ★ best 42.42%
2026-03-23 12:27:55,269 [INFO]   S2 Ep  26/200  loss=3.7096 acc=20.9%  val=44.0%  lr=3.93e-05    15s
2026-03-23 12:27:55,449 [INFO]   ★ best 43.98%
2026-03-23 12:28:10,577 [INFO]   S2 Ep  27/200  loss=3.6530 acc=22.3%  val=45.3%  lr=3.92e-05    15s
2026-03-23 12:28:10,759 [INFO]   ★ best 45.34%
2026-03-23 12:28:26,238 [INFO]   S2 Ep  28/200  loss=3.6393 acc=22.8%  val=46.3%  lr=3.91e-05    15s
2026-03-23 12:28:26,445 [INFO]   ★ best 46.32%
2026-03-23 12:28:42,468 [INFO]   S2 Ep  29/200  loss=3.6443 acc=22.9%  val=47.4%  lr=3.90e-05    16s
2026-03-23 12:28:42,681 [INFO]   ★ best 47.41%
2026-03-23 12:28:57,880 [INFO]   S2 Ep  30/200  loss=3.5500 acc=24.8%  val=50.1%  lr=3.89e-05    15s
2026-03-23 12:28:58,096 [INFO]   ★ best 50.08%
2026-03-23 12:29:14,946 [INFO]   S2 Ep  31/200  loss=3.6032 acc=24.1%  val=50.5%  lr=3.88e-05    17s
2026-03-23 12:29:15,154 [INFO]   ★ best 50.49%
2026-03-23 12:29:30,215 [INFO]   S2 Ep  32/200  loss=3.4928 acc=26.8%  val=51.7%  lr=3.87e-05    15s
2026-03-23 12:29:30,416 [INFO]   ★ best 51.71%
2026-03-23 12:29:45,516 [INFO]   S2 Ep  33/200  loss=3.5218 acc=26.1%  val=51.4%  lr=3.86e-05    15s
2026-03-23 12:30:01,062 [INFO]   S2 Ep  34/200  loss=3.4832 acc=27.1%  val=52.9%  lr=3.84e-05    16s
2026-03-23 12:30:01,245 [INFO]   ★ best 52.93%
2026-03-23 12:30:16,437 [INFO]   S2 Ep  35/200  loss=3.4771 acc=27.2%  val=54.2%  lr=3.83e-05    15s
2026-03-23 12:30:16,592 [INFO]   ★ best 54.22%
2026-03-23 12:30:31,751 [INFO]   S2 Ep  36/200  loss=3.4490 acc=28.5%  val=55.1%  lr=3.82e-05    15s
2026-03-23 12:30:31,929 [INFO]   ★ best 55.07%
2026-03-23 12:30:47,434 [INFO]   S2 Ep  37/200  loss=3.3896 acc=29.1%  val=56.0%  lr=3.80e-05    16s
2026-03-23 12:30:47,642 [INFO]   ★ best 55.99%
2026-03-23 12:31:02,796 [INFO]   S2 Ep  38/200  loss=3.3809 acc=30.3%  val=57.6%  lr=3.79e-05    15s
2026-03-23 12:31:03,005 [INFO]   ★ best 57.61%
2026-03-23 12:31:18,737 [INFO]   S2 Ep  39/200  loss=3.2898 acc=31.8%  val=58.5%  lr=3.77e-05    16s
2026-03-23 12:31:18,987 [INFO]   ★ best 58.46%
2026-03-23 12:31:34,250 [INFO]   S2 Ep  40/200  loss=3.3452 acc=31.0%  val=58.9%  lr=3.76e-05    15s
2026-03-23 12:31:34,456 [INFO]   ★ best 58.87%
2026-03-23 12:31:50,484 [INFO]   S2 Ep  41/200  loss=3.3349 acc=31.4%  val=58.4%  lr=3.74e-05    16s
2026-03-23 12:32:05,944 [INFO]   S2 Ep  42/200  loss=3.2985 acc=32.0%  val=58.4%  lr=3.73e-05    15s
2026-03-23 12:32:21,514 [INFO]   S2 Ep  43/200  loss=3.2955 acc=32.6%  val=61.0%  lr=3.71e-05    16s
2026-03-23 12:32:21,745 [INFO]   ★ best 61.04%
2026-03-23 12:32:37,576 [INFO]   S2 Ep  44/200  loss=3.2641 acc=33.4%  val=60.5%  lr=3.69e-05    16s
2026-03-23 12:32:53,298 [INFO]   S2 Ep  45/200  loss=3.2783 acc=33.0%  val=61.9%  lr=3.67e-05    16s
2026-03-23 12:32:53,508 [INFO]   ★ best 61.92%
2026-03-23 12:33:08,600 [INFO]   S2 Ep  46/200  loss=3.2052 acc=35.0%  val=59.7%  lr=3.66e-05    15s
2026-03-23 12:33:25,633 [INFO]   S2 Ep  47/200  loss=3.1198 acc=36.7%  val=62.4%  lr=3.64e-05    17s
2026-03-23 12:33:25,835 [INFO]   ★ best 62.39%
2026-03-23 12:33:41,453 [INFO]   S2 Ep  48/200  loss=3.2346 acc=34.0%  val=62.2%  lr=3.62e-05    16s
2026-03-23 12:33:57,055 [INFO]   S2 Ep  49/200  loss=3.2230 acc=34.5%  val=62.3%  lr=3.60e-05    16s
2026-03-23 12:34:12,880 [INFO]   S2 Ep  50/200  loss=3.2848 acc=33.4%  val=64.2%  lr=3.58e-05    16s
2026-03-23 12:34:13,109 [INFO]   ★ best 64.19%
2026-03-23 12:34:28,410 [INFO]   S2 Ep  51/200  loss=3.0596 acc=39.1%  val=63.6%  lr=3.56e-05    15s
2026-03-23 12:34:43,854 [INFO]   S2 Ep  52/200  loss=3.1073 acc=38.0%  val=64.4%  lr=3.54e-05    15s
2026-03-23 12:34:44,032 [INFO]   ★ best 64.43%
2026-03-23 12:34:59,727 [INFO]   S2 Ep  53/200  loss=3.1652 acc=36.9%  val=64.4%  lr=3.52e-05    16s
2026-03-23 12:35:14,916 [INFO]   S2 Ep  54/200  loss=3.1452 acc=36.8%  val=65.3%  lr=3.49e-05    15s
2026-03-23 12:35:15,103 [INFO]   ★ best 65.34%
2026-03-23 12:35:30,260 [INFO]   S2 Ep  55/200  loss=3.0879 acc=38.3%  val=65.0%  lr=3.47e-05    15s
2026-03-23 12:35:45,983 [INFO]   S2 Ep  56/200  loss=3.0493 acc=39.0%  val=65.9%  lr=3.45e-05    16s
2026-03-23 12:35:46,185 [INFO]   ★ best 65.85%
2026-03-23 12:36:01,766 [INFO]   S2 Ep  57/200  loss=3.0464 acc=39.2%  val=67.2%  lr=3.43e-05    16s
2026-03-23 12:36:01,964 [INFO]   ★ best 67.24%
2026-03-23 12:36:17,585 [INFO]   S2 Ep  58/200  loss=3.0328 acc=39.9%  val=67.4%  lr=3.40e-05    16s
2026-03-23 12:36:17,809 [INFO]   ★ best 67.41%
2026-03-23 12:36:34,669 [INFO]   S2 Ep  59/200  loss=3.0229 acc=40.4%  val=66.5%  lr=3.38e-05    17s
2026-03-23 12:36:50,329 [INFO]   S2 Ep  60/200  loss=3.0218 acc=39.4%  val=68.3%  lr=3.35e-05    16s
2026-03-23 12:36:50,512 [INFO]   ★ best 68.33%
2026-03-23 12:37:07,143 [INFO]   S2 Ep  61/200  loss=3.0275 acc=40.4%  val=67.4%  lr=3.33e-05    17s
2026-03-23 12:37:22,755 [INFO]   S2 Ep  62/200  loss=3.0156 acc=40.5%  val=67.9%  lr=3.31e-05    16s
2026-03-23 12:37:38,665 [INFO]   S2 Ep  63/200  loss=3.0717 acc=39.1%  val=68.0%  lr=3.28e-05    16s
2026-03-23 12:37:55,073 [INFO]   S2 Ep  64/200  loss=2.9406 acc=42.4%  val=69.0%  lr=3.25e-05    16s
2026-03-23 12:37:55,255 [INFO]   ★ best 69.01%
2026-03-23 12:38:10,813 [INFO]   S2 Ep  65/200  loss=2.9787 acc=41.8%  val=69.1%  lr=3.23e-05    16s
2026-03-23 12:38:11,034 [INFO]   ★ best 69.14%
2026-03-23 12:38:26,461 [INFO]   S2 Ep  66/200  loss=2.9734 acc=42.1%  val=69.0%  lr=3.20e-05    15s
2026-03-23 12:38:42,733 [INFO]   S2 Ep  67/200  loss=3.0518 acc=39.3%  val=69.2%  lr=3.18e-05    16s
2026-03-23 12:38:42,974 [INFO]   ★ best 69.24%
2026-03-23 12:38:58,800 [INFO]   S2 Ep  68/200  loss=2.9497 acc=42.3%  val=69.0%  lr=3.15e-05    16s
2026-03-23 12:39:13,838 [INFO]   S2 Ep  69/200  loss=2.9339 acc=43.1%  val=69.5%  lr=3.12e-05    15s
2026-03-23 12:39:14,037 [INFO]   ★ best 69.55%
2026-03-23 12:39:30,200 [INFO]   S2 Ep  70/200  loss=2.9207 acc=43.9%  val=70.0%  lr=3.09e-05    16s
2026-03-23 12:39:30,394 [INFO]   ★ best 70.02%
2026-03-23 12:39:46,405 [INFO]   S2 Ep  71/200  loss=2.9496 acc=42.5%  val=70.1%  lr=3.07e-05    16s
2026-03-23 12:39:46,598 [INFO]   ★ best 70.06%
2026-03-23 12:40:01,808 [INFO]   S2 Ep  72/200  loss=2.9271 acc=43.3%  val=70.1%  lr=3.04e-05    15s
2026-03-23 12:40:02,028 [INFO]   ★ best 70.09%
2026-03-23 12:40:17,607 [INFO]   S2 Ep  73/200  loss=2.9153 acc=43.8%  val=70.6%  lr=3.01e-05    16s
2026-03-23 12:40:17,781 [INFO]   ★ best 70.60%
2026-03-23 12:40:33,626 [INFO]   S2 Ep  74/200  loss=2.8728 acc=45.1%  val=70.3%  lr=2.98e-05    16s
2026-03-23 12:40:49,114 [INFO]   S2 Ep  75/200  loss=2.8902 acc=44.4%  val=72.0%  lr=2.95e-05    15s
2026-03-23 12:40:49,335 [INFO]   ★ best 71.99%
2026-03-23 12:41:05,157 [INFO]   S2 Ep  76/200  loss=2.8771 acc=44.6%  val=71.8%  lr=2.92e-05    16s
2026-03-23 12:41:21,928 [INFO]   S2 Ep  77/200  loss=2.9051 acc=44.4%  val=71.5%  lr=2.89e-05    17s
2026-03-23 12:41:38,537 [INFO]   S2 Ep  78/200  loss=2.8740 acc=44.9%  val=71.8%  lr=2.86e-05    17s
2026-03-23 12:41:53,930 [INFO]   S2 Ep  79/200  loss=2.8788 acc=44.8%  val=72.0%  lr=2.83e-05    15s
2026-03-23 12:42:09,465 [INFO]   S2 Ep  80/200  loss=2.8323 acc=46.1%  val=72.2%  lr=2.80e-05    16s
2026-03-23 12:42:09,650 [INFO]   ★ best 72.23%
2026-03-23 12:42:25,210 [INFO]   S2 Ep  81/200  loss=2.8926 acc=44.8%  val=72.7%  lr=2.77e-05    16s
2026-03-23 12:42:25,393 [INFO]   ★ best 72.74%
2026-03-23 12:42:40,855 [INFO]   S2 Ep  82/200  loss=2.9317 acc=43.5%  val=73.0%  lr=2.74e-05    15s
2026-03-23 12:42:41,042 [INFO]   ★ best 73.01%
2026-03-23 12:42:57,557 [INFO]   S2 Ep  83/200  loss=2.7504 acc=48.0%  val=72.3%  lr=2.71e-05    17s
2026-03-23 12:43:13,472 [INFO]   S2 Ep  84/200  loss=2.8690 acc=45.2%  val=72.8%  lr=2.68e-05    16s
2026-03-23 12:43:28,853 [INFO]   S2 Ep  85/200  loss=2.8476 acc=45.9%  val=72.9%  lr=2.65e-05    15s
2026-03-23 12:43:44,572 [INFO]   S2 Ep  86/200  loss=2.7887 acc=47.5%  val=73.2%  lr=2.62e-05    16s
2026-03-23 12:43:44,755 [INFO]   ★ best 73.18%
2026-03-23 12:43:59,932 [INFO]   S2 Ep  87/200  loss=2.8739 acc=45.2%  val=73.2%  lr=2.59e-05    15s
2026-03-23 12:44:00,168 [INFO]   ★ best 73.25%
2026-03-23 12:44:15,790 [INFO]   S2 Ep  88/200  loss=2.8383 acc=46.2%  val=73.6%  lr=2.55e-05    16s
2026-03-23 12:44:16,012 [INFO]   ★ best 73.58%
2026-03-23 12:44:32,192 [INFO]   S2 Ep  89/200  loss=2.8336 acc=46.2%  val=73.5%  lr=2.52e-05    16s
2026-03-23 12:44:47,497 [INFO]   S2 Ep  90/200  loss=2.7747 acc=47.7%  val=73.7%  lr=2.49e-05    15s
2026-03-23 12:44:47,717 [INFO]   ★ best 73.72%
2026-03-23 12:45:02,996 [INFO]   S2 Ep  91/200  loss=2.7776 acc=47.7%  val=73.6%  lr=2.46e-05    15s
2026-03-23 12:45:18,521 [INFO]   S2 Ep  92/200  loss=2.8403 acc=46.0%  val=73.5%  lr=2.43e-05    16s
2026-03-23 12:45:34,597 [INFO]   S2 Ep  93/200  loss=2.7952 acc=47.9%  val=74.0%  lr=2.39e-05    16s
2026-03-23 12:45:34,790 [INFO]   ★ best 74.03%
2026-03-23 12:45:51,214 [INFO]   S2 Ep  94/200  loss=2.8149 acc=46.8%  val=73.4%  lr=2.36e-05    16s
2026-03-23 12:46:07,177 [INFO]   S2 Ep  95/200  loss=2.8146 acc=47.0%  val=74.6%  lr=2.33e-05    16s
2026-03-23 12:46:07,396 [INFO]   ★ best 74.57%
2026-03-23 12:46:23,107 [INFO]   S2 Ep  96/200  loss=2.7249 acc=49.0%  val=74.4%  lr=2.30e-05    16s
2026-03-23 12:46:38,951 [INFO]   S2 Ep  97/200  loss=2.8347 acc=46.2%  val=74.6%  lr=2.26e-05    16s
2026-03-23 12:46:55,440 [INFO]   S2 Ep  98/200  loss=2.8011 acc=47.6%  val=74.1%  lr=2.23e-05    16s
2026-03-23 12:47:11,055 [INFO]   S2 Ep  99/200  loss=2.7821 acc=47.8%  val=74.5%  lr=2.20e-05    16s
2026-03-23 12:47:27,670 [INFO]   S2 Ep 100/200  loss=2.6903 acc=50.5%  val=74.7%  lr=2.17e-05    17s
2026-03-23 12:47:27,879 [INFO]   ★ best 74.74%
2026-03-23 12:47:44,906 [INFO]   S2 Ep 101/200  loss=2.7544 acc=48.5%  val=75.3%  lr=2.13e-05    17s
2026-03-23 12:47:45,076 [INFO]   ★ best 75.35%
2026-03-23 12:48:01,331 [INFO]   S2 Ep 102/200  loss=2.7576 acc=48.4%  val=74.8%  lr=2.10e-05    16s
2026-03-23 12:48:16,877 [INFO]   S2 Ep 103/200  loss=2.6686 acc=51.2%  val=74.9%  lr=2.07e-05    16s
2026-03-23 12:48:33,583 [INFO]   S2 Ep 104/200  loss=2.7081 acc=50.3%  val=75.3%  lr=2.03e-05    17s
2026-03-23 12:48:49,249 [INFO]   S2 Ep 105/200  loss=2.6935 acc=50.3%  val=74.8%  lr=2.00e-05    16s
2026-03-23 12:49:04,417 [INFO]   S2 Ep 106/200  loss=2.6565 acc=51.6%  val=74.9%  lr=1.97e-05    15s
2026-03-23 12:49:19,548 [INFO]   S2 Ep 107/200  loss=2.6531 acc=51.2%  val=74.9%  lr=1.93e-05    15s
2026-03-23 12:49:36,107 [INFO]   S2 Ep 108/200  loss=2.6521 acc=52.1%  val=75.3%  lr=1.90e-05    17s
2026-03-23 12:49:51,586 [INFO]   S2 Ep 109/200  loss=2.6373 acc=51.8%  val=75.8%  lr=1.87e-05    15s
2026-03-23 12:49:51,767 [INFO]   ★ best 75.79%
2026-03-23 12:50:07,421 [INFO]   S2 Ep 110/200  loss=2.6337 acc=51.5%  val=74.7%  lr=1.83e-05    16s
2026-03-23 12:50:22,486 [INFO]   S2 Ep 111/200  loss=2.6354 acc=51.5%  val=75.4%  lr=1.80e-05    15s
2026-03-23 12:50:37,940 [INFO]   S2 Ep 112/200  loss=2.7077 acc=50.0%  val=75.5%  lr=1.77e-05    15s
2026-03-23 12:50:53,897 [INFO]   S2 Ep 113/200  loss=2.7223 acc=49.9%  val=75.2%  lr=1.74e-05    16s
2026-03-23 12:51:09,145 [INFO]   S2 Ep 114/200  loss=2.7160 acc=49.5%  val=75.5%  lr=1.70e-05    15s
2026-03-23 12:51:24,451 [INFO]   S2 Ep 115/200  loss=2.7181 acc=50.1%  val=75.2%  lr=1.67e-05    15s
2026-03-23 12:51:39,360 [INFO]   S2 Ep 116/200  loss=2.6318 acc=52.3%  val=75.8%  lr=1.64e-05    15s
2026-03-23 12:51:39,573 [INFO]   ★ best 75.82%
2026-03-23 12:51:54,500 [INFO]   S2 Ep 117/200  loss=2.6590 acc=51.5%  val=76.3%  lr=1.61e-05    15s
2026-03-23 12:51:54,676 [INFO]   ★ best 76.33%
2026-03-23 12:52:09,835 [INFO]   S2 Ep 118/200  loss=2.7422 acc=48.7%  val=75.9%  lr=1.57e-05    15s
2026-03-23 12:52:25,583 [INFO]   S2 Ep 119/200  loss=2.6945 acc=50.2%  val=75.5%  lr=1.54e-05    16s
2026-03-23 12:52:40,685 [INFO]   S2 Ep 120/200  loss=2.7391 acc=49.7%  val=75.8%  lr=1.51e-05    15s
2026-03-23 12:52:56,070 [INFO]   S2 Ep 121/200  loss=2.7193 acc=49.9%  val=76.2%  lr=1.48e-05    15s
2026-03-23 12:53:12,573 [INFO]   S2 Ep 122/200  loss=2.6939 acc=50.2%  val=75.9%  lr=1.45e-05    17s
2026-03-23 12:53:28,047 [INFO]   S2 Ep 123/200  loss=2.6202 acc=52.6%  val=76.4%  lr=1.41e-05    15s
2026-03-23 12:53:28,259 [INFO]   ★ best 76.36%
2026-03-23 12:53:43,858 [INFO]   S2 Ep 124/200  loss=2.6596 acc=51.9%  val=76.5%  lr=1.38e-05    16s
2026-03-23 12:53:44,047 [INFO]   ★ best 76.47%
2026-03-23 12:54:00,967 [INFO]   S2 Ep 125/200  loss=2.6635 acc=51.6%  val=76.3%  lr=1.35e-05    17s
2026-03-23 12:54:16,738 [INFO]   S2 Ep 126/200  loss=2.6379 acc=52.0%  val=76.5%  lr=1.32e-05    16s
2026-03-23 12:54:16,949 [INFO]   ★ best 76.53%
2026-03-23 12:54:32,787 [INFO]   S2 Ep 127/200  loss=2.5952 acc=53.2%  val=76.5%  lr=1.29e-05    16s
2026-03-23 12:54:48,063 [INFO]   S2 Ep 128/200  loss=2.6201 acc=52.2%  val=76.5%  lr=1.26e-05    15s
2026-03-23 12:55:03,143 [INFO]   S2 Ep 129/200  loss=2.6281 acc=53.4%  val=76.6%  lr=1.23e-05    15s
2026-03-23 12:55:03,415 [INFO]   ★ best 76.60%
2026-03-23 12:55:19,170 [INFO]   S2 Ep 130/200  loss=2.6461 acc=51.9%  val=76.4%  lr=1.20e-05    16s
2026-03-23 12:55:34,584 [INFO]   S2 Ep 131/200  loss=2.6255 acc=52.8%  val=76.0%  lr=1.17e-05    15s
2026-03-23 12:55:49,964 [INFO]   S2 Ep 132/200  loss=2.6446 acc=52.0%  val=76.8%  lr=1.14e-05    15s
2026-03-23 12:55:50,163 [INFO]   ★ best 76.81%
2026-03-23 12:56:05,496 [INFO]   S2 Ep 133/200  loss=2.6622 acc=51.5%  val=76.8%  lr=1.11e-05    15s
2026-03-23 12:56:05,693 [INFO]   ★ best 76.84%
2026-03-23 12:56:21,209 [INFO]   S2 Ep 134/200  loss=2.6598 acc=52.2%  val=76.6%  lr=1.08e-05    16s
2026-03-23 12:56:36,280 [INFO]   S2 Ep 135/200  loss=2.6597 acc=51.9%  val=77.2%  lr=1.05e-05    15s
2026-03-23 12:56:36,488 [INFO]   ★ best 77.18%
2026-03-23 12:56:51,930 [INFO]   S2 Ep 136/200  loss=2.6741 acc=51.2%  val=76.9%  lr=1.02e-05    15s
2026-03-23 12:57:07,267 [INFO]   S2 Ep 137/200  loss=2.6010 acc=53.1%  val=76.6%  lr=9.90e-06    15s
2026-03-23 12:57:22,940 [INFO]   S2 Ep 138/200  loss=2.5711 acc=54.6%  val=77.0%  lr=9.62e-06    16s
2026-03-23 12:57:38,185 [INFO]   S2 Ep 139/200  loss=2.5607 acc=54.3%  val=77.0%  lr=9.34e-06    15s
2026-03-23 12:57:54,429 [INFO]   S2 Ep 140/200  loss=2.6191 acc=53.0%  val=77.0%  lr=9.06e-06    16s
2026-03-23 12:58:09,726 [INFO]   S2 Ep 141/200  loss=2.6879 acc=51.3%  val=77.2%  lr=8.79e-06    15s
2026-03-23 12:58:09,926 [INFO]   ★ best 77.25%
2026-03-23 12:58:25,867 [INFO]   S2 Ep 142/200  loss=2.7114 acc=50.4%  val=77.0%  lr=8.51e-06    16s
2026-03-23 12:58:41,977 [INFO]   S2 Ep 143/200  loss=2.5983 acc=53.2%  val=76.7%  lr=8.24e-06    16s
2026-03-23 12:58:57,748 [INFO]   S2 Ep 144/200  loss=2.6495 acc=52.1%  val=77.3%  lr=7.98e-06    16s
2026-03-23 12:58:57,932 [INFO]   ★ best 77.31%
2026-03-23 12:59:14,973 [INFO]   S2 Ep 145/200  loss=2.5660 acc=54.9%  val=77.4%  lr=7.72e-06    17s
2026-03-23 12:59:15,190 [INFO]   ★ best 77.42%
2026-03-23 12:59:30,953 [INFO]   S2 Ep 146/200  loss=2.5657 acc=54.2%  val=77.1%  lr=7.46e-06    16s
2026-03-23 12:59:46,938 [INFO]   S2 Ep 147/200  loss=2.6609 acc=51.7%  val=77.6%  lr=7.20e-06    16s
2026-03-23 12:59:47,243 [INFO]   ★ best 77.55%
2026-03-23 13:00:04,110 [INFO]   S2 Ep 148/200  loss=2.5407 acc=54.8%  val=77.4%  lr=6.95e-06    17s
2026-03-23 13:00:20,008 [INFO]   S2 Ep 149/200  loss=2.5399 acc=55.2%  val=77.3%  lr=6.70e-06    16s
2026-03-23 13:00:35,589 [INFO]   S2 Ep 150/200  loss=2.4924 acc=55.9%  val=77.9%  lr=6.45e-06    16s
2026-03-23 13:00:35,808 [INFO]   ★ best 77.86%
2026-03-23 13:00:51,256 [INFO]   S2 Ep 151/200  loss=2.6009 acc=53.3%  val=78.2%  lr=6.21e-06    15s
2026-03-23 13:00:51,462 [INFO]   ★ best 78.23%
2026-03-23 13:01:06,919 [INFO]   S2 Ep 152/200  loss=2.6042 acc=53.6%  val=77.7%  lr=5.98e-06    15s
2026-03-23 13:01:23,125 [INFO]   S2 Ep 153/200  loss=2.6653 acc=51.7%  val=77.7%  lr=5.74e-06    16s
2026-03-23 13:01:38,541 [INFO]   S2 Ep 154/200  loss=2.6199 acc=53.2%  val=77.8%  lr=5.51e-06    15s
2026-03-23 13:01:54,802 [INFO]   S2 Ep 155/200  loss=2.6329 acc=52.4%  val=77.8%  lr=5.29e-06    16s
2026-03-23 13:02:10,069 [INFO]   S2 Ep 156/200  loss=2.5661 acc=54.6%  val=77.7%  lr=5.06e-06    15s
2026-03-23 13:02:26,629 [INFO]   S2 Ep 157/200  loss=2.6310 acc=52.8%  val=77.9%  lr=4.85e-06    17s
2026-03-23 13:02:42,481 [INFO]   S2 Ep 158/200  loss=2.6227 acc=53.3%  val=78.2%  lr=4.63e-06    16s
2026-03-23 13:02:58,023 [INFO]   S2 Ep 159/200  loss=2.5440 acc=54.8%  val=77.9%  lr=4.42e-06    16s
2026-03-23 13:03:13,531 [INFO]   S2 Ep 160/200  loss=2.6158 acc=53.7%  val=77.6%  lr=4.22e-06    16s
2026-03-23 13:03:29,820 [INFO]   S2 Ep 161/200  loss=2.5954 acc=53.5%  val=77.6%  lr=4.02e-06    16s
2026-03-23 13:03:45,478 [INFO]   S2 Ep 162/200  loss=2.4784 acc=56.5%  val=77.8%  lr=3.82e-06    16s
2026-03-23 13:04:01,270 [INFO]   S2 Ep 163/200  loss=2.5913 acc=54.2%  val=77.9%  lr=3.63e-06    16s
2026-03-23 13:04:16,828 [INFO]   S2 Ep 164/200  loss=2.5217 acc=55.7%  val=77.9%  lr=3.44e-06    16s
2026-03-23 13:04:32,133 [INFO]   S2 Ep 165/200  loss=2.5925 acc=53.9%  val=78.0%  lr=3.26e-06    15s
2026-03-23 13:04:48,213 [INFO]   S2 Ep 166/200  loss=2.5738 acc=54.0%  val=77.9%  lr=3.08e-06    16s
2026-03-23 13:05:04,252 [INFO]   S2 Ep 167/200  loss=2.5721 acc=54.4%  val=77.8%  lr=2.90e-06    16s
2026-03-23 13:05:21,360 [INFO]   S2 Ep 168/200  loss=2.5479 acc=54.8%  val=77.8%  lr=2.74e-06    17s
2026-03-23 13:05:37,751 [INFO]   S2 Ep 169/200  loss=2.5905 acc=53.8%  val=78.0%  lr=2.57e-06    16s
2026-03-23 13:05:53,587 [INFO]   S2 Ep 170/200  loss=2.5681 acc=54.2%  val=78.0%  lr=2.41e-06    16s
2026-03-23 13:06:10,214 [INFO]   S2 Ep 171/200  loss=2.5212 acc=56.1%  val=77.7%  lr=2.26e-06    17s
2026-03-23 13:06:27,044 [INFO]   S2 Ep 172/200  loss=2.5698 acc=54.7%  val=77.8%  lr=2.11e-06    17s
2026-03-23 13:06:42,296 [INFO]   S2 Ep 173/200  loss=2.6196 acc=53.2%  val=77.9%  lr=1.96e-06    15s
2026-03-23 13:06:57,827 [INFO]   S2 Ep 174/200  loss=2.5464 acc=54.9%  val=77.9%  lr=1.82e-06    16s
2026-03-23 13:07:13,228 [INFO]   S2 Ep 175/200  loss=2.5280 acc=55.7%  val=78.1%  lr=1.69e-06    15s
2026-03-23 13:07:29,407 [INFO]   S2 Ep 176/200  loss=2.5121 acc=56.0%  val=78.0%  lr=1.56e-06    16s
2026-03-23 13:07:44,864 [INFO]   S2 Ep 177/200  loss=2.6464 acc=52.4%  val=78.1%  lr=1.43e-06    15s
2026-03-23 13:08:00,474 [INFO]   S2 Ep 178/200  loss=2.5172 acc=56.1%  val=77.9%  lr=1.31e-06    16s
2026-03-23 13:08:15,909 [INFO]   S2 Ep 179/200  loss=2.6418 acc=52.1%  val=77.8%  lr=1.19e-06    15s
2026-03-23 13:08:31,379 [INFO]   S2 Ep 180/200  loss=2.6188 acc=53.2%  val=77.8%  lr=1.08e-06    15s
2026-03-23 13:08:47,151 [INFO]   S2 Ep 181/200  loss=2.6217 acc=53.3%  val=77.9%  lr=9.80e-07    16s
2026-03-23 13:09:03,004 [INFO]   S2 Ep 182/200  loss=2.5788 acc=54.2%  val=78.2%  lr=8.80e-07    16s
2026-03-23 13:09:19,439 [INFO]   S2 Ep 183/200  loss=2.5434 acc=55.4%  val=77.9%  lr=7.86e-07    16s
2026-03-23 13:09:34,949 [INFO]   S2 Ep 184/200  loss=2.5843 acc=53.9%  val=77.8%  lr=6.97e-07    16s
2026-03-23 13:09:50,245 [INFO]   S2 Ep 185/200  loss=2.6520 acc=52.7%  val=78.0%  lr=6.13e-07    15s
2026-03-23 13:10:06,349 [INFO]   S2 Ep 186/200  loss=2.6075 acc=53.4%  val=77.9%  lr=5.35e-07    16s
2026-03-23 13:10:21,646 [INFO]   S2 Ep 187/200  loss=2.5529 acc=54.7%  val=77.8%  lr=4.62e-07    15s
2026-03-23 13:10:37,165 [INFO]   S2 Ep 188/200  loss=2.6617 acc=51.8%  val=77.8%  lr=3.94e-07    16s
2026-03-23 13:10:52,625 [INFO]   S2 Ep 189/200  loss=2.5464 acc=55.0%  val=77.7%  lr=3.31e-07    15s
2026-03-23 13:11:07,821 [INFO]   S2 Ep 190/200  loss=2.5399 acc=55.3%  val=77.9%  lr=2.74e-07    15s
2026-03-23 13:11:23,751 [INFO]   S2 Ep 191/200  loss=2.5609 acc=55.3%  val=77.9%  lr=2.22e-07    16s
2026-03-23 13:11:23,751 [INFO]   Early stop at ep 191
2026-03-23 13:11:23,752 [INFO] ── Stage 3: SWA (20 ep, lr=4.0e-06) ──
2026-03-23 13:11:39,992 [INFO]   SWA Ep  1/20  loss=2.6280  swa_val=77.7%  16s
2026-03-23 13:11:56,209 [INFO]   SWA Ep  2/20  loss=2.5661  swa_val=77.5%  16s
2026-03-23 13:12:12,588 [INFO]   SWA Ep  3/20  loss=2.5570  swa_val=77.7%  16s
2026-03-23 13:12:27,797 [INFO]   SWA Ep  4/20  loss=2.6183  swa_val=77.8%  15s
2026-03-23 13:12:42,786 [INFO]   SWA Ep  5/20  loss=2.5098  swa_val=77.9%  15s
2026-03-23 13:12:57,923 [INFO]   SWA Ep  6/20  loss=2.6594  swa_val=77.9%  15s
2026-03-23 13:13:13,278 [INFO]   SWA Ep  7/20  loss=2.5739  swa_val=77.9%  15s
2026-03-23 13:13:28,903 [INFO]   SWA Ep  8/20  loss=2.5869  swa_val=78.1%  16s
2026-03-23 13:13:43,754 [INFO]   SWA Ep  9/20  loss=2.6082  swa_val=77.9%  15s
2026-03-23 13:13:58,882 [INFO]   SWA Ep 10/20  loss=2.5807  swa_val=78.0%  15s
2026-03-23 13:14:14,040 [INFO]   SWA Ep 11/20  loss=2.5965  swa_val=78.1%  15s
2026-03-23 13:14:29,843 [INFO]   SWA Ep 12/20  loss=2.5774  swa_val=78.1%  16s
2026-03-23 13:14:45,992 [INFO]   SWA Ep 13/20  loss=2.6087  swa_val=78.2%  16s
2026-03-23 13:15:01,031 [INFO]   SWA Ep 14/20  loss=2.5522  swa_val=78.2%  15s
2026-03-23 13:15:16,327 [INFO]   SWA Ep 15/20  loss=2.5440  swa_val=78.1%  15s
2026-03-23 13:15:31,549 [INFO]   SWA Ep 16/20  loss=2.5980  swa_val=78.0%  15s
2026-03-23 13:15:46,640 [INFO]   SWA Ep 17/20  loss=2.5617  swa_val=78.0%  15s
2026-03-23 13:16:01,836 [INFO]   SWA Ep 18/20  loss=2.5437  swa_val=77.9%  15s
2026-03-23 13:16:16,931 [INFO]   SWA Ep 19/20  loss=2.5551  swa_val=78.0%  15s
2026-03-23 13:16:31,947 [INFO]   SWA Ep 20/20  loss=2.6860  swa_val=78.0%  15s
2026-03-23 13:16:33,963 [INFO]   SWA final: 78.03% (regular best: 78.23%)
2026-03-23 13:16:33,963 [INFO]   Fold 0 best: 78.23%
2026-03-23 13:17:04,454 [INFO] TTA changed 550 / 9828 (5.6%)
2026-03-23 13:17:04,464 [INFO] Done.
