2026-03-19 12:23:50,060 [INFO] GPU: NVIDIA H200
2026-03-19 12:23:50,061 [INFO] Config: {
  "data_dir": "/data/slr/track2_",
  "output_dir": "/data/slr/checkpoints_v22",
  "max_frames": 48,
  "n_classes": 126,
  "teacher_img_size": 224,
  "teacher_max_frames": 48,
  "channel_means": [
    -64.3217,
    -62.9119,
    -63.9254
  ],
  "channel_stds": [
    12.5721,
    11.662,
    11.7259
  ],
  "n_folds": 5,
  "batch_size": 64,
  "num_workers": 4,
  "n_epochs": 120,
  "lr": 0.0003,
  "swa_epochs": 15,
  "swa_lr": 1e-05,
  "weight_decay": 0.01,
  "warmup_pct": 0.1,
  "label_smoothing": 0.1,
  "early_stopping_patience": 30,
  "grad_clip_norm": 1.0,
  "kd_alpha": 0.3,
  "kd_tau": 4.0,
  "mixup_alpha": 0.4,
  "cutmix_alpha": 1.0,
  "cutmix_prob": 0.5,
  "time_mask_max": 8,
  "range_mask_max": 30,
  "noise_std": 0.1,
  "time_warp_lo": 0.8,
  "time_warp_hi": 1.2,
  "time_reverse_prob": 0.3,
  "channel_shuffle_prob": 0.2,
  "channel_drop_prob": 0.1,
  "circ_shift_prob": 0.3,
  "circ_shift_max": 8,
  "amp_scale_prob": 0.5,
  "amp_scale_lo": 0.8,
  "amp_scale_hi": 1.2,
  "range_bins": 256,
  "in_channels": 3,
  "frame_embed_dim": 256,
  "n_heads": 8,
  "n_layers": 6,
  "dropout": 0.2,
  "drop_path": 0.1,
  "seed": 42
}
2026-03-19 12:23:50,061 [INFO] ★★★ TEMPORAL SEQUENCE MODEL (1D CNN + Transformer) ★★★
2026-03-19 12:23:50,130 [INFO] Train: 14742 | Eval: 9828
2026-03-19 12:23:54,354 [INFO] Pre-computing teacher soft labels (z-score @ 224) …
2026-03-19 12:23:57,657 [INFO]   Loaded 10 teachers
2026-03-19 12:25:52,605 [INFO]   Soft labels: 14742
2026-03-19 12:25:52,606 [INFO] KD α=0.30 τ=4.0 | TEMPORAL MODEL
2026-03-19 12:25:52,621 [INFO] TemporalTransformer: 5.26M params
2026-03-19 12:25:52,626 [INFO] ================================================================
2026-03-19 12:25:52,626 [INFO] FOLD 1 / 5
2026-03-19 12:25:52,626 [INFO] ================================================================
2026-03-19 12:25:58,339 [INFO]   Ep   1/120  loss=1.9194 acc=0.6%  val=0.8%  lr=1.69e-05     6s
2026-03-19 12:25:58,374 [INFO]   ★ best 0.78%
2026-03-19 12:26:01,773 [INFO]   Ep   2/120  loss=1.9109 acc=0.8%  val=0.6%  lr=3.13e-05     3s
2026-03-19 12:26:04,970 [INFO]   Ep   3/120  loss=1.9086 acc=0.8%  val=1.1%  lr=5.42e-05     3s
2026-03-19 12:26:05,002 [INFO]   ★ best 1.09%
2026-03-19 12:26:08,162 [INFO]   Ep   4/120  loss=1.9082 acc=0.9%  val=0.8%  lr=8.41e-05     3s
2026-03-19 12:26:11,319 [INFO]   Ep   5/120  loss=1.9073 acc=0.8%  val=1.0%  lr=1.19e-04     3s
2026-03-19 12:26:14,524 [INFO]   Ep   6/120  loss=1.9068 acc=0.7%  val=0.7%  lr=1.56e-04     3s
2026-03-19 12:26:17,806 [INFO]   Ep   7/120  loss=1.9067 acc=0.8%  val=0.8%  lr=1.93e-04     3s
2026-03-19 12:26:20,920 [INFO]   Ep   8/120  loss=1.9063 acc=0.7%  val=0.8%  lr=2.28e-04     3s
2026-03-19 12:26:24,081 [INFO]   Ep   9/120  loss=1.9058 acc=0.8%  val=0.8%  lr=2.58e-04     3s
2026-03-19 12:26:27,310 [INFO]   Ep  10/120  loss=1.9043 acc=0.8%  val=0.9%  lr=2.81e-04     3s
2026-03-19 12:26:30,540 [INFO]   Ep  11/120  loss=1.9008 acc=1.0%  val=1.4%  lr=2.95e-04     3s
2026-03-19 12:26:30,577 [INFO]   ★ best 1.36%
2026-03-19 12:26:34,015 [INFO]   Ep  12/120  loss=1.8972 acc=1.0%  val=1.4%  lr=3.00e-04     3s
2026-03-19 12:26:37,183 [INFO]   Ep  13/120  loss=1.8940 acc=1.1%  val=1.4%  lr=3.00e-04     3s
2026-03-19 12:26:37,230 [INFO]   ★ best 1.42%
2026-03-19 12:26:40,404 [INFO]   Ep  14/120  loss=1.8914 acc=1.2%  val=1.6%  lr=3.00e-04     3s
2026-03-19 12:26:40,438 [INFO]   ★ best 1.56%
2026-03-19 12:26:43,631 [INFO]   Ep  15/120  loss=1.8887 acc=1.3%  val=2.1%  lr=2.99e-04     3s
2026-03-19 12:26:43,669 [INFO]   ★ best 2.10%
2026-03-19 12:26:46,801 [INFO]   Ep  16/120  loss=1.8848 acc=1.4%  val=2.2%  lr=2.99e-04     3s
2026-03-19 12:26:46,832 [INFO]   ★ best 2.20%
2026-03-19 12:26:50,037 [INFO]   Ep  17/120  loss=1.8797 acc=1.5%  val=2.1%  lr=2.98e-04     3s
2026-03-19 12:26:53,219 [INFO]   Ep  18/120  loss=1.8766 acc=1.6%  val=2.1%  lr=2.98e-04     3s
2026-03-19 12:26:56,511 [INFO]   Ep  19/120  loss=1.8701 acc=1.9%  val=2.5%  lr=2.97e-04     3s
2026-03-19 12:26:56,550 [INFO]   ★ best 2.51%
2026-03-19 12:26:59,691 [INFO]   Ep  20/120  loss=1.8614 acc=2.1%  val=2.6%  lr=2.96e-04     3s
2026-03-19 12:26:59,730 [INFO]   ★ best 2.58%
2026-03-19 12:27:02,841 [INFO]   Ep  21/120  loss=1.8626 acc=2.0%  val=2.8%  lr=2.95e-04     3s
2026-03-19 12:27:02,877 [INFO]   ★ best 2.78%
2026-03-19 12:27:06,015 [INFO]   Ep  22/120  loss=1.8567 acc=2.4%  val=3.4%  lr=2.94e-04     3s
2026-03-19 12:27:06,044 [INFO]   ★ best 3.42%
2026-03-19 12:27:09,162 [INFO]   Ep  23/120  loss=1.8557 acc=2.3%  val=3.0%  lr=2.92e-04     3s
2026-03-19 12:27:12,306 [INFO]   Ep  24/120  loss=1.8493 acc=2.6%  val=2.6%  lr=2.91e-04     3s
2026-03-19 12:27:15,668 [INFO]   Ep  25/120  loss=1.8477 acc=2.7%  val=3.6%  lr=2.89e-04     3s
2026-03-19 12:27:15,705 [INFO]   ★ best 3.63%
2026-03-19 12:27:18,858 [INFO]   Ep  26/120  loss=1.8467 acc=2.8%  val=3.2%  lr=2.88e-04     3s
2026-03-19 12:27:21,955 [INFO]   Ep  27/120  loss=1.8403 acc=2.9%  val=4.4%  lr=2.86e-04     3s
2026-03-19 12:27:21,988 [INFO]   ★ best 4.44%
2026-03-19 12:27:25,191 [INFO]   Ep  28/120  loss=1.8353 acc=3.0%  val=5.1%  lr=2.84e-04     3s
2026-03-19 12:27:25,222 [INFO]   ★ best 5.12%
2026-03-19 12:27:28,407 [INFO]   Ep  29/120  loss=1.8399 acc=3.0%  val=5.1%  lr=2.82e-04     3s
2026-03-19 12:27:31,654 [INFO]   Ep  30/120  loss=1.8321 acc=3.4%  val=5.7%  lr=2.80e-04     3s
2026-03-19 12:27:31,687 [INFO]   ★ best 5.73%
2026-03-19 12:27:35,022 [INFO]   Ep  31/120  loss=1.8269 acc=3.6%  val=5.4%  lr=2.78e-04     3s
2026-03-19 12:27:38,187 [INFO]   Ep  32/120  loss=1.8184 acc=3.7%  val=5.5%  lr=2.75e-04     3s
2026-03-19 12:27:41,327 [INFO]   Ep  33/120  loss=1.8222 acc=3.8%  val=6.7%  lr=2.73e-04     3s
2026-03-19 12:27:41,356 [INFO]   ★ best 6.75%
2026-03-19 12:27:44,619 [INFO]   Ep  34/120  loss=1.8144 acc=4.4%  val=6.8%  lr=2.70e-04     3s
2026-03-19 12:27:44,653 [INFO]   ★ best 6.78%
2026-03-19 12:27:47,902 [INFO]   Ep  35/120  loss=1.8155 acc=4.6%  val=7.6%  lr=2.68e-04     3s
2026-03-19 12:27:47,938 [INFO]   ★ best 7.56%
2026-03-19 12:27:51,156 [INFO]   Ep  36/120  loss=1.7996 acc=4.8%  val=7.7%  lr=2.65e-04     3s
2026-03-19 12:27:51,183 [INFO]   ★ best 7.66%
2026-03-19 12:27:54,618 [INFO]   Ep  37/120  loss=1.8013 acc=5.0%  val=7.8%  lr=2.62e-04     3s
2026-03-19 12:27:54,646 [INFO]   ★ best 7.80%
2026-03-19 12:27:57,962 [INFO]   Ep  38/120  loss=1.7955 acc=5.5%  val=8.3%  lr=2.59e-04     3s
2026-03-19 12:27:58,000 [INFO]   ★ best 8.31%
2026-03-19 12:28:01,274 [INFO]   Ep  39/120  loss=1.7941 acc=5.2%  val=7.8%  lr=2.56e-04     3s
2026-03-19 12:28:04,465 [INFO]   Ep  40/120  loss=1.7906 acc=5.6%  val=8.5%  lr=2.53e-04     3s
2026-03-19 12:28:04,497 [INFO]   ★ best 8.55%
2026-03-19 12:28:07,638 [INFO]   Ep  41/120  loss=1.7888 acc=5.9%  val=8.9%  lr=2.50e-04     3s
2026-03-19 12:28:07,671 [INFO]   ★ best 8.88%
2026-03-19 12:28:10,848 [INFO]   Ep  42/120  loss=1.7818 acc=6.1%  val=9.5%  lr=2.46e-04     3s
2026-03-19 12:28:10,885 [INFO]   ★ best 9.49%
2026-03-19 12:28:14,111 [INFO]   Ep  43/120  loss=1.7805 acc=6.5%  val=10.1%  lr=2.43e-04     3s
2026-03-19 12:28:14,138 [INFO]   ★ best 10.11%
2026-03-19 12:28:17,529 [INFO]   Ep  44/120  loss=1.7719 acc=6.6%  val=9.7%  lr=2.40e-04     3s
2026-03-19 12:28:20,927 [INFO]   Ep  45/120  loss=1.7683 acc=6.5%  val=10.9%  lr=2.36e-04     3s
2026-03-19 12:28:20,964 [INFO]   ★ best 10.85%
2026-03-19 12:28:24,294 [INFO]   Ep  46/120  loss=1.7712 acc=6.8%  val=11.2%  lr=2.32e-04     3s
2026-03-19 12:28:24,330 [INFO]   ★ best 11.16%
2026-03-19 12:28:27,597 [INFO]   Ep  47/120  loss=1.7577 acc=7.5%  val=11.9%  lr=2.29e-04     3s
2026-03-19 12:28:27,630 [INFO]   ★ best 11.90%
2026-03-19 12:28:30,673 [INFO]   Ep  48/120  loss=1.7635 acc=7.4%  val=11.5%  lr=2.25e-04     3s
2026-03-19 12:28:33,798 [INFO]   Ep  49/120  loss=1.7532 acc=7.6%  val=10.5%  lr=2.21e-04     3s
2026-03-19 12:28:37,035 [INFO]   Ep  50/120  loss=1.7553 acc=7.3%  val=12.5%  lr=2.17e-04     3s
2026-03-19 12:28:37,069 [INFO]   ★ best 12.55%
2026-03-19 12:28:40,214 [INFO]   Ep  51/120  loss=1.7436 acc=8.4%  val=13.3%  lr=2.13e-04     3s
2026-03-19 12:28:40,244 [INFO]   ★ best 13.26%
2026-03-19 12:28:43,451 [INFO]   Ep  52/120  loss=1.7498 acc=8.2%  val=13.1%  lr=2.09e-04     3s
2026-03-19 12:28:46,554 [INFO]   Ep  53/120  loss=1.7400 acc=8.9%  val=12.9%  lr=2.05e-04     3s
2026-03-19 12:28:49,642 [INFO]   Ep  54/120  loss=1.7441 acc=8.3%  val=13.9%  lr=2.01e-04     3s
2026-03-19 12:28:49,676 [INFO]   ★ best 13.90%
2026-03-19 12:28:52,777 [INFO]   Ep  55/120  loss=1.7339 acc=8.6%  val=14.2%  lr=1.97e-04     3s
2026-03-19 12:28:52,810 [INFO]   ★ best 14.17%
2026-03-19 12:28:55,960 [INFO]   Ep  56/120  loss=1.7297 acc=8.9%  val=14.9%  lr=1.93e-04     3s
2026-03-19 12:28:55,994 [INFO]   ★ best 14.92%
2026-03-19 12:28:59,107 [INFO]   Ep  57/120  loss=1.7274 acc=9.3%  val=13.7%  lr=1.89e-04     3s
2026-03-19 12:29:02,271 [INFO]   Ep  58/120  loss=1.7169 acc=9.8%  val=16.2%  lr=1.85e-04     3s
2026-03-19 12:29:02,301 [INFO]   ★ best 16.24%
2026-03-19 12:29:05,690 [INFO]   Ep  59/120  loss=1.7199 acc=9.6%  val=15.6%  lr=1.80e-04     3s
2026-03-19 12:29:09,274 [INFO]   Ep  60/120  loss=1.7220 acc=9.9%  val=14.1%  lr=1.76e-04     4s
2026-03-19 12:29:12,850 [INFO]   Ep  61/120  loss=1.7152 acc=10.3%  val=15.6%  lr=1.72e-04     4s
2026-03-19 12:29:16,398 [INFO]   Ep  62/120  loss=1.7023 acc=10.8%  val=17.0%  lr=1.67e-04     4s
2026-03-19 12:29:16,433 [INFO]   ★ best 16.99%
2026-03-19 12:29:19,975 [INFO]   Ep  63/120  loss=1.7009 acc=10.7%  val=16.3%  lr=1.63e-04     4s
2026-03-19 12:29:23,275 [INFO]   Ep  64/120  loss=1.7121 acc=10.9%  val=16.9%  lr=1.59e-04     3s
2026-03-19 12:29:26,541 [INFO]   Ep  65/120  loss=1.7003 acc=11.2%  val=18.2%  lr=1.54e-04     3s
2026-03-19 12:29:26,575 [INFO]   ★ best 18.24%
2026-03-19 12:29:29,551 [INFO]   Ep  66/120  loss=1.6989 acc=11.1%  val=15.6%  lr=1.50e-04     3s
2026-03-19 12:29:32,703 [INFO]   Ep  67/120  loss=1.6822 acc=12.0%  val=17.6%  lr=1.46e-04     3s
2026-03-19 12:29:35,823 [INFO]   Ep  68/120  loss=1.6995 acc=11.3%  val=17.3%  lr=1.41e-04     3s
2026-03-19 12:29:38,911 [INFO]   Ep  69/120  loss=1.6888 acc=11.4%  val=15.3%  lr=1.37e-04     3s
2026-03-19 12:29:42,158 [INFO]   Ep  70/120  loss=1.6803 acc=12.0%  val=17.9%  lr=1.33e-04     3s
2026-03-19 12:29:45,297 [INFO]   Ep  71/120  loss=1.6654 acc=13.2%  val=18.0%  lr=1.28e-04     3s
2026-03-19 12:29:48,441 [INFO]   Ep  72/120  loss=1.6842 acc=12.2%  val=18.7%  lr=1.24e-04     3s
2026-03-19 12:29:48,478 [INFO]   ★ best 18.72%
2026-03-19 12:29:51,570 [INFO]   Ep  73/120  loss=1.6762 acc=12.3%  val=18.9%  lr=1.20e-04     3s
2026-03-19 12:29:51,607 [INFO]   ★ best 18.92%
2026-03-19 12:29:54,769 [INFO]   Ep  74/120  loss=1.6816 acc=12.8%  val=17.9%  lr=1.15e-04     3s
2026-03-19 12:29:58,080 [INFO]   Ep  75/120  loss=1.6622 acc=13.5%  val=17.3%  lr=1.11e-04     3s
2026-03-19 12:30:01,214 [INFO]   Ep  76/120  loss=1.6732 acc=12.4%  val=17.4%  lr=1.07e-04     3s
2026-03-19 12:30:04,318 [INFO]   Ep  77/120  loss=1.6598 acc=13.6%  val=19.3%  lr=1.03e-04     3s
2026-03-19 12:30:04,352 [INFO]   ★ best 19.33%
2026-03-19 12:30:07,435 [INFO]   Ep  78/120  loss=1.6707 acc=13.1%  val=18.5%  lr=9.87e-05     3s
2026-03-19 12:30:10,604 [INFO]   Ep  79/120  loss=1.6611 acc=13.8%  val=19.4%  lr=9.46e-05     3s
2026-03-19 12:30:10,639 [INFO]   ★ best 19.40%
2026-03-19 12:30:13,780 [INFO]   Ep  80/120  loss=1.6508 acc=13.7%  val=19.3%  lr=9.06e-05     3s
2026-03-19 12:30:16,889 [INFO]   Ep  81/120  loss=1.6580 acc=13.5%  val=20.4%  lr=8.66e-05     3s
2026-03-19 12:30:16,937 [INFO]   ★ best 20.38%
2026-03-19 12:30:20,179 [INFO]   Ep  82/120  loss=1.6601 acc=13.3%  val=18.6%  lr=8.27e-05     3s
2026-03-19 12:30:23,254 [INFO]   Ep  83/120  loss=1.6378 acc=14.6%  val=20.1%  lr=7.88e-05     3s
2026-03-19 12:30:26,509 [INFO]   Ep  84/120  loss=1.6484 acc=14.1%  val=20.6%  lr=7.50e-05     3s
2026-03-19 12:30:26,552 [INFO]   ★ best 20.58%
2026-03-19 12:30:29,790 [INFO]   Ep  85/120  loss=1.6158 acc=15.5%  val=20.3%  lr=7.12e-05     3s
2026-03-19 12:30:32,937 [INFO]   Ep  86/120  loss=1.6420 acc=14.9%  val=20.5%  lr=6.76e-05     3s
2026-03-19 12:30:36,113 [INFO]   Ep  87/120  loss=1.6303 acc=15.2%  val=20.5%  lr=6.40e-05     3s
2026-03-19 12:30:39,224 [INFO]   Ep  88/120  loss=1.6464 acc=14.5%  val=21.4%  lr=6.04e-05     3s
2026-03-19 12:30:39,260 [INFO]   ★ best 21.43%
2026-03-19 12:30:42,425 [INFO]   Ep  89/120  loss=1.6271 acc=16.1%  val=21.4%  lr=5.70e-05     3s
2026-03-19 12:30:45,570 [INFO]   Ep  90/120  loss=1.6319 acc=15.4%  val=20.5%  lr=5.36e-05     3s
2026-03-19 12:30:48,652 [INFO]   Ep  91/120  loss=1.6418 acc=14.8%  val=20.5%  lr=5.03e-05     3s
2026-03-19 12:30:51,776 [INFO]   Ep  92/120  loss=1.6313 acc=15.2%  val=21.0%  lr=4.71e-05     3s
2026-03-19 12:30:54,887 [INFO]   Ep  93/120  loss=1.6288 acc=15.9%  val=20.0%  lr=4.39e-05     3s
2026-03-19 12:30:58,011 [INFO]   Ep  94/120  loss=1.6244 acc=15.6%  val=21.3%  lr=4.09e-05     3s
2026-03-19 12:31:01,144 [INFO]   Ep  95/120  loss=1.6289 acc=15.7%  val=21.6%  lr=3.79e-05     3s
2026-03-19 12:31:01,173 [INFO]   ★ best 21.57%
2026-03-19 12:31:04,260 [INFO]   Ep  96/120  loss=1.6309 acc=15.9%  val=20.3%  lr=3.51e-05     3s
2026-03-19 12:31:07,308 [INFO]   Ep  97/120  loss=1.6141 acc=16.4%  val=21.7%  lr=3.23e-05     3s
2026-03-19 12:31:07,348 [INFO]   ★ best 21.74%
2026-03-19 12:31:10,446 [INFO]   Ep  98/120  loss=1.6173 acc=16.6%  val=21.5%  lr=2.97e-05     3s
2026-03-19 12:31:13,563 [INFO]   Ep  99/120  loss=1.6254 acc=16.2%  val=21.7%  lr=2.71e-05     3s
2026-03-19 12:31:16,656 [INFO]   Ep 100/120  loss=1.6117 acc=16.7%  val=20.1%  lr=2.47e-05     3s
2026-03-19 12:31:19,825 [INFO]   Ep 101/120  loss=1.6165 acc=16.6%  val=20.1%  lr=2.23e-05     3s
2026-03-19 12:31:22,917 [INFO]   Ep 102/120  loss=1.6238 acc=16.2%  val=21.0%  lr=2.01e-05     3s
2026-03-19 12:31:25,960 [INFO]   Ep 103/120  loss=1.6116 acc=16.6%  val=20.6%  lr=1.80e-05     3s
2026-03-19 12:31:29,037 [INFO]   Ep 104/120  loss=1.6165 acc=16.4%  val=21.8%  lr=1.60e-05     3s
2026-03-19 12:31:29,074 [INFO]   ★ best 21.84%
2026-03-19 12:31:32,208 [INFO]   Ep 105/120  loss=1.6094 acc=16.8%  val=21.5%  lr=1.41e-05     3s
2026-03-19 12:31:35,275 [INFO]   Ep 106/120  loss=1.6114 acc=16.8%  val=21.4%  lr=1.23e-05     3s
2026-03-19 12:31:38,375 [INFO]   Ep 107/120  loss=1.6264 acc=16.3%  val=21.0%  lr=1.06e-05     3s
2026-03-19 12:31:41,509 [INFO]   Ep 108/120  loss=1.6002 acc=17.6%  val=21.5%  lr=9.05e-06     3s
2026-03-19 12:31:44,603 [INFO]   Ep 109/120  loss=1.6179 acc=16.5%  val=21.4%  lr=7.62e-06     3s
2026-03-19 12:31:47,781 [INFO]   Ep 110/120  loss=1.5952 acc=17.5%  val=21.5%  lr=6.31e-06     3s
2026-03-19 12:31:51,054 [INFO]   Ep 111/120  loss=1.6101 acc=16.9%  val=21.3%  lr=5.12e-06     3s
2026-03-19 12:31:54,356 [INFO]   Ep 112/120  loss=1.6085 acc=16.7%  val=21.8%  lr=4.05e-06     3s
2026-03-19 12:31:57,684 [INFO]   Ep 113/120  loss=1.6062 acc=17.1%  val=21.3%  lr=3.11e-06     3s
2026-03-19 12:32:01,039 [INFO]   Ep 114/120  loss=1.5909 acc=17.8%  val=21.5%  lr=2.29e-06     3s
2026-03-19 12:32:04,341 [INFO]   Ep 115/120  loss=1.6144 acc=16.4%  val=21.3%  lr=1.59e-06     3s
2026-03-19 12:32:07,416 [INFO]   Ep 116/120  loss=1.6023 acc=17.2%  val=21.3%  lr=1.02e-06     3s
2026-03-19 12:32:10,644 [INFO]   Ep 117/120  loss=1.6131 acc=16.4%  val=21.4%  lr=5.81e-07     3s
2026-03-19 12:32:13,773 [INFO]   Ep 118/120  loss=1.6186 acc=17.0%  val=21.2%  lr=2.64e-07     3s
2026-03-19 12:32:17,134 [INFO]   Ep 119/120  loss=1.6133 acc=17.0%  val=21.1%  lr=7.48e-08     3s
2026-03-19 12:32:20,300 [INFO]   Ep 120/120  loss=1.6068 acc=16.9%  val=21.0%  lr=1.20e-08     3s
2026-03-19 12:32:20,301 [INFO] ── SWA (15 ep) ──
2026-03-19 12:32:23,525 [INFO]   SWA Ep  1/15  swa_val=21.1%  3s
2026-03-19 12:32:26,708 [INFO]   SWA Ep  2/15  swa_val=21.7%  3s
2026-03-19 12:32:30,178 [INFO]   SWA Ep  3/15  swa_val=21.2%  3s
2026-03-19 12:32:33,641 [INFO]   SWA Ep  4/15  swa_val=21.6%  3s
2026-03-19 12:32:36,816 [INFO]   SWA Ep  5/15  swa_val=21.3%  3s
2026-03-19 12:32:39,912 [INFO]   SWA Ep  6/15  swa_val=21.3%  3s
2026-03-19 12:32:43,115 [INFO]   SWA Ep  7/15  swa_val=21.3%  3s
2026-03-19 12:32:46,258 [INFO]   SWA Ep  8/15  swa_val=22.0%  3s
2026-03-19 12:32:49,567 [INFO]   SWA Ep  9/15  swa_val=21.6%  3s
2026-03-19 12:32:52,878 [INFO]   SWA Ep 10/15  swa_val=21.6%  3s
2026-03-19 12:32:56,070 [INFO]   SWA Ep 11/15  swa_val=21.7%  3s
2026-03-19 12:32:59,213 [INFO]   SWA Ep 12/15  swa_val=21.5%  3s
2026-03-19 12:33:02,495 [INFO]   SWA Ep 13/15  swa_val=21.1%  3s
2026-03-19 12:33:05,754 [INFO]   SWA Ep 14/15  swa_val=21.7%  3s
2026-03-19 12:33:08,851 [INFO]   SWA Ep 15/15  swa_val=21.6%  3s
2026-03-19 12:33:11,932 [INFO]   SWA final: 21.53% (regular best: 21.84%)
2026-03-19 12:33:11,933 [INFO]   Fold 1 best: 21.84%
2026-03-19 12:33:12,935 [INFO] ================================================================
2026-03-19 12:33:12,936 [INFO] FOLD 2 / 5
2026-03-19 12:33:12,936 [INFO] ================================================================
2026-03-19 12:33:18,045 [INFO]   Ep   1/120  loss=1.9173 acc=0.7%  val=0.7%  lr=1.69e-05     5s
2026-03-19 12:33:18,078 [INFO]   ★ best 0.71%
2026-03-19 12:33:21,258 [INFO]   Ep   2/120  loss=1.9109 acc=0.8%  val=0.7%  lr=3.13e-05     3s
2026-03-19 12:33:21,292 [INFO]   ★ best 0.75%
2026-03-19 12:33:24,336 [INFO]   Ep   3/120  loss=1.9089 acc=0.9%  val=0.8%  lr=5.42e-05     3s
2026-03-19 12:33:24,371 [INFO]   ★ best 0.81%
2026-03-19 12:33:27,532 [INFO]   Ep   4/120  loss=1.9076 acc=0.8%  val=0.7%  lr=8.41e-05     3s
2026-03-19 12:33:30,655 [INFO]   Ep   5/120  loss=1.9073 acc=0.7%  val=0.9%  lr=1.19e-04     3s
2026-03-19 12:33:30,694 [INFO]   ★ best 0.88%
2026-03-19 12:33:33,842 [INFO]   Ep   6/120  loss=1.9068 acc=0.7%  val=0.8%  lr=1.56e-04     3s
2026-03-19 12:33:36,959 [INFO]   Ep   7/120  loss=1.9064 acc=0.7%  val=0.8%  lr=1.93e-04     3s
2026-03-19 12:33:40,069 [INFO]   Ep   8/120  loss=1.9062 acc=0.7%  val=0.8%  lr=2.28e-04     3s
2026-03-19 12:33:43,469 [INFO]   Ep   9/120  loss=1.9065 acc=0.6%  val=0.8%  lr=2.58e-04     3s
2026-03-19 12:33:46,608 [INFO]   Ep  10/120  loss=1.9064 acc=0.6%  val=0.8%  lr=2.81e-04     3s
2026-03-19 12:33:49,733 [INFO]   Ep  11/120  loss=1.9059 acc=0.8%  val=0.6%  lr=2.95e-04     3s
2026-03-19 12:33:52,983 [INFO]   Ep  12/120  loss=1.9060 acc=0.7%  val=0.9%  lr=3.00e-04     3s
2026-03-19 12:33:53,026 [INFO]   ★ best 0.92%
2026-03-19 12:33:56,286 [INFO]   Ep  13/120  loss=1.9057 acc=0.8%  val=0.8%  lr=3.00e-04     3s
2026-03-19 12:33:59,419 [INFO]   Ep  14/120  loss=1.9051 acc=0.8%  val=1.2%  lr=3.00e-04     3s
2026-03-19 12:33:59,457 [INFO]   ★ best 1.19%
2026-03-19 12:34:02,656 [INFO]   Ep  15/120  loss=1.9031 acc=1.0%  val=1.3%  lr=2.99e-04     3s
2026-03-19 12:34:02,692 [INFO]   ★ best 1.29%
2026-03-19 12:34:05,851 [INFO]   Ep  16/120  loss=1.8998 acc=1.0%  val=1.3%  lr=2.99e-04     3s
2026-03-19 12:34:05,882 [INFO]   ★ best 1.32%
2026-03-19 12:34:09,063 [INFO]   Ep  17/120  loss=1.8956 acc=1.3%  val=1.4%  lr=2.98e-04     3s
2026-03-19 12:34:09,098 [INFO]   ★ best 1.39%
2026-03-19 12:34:12,238 [INFO]   Ep  18/120  loss=1.8938 acc=1.1%  val=1.4%  lr=2.98e-04     3s
2026-03-19 12:34:15,402 [INFO]   Ep  19/120  loss=1.8908 acc=1.2%  val=1.3%  lr=2.97e-04     3s
2026-03-19 12:34:18,485 [INFO]   Ep  20/120  loss=1.8895 acc=1.2%  val=1.6%  lr=2.96e-04     3s
2026-03-19 12:34:18,519 [INFO]   ★ best 1.63%
2026-03-19 12:34:21,635 [INFO]   Ep  21/120  loss=1.8868 acc=1.4%  val=1.5%  lr=2.95e-04     3s
2026-03-19 12:34:24,688 [INFO]   Ep  22/120  loss=1.8860 acc=1.3%  val=1.2%  lr=2.94e-04     3s
2026-03-19 12:34:27,777 [INFO]   Ep  23/120  loss=1.8815 acc=1.4%  val=1.9%  lr=2.92e-04     3s
2026-03-19 12:34:27,815 [INFO]   ★ best 1.93%
2026-03-19 12:34:30,934 [INFO]   Ep  24/120  loss=1.8792 acc=1.4%  val=1.9%  lr=2.91e-04     3s
2026-03-19 12:34:34,031 [INFO]   Ep  25/120  loss=1.8749 acc=1.7%  val=2.2%  lr=2.89e-04     3s
2026-03-19 12:34:34,064 [INFO]   ★ best 2.17%
2026-03-19 12:34:37,313 [INFO]   Ep  26/120  loss=1.8707 acc=1.8%  val=2.4%  lr=2.88e-04     3s
2026-03-19 12:34:37,352 [INFO]   ★ best 2.41%
2026-03-19 12:34:40,483 [INFO]   Ep  27/120  loss=1.8670 acc=1.9%  val=2.9%  lr=2.86e-04     3s
2026-03-19 12:34:40,524 [INFO]   ★ best 2.92%
2026-03-19 12:34:43,600 [INFO]   Ep  28/120  loss=1.8632 acc=2.1%  val=3.3%  lr=2.84e-04     3s
2026-03-19 12:34:43,639 [INFO]   ★ best 3.26%
2026-03-19 12:34:46,962 [INFO]   Ep  29/120  loss=1.8561 acc=2.3%  val=3.4%  lr=2.82e-04     3s
2026-03-19 12:34:46,990 [INFO]   ★ best 3.39%
2026-03-19 12:34:50,318 [INFO]   Ep  30/120  loss=1.8517 acc=2.4%  val=2.8%  lr=2.80e-04     3s
2026-03-19 12:34:53,524 [INFO]   Ep  31/120  loss=1.8521 acc=2.2%  val=3.7%  lr=2.78e-04     3s
2026-03-19 12:34:53,559 [INFO]   ★ best 3.66%
2026-03-19 12:34:56,758 [INFO]   Ep  32/120  loss=1.8500 acc=2.5%  val=3.1%  lr=2.75e-04     3s
2026-03-19 12:34:59,977 [INFO]   Ep  33/120  loss=1.8463 acc=2.7%  val=4.2%  lr=2.73e-04     3s
2026-03-19 12:35:00,009 [INFO]   ★ best 4.17%
2026-03-19 12:35:03,139 [INFO]   Ep  34/120  loss=1.8431 acc=2.5%  val=4.0%  lr=2.70e-04     3s
2026-03-19 12:35:06,339 [INFO]   Ep  35/120  loss=1.8400 acc=2.6%  val=3.8%  lr=2.68e-04     3s
2026-03-19 12:35:09,413 [INFO]   Ep  36/120  loss=1.8345 acc=3.1%  val=4.1%  lr=2.65e-04     3s
2026-03-19 12:35:12,508 [INFO]   Ep  37/120  loss=1.8347 acc=2.9%  val=3.9%  lr=2.62e-04     3s
2026-03-19 12:35:15,637 [INFO]   Ep  38/120  loss=1.8392 acc=2.9%  val=4.2%  lr=2.59e-04     3s
2026-03-19 12:35:15,670 [INFO]   ★ best 4.24%
2026-03-19 12:35:19,046 [INFO]   Ep  39/120  loss=1.8323 acc=3.2%  val=4.3%  lr=2.56e-04     3s
2026-03-19 12:35:19,073 [INFO]   ★ best 4.34%
2026-03-19 12:35:22,351 [INFO]   Ep  40/120  loss=1.8264 acc=3.3%  val=4.5%  lr=2.53e-04     3s
2026-03-19 12:35:22,385 [INFO]   ★ best 4.48%
2026-03-19 12:35:25,521 [INFO]   Ep  41/120  loss=1.8279 acc=3.6%  val=5.6%  lr=2.50e-04     3s
2026-03-19 12:35:25,556 [INFO]   ★ best 5.56%
2026-03-19 12:35:28,673 [INFO]   Ep  42/120  loss=1.8251 acc=3.5%  val=4.9%  lr=2.46e-04     3s
2026-03-19 12:35:31,788 [INFO]   Ep  43/120  loss=1.8196 acc=3.7%  val=4.4%  lr=2.43e-04     3s
2026-03-19 12:35:35,139 [INFO]   Ep  44/120  loss=1.8211 acc=3.7%  val=6.2%  lr=2.40e-04     3s
2026-03-19 12:35:35,172 [INFO]   ★ best 6.24%
2026-03-19 12:35:38,237 [INFO]   Ep  45/120  loss=1.8177 acc=4.1%  val=5.4%  lr=2.36e-04     3s
2026-03-19 12:35:41,531 [INFO]   Ep  46/120  loss=1.8211 acc=4.0%  val=6.8%  lr=2.32e-04     3s
2026-03-19 12:35:41,569 [INFO]   ★ best 6.82%
2026-03-19 12:35:44,719 [INFO]   Ep  47/120  loss=1.8138 acc=4.4%  val=6.9%  lr=2.29e-04     3s
2026-03-19 12:35:44,756 [INFO]   ★ best 6.88%
2026-03-19 12:35:47,827 [INFO]   Ep  48/120  loss=1.8019 acc=4.8%  val=8.0%  lr=2.25e-04     3s
2026-03-19 12:35:47,865 [INFO]   ★ best 8.00%
2026-03-19 12:35:50,977 [INFO]   Ep  49/120  loss=1.7933 acc=5.1%  val=7.1%  lr=2.21e-04     3s
2026-03-19 12:35:54,218 [INFO]   Ep  50/120  loss=1.8018 acc=4.9%  val=8.0%  lr=2.17e-04     3s
2026-03-19 12:35:57,345 [INFO]   Ep  51/120  loss=1.7911 acc=5.3%  val=7.5%  lr=2.13e-04     3s
2026-03-19 12:36:00,415 [INFO]   Ep  52/120  loss=1.7906 acc=5.4%  val=7.5%  lr=2.09e-04     3s
2026-03-19 12:36:03,492 [INFO]   Ep  53/120  loss=1.7816 acc=5.7%  val=9.1%  lr=2.05e-04     3s
2026-03-19 12:36:03,529 [INFO]   ★ best 9.05%
2026-03-19 12:36:06,625 [INFO]   Ep  54/120  loss=1.7783 acc=5.9%  val=8.3%  lr=2.01e-04     3s
2026-03-19 12:36:09,665 [INFO]   Ep  55/120  loss=1.7767 acc=5.9%  val=9.1%  lr=1.97e-04     3s
2026-03-19 12:36:12,853 [INFO]   Ep  56/120  loss=1.7825 acc=5.6%  val=9.5%  lr=1.93e-04     3s
2026-03-19 12:36:12,886 [INFO]   ★ best 9.53%
2026-03-19 12:36:15,962 [INFO]   Ep  57/120  loss=1.7675 acc=7.0%  val=9.4%  lr=1.89e-04     3s
2026-03-19 12:36:19,102 [INFO]   Ep  58/120  loss=1.7713 acc=6.5%  val=8.8%  lr=1.85e-04     3s
2026-03-19 12:36:22,190 [INFO]   Ep  59/120  loss=1.7664 acc=6.6%  val=8.8%  lr=1.80e-04     3s
2026-03-19 12:36:25,370 [INFO]   Ep  60/120  loss=1.7730 acc=6.4%  val=9.2%  lr=1.76e-04     3s
2026-03-19 12:36:28,565 [INFO]   Ep  61/120  loss=1.7652 acc=6.9%  val=10.9%  lr=1.72e-04     3s
2026-03-19 12:36:28,602 [INFO]   ★ best 10.89%
2026-03-19 12:36:31,872 [INFO]   Ep  62/120  loss=1.7546 acc=7.2%  val=9.9%  lr=1.67e-04     3s
2026-03-19 12:36:35,129 [INFO]   Ep  63/120  loss=1.7544 acc=7.6%  val=11.2%  lr=1.63e-04     3s
2026-03-19 12:36:35,167 [INFO]   ★ best 11.16%
2026-03-19 12:36:38,297 [INFO]   Ep  64/120  loss=1.7524 acc=7.5%  val=10.2%  lr=1.59e-04     3s
2026-03-19 12:36:41,539 [INFO]   Ep  65/120  loss=1.7459 acc=7.9%  val=10.9%  lr=1.54e-04     3s
2026-03-19 12:36:44,921 [INFO]   Ep  66/120  loss=1.7428 acc=8.2%  val=11.6%  lr=1.50e-04     3s
2026-03-19 12:36:44,956 [INFO]   ★ best 11.63%
2026-03-19 12:36:48,208 [INFO]   Ep  67/120  loss=1.7351 acc=8.4%  val=11.4%  lr=1.46e-04     3s
2026-03-19 12:36:51,454 [INFO]   Ep  68/120  loss=1.7401 acc=8.3%  val=13.4%  lr=1.41e-04     3s
2026-03-19 12:36:51,491 [INFO]   ★ best 13.36%
2026-03-19 12:36:54,662 [INFO]   Ep  69/120  loss=1.7349 acc=8.5%  val=13.0%  lr=1.37e-04     3s
2026-03-19 12:36:57,786 [INFO]   Ep  70/120  loss=1.7279 acc=9.1%  val=12.5%  lr=1.33e-04     3s
2026-03-19 12:37:00,933 [INFO]   Ep  71/120  loss=1.7375 acc=8.3%  val=12.6%  lr=1.28e-04     3s
2026-03-19 12:37:04,133 [INFO]   Ep  72/120  loss=1.7270 acc=8.9%  val=13.2%  lr=1.24e-04     3s
2026-03-19 12:37:07,252 [INFO]   Ep  73/120  loss=1.7362 acc=8.7%  val=13.0%  lr=1.20e-04     3s
2026-03-19 12:37:10,385 [INFO]   Ep  74/120  loss=1.7261 acc=9.3%  val=12.9%  lr=1.15e-04     3s
2026-03-19 12:37:13,504 [INFO]   Ep  75/120  loss=1.7297 acc=8.8%  val=12.9%  lr=1.11e-04     3s
2026-03-19 12:37:16,718 [INFO]   Ep  76/120  loss=1.7189 acc=9.6%  val=13.6%  lr=1.07e-04     3s
2026-03-19 12:37:16,766 [INFO]   ★ best 13.60%
2026-03-19 12:37:19,900 [INFO]   Ep  77/120  loss=1.7184 acc=9.5%  val=14.2%  lr=1.03e-04     3s
2026-03-19 12:37:19,928 [INFO]   ★ best 14.21%
2026-03-19 12:37:23,399 [INFO]   Ep  78/120  loss=1.7273 acc=9.3%  val=15.0%  lr=9.87e-05     3s
2026-03-19 12:37:23,435 [INFO]   ★ best 14.95%
2026-03-19 12:37:26,786 [INFO]   Ep  79/120  loss=1.7140 acc=9.9%  val=14.3%  lr=9.46e-05     3s
2026-03-19 12:37:29,937 [INFO]   Ep  80/120  loss=1.7157 acc=10.2%  val=14.0%  lr=9.06e-05     3s
2026-03-19 12:37:33,059 [INFO]   Ep  81/120  loss=1.7048 acc=10.4%  val=13.8%  lr=8.66e-05     3s
2026-03-19 12:37:36,210 [INFO]   Ep  82/120  loss=1.7083 acc=10.4%  val=14.6%  lr=8.27e-05     3s
2026-03-19 12:37:39,297 [INFO]   Ep  83/120  loss=1.7069 acc=10.3%  val=14.3%  lr=7.88e-05     3s
2026-03-19 12:37:42,547 [INFO]   Ep  84/120  loss=1.6988 acc=11.2%  val=14.7%  lr=7.50e-05     3s
2026-03-19 12:37:45,871 [INFO]   Ep  85/120  loss=1.7017 acc=10.7%  val=14.7%  lr=7.12e-05     3s
2026-03-19 12:37:48,949 [INFO]   Ep  86/120  loss=1.7101 acc=10.6%  val=15.1%  lr=6.76e-05     3s
2026-03-19 12:37:48,979 [INFO]   ★ best 15.12%
2026-03-19 12:37:52,048 [INFO]   Ep  87/120  loss=1.7016 acc=10.7%  val=14.4%  lr=6.40e-05     3s
2026-03-19 12:37:55,158 [INFO]   Ep  88/120  loss=1.6904 acc=11.1%  val=14.6%  lr=6.04e-05     3s
2026-03-19 12:37:58,212 [INFO]   Ep  89/120  loss=1.6888 acc=11.6%  val=15.2%  lr=5.70e-05     3s
2026-03-19 12:37:58,255 [INFO]   ★ best 15.19%
2026-03-19 12:38:01,455 [INFO]   Ep  90/120  loss=1.7009 acc=11.2%  val=15.0%  lr=5.36e-05     3s
2026-03-19 12:38:04,901 [INFO]   Ep  91/120  loss=1.6914 acc=11.6%  val=14.5%  lr=5.03e-05     3s
2026-03-19 12:38:08,057 [INFO]   Ep  92/120  loss=1.6883 acc=11.5%  val=15.1%  lr=4.71e-05     3s
2026-03-19 12:38:11,325 [INFO]   Ep  93/120  loss=1.7047 acc=10.8%  val=15.6%  lr=4.39e-05     3s
2026-03-19 12:38:11,358 [INFO]   ★ best 15.60%
2026-03-19 12:38:14,535 [INFO]   Ep  94/120  loss=1.6805 acc=11.6%  val=15.2%  lr=4.09e-05     3s
2026-03-19 12:38:17,600 [INFO]   Ep  95/120  loss=1.6885 acc=11.8%  val=15.8%  lr=3.79e-05     3s
2026-03-19 12:38:17,637 [INFO]   ★ best 15.84%
2026-03-19 12:38:20,738 [INFO]   Ep  96/120  loss=1.6914 acc=11.7%  val=15.9%  lr=3.51e-05     3s
2026-03-19 12:38:20,769 [INFO]   ★ best 15.94%
2026-03-19 12:38:23,929 [INFO]   Ep  97/120  loss=1.6864 acc=11.7%  val=16.6%  lr=3.23e-05     3s
2026-03-19 12:38:23,958 [INFO]   ★ best 16.65%
2026-03-19 12:38:27,086 [INFO]   Ep  98/120  loss=1.6952 acc=11.5%  val=16.6%  lr=2.97e-05     3s
2026-03-19 12:38:30,268 [INFO]   Ep  99/120  loss=1.6917 acc=11.6%  val=15.8%  lr=2.71e-05     3s
2026-03-19 12:38:33,424 [INFO]   Ep 100/120  loss=1.6791 acc=11.9%  val=16.8%  lr=2.47e-05     3s
2026-03-19 12:38:33,455 [INFO]   ★ best 16.82%
2026-03-19 12:38:36,679 [INFO]   Ep 101/120  loss=1.6687 acc=12.4%  val=16.6%  lr=2.23e-05     3s
2026-03-19 12:38:39,988 [INFO]   Ep 102/120  loss=1.6754 acc=12.5%  val=16.2%  lr=2.01e-05     3s
2026-03-19 12:38:43,247 [INFO]   Ep 103/120  loss=1.6780 acc=12.1%  val=16.5%  lr=1.80e-05     3s
2026-03-19 12:38:46,406 [INFO]   Ep 104/120  loss=1.6687 acc=12.8%  val=15.5%  lr=1.60e-05     3s
2026-03-19 12:38:49,507 [INFO]   Ep 105/120  loss=1.6607 acc=13.0%  val=15.9%  lr=1.41e-05     3s
2026-03-19 12:38:52,689 [INFO]   Ep 106/120  loss=1.6735 acc=12.3%  val=16.4%  lr=1.23e-05     3s
2026-03-19 12:38:55,835 [INFO]   Ep 107/120  loss=1.6679 acc=13.4%  val=16.2%  lr=1.06e-05     3s
2026-03-19 12:38:59,034 [INFO]   Ep 108/120  loss=1.6741 acc=12.6%  val=16.5%  lr=9.05e-06     3s
2026-03-19 12:39:02,176 [INFO]   Ep 109/120  loss=1.6654 acc=12.8%  val=16.6%  lr=7.62e-06     3s
2026-03-19 12:39:05,303 [INFO]   Ep 110/120  loss=1.6657 acc=12.7%  val=17.0%  lr=6.31e-06     3s
2026-03-19 12:39:05,337 [INFO]   ★ best 16.99%
2026-03-19 12:39:08,485 [INFO]   Ep 111/120  loss=1.6678 acc=12.7%  val=16.5%  lr=5.12e-06     3s
2026-03-19 12:39:12,220 [INFO]   Ep 112/120  loss=1.6758 acc=12.5%  val=16.9%  lr=4.05e-06     4s
2026-03-19 12:39:15,573 [INFO]   Ep 113/120  loss=1.6774 acc=12.2%  val=16.9%  lr=3.11e-06     3s
2026-03-19 12:39:18,671 [INFO]   Ep 114/120  loss=1.6683 acc=13.0%  val=16.6%  lr=2.29e-06     3s
2026-03-19 12:39:21,775 [INFO]   Ep 115/120  loss=1.6807 acc=11.9%  val=16.5%  lr=1.59e-06     3s
2026-03-19 12:39:25,086 [INFO]   Ep 116/120  loss=1.6726 acc=12.7%  val=16.4%  lr=1.02e-06     3s
2026-03-19 12:39:28,505 [INFO]   Ep 117/120  loss=1.6630 acc=13.3%  val=16.5%  lr=5.81e-07     3s
2026-03-19 12:39:32,000 [INFO]   Ep 118/120  loss=1.6708 acc=12.7%  val=16.8%  lr=2.64e-07     3s
2026-03-19 12:39:35,150 [INFO]   Ep 119/120  loss=1.6687 acc=12.8%  val=16.5%  lr=7.48e-08     3s
2026-03-19 12:39:38,214 [INFO]   Ep 120/120  loss=1.6602 acc=13.1%  val=16.7%  lr=1.20e-08     3s
2026-03-19 12:39:38,214 [INFO] ── SWA (15 ep) ──
2026-03-19 12:39:41,354 [INFO]   SWA Ep  1/15  swa_val=16.8%  3s
2026-03-19 12:39:44,535 [INFO]   SWA Ep  2/15  swa_val=16.8%  3s
2026-03-19 12:39:47,710 [INFO]   SWA Ep  3/15  swa_val=16.2%  3s
2026-03-19 12:39:51,326 [INFO]   SWA Ep  4/15  swa_val=16.8%  4s
2026-03-19 12:39:54,434 [INFO]   SWA Ep  5/15  swa_val=16.6%  3s
2026-03-19 12:39:57,596 [INFO]   SWA Ep  6/15  swa_val=16.8%  3s
2026-03-19 12:40:00,715 [INFO]   SWA Ep  7/15  swa_val=16.8%  3s
2026-03-19 12:40:03,847 [INFO]   SWA Ep  8/15  swa_val=16.6%  3s
2026-03-19 12:40:06,958 [INFO]   SWA Ep  9/15  swa_val=16.4%  3s
2026-03-19 12:40:10,039 [INFO]   SWA Ep 10/15  swa_val=16.4%  3s
2026-03-19 12:40:13,159 [INFO]   SWA Ep 11/15  swa_val=16.9%  3s
2026-03-19 12:40:16,286 [INFO]   SWA Ep 12/15  swa_val=16.4%  3s
2026-03-19 12:40:19,363 [INFO]   SWA Ep 13/15  swa_val=17.0%  3s
2026-03-19 12:40:22,475 [INFO]   SWA Ep 14/15  swa_val=16.9%  3s
2026-03-19 12:40:25,890 [INFO]   SWA Ep 15/15  swa_val=16.6%  3s
2026-03-19 12:40:28,966 [INFO]   SWA final: 17.12% (regular best: 16.99%)
2026-03-19 12:40:29,002 [INFO]   Fold 2 best: 17.12%
2026-03-19 12:40:30,497 [INFO] ================================================================
2026-03-19 12:40:30,497 [INFO] FOLD 3 / 5
2026-03-19 12:40:30,497 [INFO] ================================================================
2026-03-19 12:40:36,586 [INFO]   Ep   1/120  loss=1.9158 acc=0.8%  val=0.7%  lr=1.69e-05     6s
2026-03-19 12:40:36,615 [INFO]   ★ best 0.68%
2026-03-19 12:40:40,454 [INFO]   Ep   2/120  loss=1.9098 acc=0.8%  val=0.9%  lr=3.13e-05     4s
2026-03-19 12:40:40,485 [INFO]   ★ best 0.88%
2026-03-19 12:40:43,955 [INFO]   Ep   3/120  loss=1.9086 acc=0.7%  val=0.7%  lr=5.42e-05     3s
2026-03-19 12:40:47,262 [INFO]   Ep   4/120  loss=1.9084 acc=0.8%  val=0.8%  lr=8.41e-05     3s
2026-03-19 12:40:50,581 [INFO]   Ep   5/120  loss=1.9075 acc=0.7%  val=0.8%  lr=1.19e-04     3s
2026-03-19 12:40:53,764 [INFO]   Ep   6/120  loss=1.9069 acc=0.8%  val=1.0%  lr=1.56e-04     3s
2026-03-19 12:40:53,799 [INFO]   ★ best 1.02%
2026-03-19 12:40:56,952 [INFO]   Ep   7/120  loss=1.9065 acc=0.7%  val=0.8%  lr=1.93e-04     3s
2026-03-19 12:41:00,300 [INFO]   Ep   8/120  loss=1.9062 acc=0.9%  val=0.9%  lr=2.28e-04     3s
2026-03-19 12:41:03,696 [INFO]   Ep   9/120  loss=1.9049 acc=0.8%  val=0.8%  lr=2.58e-04     3s
2026-03-19 12:41:06,939 [INFO]   Ep  10/120  loss=1.9010 acc=1.0%  val=1.4%  lr=2.81e-04     3s
2026-03-19 12:41:06,982 [INFO]   ★ best 1.36%
2026-03-19 12:41:10,049 [INFO]   Ep  11/120  loss=1.8974 acc=1.1%  val=1.5%  lr=2.95e-04     3s
2026-03-19 12:41:10,081 [INFO]   ★ best 1.46%
2026-03-19 12:41:13,309 [INFO]   Ep  12/120  loss=1.8945 acc=1.0%  val=1.5%  lr=3.00e-04     3s
2026-03-19 12:41:13,345 [INFO]   ★ best 1.53%
2026-03-19 12:41:16,573 [INFO]   Ep  13/120  loss=1.8917 acc=1.2%  val=1.8%  lr=3.00e-04     3s
2026-03-19 12:41:16,609 [INFO]   ★ best 1.76%
2026-03-19 12:41:19,875 [INFO]   Ep  14/120  loss=1.8873 acc=1.3%  val=1.8%  lr=3.00e-04     3s
2026-03-19 12:41:19,911 [INFO]   ★ best 1.80%
2026-03-19 12:41:23,160 [INFO]   Ep  15/120  loss=1.8854 acc=1.5%  val=1.5%  lr=2.99e-04     3s
2026-03-19 12:41:26,374 [INFO]   Ep  16/120  loss=1.8801 acc=1.6%  val=2.0%  lr=2.99e-04     3s
2026-03-19 12:41:26,415 [INFO]   ★ best 1.97%
2026-03-19 12:41:29,624 [INFO]   Ep  17/120  loss=1.8734 acc=1.7%  val=2.3%  lr=2.98e-04     3s
2026-03-19 12:41:29,660 [INFO]   ★ best 2.27%
2026-03-19 12:41:32,926 [INFO]   Ep  18/120  loss=1.8693 acc=1.8%  val=2.8%  lr=2.98e-04     3s
2026-03-19 12:41:32,963 [INFO]   ★ best 2.78%
2026-03-19 12:41:36,225 [INFO]   Ep  19/120  loss=1.8656 acc=1.9%  val=3.2%  lr=2.97e-04     3s
2026-03-19 12:41:36,261 [INFO]   ★ best 3.22%
2026-03-19 12:41:39,484 [INFO]   Ep  20/120  loss=1.8596 acc=2.1%  val=3.0%  lr=2.96e-04     3s
2026-03-19 12:41:42,714 [INFO]   Ep  21/120  loss=1.8561 acc=2.2%  val=3.5%  lr=2.95e-04     3s
2026-03-19 12:41:42,757 [INFO]   ★ best 3.49%
2026-03-19 12:41:46,054 [INFO]   Ep  22/120  loss=1.8530 acc=2.5%  val=3.9%  lr=2.94e-04     3s
2026-03-19 12:41:46,089 [INFO]   ★ best 3.87%
2026-03-19 12:41:49,383 [INFO]   Ep  23/120  loss=1.8456 acc=2.6%  val=3.9%  lr=2.92e-04     3s
2026-03-19 12:41:49,418 [INFO]   ★ best 3.93%
2026-03-19 12:41:52,735 [INFO]   Ep  24/120  loss=1.8461 acc=2.9%  val=4.6%  lr=2.91e-04     3s
2026-03-19 12:41:52,776 [INFO]   ★ best 4.58%
2026-03-19 12:41:56,113 [INFO]   Ep  25/120  loss=1.8449 acc=2.9%  val=4.1%  lr=2.89e-04     3s
2026-03-19 12:41:59,589 [INFO]   Ep  26/120  loss=1.8416 acc=2.7%  val=4.2%  lr=2.88e-04     3s
2026-03-19 12:42:02,782 [INFO]   Ep  27/120  loss=1.8356 acc=3.0%  val=5.0%  lr=2.86e-04     3s
2026-03-19 12:42:02,816 [INFO]   ★ best 5.02%
2026-03-19 12:42:06,352 [INFO]   Ep  28/120  loss=1.8345 acc=3.1%  val=5.6%  lr=2.84e-04     4s
2026-03-19 12:42:06,392 [INFO]   ★ best 5.56%
2026-03-19 12:42:09,667 [INFO]   Ep  29/120  loss=1.8321 acc=3.4%  val=5.7%  lr=2.82e-04     3s
2026-03-19 12:42:09,699 [INFO]   ★ best 5.66%
2026-03-19 12:42:12,845 [INFO]   Ep  30/120  loss=1.8277 acc=3.5%  val=5.8%  lr=2.80e-04     3s
2026-03-19 12:42:12,878 [INFO]   ★ best 5.83%
2026-03-19 12:42:15,998 [INFO]   Ep  31/120  loss=1.8304 acc=3.6%  val=6.0%  lr=2.78e-04     3s
2026-03-19 12:42:16,035 [INFO]   ★ best 6.00%
2026-03-19 12:42:19,097 [INFO]   Ep  32/120  loss=1.8209 acc=4.2%  val=5.5%  lr=2.75e-04     3s
2026-03-19 12:42:22,352 [INFO]   Ep  33/120  loss=1.8176 acc=4.2%  val=5.7%  lr=2.73e-04     3s
2026-03-19 12:42:25,735 [INFO]   Ep  34/120  loss=1.8090 acc=4.5%  val=7.8%  lr=2.70e-04     3s
2026-03-19 12:42:25,769 [INFO]   ★ best 7.84%
2026-03-19 12:42:29,133 [INFO]   Ep  35/120  loss=1.8066 acc=4.8%  val=7.3%  lr=2.68e-04     3s
2026-03-19 12:42:32,263 [INFO]   Ep  36/120  loss=1.7986 acc=5.0%  val=7.1%  lr=2.65e-04     3s
2026-03-19 12:42:35,592 [INFO]   Ep  37/120  loss=1.7991 acc=5.2%  val=8.8%  lr=2.62e-04     3s
2026-03-19 12:42:35,633 [INFO]   ★ best 8.79%
2026-03-19 12:42:38,958 [INFO]   Ep  38/120  loss=1.7990 acc=5.1%  val=8.5%  lr=2.59e-04     3s
2026-03-19 12:42:42,094 [INFO]   Ep  39/120  loss=1.7905 acc=5.6%  val=8.8%  lr=2.56e-04     3s
2026-03-19 12:42:45,349 [INFO]   Ep  40/120  loss=1.7851 acc=6.0%  val=10.4%  lr=2.53e-04     3s
2026-03-19 12:42:45,390 [INFO]   ★ best 10.41%
2026-03-19 12:42:48,667 [INFO]   Ep  41/120  loss=1.7854 acc=5.9%  val=10.7%  lr=2.50e-04     3s
2026-03-19 12:42:48,703 [INFO]   ★ best 10.65%
2026-03-19 12:42:52,096 [INFO]   Ep  42/120  loss=1.7905 acc=5.7%  val=11.1%  lr=2.46e-04     3s
2026-03-19 12:42:52,132 [INFO]   ★ best 11.13%
2026-03-19 12:42:55,513 [INFO]   Ep  43/120  loss=1.7673 acc=6.7%  val=11.4%  lr=2.43e-04     3s
2026-03-19 12:42:55,548 [INFO]   ★ best 11.36%
2026-03-19 12:42:58,743 [INFO]   Ep  44/120  loss=1.7717 acc=6.9%  val=10.1%  lr=2.40e-04     3s
2026-03-19 12:43:01,924 [INFO]   Ep  45/120  loss=1.7707 acc=7.1%  val=11.6%  lr=2.36e-04     3s
2026-03-19 12:43:01,954 [INFO]   ★ best 11.57%
2026-03-19 12:43:05,158 [INFO]   Ep  46/120  loss=1.7642 acc=7.0%  val=11.4%  lr=2.32e-04     3s
2026-03-19 12:43:08,507 [INFO]   Ep  47/120  loss=1.7532 acc=7.6%  val=10.9%  lr=2.29e-04     3s
2026-03-19 12:43:11,814 [INFO]   Ep  48/120  loss=1.7590 acc=7.7%  val=12.1%  lr=2.25e-04     3s
2026-03-19 12:43:11,854 [INFO]   ★ best 12.08%
2026-03-19 12:43:15,224 [INFO]   Ep  49/120  loss=1.7466 acc=7.9%  val=13.4%  lr=2.21e-04     3s
2026-03-19 12:43:15,258 [INFO]   ★ best 13.36%
2026-03-19 12:43:18,529 [INFO]   Ep  50/120  loss=1.7508 acc=8.3%  val=12.3%  lr=2.17e-04     3s
2026-03-19 12:43:21,917 [INFO]   Ep  51/120  loss=1.7479 acc=7.9%  val=12.5%  lr=2.13e-04     3s
2026-03-19 12:43:25,207 [INFO]   Ep  52/120  loss=1.7444 acc=8.1%  val=13.1%  lr=2.09e-04     3s
2026-03-19 12:43:28,388 [INFO]   Ep  53/120  loss=1.7346 acc=9.0%  val=12.0%  lr=2.05e-04     3s
2026-03-19 12:43:31,668 [INFO]   Ep  54/120  loss=1.7273 acc=9.6%  val=14.0%  lr=2.01e-04     3s
2026-03-19 12:43:31,709 [INFO]   ★ best 14.04%
2026-03-19 12:43:35,061 [INFO]   Ep  55/120  loss=1.7295 acc=9.2%  val=14.6%  lr=1.97e-04     3s
2026-03-19 12:43:35,101 [INFO]   ★ best 14.55%
2026-03-19 12:43:38,509 [INFO]   Ep  56/120  loss=1.7230 acc=9.5%  val=14.3%  lr=1.93e-04     3s
2026-03-19 12:43:41,734 [INFO]   Ep  57/120  loss=1.7269 acc=9.4%  val=14.9%  lr=1.89e-04     3s
2026-03-19 12:43:41,769 [INFO]   ★ best 14.93%
2026-03-19 12:43:45,037 [INFO]   Ep  58/120  loss=1.7152 acc=10.0%  val=14.7%  lr=1.85e-04     3s
2026-03-19 12:43:48,354 [INFO]   Ep  59/120  loss=1.7044 acc=10.3%  val=16.0%  lr=1.80e-04     3s
2026-03-19 12:43:48,390 [INFO]   ★ best 15.98%
2026-03-19 12:43:51,716 [INFO]   Ep  60/120  loss=1.7099 acc=10.5%  val=13.8%  lr=1.76e-04     3s
2026-03-19 12:43:54,842 [INFO]   Ep  61/120  loss=1.7045 acc=10.6%  val=15.9%  lr=1.72e-04     3s
2026-03-19 12:43:58,122 [INFO]   Ep  62/120  loss=1.6990 acc=11.4%  val=17.3%  lr=1.67e-04     3s
2026-03-19 12:43:58,161 [INFO]   ★ best 17.30%
2026-03-19 12:44:01,468 [INFO]   Ep  63/120  loss=1.6950 acc=11.0%  val=16.1%  lr=1.63e-04     3s
2026-03-19 12:44:04,621 [INFO]   Ep  64/120  loss=1.6958 acc=11.7%  val=16.5%  lr=1.59e-04     3s
2026-03-19 12:44:07,892 [INFO]   Ep  65/120  loss=1.6925 acc=11.4%  val=16.6%  lr=1.54e-04     3s
2026-03-19 12:44:10,961 [INFO]   Ep  66/120  loss=1.6871 acc=12.0%  val=17.8%  lr=1.50e-04     3s
2026-03-19 12:44:11,001 [INFO]   ★ best 17.84%
2026-03-19 12:44:14,469 [INFO]   Ep  67/120  loss=1.6874 acc=11.7%  val=16.7%  lr=1.46e-04     3s
2026-03-19 12:44:17,801 [INFO]   Ep  68/120  loss=1.6850 acc=12.5%  val=16.1%  lr=1.41e-04     3s
2026-03-19 12:44:21,139 [INFO]   Ep  69/120  loss=1.6726 acc=12.6%  val=18.8%  lr=1.37e-04     3s
2026-03-19 12:44:21,178 [INFO]   ★ best 18.76%
2026-03-19 12:44:24,571 [INFO]   Ep  70/120  loss=1.6688 acc=13.0%  val=18.1%  lr=1.33e-04     3s
2026-03-19 12:44:27,802 [INFO]   Ep  71/120  loss=1.6724 acc=13.2%  val=18.1%  lr=1.28e-04     3s
2026-03-19 12:44:30,986 [INFO]   Ep  72/120  loss=1.6743 acc=12.7%  val=18.8%  lr=1.24e-04     3s
2026-03-19 12:44:34,297 [INFO]   Ep  73/120  loss=1.6661 acc=13.1%  val=18.5%  lr=1.20e-04     3s
2026-03-19 12:44:37,416 [INFO]   Ep  74/120  loss=1.6633 acc=13.4%  val=18.3%  lr=1.15e-04     3s
2026-03-19 12:44:40,715 [INFO]   Ep  75/120  loss=1.6652 acc=13.2%  val=18.9%  lr=1.11e-04     3s
2026-03-19 12:44:40,750 [INFO]   ★ best 18.86%
2026-03-19 12:44:44,027 [INFO]   Ep  76/120  loss=1.6464 acc=14.6%  val=19.8%  lr=1.07e-04     3s
2026-03-19 12:44:44,064 [INFO]   ★ best 19.81%
2026-03-19 12:44:47,234 [INFO]   Ep  77/120  loss=1.6688 acc=13.2%  val=19.1%  lr=1.03e-04     3s
2026-03-19 12:44:50,634 [INFO]   Ep  78/120  loss=1.6476 acc=14.7%  val=19.5%  lr=9.87e-05     3s
2026-03-19 12:44:53,888 [INFO]   Ep  79/120  loss=1.6482 acc=14.3%  val=19.3%  lr=9.46e-05     3s
2026-03-19 12:44:57,195 [INFO]   Ep  80/120  loss=1.6523 acc=14.2%  val=20.4%  lr=9.06e-05     3s
2026-03-19 12:44:57,232 [INFO]   ★ best 20.35%
2026-03-19 12:45:00,549 [INFO]   Ep  81/120  loss=1.6476 acc=14.3%  val=19.5%  lr=8.66e-05     3s
2026-03-19 12:45:03,903 [INFO]   Ep  82/120  loss=1.6467 acc=14.7%  val=19.3%  lr=8.27e-05     3s
2026-03-19 12:45:07,189 [INFO]   Ep  83/120  loss=1.6552 acc=14.8%  val=19.0%  lr=7.88e-05     3s
2026-03-19 12:45:10,462 [INFO]   Ep  84/120  loss=1.6461 acc=14.8%  val=20.4%  lr=7.50e-05     3s
2026-03-19 12:45:10,492 [INFO]   ★ best 20.42%
2026-03-19 12:45:13,745 [INFO]   Ep  85/120  loss=1.6194 acc=15.8%  val=21.2%  lr=7.12e-05     3s
2026-03-19 12:45:13,778 [INFO]   ★ best 21.23%
2026-03-19 12:45:17,115 [INFO]   Ep  86/120  loss=1.6328 acc=15.4%  val=19.7%  lr=6.76e-05     3s
2026-03-19 12:45:20,319 [INFO]   Ep  87/120  loss=1.6355 acc=15.4%  val=21.1%  lr=6.40e-05     3s
2026-03-19 12:45:23,611 [INFO]   Ep  88/120  loss=1.6187 acc=15.8%  val=20.5%  lr=6.04e-05     3s
2026-03-19 12:45:26,779 [INFO]   Ep  89/120  loss=1.6348 acc=15.4%  val=20.6%  lr=5.70e-05     3s
2026-03-19 12:45:29,951 [INFO]   Ep  90/120  loss=1.6215 acc=16.1%  val=21.4%  lr=5.36e-05     3s
2026-03-19 12:45:29,984 [INFO]   ★ best 21.44%
2026-03-19 12:45:33,194 [INFO]   Ep  91/120  loss=1.6382 acc=14.9%  val=20.8%  lr=5.03e-05     3s
2026-03-19 12:45:36,533 [INFO]   Ep  92/120  loss=1.6137 acc=16.5%  val=21.1%  lr=4.71e-05     3s
2026-03-19 12:45:39,910 [INFO]   Ep  93/120  loss=1.6078 acc=17.1%  val=20.8%  lr=4.39e-05     3s
2026-03-19 12:45:43,251 [INFO]   Ep  94/120  loss=1.6063 acc=17.3%  val=21.8%  lr=4.09e-05     3s
2026-03-19 12:45:43,287 [INFO]   ★ best 21.78%
2026-03-19 12:45:46,537 [INFO]   Ep  95/120  loss=1.6162 acc=16.7%  val=21.7%  lr=3.79e-05     3s
2026-03-19 12:45:49,950 [INFO]   Ep  96/120  loss=1.6326 acc=15.5%  val=21.9%  lr=3.51e-05     3s
2026-03-19 12:45:49,992 [INFO]   ★ best 21.88%
2026-03-19 12:45:53,230 [INFO]   Ep  97/120  loss=1.6239 acc=16.2%  val=22.2%  lr=3.23e-05     3s
2026-03-19 12:45:53,265 [INFO]   ★ best 22.15%
2026-03-19 12:45:56,423 [INFO]   Ep  98/120  loss=1.6264 acc=16.1%  val=21.2%  lr=2.97e-05     3s
2026-03-19 12:45:59,536 [INFO]   Ep  99/120  loss=1.6164 acc=16.9%  val=22.3%  lr=2.71e-05     3s
2026-03-19 12:45:59,575 [INFO]   ★ best 22.29%
2026-03-19 12:46:02,930 [INFO]   Ep 100/120  loss=1.6085 acc=17.3%  val=21.9%  lr=2.47e-05     3s
2026-03-19 12:46:06,244 [INFO]   Ep 101/120  loss=1.6177 acc=17.0%  val=23.2%  lr=2.23e-05     3s
2026-03-19 12:46:06,275 [INFO]   ★ best 23.20%
2026-03-19 12:46:09,506 [INFO]   Ep 102/120  loss=1.6083 acc=17.0%  val=21.7%  lr=2.01e-05     3s
2026-03-19 12:46:12,770 [INFO]   Ep 103/120  loss=1.6037 acc=17.3%  val=22.3%  lr=1.80e-05     3s
2026-03-19 12:46:15,874 [INFO]   Ep 104/120  loss=1.5966 acc=17.8%  val=21.5%  lr=1.60e-05     3s
2026-03-19 12:46:19,085 [INFO]   Ep 105/120  loss=1.6193 acc=16.6%  val=21.6%  lr=1.41e-05     3s
2026-03-19 12:46:22,320 [INFO]   Ep 106/120  loss=1.6037 acc=17.3%  val=22.7%  lr=1.23e-05     3s
2026-03-19 12:46:25,636 [INFO]   Ep 107/120  loss=1.6117 acc=16.7%  val=22.3%  lr=1.06e-05     3s
2026-03-19 12:46:28,886 [INFO]   Ep 108/120  loss=1.6237 acc=16.7%  val=21.2%  lr=9.05e-06     3s
2026-03-19 12:46:32,191 [INFO]   Ep 109/120  loss=1.6050 acc=17.5%  val=22.2%  lr=7.62e-06     3s
2026-03-19 12:46:35,519 [INFO]   Ep 110/120  loss=1.6016 acc=17.3%  val=21.9%  lr=6.31e-06     3s
2026-03-19 12:46:38,801 [INFO]   Ep 111/120  loss=1.5775 acc=18.3%  val=22.5%  lr=5.12e-06     3s
2026-03-19 12:46:41,924 [INFO]   Ep 112/120  loss=1.6023 acc=18.1%  val=22.6%  lr=4.05e-06     3s
2026-03-19 12:46:45,078 [INFO]   Ep 113/120  loss=1.6127 acc=16.8%  val=22.0%  lr=3.11e-06     3s
2026-03-19 12:46:48,368 [INFO]   Ep 114/120  loss=1.6000 acc=17.3%  val=22.4%  lr=2.29e-06     3s
2026-03-19 12:46:51,670 [INFO]   Ep 115/120  loss=1.6013 acc=17.3%  val=22.3%  lr=1.59e-06     3s
2026-03-19 12:46:54,832 [INFO]   Ep 116/120  loss=1.5993 acc=17.5%  val=22.7%  lr=1.02e-06     3s
2026-03-19 12:46:58,092 [INFO]   Ep 117/120  loss=1.6032 acc=17.4%  val=22.2%  lr=5.81e-07     3s
2026-03-19 12:47:01,249 [INFO]   Ep 118/120  loss=1.6099 acc=17.2%  val=22.5%  lr=2.64e-07     3s
2026-03-19 12:47:04,436 [INFO]   Ep 119/120  loss=1.6094 acc=17.1%  val=22.5%  lr=7.48e-08     3s
2026-03-19 12:47:07,649 [INFO]   Ep 120/120  loss=1.6074 acc=17.4%  val=22.2%  lr=1.20e-08     3s
2026-03-19 12:47:07,649 [INFO] ── SWA (15 ep) ──
2026-03-19 12:47:10,849 [INFO]   SWA Ep  1/15  swa_val=21.9%  3s
2026-03-19 12:47:14,021 [INFO]   SWA Ep  2/15  swa_val=22.3%  3s
2026-03-19 12:47:17,103 [INFO]   SWA Ep  3/15  swa_val=22.3%  3s
2026-03-19 12:47:20,278 [INFO]   SWA Ep  4/15  swa_val=22.6%  3s
2026-03-19 12:47:23,505 [INFO]   SWA Ep  5/15  swa_val=22.5%  3s
2026-03-19 12:47:26,613 [INFO]   SWA Ep  6/15  swa_val=22.3%  3s
2026-03-19 12:47:29,931 [INFO]   SWA Ep  7/15  swa_val=22.4%  3s
2026-03-19 12:47:33,266 [INFO]   SWA Ep  8/15  swa_val=22.2%  3s
2026-03-19 12:47:36,565 [INFO]   SWA Ep  9/15  swa_val=22.2%  3s
2026-03-19 12:47:39,889 [INFO]   SWA Ep 10/15  swa_val=22.0%  3s
2026-03-19 12:47:43,243 [INFO]   SWA Ep 11/15  swa_val=22.4%  3s
2026-03-19 12:47:46,578 [INFO]   SWA Ep 12/15  swa_val=22.7%  3s
2026-03-19 12:47:49,891 [INFO]   SWA Ep 13/15  swa_val=22.6%  3s
2026-03-19 12:47:53,112 [INFO]   SWA Ep 14/15  swa_val=22.4%  3s
2026-03-19 12:47:56,356 [INFO]   SWA Ep 15/15  swa_val=22.9%  3s
2026-03-19 12:47:59,546 [INFO]   SWA final: 22.56% (regular best: 23.20%)
2026-03-19 12:47:59,547 [INFO]   Fold 3 best: 23.20%
2026-03-19 12:48:00,778 [INFO] ================================================================
2026-03-19 12:48:00,778 [INFO] FOLD 4 / 5
2026-03-19 12:48:00,778 [INFO] ================================================================
2026-03-19 12:48:06,298 [INFO]   Ep   1/120  loss=1.9164 acc=0.7%  val=0.7%  lr=1.69e-05     5s
2026-03-19 12:48:06,331 [INFO]   ★ best 0.75%
2026-03-19 12:48:09,817 [INFO]   Ep   2/120  loss=1.9102 acc=0.9%  val=0.6%  lr=3.13e-05     3s
2026-03-19 12:48:13,074 [INFO]   Ep   3/120  loss=1.9085 acc=0.9%  val=0.8%  lr=5.42e-05     3s
2026-03-19 12:48:13,101 [INFO]   ★ best 0.81%
2026-03-19 12:48:16,366 [INFO]   Ep   4/120  loss=1.9083 acc=0.7%  val=0.8%  lr=8.41e-05     3s
2026-03-19 12:48:16,402 [INFO]   ★ best 0.85%
2026-03-19 12:48:19,709 [INFO]   Ep   5/120  loss=1.9076 acc=0.8%  val=0.8%  lr=1.19e-04     3s
2026-03-19 12:48:23,027 [INFO]   Ep   6/120  loss=1.9073 acc=0.7%  val=0.8%  lr=1.56e-04     3s
2026-03-19 12:48:26,122 [INFO]   Ep   7/120  loss=1.9068 acc=0.8%  val=0.8%  lr=1.93e-04     3s
2026-03-19 12:48:29,337 [INFO]   Ep   8/120  loss=1.9066 acc=0.7%  val=0.8%  lr=2.28e-04     3s
2026-03-19 12:48:32,683 [INFO]   Ep   9/120  loss=1.9065 acc=0.7%  val=0.8%  lr=2.58e-04     3s
2026-03-19 12:48:35,900 [INFO]   Ep  10/120  loss=1.9064 acc=0.7%  val=0.8%  lr=2.81e-04     3s
2026-03-19 12:48:39,153 [INFO]   Ep  11/120  loss=1.9054 acc=0.8%  val=0.8%  lr=2.95e-04     3s
2026-03-19 12:48:42,544 [INFO]   Ep  12/120  loss=1.9028 acc=0.9%  val=1.4%  lr=3.00e-04     3s
2026-03-19 12:48:42,584 [INFO]   ★ best 1.42%
2026-03-19 12:48:45,810 [INFO]   Ep  13/120  loss=1.8993 acc=1.0%  val=1.3%  lr=3.00e-04     3s
2026-03-19 12:48:49,056 [INFO]   Ep  14/120  loss=1.8960 acc=1.2%  val=1.3%  lr=3.00e-04     3s
2026-03-19 12:48:52,324 [INFO]   Ep  15/120  loss=1.8924 acc=1.3%  val=1.7%  lr=2.99e-04     3s
2026-03-19 12:48:52,363 [INFO]   ★ best 1.66%
2026-03-19 12:48:55,609 [INFO]   Ep  16/120  loss=1.8895 acc=1.3%  val=1.7%  lr=2.99e-04     3s
2026-03-19 12:48:55,647 [INFO]   ★ best 1.73%
2026-03-19 12:48:58,853 [INFO]   Ep  17/120  loss=1.8870 acc=1.3%  val=1.7%  lr=2.98e-04     3s
2026-03-19 12:49:01,947 [INFO]   Ep  18/120  loss=1.8827 acc=1.5%  val=1.9%  lr=2.98e-04     3s
2026-03-19 12:49:01,979 [INFO]   ★ best 1.90%
2026-03-19 12:49:05,177 [INFO]   Ep  19/120  loss=1.8768 acc=1.5%  val=2.5%  lr=2.97e-04     3s
2026-03-19 12:49:05,212 [INFO]   ★ best 2.48%
2026-03-19 12:49:08,422 [INFO]   Ep  20/120  loss=1.8731 acc=1.9%  val=2.7%  lr=2.96e-04     3s
2026-03-19 12:49:08,463 [INFO]   ★ best 2.71%
2026-03-19 12:49:11,756 [INFO]   Ep  21/120  loss=1.8683 acc=2.0%  val=2.8%  lr=2.95e-04     3s
2026-03-19 12:49:11,790 [INFO]   ★ best 2.82%
2026-03-19 12:49:15,005 [INFO]   Ep  22/120  loss=1.8637 acc=2.0%  val=3.0%  lr=2.94e-04     3s
2026-03-19 12:49:15,034 [INFO]   ★ best 2.95%
2026-03-19 12:49:18,157 [INFO]   Ep  23/120  loss=1.8626 acc=2.2%  val=3.4%  lr=2.92e-04     3s
2026-03-19 12:49:18,199 [INFO]   ★ best 3.43%
2026-03-19 12:49:21,453 [INFO]   Ep  24/120  loss=1.8547 acc=2.5%  val=3.3%  lr=2.91e-04     3s
2026-03-19 12:49:24,627 [INFO]   Ep  25/120  loss=1.8523 acc=2.5%  val=2.7%  lr=2.89e-04     3s
2026-03-19 12:49:27,824 [INFO]   Ep  26/120  loss=1.8492 acc=2.5%  val=3.6%  lr=2.88e-04     3s
2026-03-19 12:49:27,865 [INFO]   ★ best 3.60%
2026-03-19 12:49:31,093 [INFO]   Ep  27/120  loss=1.8461 acc=2.6%  val=4.0%  lr=2.86e-04     3s
2026-03-19 12:49:31,126 [INFO]   ★ best 4.04%
2026-03-19 12:49:34,317 [INFO]   Ep  28/120  loss=1.8446 acc=2.6%  val=4.5%  lr=2.84e-04     3s
2026-03-19 12:49:34,353 [INFO]   ★ best 4.55%
2026-03-19 12:49:37,646 [INFO]   Ep  29/120  loss=1.8403 acc=3.0%  val=3.9%  lr=2.82e-04     3s
2026-03-19 12:49:40,822 [INFO]   Ep  30/120  loss=1.8381 acc=2.7%  val=4.1%  lr=2.80e-04     3s
2026-03-19 12:49:44,134 [INFO]   Ep  31/120  loss=1.8349 acc=3.2%  val=4.3%  lr=2.78e-04     3s
2026-03-19 12:49:47,267 [INFO]   Ep  32/120  loss=1.8278 acc=3.4%  val=4.5%  lr=2.75e-04     3s
2026-03-19 12:49:50,421 [INFO]   Ep  33/120  loss=1.8260 acc=3.7%  val=4.3%  lr=2.73e-04     3s
2026-03-19 12:49:53,718 [INFO]   Ep  34/120  loss=1.8209 acc=3.9%  val=5.8%  lr=2.70e-04     3s
2026-03-19 12:49:53,762 [INFO]   ★ best 5.80%
2026-03-19 12:49:56,862 [INFO]   Ep  35/120  loss=1.8209 acc=3.9%  val=6.4%  lr=2.68e-04     3s
2026-03-19 12:49:56,897 [INFO]   ★ best 6.38%
2026-03-19 12:50:00,123 [INFO]   Ep  36/120  loss=1.8140 acc=4.2%  val=6.6%  lr=2.65e-04     3s
2026-03-19 12:50:00,163 [INFO]   ★ best 6.65%
2026-03-19 12:50:03,435 [INFO]   Ep  37/120  loss=1.8190 acc=4.0%  val=6.4%  lr=2.62e-04     3s
2026-03-19 12:50:06,719 [INFO]   Ep  38/120  loss=1.8063 acc=4.7%  val=6.8%  lr=2.59e-04     3s
2026-03-19 12:50:06,754 [INFO]   ★ best 6.82%
2026-03-19 12:50:09,993 [INFO]   Ep  39/120  loss=1.8055 acc=4.6%  val=7.8%  lr=2.56e-04     3s
2026-03-19 12:50:10,024 [INFO]   ★ best 7.77%
2026-03-19 12:50:13,426 [INFO]   Ep  40/120  loss=1.8023 acc=5.1%  val=9.0%  lr=2.53e-04     3s
2026-03-19 12:50:13,460 [INFO]   ★ best 9.02%
2026-03-19 12:50:16,702 [INFO]   Ep  41/120  loss=1.7906 acc=5.2%  val=8.9%  lr=2.50e-04     3s
2026-03-19 12:50:19,982 [INFO]   Ep  42/120  loss=1.7946 acc=5.3%  val=8.3%  lr=2.46e-04     3s
2026-03-19 12:50:23,187 [INFO]   Ep  43/120  loss=1.7865 acc=5.6%  val=8.8%  lr=2.43e-04     3s
2026-03-19 12:50:26,556 [INFO]   Ep  44/120  loss=1.7794 acc=5.7%  val=9.2%  lr=2.40e-04     3s
2026-03-19 12:50:26,586 [INFO]   ★ best 9.19%
2026-03-19 12:50:29,826 [INFO]   Ep  45/120  loss=1.7850 acc=6.0%  val=9.4%  lr=2.36e-04     3s
2026-03-19 12:50:29,864 [INFO]   ★ best 9.36%
2026-03-19 12:50:33,112 [INFO]   Ep  46/120  loss=1.7777 acc=6.4%  val=10.0%  lr=2.32e-04     3s
2026-03-19 12:50:33,151 [INFO]   ★ best 10.04%
2026-03-19 12:50:36,425 [INFO]   Ep  47/120  loss=1.7731 acc=6.4%  val=11.2%  lr=2.29e-04     3s
2026-03-19 12:50:36,464 [INFO]   ★ best 11.16%
2026-03-19 12:50:39,715 [INFO]   Ep  48/120  loss=1.7644 acc=7.4%  val=10.5%  lr=2.25e-04     3s
2026-03-19 12:50:42,971 [INFO]   Ep  49/120  loss=1.7663 acc=6.9%  val=11.4%  lr=2.21e-04     3s
2026-03-19 12:50:43,006 [INFO]   ★ best 11.40%
2026-03-19 12:50:46,290 [INFO]   Ep  50/120  loss=1.7666 acc=7.1%  val=10.6%  lr=2.17e-04     3s
2026-03-19 12:50:49,560 [INFO]   Ep  51/120  loss=1.7569 acc=7.7%  val=11.8%  lr=2.13e-04     3s
2026-03-19 12:50:49,598 [INFO]   ★ best 11.80%
2026-03-19 12:50:52,857 [INFO]   Ep  52/120  loss=1.7475 acc=7.9%  val=12.5%  lr=2.09e-04     3s
2026-03-19 12:50:52,903 [INFO]   ★ best 12.48%
2026-03-19 12:50:56,228 [INFO]   Ep  53/120  loss=1.7539 acc=7.7%  val=12.1%  lr=2.05e-04     3s
2026-03-19 12:50:59,515 [INFO]   Ep  54/120  loss=1.7529 acc=8.2%  val=12.9%  lr=2.01e-04     3s
2026-03-19 12:50:59,552 [INFO]   ★ best 12.89%
2026-03-19 12:51:02,870 [INFO]   Ep  55/120  loss=1.7435 acc=8.5%  val=13.0%  lr=1.97e-04     3s
2026-03-19 12:51:02,908 [INFO]   ★ best 12.99%
2026-03-19 12:51:06,188 [INFO]   Ep  56/120  loss=1.7446 acc=8.1%  val=14.2%  lr=1.93e-04     3s
2026-03-19 12:51:06,223 [INFO]   ★ best 14.18%
2026-03-19 12:51:09,569 [INFO]   Ep  57/120  loss=1.7406 acc=9.0%  val=12.8%  lr=1.89e-04     3s
2026-03-19 12:51:12,848 [INFO]   Ep  58/120  loss=1.7294 acc=8.9%  val=14.4%  lr=1.85e-04     3s
2026-03-19 12:51:12,882 [INFO]   ★ best 14.42%
2026-03-19 12:51:16,117 [INFO]   Ep  59/120  loss=1.7236 acc=9.4%  val=13.5%  lr=1.80e-04     3s
2026-03-19 12:51:19,487 [INFO]   Ep  60/120  loss=1.7317 acc=9.3%  val=15.0%  lr=1.76e-04     3s
2026-03-19 12:51:19,523 [INFO]   ★ best 15.03%
2026-03-19 12:51:22,834 [INFO]   Ep  61/120  loss=1.7198 acc=9.9%  val=15.1%  lr=1.72e-04     3s
2026-03-19 12:51:22,875 [INFO]   ★ best 15.06%
2026-03-19 12:51:26,113 [INFO]   Ep  62/120  loss=1.7123 acc=10.2%  val=15.0%  lr=1.67e-04     3s
2026-03-19 12:51:29,164 [INFO]   Ep  63/120  loss=1.7190 acc=9.8%  val=14.9%  lr=1.63e-04     3s
2026-03-19 12:51:32,489 [INFO]   Ep  64/120  loss=1.7138 acc=10.1%  val=16.0%  lr=1.59e-04     3s
2026-03-19 12:51:32,524 [INFO]   ★ best 15.98%
2026-03-19 12:51:35,839 [INFO]   Ep  65/120  loss=1.7105 acc=10.2%  val=17.0%  lr=1.54e-04     3s
2026-03-19 12:51:35,876 [INFO]   ★ best 16.99%
2026-03-19 12:51:39,150 [INFO]   Ep  66/120  loss=1.7119 acc=10.1%  val=16.6%  lr=1.50e-04     3s
2026-03-19 12:51:42,417 [INFO]   Ep  67/120  loss=1.6981 acc=10.6%  val=15.0%  lr=1.46e-04     3s
2026-03-19 12:51:45,713 [INFO]   Ep  68/120  loss=1.7017 acc=10.9%  val=16.2%  lr=1.41e-04     3s
2026-03-19 12:51:49,013 [INFO]   Ep  69/120  loss=1.6988 acc=10.9%  val=17.1%  lr=1.37e-04     3s
2026-03-19 12:51:49,050 [INFO]   ★ best 17.06%
2026-03-19 12:51:52,302 [INFO]   Ep  70/120  loss=1.7105 acc=10.7%  val=15.8%  lr=1.33e-04     3s
2026-03-19 12:51:55,533 [INFO]   Ep  71/120  loss=1.6912 acc=11.4%  val=16.7%  lr=1.28e-04     3s
2026-03-19 12:51:58,713 [INFO]   Ep  72/120  loss=1.6888 acc=11.9%  val=17.3%  lr=1.24e-04     3s
2026-03-19 12:51:58,751 [INFO]   ★ best 17.27%
2026-03-19 12:52:01,911 [INFO]   Ep  73/120  loss=1.6841 acc=11.4%  val=17.4%  lr=1.20e-04     3s
2026-03-19 12:52:01,952 [INFO]   ★ best 17.44%
2026-03-19 12:52:05,166 [INFO]   Ep  74/120  loss=1.6813 acc=12.1%  val=17.5%  lr=1.15e-04     3s
2026-03-19 12:52:05,197 [INFO]   ★ best 17.50%
2026-03-19 12:52:08,461 [INFO]   Ep  75/120  loss=1.6809 acc=12.1%  val=17.1%  lr=1.11e-04     3s
2026-03-19 12:52:11,654 [INFO]   Ep  76/120  loss=1.6660 acc=13.1%  val=17.2%  lr=1.07e-04     3s
2026-03-19 12:52:14,878 [INFO]   Ep  77/120  loss=1.6611 acc=13.4%  val=18.3%  lr=1.03e-04     3s
2026-03-19 12:52:14,907 [INFO]   ★ best 18.32%
2026-03-19 12:52:18,126 [INFO]   Ep  78/120  loss=1.6798 acc=12.2%  val=16.9%  lr=9.87e-05     3s
2026-03-19 12:52:21,602 [INFO]   Ep  79/120  loss=1.6529 acc=13.6%  val=18.4%  lr=9.46e-05     3s
2026-03-19 12:52:21,637 [INFO]   ★ best 18.42%
2026-03-19 12:52:24,898 [INFO]   Ep  80/120  loss=1.6613 acc=13.3%  val=18.9%  lr=9.06e-05     3s
2026-03-19 12:52:24,934 [INFO]   ★ best 18.93%
2026-03-19 12:52:28,207 [INFO]   Ep  81/120  loss=1.6616 acc=13.1%  val=17.6%  lr=8.66e-05     3s
2026-03-19 12:52:31,528 [INFO]   Ep  82/120  loss=1.6632 acc=13.2%  val=19.3%  lr=8.27e-05     3s
2026-03-19 12:52:31,562 [INFO]   ★ best 19.30%
2026-03-19 12:52:34,817 [INFO]   Ep  83/120  loss=1.6546 acc=13.8%  val=18.5%  lr=7.88e-05     3s
2026-03-19 12:52:38,106 [INFO]   Ep  84/120  loss=1.6718 acc=13.2%  val=17.9%  lr=7.50e-05     3s
2026-03-19 12:52:41,491 [INFO]   Ep  85/120  loss=1.6450 acc=14.3%  val=19.1%  lr=7.12e-05     3s
2026-03-19 12:52:44,847 [INFO]   Ep  86/120  loss=1.6622 acc=13.3%  val=19.5%  lr=6.76e-05     3s
2026-03-19 12:52:44,885 [INFO]   ★ best 19.50%
2026-03-19 12:52:48,270 [INFO]   Ep  87/120  loss=1.6445 acc=14.2%  val=19.8%  lr=6.40e-05     3s
2026-03-19 12:52:48,305 [INFO]   ★ best 19.81%
2026-03-19 12:52:51,830 [INFO]   Ep  88/120  loss=1.6298 acc=14.9%  val=19.4%  lr=6.04e-05     4s
2026-03-19 12:52:55,015 [INFO]   Ep  89/120  loss=1.6471 acc=14.0%  val=19.0%  lr=5.70e-05     3s
2026-03-19 12:52:58,428 [INFO]   Ep  90/120  loss=1.6490 acc=14.3%  val=19.6%  lr=5.36e-05     3s
2026-03-19 12:53:01,687 [INFO]   Ep  91/120  loss=1.6242 acc=15.1%  val=19.9%  lr=5.03e-05     3s
2026-03-19 12:53:01,721 [INFO]   ★ best 19.95%
2026-03-19 12:53:05,228 [INFO]   Ep  92/120  loss=1.6480 acc=14.0%  val=20.3%  lr=4.71e-05     4s
2026-03-19 12:53:05,261 [INFO]   ★ best 20.25%
2026-03-19 12:53:08,546 [INFO]   Ep  93/120  loss=1.6352 acc=15.1%  val=20.0%  lr=4.39e-05     3s
2026-03-19 12:53:11,850 [INFO]   Ep  94/120  loss=1.6378 acc=14.8%  val=19.2%  lr=4.09e-05     3s
2026-03-19 12:53:15,300 [INFO]   Ep  95/120  loss=1.6402 acc=14.8%  val=19.9%  lr=3.79e-05     3s
2026-03-19 12:53:18,592 [INFO]   Ep  96/120  loss=1.6225 acc=15.5%  val=19.7%  lr=3.51e-05     3s
2026-03-19 12:53:21,894 [INFO]   Ep  97/120  loss=1.6208 acc=15.9%  val=19.6%  lr=3.23e-05     3s
2026-03-19 12:53:25,194 [INFO]   Ep  98/120  loss=1.6404 acc=15.0%  val=20.4%  lr=2.97e-05     3s
2026-03-19 12:53:25,237 [INFO]   ★ best 20.39%
2026-03-19 12:53:28,446 [INFO]   Ep  99/120  loss=1.6324 acc=14.9%  val=20.4%  lr=2.71e-05     3s
2026-03-19 12:53:31,761 [INFO]   Ep 100/120  loss=1.6292 acc=15.2%  val=20.8%  lr=2.47e-05     3s
2026-03-19 12:53:31,793 [INFO]   ★ best 20.79%
2026-03-19 12:53:35,012 [INFO]   Ep 101/120  loss=1.6287 acc=15.4%  val=20.7%  lr=2.23e-05     3s
2026-03-19 12:53:38,365 [INFO]   Ep 102/120  loss=1.6204 acc=16.1%  val=20.5%  lr=2.01e-05     3s
2026-03-19 12:53:41,672 [INFO]   Ep 103/120  loss=1.6276 acc=15.9%  val=20.9%  lr=1.80e-05     3s
2026-03-19 12:53:41,707 [INFO]   ★ best 20.86%
2026-03-19 12:53:44,944 [INFO]   Ep 104/120  loss=1.6302 acc=15.8%  val=21.0%  lr=1.60e-05     3s
2026-03-19 12:53:44,992 [INFO]   ★ best 21.03%
2026-03-19 12:53:48,116 [INFO]   Ep 105/120  loss=1.6386 acc=15.1%  val=21.0%  lr=1.41e-05     3s
2026-03-19 12:53:51,311 [INFO]   Ep 106/120  loss=1.6162 acc=16.3%  val=20.9%  lr=1.23e-05     3s
2026-03-19 12:53:54,612 [INFO]   Ep 107/120  loss=1.6366 acc=15.5%  val=21.3%  lr=1.06e-05     3s
2026-03-19 12:53:54,652 [INFO]   ★ best 21.30%
2026-03-19 12:53:57,960 [INFO]   Ep 108/120  loss=1.6159 acc=16.1%  val=21.3%  lr=9.05e-06     3s
2026-03-19 12:53:58,000 [INFO]   ★ best 21.34%
2026-03-19 12:54:01,238 [INFO]   Ep 109/120  loss=1.6224 acc=16.3%  val=21.5%  lr=7.62e-06     3s
2026-03-19 12:54:01,274 [INFO]   ★ best 21.47%
2026-03-19 12:54:04,654 [INFO]   Ep 110/120  loss=1.6281 acc=15.7%  val=21.3%  lr=6.31e-06     3s
2026-03-19 12:54:08,034 [INFO]   Ep 111/120  loss=1.6189 acc=16.1%  val=21.2%  lr=5.12e-06     3s
2026-03-19 12:54:11,361 [INFO]   Ep 112/120  loss=1.6256 acc=16.1%  val=21.0%  lr=4.05e-06     3s
2026-03-19 12:54:14,521 [INFO]   Ep 113/120  loss=1.6337 acc=15.4%  val=21.4%  lr=3.11e-06     3s
2026-03-19 12:54:17,733 [INFO]   Ep 114/120  loss=1.6166 acc=16.1%  val=21.2%  lr=2.29e-06     3s
2026-03-19 12:54:20,948 [INFO]   Ep 115/120  loss=1.6307 acc=15.6%  val=21.0%  lr=1.59e-06     3s
2026-03-19 12:54:24,251 [INFO]   Ep 116/120  loss=1.6279 acc=15.7%  val=21.1%  lr=1.02e-06     3s
2026-03-19 12:54:27,530 [INFO]   Ep 117/120  loss=1.6083 acc=16.7%  val=21.0%  lr=5.81e-07     3s
2026-03-19 12:54:30,737 [INFO]   Ep 118/120  loss=1.6335 acc=15.8%  val=21.3%  lr=2.64e-07     3s
2026-03-19 12:54:34,028 [INFO]   Ep 119/120  loss=1.6278 acc=15.8%  val=21.4%  lr=7.48e-08     3s
2026-03-19 12:54:37,353 [INFO]   Ep 120/120  loss=1.6357 acc=15.5%  val=21.3%  lr=1.20e-08     3s
2026-03-19 12:54:37,354 [INFO] ── SWA (15 ep) ──
2026-03-19 12:54:40,772 [INFO]   SWA Ep  1/15  swa_val=21.7%  3s
2026-03-19 12:54:43,970 [INFO]   SWA Ep  2/15  swa_val=21.3%  3s
2026-03-19 12:54:47,247 [INFO]   SWA Ep  3/15  swa_val=21.2%  3s
2026-03-19 12:54:50,655 [INFO]   SWA Ep  4/15  swa_val=21.5%  3s
2026-03-19 12:54:53,900 [INFO]   SWA Ep  5/15  swa_val=21.3%  3s
2026-03-19 12:54:57,106 [INFO]   SWA Ep  6/15  swa_val=21.2%  3s
2026-03-19 12:55:00,423 [INFO]   SWA Ep  7/15  swa_val=21.3%  3s
2026-03-19 12:55:03,678 [INFO]   SWA Ep  8/15  swa_val=21.0%  3s
2026-03-19 12:55:06,786 [INFO]   SWA Ep  9/15  swa_val=21.2%  3s
2026-03-19 12:55:10,084 [INFO]   SWA Ep 10/15  swa_val=21.2%  3s
2026-03-19 12:55:13,413 [INFO]   SWA Ep 11/15  swa_val=21.3%  3s
2026-03-19 12:55:16,574 [INFO]   SWA Ep 12/15  swa_val=21.6%  3s
2026-03-19 12:55:19,867 [INFO]   SWA Ep 13/15  swa_val=21.4%  3s
2026-03-19 12:55:22,956 [INFO]   SWA Ep 14/15  swa_val=21.5%  3s
2026-03-19 12:55:26,250 [INFO]   SWA Ep 15/15  swa_val=21.2%  3s
2026-03-19 12:55:29,562 [INFO]   SWA final: 21.13% (regular best: 21.47%)
2026-03-19 12:55:29,562 [INFO]   Fold 4 best: 21.47%
2026-03-19 12:55:30,810 [INFO] ================================================================
2026-03-19 12:55:30,810 [INFO] FOLD 5 / 5
2026-03-19 12:55:30,810 [INFO] ================================================================
2026-03-19 12:55:36,046 [INFO]   Ep   1/120  loss=1.9171 acc=0.8%  val=0.7%  lr=1.69e-05     5s
2026-03-19 12:55:36,079 [INFO]   ★ best 0.71%
2026-03-19 12:55:39,210 [INFO]   Ep   2/120  loss=1.9105 acc=0.7%  val=0.8%  lr=3.13e-05     3s
2026-03-19 12:55:39,245 [INFO]   ★ best 0.78%
2026-03-19 12:55:42,501 [INFO]   Ep   3/120  loss=1.9085 acc=0.9%  val=0.7%  lr=5.42e-05     3s
2026-03-19 12:55:45,700 [INFO]   Ep   4/120  loss=1.9078 acc=0.8%  val=0.8%  lr=8.41e-05     3s
2026-03-19 12:55:45,735 [INFO]   ★ best 0.81%
2026-03-19 12:55:48,819 [INFO]   Ep   5/120  loss=1.9069 acc=0.9%  val=0.8%  lr=1.19e-04     3s
2026-03-19 12:55:51,965 [INFO]   Ep   6/120  loss=1.9063 acc=0.8%  val=1.3%  lr=1.56e-04     3s
2026-03-19 12:55:51,998 [INFO]   ★ best 1.29%
2026-03-19 12:55:55,100 [INFO]   Ep   7/120  loss=1.9040 acc=0.9%  val=1.1%  lr=1.93e-04     3s
2026-03-19 12:55:58,184 [INFO]   Ep   8/120  loss=1.9002 acc=1.1%  val=1.3%  lr=2.28e-04     3s
2026-03-19 12:55:58,213 [INFO]   ★ best 1.32%
2026-03-19 12:56:01,251 [INFO]   Ep   9/120  loss=1.8959 acc=1.2%  val=1.4%  lr=2.58e-04     3s
2026-03-19 12:56:01,289 [INFO]   ★ best 1.42%
2026-03-19 12:56:04,516 [INFO]   Ep  10/120  loss=1.8942 acc=1.2%  val=1.5%  lr=2.81e-04     3s
2026-03-19 12:56:04,553 [INFO]   ★ best 1.53%
2026-03-19 12:56:07,639 [INFO]   Ep  11/120  loss=1.8918 acc=1.2%  val=1.5%  lr=2.95e-04     3s
2026-03-19 12:56:10,775 [INFO]   Ep  12/120  loss=1.8896 acc=1.3%  val=1.8%  lr=3.00e-04     3s
2026-03-19 12:56:10,817 [INFO]   ★ best 1.80%
2026-03-19 12:56:13,934 [INFO]   Ep  13/120  loss=1.8846 acc=1.5%  val=1.9%  lr=3.00e-04     3s
2026-03-19 12:56:13,971 [INFO]   ★ best 1.90%
2026-03-19 12:56:17,057 [INFO]   Ep  14/120  loss=1.8804 acc=1.4%  val=2.2%  lr=3.00e-04     3s
2026-03-19 12:56:17,085 [INFO]   ★ best 2.24%
2026-03-19 12:56:20,324 [INFO]   Ep  15/120  loss=1.8743 acc=1.7%  val=3.0%  lr=2.99e-04     3s
2026-03-19 12:56:20,359 [INFO]   ★ best 2.99%
2026-03-19 12:56:23,391 [INFO]   Ep  16/120  loss=1.8683 acc=1.7%  val=2.8%  lr=2.99e-04     3s
2026-03-19 12:56:26,501 [INFO]   Ep  17/120  loss=1.8648 acc=2.1%  val=3.1%  lr=2.98e-04     3s
2026-03-19 12:56:26,538 [INFO]   ★ best 3.05%
2026-03-19 12:56:29,647 [INFO]   Ep  18/120  loss=1.8618 acc=2.1%  val=2.7%  lr=2.98e-04     3s
2026-03-19 12:56:33,268 [INFO]   Ep  19/120  loss=1.8558 acc=2.3%  val=3.2%  lr=2.97e-04     4s
2026-03-19 12:56:33,307 [INFO]   ★ best 3.22%
2026-03-19 12:56:36,620 [INFO]   Ep  20/120  loss=1.8542 acc=2.4%  val=3.4%  lr=2.96e-04     3s
2026-03-19 12:56:36,652 [INFO]   ★ best 3.43%
2026-03-19 12:56:39,759 [INFO]   Ep  21/120  loss=1.8469 acc=2.7%  val=4.7%  lr=2.95e-04     3s
2026-03-19 12:56:39,795 [INFO]   ★ best 4.72%
2026-03-19 12:56:42,870 [INFO]   Ep  22/120  loss=1.8487 acc=2.5%  val=4.2%  lr=2.94e-04     3s
2026-03-19 12:56:46,066 [INFO]   Ep  23/120  loss=1.8441 acc=2.7%  val=4.5%  lr=2.92e-04     3s
2026-03-19 12:56:49,662 [INFO]   Ep  24/120  loss=1.8388 acc=3.0%  val=4.7%  lr=2.91e-04     4s
2026-03-19 12:56:52,929 [INFO]   Ep  25/120  loss=1.8368 acc=3.3%  val=5.3%  lr=2.89e-04     3s
2026-03-19 12:56:52,960 [INFO]   ★ best 5.29%
2026-03-19 12:56:56,101 [INFO]   Ep  26/120  loss=1.8303 acc=3.1%  val=4.8%  lr=2.88e-04     3s
2026-03-19 12:56:59,192 [INFO]   Ep  27/120  loss=1.8316 acc=3.5%  val=5.6%  lr=2.86e-04     3s
2026-03-19 12:56:59,237 [INFO]   ★ best 5.60%
2026-03-19 12:57:02,342 [INFO]   Ep  28/120  loss=1.8264 acc=3.5%  val=6.3%  lr=2.84e-04     3s
2026-03-19 12:57:02,377 [INFO]   ★ best 6.34%
2026-03-19 12:57:05,456 [INFO]   Ep  29/120  loss=1.8244 acc=4.0%  val=6.0%  lr=2.82e-04     3s
2026-03-19 12:57:08,543 [INFO]   Ep  30/120  loss=1.8234 acc=4.1%  val=5.9%  lr=2.80e-04     3s
2026-03-19 12:57:11,658 [INFO]   Ep  31/120  loss=1.8176 acc=4.1%  val=7.0%  lr=2.78e-04     3s
2026-03-19 12:57:11,693 [INFO]   ★ best 6.95%
2026-03-19 12:57:14,805 [INFO]   Ep  32/120  loss=1.8110 acc=4.8%  val=7.6%  lr=2.75e-04     3s
2026-03-19 12:57:14,852 [INFO]   ★ best 7.63%
2026-03-19 12:57:17,892 [INFO]   Ep  33/120  loss=1.8046 acc=5.3%  val=8.7%  lr=2.73e-04     3s
2026-03-19 12:57:17,928 [INFO]   ★ best 8.68%
2026-03-19 12:57:21,026 [INFO]   Ep  34/120  loss=1.7931 acc=5.5%  val=8.7%  lr=2.70e-04     3s
2026-03-19 12:57:24,211 [INFO]   Ep  35/120  loss=1.7927 acc=5.7%  val=10.9%  lr=2.68e-04     3s
2026-03-19 12:57:24,247 [INFO]   ★ best 10.85%
2026-03-19 12:57:27,313 [INFO]   Ep  36/120  loss=1.7823 acc=6.5%  val=9.4%  lr=2.65e-04     3s
2026-03-19 12:57:30,427 [INFO]   Ep  37/120  loss=1.7823 acc=6.6%  val=10.7%  lr=2.62e-04     3s
2026-03-19 12:57:33,505 [INFO]   Ep  38/120  loss=1.7670 acc=6.9%  val=11.5%  lr=2.59e-04     3s
2026-03-19 12:57:33,539 [INFO]   ★ best 11.53%
2026-03-19 12:57:36,652 [INFO]   Ep  39/120  loss=1.7760 acc=6.7%  val=12.2%  lr=2.56e-04     3s
2026-03-19 12:57:36,686 [INFO]   ★ best 12.25%
2026-03-19 12:57:39,843 [INFO]   Ep  40/120  loss=1.7693 acc=7.1%  val=13.5%  lr=2.53e-04     3s
2026-03-19 12:57:39,874 [INFO]   ★ best 13.53%
2026-03-19 12:57:43,049 [INFO]   Ep  41/120  loss=1.7656 acc=7.4%  val=13.9%  lr=2.50e-04     3s
2026-03-19 12:57:43,076 [INFO]   ★ best 13.91%
2026-03-19 12:57:46,187 [INFO]   Ep  42/120  loss=1.7671 acc=7.4%  val=12.7%  lr=2.46e-04     3s
2026-03-19 12:57:49,290 [INFO]   Ep  43/120  loss=1.7623 acc=7.5%  val=13.9%  lr=2.43e-04     3s
2026-03-19 12:57:52,438 [INFO]   Ep  44/120  loss=1.7497 acc=7.7%  val=14.8%  lr=2.40e-04     3s
2026-03-19 12:57:52,471 [INFO]   ★ best 14.79%
2026-03-19 12:57:55,980 [INFO]   Ep  45/120  loss=1.7371 acc=8.5%  val=13.3%  lr=2.36e-04     4s
2026-03-19 12:57:59,054 [INFO]   Ep  46/120  loss=1.7408 acc=8.6%  val=15.0%  lr=2.32e-04     3s
2026-03-19 12:57:59,087 [INFO]   ★ best 15.03%
2026-03-19 12:58:02,209 [INFO]   Ep  47/120  loss=1.7356 acc=9.1%  val=16.2%  lr=2.29e-04     3s
2026-03-19 12:58:02,241 [INFO]   ★ best 16.25%
2026-03-19 12:58:05,353 [INFO]   Ep  48/120  loss=1.7354 acc=9.0%  val=15.0%  lr=2.25e-04     3s
2026-03-19 12:58:08,431 [INFO]   Ep  49/120  loss=1.7198 acc=10.1%  val=14.6%  lr=2.21e-04     3s
2026-03-19 12:58:11,502 [INFO]   Ep  50/120  loss=1.7168 acc=10.3%  val=15.0%  lr=2.17e-04     3s
2026-03-19 12:58:14,660 [INFO]   Ep  51/120  loss=1.7210 acc=9.8%  val=15.8%  lr=2.13e-04     3s
2026-03-19 12:58:17,774 [INFO]   Ep  52/120  loss=1.7140 acc=10.2%  val=16.9%  lr=2.09e-04     3s
2026-03-19 12:58:17,812 [INFO]   ★ best 16.86%
2026-03-19 12:58:20,891 [INFO]   Ep  53/120  loss=1.7058 acc=11.0%  val=16.1%  lr=2.05e-04     3s
2026-03-19 12:58:24,111 [INFO]   Ep  54/120  loss=1.7166 acc=10.1%  val=16.9%  lr=2.01e-04     3s
2026-03-19 12:58:24,145 [INFO]   ★ best 16.89%
2026-03-19 12:58:27,348 [INFO]   Ep  55/120  loss=1.7094 acc=10.9%  val=17.6%  lr=1.97e-04     3s
2026-03-19 12:58:27,384 [INFO]   ★ best 17.64%
2026-03-19 12:58:30,866 [INFO]   Ep  56/120  loss=1.6993 acc=11.1%  val=17.4%  lr=1.93e-04     3s
2026-03-19 12:58:33,956 [INFO]   Ep  57/120  loss=1.6885 acc=11.6%  val=18.7%  lr=1.89e-04     3s
2026-03-19 12:58:33,985 [INFO]   ★ best 18.69%
2026-03-19 12:58:37,106 [INFO]   Ep  58/120  loss=1.6847 acc=11.9%  val=17.2%  lr=1.85e-04     3s
2026-03-19 12:58:40,256 [INFO]   Ep  59/120  loss=1.6854 acc=12.0%  val=18.8%  lr=1.80e-04     3s
2026-03-19 12:58:40,291 [INFO]   ★ best 18.83%
2026-03-19 12:58:43,579 [INFO]   Ep  60/120  loss=1.6968 acc=11.2%  val=18.2%  lr=1.76e-04     3s
2026-03-19 12:58:46,628 [INFO]   Ep  61/120  loss=1.6889 acc=11.6%  val=18.8%  lr=1.72e-04     3s
2026-03-19 12:58:49,696 [INFO]   Ep  62/120  loss=1.6737 acc=12.4%  val=19.9%  lr=1.67e-04     3s
2026-03-19 12:58:49,726 [INFO]   ★ best 19.88%
2026-03-19 12:58:52,793 [INFO]   Ep  63/120  loss=1.6693 acc=13.0%  val=19.1%  lr=1.63e-04     3s
2026-03-19 12:58:55,819 [INFO]   Ep  64/120  loss=1.6751 acc=12.7%  val=17.9%  lr=1.59e-04     3s
2026-03-19 12:58:58,870 [INFO]   Ep  65/120  loss=1.6509 acc=13.7%  val=20.2%  lr=1.54e-04     3s
2026-03-19 12:58:58,905 [INFO]   ★ best 20.18%
2026-03-19 12:59:02,077 [INFO]   Ep  66/120  loss=1.6609 acc=13.4%  val=19.0%  lr=1.50e-04     3s
2026-03-19 12:59:05,345 [INFO]   Ep  67/120  loss=1.6576 acc=14.2%  val=20.1%  lr=1.46e-04     3s
2026-03-19 12:59:08,410 [INFO]   Ep  68/120  loss=1.6553 acc=13.9%  val=20.9%  lr=1.41e-04     3s
2026-03-19 12:59:08,445 [INFO]   ★ best 20.90%
2026-03-19 12:59:11,570 [INFO]   Ep  69/120  loss=1.6706 acc=13.2%  val=21.6%  lr=1.37e-04     3s
2026-03-19 12:59:11,611 [INFO]   ★ best 21.57%
2026-03-19 12:59:14,908 [INFO]   Ep  70/120  loss=1.6449 acc=14.5%  val=20.4%  lr=1.33e-04     3s
2026-03-19 12:59:18,032 [INFO]   Ep  71/120  loss=1.6476 acc=14.2%  val=21.5%  lr=1.28e-04     3s
2026-03-19 12:59:21,130 [INFO]   Ep  72/120  loss=1.6346 acc=15.6%  val=22.9%  lr=1.24e-04     3s
2026-03-19 12:59:21,166 [INFO]   ★ best 22.93%
2026-03-19 12:59:24,200 [INFO]   Ep  73/120  loss=1.6412 acc=14.6%  val=21.9%  lr=1.20e-04     3s
2026-03-19 12:59:27,277 [INFO]   Ep  74/120  loss=1.6447 acc=14.9%  val=21.3%  lr=1.15e-04     3s
2026-03-19 12:59:30,337 [INFO]   Ep  75/120  loss=1.6271 acc=15.1%  val=22.3%  lr=1.11e-04     3s
2026-03-19 12:59:33,522 [INFO]   Ep  76/120  loss=1.6348 acc=15.3%  val=21.2%  lr=1.07e-04     3s
2026-03-19 12:59:36,579 [INFO]   Ep  77/120  loss=1.6229 acc=16.5%  val=22.5%  lr=1.03e-04     3s
2026-03-19 12:59:39,840 [INFO]   Ep  78/120  loss=1.6182 acc=16.2%  val=22.0%  lr=9.87e-05     3s
2026-03-19 12:59:42,933 [INFO]   Ep  79/120  loss=1.6262 acc=15.9%  val=24.0%  lr=9.46e-05     3s
2026-03-19 12:59:42,971 [INFO]   ★ best 24.02%
2026-03-19 12:59:46,071 [INFO]   Ep  80/120  loss=1.6213 acc=16.2%  val=22.4%  lr=9.06e-05     3s
2026-03-19 12:59:49,131 [INFO]   Ep  81/120  loss=1.6184 acc=16.2%  val=23.3%  lr=8.66e-05     3s
2026-03-19 12:59:52,204 [INFO]   Ep  82/120  loss=1.6100 acc=17.2%  val=23.6%  lr=8.27e-05     3s
2026-03-19 12:59:55,323 [INFO]   Ep  83/120  loss=1.6313 acc=15.8%  val=22.8%  lr=7.88e-05     3s
2026-03-19 12:59:58,430 [INFO]   Ep  84/120  loss=1.6033 acc=17.6%  val=24.7%  lr=7.50e-05     3s
2026-03-19 12:59:58,467 [INFO]   ★ best 24.69%
2026-03-19 13:00:01,554 [INFO]   Ep  85/120  loss=1.6213 acc=16.5%  val=23.2%  lr=7.12e-05     3s
2026-03-19 13:00:04,753 [INFO]   Ep  86/120  loss=1.5924 acc=18.2%  val=23.4%  lr=6.76e-05     3s
2026-03-19 13:00:07,827 [INFO]   Ep  87/120  loss=1.5999 acc=18.1%  val=23.3%  lr=6.40e-05     3s
2026-03-19 13:00:10,863 [INFO]   Ep  88/120  loss=1.6178 acc=17.4%  val=23.3%  lr=6.04e-05     3s
2026-03-19 13:00:14,065 [INFO]   Ep  89/120  loss=1.5827 acc=18.6%  val=24.0%  lr=5.70e-05     3s
2026-03-19 13:00:17,166 [INFO]   Ep  90/120  loss=1.6021 acc=17.9%  val=25.1%  lr=5.36e-05     3s
2026-03-19 13:00:17,194 [INFO]   ★ best 25.07%
2026-03-19 13:00:20,286 [INFO]   Ep  91/120  loss=1.6015 acc=17.8%  val=25.0%  lr=5.03e-05     3s
2026-03-19 13:00:23,381 [INFO]   Ep  92/120  loss=1.5888 acc=18.1%  val=25.1%  lr=4.71e-05     3s
2026-03-19 13:00:23,414 [INFO]   ★ best 25.10%
2026-03-19 13:00:26,548 [INFO]   Ep  93/120  loss=1.5910 acc=18.6%  val=24.7%  lr=4.39e-05     3s
2026-03-19 13:00:29,567 [INFO]   Ep  94/120  loss=1.5839 acc=18.8%  val=25.1%  lr=4.09e-05     3s
2026-03-19 13:00:32,651 [INFO]   Ep  95/120  loss=1.5718 acc=19.6%  val=24.8%  lr=3.79e-05     3s
2026-03-19 13:00:35,723 [INFO]   Ep  96/120  loss=1.5838 acc=18.9%  val=25.2%  lr=3.51e-05     3s
2026-03-19 13:00:35,761 [INFO]   ★ best 25.17%
2026-03-19 13:00:38,843 [INFO]   Ep  97/120  loss=1.5836 acc=19.2%  val=24.5%  lr=3.23e-05     3s
2026-03-19 13:00:41,868 [INFO]   Ep  98/120  loss=1.5782 acc=19.5%  val=25.2%  lr=2.97e-05     3s
2026-03-19 13:00:41,906 [INFO]   ★ best 25.24%
2026-03-19 13:00:45,034 [INFO]   Ep  99/120  loss=1.5825 acc=18.9%  val=25.6%  lr=2.71e-05     3s
2026-03-19 13:00:45,069 [INFO]   ★ best 25.58%
2026-03-19 13:00:48,211 [INFO]   Ep 100/120  loss=1.5880 acc=19.0%  val=25.4%  lr=2.47e-05     3s
2026-03-19 13:00:51,343 [INFO]   Ep 101/120  loss=1.5720 acc=19.6%  val=25.1%  lr=2.23e-05     3s
2026-03-19 13:00:54,609 [INFO]   Ep 102/120  loss=1.5537 acc=20.6%  val=25.6%  lr=2.01e-05     3s
2026-03-19 13:00:54,646 [INFO]   ★ best 25.64%
2026-03-19 13:00:57,726 [INFO]   Ep 103/120  loss=1.5558 acc=20.9%  val=24.8%  lr=1.80e-05     3s
2026-03-19 13:01:00,790 [INFO]   Ep 104/120  loss=1.5888 acc=19.1%  val=25.7%  lr=1.60e-05     3s
2026-03-19 13:01:00,824 [INFO]   ★ best 25.68%
2026-03-19 13:01:03,930 [INFO]   Ep 105/120  loss=1.5746 acc=19.7%  val=25.7%  lr=1.41e-05     3s
2026-03-19 13:01:03,965 [INFO]   ★ best 25.75%
2026-03-19 13:01:07,024 [INFO]   Ep 106/120  loss=1.5508 acc=21.4%  val=25.5%  lr=1.23e-05     3s
2026-03-19 13:01:10,095 [INFO]   Ep 107/120  loss=1.5669 acc=19.9%  val=25.8%  lr=1.06e-05     3s
2026-03-19 13:01:10,124 [INFO]   ★ best 25.85%
2026-03-19 13:01:13,250 [INFO]   Ep 108/120  loss=1.5653 acc=20.5%  val=25.7%  lr=9.05e-06     3s
2026-03-19 13:01:16,312 [INFO]   Ep 109/120  loss=1.5622 acc=20.3%  val=25.5%  lr=7.62e-06     3s
2026-03-19 13:01:19,414 [INFO]   Ep 110/120  loss=1.5627 acc=20.4%  val=25.9%  lr=6.31e-06     3s
2026-03-19 13:01:19,448 [INFO]   ★ best 25.95%
2026-03-19 13:01:22,542 [INFO]   Ep 111/120  loss=1.5732 acc=19.7%  val=26.0%  lr=5.12e-06     3s
2026-03-19 13:01:22,578 [INFO]   ★ best 26.02%
2026-03-19 13:01:25,764 [INFO]   Ep 112/120  loss=1.5756 acc=19.7%  val=25.9%  lr=4.05e-06     3s
2026-03-19 13:01:29,053 [INFO]   Ep 113/120  loss=1.5627 acc=20.5%  val=26.0%  lr=3.11e-06     3s
2026-03-19 13:01:32,136 [INFO]   Ep 114/120  loss=1.5724 acc=19.8%  val=25.6%  lr=2.29e-06     3s
2026-03-19 13:01:35,185 [INFO]   Ep 115/120  loss=1.5820 acc=19.9%  val=25.8%  lr=1.59e-06     3s
2026-03-19 13:01:38,259 [INFO]   Ep 116/120  loss=1.5694 acc=20.4%  val=26.4%  lr=1.02e-06     3s
2026-03-19 13:01:38,290 [INFO]   ★ best 26.39%
2026-03-19 13:01:41,477 [INFO]   Ep 117/120  loss=1.5753 acc=19.4%  val=25.8%  lr=5.81e-07     3s
2026-03-19 13:01:44,555 [INFO]   Ep 118/120  loss=1.5632 acc=20.4%  val=25.8%  lr=2.64e-07     3s
2026-03-19 13:01:47,575 [INFO]   Ep 119/120  loss=1.5677 acc=20.0%  val=26.0%  lr=7.48e-08     3s
2026-03-19 13:01:50,591 [INFO]   Ep 120/120  loss=1.5578 acc=20.7%  val=25.9%  lr=1.20e-08     3s
2026-03-19 13:01:50,591 [INFO] ── SWA (15 ep) ──
2026-03-19 13:01:53,759 [INFO]   SWA Ep  1/15  swa_val=25.3%  3s
2026-03-19 13:01:56,807 [INFO]   SWA Ep  2/15  swa_val=25.3%  3s
2026-03-19 13:01:59,795 [INFO]   SWA Ep  3/15  swa_val=26.1%  3s
2026-03-19 13:02:02,855 [INFO]   SWA Ep  4/15  swa_val=26.2%  3s
2026-03-19 13:02:05,893 [INFO]   SWA Ep  5/15  swa_val=25.6%  3s
2026-03-19 13:02:08,933 [INFO]   SWA Ep  6/15  swa_val=26.0%  3s
2026-03-19 13:02:12,026 [INFO]   SWA Ep  7/15  swa_val=26.0%  3s
2026-03-19 13:02:15,093 [INFO]   SWA Ep  8/15  swa_val=26.5%  3s
2026-03-19 13:02:18,162 [INFO]   SWA Ep  9/15  swa_val=26.4%  3s
2026-03-19 13:02:21,255 [INFO]   SWA Ep 10/15  swa_val=25.9%  3s
2026-03-19 13:02:24,312 [INFO]   SWA Ep 11/15  swa_val=26.3%  3s
2026-03-19 13:02:27,330 [INFO]   SWA Ep 12/15  swa_val=25.9%  3s
2026-03-19 13:02:30,395 [INFO]   SWA Ep 13/15  swa_val=26.2%  3s
2026-03-19 13:02:33,429 [INFO]   SWA Ep 14/15  swa_val=26.2%  3s
2026-03-19 13:02:36,511 [INFO]   SWA Ep 15/15  swa_val=26.4%  3s
2026-03-19 13:02:39,588 [INFO]   SWA final: 26.32% (regular best: 26.39%)
2026-03-19 13:02:39,588 [INFO]   Fold 5 best: 26.39%
2026-03-19 13:02:40,827 [INFO] ================================================================
2026-03-19 13:02:40,828 [INFO] 5-FOLD CV
2026-03-19 13:02:40,828 [INFO] ================================================================
2026-03-19 13:02:40,828 [INFO]   Fold 1 : 21.84%
2026-03-19 13:02:40,828 [INFO]   Fold 2 : 17.12%
2026-03-19 13:02:40,828 [INFO]   Fold 3 : 23.20%
2026-03-19 13:02:40,828 [INFO]   Fold 4 : 21.47%
2026-03-19 13:02:40,828 [INFO]   Fold 5 : 26.39%
2026-03-19 13:02:40,828 [INFO]   Mean: 22.01% ± 2.99%
2026-03-19 13:03:13,431 [INFO] Done.
