2026-03-21 04:35:55,757 [INFO] GPU: NVIDIA H200
2026-03-21 04:35:55,758 [INFO] Config: {
  "data_dir": "/data/slr/track2_",
  "output_dir": "/data/slr/checkpoints_v41",
  "max_frames": 48,
  "img_size": 384,
  "n_classes": 126,
  "teacher_img_size": 224,
  "teacher_max_frames": 48,
  "channel_means": [
    -64.3217,
    -62.9119,
    -63.9254
  ],
  "channel_stds": [
    12.5721,
    11.662,
    11.7259
  ],
  "n_folds": 5,
  "batch_size": 24,
  "num_workers": 4,
  "stage1_epochs": 5,
  "stage1_lr": 0.0002,
  "stage2_epochs": 120,
  "stage2_lr": 4e-05,
  "swa_epochs": 15,
  "swa_lr": 4e-06,
  "weight_decay": 0.05,
  "warmup_pct": 0.05,
  "label_smoothing": 0.1,
  "early_stopping_patience": 50,
  "cosine_T0": 20,
  "cosine_Tmult": 2,
  "grad_clip_norm": 1.0,
  "llrd_decay": 0.75,
  "kd_alpha": 0.5,
  "kd_tau": 4.0,
  "mixup_alpha": 0.4,
  "cutmix_alpha": 1.0,
  "cutmix_prob": 0.5,
  "time_mask_max": 8,
  "range_mask_max": 30,
  "noise_std": 0.1,
  "time_warp_lo": 0.8,
  "time_warp_hi": 1.2,
  "time_reverse_prob": 0.5,
  "channel_shuffle_prob": 0.2,
  "channel_drop_prob": 0.1,
  "random_erase_prob": 0.2,
  "circ_shift_prob": 0.3,
  "circ_shift_max": 8,
  "amp_scale_prob": 0.5,
  "amp_scale_lo": 0.8,
  "amp_scale_hi": 1.2,
  "model_name": "convnextv2_tiny.fcmae_ft_in22k_in1k",
  "drop_path_rate": 0.2,
  "proj_dim": 512,
  "drop_rate": 0.3,
  "ms_dropout_samples": 5,
  "seed": 42
}
2026-03-21 04:35:55,758 [INFO] ★★★ HIGH RESOLUTION: 384×384 ★★★
2026-03-21 04:35:55,831 [INFO] Train: 14742 | Eval: 9828
2026-03-21 04:36:00,295 [INFO] Pre-computing teacher soft labels (at 224×224) …
2026-03-21 04:36:02,186 [INFO]   Loaded 5 teachers
2026-03-21 04:37:16,662 [INFO]   Soft labels: 14742
2026-03-21 04:37:16,673 [INFO] KD α=0.50 τ=4.0 | SWA 15 ep @ lr=4.0e-06 | NO PL | NATIVE RES
2026-03-21 04:37:16,678 [INFO] ================================================================
2026-03-21 04:37:16,678 [INFO] FOLD 1 / 5
2026-03-21 04:37:16,678 [INFO] ================================================================
2026-03-21 04:37:16,680 [INFO]   Train: 11793 | Val: 2949
2026-03-21 04:37:16,900 [INFO] Loading pretrained weights from Hugging Face hub (timm/convnextv2_tiny.fcmae_ft_in22k_in1k)
2026-03-21 04:37:22,175 [INFO] HTTP Request: HEAD https://huggingface.co/timm/convnextv2_tiny.fcmae_ft_in22k_in1k/resolve/main/model.safetensors "HTTP/1.1 302 Found"
2026-03-21 04:37:22,176 [INFO] [timm/convnextv2_tiny.fcmae_ft_in22k_in1k] Safe alternative available for 'pytorch_model.bin' (as 'model.safetensors'). Loading weights using safetensors.
2026-03-21 04:37:22,192 [INFO] Missing keys (head.fc.weight, head.fc.bias) discovered while loading pretrained weights. This is expected if model is being adapted.
2026-03-21 04:37:22,317 [INFO]   Born-again ← best_fold0.pt (val 90.23%)
2026-03-21 04:37:22,317 [INFO] ── Stage 1: head warmup (5 ep) ──
2026-03-21 04:38:03,292 [INFO]   S1 Ep 1/5  loss=0.5086 acc=96.3%  val=90.3%  41s
2026-03-21 04:38:03,429 [INFO]   ★ best 90.27%
2026-03-21 04:38:24,564 [INFO]   S1 Ep 2/5  loss=0.5169 acc=95.9%  val=90.2%  21s
2026-03-21 04:38:45,618 [INFO]   S1 Ep 3/5  loss=0.5110 acc=96.3%  val=90.1%  21s
2026-03-21 04:39:06,704 [INFO]   S1 Ep 4/5  loss=0.5068 acc=96.3%  val=90.1%  21s
2026-03-21 04:39:27,752 [INFO]   S1 Ep 5/5  loss=0.5048 acc=96.2%  val=90.1%  21s
2026-03-21 04:39:27,753 [INFO] ── Stage 2: full fine-tune (120 ep, CosineWarmRestarts T0=20 Tmult=2) ──
2026-03-21 04:39:27,754 [INFO] LLRD: 12 groups, LR [9.49e-06 … 4.00e-05]
2026-03-21 04:40:41,820 [INFO]   S2 Ep   1/120  loss=1.1163 acc=69.8%  val=89.5%  lr=3.98e-05    74s
2026-03-21 04:41:51,539 [INFO]   S2 Ep   2/120  loss=1.1006 acc=71.0%  val=87.3%  lr=3.90e-05    70s
2026-03-21 04:43:01,210 [INFO]   S2 Ep   3/120  loss=1.1398 acc=68.7%  val=88.7%  lr=3.78e-05    70s
2026-03-21 04:44:10,924 [INFO]   S2 Ep   4/120  loss=1.1312 acc=69.8%  val=88.5%  lr=3.62e-05    70s
2026-03-21 04:45:20,738 [INFO]   S2 Ep   5/120  loss=1.1492 acc=68.6%  val=89.0%  lr=3.41e-05    70s
2026-03-21 04:46:30,374 [INFO]   S2 Ep   6/120  loss=1.1065 acc=70.4%  val=89.2%  lr=3.18e-05    70s
2026-03-21 04:47:40,059 [INFO]   S2 Ep   7/120  loss=1.0903 acc=71.1%  val=89.2%  lr=2.91e-05    70s
2026-03-21 04:48:49,770 [INFO]   S2 Ep   8/120  loss=1.0938 acc=71.3%  val=89.3%  lr=2.62e-05    70s
2026-03-21 04:49:59,392 [INFO]   S2 Ep   9/120  loss=1.0855 acc=71.5%  val=89.6%  lr=2.31e-05    70s
2026-03-21 04:51:09,050 [INFO]   S2 Ep  10/120  loss=1.0946 acc=71.1%  val=89.2%  lr=2.00e-05    70s
2026-03-21 04:52:18,693 [INFO]   S2 Ep  11/120  loss=1.0688 acc=72.0%  val=90.1%  lr=1.69e-05    70s
2026-03-21 04:53:28,285 [INFO]   S2 Ep  12/120  loss=1.0914 acc=71.1%  val=89.4%  lr=1.38e-05    70s
2026-03-21 04:54:37,916 [INFO]   S2 Ep  13/120  loss=1.0659 acc=72.4%  val=90.0%  lr=1.09e-05    70s
2026-03-21 04:55:47,720 [INFO]   S2 Ep  14/120  loss=1.0811 acc=71.5%  val=89.9%  lr=8.24e-06    70s
2026-03-21 04:56:57,404 [INFO]   S2 Ep  15/120  loss=1.0639 acc=72.6%  val=89.7%  lr=5.86e-06    70s
2026-03-21 04:58:07,109 [INFO]   S2 Ep  16/120  loss=1.0293 acc=74.0%  val=89.9%  lr=3.82e-06    70s
2026-03-21 04:59:16,764 [INFO]   S2 Ep  17/120  loss=1.0807 acc=71.7%  val=89.9%  lr=2.18e-06    70s
2026-03-21 05:00:26,383 [INFO]   S2 Ep  18/120  loss=1.0405 acc=73.0%  val=89.9%  lr=9.79e-07    70s
2026-03-21 05:01:36,037 [INFO]   S2 Ep  19/120  loss=1.0799 acc=71.5%  val=90.0%  lr=2.46e-07    70s
2026-03-21 05:02:45,588 [INFO]   S2 Ep  20/120  loss=1.0756 acc=71.6%  val=89.9%  lr=4.00e-05    70s
2026-03-21 05:03:55,198 [INFO]   S2 Ep  21/120  loss=1.0874 acc=71.4%  val=88.8%  lr=3.99e-05    70s
2026-03-21 05:05:04,862 [INFO]   S2 Ep  22/120  loss=1.0801 acc=72.2%  val=89.1%  lr=3.98e-05    70s
2026-03-21 05:06:14,626 [INFO]   S2 Ep  23/120  loss=1.0955 acc=70.6%  val=89.3%  lr=3.94e-05    70s
2026-03-21 05:07:24,294 [INFO]   S2 Ep  24/120  loss=1.1123 acc=70.1%  val=89.0%  lr=3.90e-05    70s
2026-03-21 05:08:33,949 [INFO]   S2 Ep  25/120  loss=1.0814 acc=71.8%  val=89.3%  lr=3.85e-05    70s
2026-03-21 05:09:43,575 [INFO]   S2 Ep  26/120  loss=1.1221 acc=69.4%  val=88.7%  lr=3.78e-05    70s
2026-03-21 05:10:53,261 [INFO]   S2 Ep  27/120  loss=1.0841 acc=71.5%  val=88.9%  lr=3.71e-05    70s
2026-03-21 05:12:02,922 [INFO]   S2 Ep  28/120  loss=1.0656 acc=72.4%  val=88.7%  lr=3.62e-05    70s
2026-03-21 05:13:12,485 [INFO]   S2 Ep  29/120  loss=1.0728 acc=71.9%  val=89.4%  lr=3.52e-05    70s
2026-03-21 05:14:22,209 [INFO]   S2 Ep  30/120  loss=1.0844 acc=71.9%  val=88.8%  lr=3.41e-05    70s
2026-03-21 05:15:31,948 [INFO]   S2 Ep  31/120  loss=1.0925 acc=70.7%  val=88.9%  lr=3.30e-05    70s
2026-03-21 05:16:41,659 [INFO]   S2 Ep  32/120  loss=1.0988 acc=71.0%  val=88.5%  lr=3.18e-05    70s
2026-03-21 05:17:51,371 [INFO]   S2 Ep  33/120  loss=1.0833 acc=71.0%  val=88.4%  lr=3.04e-05    70s
2026-03-21 05:19:01,038 [INFO]   S2 Ep  34/120  loss=1.0660 acc=72.2%  val=88.6%  lr=2.91e-05    70s
2026-03-21 05:20:10,724 [INFO]   S2 Ep  35/120  loss=1.0821 acc=70.8%  val=89.1%  lr=2.77e-05    70s
2026-03-21 05:21:20,353 [INFO]   S2 Ep  36/120  loss=1.0515 acc=72.9%  val=88.9%  lr=2.62e-05    70s
2026-03-21 05:22:29,999 [INFO]   S2 Ep  37/120  loss=1.0621 acc=71.8%  val=89.1%  lr=2.47e-05    70s
2026-03-21 05:23:39,691 [INFO]   S2 Ep  38/120  loss=1.0755 acc=71.6%  val=89.6%  lr=2.31e-05    70s
2026-03-21 05:24:49,482 [INFO]   S2 Ep  39/120  loss=1.0711 acc=71.8%  val=89.2%  lr=2.16e-05    70s
2026-03-21 05:25:59,233 [INFO]   S2 Ep  40/120  loss=1.0671 acc=72.0%  val=89.5%  lr=2.00e-05    70s
2026-03-21 05:27:08,901 [INFO]   S2 Ep  41/120  loss=1.0254 acc=73.6%  val=89.6%  lr=1.84e-05    70s
2026-03-21 05:28:18,585 [INFO]   S2 Ep  42/120  loss=1.0488 acc=73.1%  val=89.6%  lr=1.69e-05    70s
2026-03-21 05:29:28,334 [INFO]   S2 Ep  43/120  loss=1.0448 acc=73.0%  val=89.0%  lr=1.53e-05    70s
2026-03-21 05:30:38,018 [INFO]   S2 Ep  44/120  loss=1.0305 acc=73.4%  val=89.6%  lr=1.38e-05    70s
2026-03-21 05:31:47,772 [INFO]   S2 Ep  45/120  loss=1.0652 acc=72.1%  val=90.0%  lr=1.23e-05    70s
2026-03-21 05:32:57,480 [INFO]   S2 Ep  46/120  loss=1.0229 acc=74.0%  val=89.5%  lr=1.09e-05    70s
2026-03-21 05:34:07,111 [INFO]   S2 Ep  47/120  loss=1.0420 acc=72.8%  val=89.5%  lr=9.55e-06    70s
2026-03-21 05:35:16,761 [INFO]   S2 Ep  48/120  loss=1.0046 acc=75.4%  val=89.7%  lr=8.24e-06    70s
2026-03-21 05:36:26,498 [INFO]   S2 Ep  49/120  loss=1.0549 acc=72.7%  val=89.6%  lr=7.01e-06    70s
2026-03-21 05:37:36,222 [INFO]   S2 Ep  50/120  loss=1.0611 acc=71.4%  val=89.7%  lr=5.86e-06    70s
2026-03-21 05:37:36,223 [INFO]   Early stop at ep 50
2026-03-21 05:37:36,223 [INFO] ── Stage 3: SWA (15 ep, lr=4.0e-06) ──
2026-03-21 05:38:45,944 [INFO]   SWA Ep  1/15  loss=1.0910  swa_val=89.8%  70s
2026-03-21 05:39:55,496 [INFO]   SWA Ep  2/15  loss=1.0935  swa_val=90.3%  70s
2026-03-21 05:41:05,122 [INFO]   SWA Ep  3/15  loss=1.0753  swa_val=90.3%  70s
2026-03-21 05:42:14,668 [INFO]   SWA Ep  4/15  loss=1.0607  swa_val=90.2%  70s
2026-03-21 05:43:24,284 [INFO]   SWA Ep  5/15  loss=1.0764  swa_val=90.2%  70s
2026-03-21 05:44:33,805 [INFO]   SWA Ep  6/15  loss=1.0769  swa_val=90.2%  70s
2026-03-21 05:45:43,438 [INFO]   SWA Ep  7/15  loss=1.0911  swa_val=90.2%  70s
2026-03-21 05:46:53,052 [INFO]   SWA Ep  8/15  loss=1.0684  swa_val=90.3%  70s
2026-03-21 05:48:02,685 [INFO]   SWA Ep  9/15  loss=1.1106  swa_val=90.3%  70s
2026-03-21 05:49:12,372 [INFO]   SWA Ep 10/15  loss=1.0742  swa_val=90.2%  70s
2026-03-21 05:50:22,298 [INFO]   SWA Ep 11/15  loss=1.0571  swa_val=90.3%  70s
2026-03-21 05:51:31,957 [INFO]   SWA Ep 12/15  loss=1.0863  swa_val=90.3%  70s
2026-03-21 05:52:41,580 [INFO]   SWA Ep 13/15  loss=1.0696  swa_val=90.3%  70s
2026-03-21 05:53:51,249 [INFO]   SWA Ep 14/15  loss=1.0631  swa_val=90.3%  70s
2026-03-21 05:55:00,841 [INFO]   SWA Ep 15/15  loss=1.0921  swa_val=90.2%  70s
2026-03-21 05:55:00,842 [INFO]   Updating BN stats for SWA model …
2026-03-21 05:55:04,812 [INFO]   SWA final: 90.23% (regular best: 90.27%)
2026-03-21 05:55:04,812 [INFO]   Fold 1 best: 90.27%
2026-03-21 05:55:06,715 [INFO] ================================================================
2026-03-21 05:55:06,715 [INFO] FOLD 2 / 5
2026-03-21 05:55:06,715 [INFO] ================================================================
2026-03-21 05:55:06,717 [INFO]   Train: 11793 | Val: 2949
2026-03-21 05:55:06,940 [INFO] Loading pretrained weights from Hugging Face hub (timm/convnextv2_tiny.fcmae_ft_in22k_in1k)
2026-03-21 05:55:07,166 [INFO] HTTP Request: HEAD https://huggingface.co/timm/convnextv2_tiny.fcmae_ft_in22k_in1k/resolve/main/model.safetensors "HTTP/1.1 302 Found"
2026-03-21 05:55:07,168 [INFO] [timm/convnextv2_tiny.fcmae_ft_in22k_in1k] Safe alternative available for 'pytorch_model.bin' (as 'model.safetensors'). Loading weights using safetensors.
2026-03-21 05:55:07,184 [INFO] Missing keys (head.fc.weight, head.fc.bias) discovered while loading pretrained weights. This is expected if model is being adapted.
2026-03-21 05:55:07,297 [INFO]   Born-again ← best_fold1.pt (val 89.11%)
2026-03-21 05:55:07,297 [INFO] ── Stage 1: head warmup (5 ep) ──
2026-03-21 05:55:30,620 [INFO]   S1 Ep 1/5  loss=0.4902 acc=97.0%  val=89.0%  23s
2026-03-21 05:55:30,749 [INFO]   ★ best 89.05%
2026-03-21 05:55:51,707 [INFO]   S1 Ep 2/5  loss=0.4981 acc=97.0%  val=89.1%  21s
2026-03-21 05:55:51,860 [INFO]   ★ best 89.11%
2026-03-21 05:56:12,834 [INFO]   S1 Ep 3/5  loss=0.4930 acc=97.3%  val=89.3%  21s
2026-03-21 05:56:12,986 [INFO]   ★ best 89.28%
2026-03-21 05:56:33,967 [INFO]   S1 Ep 4/5  loss=0.4905 acc=97.3%  val=89.3%  21s
2026-03-21 05:56:54,871 [INFO]   S1 Ep 5/5  loss=0.4856 acc=97.2%  val=89.1%  21s
2026-03-21 05:56:54,871 [INFO] ── Stage 2: full fine-tune (120 ep, CosineWarmRestarts T0=20 Tmult=2) ──
2026-03-21 05:56:54,872 [INFO] LLRD: 12 groups, LR [9.49e-06 … 4.00e-05]
2026-03-21 05:58:04,472 [INFO]   S2 Ep   1/120  loss=1.1035 acc=70.5%  val=87.5%  lr=3.98e-05    70s
2026-03-21 05:59:14,159 [INFO]   S2 Ep   2/120  loss=1.0977 acc=70.7%  val=87.8%  lr=3.90e-05    70s
2026-03-21 06:00:23,787 [INFO]   S2 Ep   3/120  loss=1.0454 acc=73.1%  val=88.2%  lr=3.78e-05    70s
2026-03-21 06:01:33,401 [INFO]   S2 Ep   4/120  loss=1.0979 acc=70.3%  val=87.4%  lr=3.62e-05    70s
2026-03-21 06:02:42,874 [INFO]   S2 Ep   5/120  loss=1.1151 acc=70.1%  val=87.9%  lr=3.41e-05    69s
2026-03-21 06:03:52,477 [INFO]   S2 Ep   6/120  loss=1.1094 acc=70.6%  val=87.6%  lr=3.18e-05    70s
2026-03-21 06:05:01,929 [INFO]   S2 Ep   7/120  loss=1.0827 acc=71.2%  val=87.4%  lr=2.91e-05    69s
2026-03-21 06:06:11,568 [INFO]   S2 Ep   8/120  loss=1.0679 acc=72.3%  val=88.2%  lr=2.62e-05    70s
2026-03-21 06:07:21,188 [INFO]   S2 Ep   9/120  loss=1.0639 acc=72.5%  val=88.5%  lr=2.31e-05    70s
2026-03-21 06:08:30,726 [INFO]   S2 Ep  10/120  loss=1.0867 acc=70.9%  val=88.2%  lr=2.00e-05    70s
2026-03-21 06:09:40,344 [INFO]   S2 Ep  11/120  loss=1.0948 acc=71.2%  val=88.3%  lr=1.69e-05    70s
2026-03-21 06:10:49,889 [INFO]   S2 Ep  12/120  loss=1.0505 acc=72.7%  val=88.4%  lr=1.38e-05    70s
2026-03-21 06:11:59,481 [INFO]   S2 Ep  13/120  loss=1.0431 acc=72.8%  val=88.9%  lr=1.09e-05    70s
2026-03-21 06:13:09,121 [INFO]   S2 Ep  14/120  loss=1.0433 acc=73.5%  val=88.9%  lr=8.24e-06    70s
2026-03-21 06:14:18,756 [INFO]   S2 Ep  15/120  loss=1.0394 acc=73.4%  val=89.0%  lr=5.86e-06    70s
2026-03-21 06:15:28,396 [INFO]   S2 Ep  16/120  loss=1.0368 acc=73.4%  val=88.8%  lr=3.82e-06    70s
2026-03-21 06:16:37,975 [INFO]   S2 Ep  17/120  loss=1.0521 acc=72.5%  val=88.9%  lr=2.18e-06    70s
2026-03-21 06:17:47,613 [INFO]   S2 Ep  18/120  loss=1.0621 acc=72.2%  val=88.7%  lr=9.79e-07    70s
2026-03-21 06:18:57,301 [INFO]   S2 Ep  19/120  loss=1.0463 acc=73.1%  val=88.9%  lr=2.46e-07    70s
2026-03-21 06:20:06,906 [INFO]   S2 Ep  20/120  loss=1.0415 acc=73.7%  val=88.8%  lr=4.00e-05    70s
2026-03-21 06:21:16,558 [INFO]   S2 Ep  21/120  loss=1.0763 acc=71.4%  val=88.0%  lr=3.99e-05    70s
2026-03-21 06:22:26,116 [INFO]   S2 Ep  22/120  loss=1.0638 acc=72.2%  val=88.4%  lr=3.98e-05    70s
2026-03-21 06:23:35,702 [INFO]   S2 Ep  23/120  loss=1.1022 acc=70.4%  val=88.4%  lr=3.94e-05    70s
2026-03-21 06:24:45,223 [INFO]   S2 Ep  24/120  loss=1.0781 acc=71.6%  val=87.5%  lr=3.90e-05    70s
2026-03-21 06:25:54,839 [INFO]   S2 Ep  25/120  loss=1.0888 acc=71.8%  val=87.9%  lr=3.85e-05    70s
2026-03-21 06:27:04,475 [INFO]   S2 Ep  26/120  loss=1.1129 acc=70.5%  val=87.5%  lr=3.78e-05    70s
2026-03-21 06:28:14,124 [INFO]   S2 Ep  27/120  loss=1.0929 acc=70.9%  val=88.1%  lr=3.71e-05    70s
2026-03-21 06:29:23,688 [INFO]   S2 Ep  28/120  loss=1.0738 acc=71.8%  val=88.4%  lr=3.62e-05    70s
2026-03-21 06:30:33,256 [INFO]   S2 Ep  29/120  loss=1.0613 acc=72.9%  val=87.9%  lr=3.52e-05    70s
2026-03-21 06:31:42,947 [INFO]   S2 Ep  30/120  loss=1.0714 acc=71.7%  val=88.0%  lr=3.41e-05    70s
2026-03-21 06:32:52,564 [INFO]   S2 Ep  31/120  loss=1.0894 acc=71.0%  val=88.1%  lr=3.30e-05    70s
2026-03-21 06:34:02,049 [INFO]   S2 Ep  32/120  loss=1.0801 acc=71.7%  val=88.2%  lr=3.18e-05    69s
2026-03-21 06:35:11,423 [INFO]   S2 Ep  33/120  loss=1.0511 acc=72.9%  val=88.6%  lr=3.04e-05    69s
2026-03-21 06:36:20,823 [INFO]   S2 Ep  34/120  loss=1.0632 acc=72.5%  val=88.6%  lr=2.91e-05    69s
2026-03-21 06:37:30,208 [INFO]   S2 Ep  35/120  loss=1.0793 acc=71.9%  val=87.8%  lr=2.77e-05    69s
2026-03-21 06:38:39,675 [INFO]   S2 Ep  36/120  loss=1.0344 acc=73.9%  val=88.4%  lr=2.62e-05    69s
2026-03-21 06:39:49,040 [INFO]   S2 Ep  37/120  loss=1.0424 acc=73.2%  val=87.9%  lr=2.47e-05    69s
2026-03-21 06:40:58,434 [INFO]   S2 Ep  38/120  loss=1.0592 acc=72.6%  val=88.6%  lr=2.31e-05    69s
2026-03-21 06:42:07,897 [INFO]   S2 Ep  39/120  loss=1.0606 acc=72.6%  val=88.4%  lr=2.16e-05    69s
2026-03-21 06:43:17,280 [INFO]   S2 Ep  40/120  loss=1.0446 acc=73.0%  val=88.7%  lr=2.00e-05    69s
2026-03-21 06:44:26,644 [INFO]   S2 Ep  41/120  loss=1.0565 acc=72.2%  val=89.0%  lr=1.84e-05    69s
2026-03-21 06:45:36,094 [INFO]   S2 Ep  42/120  loss=1.0605 acc=71.7%  val=88.8%  lr=1.69e-05    69s
2026-03-21 06:46:45,464 [INFO]   S2 Ep  43/120  loss=1.0548 acc=72.5%  val=88.5%  lr=1.53e-05    69s
2026-03-21 06:47:54,952 [INFO]   S2 Ep  44/120  loss=1.0545 acc=72.8%  val=88.6%  lr=1.38e-05    69s
2026-03-21 06:49:04,345 [INFO]   S2 Ep  45/120  loss=1.0618 acc=72.2%  val=88.7%  lr=1.23e-05    69s
2026-03-21 06:50:13,834 [INFO]   S2 Ep  46/120  loss=1.0397 acc=73.1%  val=88.7%  lr=1.09e-05    69s
2026-03-21 06:51:23,238 [INFO]   S2 Ep  47/120  loss=1.0379 acc=73.3%  val=89.1%  lr=9.55e-06    69s
2026-03-21 06:52:32,610 [INFO]   S2 Ep  48/120  loss=1.0336 acc=72.7%  val=88.6%  lr=8.24e-06    69s
2026-03-21 06:53:42,040 [INFO]   S2 Ep  49/120  loss=1.0174 acc=74.1%  val=88.8%  lr=7.01e-06    69s
2026-03-21 06:54:51,443 [INFO]   S2 Ep  50/120  loss=1.0258 acc=74.0%  val=89.1%  lr=5.86e-06    69s
2026-03-21 06:54:51,443 [INFO]   Early stop at ep 50
2026-03-21 06:54:51,444 [INFO] ── Stage 3: SWA (15 ep, lr=4.0e-06) ──
2026-03-21 06:56:00,872 [INFO]   SWA Ep  1/15  loss=1.0741  swa_val=88.6%  69s
2026-03-21 06:57:10,278 [INFO]   SWA Ep  2/15  loss=1.0702  swa_val=88.6%  69s
2026-03-21 06:58:19,542 [INFO]   SWA Ep  3/15  loss=1.0451  swa_val=88.9%  69s
2026-03-21 06:59:28,838 [INFO]   SWA Ep  4/15  loss=1.0584  swa_val=88.9%  69s
2026-03-21 07:00:38,132 [INFO]   SWA Ep  5/15  loss=1.0841  swa_val=88.8%  69s
2026-03-21 07:01:47,586 [INFO]   SWA Ep  6/15  loss=1.0563  swa_val=89.0%  69s
2026-03-21 07:02:56,909 [INFO]   SWA Ep  7/15  loss=1.0506  swa_val=88.8%  69s
2026-03-21 07:04:06,179 [INFO]   SWA Ep  8/15  loss=1.0542  swa_val=88.9%  69s
2026-03-21 07:05:15,511 [INFO]   SWA Ep  9/15  loss=1.0516  swa_val=89.0%  69s
2026-03-21 07:06:24,856 [INFO]   SWA Ep 10/15  loss=1.0474  swa_val=89.0%  69s
2026-03-21 07:07:34,174 [INFO]   SWA Ep 11/15  loss=1.0355  swa_val=88.8%  69s
2026-03-21 07:08:43,595 [INFO]   SWA Ep 12/15  loss=1.0703  swa_val=88.9%  69s
2026-03-21 07:09:52,986 [INFO]   SWA Ep 13/15  loss=1.0601  swa_val=88.8%  69s
2026-03-21 07:11:02,363 [INFO]   SWA Ep 14/15  loss=1.0560  swa_val=88.7%  69s
2026-03-21 07:12:11,697 [INFO]   SWA Ep 15/15  loss=1.0730  swa_val=88.8%  69s
2026-03-21 07:12:11,697 [INFO]   Updating BN stats for SWA model …
2026-03-21 07:12:15,564 [INFO]   SWA final: 88.84% (regular best: 89.28%)
2026-03-21 07:12:15,564 [INFO]   Fold 2 best: 89.28%
2026-03-21 07:12:17,039 [INFO] ================================================================
2026-03-21 07:12:17,039 [INFO] FOLD 3 / 5
2026-03-21 07:12:17,039 [INFO] ================================================================
2026-03-21 07:12:17,042 [INFO]   Train: 11794 | Val: 2948
2026-03-21 07:12:17,281 [INFO] Loading pretrained weights from Hugging Face hub (timm/convnextv2_tiny.fcmae_ft_in22k_in1k)
2026-03-21 07:12:17,359 [INFO] HTTP Request: HEAD https://huggingface.co/timm/convnextv2_tiny.fcmae_ft_in22k_in1k/resolve/main/model.safetensors "HTTP/1.1 302 Found"
2026-03-21 07:12:17,359 [WARNING] Warning: You are sending unauthenticated requests to the HF Hub. Please set a HF_TOKEN to enable higher rate limits and faster downloads.
2026-03-21 07:12:17,361 [INFO] [timm/convnextv2_tiny.fcmae_ft_in22k_in1k] Safe alternative available for 'pytorch_model.bin' (as 'model.safetensors'). Loading weights using safetensors.
2026-03-21 07:12:17,378 [INFO] Missing keys (head.fc.weight, head.fc.bias) discovered while loading pretrained weights. This is expected if model is being adapted.
2026-03-21 07:12:17,518 [INFO]   Born-again ← best_fold2.pt (val 90.33%)
2026-03-21 07:12:17,519 [INFO] ── Stage 1: head warmup (5 ep) ──
2026-03-21 07:12:46,676 [INFO]   S1 Ep 1/5  loss=0.4857 acc=97.2%  val=90.1%  29s
2026-03-21 07:12:46,830 [INFO]   ★ best 90.09%
2026-03-21 07:13:07,754 [INFO]   S1 Ep 2/5  loss=0.5029 acc=96.8%  val=90.2%  21s
2026-03-21 07:13:07,915 [INFO]   ★ best 90.23%
2026-03-21 07:13:28,825 [INFO]   S1 Ep 3/5  loss=0.4930 acc=97.2%  val=90.2%  21s
2026-03-21 07:13:49,785 [INFO]   S1 Ep 4/5  loss=0.4932 acc=97.1%  val=90.2%  21s
2026-03-21 07:14:10,668 [INFO]   S1 Ep 5/5  loss=0.4857 acc=97.1%  val=90.1%  21s
2026-03-21 07:14:10,668 [INFO] ── Stage 2: full fine-tune (120 ep, CosineWarmRestarts T0=20 Tmult=2) ──
2026-03-21 07:14:10,669 [INFO] LLRD: 12 groups, LR [9.49e-06 … 4.00e-05]
2026-03-21 07:15:20,401 [INFO]   S2 Ep   1/120  loss=1.0997 acc=70.8%  val=88.9%  lr=3.98e-05    70s
2026-03-21 07:16:30,184 [INFO]   S2 Ep   2/120  loss=1.1184 acc=69.9%  val=89.1%  lr=3.90e-05    70s
2026-03-21 07:17:39,999 [INFO]   S2 Ep   3/120  loss=1.1354 acc=69.5%  val=88.9%  lr=3.78e-05    70s
2026-03-21 07:18:49,767 [INFO]   S2 Ep   4/120  loss=1.1055 acc=70.4%  val=89.6%  lr=3.62e-05    70s
2026-03-21 07:19:59,482 [INFO]   S2 Ep   5/120  loss=1.1003 acc=71.3%  val=89.5%  lr=3.41e-05    70s
2026-03-21 07:21:09,283 [INFO]   S2 Ep   6/120  loss=1.0955 acc=71.3%  val=89.4%  lr=3.18e-05    70s
2026-03-21 07:22:19,075 [INFO]   S2 Ep   7/120  loss=1.1359 acc=68.8%  val=89.3%  lr=2.91e-05    70s
2026-03-21 07:23:28,718 [INFO]   S2 Ep   8/120  loss=1.1107 acc=69.9%  val=89.1%  lr=2.62e-05    70s
2026-03-21 07:24:38,485 [INFO]   S2 Ep   9/120  loss=1.0654 acc=72.4%  val=88.9%  lr=2.31e-05    70s
2026-03-21 07:25:48,260 [INFO]   S2 Ep  10/120  loss=1.0632 acc=71.9%  val=89.3%  lr=2.00e-05    70s
2026-03-21 07:26:58,041 [INFO]   S2 Ep  11/120  loss=1.0678 acc=71.9%  val=89.2%  lr=1.69e-05    70s
2026-03-21 07:28:07,815 [INFO]   S2 Ep  12/120  loss=1.0591 acc=72.7%  val=89.5%  lr=1.38e-05    70s
2026-03-21 07:29:17,495 [INFO]   S2 Ep  13/120  loss=1.0413 acc=73.5%  val=89.7%  lr=1.09e-05    70s
2026-03-21 07:30:27,248 [INFO]   S2 Ep  14/120  loss=1.0359 acc=73.7%  val=89.6%  lr=8.24e-06    70s
2026-03-21 07:31:36,950 [INFO]   S2 Ep  15/120  loss=1.0702 acc=71.9%  val=89.8%  lr=5.86e-06    70s
2026-03-21 07:32:46,652 [INFO]   S2 Ep  16/120  loss=1.0284 acc=74.0%  val=90.0%  lr=3.82e-06    70s
2026-03-21 07:33:56,352 [INFO]   S2 Ep  17/120  loss=1.0462 acc=73.1%  val=90.0%  lr=2.18e-06    70s
2026-03-21 07:35:06,048 [INFO]   S2 Ep  18/120  loss=1.0547 acc=72.6%  val=90.0%  lr=9.79e-07    70s
2026-03-21 07:36:15,693 [INFO]   S2 Ep  19/120  loss=1.0496 acc=72.5%  val=90.0%  lr=2.46e-07    70s
2026-03-21 07:37:25,329 [INFO]   S2 Ep  20/120  loss=1.0775 acc=71.8%  val=90.1%  lr=4.00e-05    70s
2026-03-21 07:38:35,112 [INFO]   S2 Ep  21/120  loss=1.0770 acc=71.7%  val=89.2%  lr=3.99e-05    70s
2026-03-21 07:39:44,808 [INFO]   S2 Ep  22/120  loss=1.0733 acc=72.2%  val=89.2%  lr=3.98e-05    70s
2026-03-21 07:40:54,531 [INFO]   S2 Ep  23/120  loss=1.1105 acc=70.0%  val=88.9%  lr=3.94e-05    70s
2026-03-21 07:42:04,261 [INFO]   S2 Ep  24/120  loss=1.0821 acc=71.6%  val=89.8%  lr=3.90e-05    70s
2026-03-21 07:43:13,990 [INFO]   S2 Ep  25/120  loss=1.0890 acc=71.5%  val=89.5%  lr=3.85e-05    70s
2026-03-21 07:44:23,627 [INFO]   S2 Ep  26/120  loss=1.0787 acc=71.4%  val=89.4%  lr=3.78e-05    70s
2026-03-21 07:45:33,357 [INFO]   S2 Ep  27/120  loss=1.0792 acc=71.4%  val=88.4%  lr=3.71e-05    70s
2026-03-21 07:46:43,123 [INFO]   S2 Ep  28/120  loss=1.0903 acc=71.0%  val=89.0%  lr=3.62e-05    70s
2026-03-21 07:47:52,868 [INFO]   S2 Ep  29/120  loss=1.0831 acc=71.1%  val=89.3%  lr=3.52e-05    70s
2026-03-21 07:49:02,632 [INFO]   S2 Ep  30/120  loss=1.0698 acc=71.8%  val=89.1%  lr=3.41e-05    70s
2026-03-21 07:50:12,408 [INFO]   S2 Ep  31/120  loss=1.0580 acc=72.4%  val=89.1%  lr=3.30e-05    70s
2026-03-21 07:51:22,259 [INFO]   S2 Ep  32/120  loss=1.0764 acc=71.6%  val=88.7%  lr=3.18e-05    70s
2026-03-21 07:52:31,975 [INFO]   S2 Ep  33/120  loss=1.0859 acc=71.7%  val=89.6%  lr=3.04e-05    70s
2026-03-21 07:53:41,604 [INFO]   S2 Ep  34/120  loss=1.0714 acc=72.0%  val=89.4%  lr=2.91e-05    70s
2026-03-21 07:54:51,282 [INFO]   S2 Ep  35/120  loss=1.0584 acc=71.8%  val=89.6%  lr=2.77e-05    70s
2026-03-21 07:56:00,873 [INFO]   S2 Ep  36/120  loss=1.0676 acc=72.1%  val=89.7%  lr=2.62e-05    70s
2026-03-21 07:57:10,541 [INFO]   S2 Ep  37/120  loss=1.0699 acc=71.6%  val=89.7%  lr=2.47e-05    70s
2026-03-21 07:58:20,294 [INFO]   S2 Ep  38/120  loss=1.0649 acc=72.1%  val=89.5%  lr=2.31e-05    70s
2026-03-21 07:59:30,017 [INFO]   S2 Ep  39/120  loss=1.0705 acc=72.3%  val=89.6%  lr=2.16e-05    70s
2026-03-21 08:00:39,742 [INFO]   S2 Ep  40/120  loss=1.0598 acc=72.1%  val=89.8%  lr=2.00e-05    70s
2026-03-21 08:01:49,406 [INFO]   S2 Ep  41/120  loss=1.0241 acc=74.2%  val=89.7%  lr=1.84e-05    70s
2026-03-21 08:02:59,060 [INFO]   S2 Ep  42/120  loss=1.0451 acc=72.7%  val=89.7%  lr=1.69e-05    70s
2026-03-21 08:04:08,798 [INFO]   S2 Ep  43/120  loss=1.0312 acc=73.7%  val=89.6%  lr=1.53e-05    70s
2026-03-21 08:05:18,558 [INFO]   S2 Ep  44/120  loss=1.0569 acc=72.4%  val=90.1%  lr=1.38e-05    70s
2026-03-21 08:06:28,270 [INFO]   S2 Ep  45/120  loss=1.0328 acc=73.3%  val=89.4%  lr=1.23e-05    70s
2026-03-21 08:07:37,990 [INFO]   S2 Ep  46/120  loss=1.0511 acc=72.7%  val=89.8%  lr=1.09e-05    70s
2026-03-21 08:08:47,697 [INFO]   S2 Ep  47/120  loss=1.0173 acc=74.3%  val=89.5%  lr=9.55e-06    70s
2026-03-21 08:09:57,390 [INFO]   S2 Ep  48/120  loss=1.0494 acc=72.6%  val=89.9%  lr=8.24e-06    70s
2026-03-21 08:11:07,092 [INFO]   S2 Ep  49/120  loss=1.0308 acc=73.5%  val=90.2%  lr=7.01e-06    70s
2026-03-21 08:12:16,735 [INFO]   S2 Ep  50/120  loss=1.0295 acc=73.5%  val=90.2%  lr=5.86e-06    70s
2026-03-21 08:12:16,736 [INFO]   Early stop at ep 50
2026-03-21 08:12:16,737 [INFO] ── Stage 3: SWA (15 ep, lr=4.0e-06) ──
2026-03-21 08:13:26,631 [INFO]   SWA Ep  1/15  loss=1.0769  swa_val=90.0%  70s
2026-03-21 08:14:36,284 [INFO]   SWA Ep  2/15  loss=1.0919  swa_val=90.0%  70s
2026-03-21 08:15:45,899 [INFO]   SWA Ep  3/15  loss=1.1070  swa_val=90.1%  70s
2026-03-21 08:16:55,510 [INFO]   SWA Ep  4/15  loss=1.0480  swa_val=90.1%  70s
2026-03-21 08:18:05,142 [INFO]   SWA Ep  5/15  loss=1.0832  swa_val=90.2%  70s
2026-03-21 08:19:14,801 [INFO]   SWA Ep  6/15  loss=1.0657  swa_val=90.2%  70s
2026-03-21 08:20:24,441 [INFO]   SWA Ep  7/15  loss=1.0994  swa_val=90.1%  70s
2026-03-21 08:21:34,050 [INFO]   SWA Ep  8/15  loss=1.0804  swa_val=90.3%  70s
2026-03-21 08:22:43,730 [INFO]   SWA Ep  9/15  loss=1.0894  swa_val=90.3%  70s
2026-03-21 08:23:53,432 [INFO]   SWA Ep 10/15  loss=1.0520  swa_val=90.3%  70s
2026-03-21 08:25:03,100 [INFO]   SWA Ep 11/15  loss=1.0578  swa_val=90.3%  70s
2026-03-21 08:26:12,774 [INFO]   SWA Ep 12/15  loss=1.0751  swa_val=90.3%  70s
2026-03-21 08:27:22,397 [INFO]   SWA Ep 13/15  loss=1.0748  swa_val=90.2%  70s
2026-03-21 08:28:32,036 [INFO]   SWA Ep 14/15  loss=1.0363  swa_val=90.3%  70s
2026-03-21 08:29:41,682 [INFO]   SWA Ep 15/15  loss=1.0473  swa_val=90.1%  70s
2026-03-21 08:29:41,682 [INFO]   Updating BN stats for SWA model …
2026-03-21 08:29:45,690 [INFO]   SWA final: 90.09% (regular best: 90.23%)
2026-03-21 08:29:45,690 [INFO]   Fold 3 best: 90.23%
2026-03-21 08:29:47,336 [INFO] ================================================================
2026-03-21 08:29:47,336 [INFO] FOLD 4 / 5
2026-03-21 08:29:47,336 [INFO] ================================================================
2026-03-21 08:29:47,339 [INFO]   Train: 11794 | Val: 2948
2026-03-21 08:29:47,566 [INFO] Loading pretrained weights from Hugging Face hub (timm/convnextv2_tiny.fcmae_ft_in22k_in1k)
2026-03-21 08:29:47,626 [INFO] HTTP Request: HEAD https://huggingface.co/timm/convnextv2_tiny.fcmae_ft_in22k_in1k/resolve/main/model.safetensors "HTTP/1.1 302 Found"
2026-03-21 08:29:47,628 [INFO] [timm/convnextv2_tiny.fcmae_ft_in22k_in1k] Safe alternative available for 'pytorch_model.bin' (as 'model.safetensors'). Loading weights using safetensors.
2026-03-21 08:29:47,643 [INFO] Missing keys (head.fc.weight, head.fc.bias) discovered while loading pretrained weights. This is expected if model is being adapted.
2026-03-21 08:29:47,763 [INFO]   Born-again ← best_fold3.pt (val 90.54%)
2026-03-21 08:29:47,764 [INFO] ── Stage 1: head warmup (5 ep) ──
2026-03-21 08:30:11,150 [INFO]   S1 Ep 1/5  loss=0.4906 acc=97.1%  val=90.4%  23s
2026-03-21 08:30:11,289 [INFO]   ★ best 90.40%
2026-03-21 08:30:32,224 [INFO]   S1 Ep 2/5  loss=0.4995 acc=96.9%  val=90.7%  21s
2026-03-21 08:30:32,374 [INFO]   ★ best 90.67%
2026-03-21 08:30:53,385 [INFO]   S1 Ep 3/5  loss=0.4944 acc=97.2%  val=90.4%  21s
2026-03-21 08:31:14,290 [INFO]   S1 Ep 4/5  loss=0.4882 acc=97.2%  val=90.6%  21s
2026-03-21 08:31:35,103 [INFO]   S1 Ep 5/5  loss=0.4847 acc=97.2%  val=90.6%  21s
2026-03-21 08:31:35,103 [INFO] ── Stage 2: full fine-tune (120 ep, CosineWarmRestarts T0=20 Tmult=2) ──
2026-03-21 08:31:35,104 [INFO] LLRD: 12 groups, LR [9.49e-06 … 4.00e-05]
2026-03-21 08:32:44,740 [INFO]   S2 Ep   1/120  loss=1.0752 acc=72.4%  val=88.8%  lr=3.98e-05    70s
2026-03-21 08:33:54,281 [INFO]   S2 Ep   2/120  loss=1.0856 acc=71.7%  val=88.9%  lr=3.90e-05    70s
2026-03-21 08:35:03,872 [INFO]   S2 Ep   3/120  loss=1.0909 acc=71.1%  val=89.0%  lr=3.78e-05    70s
2026-03-21 08:36:13,499 [INFO]   S2 Ep   4/120  loss=1.0826 acc=71.4%  val=88.9%  lr=3.62e-05    70s
2026-03-21 08:37:23,103 [INFO]   S2 Ep   5/120  loss=1.1026 acc=70.7%  val=88.7%  lr=3.41e-05    70s
2026-03-21 08:38:32,655 [INFO]   S2 Ep   6/120  loss=1.0759 acc=72.2%  val=88.9%  lr=3.18e-05    70s
2026-03-21 08:39:42,295 [INFO]   S2 Ep   7/120  loss=1.1020 acc=71.0%  val=89.0%  lr=2.91e-05    70s
2026-03-21 08:40:51,849 [INFO]   S2 Ep   8/120  loss=1.0497 acc=73.2%  val=89.6%  lr=2.62e-05    70s
2026-03-21 08:42:01,389 [INFO]   S2 Ep   9/120  loss=1.0667 acc=72.2%  val=89.4%  lr=2.31e-05    70s
2026-03-21 08:43:11,005 [INFO]   S2 Ep  10/120  loss=1.0814 acc=70.9%  val=89.8%  lr=2.00e-05    70s
2026-03-21 08:44:20,655 [INFO]   S2 Ep  11/120  loss=1.1052 acc=70.1%  val=89.5%  lr=1.69e-05    70s
2026-03-21 08:45:30,312 [INFO]   S2 Ep  12/120  loss=1.0444 acc=73.2%  val=89.5%  lr=1.38e-05    70s
2026-03-21 08:46:39,880 [INFO]   S2 Ep  13/120  loss=1.0668 acc=72.2%  val=89.8%  lr=1.09e-05    70s
2026-03-21 08:47:49,533 [INFO]   S2 Ep  14/120  loss=1.0586 acc=72.1%  val=89.8%  lr=8.24e-06    70s
2026-03-21 08:48:59,142 [INFO]   S2 Ep  15/120  loss=1.0517 acc=72.5%  val=90.0%  lr=5.86e-06    70s
2026-03-21 08:50:08,724 [INFO]   S2 Ep  16/120  loss=1.0530 acc=72.8%  val=90.0%  lr=3.82e-06    70s
2026-03-21 08:51:18,320 [INFO]   S2 Ep  17/120  loss=1.0514 acc=73.0%  val=90.0%  lr=2.18e-06    70s
2026-03-21 08:52:27,922 [INFO]   S2 Ep  18/120  loss=1.0465 acc=72.9%  val=90.2%  lr=9.79e-07    70s
2026-03-21 08:53:37,623 [INFO]   S2 Ep  19/120  loss=1.0477 acc=73.0%  val=90.2%  lr=2.46e-07    70s
2026-03-21 08:54:47,246 [INFO]   S2 Ep  20/120  loss=1.0397 acc=73.8%  val=90.2%  lr=4.00e-05    70s
2026-03-21 08:55:56,906 [INFO]   S2 Ep  21/120  loss=1.0501 acc=73.1%  val=88.6%  lr=3.99e-05    70s
2026-03-21 08:57:06,517 [INFO]   S2 Ep  22/120  loss=1.0828 acc=71.9%  val=88.9%  lr=3.98e-05    70s
2026-03-21 08:58:16,120 [INFO]   S2 Ep  23/120  loss=1.0687 acc=72.3%  val=88.7%  lr=3.94e-05    70s
2026-03-21 08:59:25,816 [INFO]   S2 Ep  24/120  loss=1.1059 acc=70.0%  val=89.4%  lr=3.90e-05    70s
2026-03-21 09:00:35,448 [INFO]   S2 Ep  25/120  loss=1.0865 acc=71.4%  val=89.5%  lr=3.85e-05    70s
2026-03-21 09:01:45,109 [INFO]   S2 Ep  26/120  loss=1.1016 acc=70.4%  val=89.2%  lr=3.78e-05    70s
2026-03-21 09:02:54,747 [INFO]   S2 Ep  27/120  loss=1.1232 acc=69.8%  val=89.1%  lr=3.71e-05    70s
2026-03-21 09:04:04,361 [INFO]   S2 Ep  28/120  loss=1.0673 acc=72.1%  val=88.6%  lr=3.62e-05    70s
2026-03-21 09:05:13,911 [INFO]   S2 Ep  29/120  loss=1.0918 acc=71.1%  val=89.3%  lr=3.52e-05    70s
2026-03-21 09:06:23,534 [INFO]   S2 Ep  30/120  loss=1.0751 acc=71.6%  val=89.1%  lr=3.41e-05    70s
2026-03-21 09:07:33,183 [INFO]   S2 Ep  31/120  loss=1.0894 acc=71.0%  val=88.8%  lr=3.30e-05    70s
2026-03-21 09:08:42,840 [INFO]   S2 Ep  32/120  loss=1.0901 acc=70.7%  val=89.9%  lr=3.18e-05    70s
2026-03-21 09:09:52,532 [INFO]   S2 Ep  33/120  loss=1.0833 acc=71.0%  val=89.6%  lr=3.04e-05    70s
2026-03-21 09:11:02,195 [INFO]   S2 Ep  34/120  loss=1.0822 acc=71.4%  val=89.5%  lr=2.91e-05    70s
2026-03-21 09:12:11,831 [INFO]   S2 Ep  35/120  loss=1.0443 acc=72.9%  val=89.4%  lr=2.77e-05    70s
2026-03-21 09:13:21,494 [INFO]   S2 Ep  36/120  loss=1.0654 acc=72.0%  val=89.7%  lr=2.62e-05    70s
2026-03-21 09:14:31,079 [INFO]   S2 Ep  37/120  loss=1.0490 acc=72.7%  val=89.1%  lr=2.47e-05    70s
2026-03-21 09:15:40,697 [INFO]   S2 Ep  38/120  loss=1.0634 acc=72.4%  val=89.4%  lr=2.31e-05    70s
2026-03-21 09:16:50,246 [INFO]   S2 Ep  39/120  loss=1.0711 acc=71.5%  val=89.9%  lr=2.16e-05    70s
2026-03-21 09:17:59,828 [INFO]   S2 Ep  40/120  loss=1.0141 acc=74.2%  val=89.7%  lr=2.00e-05    70s
2026-03-21 09:19:09,428 [INFO]   S2 Ep  41/120  loss=1.0367 acc=73.4%  val=89.7%  lr=1.84e-05    70s
2026-03-21 09:20:19,040 [INFO]   S2 Ep  42/120  loss=1.0630 acc=72.3%  val=90.0%  lr=1.69e-05    70s
2026-03-21 09:21:28,667 [INFO]   S2 Ep  43/120  loss=1.0218 acc=73.8%  val=89.4%  lr=1.53e-05    70s
2026-03-21 09:22:38,316 [INFO]   S2 Ep  44/120  loss=1.0125 acc=74.0%  val=89.9%  lr=1.38e-05    70s
2026-03-21 09:23:47,908 [INFO]   S2 Ep  45/120  loss=1.0377 acc=73.3%  val=89.8%  lr=1.23e-05    70s
2026-03-21 09:24:57,539 [INFO]   S2 Ep  46/120  loss=1.0481 acc=72.7%  val=89.5%  lr=1.09e-05    70s
2026-03-21 09:26:07,124 [INFO]   S2 Ep  47/120  loss=1.0400 acc=72.4%  val=89.5%  lr=9.55e-06    70s
2026-03-21 09:27:16,788 [INFO]   S2 Ep  48/120  loss=1.0291 acc=73.2%  val=89.9%  lr=8.24e-06    70s
2026-03-21 09:28:26,425 [INFO]   S2 Ep  49/120  loss=1.0584 acc=72.5%  val=89.9%  lr=7.01e-06    70s
2026-03-21 09:29:36,063 [INFO]   S2 Ep  50/120  loss=1.0238 acc=73.7%  val=90.2%  lr=5.86e-06    70s
2026-03-21 09:29:36,063 [INFO]   Early stop at ep 50
2026-03-21 09:29:36,065 [INFO] ── Stage 3: SWA (15 ep, lr=4.0e-06) ──
2026-03-21 09:30:45,771 [INFO]   SWA Ep  1/15  loss=1.0607  swa_val=90.1%  70s
2026-03-21 09:31:55,376 [INFO]   SWA Ep  2/15  loss=1.1022  swa_val=90.1%  70s
2026-03-21 09:33:04,922 [INFO]   SWA Ep  3/15  loss=1.0657  swa_val=90.2%  70s
2026-03-21 09:34:14,532 [INFO]   SWA Ep  4/15  loss=1.0284  swa_val=90.2%  70s
2026-03-21 09:35:24,111 [INFO]   SWA Ep  5/15  loss=1.0621  swa_val=90.2%  70s
2026-03-21 09:36:33,629 [INFO]   SWA Ep  6/15  loss=1.0566  swa_val=90.1%  70s
2026-03-21 09:37:43,231 [INFO]   SWA Ep  7/15  loss=1.0475  swa_val=90.3%  70s
2026-03-21 09:38:52,758 [INFO]   SWA Ep  8/15  loss=1.0535  swa_val=90.2%  70s
2026-03-21 09:40:02,324 [INFO]   SWA Ep  9/15  loss=1.0553  swa_val=90.2%  70s
2026-03-21 09:41:11,999 [INFO]   SWA Ep 10/15  loss=1.0752  swa_val=90.2%  70s
2026-03-21 09:42:21,525 [INFO]   SWA Ep 11/15  loss=1.0304  swa_val=90.2%  70s
2026-03-21 09:43:31,073 [INFO]   SWA Ep 12/15  loss=1.0626  swa_val=90.4%  70s
2026-03-21 09:44:40,632 [INFO]   SWA Ep 13/15  loss=1.0618  swa_val=90.2%  70s
2026-03-21 09:45:50,229 [INFO]   SWA Ep 14/15  loss=1.0423  swa_val=90.2%  70s
2026-03-21 09:46:59,756 [INFO]   SWA Ep 15/15  loss=1.0480  swa_val=90.2%  70s
2026-03-21 09:46:59,756 [INFO]   Updating BN stats for SWA model …
2026-03-21 09:47:03,705 [INFO]   SWA final: 90.20% (regular best: 90.67%)
2026-03-21 09:47:03,706 [INFO]   Fold 4 best: 90.67%
2026-03-21 09:47:04,966 [INFO] ================================================================
2026-03-21 09:47:04,966 [INFO] FOLD 5 / 5
2026-03-21 09:47:04,966 [INFO] ================================================================
2026-03-21 09:47:04,969 [INFO]   Train: 11794 | Val: 2948
2026-03-21 09:47:05,214 [INFO] Loading pretrained weights from Hugging Face hub (timm/convnextv2_tiny.fcmae_ft_in22k_in1k)
2026-03-21 09:47:05,389 [INFO] HTTP Request: HEAD https://huggingface.co/timm/convnextv2_tiny.fcmae_ft_in22k_in1k/resolve/main/model.safetensors "HTTP/1.1 302 Found"
2026-03-21 09:47:05,390 [INFO] [timm/convnextv2_tiny.fcmae_ft_in22k_in1k] Safe alternative available for 'pytorch_model.bin' (as 'model.safetensors'). Loading weights using safetensors.
2026-03-21 09:47:05,408 [INFO] Missing keys (head.fc.weight, head.fc.bias) discovered while loading pretrained weights. This is expected if model is being adapted.
2026-03-21 09:47:05,520 [INFO]   Born-again ← best_fold4.pt (val 89.31%)
2026-03-21 09:47:05,521 [INFO] ── Stage 1: head warmup (5 ep) ──
2026-03-21 09:47:29,587 [INFO]   S1 Ep 1/5  loss=0.5320 acc=95.5%  val=89.3%  24s
2026-03-21 09:47:29,743 [INFO]   ★ best 89.28%
2026-03-21 09:47:50,583 [INFO]   S1 Ep 2/5  loss=0.5429 acc=95.0%  val=89.2%  21s
2026-03-21 09:48:11,477 [INFO]   S1 Ep 3/5  loss=0.5420 acc=94.8%  val=89.1%  21s
2026-03-21 09:48:32,358 [INFO]   S1 Ep 4/5  loss=0.5296 acc=95.3%  val=89.2%  21s
2026-03-21 09:48:53,350 [INFO]   S1 Ep 5/5  loss=0.5220 acc=95.6%  val=89.0%  21s
2026-03-21 09:48:53,351 [INFO] ── Stage 2: full fine-tune (120 ep, CosineWarmRestarts T0=20 Tmult=2) ──
2026-03-21 09:48:53,351 [INFO] LLRD: 12 groups, LR [9.49e-06 … 4.00e-05]
2026-03-21 09:50:03,058 [INFO]   S2 Ep   1/120  loss=1.1572 acc=68.9%  val=88.3%  lr=3.98e-05    70s
2026-03-21 09:51:12,748 [INFO]   S2 Ep   2/120  loss=1.1764 acc=68.3%  val=87.7%  lr=3.90e-05    70s
2026-03-21 09:52:22,377 [INFO]   S2 Ep   3/120  loss=1.1620 acc=68.9%  val=87.6%  lr=3.78e-05    70s
2026-03-21 09:53:31,879 [INFO]   S2 Ep   4/120  loss=1.1898 acc=67.1%  val=87.4%  lr=3.62e-05    70s
2026-03-21 09:54:41,408 [INFO]   S2 Ep   5/120  loss=1.1263 acc=70.4%  val=87.8%  lr=3.41e-05    70s
2026-03-21 09:55:50,961 [INFO]   S2 Ep   6/120  loss=1.1759 acc=68.4%  val=87.6%  lr=3.18e-05    70s
2026-03-21 09:57:00,309 [INFO]   S2 Ep   7/120  loss=1.1368 acc=70.0%  val=88.2%  lr=2.91e-05    69s
2026-03-21 09:58:09,747 [INFO]   S2 Ep   8/120  loss=1.1336 acc=69.9%  val=88.4%  lr=2.62e-05    69s
2026-03-21 09:59:19,167 [INFO]   S2 Ep   9/120  loss=1.1728 acc=67.8%  val=88.2%  lr=2.31e-05    69s
2026-03-21 10:00:28,563 [INFO]   S2 Ep  10/120  loss=1.1296 acc=70.3%  val=88.5%  lr=2.00e-05    69s
2026-03-21 10:01:38,006 [INFO]   S2 Ep  11/120  loss=1.1370 acc=69.5%  val=88.7%  lr=1.69e-05    69s
2026-03-21 10:02:47,494 [INFO]   S2 Ep  12/120  loss=1.1250 acc=70.0%  val=88.8%  lr=1.38e-05    69s
2026-03-21 10:03:56,857 [INFO]   S2 Ep  13/120  loss=1.1296 acc=70.0%  val=88.7%  lr=1.09e-05    69s
2026-03-21 10:05:06,288 [INFO]   S2 Ep  14/120  loss=1.1421 acc=69.4%  val=89.0%  lr=8.24e-06    69s
2026-03-21 10:06:15,795 [INFO]   S2 Ep  15/120  loss=1.1035 acc=71.1%  val=89.0%  lr=5.86e-06    70s
2026-03-21 10:07:25,396 [INFO]   S2 Ep  16/120  loss=1.1418 acc=69.7%  val=89.0%  lr=3.82e-06    70s
2026-03-21 10:08:34,912 [INFO]   S2 Ep  17/120  loss=1.1041 acc=71.2%  val=89.2%  lr=2.18e-06    70s
2026-03-21 10:09:44,464 [INFO]   S2 Ep  18/120  loss=1.0743 acc=73.0%  val=89.3%  lr=9.79e-07    70s
2026-03-21 10:09:44,650 [INFO]   ★ best 89.31%
2026-03-21 10:10:54,193 [INFO]   S2 Ep  19/120  loss=1.1289 acc=70.1%  val=89.1%  lr=2.46e-07    70s
2026-03-21 10:12:03,685 [INFO]   S2 Ep  20/120  loss=1.1137 acc=70.9%  val=89.2%  lr=4.00e-05    69s
2026-03-21 10:13:13,190 [INFO]   S2 Ep  21/120  loss=1.1294 acc=70.1%  val=87.3%  lr=3.99e-05    70s
2026-03-21 10:14:22,654 [INFO]   S2 Ep  22/120  loss=1.1432 acc=69.8%  val=87.3%  lr=3.98e-05    69s
2026-03-21 10:15:31,958 [INFO]   S2 Ep  23/120  loss=1.1261 acc=70.2%  val=87.7%  lr=3.94e-05    69s
2026-03-21 10:16:41,391 [INFO]   S2 Ep  24/120  loss=1.1857 acc=67.2%  val=87.7%  lr=3.90e-05    69s
2026-03-21 10:17:50,891 [INFO]   S2 Ep  25/120  loss=1.1248 acc=70.0%  val=88.6%  lr=3.85e-05    70s
2026-03-21 10:19:00,479 [INFO]   S2 Ep  26/120  loss=1.1440 acc=69.4%  val=87.7%  lr=3.78e-05    70s
2026-03-21 10:20:09,824 [INFO]   S2 Ep  27/120  loss=1.1405 acc=70.0%  val=88.2%  lr=3.71e-05    69s
2026-03-21 10:21:19,300 [INFO]   S2 Ep  28/120  loss=1.0962 acc=72.1%  val=88.6%  lr=3.62e-05    69s
2026-03-21 10:22:28,805 [INFO]   S2 Ep  29/120  loss=1.1650 acc=68.6%  val=87.4%  lr=3.52e-05    70s
2026-03-21 10:23:38,297 [INFO]   S2 Ep  30/120  loss=1.1506 acc=69.1%  val=88.7%  lr=3.41e-05    69s
2026-03-21 10:24:47,789 [INFO]   S2 Ep  31/120  loss=1.0992 acc=71.1%  val=87.7%  lr=3.30e-05    69s
2026-03-21 10:25:57,264 [INFO]   S2 Ep  32/120  loss=1.1086 acc=70.8%  val=88.7%  lr=3.18e-05    69s
2026-03-21 10:27:06,772 [INFO]   S2 Ep  33/120  loss=1.1314 acc=70.0%  val=88.8%  lr=3.04e-05    70s
2026-03-21 10:28:16,251 [INFO]   S2 Ep  34/120  loss=1.1163 acc=70.8%  val=89.0%  lr=2.91e-05    69s
2026-03-21 10:29:25,680 [INFO]   S2 Ep  35/120  loss=1.1455 acc=69.0%  val=89.0%  lr=2.77e-05    69s
2026-03-21 10:30:35,124 [INFO]   S2 Ep  36/120  loss=1.1183 acc=70.4%  val=88.4%  lr=2.62e-05    69s
2026-03-21 10:31:44,560 [INFO]   S2 Ep  37/120  loss=1.1408 acc=69.3%  val=88.7%  lr=2.47e-05    69s
2026-03-21 10:32:53,832 [INFO]   S2 Ep  38/120  loss=1.0873 acc=71.6%  val=88.2%  lr=2.31e-05    69s
2026-03-21 10:34:03,312 [INFO]   S2 Ep  39/120  loss=1.0780 acc=72.3%  val=88.8%  lr=2.16e-05    69s
2026-03-21 10:35:12,758 [INFO]   S2 Ep  40/120  loss=1.0552 acc=73.4%  val=88.8%  lr=2.00e-05    69s
2026-03-21 10:36:22,134 [INFO]   S2 Ep  41/120  loss=1.1267 acc=70.4%  val=88.6%  lr=1.84e-05    69s
2026-03-21 10:37:31,607 [INFO]   S2 Ep  42/120  loss=1.1026 acc=70.6%  val=89.3%  lr=1.69e-05    69s
2026-03-21 10:38:41,048 [INFO]   S2 Ep  43/120  loss=1.1192 acc=70.4%  val=89.2%  lr=1.53e-05    69s
2026-03-21 10:39:50,416 [INFO]   S2 Ep  44/120  loss=1.0936 acc=71.3%  val=88.8%  lr=1.38e-05    69s
2026-03-21 10:40:59,650 [INFO]   S2 Ep  45/120  loss=1.1052 acc=71.1%  val=89.4%  lr=1.23e-05    69s
2026-03-21 10:40:59,822 [INFO]   ★ best 89.42%
2026-03-21 10:42:09,172 [INFO]   S2 Ep  46/120  loss=1.0713 acc=72.1%  val=89.0%  lr=1.09e-05    69s
2026-03-21 10:43:18,607 [INFO]   S2 Ep  47/120  loss=1.0796 acc=72.1%  val=89.0%  lr=9.55e-06    69s
2026-03-21 10:44:28,018 [INFO]   S2 Ep  48/120  loss=1.1308 acc=69.6%  val=89.2%  lr=8.24e-06    69s
2026-03-21 10:45:37,468 [INFO]   S2 Ep  49/120  loss=1.0966 acc=71.6%  val=89.3%  lr=7.01e-06    69s
2026-03-21 10:46:46,814 [INFO]   S2 Ep  50/120  loss=1.1093 acc=70.6%  val=89.7%  lr=5.86e-06    69s
2026-03-21 10:46:46,982 [INFO]   ★ best 89.69%
2026-03-21 10:47:56,437 [INFO]   S2 Ep  51/120  loss=1.0702 acc=72.1%  val=89.8%  lr=4.79e-06    69s
2026-03-21 10:47:56,620 [INFO]   ★ best 89.76%
2026-03-21 10:49:06,047 [INFO]   S2 Ep  52/120  loss=1.0849 acc=71.9%  val=89.7%  lr=3.82e-06    69s
2026-03-21 10:50:15,459 [INFO]   S2 Ep  53/120  loss=1.0725 acc=72.5%  val=89.4%  lr=2.95e-06    69s
2026-03-21 10:51:24,927 [INFO]   S2 Ep  54/120  loss=1.0652 acc=72.5%  val=89.7%  lr=2.18e-06    69s
2026-03-21 10:52:34,350 [INFO]   S2 Ep  55/120  loss=1.0884 acc=71.8%  val=89.8%  lr=1.52e-06    69s
2026-03-21 10:53:43,818 [INFO]   S2 Ep  56/120  loss=1.0952 acc=71.3%  val=89.7%  lr=9.79e-07    69s
2026-03-21 10:54:53,247 [INFO]   S2 Ep  57/120  loss=1.0589 acc=73.5%  val=89.8%  lr=5.53e-07    69s
2026-03-21 10:54:53,418 [INFO]   ★ best 89.79%
2026-03-21 10:56:02,849 [INFO]   S2 Ep  58/120  loss=1.0828 acc=71.5%  val=89.8%  lr=2.46e-07    69s
2026-03-21 10:56:03,022 [INFO]   ★ best 89.82%
2026-03-21 10:57:12,511 [INFO]   S2 Ep  59/120  loss=1.0698 acc=72.1%  val=89.8%  lr=6.17e-08    69s
2026-03-21 10:58:21,920 [INFO]   S2 Ep  60/120  loss=1.0501 acc=73.2%  val=89.8%  lr=4.00e-05    69s
2026-03-21 10:59:31,383 [INFO]   S2 Ep  61/120  loss=1.0997 acc=70.9%  val=87.3%  lr=4.00e-05    69s
2026-03-21 11:00:40,830 [INFO]   S2 Ep  62/120  loss=1.1200 acc=70.6%  val=87.8%  lr=3.99e-05    69s
2026-03-21 11:01:50,256 [INFO]   S2 Ep  63/120  loss=1.1295 acc=70.1%  val=88.2%  lr=3.99e-05    69s
2026-03-21 11:02:59,743 [INFO]   S2 Ep  64/120  loss=1.1501 acc=69.0%  val=88.1%  lr=3.98e-05    69s
2026-03-21 11:04:09,163 [INFO]   S2 Ep  65/120  loss=1.1069 acc=71.0%  val=88.1%  lr=3.96e-05    69s
2026-03-21 11:05:18,675 [INFO]   S2 Ep  66/120  loss=1.1155 acc=70.6%  val=88.6%  lr=3.94e-05    70s
2026-03-21 11:06:28,193 [INFO]   S2 Ep  67/120  loss=1.1391 acc=69.7%  val=87.9%  lr=3.92e-05    70s
2026-03-21 11:07:37,642 [INFO]   S2 Ep  68/120  loss=1.1255 acc=69.9%  val=88.1%  lr=3.90e-05    69s
2026-03-21 11:08:47,133 [INFO]   S2 Ep  69/120  loss=1.0995 acc=70.8%  val=88.9%  lr=3.88e-05    69s
2026-03-21 11:09:56,469 [INFO]   S2 Ep  70/120  loss=1.1098 acc=70.9%  val=88.1%  lr=3.85e-05    69s
2026-03-21 11:11:05,786 [INFO]   S2 Ep  71/120  loss=1.1485 acc=69.2%  val=88.4%  lr=3.82e-05    69s
2026-03-21 11:12:15,215 [INFO]   S2 Ep  72/120  loss=1.1119 acc=71.0%  val=88.3%  lr=3.78e-05    69s
2026-03-21 11:13:24,621 [INFO]   S2 Ep  73/120  loss=1.1032 acc=70.8%  val=87.7%  lr=3.74e-05    69s
2026-03-21 11:14:34,046 [INFO]   S2 Ep  74/120  loss=1.1394 acc=69.1%  val=88.4%  lr=3.71e-05    69s
2026-03-21 11:15:43,497 [INFO]   S2 Ep  75/120  loss=1.0860 acc=71.9%  val=87.3%  lr=3.66e-05    69s
2026-03-21 11:16:52,956 [INFO]   S2 Ep  76/120  loss=1.1273 acc=69.9%  val=88.3%  lr=3.62e-05    69s
2026-03-21 11:18:02,378 [INFO]   S2 Ep  77/120  loss=1.1106 acc=70.9%  val=88.3%  lr=3.57e-05    69s
2026-03-21 11:19:11,799 [INFO]   S2 Ep  78/120  loss=1.0933 acc=71.3%  val=88.2%  lr=3.52e-05    69s
2026-03-21 11:20:21,130 [INFO]   S2 Ep  79/120  loss=1.1060 acc=71.1%  val=88.2%  lr=3.47e-05    69s
2026-03-21 11:21:30,622 [INFO]   S2 Ep  80/120  loss=1.0918 acc=71.2%  val=87.9%  lr=3.41e-05    69s
2026-03-21 11:22:40,057 [INFO]   S2 Ep  81/120  loss=1.0892 acc=71.3%  val=87.8%  lr=3.36e-05    69s
2026-03-21 11:23:49,505 [INFO]   S2 Ep  82/120  loss=1.1039 acc=71.3%  val=87.9%  lr=3.30e-05    69s
2026-03-21 11:24:59,014 [INFO]   S2 Ep  83/120  loss=1.0997 acc=71.0%  val=88.7%  lr=3.24e-05    70s
2026-03-21 11:26:08,365 [INFO]   S2 Ep  84/120  loss=1.0956 acc=71.2%  val=88.2%  lr=3.18e-05    69s
2026-03-21 11:27:17,915 [INFO]   S2 Ep  85/120  loss=1.0775 acc=72.5%  val=87.6%  lr=3.11e-05    70s
2026-03-21 11:28:27,385 [INFO]   S2 Ep  86/120  loss=1.0711 acc=72.7%  val=88.3%  lr=3.04e-05    69s
2026-03-21 11:29:36,873 [INFO]   S2 Ep  87/120  loss=1.0628 acc=72.3%  val=88.2%  lr=2.98e-05    69s
2026-03-21 11:30:46,323 [INFO]   S2 Ep  88/120  loss=1.0779 acc=71.9%  val=88.6%  lr=2.91e-05    69s
2026-03-21 11:31:55,756 [INFO]   S2 Ep  89/120  loss=1.1018 acc=71.1%  val=88.5%  lr=2.84e-05    69s
2026-03-21 11:33:05,199 [INFO]   S2 Ep  90/120  loss=1.0239 acc=74.1%  val=87.8%  lr=2.77e-05    69s
2026-03-21 11:34:14,753 [INFO]   S2 Ep  91/120  loss=1.0687 acc=72.2%  val=88.5%  lr=2.69e-05    70s
2026-03-21 11:35:24,179 [INFO]   S2 Ep  92/120  loss=1.0791 acc=72.0%  val=89.0%  lr=2.62e-05    69s
2026-03-21 11:36:33,634 [INFO]   S2 Ep  93/120  loss=1.1036 acc=70.8%  val=88.3%  lr=2.54e-05    69s
2026-03-21 11:37:43,219 [INFO]   S2 Ep  94/120  loss=1.0783 acc=71.7%  val=88.1%  lr=2.47e-05    70s
2026-03-21 11:38:52,672 [INFO]   S2 Ep  95/120  loss=1.0651 acc=72.6%  val=88.8%  lr=2.39e-05    69s
2026-03-21 11:40:02,141 [INFO]   S2 Ep  96/120  loss=1.0629 acc=72.3%  val=88.7%  lr=2.31e-05    69s
2026-03-21 11:41:11,618 [INFO]   S2 Ep  97/120  loss=1.0542 acc=72.8%  val=88.6%  lr=2.24e-05    69s
2026-03-21 11:42:21,103 [INFO]   S2 Ep  98/120  loss=1.0560 acc=73.3%  val=88.6%  lr=2.16e-05    69s
2026-03-21 11:43:30,511 [INFO]   S2 Ep  99/120  loss=1.0509 acc=73.1%  val=88.7%  lr=2.08e-05    69s
2026-03-21 11:44:39,974 [INFO]   S2 Ep 100/120  loss=1.0742 acc=71.9%  val=89.1%  lr=2.00e-05    69s
2026-03-21 11:45:49,242 [INFO]   S2 Ep 101/120  loss=1.0639 acc=72.6%  val=88.8%  lr=1.92e-05    69s
2026-03-21 11:46:58,564 [INFO]   S2 Ep 102/120  loss=1.0748 acc=71.4%  val=89.0%  lr=1.84e-05    69s
2026-03-21 11:48:08,051 [INFO]   S2 Ep 103/120  loss=1.0726 acc=72.0%  val=88.7%  lr=1.76e-05    69s
2026-03-21 11:49:17,506 [INFO]   S2 Ep 104/120  loss=1.0473 acc=73.1%  val=88.5%  lr=1.69e-05    69s
2026-03-21 11:50:26,927 [INFO]   S2 Ep 105/120  loss=1.0585 acc=72.2%  val=89.2%  lr=1.61e-05    69s
2026-03-21 11:51:36,356 [INFO]   S2 Ep 106/120  loss=1.0444 acc=73.4%  val=89.0%  lr=1.53e-05    69s
2026-03-21 11:52:45,845 [INFO]   S2 Ep 107/120  loss=1.0468 acc=73.1%  val=88.9%  lr=1.46e-05    69s
2026-03-21 11:53:55,263 [INFO]   S2 Ep 108/120  loss=1.0671 acc=72.4%  val=89.0%  lr=1.38e-05    69s
2026-03-21 11:53:55,263 [INFO]   Early stop at ep 108
2026-03-21 11:53:55,264 [INFO] ── Stage 3: SWA (15 ep, lr=4.0e-06) ──
2026-03-21 11:55:04,785 [INFO]   SWA Ep  1/15  loss=1.0734  swa_val=89.5%  69s
2026-03-21 11:56:14,157 [INFO]   SWA Ep  2/15  loss=1.0637  swa_val=89.7%  69s
2026-03-21 11:57:23,553 [INFO]   SWA Ep  3/15  loss=1.0851  swa_val=89.6%  69s
2026-03-21 11:58:32,932 [INFO]   SWA Ep  4/15  loss=1.1017  swa_val=89.5%  69s
2026-03-21 11:59:42,294 [INFO]   SWA Ep  5/15  loss=1.0694  swa_val=89.6%  69s
2026-03-21 12:00:51,703 [INFO]   SWA Ep  6/15  loss=1.0975  swa_val=89.7%  69s
2026-03-21 12:02:01,093 [INFO]   SWA Ep  7/15  loss=1.0789  swa_val=89.8%  69s
2026-03-21 12:03:10,801 [INFO]   SWA Ep  8/15  loss=1.0634  swa_val=89.8%  70s
2026-03-21 12:04:20,272 [INFO]   SWA Ep  9/15  loss=1.0556  swa_val=89.9%  69s
2026-03-21 12:05:29,647 [INFO]   SWA Ep 10/15  loss=1.0713  swa_val=90.0%  69s
2026-03-21 12:06:39,080 [INFO]   SWA Ep 11/15  loss=1.0630  swa_val=90.1%  69s
2026-03-21 12:07:48,468 [INFO]   SWA Ep 12/15  loss=1.0863  swa_val=90.1%  69s
2026-03-21 12:08:57,860 [INFO]   SWA Ep 13/15  loss=1.0875  swa_val=90.0%  69s
2026-03-21 12:10:07,142 [INFO]   SWA Ep 14/15  loss=1.0735  swa_val=90.0%  69s
2026-03-21 12:11:16,499 [INFO]   SWA Ep 15/15  loss=1.0701  swa_val=90.1%  69s
2026-03-21 12:11:16,499 [INFO]   Updating BN stats for SWA model …
2026-03-21 12:11:20,401 [INFO]   SWA final: 90.06% (regular best: 89.82%)
2026-03-21 12:11:20,563 [INFO]   ★ SWA beats regular! 90.06%
2026-03-21 12:11:20,563 [INFO]   Fold 5 best: 90.06%
2026-03-21 12:11:21,879 [INFO] ================================================================
2026-03-21 12:11:21,879 [INFO] 5-FOLD CV
2026-03-21 12:11:21,879 [INFO] ================================================================
2026-03-21 12:11:21,879 [INFO]   Fold 1 : 90.27%
2026-03-21 12:11:21,879 [INFO]   Fold 2 : 89.28%
2026-03-21 12:11:21,879 [INFO]   Fold 3 : 90.23%
2026-03-21 12:11:21,879 [INFO]   Fold 4 : 90.67%
2026-03-21 12:11:21,879 [INFO]   Fold 5 : 90.06%
2026-03-21 12:11:21,879 [INFO]   Mean: 90.10% ± 0.46%
2026-03-21 12:22:55,256 [INFO] TTA changed 131 / 9828 (1.3%)
2026-03-21 12:22:55,264 [INFO] Done.
