2026-03-18 07:43:30,936 [INFO] GPU : NVIDIA H200
2026-03-18 07:43:30,936 [INFO] Config : {
  "data_dir": "/data/slr/track2_",
  "output_dir": "/data/slr/checkpoints_v14",
  "max_frames": 48,
  "n_classes": 126,
  "channel_means": [
    -64.3217,
    -62.9119,
    -63.9254
  ],
  "channel_stds": [
    12.5721,
    11.662,
    11.7259
  ],
  "n_folds": 5,
  "batch_size": 48,
  "num_workers": 4,
  "img_size": 224,
  "stage1_epochs": 5,
  "stage1_lr": 0.0002,
  "stage2_epochs": 100,
  "stage2_lr": 3e-05,
  "weight_decay": 0.05,
  "warmup_pct": 0.05,
  "label_smoothing": 0.1,
  "early_stopping_patience": 35,
  "grad_clip_norm": 1.0,
  "llrd_decay": 0.8,
  "kd_alpha": 0.5,
  "kd_tau": 4.0,
  "sam_rho": 0.05,
  "mixup_alpha": 0.4,
  "cutmix_alpha": 1.0,
  "cutmix_prob": 0.5,
  "time_mask_max": 8,
  "range_mask_max": 30,
  "noise_std": 0.1,
  "time_warp_lo": 0.8,
  "time_warp_hi": 1.2,
  "time_reverse_prob": 0.5,
  "channel_shuffle_prob": 0.2,
  "channel_drop_prob": 0.1,
  "random_erase_prob": 0.2,
  "circ_shift_prob": 0.3,
  "circ_shift_max": 8,
  "amp_scale_prob": 0.5,
  "amp_scale_lo": 0.8,
  "amp_scale_hi": 1.2,
  "model_name": "convnextv2_tiny.fcmae_ft_in22k_in1k",
  "drop_path_rate": 0.2,
  "proj_dim": 512,
  "drop_rate": 0.3,
  "ms_dropout_samples": 5,
  "seed": 42
}
2026-03-18 07:43:31,004 [INFO] Train: 14742  |  Eval: 9828  |  Classes: 126
2026-03-18 07:43:31,004 [INFO] Pre-loading training data …
2026-03-18 07:43:33,580 [INFO] Pre-loading eval data …
2026-03-18 07:43:35,281 [INFO] Pre-computing teacher soft labels on TRAINING data only …
2026-03-18 07:43:38,648 [INFO]   Loaded 10 teacher models
2026-03-18 07:44:50,644 [INFO]   Soft labels ready: 14742 samples (training only, no PL)
2026-03-18 07:44:50,645 [INFO] KD: α=0.50  τ=4.0  | SAM ρ=0.050  | NO pseudo-labels
2026-03-18 07:44:50,862 [INFO] MultiScaleConvNeXtV2: 28.67M params
2026-03-18 07:44:50,870 [INFO] ================================================================
2026-03-18 07:44:50,870 [INFO] FOLD 1 / 5
2026-03-18 07:44:50,870 [INFO] ================================================================
2026-03-18 07:44:50,872 [INFO]   Train: 11793 (labeled only, no PL)  |  Val: 2949
2026-03-18 07:44:51,081 [INFO] Loading pretrained weights from Hugging Face hub (timm/convnextv2_tiny.fcmae_ft_in22k_in1k)
2026-03-18 07:44:51,239 [INFO] HTTP Request: HEAD https://huggingface.co/timm/convnextv2_tiny.fcmae_ft_in22k_in1k/resolve/main/model.safetensors "HTTP/1.1 302 Found"
2026-03-18 07:44:51,240 [WARNING] Warning: You are sending unauthenticated requests to the HF Hub. Please set a HF_TOKEN to enable higher rate limits and faster downloads.
2026-03-18 07:44:51,241 [INFO] [timm/convnextv2_tiny.fcmae_ft_in22k_in1k] Safe alternative available for 'pytorch_model.bin' (as 'model.safetensors'). Loading weights using safetensors.
2026-03-18 07:44:51,258 [INFO] Missing keys (head.fc.weight, head.fc.bias) discovered while loading pretrained weights. This is expected if model is being adapted.
2026-03-18 07:44:51,373 [INFO]   Born-again ← best_fold0.pt (val 90.78%)
2026-03-18 07:44:51,374 [INFO] ── Stage 1: head-only warmup (5 epochs, no mix, no SAM) ──
2026-03-18 07:45:15,716 [INFO]   S1 Ep  1/5  train 0.4791 / 97.4%  val 1.1136 / 90.6%    24s
2026-03-18 07:45:15,863 [INFO]   ★ best 90.61%
2026-03-18 07:45:23,701 [INFO]   S1 Ep  2/5  train 0.4840 / 97.3%  val 1.1127 / 90.5%    8s
2026-03-18 07:45:31,187 [INFO]   S1 Ep  3/5  train 0.4825 / 97.5%  val 1.1128 / 90.4%    7s
2026-03-18 07:45:38,667 [INFO]   S1 Ep  4/5  train 0.4833 / 97.1%  val 1.1116 / 90.7%    7s
2026-03-18 07:45:38,850 [INFO]   ★ best 90.71%
2026-03-18 07:45:46,327 [INFO]   S1 Ep  5/5  train 0.4778 / 97.4%  val 1.1110 / 90.7%    7s
2026-03-18 07:45:46,327 [INFO] Stage 1 done — best val: 90.71%
2026-03-18 07:45:46,327 [INFO] ── Stage 2: full fine-tune + SAM + LLRD (100 epochs, patience 35) ──
2026-03-18 07:45:46,328 [INFO] LLRD: 12 groups, LR [9.83e-06 … 3.00e-05]
2026-03-18 07:46:38,861 [INFO]   S2 Ep   1/100  train 1.0763 / 71.2%  val 1.1251 / 90.2%  lr 3.95e-06  GeM_p=1.83    53s
2026-03-18 07:47:27,105 [INFO]   S2 Ep   2/100  train 1.0686 / 71.4%  val 1.1344 / 89.9%  lr 1.12e-05  GeM_p=1.83    48s
2026-03-18 07:48:15,380 [INFO]   S2 Ep   3/100  train 1.0804 / 71.2%  val 1.1374 / 89.7%  lr 2.01e-05  GeM_p=1.83    48s
2026-03-18 07:49:03,651 [INFO]   S2 Ep   4/100  train 1.0643 / 72.1%  val 1.1410 / 89.1%  lr 2.73e-05  GeM_p=1.83    48s
2026-03-18 07:49:51,967 [INFO]   S2 Ep   5/100  train 1.1448 / 68.3%  val 1.1470 / 89.1%  lr 3.00e-05  GeM_p=1.84    48s
2026-03-18 07:50:40,274 [INFO]   S2 Ep   6/100  train 1.0584 / 73.0%  val 1.1358 / 89.1%  lr 3.00e-05  GeM_p=1.83    48s
2026-03-18 07:51:28,537 [INFO]   S2 Ep   7/100  train 1.0575 / 72.6%  val 1.1537 / 89.0%  lr 3.00e-05  GeM_p=1.84    48s
2026-03-18 07:52:16,789 [INFO]   S2 Ep   8/100  train 1.1202 / 69.5%  val 1.1389 / 88.9%  lr 2.99e-05  GeM_p=1.84    48s
2026-03-18 07:53:05,033 [INFO]   S2 Ep   9/100  train 1.0824 / 71.5%  val 1.1408 / 89.1%  lr 2.99e-05  GeM_p=1.84    48s
2026-03-18 07:53:53,254 [INFO]   S2 Ep  10/100  train 1.1048 / 69.8%  val 1.1248 / 90.0%  lr 2.98e-05  GeM_p=1.84    48s
2026-03-18 07:54:41,485 [INFO]   S2 Ep  11/100  train 1.0977 / 71.2%  val 1.1381 / 89.1%  lr 2.97e-05  GeM_p=1.84    48s
2026-03-18 07:55:29,726 [INFO]   S2 Ep  12/100  train 1.1153 / 69.9%  val 1.1554 / 88.6%  lr 2.96e-05  GeM_p=1.84    48s
2026-03-18 07:56:17,977 [INFO]   S2 Ep  13/100  train 1.0757 / 71.9%  val 1.1438 / 89.0%  lr 2.95e-05  GeM_p=1.84    48s
2026-03-18 07:57:06,219 [INFO]   S2 Ep  14/100  train 1.0706 / 72.0%  val 1.1429 / 88.9%  lr 2.93e-05  GeM_p=1.84    48s
2026-03-18 07:57:54,486 [INFO]   S2 Ep  15/100  train 1.0987 / 71.1%  val 1.1411 / 89.4%  lr 2.92e-05  GeM_p=1.84    48s
2026-03-18 07:58:42,784 [INFO]   S2 Ep  16/100  train 1.1514 / 68.1%  val 1.1348 / 89.2%  lr 2.90e-05  GeM_p=1.84    48s
2026-03-18 07:59:31,075 [INFO]   S2 Ep  17/100  train 1.0467 / 73.2%  val 1.1306 / 89.5%  lr 2.88e-05  GeM_p=1.84    48s
2026-03-18 08:00:19,352 [INFO]   S2 Ep  18/100  train 1.0943 / 70.0%  val 1.1558 / 88.5%  lr 2.86e-05  GeM_p=1.84    48s
2026-03-18 08:01:07,612 [INFO]   S2 Ep  19/100  train 1.0834 / 71.1%  val 1.1452 / 89.0%  lr 2.84e-05  GeM_p=1.84    48s
2026-03-18 08:01:55,868 [INFO]   S2 Ep  20/100  train 1.0976 / 70.3%  val 1.1436 / 89.0%  lr 2.82e-05  GeM_p=1.84    48s
2026-03-18 08:02:44,116 [INFO]   S2 Ep  21/100  train 1.0934 / 71.3%  val 1.1450 / 89.5%  lr 2.79e-05  GeM_p=1.84    48s
2026-03-18 08:03:32,361 [INFO]   S2 Ep  22/100  train 1.0797 / 72.2%  val 1.1472 / 88.9%  lr 2.77e-05  GeM_p=1.84    48s
2026-03-18 08:04:20,627 [INFO]   S2 Ep  23/100  train 1.0783 / 70.9%  val 1.1531 / 88.2%  lr 2.74e-05  GeM_p=1.84    48s
2026-03-18 08:05:08,947 [INFO]   S2 Ep  24/100  train 1.0789 / 71.7%  val 1.1502 / 88.7%  lr 2.71e-05  GeM_p=1.84    48s
2026-03-18 08:05:57,241 [INFO]   S2 Ep  25/100  train 1.0740 / 73.0%  val 1.1418 / 88.9%  lr 2.68e-05  GeM_p=1.84    48s
2026-03-18 08:06:45,486 [INFO]   S2 Ep  26/100  train 1.0594 / 72.3%  val 1.1456 / 88.8%  lr 2.65e-05  GeM_p=1.84    48s
2026-03-18 08:07:33,725 [INFO]   S2 Ep  27/100  train 1.0516 / 72.7%  val 1.1506 / 88.6%  lr 2.62e-05  GeM_p=1.84    48s
2026-03-18 08:08:21,987 [INFO]   S2 Ep  28/100  train 1.0600 / 72.3%  val 1.1552 / 88.3%  lr 2.59e-05  GeM_p=1.84    48s
2026-03-18 08:09:10,356 [INFO]   S2 Ep  29/100  train 1.0874 / 70.7%  val 1.1435 / 89.3%  lr 2.55e-05  GeM_p=1.84    48s
2026-03-18 08:09:58,586 [INFO]   S2 Ep  30/100  train 1.0489 / 73.0%  val 1.1565 / 88.4%  lr 2.52e-05  GeM_p=1.84    48s
2026-03-18 08:10:46,889 [INFO]   S2 Ep  31/100  train 1.0964 / 70.1%  val 1.1505 / 89.0%  lr 2.48e-05  GeM_p=1.84    48s
2026-03-18 08:11:35,158 [INFO]   S2 Ep  32/100  train 1.0345 / 73.9%  val 1.1489 / 88.7%  lr 2.44e-05  GeM_p=1.84    48s
2026-03-18 08:12:23,390 [INFO]   S2 Ep  33/100  train 1.0819 / 71.5%  val 1.1422 / 88.8%  lr 2.40e-05  GeM_p=1.84    48s
2026-03-18 08:13:11,733 [INFO]   S2 Ep  34/100  train 1.0879 / 71.6%  val 1.1540 / 88.6%  lr 2.36e-05  GeM_p=1.84    48s
2026-03-18 08:14:00,003 [INFO]   S2 Ep  35/100  train 1.0833 / 71.4%  val 1.1383 / 89.6%  lr 2.32e-05  GeM_p=1.84    48s
2026-03-18 08:14:00,004 [INFO]   Early stopping at S2 epoch 35
2026-03-18 08:14:00,004 [INFO]   Fold 1 best val acc: 90.71%
2026-03-18 08:14:00,310 [INFO] ================================================================
2026-03-18 08:14:00,310 [INFO] FOLD 2 / 5
2026-03-18 08:14:00,310 [INFO] ================================================================
2026-03-18 08:14:00,313 [INFO]   Train: 11793 (labeled only, no PL)  |  Val: 2949
2026-03-18 08:14:00,522 [INFO] Loading pretrained weights from Hugging Face hub (timm/convnextv2_tiny.fcmae_ft_in22k_in1k)
2026-03-18 08:14:00,653 [INFO] HTTP Request: HEAD https://huggingface.co/timm/convnextv2_tiny.fcmae_ft_in22k_in1k/resolve/main/model.safetensors "HTTP/1.1 302 Found"
2026-03-18 08:14:00,654 [INFO] [timm/convnextv2_tiny.fcmae_ft_in22k_in1k] Safe alternative available for 'pytorch_model.bin' (as 'model.safetensors'). Loading weights using safetensors.
2026-03-18 08:14:00,670 [INFO] Missing keys (head.fc.weight, head.fc.bias) discovered while loading pretrained weights. This is expected if model is being adapted.
2026-03-18 08:14:00,777 [INFO]   Born-again ← best_fold1.pt (val 89.69%)
2026-03-18 08:14:00,777 [INFO] ── Stage 1: head-only warmup (5 epochs, no mix, no SAM) ──
2026-03-18 08:14:08,880 [INFO]   S1 Ep  1/5  train 0.4826 / 97.5%  val 1.1524 / 89.6%    8s
2026-03-18 08:14:09,004 [INFO]   ★ best 89.62%
2026-03-18 08:14:16,520 [INFO]   S1 Ep  2/5  train 0.4842 / 97.7%  val 1.1510 / 89.5%    8s
2026-03-18 08:14:24,081 [INFO]   S1 Ep  3/5  train 0.4863 / 97.4%  val 1.1525 / 89.6%    8s
2026-03-18 08:14:31,720 [INFO]   S1 Ep  4/5  train 0.4801 / 97.6%  val 1.1509 / 89.6%    8s
2026-03-18 08:14:39,365 [INFO]   S1 Ep  5/5  train 0.4794 / 97.5%  val 1.1517 / 89.7%    8s
2026-03-18 08:14:39,542 [INFO]   ★ best 89.69%
2026-03-18 08:14:39,542 [INFO] Stage 1 done — best val: 89.69%
2026-03-18 08:14:39,542 [INFO] ── Stage 2: full fine-tune + SAM + LLRD (100 epochs, patience 35) ──
2026-03-18 08:14:39,544 [INFO] LLRD: 12 groups, LR [9.83e-06 … 3.00e-05]
2026-03-18 08:15:27,807 [INFO]   S2 Ep   1/100  train 1.0691 / 71.8%  val 1.1664 / 89.2%  lr 3.95e-06  GeM_p=1.84    48s
2026-03-18 08:16:16,074 [INFO]   S2 Ep   2/100  train 1.0444 / 73.0%  val 1.1580 / 89.1%  lr 1.12e-05  GeM_p=1.84    48s
2026-03-18 08:17:04,337 [INFO]   S2 Ep   3/100  train 1.0771 / 72.2%  val 1.1701 / 88.7%  lr 2.01e-05  GeM_p=1.84    48s
2026-03-18 08:17:52,617 [INFO]   S2 Ep   4/100  train 1.0235 / 74.0%  val 1.1643 / 88.5%  lr 2.73e-05  GeM_p=1.84    48s
2026-03-18 08:18:40,865 [INFO]   S2 Ep   5/100  train 1.0960 / 71.0%  val 1.1631 / 88.4%  lr 3.00e-05  GeM_p=1.84    48s
2026-03-18 08:19:29,095 [INFO]   S2 Ep   6/100  train 1.1033 / 70.4%  val 1.1637 / 88.7%  lr 3.00e-05  GeM_p=1.84    48s
2026-03-18 08:20:17,339 [INFO]   S2 Ep   7/100  train 1.0789 / 71.3%  val 1.1724 / 88.8%  lr 3.00e-05  GeM_p=1.84    48s
2026-03-18 08:21:05,607 [INFO]   S2 Ep   8/100  train 1.0874 / 71.0%  val 1.1679 / 88.7%  lr 2.99e-05  GeM_p=1.85    48s
2026-03-18 08:21:53,877 [INFO]   S2 Ep   9/100  train 1.0794 / 72.4%  val 1.1655 / 88.7%  lr 2.99e-05  GeM_p=1.85    48s
2026-03-18 08:22:42,126 [INFO]   S2 Ep  10/100  train 1.1155 / 70.1%  val 1.1769 / 88.4%  lr 2.98e-05  GeM_p=1.85    48s
2026-03-18 08:23:30,357 [INFO]   S2 Ep  11/100  train 1.0645 / 72.5%  val 1.1727 / 88.2%  lr 2.97e-05  GeM_p=1.85    48s
2026-03-18 08:24:18,575 [INFO]   S2 Ep  12/100  train 1.0299 / 74.4%  val 1.1722 / 88.6%  lr 2.96e-05  GeM_p=1.85    48s
2026-03-18 08:25:06,835 [INFO]   S2 Ep  13/100  train 1.1036 / 70.5%  val 1.1747 / 88.6%  lr 2.95e-05  GeM_p=1.85    48s
2026-03-18 08:25:55,062 [INFO]   S2 Ep  14/100  train 1.1115 / 70.2%  val 1.1710 / 88.8%  lr 2.93e-05  GeM_p=1.85    48s
2026-03-18 08:26:43,310 [INFO]   S2 Ep  15/100  train 1.1417 / 68.8%  val 1.1794 / 88.3%  lr 2.92e-05  GeM_p=1.85    48s
2026-03-18 08:27:31,574 [INFO]   S2 Ep  16/100  train 1.0332 / 74.5%  val 1.1823 / 88.2%  lr 2.90e-05  GeM_p=1.85    48s
2026-03-18 08:28:19,849 [INFO]   S2 Ep  17/100  train 1.0678 / 72.3%  val 1.1749 / 88.5%  lr 2.88e-05  GeM_p=1.85    48s
2026-03-18 08:29:08,093 [INFO]   S2 Ep  18/100  train 1.1034 / 70.5%  val 1.1723 / 88.4%  lr 2.86e-05  GeM_p=1.85    48s
2026-03-18 08:29:56,376 [INFO]   S2 Ep  19/100  train 1.0994 / 71.0%  val 1.1876 / 88.0%  lr 2.84e-05  GeM_p=1.85    48s
2026-03-18 08:30:44,606 [INFO]   S2 Ep  20/100  train 1.0771 / 72.0%  val 1.1730 / 88.4%  lr 2.82e-05  GeM_p=1.85    48s
2026-03-18 08:31:33,016 [INFO]   S2 Ep  21/100  train 1.0512 / 73.3%  val 1.1868 / 88.0%  lr 2.79e-05  GeM_p=1.85    48s
2026-03-18 08:32:21,223 [INFO]   S2 Ep  22/100  train 1.0630 / 72.7%  val 1.1725 / 88.6%  lr 2.77e-05  GeM_p=1.85    48s
2026-03-18 08:33:09,415 [INFO]   S2 Ep  23/100  train 1.0680 / 72.6%  val 1.1635 / 88.1%  lr 2.74e-05  GeM_p=1.85    48s
2026-03-18 08:33:57,648 [INFO]   S2 Ep  24/100  train 1.0578 / 72.4%  val 1.1752 / 88.4%  lr 2.71e-05  GeM_p=1.85    48s
2026-03-18 08:34:45,895 [INFO]   S2 Ep  25/100  train 1.0577 / 72.7%  val 1.1753 / 88.5%  lr 2.68e-05  GeM_p=1.85    48s
2026-03-18 08:35:34,127 [INFO]   S2 Ep  26/100  train 1.0795 / 72.2%  val 1.1823 / 88.1%  lr 2.65e-05  GeM_p=1.85    48s
2026-03-18 08:36:22,362 [INFO]   S2 Ep  27/100  train 1.0723 / 71.9%  val 1.1780 / 88.1%  lr 2.62e-05  GeM_p=1.85    48s
2026-03-18 08:37:10,602 [INFO]   S2 Ep  28/100  train 1.1098 / 70.4%  val 1.1869 / 88.0%  lr 2.59e-05  GeM_p=1.85    48s
2026-03-18 08:37:58,842 [INFO]   S2 Ep  29/100  train 1.0380 / 74.0%  val 1.1778 / 88.5%  lr 2.55e-05  GeM_p=1.85    48s
2026-03-18 08:38:47,058 [INFO]   S2 Ep  30/100  train 1.0720 / 72.3%  val 1.1751 / 88.5%  lr 2.52e-05  GeM_p=1.85    48s
2026-03-18 08:39:35,311 [INFO]   S2 Ep  31/100  train 1.0729 / 72.1%  val 1.1831 / 88.2%  lr 2.48e-05  GeM_p=1.85    48s
2026-03-18 08:40:23,523 [INFO]   S2 Ep  32/100  train 1.1069 / 69.7%  val 1.1862 / 88.1%  lr 2.44e-05  GeM_p=1.85    48s
2026-03-18 08:41:11,730 [INFO]   S2 Ep  33/100  train 1.0648 / 72.4%  val 1.1869 / 88.3%  lr 2.40e-05  GeM_p=1.85    48s
2026-03-18 08:42:00,001 [INFO]   S2 Ep  34/100  train 1.0613 / 72.6%  val 1.1897 / 88.0%  lr 2.36e-05  GeM_p=1.85    48s
2026-03-18 08:42:48,235 [INFO]   S2 Ep  35/100  train 1.0624 / 72.5%  val 1.1959 / 87.7%  lr 2.32e-05  GeM_p=1.85    48s
2026-03-18 08:42:48,243 [INFO]   Early stopping at S2 epoch 35
2026-03-18 08:42:48,243 [INFO]   Fold 2 best val acc: 89.69%
2026-03-18 08:42:48,530 [INFO] ================================================================
2026-03-18 08:42:48,535 [INFO] FOLD 3 / 5
2026-03-18 08:42:48,535 [INFO] ================================================================
2026-03-18 08:42:48,538 [INFO]   Train: 11794 (labeled only, no PL)  |  Val: 2948
2026-03-18 08:42:48,763 [INFO] Loading pretrained weights from Hugging Face hub (timm/convnextv2_tiny.fcmae_ft_in22k_in1k)
2026-03-18 08:42:48,877 [INFO] HTTP Request: HEAD https://huggingface.co/timm/convnextv2_tiny.fcmae_ft_in22k_in1k/resolve/main/model.safetensors "HTTP/1.1 302 Found"
2026-03-18 08:42:48,878 [INFO] [timm/convnextv2_tiny.fcmae_ft_in22k_in1k] Safe alternative available for 'pytorch_model.bin' (as 'model.safetensors'). Loading weights using safetensors.
2026-03-18 08:42:48,893 [INFO] Missing keys (head.fc.weight, head.fc.bias) discovered while loading pretrained weights. This is expected if model is being adapted.
2026-03-18 08:42:49,027 [INFO]   Born-again ← best_fold2.pt (val 91.25%)
2026-03-18 08:42:49,028 [INFO] ── Stage 1: head-only warmup (5 epochs, no mix, no SAM) ──
2026-03-18 08:43:02,233 [INFO]   S1 Ep  1/5  train 0.4850 / 97.0%  val 1.0910 / 90.8%    13s
2026-03-18 08:43:02,355 [INFO]   ★ best 90.81%
2026-03-18 08:43:09,874 [INFO]   S1 Ep  2/5  train 0.4888 / 97.3%  val 1.0920 / 90.8%    8s
2026-03-18 08:43:17,394 [INFO]   S1 Ep  3/5  train 0.4853 / 97.2%  val 1.0899 / 90.8%    8s
2026-03-18 08:43:17,541 [INFO]   ★ best 90.84%
2026-03-18 08:43:25,212 [INFO]   S1 Ep  4/5  train 0.4858 / 97.1%  val 1.0905 / 90.9%    8s
2026-03-18 08:43:25,356 [INFO]   ★ best 90.94%
2026-03-18 08:43:32,798 [INFO]   S1 Ep  5/5  train 0.4840 / 97.2%  val 1.0897 / 90.9%    7s
2026-03-18 08:43:32,798 [INFO] Stage 1 done — best val: 90.94%
2026-03-18 08:43:32,798 [INFO] ── Stage 2: full fine-tune + SAM + LLRD (100 epochs, patience 35) ──
2026-03-18 08:43:32,799 [INFO] LLRD: 12 groups, LR [9.83e-06 … 3.00e-05]
2026-03-18 08:44:21,024 [INFO]   S2 Ep   1/100  train 1.0807 / 71.4%  val 1.1024 / 90.9%  lr 3.95e-06  GeM_p=1.83    48s
2026-03-18 08:45:09,218 [INFO]   S2 Ep   2/100  train 1.0666 / 71.6%  val 1.1080 / 90.6%  lr 1.12e-05  GeM_p=1.83    48s
2026-03-18 08:45:57,443 [INFO]   S2 Ep   3/100  train 1.0761 / 71.6%  val 1.1123 / 90.2%  lr 2.01e-05  GeM_p=1.83    48s
2026-03-18 08:46:45,682 [INFO]   S2 Ep   4/100  train 1.0681 / 72.5%  val 1.1147 / 90.5%  lr 2.73e-05  GeM_p=1.83    48s
2026-03-18 08:47:33,869 [INFO]   S2 Ep   5/100  train 1.0805 / 71.6%  val 1.1196 / 89.9%  lr 3.00e-05  GeM_p=1.83    48s
2026-03-18 08:48:22,047 [INFO]   S2 Ep   6/100  train 1.0865 / 71.0%  val 1.1138 / 89.6%  lr 3.00e-05  GeM_p=1.83    48s
2026-03-18 08:49:10,249 [INFO]   S2 Ep   7/100  train 1.1034 / 70.5%  val 1.1246 / 90.0%  lr 3.00e-05  GeM_p=1.83    48s
2026-03-18 08:49:58,457 [INFO]   S2 Ep   8/100  train 1.0870 / 71.3%  val 1.1230 / 89.5%  lr 2.99e-05  GeM_p=1.83    48s
2026-03-18 08:50:46,677 [INFO]   S2 Ep   9/100  train 1.0968 / 70.8%  val 1.1317 / 89.8%  lr 2.99e-05  GeM_p=1.83    48s
2026-03-18 08:51:34,900 [INFO]   S2 Ep  10/100  train 1.0752 / 72.1%  val 1.1263 / 89.7%  lr 2.98e-05  GeM_p=1.83    48s
2026-03-18 08:52:23,096 [INFO]   S2 Ep  11/100  train 1.1029 / 70.3%  val 1.1157 / 90.2%  lr 2.97e-05  GeM_p=1.83    48s
2026-03-18 08:53:11,308 [INFO]   S2 Ep  12/100  train 1.1425 / 68.6%  val 1.1411 / 89.3%  lr 2.96e-05  GeM_p=1.83    48s
2026-03-18 08:53:59,516 [INFO]   S2 Ep  13/100  train 1.0364 / 73.6%  val 1.1171 / 89.9%  lr 2.95e-05  GeM_p=1.83    48s
2026-03-18 08:54:47,832 [INFO]   S2 Ep  14/100  train 1.0969 / 70.3%  val 1.1222 / 89.6%  lr 2.93e-05  GeM_p=1.83    48s
2026-03-18 08:55:35,980 [INFO]   S2 Ep  15/100  train 1.0931 / 71.0%  val 1.1374 / 89.1%  lr 2.92e-05  GeM_p=1.83    48s
2026-03-18 08:56:24,188 [INFO]   S2 Ep  16/100  train 1.0630 / 72.5%  val 1.1285 / 89.8%  lr 2.90e-05  GeM_p=1.83    48s
2026-03-18 08:57:12,358 [INFO]   S2 Ep  17/100  train 1.1193 / 69.2%  val 1.1437 / 89.3%  lr 2.88e-05  GeM_p=1.83    48s
2026-03-18 08:58:00,550 [INFO]   S2 Ep  18/100  train 1.1013 / 70.7%  val 1.1292 / 89.9%  lr 2.86e-05  GeM_p=1.83    48s
2026-03-18 08:58:48,756 [INFO]   S2 Ep  19/100  train 1.1100 / 69.9%  val 1.1255 / 89.8%  lr 2.84e-05  GeM_p=1.83    48s
2026-03-18 08:59:36,985 [INFO]   S2 Ep  20/100  train 1.0740 / 72.0%  val 1.1395 / 89.5%  lr 2.82e-05  GeM_p=1.83    48s
2026-03-18 09:00:25,224 [INFO]   S2 Ep  21/100  train 1.0707 / 72.2%  val 1.1269 / 90.0%  lr 2.79e-05  GeM_p=1.83    48s
2026-03-18 09:01:13,446 [INFO]   S2 Ep  22/100  train 1.1053 / 70.4%  val 1.1354 / 89.6%  lr 2.77e-05  GeM_p=1.83    48s
2026-03-18 09:02:01,653 [INFO]   S2 Ep  23/100  train 1.0855 / 71.8%  val 1.1302 / 89.6%  lr 2.74e-05  GeM_p=1.83    48s
2026-03-18 09:02:49,870 [INFO]   S2 Ep  24/100  train 1.0999 / 70.6%  val 1.1307 / 89.5%  lr 2.71e-05  GeM_p=1.83    48s
2026-03-18 09:03:38,074 [INFO]   S2 Ep  25/100  train 1.1024 / 70.6%  val 1.1419 / 89.2%  lr 2.68e-05  GeM_p=1.83    48s
2026-03-18 09:04:26,278 [INFO]   S2 Ep  26/100  train 1.0476 / 72.9%  val 1.1351 / 89.5%  lr 2.65e-05  GeM_p=1.83    48s
2026-03-18 09:05:14,482 [INFO]   S2 Ep  27/100  train 1.1060 / 69.7%  val 1.1270 / 90.1%  lr 2.62e-05  GeM_p=1.83    48s
2026-03-18 09:06:02,718 [INFO]   S2 Ep  28/100  train 1.1053 / 70.6%  val 1.1473 / 89.2%  lr 2.59e-05  GeM_p=1.83    48s
2026-03-18 09:06:50,928 [INFO]   S2 Ep  29/100  train 1.0842 / 70.9%  val 1.1353 / 89.2%  lr 2.55e-05  GeM_p=1.83    48s
2026-03-18 09:07:39,161 [INFO]   S2 Ep  30/100  train 1.0411 / 74.0%  val 1.1357 / 89.4%  lr 2.52e-05  GeM_p=1.83    48s
2026-03-18 09:08:27,314 [INFO]   S2 Ep  31/100  train 1.0759 / 71.5%  val 1.1280 / 89.5%  lr 2.48e-05  GeM_p=1.83    48s
2026-03-18 09:09:15,494 [INFO]   S2 Ep  32/100  train 1.0750 / 71.3%  val 1.1252 / 89.8%  lr 2.44e-05  GeM_p=1.83    48s
2026-03-18 09:10:03,706 [INFO]   S2 Ep  33/100  train 1.0406 / 74.1%  val 1.1329 / 89.8%  lr 2.40e-05  GeM_p=1.83    48s
2026-03-18 09:10:51,731 [INFO]   S2 Ep  34/100  train 1.0585 / 72.5%  val 1.1396 / 89.3%  lr 2.36e-05  GeM_p=1.83    48s
2026-03-18 09:11:39,765 [INFO]   S2 Ep  35/100  train 1.0513 / 73.0%  val 1.1459 / 88.7%  lr 2.32e-05  GeM_p=1.83    48s
2026-03-18 09:11:39,766 [INFO]   Early stopping at S2 epoch 35
2026-03-18 09:11:39,766 [INFO]   Fold 3 best val acc: 90.94%
2026-03-18 09:11:40,130 [INFO] ================================================================
2026-03-18 09:11:40,130 [INFO] FOLD 4 / 5
2026-03-18 09:11:40,130 [INFO] ================================================================
2026-03-18 09:11:40,132 [INFO]   Train: 11794 (labeled only, no PL)  |  Val: 2948
2026-03-18 09:11:40,334 [INFO] Loading pretrained weights from Hugging Face hub (timm/convnextv2_tiny.fcmae_ft_in22k_in1k)
2026-03-18 09:11:45,402 [INFO] HTTP Request: HEAD https://huggingface.co/timm/convnextv2_tiny.fcmae_ft_in22k_in1k/resolve/main/model.safetensors "HTTP/1.1 302 Found"
2026-03-18 09:11:45,404 [INFO] [timm/convnextv2_tiny.fcmae_ft_in22k_in1k] Safe alternative available for 'pytorch_model.bin' (as 'model.safetensors'). Loading weights using safetensors.
2026-03-18 09:11:45,418 [INFO] Missing keys (head.fc.weight, head.fc.bias) discovered while loading pretrained weights. This is expected if model is being adapted.
2026-03-18 09:11:45,624 [INFO]   Born-again ← best_fold3.pt (val 90.98%)
2026-03-18 09:11:45,625 [INFO] ── Stage 1: head-only warmup (5 epochs, no mix, no SAM) ──
2026-03-18 09:11:53,709 [INFO]   S1 Ep  1/5  train 0.4767 / 97.9%  val 1.1017 / 90.9%    8s
2026-03-18 09:11:53,829 [INFO]   ★ best 90.88%
2026-03-18 09:12:01,336 [INFO]   S1 Ep  2/5  train 0.4823 / 97.5%  val 1.1013 / 90.7%    8s
2026-03-18 09:12:08,785 [INFO]   S1 Ep  3/5  train 0.4815 / 97.6%  val 1.1012 / 90.7%    7s
2026-03-18 09:12:16,250 [INFO]   S1 Ep  4/5  train 0.4790 / 97.4%  val 1.1014 / 90.8%    7s
2026-03-18 09:12:23,721 [INFO]   S1 Ep  5/5  train 0.4764 / 97.6%  val 1.1005 / 90.8%    7s
2026-03-18 09:12:23,722 [INFO] Stage 1 done — best val: 90.88%
2026-03-18 09:12:23,722 [INFO] ── Stage 2: full fine-tune + SAM + LLRD (100 epochs, patience 35) ──
2026-03-18 09:12:23,723 [INFO] LLRD: 12 groups, LR [9.83e-06 … 3.00e-05]
2026-03-18 09:13:11,798 [INFO]   S2 Ep   1/100  train 1.0321 / 72.9%  val 1.1141 / 90.5%  lr 3.95e-06  GeM_p=1.83    48s
2026-03-18 09:13:59,794 [INFO]   S2 Ep   2/100  train 1.0325 / 73.3%  val 1.1154 / 90.5%  lr 1.12e-05  GeM_p=1.83    48s
2026-03-18 09:14:47,809 [INFO]   S2 Ep   3/100  train 1.0405 / 73.6%  val 1.1072 / 90.2%  lr 2.01e-05  GeM_p=1.83    48s
2026-03-18 09:15:35,845 [INFO]   S2 Ep   4/100  train 1.0443 / 73.0%  val 1.1256 / 89.7%  lr 2.73e-05  GeM_p=1.83    48s
2026-03-18 09:16:23,881 [INFO]   S2 Ep   5/100  train 1.0541 / 72.3%  val 1.1220 / 90.0%  lr 3.00e-05  GeM_p=1.84    48s
2026-03-18 09:17:12,024 [INFO]   S2 Ep   6/100  train 1.0536 / 72.2%  val 1.1293 / 89.5%  lr 3.00e-05  GeM_p=1.84    48s
2026-03-18 09:18:00,071 [INFO]   S2 Ep   7/100  train 1.0823 / 71.2%  val 1.1282 / 89.6%  lr 3.00e-05  GeM_p=1.84    48s
2026-03-18 09:18:48,101 [INFO]   S2 Ep   8/100  train 1.1139 / 70.0%  val 1.1259 / 89.5%  lr 2.99e-05  GeM_p=1.84    48s
2026-03-18 09:19:36,098 [INFO]   S2 Ep   9/100  train 1.1120 / 70.1%  val 1.1235 / 89.6%  lr 2.99e-05  GeM_p=1.84    48s
2026-03-18 09:20:24,057 [INFO]   S2 Ep  10/100  train 1.0934 / 71.0%  val 1.1489 / 88.7%  lr 2.98e-05  GeM_p=1.84    48s
2026-03-18 09:21:12,076 [INFO]   S2 Ep  11/100  train 1.0609 / 72.2%  val 1.1377 / 89.0%  lr 2.97e-05  GeM_p=1.84    48s
2026-03-18 09:22:00,064 [INFO]   S2 Ep  12/100  train 1.0859 / 71.4%  val 1.1327 / 89.4%  lr 2.96e-05  GeM_p=1.84    48s
2026-03-18 09:22:48,047 [INFO]   S2 Ep  13/100  train 1.1035 / 69.6%  val 1.1446 / 89.1%  lr 2.95e-05  GeM_p=1.84    48s
2026-03-18 09:23:36,029 [INFO]   S2 Ep  14/100  train 1.1000 / 70.5%  val 1.1305 / 89.3%  lr 2.93e-05  GeM_p=1.84    48s
2026-03-18 09:24:24,037 [INFO]   S2 Ep  15/100  train 1.1301 / 69.1%  val 1.1303 / 89.5%  lr 2.92e-05  GeM_p=1.84    48s
2026-03-18 09:25:12,036 [INFO]   S2 Ep  16/100  train 1.1104 / 70.3%  val 1.1286 / 89.3%  lr 2.90e-05  GeM_p=1.84    48s
2026-03-18 09:26:00,018 [INFO]   S2 Ep  17/100  train 1.0971 / 70.6%  val 1.1317 / 89.6%  lr 2.88e-05  GeM_p=1.84    48s
2026-03-18 09:26:47,990 [INFO]   S2 Ep  18/100  train 1.0624 / 72.2%  val 1.1515 / 89.0%  lr 2.86e-05  GeM_p=1.84    48s
2026-03-18 09:27:35,984 [INFO]   S2 Ep  19/100  train 1.0814 / 72.3%  val 1.1246 / 89.6%  lr 2.84e-05  GeM_p=1.84    48s
2026-03-18 09:28:23,975 [INFO]   S2 Ep  20/100  train 1.0843 / 71.6%  val 1.1232 / 89.9%  lr 2.82e-05  GeM_p=1.84    48s
2026-03-18 09:29:11,944 [INFO]   S2 Ep  21/100  train 1.0756 / 71.9%  val 1.1367 / 89.4%  lr 2.79e-05  GeM_p=1.84    48s
2026-03-18 09:29:59,970 [INFO]   S2 Ep  22/100  train 1.0499 / 72.7%  val 1.1389 / 89.2%  lr 2.77e-05  GeM_p=1.84    48s
2026-03-18 09:30:47,954 [INFO]   S2 Ep  23/100  train 1.0558 / 71.7%  val 1.1275 / 89.5%  lr 2.74e-05  GeM_p=1.84    48s
2026-03-18 09:31:35,917 [INFO]   S2 Ep  24/100  train 1.0742 / 72.6%  val 1.1416 / 88.9%  lr 2.71e-05  GeM_p=1.84    48s
2026-03-18 09:32:23,891 [INFO]   S2 Ep  25/100  train 1.0733 / 71.6%  val 1.1330 / 89.3%  lr 2.68e-05  GeM_p=1.84    48s
2026-03-18 09:33:11,877 [INFO]   S2 Ep  26/100  train 1.0639 / 72.6%  val 1.1382 / 89.4%  lr 2.65e-05  GeM_p=1.84    48s
2026-03-18 09:33:59,892 [INFO]   S2 Ep  27/100  train 1.0768 / 71.6%  val 1.1309 / 89.2%  lr 2.62e-05  GeM_p=1.84    48s
2026-03-18 09:34:47,890 [INFO]   S2 Ep  28/100  train 1.0888 / 70.9%  val 1.1278 / 89.8%  lr 2.59e-05  GeM_p=1.84    48s
2026-03-18 09:35:35,948 [INFO]   S2 Ep  29/100  train 1.0826 / 71.5%  val 1.1405 / 89.5%  lr 2.55e-05  GeM_p=1.84    48s
2026-03-18 09:36:23,957 [INFO]   S2 Ep  30/100  train 1.0859 / 71.6%  val 1.1310 / 90.0%  lr 2.52e-05  GeM_p=1.84    48s
2026-03-18 09:37:11,975 [INFO]   S2 Ep  31/100  train 1.0965 / 70.1%  val 1.1373 / 89.4%  lr 2.48e-05  GeM_p=1.84    48s
2026-03-18 09:37:59,941 [INFO]   S2 Ep  32/100  train 1.0598 / 72.2%  val 1.1440 / 89.1%  lr 2.44e-05  GeM_p=1.84    48s
2026-03-18 09:38:47,918 [INFO]   S2 Ep  33/100  train 1.0500 / 73.3%  val 1.1356 / 89.5%  lr 2.40e-05  GeM_p=1.84    48s
2026-03-18 09:39:35,925 [INFO]   S2 Ep  34/100  train 1.0273 / 74.2%  val 1.1452 / 88.8%  lr 2.36e-05  GeM_p=1.84    48s
2026-03-18 09:40:24,040 [INFO]   S2 Ep  35/100  train 1.0615 / 72.3%  val 1.1398 / 88.9%  lr 2.32e-05  GeM_p=1.84    48s
2026-03-18 09:40:24,040 [INFO]   Early stopping at S2 epoch 35
2026-03-18 09:40:24,040 [INFO]   Fold 4 best val acc: 90.88%
2026-03-18 09:40:24,332 [INFO] ================================================================
2026-03-18 09:40:24,333 [INFO] FOLD 5 / 5
2026-03-18 09:40:24,333 [INFO] ================================================================
2026-03-18 09:40:24,335 [INFO]   Train: 11794 (labeled only, no PL)  |  Val: 2948
2026-03-18 09:40:24,552 [INFO] Loading pretrained weights from Hugging Face hub (timm/convnextv2_tiny.fcmae_ft_in22k_in1k)
2026-03-18 09:40:24,633 [INFO] HTTP Request: HEAD https://huggingface.co/timm/convnextv2_tiny.fcmae_ft_in22k_in1k/resolve/main/model.safetensors "HTTP/1.1 302 Found"
2026-03-18 09:40:24,634 [INFO] [timm/convnextv2_tiny.fcmae_ft_in22k_in1k] Safe alternative available for 'pytorch_model.bin' (as 'model.safetensors'). Loading weights using safetensors.
2026-03-18 09:40:24,648 [INFO] Missing keys (head.fc.weight, head.fc.bias) discovered while loading pretrained weights. This is expected if model is being adapted.
2026-03-18 09:40:24,754 [INFO]   Born-again ← best_fold4.pt (val 89.08%)
2026-03-18 09:40:24,754 [INFO] ── Stage 1: head-only warmup (5 epochs, no mix, no SAM) ──
2026-03-18 09:40:33,239 [INFO]   S1 Ep  1/5  train 0.5548 / 93.7%  val 1.1568 / 88.9%    8s
2026-03-18 09:40:33,373 [INFO]   ★ best 88.91%
2026-03-18 09:40:41,132 [INFO]   S1 Ep  2/5  train 0.5603 / 93.8%  val 1.1575 / 88.8%    8s
2026-03-18 09:40:48,940 [INFO]   S1 Ep  3/5  train 0.5590 / 93.6%  val 1.1608 / 88.8%    8s
2026-03-18 09:40:56,633 [INFO]   S1 Ep  4/5  train 0.5538 / 93.6%  val 1.1564 / 88.7%    8s
2026-03-18 09:41:04,424 [INFO]   S1 Ep  5/5  train 0.5439 / 94.3%  val 1.1555 / 88.9%    8s
2026-03-18 09:41:04,424 [INFO] Stage 1 done — best val: 88.91%
2026-03-18 09:41:04,424 [INFO] ── Stage 2: full fine-tune + SAM + LLRD (100 epochs, patience 35) ──
2026-03-18 09:41:04,425 [INFO] LLRD: 12 groups, LR [9.83e-06 … 3.00e-05]
2026-03-18 09:41:52,485 [INFO]   S2 Ep   1/100  train 1.2122 / 66.5%  val 1.1690 / 88.2%  lr 3.95e-06  GeM_p=1.98    48s
2026-03-18 09:42:40,542 [INFO]   S2 Ep   2/100  train 1.2281 / 65.1%  val 1.1755 / 88.1%  lr 1.12e-05  GeM_p=1.98    48s
2026-03-18 09:43:28,588 [INFO]   S2 Ep   3/100  train 1.1889 / 66.5%  val 1.1781 / 88.1%  lr 2.01e-05  GeM_p=1.98    48s
2026-03-18 09:44:16,608 [INFO]   S2 Ep   4/100  train 1.2208 / 65.4%  val 1.1827 / 87.7%  lr 2.73e-05  GeM_p=1.98    48s
2026-03-18 09:45:04,624 [INFO]   S2 Ep   5/100  train 1.1868 / 67.3%  val 1.1886 / 86.8%  lr 3.00e-05  GeM_p=1.98    48s
2026-03-18 09:45:52,657 [INFO]   S2 Ep   6/100  train 1.1934 / 67.2%  val 1.1792 / 87.3%  lr 3.00e-05  GeM_p=1.98    48s
2026-03-18 09:46:40,738 [INFO]   S2 Ep   7/100  train 1.2387 / 64.9%  val 1.1856 / 87.2%  lr 3.00e-05  GeM_p=1.98    48s
2026-03-18 09:47:28,804 [INFO]   S2 Ep   8/100  train 1.1608 / 68.6%  val 1.1797 / 87.2%  lr 2.99e-05  GeM_p=1.98    48s
2026-03-18 09:48:16,861 [INFO]   S2 Ep   9/100  train 1.1702 / 68.7%  val 1.1769 / 87.9%  lr 2.99e-05  GeM_p=1.98    48s
2026-03-18 09:49:04,883 [INFO]   S2 Ep  10/100  train 1.1404 / 69.7%  val 1.1888 / 87.1%  lr 2.98e-05  GeM_p=1.98    48s
2026-03-18 09:49:52,879 [INFO]   S2 Ep  11/100  train 1.2022 / 66.7%  val 1.1865 / 87.1%  lr 2.97e-05  GeM_p=1.98    48s
2026-03-18 09:50:40,852 [INFO]   S2 Ep  12/100  train 1.2088 / 66.5%  val 1.1820 / 87.4%  lr 2.96e-05  GeM_p=1.98    48s
2026-03-18 09:51:28,845 [INFO]   S2 Ep  13/100  train 1.2351 / 65.4%  val 1.1845 / 87.7%  lr 2.95e-05  GeM_p=1.98    48s
2026-03-18 09:52:16,840 [INFO]   S2 Ep  14/100  train 1.2057 / 66.8%  val 1.1767 / 87.3%  lr 2.93e-05  GeM_p=1.98    48s
2026-03-18 09:53:04,849 [INFO]   S2 Ep  15/100  train 1.2215 / 65.9%  val 1.1780 / 87.5%  lr 2.92e-05  GeM_p=1.98    48s
2026-03-18 09:53:52,853 [INFO]   S2 Ep  16/100  train 1.1731 / 68.4%  val 1.1978 / 86.8%  lr 2.90e-05  GeM_p=1.98    48s
2026-03-18 09:54:40,840 [INFO]   S2 Ep  17/100  train 1.2145 / 66.6%  val 1.1902 / 87.3%  lr 2.88e-05  GeM_p=1.98    48s
2026-03-18 09:55:28,869 [INFO]   S2 Ep  18/100  train 1.2063 / 67.2%  val 1.1774 / 87.1%  lr 2.86e-05  GeM_p=1.98    48s
2026-03-18 09:56:16,867 [INFO]   S2 Ep  19/100  train 1.1636 / 68.8%  val 1.1779 / 87.7%  lr 2.84e-05  GeM_p=1.98    48s
2026-03-18 09:57:04,849 [INFO]   S2 Ep  20/100  train 1.2058 / 67.2%  val 1.1742 / 88.0%  lr 2.82e-05  GeM_p=1.98    48s
2026-03-18 09:57:52,846 [INFO]   S2 Ep  21/100  train 1.1952 / 67.3%  val 1.1741 / 87.6%  lr 2.79e-05  GeM_p=1.98    48s
2026-03-18 09:58:40,869 [INFO]   S2 Ep  22/100  train 1.1198 / 70.9%  val 1.1756 / 87.8%  lr 2.77e-05  GeM_p=1.98    48s
2026-03-18 09:59:28,872 [INFO]   S2 Ep  23/100  train 1.1752 / 68.6%  val 1.1792 / 88.1%  lr 2.74e-05  GeM_p=1.98    48s
2026-03-18 10:00:16,898 [INFO]   S2 Ep  24/100  train 1.1391 / 69.8%  val 1.1807 / 87.2%  lr 2.71e-05  GeM_p=1.98    48s
2026-03-18 10:01:04,907 [INFO]   S2 Ep  25/100  train 1.1818 / 67.7%  val 1.1780 / 87.5%  lr 2.68e-05  GeM_p=1.98    48s
2026-03-18 10:01:52,900 [INFO]   S2 Ep  26/100  train 1.1706 / 68.0%  val 1.1957 / 87.1%  lr 2.65e-05  GeM_p=1.98    48s
2026-03-18 10:02:40,926 [INFO]   S2 Ep  27/100  train 1.1669 / 68.3%  val 1.1893 / 86.7%  lr 2.62e-05  GeM_p=1.98    48s
2026-03-18 10:03:29,030 [INFO]   S2 Ep  28/100  train 1.1508 / 68.9%  val 1.1778 / 87.1%  lr 2.59e-05  GeM_p=1.98    48s
2026-03-18 10:04:17,052 [INFO]   S2 Ep  29/100  train 1.1815 / 67.8%  val 1.1820 / 87.3%  lr 2.55e-05  GeM_p=1.98    48s
2026-03-18 10:05:05,092 [INFO]   S2 Ep  30/100  train 1.1562 / 68.7%  val 1.1816 / 87.3%  lr 2.52e-05  GeM_p=1.98    48s
2026-03-18 10:05:53,083 [INFO]   S2 Ep  31/100  train 1.1433 / 70.1%  val 1.1976 / 87.3%  lr 2.48e-05  GeM_p=1.98    48s
2026-03-18 10:06:41,111 [INFO]   S2 Ep  32/100  train 1.1615 / 69.1%  val 1.1832 / 87.7%  lr 2.44e-05  GeM_p=1.98    48s
2026-03-18 10:07:29,140 [INFO]   S2 Ep  33/100  train 1.1903 / 67.6%  val 1.1854 / 87.4%  lr 2.40e-05  GeM_p=1.98    48s
2026-03-18 10:08:17,151 [INFO]   S2 Ep  34/100  train 1.1422 / 69.7%  val 1.1850 / 87.5%  lr 2.36e-05  GeM_p=1.97    48s
2026-03-18 10:09:05,156 [INFO]   S2 Ep  35/100  train 1.1248 / 70.6%  val 1.1803 / 87.6%  lr 2.32e-05  GeM_p=1.97    48s
2026-03-18 10:09:05,156 [INFO]   Early stopping at S2 epoch 35
2026-03-18 10:09:05,156 [INFO]   Fold 5 best val acc: 88.91%
2026-03-18 10:09:05,509 [INFO] ================================================================
2026-03-18 10:09:05,509 [INFO] 5-FOLD CV RESULTS
2026-03-18 10:09:05,509 [INFO] ================================================================
2026-03-18 10:09:05,509 [INFO]   Fold 1 : 90.71%
2026-03-18 10:09:05,509 [INFO]   Fold 2 : 89.69%
2026-03-18 10:09:05,509 [INFO]   Fold 3 : 90.94%
2026-03-18 10:09:05,509 [INFO]   Fold 4 : 90.88%
2026-03-18 10:09:05,509 [INFO]   Fold 5 : 88.91%
2026-03-18 10:09:05,509 [INFO]   Mean  : 90.23% ± 0.80%
2026-03-18 10:09:05,510 [INFO] Loading v14 checkpoints for ensemble …
2026-03-18 10:09:34,213 [INFO] Submission (no TTA) → /data/slr/checkpoints_v14/submission_no_tta.csv  (9828 rows)
2026-03-18 10:09:34,213 [INFO] Running 10-way TTA × 5 folds …
2026-03-18 10:13:10,872 [INFO] Submission (TTA) → /data/slr/checkpoints_v14/submission_tta.csv
2026-03-18 10:13:10,872 [INFO] TTA changed 153 / 9828 (1.6%)
2026-03-18 10:13:10,879 [INFO] Saved v14 TTA probs → /data/slr/checkpoints_v14/eval_probs_tta.pt
2026-03-18 10:13:10,880 [INFO] Done.
