2026-03-16 23:36:22,073 [INFO] GPU : NVIDIA H200
2026-03-16 23:36:22,074 [INFO] Config : {
  "data_dir": "/data/slr/track2_",
  "output_dir": "/data/slr/checkpoints_v11",
  "max_frames": 48,
  "n_classes": 126,
  "channel_means": [
    -64.3217,
    -62.9119,
    -63.9254
  ],
  "channel_stds": [
    12.5721,
    11.662,
    11.7259
  ],
  "n_folds": 5,
  "batch_size": 48,
  "num_workers": 4,
  "img_size": 224,
  "stage1_epochs": 5,
  "stage1_lr": 0.0002,
  "stage2_epochs": 150,
  "stage2_lr": 5e-05,
  "weight_decay": 0.05,
  "warmup_pct": 0.05,
  "label_smoothing": 0.1,
  "early_stopping_patience": 40,
  "grad_clip_norm": 1.0,
  "llrd_decay": 0.75,
  "kd_alpha": 0.5,
  "kd_tau": 4.0,
  "pseudo_label_threshold": 0.6,
  "mixup_alpha": 0.4,
  "cutmix_alpha": 1.0,
  "cutmix_prob": 0.5,
  "time_mask_max": 8,
  "range_mask_max": 30,
  "noise_std": 0.1,
  "time_warp_lo": 0.8,
  "time_warp_hi": 1.2,
  "time_reverse_prob": 0.5,
  "channel_shuffle_prob": 0.2,
  "channel_drop_prob": 0.1,
  "random_erase_prob": 0.2,
  "circ_shift_prob": 0.3,
  "circ_shift_max": 8,
  "amp_scale_prob": 0.5,
  "amp_scale_lo": 0.8,
  "amp_scale_hi": 1.2,
  "model_name": "convnextv2_tiny.fcmae_ft_in22k_in1k",
  "drop_path_rate": 0.2,
  "proj_dim": 512,
  "drop_rate": 0.3,
  "ms_dropout_samples": 5,
  "seed": 42
}
2026-03-16 23:36:22,146 [INFO] Train: 14742  |  Eval: 9828  |  Classes: 126
2026-03-16 23:36:22,146 [INFO] Pre-loading training data …
2026-03-16 23:36:24,766 [INFO] Pre-loading eval data …
2026-03-16 23:36:26,457 [INFO] Generating pseudo-labels (threshold=0.60) …
2026-03-16 23:36:29,752 [INFO]   Loaded 10 teacher models
2026-03-16 23:37:35,242 [INFO]   Pseudo-labeled: 8356 / 9828 kept (85.0%); avg conf = 0.861
2026-03-16 23:37:35,259 [INFO] Pre-computing teacher soft labels …
2026-03-16 23:37:38,149 [INFO]   Loaded 10 teacher models
2026-03-16 23:38:43,636 [INFO]   Soft labels ready: 14742 samples
2026-03-16 23:38:43,639 [INFO] KD: α=0.50  τ=4.0  | PL: 8356 extra samples
2026-03-16 23:38:43,855 [INFO] MultiScaleConvNeXtV2: 28.67M params
2026-03-16 23:38:43,860 [INFO] ================================================================
2026-03-16 23:38:43,860 [INFO] FOLD 1 / 5
2026-03-16 23:38:43,860 [INFO] ================================================================
2026-03-16 23:38:43,862 [INFO]   Train: 20149 (orig 11793 + PL 8356)  |  Val: 2949
2026-03-16 23:38:44,053 [INFO] Loading pretrained weights from Hugging Face hub (timm/convnextv2_tiny.fcmae_ft_in22k_in1k)
2026-03-16 23:38:44,114 [INFO] HTTP Request: HEAD https://huggingface.co/timm/convnextv2_tiny.fcmae_ft_in22k_in1k/resolve/main/model.safetensors "HTTP/1.1 302 Found"
2026-03-16 23:38:44,115 [INFO] [timm/convnextv2_tiny.fcmae_ft_in22k_in1k] Safe alternative available for 'pytorch_model.bin' (as 'model.safetensors'). Loading weights using safetensors.
2026-03-16 23:38:44,131 [INFO] Missing keys (head.fc.weight, head.fc.bias) discovered while loading pretrained weights. This is expected if model is being adapted.
2026-03-16 23:38:44,235 [INFO]   Born-again ← best_fold0.pt (val 88.57%)
2026-03-16 23:38:44,235 [INFO] ── Stage 1: head-only warmup (5 epochs, no mix) ──
2026-03-16 23:39:06,952 [INFO]   S1 Ep  1/5  train 0.5594 / 93.9%  val 1.1482 / 88.4%    23s
2026-03-16 23:39:07,060 [INFO]   ★ best 88.44%
2026-03-16 23:39:18,781 [INFO]   S1 Ep  2/5  train 0.5699 / 93.2%  val 1.1507 / 88.4%    12s
2026-03-16 23:39:30,617 [INFO]   S1 Ep  3/5  train 0.5690 / 93.5%  val 1.1449 / 88.3%    12s
2026-03-16 23:39:42,341 [INFO]   S1 Ep  4/5  train 0.5589 / 93.4%  val 1.1411 / 88.4%    12s
2026-03-16 23:39:54,130 [INFO]   S1 Ep  5/5  train 0.5546 / 93.6%  val 1.1414 / 88.4%    12s
2026-03-16 23:39:54,130 [INFO] Stage 1 done — best val: 88.44%
2026-03-16 23:39:54,130 [INFO] ── Stage 2: full fine-tune + LLRD (150 epochs, patience 40) ──
2026-03-16 23:39:54,131 [INFO] LLRD: 12 groups, LR [1.19e-05 … 5.00e-05]
2026-03-16 23:40:39,653 [INFO]   S2 Ep   1/150  train 1.1876 / 67.9%  val 1.1428 / 88.2%  lr 4.08e-06  GeM_p=2.01    46s
2026-03-16 23:41:21,216 [INFO]   S2 Ep   2/150  train 1.1895 / 67.3%  val 1.1433 / 88.4%  lr 9.95e-06  GeM_p=2.01    42s
2026-03-16 23:42:02,777 [INFO]   S2 Ep   3/150  train 1.2124 / 66.4%  val 1.1567 / 88.2%  lr 1.86e-05  GeM_p=2.01    42s
2026-03-16 23:42:44,279 [INFO]   S2 Ep   4/150  train 1.1501 / 69.1%  val 1.1609 / 88.0%  lr 2.85e-05  GeM_p=2.01    42s
2026-03-16 23:43:25,836 [INFO]   S2 Ep   5/150  train 1.2044 / 67.1%  val 1.1780 / 87.7%  lr 3.80e-05  GeM_p=2.01    42s
2026-03-16 23:44:07,475 [INFO]   S2 Ep   6/150  train 1.2166 / 66.1%  val 1.1721 / 88.3%  lr 4.54e-05  GeM_p=2.01    42s
2026-03-16 23:44:48,990 [INFO]   S2 Ep   7/150  train 1.2283 / 65.6%  val 1.1772 / 87.6%  lr 4.95e-05  GeM_p=2.01    42s
2026-03-16 23:45:30,575 [INFO]   S2 Ep   8/150  train 1.2003 / 67.1%  val 1.1786 / 87.5%  lr 5.00e-05  GeM_p=2.00    42s
2026-03-16 23:46:12,200 [INFO]   S2 Ep   9/150  train 1.2264 / 66.0%  val 1.1852 / 87.5%  lr 5.00e-05  GeM_p=2.00    42s
2026-03-16 23:46:53,772 [INFO]   S2 Ep  10/150  train 1.2135 / 66.1%  val 1.1731 / 87.8%  lr 5.00e-05  GeM_p=2.00    42s
2026-03-16 23:47:35,300 [INFO]   S2 Ep  11/150  train 1.2126 / 65.9%  val 1.1738 / 88.0%  lr 4.99e-05  GeM_p=2.00    42s
2026-03-16 23:48:16,888 [INFO]   S2 Ep  12/150  train 1.2118 / 66.4%  val 1.1782 / 87.6%  lr 4.99e-05  GeM_p=1.99    42s
2026-03-16 23:48:58,474 [INFO]   S2 Ep  13/150  train 1.2056 / 67.1%  val 1.2017 / 87.1%  lr 4.98e-05  GeM_p=1.99    42s
2026-03-16 23:49:40,027 [INFO]   S2 Ep  14/150  train 1.2130 / 66.2%  val 1.1913 / 87.5%  lr 4.97e-05  GeM_p=1.99    42s
2026-03-16 23:50:21,584 [INFO]   S2 Ep  15/150  train 1.1972 / 67.5%  val 1.1762 / 87.8%  lr 4.97e-05  GeM_p=1.99    42s
2026-03-16 23:51:03,175 [INFO]   S2 Ep  16/150  train 1.1674 / 68.4%  val 1.1671 / 88.0%  lr 4.96e-05  GeM_p=1.99    42s
2026-03-16 23:51:44,720 [INFO]   S2 Ep  17/150  train 1.2064 / 66.4%  val 1.1838 / 87.4%  lr 4.95e-05  GeM_p=1.98    42s
2026-03-16 23:52:26,299 [INFO]   S2 Ep  18/150  train 1.1907 / 67.3%  val 1.1763 / 87.7%  lr 4.93e-05  GeM_p=1.98    42s
2026-03-16 23:53:07,856 [INFO]   S2 Ep  19/150  train 1.1622 / 68.8%  val 1.1829 / 87.9%  lr 4.92e-05  GeM_p=1.98    42s
2026-03-16 23:53:49,436 [INFO]   S2 Ep  20/150  train 1.2121 / 66.4%  val 1.1667 / 88.0%  lr 4.91e-05  GeM_p=1.98    42s
2026-03-16 23:54:31,013 [INFO]   S2 Ep  21/150  train 1.1995 / 67.3%  val 1.1772 / 88.2%  lr 4.89e-05  GeM_p=1.97    42s
2026-03-16 23:55:12,628 [INFO]   S2 Ep  22/150  train 1.1661 / 68.8%  val 1.1650 / 88.5%  lr 4.87e-05  GeM_p=1.97    42s
2026-03-16 23:55:12,793 [INFO]   ★ best 88.50% → /data/slr/checkpoints_v11/best_fold0.pt
2026-03-16 23:55:54,362 [INFO]   S2 Ep  23/150  train 1.1393 / 69.9%  val 1.1665 / 88.3%  lr 4.86e-05  GeM_p=1.97    42s
2026-03-16 23:56:35,950 [INFO]   S2 Ep  24/150  train 1.1864 / 67.8%  val 1.1818 / 88.1%  lr 4.84e-05  GeM_p=1.97    42s
2026-03-16 23:57:17,548 [INFO]   S2 Ep  25/150  train 1.1647 / 68.3%  val 1.1791 / 87.9%  lr 4.82e-05  GeM_p=1.97    42s
2026-03-16 23:57:59,055 [INFO]   S2 Ep  26/150  train 1.1610 / 69.0%  val 1.1726 / 88.5%  lr 4.79e-05  GeM_p=1.96    42s
2026-03-16 23:58:40,637 [INFO]   S2 Ep  27/150  train 1.1677 / 68.3%  val 1.1864 / 88.0%  lr 4.77e-05  GeM_p=1.96    42s
2026-03-16 23:59:22,252 [INFO]   S2 Ep  28/150  train 1.1520 / 69.0%  val 1.1784 / 87.9%  lr 4.75e-05  GeM_p=1.96    42s
2026-03-17 00:00:03,776 [INFO]   S2 Ep  29/150  train 1.2039 / 66.3%  val 1.1795 / 88.4%  lr 4.72e-05  GeM_p=1.96    42s
2026-03-17 00:00:45,341 [INFO]   S2 Ep  30/150  train 1.1424 / 70.0%  val 1.1668 / 88.8%  lr 4.70e-05  GeM_p=1.96    42s
2026-03-17 00:00:45,502 [INFO]   ★ best 88.78% → /data/slr/checkpoints_v11/best_fold0.pt
2026-03-17 00:01:27,058 [INFO]   S2 Ep  31/150  train 1.1628 / 68.6%  val 1.1580 / 88.7%  lr 4.67e-05  GeM_p=1.96    42s
2026-03-17 00:02:08,630 [INFO]   S2 Ep  32/150  train 1.1645 / 68.7%  val 1.1499 / 88.6%  lr 4.64e-05  GeM_p=1.95    42s
2026-03-17 00:02:50,193 [INFO]   S2 Ep  33/150  train 1.1288 / 70.3%  val 1.1544 / 88.7%  lr 4.62e-05  GeM_p=1.95    42s
2026-03-17 00:03:31,776 [INFO]   S2 Ep  34/150  train 1.1451 / 69.4%  val 1.1622 / 88.1%  lr 4.59e-05  GeM_p=1.95    42s
2026-03-17 00:04:13,339 [INFO]   S2 Ep  35/150  train 1.1584 / 68.8%  val 1.1595 / 88.4%  lr 4.55e-05  GeM_p=1.95    42s
2026-03-17 00:04:54,863 [INFO]   S2 Ep  36/150  train 1.1513 / 69.4%  val 1.1502 / 88.9%  lr 4.52e-05  GeM_p=1.95    42s
2026-03-17 00:04:55,023 [INFO]   ★ best 88.88% → /data/slr/checkpoints_v11/best_fold0.pt
2026-03-17 00:05:36,626 [INFO]   S2 Ep  37/150  train 1.1562 / 68.6%  val 1.1491 / 89.0%  lr 4.49e-05  GeM_p=1.94    42s
2026-03-17 00:05:36,772 [INFO]   ★ best 88.98% → /data/slr/checkpoints_v11/best_fold0.pt
2026-03-17 00:06:18,324 [INFO]   S2 Ep  38/150  train 1.1311 / 70.4%  val 1.1603 / 88.7%  lr 4.46e-05  GeM_p=1.94    42s
2026-03-17 00:06:59,875 [INFO]   S2 Ep  39/150  train 1.1786 / 67.5%  val 1.1573 / 88.7%  lr 4.42e-05  GeM_p=1.94    42s
2026-03-17 00:07:41,484 [INFO]   S2 Ep  40/150  train 1.1298 / 69.9%  val 1.1648 / 88.8%  lr 4.39e-05  GeM_p=1.94    42s
2026-03-17 00:08:23,035 [INFO]   S2 Ep  41/150  train 1.1384 / 69.7%  val 1.1587 / 88.6%  lr 4.35e-05  GeM_p=1.94    42s
2026-03-17 00:09:04,611 [INFO]   S2 Ep  42/150  train 1.1492 / 69.3%  val 1.1430 / 89.3%  lr 4.31e-05  GeM_p=1.94    42s
2026-03-17 00:09:04,774 [INFO]   ★ best 89.32% → /data/slr/checkpoints_v11/best_fold0.pt
2026-03-17 00:09:46,322 [INFO]   S2 Ep  43/150  train 1.1310 / 70.2%  val 1.1627 / 88.6%  lr 4.27e-05  GeM_p=1.93    42s
2026-03-17 00:10:27,891 [INFO]   S2 Ep  44/150  train 1.1365 / 69.6%  val 1.1503 / 88.7%  lr 4.23e-05  GeM_p=1.93    42s
2026-03-17 00:11:09,475 [INFO]   S2 Ep  45/150  train 1.1414 / 69.3%  val 1.1536 / 88.5%  lr 4.19e-05  GeM_p=1.93    42s
2026-03-17 00:11:50,964 [INFO]   S2 Ep  46/150  train 1.1457 / 69.4%  val 1.1410 / 88.8%  lr 4.15e-05  GeM_p=1.93    41s
2026-03-17 00:12:32,547 [INFO]   S2 Ep  47/150  train 1.1226 / 70.4%  val 1.1510 / 88.9%  lr 4.11e-05  GeM_p=1.93    42s
2026-03-17 00:13:14,123 [INFO]   S2 Ep  48/150  train 1.1518 / 68.7%  val 1.1600 / 88.7%  lr 4.07e-05  GeM_p=1.93    42s
2026-03-17 00:13:55,518 [INFO]   S2 Ep  49/150  train 1.1017 / 71.1%  val 1.1494 / 89.1%  lr 4.02e-05  GeM_p=1.92    41s
2026-03-17 00:14:36,948 [INFO]   S2 Ep  50/150  train 1.1405 / 69.5%  val 1.1668 / 88.6%  lr 3.98e-05  GeM_p=1.92    41s
2026-03-17 00:15:18,367 [INFO]   S2 Ep  51/150  train 1.1395 / 69.0%  val 1.1497 / 88.8%  lr 3.94e-05  GeM_p=1.92    41s
2026-03-17 00:15:59,816 [INFO]   S2 Ep  52/150  train 1.1425 / 69.1%  val 1.1573 / 88.4%  lr 3.89e-05  GeM_p=1.92    41s
2026-03-17 00:16:41,255 [INFO]   S2 Ep  53/150  train 1.1148 / 70.4%  val 1.1359 / 89.2%  lr 3.84e-05  GeM_p=1.92    41s
2026-03-17 00:17:22,706 [INFO]   S2 Ep  54/150  train 1.1385 / 69.4%  val 1.1561 / 88.7%  lr 3.80e-05  GeM_p=1.92    41s
2026-03-17 00:18:04,142 [INFO]   S2 Ep  55/150  train 1.1549 / 68.9%  val 1.1488 / 89.2%  lr 3.75e-05  GeM_p=1.92    41s
2026-03-17 00:18:45,580 [INFO]   S2 Ep  56/150  train 1.1257 / 70.0%  val 1.1419 / 89.3%  lr 3.70e-05  GeM_p=1.92    41s
2026-03-17 00:19:27,000 [INFO]   S2 Ep  57/150  train 1.1356 / 68.9%  val 1.1392 / 89.7%  lr 3.65e-05  GeM_p=1.92    41s
2026-03-17 00:19:27,149 [INFO]   ★ best 89.73% → /data/slr/checkpoints_v11/best_fold0.pt
2026-03-17 00:20:08,580 [INFO]   S2 Ep  58/150  train 1.1344 / 69.1%  val 1.1547 / 89.0%  lr 3.60e-05  GeM_p=1.92    41s
2026-03-17 00:20:50,026 [INFO]   S2 Ep  59/150  train 1.0966 / 71.5%  val 1.1577 / 89.1%  lr 3.55e-05  GeM_p=1.91    41s
2026-03-17 00:21:31,458 [INFO]   S2 Ep  60/150  train 1.1200 / 70.0%  val 1.1397 / 89.3%  lr 3.50e-05  GeM_p=1.91    41s
2026-03-17 00:22:12,821 [INFO]   S2 Ep  61/150  train 1.0808 / 72.1%  val 1.1413 / 89.3%  lr 3.45e-05  GeM_p=1.91    41s
2026-03-17 00:22:54,195 [INFO]   S2 Ep  62/150  train 1.1031 / 71.0%  val 1.1472 / 89.1%  lr 3.40e-05  GeM_p=1.91    41s
2026-03-17 00:23:35,601 [INFO]   S2 Ep  63/150  train 1.0738 / 72.5%  val 1.1491 / 89.2%  lr 3.35e-05  GeM_p=1.91    41s
2026-03-17 00:24:16,994 [INFO]   S2 Ep  64/150  train 1.0824 / 71.8%  val 1.1467 / 89.5%  lr 3.30e-05  GeM_p=1.91    41s
2026-03-17 00:24:58,347 [INFO]   S2 Ep  65/150  train 1.0759 / 71.9%  val 1.1386 / 89.3%  lr 3.25e-05  GeM_p=1.91    41s
2026-03-17 00:25:39,732 [INFO]   S2 Ep  66/150  train 1.1139 / 70.2%  val 1.1481 / 89.5%  lr 3.19e-05  GeM_p=1.90    41s
2026-03-17 00:26:21,101 [INFO]   S2 Ep  67/150  train 1.1216 / 69.5%  val 1.1397 / 90.0%  lr 3.14e-05  GeM_p=1.90    41s
2026-03-17 00:26:21,251 [INFO]   ★ best 89.96% → /data/slr/checkpoints_v11/best_fold0.pt
2026-03-17 00:27:02,659 [INFO]   S2 Ep  68/150  train 1.1033 / 70.9%  val 1.1364 / 89.7%  lr 3.09e-05  GeM_p=1.90    41s
2026-03-17 00:27:44,112 [INFO]   S2 Ep  69/150  train 1.1164 / 69.8%  val 1.1336 / 90.1%  lr 3.03e-05  GeM_p=1.90    41s
2026-03-17 00:27:44,258 [INFO]   ★ best 90.06% → /data/slr/checkpoints_v11/best_fold0.pt
2026-03-17 00:28:25,600 [INFO]   S2 Ep  70/150  train 1.1215 / 69.8%  val 1.1500 / 89.0%  lr 2.98e-05  GeM_p=1.90    41s
2026-03-17 00:29:07,046 [INFO]   S2 Ep  71/150  train 1.1351 / 69.1%  val 1.1332 / 89.9%  lr 2.93e-05  GeM_p=1.90    41s
2026-03-17 00:29:48,498 [INFO]   S2 Ep  72/150  train 1.0987 / 70.9%  val 1.1421 / 89.5%  lr 2.87e-05  GeM_p=1.90    41s
2026-03-17 00:30:30,016 [INFO]   S2 Ep  73/150  train 1.0973 / 71.4%  val 1.1318 / 89.7%  lr 2.82e-05  GeM_p=1.90    42s
2026-03-17 00:31:11,473 [INFO]   S2 Ep  74/150  train 1.1061 / 70.5%  val 1.1388 / 89.3%  lr 2.76e-05  GeM_p=1.90    41s
2026-03-17 00:31:52,839 [INFO]   S2 Ep  75/150  train 1.0682 / 72.1%  val 1.1369 / 89.4%  lr 2.71e-05  GeM_p=1.90    41s
2026-03-17 00:32:34,237 [INFO]   S2 Ep  76/150  train 1.1050 / 70.7%  val 1.1301 / 89.8%  lr 2.65e-05  GeM_p=1.90    41s
2026-03-17 00:33:15,585 [INFO]   S2 Ep  77/150  train 1.0978 / 70.8%  val 1.1365 / 89.6%  lr 2.60e-05  GeM_p=1.89    41s
2026-03-17 00:33:56,987 [INFO]   S2 Ep  78/150  train 1.0959 / 71.0%  val 1.1344 / 89.7%  lr 2.54e-05  GeM_p=1.89    41s
2026-03-17 00:34:38,432 [INFO]   S2 Ep  79/150  train 1.1236 / 69.9%  val 1.1302 / 89.9%  lr 2.49e-05  GeM_p=1.89    41s
2026-03-17 00:35:19,871 [INFO]   S2 Ep  80/150  train 1.0946 / 70.7%  val 1.1303 / 89.6%  lr 2.43e-05  GeM_p=1.89    41s
2026-03-17 00:36:01,304 [INFO]   S2 Ep  81/150  train 1.0528 / 72.9%  val 1.1363 / 89.4%  lr 2.38e-05  GeM_p=1.89    41s
2026-03-17 00:36:42,695 [INFO]   S2 Ep  82/150  train 1.1008 / 71.0%  val 1.1390 / 89.8%  lr 2.32e-05  GeM_p=1.89    41s
2026-03-17 00:37:24,131 [INFO]   S2 Ep  83/150  train 1.1171 / 70.2%  val 1.1344 / 89.7%  lr 2.27e-05  GeM_p=1.89    41s
2026-03-17 00:38:05,561 [INFO]   S2 Ep  84/150  train 1.0821 / 71.2%  val 1.1350 / 89.9%  lr 2.21e-05  GeM_p=1.89    41s
2026-03-17 00:38:47,060 [INFO]   S2 Ep  85/150  train 1.0934 / 71.2%  val 1.1307 / 89.6%  lr 2.16e-05  GeM_p=1.89    41s
2026-03-17 00:39:28,507 [INFO]   S2 Ep  86/150  train 1.0980 / 70.5%  val 1.1290 / 90.1%  lr 2.10e-05  GeM_p=1.89    41s
2026-03-17 00:39:28,646 [INFO]   ★ best 90.10% → /data/slr/checkpoints_v11/best_fold0.pt
2026-03-17 00:40:10,006 [INFO]   S2 Ep  87/150  train 1.0433 / 73.2%  val 1.1413 / 89.9%  lr 2.05e-05  GeM_p=1.89    41s
2026-03-17 00:40:51,363 [INFO]   S2 Ep  88/150  train 1.0519 / 72.7%  val 1.1248 / 90.2%  lr 1.99e-05  GeM_p=1.89    41s
2026-03-17 00:40:51,519 [INFO]   ★ best 90.20% → /data/slr/checkpoints_v11/best_fold0.pt
2026-03-17 00:41:32,883 [INFO]   S2 Ep  89/150  train 1.0957 / 71.0%  val 1.1221 / 90.1%  lr 1.94e-05  GeM_p=1.89    41s
2026-03-17 00:42:14,283 [INFO]   S2 Ep  90/150  train 1.1096 / 70.4%  val 1.1265 / 89.8%  lr 1.89e-05  GeM_p=1.89    41s
2026-03-17 00:42:55,688 [INFO]   S2 Ep  91/150  train 1.0803 / 71.4%  val 1.1298 / 89.8%  lr 1.83e-05  GeM_p=1.89    41s
2026-03-17 00:43:37,119 [INFO]   S2 Ep  92/150  train 1.0917 / 71.1%  val 1.1283 / 90.1%  lr 1.78e-05  GeM_p=1.89    41s
2026-03-17 00:44:18,584 [INFO]   S2 Ep  93/150  train 1.0848 / 71.7%  val 1.1261 / 90.1%  lr 1.73e-05  GeM_p=1.89    41s
2026-03-17 00:45:00,004 [INFO]   S2 Ep  94/150  train 1.0852 / 71.6%  val 1.1274 / 89.7%  lr 1.68e-05  GeM_p=1.89    41s
2026-03-17 00:45:41,386 [INFO]   S2 Ep  95/150  train 1.0650 / 72.6%  val 1.1257 / 90.1%  lr 1.62e-05  GeM_p=1.88    41s
2026-03-17 00:46:22,813 [INFO]   S2 Ep  96/150  train 1.0541 / 72.6%  val 1.1355 / 90.1%  lr 1.57e-05  GeM_p=1.88    41s
2026-03-17 00:47:04,226 [INFO]   S2 Ep  97/150  train 1.0674 / 71.8%  val 1.1278 / 89.8%  lr 1.52e-05  GeM_p=1.88    41s
2026-03-17 00:47:45,695 [INFO]   S2 Ep  98/150  train 1.0640 / 72.2%  val 1.1371 / 90.3%  lr 1.47e-05  GeM_p=1.88    41s
2026-03-17 00:47:45,863 [INFO]   ★ best 90.34% → /data/slr/checkpoints_v11/best_fold0.pt
2026-03-17 00:48:27,331 [INFO]   S2 Ep  99/150  train 1.0669 / 71.9%  val 1.1301 / 90.1%  lr 1.42e-05  GeM_p=1.88    41s
2026-03-17 00:49:08,759 [INFO]   S2 Ep 100/150  train 1.0566 / 72.7%  val 1.1206 / 90.3%  lr 1.37e-05  GeM_p=1.88    41s
2026-03-17 00:49:50,237 [INFO]   S2 Ep 101/150  train 1.0775 / 72.1%  val 1.1206 / 90.5%  lr 1.32e-05  GeM_p=1.88    41s
2026-03-17 00:49:50,389 [INFO]   ★ best 90.51% → /data/slr/checkpoints_v11/best_fold0.pt
2026-03-17 00:50:31,860 [INFO]   S2 Ep 102/150  train 1.0622 / 72.5%  val 1.1291 / 90.0%  lr 1.27e-05  GeM_p=1.88    41s
2026-03-17 00:51:13,316 [INFO]   S2 Ep 103/150  train 1.0430 / 73.3%  val 1.1297 / 90.1%  lr 1.23e-05  GeM_p=1.88    41s
2026-03-17 00:51:54,786 [INFO]   S2 Ep 104/150  train 1.0858 / 71.8%  val 1.1253 / 90.3%  lr 1.18e-05  GeM_p=1.88    41s
2026-03-17 00:52:36,237 [INFO]   S2 Ep 105/150  train 1.0992 / 70.4%  val 1.1239 / 90.4%  lr 1.13e-05  GeM_p=1.88    41s
2026-03-17 00:53:17,722 [INFO]   S2 Ep 106/150  train 1.0852 / 71.1%  val 1.1283 / 90.2%  lr 1.09e-05  GeM_p=1.88    41s
2026-03-17 00:53:59,135 [INFO]   S2 Ep 107/150  train 1.0586 / 72.5%  val 1.1227 / 90.4%  lr 1.04e-05  GeM_p=1.88    41s
2026-03-17 00:54:40,554 [INFO]   S2 Ep 108/150  train 1.0800 / 71.2%  val 1.1384 / 90.0%  lr 9.97e-06  GeM_p=1.88    41s
2026-03-17 00:55:21,965 [INFO]   S2 Ep 109/150  train 1.0737 / 71.3%  val 1.1192 / 90.6%  lr 9.54e-06  GeM_p=1.88    41s
2026-03-17 00:55:22,138 [INFO]   ★ best 90.57% → /data/slr/checkpoints_v11/best_fold0.pt
2026-03-17 00:56:03,604 [INFO]   S2 Ep 110/150  train 1.1028 / 70.4%  val 1.1250 / 90.1%  lr 9.11e-06  GeM_p=1.88    41s
2026-03-17 00:56:45,071 [INFO]   S2 Ep 111/150  train 1.0495 / 72.7%  val 1.1235 / 90.4%  lr 8.69e-06  GeM_p=1.88    41s
2026-03-17 00:57:26,557 [INFO]   S2 Ep 112/150  train 1.0585 / 72.5%  val 1.1163 / 90.3%  lr 8.27e-06  GeM_p=1.88    41s
2026-03-17 00:58:07,942 [INFO]   S2 Ep 113/150  train 1.0562 / 72.9%  val 1.1204 / 90.3%  lr 7.87e-06  GeM_p=1.88    41s
2026-03-17 00:58:49,320 [INFO]   S2 Ep 114/150  train 1.0627 / 72.4%  val 1.1161 / 90.2%  lr 7.47e-06  GeM_p=1.88    41s
2026-03-17 00:59:30,754 [INFO]   S2 Ep 115/150  train 1.0585 / 72.8%  val 1.1281 / 90.3%  lr 7.08e-06  GeM_p=1.88    41s
2026-03-17 01:00:12,243 [INFO]   S2 Ep 116/150  train 1.0497 / 72.8%  val 1.1162 / 90.4%  lr 6.70e-06  GeM_p=1.88    41s
2026-03-17 01:00:53,698 [INFO]   S2 Ep 117/150  train 1.0712 / 71.8%  val 1.1198 / 90.3%  lr 6.33e-06  GeM_p=1.88    41s
2026-03-17 01:01:35,145 [INFO]   S2 Ep 118/150  train 1.0577 / 72.9%  val 1.1157 / 90.2%  lr 5.97e-06  GeM_p=1.88    41s
2026-03-17 01:02:16,577 [INFO]   S2 Ep 119/150  train 1.0877 / 71.4%  val 1.1161 / 90.3%  lr 5.62e-06  GeM_p=1.88    41s
2026-03-17 01:02:57,994 [INFO]   S2 Ep 120/150  train 1.0508 / 72.5%  val 1.1182 / 90.6%  lr 5.27e-06  GeM_p=1.88    41s
2026-03-17 01:02:58,172 [INFO]   ★ best 90.64% → /data/slr/checkpoints_v11/best_fold0.pt
2026-03-17 01:03:39,581 [INFO]   S2 Ep 121/150  train 1.0494 / 72.4%  val 1.1128 / 90.5%  lr 4.94e-06  GeM_p=1.88    41s
2026-03-17 01:04:21,011 [INFO]   S2 Ep 122/150  train 1.0714 / 71.6%  val 1.1101 / 90.6%  lr 4.61e-06  GeM_p=1.88    41s
2026-03-17 01:05:02,531 [INFO]   S2 Ep 123/150  train 1.0332 / 73.5%  val 1.1102 / 90.7%  lr 4.30e-06  GeM_p=1.88    42s
2026-03-17 01:05:02,704 [INFO]   ★ best 90.67% → /data/slr/checkpoints_v11/best_fold0.pt
2026-03-17 01:05:44,134 [INFO]   S2 Ep 124/150  train 1.0944 / 70.8%  val 1.1133 / 90.7%  lr 4.00e-06  GeM_p=1.88    41s
2026-03-17 01:05:44,311 [INFO]   ★ best 90.71% → /data/slr/checkpoints_v11/best_fold0.pt
2026-03-17 01:06:25,751 [INFO]   S2 Ep 125/150  train 1.0650 / 71.8%  val 1.1137 / 90.6%  lr 3.70e-06  GeM_p=1.88    41s
2026-03-17 01:07:07,173 [INFO]   S2 Ep 126/150  train 1.0839 / 70.9%  val 1.1121 / 90.6%  lr 3.42e-06  GeM_p=1.88    41s
2026-03-17 01:07:48,560 [INFO]   S2 Ep 127/150  train 1.0727 / 71.9%  val 1.1140 / 90.5%  lr 3.15e-06  GeM_p=1.88    41s
2026-03-17 01:08:29,971 [INFO]   S2 Ep 128/150  train 1.0510 / 72.6%  val 1.1109 / 90.6%  lr 2.88e-06  GeM_p=1.88    41s
2026-03-17 01:09:11,425 [INFO]   S2 Ep 129/150  train 1.0703 / 71.6%  val 1.1139 / 90.8%  lr 2.63e-06  GeM_p=1.88    41s
2026-03-17 01:09:11,606 [INFO]   ★ best 90.78% → /data/slr/checkpoints_v11/best_fold0.pt
2026-03-17 01:09:53,022 [INFO]   S2 Ep 130/150  train 1.1025 / 70.1%  val 1.1117 / 90.5%  lr 2.39e-06  GeM_p=1.88    41s
2026-03-17 01:10:34,475 [INFO]   S2 Ep 131/150  train 1.0644 / 72.5%  val 1.1123 / 90.7%  lr 2.16e-06  GeM_p=1.88    41s
2026-03-17 01:11:15,875 [INFO]   S2 Ep 132/150  train 1.0526 / 72.6%  val 1.1125 / 90.7%  lr 1.94e-06  GeM_p=1.88    41s
2026-03-17 01:11:57,422 [INFO]   S2 Ep 133/150  train 1.0666 / 72.0%  val 1.1106 / 90.5%  lr 1.74e-06  GeM_p=1.88    42s
2026-03-17 01:12:38,845 [INFO]   S2 Ep 134/150  train 1.0523 / 72.3%  val 1.1108 / 90.7%  lr 1.54e-06  GeM_p=1.88    41s
2026-03-17 01:13:20,238 [INFO]   S2 Ep 135/150  train 1.0446 / 73.1%  val 1.1125 / 90.6%  lr 1.36e-06  GeM_p=1.88    41s
2026-03-17 01:14:01,587 [INFO]   S2 Ep 136/150  train 1.0543 / 72.4%  val 1.1125 / 90.6%  lr 1.18e-06  GeM_p=1.88    41s
2026-03-17 01:14:43,002 [INFO]   S2 Ep 137/150  train 1.0507 / 72.8%  val 1.1131 / 90.6%  lr 1.02e-06  GeM_p=1.88    41s
2026-03-17 01:15:24,354 [INFO]   S2 Ep 138/150  train 1.0511 / 72.4%  val 1.1120 / 90.7%  lr 8.71e-07  GeM_p=1.88    41s
2026-03-17 01:16:05,798 [INFO]   S2 Ep 139/150  train 1.0605 / 72.3%  val 1.1115 / 90.6%  lr 7.33e-07  GeM_p=1.88    41s
2026-03-17 01:16:47,244 [INFO]   S2 Ep 140/150  train 1.0212 / 73.8%  val 1.1113 / 90.6%  lr 6.07e-07  GeM_p=1.88    41s
2026-03-17 01:17:28,669 [INFO]   S2 Ep 141/150  train 1.0363 / 73.9%  val 1.1117 / 90.7%  lr 4.92e-07  GeM_p=1.88    41s
2026-03-17 01:18:10,083 [INFO]   S2 Ep 142/150  train 1.0689 / 71.7%  val 1.1118 / 90.6%  lr 3.90e-07  GeM_p=1.88    41s
2026-03-17 01:18:51,564 [INFO]   S2 Ep 143/150  train 1.0659 / 72.3%  val 1.1117 / 90.6%  lr 2.99e-07  GeM_p=1.88    41s
2026-03-17 01:19:33,025 [INFO]   S2 Ep 144/150  train 1.0828 / 71.1%  val 1.1116 / 90.6%  lr 2.20e-07  GeM_p=1.88    41s
2026-03-17 01:20:14,446 [INFO]   S2 Ep 145/150  train 1.0598 / 72.2%  val 1.1118 / 90.6%  lr 1.54e-07  GeM_p=1.88    41s
2026-03-17 01:20:55,833 [INFO]   S2 Ep 146/150  train 1.0426 / 73.2%  val 1.1116 / 90.6%  lr 9.90e-08  GeM_p=1.88    41s
2026-03-17 01:21:37,189 [INFO]   S2 Ep 147/150  train 1.0557 / 72.9%  val 1.1116 / 90.6%  lr 5.66e-08  GeM_p=1.88    41s
2026-03-17 01:22:18,544 [INFO]   S2 Ep 148/150  train 1.0635 / 71.7%  val 1.1115 / 90.6%  lr 2.62e-08  GeM_p=1.88    41s
2026-03-17 01:22:59,954 [INFO]   S2 Ep 149/150  train 1.0559 / 72.7%  val 1.1115 / 90.6%  lr 8.05e-09  GeM_p=1.88    41s
2026-03-17 01:23:41,363 [INFO]   S2 Ep 150/150  train 1.0395 / 73.0%  val 1.1115 / 90.6%  lr 2.00e-09  GeM_p=1.88    41s
2026-03-17 01:23:41,363 [INFO]   Fold 1 best val acc: 90.78%
2026-03-17 01:23:41,601 [INFO] ================================================================
2026-03-17 01:23:41,601 [INFO] FOLD 2 / 5
2026-03-17 01:23:41,601 [INFO] ================================================================
2026-03-17 01:23:41,603 [INFO]   Train: 20149 (orig 11793 + PL 8356)  |  Val: 2949
2026-03-17 01:23:41,812 [INFO] Loading pretrained weights from Hugging Face hub (timm/convnextv2_tiny.fcmae_ft_in22k_in1k)
2026-03-17 01:23:41,969 [INFO] HTTP Request: HEAD https://huggingface.co/timm/convnextv2_tiny.fcmae_ft_in22k_in1k/resolve/main/model.safetensors "HTTP/1.1 302 Found"
2026-03-17 01:23:41,971 [INFO] [timm/convnextv2_tiny.fcmae_ft_in22k_in1k] Safe alternative available for 'pytorch_model.bin' (as 'model.safetensors'). Loading weights using safetensors.
2026-03-17 01:23:41,987 [INFO] Missing keys (head.fc.weight, head.fc.bias) discovered while loading pretrained weights. This is expected if model is being adapted.
2026-03-17 01:23:42,089 [INFO]   Born-again ← best_fold1.pt (val 87.72%)
2026-03-17 01:23:42,089 [INFO] ── Stage 1: head-only warmup (5 epochs, no mix) ──
2026-03-17 01:23:54,275 [INFO]   S1 Ep  1/5  train 0.5698 / 93.2%  val 1.1968 / 87.7%    12s
2026-03-17 01:23:54,382 [INFO]   ★ best 87.66%
2026-03-17 01:24:06,113 [INFO]   S1 Ep  2/5  train 0.5748 / 93.1%  val 1.1959 / 87.5%    12s
2026-03-17 01:24:18,045 [INFO]   S1 Ep  3/5  train 0.5729 / 93.1%  val 1.1952 / 87.8%    12s
2026-03-17 01:24:18,180 [INFO]   ★ best 87.83%
2026-03-17 01:24:30,034 [INFO]   S1 Ep  4/5  train 0.5675 / 93.3%  val 1.1966 / 87.8%    12s
2026-03-17 01:24:42,070 [INFO]   S1 Ep  5/5  train 0.5665 / 93.1%  val 1.1964 / 87.5%    12s
2026-03-17 01:24:42,074 [INFO] Stage 1 done — best val: 87.83%
2026-03-17 01:24:42,075 [INFO] ── Stage 2: full fine-tune + LLRD (150 epochs, patience 40) ──
2026-03-17 01:24:42,076 [INFO] LLRD: 12 groups, LR [1.19e-05 … 5.00e-05]
2026-03-17 01:25:23,449 [INFO]   S2 Ep   1/150  train 1.1692 / 68.6%  val 1.1949 / 87.7%  lr 4.08e-06  GeM_p=2.03    41s
2026-03-17 01:26:04,847 [INFO]   S2 Ep   2/150  train 1.1755 / 68.3%  val 1.1932 / 87.7%  lr 9.95e-06  GeM_p=2.03    41s
2026-03-17 01:26:46,273 [INFO]   S2 Ep   3/150  train 1.1866 / 67.7%  val 1.1945 / 87.3%  lr 1.86e-05  GeM_p=2.03    41s
2026-03-17 01:27:27,667 [INFO]   S2 Ep   4/150  train 1.2064 / 67.1%  val 1.2058 / 87.1%  lr 2.85e-05  GeM_p=2.03    41s
2026-03-17 01:28:09,049 [INFO]   S2 Ep   5/150  train 1.2318 / 66.1%  val 1.2141 / 86.8%  lr 3.80e-05  GeM_p=2.03    41s
2026-03-17 01:28:50,444 [INFO]   S2 Ep   6/150  train 1.1930 / 67.6%  val 1.2108 / 87.5%  lr 4.54e-05  GeM_p=2.03    41s
2026-03-17 01:29:31,814 [INFO]   S2 Ep   7/150  train 1.2631 / 64.5%  val 1.1980 / 86.9%  lr 4.95e-05  GeM_p=2.03    41s
2026-03-17 01:30:13,265 [INFO]   S2 Ep   8/150  train 1.2219 / 65.9%  val 1.2190 / 86.5%  lr 5.00e-05  GeM_p=2.03    41s
2026-03-17 01:30:54,694 [INFO]   S2 Ep   9/150  train 1.2184 / 66.5%  val 1.2140 / 86.8%  lr 5.00e-05  GeM_p=2.02    41s
2026-03-17 01:31:36,100 [INFO]   S2 Ep  10/150  train 1.2488 / 64.6%  val 1.2188 / 86.7%  lr 5.00e-05  GeM_p=2.02    41s
2026-03-17 01:32:17,571 [INFO]   S2 Ep  11/150  train 1.2220 / 65.6%  val 1.2107 / 87.2%  lr 4.99e-05  GeM_p=2.02    41s
2026-03-17 01:32:58,975 [INFO]   S2 Ep  12/150  train 1.1878 / 67.9%  val 1.2172 / 87.0%  lr 4.99e-05  GeM_p=2.02    41s
2026-03-17 01:33:40,394 [INFO]   S2 Ep  13/150  train 1.2223 / 66.1%  val 1.2216 / 86.8%  lr 4.98e-05  GeM_p=2.02    41s
2026-03-17 01:34:21,843 [INFO]   S2 Ep  14/150  train 1.1752 / 68.2%  val 1.2113 / 87.3%  lr 4.97e-05  GeM_p=2.01    41s
2026-03-17 01:35:03,320 [INFO]   S2 Ep  15/150  train 1.1966 / 67.6%  val 1.2222 / 86.7%  lr 4.97e-05  GeM_p=2.01    41s
2026-03-17 01:35:44,733 [INFO]   S2 Ep  16/150  train 1.2080 / 67.2%  val 1.2219 / 87.1%  lr 4.96e-05  GeM_p=2.01    41s
2026-03-17 01:36:26,156 [INFO]   S2 Ep  17/150  train 1.1898 / 67.9%  val 1.2230 / 86.7%  lr 4.95e-05  GeM_p=2.01    41s
2026-03-17 01:37:07,572 [INFO]   S2 Ep  18/150  train 1.1829 / 68.2%  val 1.2398 / 86.9%  lr 4.93e-05  GeM_p=2.00    41s
2026-03-17 01:37:48,996 [INFO]   S2 Ep  19/150  train 1.1933 / 67.6%  val 1.2100 / 87.4%  lr 4.92e-05  GeM_p=2.00    41s
2026-03-17 01:38:30,409 [INFO]   S2 Ep  20/150  train 1.1780 / 68.0%  val 1.2004 / 87.9%  lr 4.91e-05  GeM_p=2.00    41s
2026-03-17 01:38:30,550 [INFO]   ★ best 87.86% → /data/slr/checkpoints_v11/best_fold1.pt
2026-03-17 01:39:11,942 [INFO]   S2 Ep  21/150  train 1.1700 / 68.6%  val 1.2183 / 87.4%  lr 4.89e-05  GeM_p=2.00    41s
2026-03-17 01:39:53,340 [INFO]   S2 Ep  22/150  train 1.1783 / 67.9%  val 1.2054 / 87.9%  lr 4.87e-05  GeM_p=2.00    41s
2026-03-17 01:39:53,487 [INFO]   ★ best 87.89% → /data/slr/checkpoints_v11/best_fold1.pt
2026-03-17 01:40:34,881 [INFO]   S2 Ep  23/150  train 1.1754 / 68.7%  val 1.2209 / 87.2%  lr 4.86e-05  GeM_p=1.99    41s
2026-03-17 01:41:16,312 [INFO]   S2 Ep  24/150  train 1.1551 / 69.3%  val 1.2244 / 87.2%  lr 4.84e-05  GeM_p=1.99    41s
2026-03-17 01:41:57,658 [INFO]   S2 Ep  25/150  train 1.1585 / 68.8%  val 1.2207 / 87.6%  lr 4.82e-05  GeM_p=1.99    41s
2026-03-17 01:42:39,009 [INFO]   S2 Ep  26/150  train 1.2040 / 66.8%  val 1.2069 / 87.7%  lr 4.79e-05  GeM_p=1.99    41s
2026-03-17 01:43:20,447 [INFO]   S2 Ep  27/150  train 1.1801 / 67.7%  val 1.2085 / 87.9%  lr 4.77e-05  GeM_p=1.98    41s
2026-03-17 01:44:01,885 [INFO]   S2 Ep  28/150  train 1.1371 / 70.2%  val 1.2113 / 87.4%  lr 4.75e-05  GeM_p=1.98    41s
2026-03-17 01:44:43,230 [INFO]   S2 Ep  29/150  train 1.1407 / 69.8%  val 1.2163 / 87.6%  lr 4.72e-05  GeM_p=1.98    41s
2026-03-17 01:45:24,595 [INFO]   S2 Ep  30/150  train 1.1800 / 67.7%  val 1.1982 / 88.1%  lr 4.70e-05  GeM_p=1.98    41s
2026-03-17 01:45:24,731 [INFO]   ★ best 88.06% → /data/slr/checkpoints_v11/best_fold1.pt
2026-03-17 01:46:06,080 [INFO]   S2 Ep  31/150  train 1.1736 / 68.4%  val 1.2067 / 87.8%  lr 4.67e-05  GeM_p=1.98    41s
2026-03-17 01:46:47,444 [INFO]   S2 Ep  32/150  train 1.1882 / 67.0%  val 1.2066 / 87.7%  lr 4.64e-05  GeM_p=1.97    41s
2026-03-17 01:47:28,842 [INFO]   S2 Ep  33/150  train 1.1711 / 68.9%  val 1.1870 / 88.5%  lr 4.62e-05  GeM_p=1.97    41s
2026-03-17 01:47:28,989 [INFO]   ★ best 88.50% → /data/slr/checkpoints_v11/best_fold1.pt
2026-03-17 01:48:10,456 [INFO]   S2 Ep  34/150  train 1.1426 / 69.2%  val 1.2002 / 87.9%  lr 4.59e-05  GeM_p=1.97    41s
2026-03-17 01:48:51,893 [INFO]   S2 Ep  35/150  train 1.1415 / 69.6%  val 1.1923 / 87.6%  lr 4.55e-05  GeM_p=1.97    41s
2026-03-17 01:49:33,361 [INFO]   S2 Ep  36/150  train 1.1280 / 70.2%  val 1.2007 / 87.3%  lr 4.52e-05  GeM_p=1.97    41s
2026-03-17 01:50:14,723 [INFO]   S2 Ep  37/150  train 1.1513 / 69.1%  val 1.2060 / 87.6%  lr 4.49e-05  GeM_p=1.97    41s
2026-03-17 01:50:56,147 [INFO]   S2 Ep  38/150  train 1.1654 / 68.5%  val 1.2114 / 87.5%  lr 4.46e-05  GeM_p=1.96    41s
2026-03-17 01:51:37,567 [INFO]   S2 Ep  39/150  train 1.1202 / 70.2%  val 1.1844 / 88.4%  lr 4.42e-05  GeM_p=1.96    41s
2026-03-17 01:52:18,999 [INFO]   S2 Ep  40/150  train 1.1291 / 70.1%  val 1.1849 / 88.3%  lr 4.39e-05  GeM_p=1.96    41s
2026-03-17 01:53:00,451 [INFO]   S2 Ep  41/150  train 1.1656 / 68.4%  val 1.1891 / 88.5%  lr 4.35e-05  GeM_p=1.96    41s
2026-03-17 01:53:41,897 [INFO]   S2 Ep  42/150  train 1.1160 / 70.8%  val 1.2010 / 88.3%  lr 4.31e-05  GeM_p=1.96    41s
2026-03-17 01:54:23,397 [INFO]   S2 Ep  43/150  train 1.1362 / 69.4%  val 1.2076 / 87.4%  lr 4.27e-05  GeM_p=1.96    42s
2026-03-17 01:55:04,857 [INFO]   S2 Ep  44/150  train 1.1542 / 68.6%  val 1.2014 / 88.0%  lr 4.23e-05  GeM_p=1.96    41s
2026-03-17 01:55:46,310 [INFO]   S2 Ep  45/150  train 1.1394 / 69.4%  val 1.2086 / 88.0%  lr 4.19e-05  GeM_p=1.95    41s
2026-03-17 01:56:27,825 [INFO]   S2 Ep  46/150  train 1.1452 / 69.5%  val 1.2219 / 87.5%  lr 4.15e-05  GeM_p=1.95    42s
2026-03-17 01:57:09,264 [INFO]   S2 Ep  47/150  train 1.1338 / 69.6%  val 1.1992 / 88.1%  lr 4.11e-05  GeM_p=1.95    41s
2026-03-17 01:57:50,712 [INFO]   S2 Ep  48/150  train 1.1519 / 68.8%  val 1.2080 / 87.7%  lr 4.07e-05  GeM_p=1.95    41s
2026-03-17 01:58:32,122 [INFO]   S2 Ep  49/150  train 1.1529 / 68.7%  val 1.2002 / 87.9%  lr 4.02e-05  GeM_p=1.95    41s
2026-03-17 01:59:13,557 [INFO]   S2 Ep  50/150  train 1.1056 / 71.2%  val 1.2004 / 87.8%  lr 3.98e-05  GeM_p=1.95    41s
2026-03-17 01:59:55,031 [INFO]   S2 Ep  51/150  train 1.1008 / 71.1%  val 1.1998 / 88.1%  lr 3.94e-05  GeM_p=1.95    41s
2026-03-17 02:00:36,430 [INFO]   S2 Ep  52/150  train 1.1289 / 70.5%  val 1.1913 / 88.6%  lr 3.89e-05  GeM_p=1.94    41s
2026-03-17 02:00:36,572 [INFO]   ★ best 88.57% → /data/slr/checkpoints_v11/best_fold1.pt
2026-03-17 02:01:17,974 [INFO]   S2 Ep  53/150  train 1.1180 / 70.6%  val 1.1993 / 88.2%  lr 3.84e-05  GeM_p=1.94    41s
2026-03-17 02:01:59,450 [INFO]   S2 Ep  54/150  train 1.1287 / 70.6%  val 1.1918 / 88.4%  lr 3.80e-05  GeM_p=1.94    41s
2026-03-17 02:02:40,865 [INFO]   S2 Ep  55/150  train 1.1062 / 71.1%  val 1.1906 / 88.6%  lr 3.75e-05  GeM_p=1.94    41s
2026-03-17 02:03:22,268 [INFO]   S2 Ep  56/150  train 1.1243 / 70.3%  val 1.1829 / 88.3%  lr 3.70e-05  GeM_p=1.94    41s
2026-03-17 02:04:03,701 [INFO]   S2 Ep  57/150  train 1.1283 / 70.6%  val 1.1934 / 88.5%  lr 3.65e-05  GeM_p=1.94    41s
2026-03-17 02:04:45,168 [INFO]   S2 Ep  58/150  train 1.1228 / 70.0%  val 1.1962 / 88.1%  lr 3.60e-05  GeM_p=1.94    41s
2026-03-17 02:05:26,649 [INFO]   S2 Ep  59/150  train 1.0826 / 72.2%  val 1.1912 / 88.6%  lr 3.55e-05  GeM_p=1.94    41s
2026-03-17 02:05:26,790 [INFO]   ★ best 88.64% → /data/slr/checkpoints_v11/best_fold1.pt
2026-03-17 02:06:08,293 [INFO]   S2 Ep  60/150  train 1.1413 / 68.9%  val 1.1715 / 88.5%  lr 3.50e-05  GeM_p=1.94    42s
2026-03-17 02:06:49,752 [INFO]   S2 Ep  61/150  train 1.1046 / 70.6%  val 1.1796 / 88.9%  lr 3.45e-05  GeM_p=1.93    41s
2026-03-17 02:06:49,903 [INFO]   ★ best 88.88% → /data/slr/checkpoints_v11/best_fold1.pt
2026-03-17 02:07:31,355 [INFO]   S2 Ep  62/150  train 1.1204 / 70.3%  val 1.1895 / 88.5%  lr 3.40e-05  GeM_p=1.93    41s
2026-03-17 02:08:12,807 [INFO]   S2 Ep  63/150  train 1.1102 / 70.9%  val 1.1930 / 88.5%  lr 3.35e-05  GeM_p=1.93    41s
2026-03-17 02:08:54,246 [INFO]   S2 Ep  64/150  train 1.1017 / 71.1%  val 1.1819 / 88.6%  lr 3.30e-05  GeM_p=1.93    41s
2026-03-17 02:09:35,705 [INFO]   S2 Ep  65/150  train 1.1068 / 70.4%  val 1.1781 / 89.1%  lr 3.25e-05  GeM_p=1.93    41s
2026-03-17 02:09:35,860 [INFO]   ★ best 89.11% → /data/slr/checkpoints_v11/best_fold1.pt
2026-03-17 02:10:17,295 [INFO]   S2 Ep  66/150  train 1.1311 / 68.9%  val 1.1720 / 89.1%  lr 3.19e-05  GeM_p=1.93    41s
2026-03-17 02:10:17,447 [INFO]   ★ best 89.15% → /data/slr/checkpoints_v11/best_fold1.pt
2026-03-17 02:10:58,921 [INFO]   S2 Ep  67/150  train 1.1000 / 71.0%  val 1.1976 / 88.2%  lr 3.14e-05  GeM_p=1.93    41s
2026-03-17 02:11:40,352 [INFO]   S2 Ep  68/150  train 1.0970 / 71.0%  val 1.1927 / 88.3%  lr 3.09e-05  GeM_p=1.93    41s
2026-03-17 02:12:21,800 [INFO]   S2 Ep  69/150  train 1.1112 / 70.6%  val 1.1850 / 88.8%  lr 3.03e-05  GeM_p=1.93    41s
2026-03-17 02:13:03,236 [INFO]   S2 Ep  70/150  train 1.1068 / 70.8%  val 1.1927 / 88.2%  lr 2.98e-05  GeM_p=1.92    41s
2026-03-17 02:13:44,644 [INFO]   S2 Ep  71/150  train 1.1114 / 70.3%  val 1.1916 / 88.2%  lr 2.93e-05  GeM_p=1.92    41s
2026-03-17 02:14:26,069 [INFO]   S2 Ep  72/150  train 1.0776 / 72.5%  val 1.1974 / 88.2%  lr 2.87e-05  GeM_p=1.92    41s
2026-03-17 02:15:07,449 [INFO]   S2 Ep  73/150  train 1.1197 / 70.2%  val 1.1983 / 88.4%  lr 2.82e-05  GeM_p=1.92    41s
2026-03-17 02:15:48,940 [INFO]   S2 Ep  74/150  train 1.0925 / 71.7%  val 1.1972 / 88.5%  lr 2.76e-05  GeM_p=1.92    41s
2026-03-17 02:16:30,425 [INFO]   S2 Ep  75/150  train 1.1109 / 70.9%  val 1.1772 / 89.0%  lr 2.71e-05  GeM_p=1.92    41s
2026-03-17 02:17:11,861 [INFO]   S2 Ep  76/150  train 1.1153 / 70.3%  val 1.1852 / 88.5%  lr 2.65e-05  GeM_p=1.92    41s
2026-03-17 02:17:53,268 [INFO]   S2 Ep  77/150  train 1.1355 / 69.1%  val 1.1970 / 88.5%  lr 2.60e-05  GeM_p=1.92    41s
2026-03-17 02:18:34,701 [INFO]   S2 Ep  78/150  train 1.0940 / 71.4%  val 1.1777 / 89.0%  lr 2.54e-05  GeM_p=1.92    41s
2026-03-17 02:19:16,145 [INFO]   S2 Ep  79/150  train 1.0686 / 72.5%  val 1.1785 / 88.7%  lr 2.49e-05  GeM_p=1.92    41s
2026-03-17 02:19:57,582 [INFO]   S2 Ep  80/150  train 1.0986 / 70.9%  val 1.1781 / 88.6%  lr 2.43e-05  GeM_p=1.92    41s
2026-03-17 02:20:39,008 [INFO]   S2 Ep  81/150  train 1.1213 / 70.1%  val 1.1863 / 88.8%  lr 2.38e-05  GeM_p=1.92    41s
2026-03-17 02:21:20,473 [INFO]   S2 Ep  82/150  train 1.0548 / 73.0%  val 1.1773 / 89.0%  lr 2.32e-05  GeM_p=1.92    41s
2026-03-17 02:22:01,904 [INFO]   S2 Ep  83/150  train 1.0940 / 71.6%  val 1.1737 / 89.1%  lr 2.27e-05  GeM_p=1.92    41s
2026-03-17 02:22:43,368 [INFO]   S2 Ep  84/150  train 1.0886 / 71.9%  val 1.1684 / 88.9%  lr 2.21e-05  GeM_p=1.91    41s
2026-03-17 02:23:24,754 [INFO]   S2 Ep  85/150  train 1.0637 / 72.6%  val 1.1698 / 88.9%  lr 2.16e-05  GeM_p=1.91    41s
2026-03-17 02:24:06,196 [INFO]   S2 Ep  86/150  train 1.0543 / 72.9%  val 1.1843 / 88.7%  lr 2.10e-05  GeM_p=1.91    41s
2026-03-17 02:24:47,704 [INFO]   S2 Ep  87/150  train 1.1015 / 70.6%  val 1.1729 / 89.0%  lr 2.05e-05  GeM_p=1.91    42s
2026-03-17 02:25:29,113 [INFO]   S2 Ep  88/150  train 1.0659 / 72.5%  val 1.1687 / 88.9%  lr 1.99e-05  GeM_p=1.91    41s
2026-03-17 02:26:10,505 [INFO]   S2 Ep  89/150  train 1.0866 / 71.1%  val 1.1709 / 88.8%  lr 1.94e-05  GeM_p=1.91    41s
2026-03-17 02:26:51,998 [INFO]   S2 Ep  90/150  train 1.0830 / 72.0%  val 1.1754 / 89.0%  lr 1.89e-05  GeM_p=1.91    41s
2026-03-17 02:27:33,463 [INFO]   S2 Ep  91/150  train 1.0894 / 71.6%  val 1.1717 / 89.4%  lr 1.83e-05  GeM_p=1.91    41s
2026-03-17 02:27:33,609 [INFO]   ★ best 89.39% → /data/slr/checkpoints_v11/best_fold1.pt
2026-03-17 02:28:15,084 [INFO]   S2 Ep  92/150  train 1.0879 / 71.3%  val 1.1659 / 89.1%  lr 1.78e-05  GeM_p=1.91    41s
2026-03-17 02:28:56,505 [INFO]   S2 Ep  93/150  train 1.0838 / 71.2%  val 1.1737 / 89.0%  lr 1.73e-05  GeM_p=1.91    41s
2026-03-17 02:29:37,966 [INFO]   S2 Ep  94/150  train 1.1041 / 70.7%  val 1.1732 / 89.3%  lr 1.68e-05  GeM_p=1.91    41s
2026-03-17 02:30:19,422 [INFO]   S2 Ep  95/150  train 1.0954 / 70.8%  val 1.1706 / 89.2%  lr 1.62e-05  GeM_p=1.91    41s
2026-03-17 02:31:00,916 [INFO]   S2 Ep  96/150  train 1.0792 / 71.9%  val 1.1681 / 89.0%  lr 1.57e-05  GeM_p=1.91    41s
2026-03-17 02:31:42,384 [INFO]   S2 Ep  97/150  train 1.0535 / 72.9%  val 1.1674 / 89.4%  lr 1.52e-05  GeM_p=1.91    41s
2026-03-17 02:32:23,792 [INFO]   S2 Ep  98/150  train 1.0694 / 72.4%  val 1.1700 / 89.3%  lr 1.47e-05  GeM_p=1.91    41s
2026-03-17 02:33:05,212 [INFO]   S2 Ep  99/150  train 1.0938 / 71.3%  val 1.1770 / 89.0%  lr 1.42e-05  GeM_p=1.91    41s
2026-03-17 02:33:46,618 [INFO]   S2 Ep 100/150  train 1.0797 / 71.6%  val 1.1671 / 89.4%  lr 1.37e-05  GeM_p=1.91    41s
2026-03-17 02:34:28,080 [INFO]   S2 Ep 101/150  train 1.0911 / 70.9%  val 1.1625 / 89.3%  lr 1.32e-05  GeM_p=1.91    41s
2026-03-17 02:35:09,517 [INFO]   S2 Ep 102/150  train 1.0479 / 73.3%  val 1.1733 / 89.3%  lr 1.27e-05  GeM_p=1.91    41s
2026-03-17 02:35:50,896 [INFO]   S2 Ep 103/150  train 1.0487 / 72.9%  val 1.1662 / 89.3%  lr 1.23e-05  GeM_p=1.91    41s
2026-03-17 02:36:32,276 [INFO]   S2 Ep 104/150  train 1.1025 / 70.3%  val 1.1659 / 89.1%  lr 1.18e-05  GeM_p=1.91    41s
2026-03-17 02:37:13,608 [INFO]   S2 Ep 105/150  train 1.0794 / 71.7%  val 1.1615 / 89.3%  lr 1.13e-05  GeM_p=1.91    41s
2026-03-17 02:37:54,999 [INFO]   S2 Ep 106/150  train 1.0923 / 70.8%  val 1.1693 / 89.2%  lr 1.09e-05  GeM_p=1.91    41s
2026-03-17 02:38:36,351 [INFO]   S2 Ep 107/150  train 1.0784 / 72.0%  val 1.1606 / 89.6%  lr 1.04e-05  GeM_p=1.90    41s
2026-03-17 02:38:36,496 [INFO]   ★ best 89.62% → /data/slr/checkpoints_v11/best_fold1.pt
2026-03-17 02:39:17,852 [INFO]   S2 Ep 108/150  train 1.0591 / 72.8%  val 1.1623 / 89.1%  lr 9.97e-06  GeM_p=1.90    41s
2026-03-17 02:39:59,258 [INFO]   S2 Ep 109/150  train 1.0546 / 72.6%  val 1.1626 / 89.5%  lr 9.54e-06  GeM_p=1.90    41s
2026-03-17 02:40:40,706 [INFO]   S2 Ep 110/150  train 1.0601 / 73.0%  val 1.1626 / 89.2%  lr 9.11e-06  GeM_p=1.90    41s
2026-03-17 02:41:22,144 [INFO]   S2 Ep 111/150  train 1.0701 / 72.3%  val 1.1675 / 89.2%  lr 8.69e-06  GeM_p=1.90    41s
2026-03-17 02:42:03,588 [INFO]   S2 Ep 112/150  train 1.0613 / 72.4%  val 1.1647 / 89.0%  lr 8.27e-06  GeM_p=1.90    41s
2026-03-17 02:42:45,002 [INFO]   S2 Ep 113/150  train 1.0812 / 71.4%  val 1.1582 / 89.4%  lr 7.87e-06  GeM_p=1.90    41s
2026-03-17 02:43:26,447 [INFO]   S2 Ep 114/150  train 1.0914 / 70.9%  val 1.1632 / 89.5%  lr 7.47e-06  GeM_p=1.90    41s
2026-03-17 02:44:07,854 [INFO]   S2 Ep 115/150  train 1.0683 / 72.3%  val 1.1611 / 89.3%  lr 7.08e-06  GeM_p=1.90    41s
2026-03-17 02:44:49,347 [INFO]   S2 Ep 116/150  train 1.0633 / 71.8%  val 1.1624 / 88.9%  lr 6.70e-06  GeM_p=1.90    41s
2026-03-17 02:45:30,733 [INFO]   S2 Ep 117/150  train 1.0530 / 72.7%  val 1.1652 / 89.0%  lr 6.33e-06  GeM_p=1.90    41s
2026-03-17 02:46:12,333 [INFO]   S2 Ep 118/150  train 1.0502 / 73.1%  val 1.1638 / 89.0%  lr 5.97e-06  GeM_p=1.90    42s
2026-03-17 02:46:53,780 [INFO]   S2 Ep 119/150  train 1.0615 / 72.2%  val 1.1584 / 89.2%  lr 5.62e-06  GeM_p=1.90    41s
2026-03-17 02:47:35,205 [INFO]   S2 Ep 120/150  train 1.1028 / 70.1%  val 1.1616 / 89.2%  lr 5.27e-06  GeM_p=1.90    41s
2026-03-17 02:48:16,607 [INFO]   S2 Ep 121/150  train 1.0729 / 71.6%  val 1.1581 / 89.0%  lr 4.94e-06  GeM_p=1.90    41s
2026-03-17 02:48:57,986 [INFO]   S2 Ep 122/150  train 1.0655 / 72.7%  val 1.1585 / 89.4%  lr 4.61e-06  GeM_p=1.90    41s
2026-03-17 02:49:39,414 [INFO]   S2 Ep 123/150  train 1.0574 / 72.2%  val 1.1590 / 89.5%  lr 4.30e-06  GeM_p=1.90    41s
2026-03-17 02:50:20,799 [INFO]   S2 Ep 124/150  train 1.0758 / 72.2%  val 1.1580 / 89.3%  lr 4.00e-06  GeM_p=1.90    41s
2026-03-17 02:51:02,229 [INFO]   S2 Ep 125/150  train 1.0567 / 72.5%  val 1.1557 / 89.5%  lr 3.70e-06  GeM_p=1.90    41s
2026-03-17 02:51:43,583 [INFO]   S2 Ep 126/150  train 1.0656 / 71.4%  val 1.1569 / 89.5%  lr 3.42e-06  GeM_p=1.90    41s
2026-03-17 02:52:24,982 [INFO]   S2 Ep 127/150  train 1.0306 / 73.7%  val 1.1540 / 89.7%  lr 3.15e-06  GeM_p=1.90    41s
2026-03-17 02:52:25,129 [INFO]   ★ best 89.69% → /data/slr/checkpoints_v11/best_fold1.pt
2026-03-17 02:53:06,531 [INFO]   S2 Ep 128/150  train 1.0575 / 72.5%  val 1.1549 / 89.5%  lr 2.88e-06  GeM_p=1.90    41s
2026-03-17 02:53:47,941 [INFO]   S2 Ep 129/150  train 1.0685 / 71.5%  val 1.1549 / 89.6%  lr 2.63e-06  GeM_p=1.90    41s
2026-03-17 02:54:29,334 [INFO]   S2 Ep 130/150  train 1.0379 / 73.6%  val 1.1582 / 89.3%  lr 2.39e-06  GeM_p=1.90    41s
2026-03-17 02:55:10,726 [INFO]   S2 Ep 131/150  train 1.0504 / 72.9%  val 1.1570 / 89.4%  lr 2.16e-06  GeM_p=1.90    41s
2026-03-17 02:55:52,230 [INFO]   S2 Ep 132/150  train 1.0400 / 73.2%  val 1.1583 / 89.3%  lr 1.94e-06  GeM_p=1.90    42s
2026-03-17 02:56:33,661 [INFO]   S2 Ep 133/150  train 1.0786 / 71.6%  val 1.1558 / 89.3%  lr 1.74e-06  GeM_p=1.90    41s
2026-03-17 02:57:15,117 [INFO]   S2 Ep 134/150  train 1.0639 / 72.6%  val 1.1535 / 89.5%  lr 1.54e-06  GeM_p=1.90    41s
2026-03-17 02:57:56,507 [INFO]   S2 Ep 135/150  train 1.0912 / 70.8%  val 1.1544 / 89.7%  lr 1.36e-06  GeM_p=1.90    41s
2026-03-17 02:58:37,975 [INFO]   S2 Ep 136/150  train 1.0151 / 73.9%  val 1.1545 / 89.5%  lr 1.18e-06  GeM_p=1.90    41s
2026-03-17 02:59:19,346 [INFO]   S2 Ep 137/150  train 1.0543 / 72.3%  val 1.1553 / 89.4%  lr 1.02e-06  GeM_p=1.90    41s
2026-03-17 03:00:00,696 [INFO]   S2 Ep 138/150  train 1.0651 / 72.3%  val 1.1547 / 89.5%  lr 8.71e-07  GeM_p=1.90    41s
2026-03-17 03:00:42,153 [INFO]   S2 Ep 139/150  train 1.0639 / 71.8%  val 1.1551 / 89.5%  lr 7.33e-07  GeM_p=1.90    41s
2026-03-17 03:01:23,605 [INFO]   S2 Ep 140/150  train 1.0497 / 72.7%  val 1.1559 / 89.5%  lr 6.07e-07  GeM_p=1.90    41s
2026-03-17 03:02:05,022 [INFO]   S2 Ep 141/150  train 1.0229 / 74.0%  val 1.1564 / 89.5%  lr 4.92e-07  GeM_p=1.90    41s
2026-03-17 03:02:46,515 [INFO]   S2 Ep 142/150  train 1.0838 / 71.4%  val 1.1552 / 89.5%  lr 3.90e-07  GeM_p=1.90    41s
2026-03-17 03:03:27,983 [INFO]   S2 Ep 143/150  train 1.0627 / 72.2%  val 1.1551 / 89.5%  lr 2.99e-07  GeM_p=1.90    41s
2026-03-17 03:04:09,427 [INFO]   S2 Ep 144/150  train 1.0288 / 73.8%  val 1.1550 / 89.5%  lr 2.20e-07  GeM_p=1.90    41s
2026-03-17 03:04:50,967 [INFO]   S2 Ep 145/150  train 1.0649 / 71.7%  val 1.1551 / 89.5%  lr 1.54e-07  GeM_p=1.90    42s
2026-03-17 03:05:32,387 [INFO]   S2 Ep 146/150  train 1.0700 / 72.6%  val 1.1552 / 89.5%  lr 9.90e-08  GeM_p=1.90    41s
2026-03-17 03:06:13,765 [INFO]   S2 Ep 147/150  train 1.0581 / 72.3%  val 1.1551 / 89.5%  lr 5.66e-08  GeM_p=1.90    41s
2026-03-17 03:06:55,224 [INFO]   S2 Ep 148/150  train 1.0159 / 74.3%  val 1.1550 / 89.5%  lr 2.62e-08  GeM_p=1.90    41s
2026-03-17 03:07:36,640 [INFO]   S2 Ep 149/150  train 1.0684 / 72.2%  val 1.1550 / 89.5%  lr 8.05e-09  GeM_p=1.90    41s
2026-03-17 03:08:18,082 [INFO]   S2 Ep 150/150  train 1.0826 / 71.6%  val 1.1550 / 89.5%  lr 2.00e-09  GeM_p=1.90    41s
2026-03-17 03:08:18,082 [INFO]   Fold 2 best val acc: 89.69%
2026-03-17 03:08:18,368 [INFO] ================================================================
2026-03-17 03:08:18,368 [INFO] FOLD 3 / 5
2026-03-17 03:08:18,368 [INFO] ================================================================
2026-03-17 03:08:18,370 [INFO]   Train: 20150 (orig 11794 + PL 8356)  |  Val: 2948
2026-03-17 03:08:18,577 [INFO] Loading pretrained weights from Hugging Face hub (timm/convnextv2_tiny.fcmae_ft_in22k_in1k)
2026-03-17 03:08:18,828 [INFO] HTTP Request: HEAD https://huggingface.co/timm/convnextv2_tiny.fcmae_ft_in22k_in1k/resolve/main/model.safetensors "HTTP/1.1 302 Found"
2026-03-17 03:08:18,829 [INFO] [timm/convnextv2_tiny.fcmae_ft_in22k_in1k] Safe alternative available for 'pytorch_model.bin' (as 'model.safetensors'). Loading weights using safetensors.
2026-03-17 03:08:18,845 [INFO] Missing keys (head.fc.weight, head.fc.bias) discovered while loading pretrained weights. This is expected if model is being adapted.
2026-03-17 03:08:18,949 [INFO]   Born-again ← best_fold2.pt (val 89.52%)
2026-03-17 03:08:18,949 [INFO] ── Stage 1: head-only warmup (5 epochs, no mix) ──
2026-03-17 03:08:36,312 [INFO]   S1 Ep  1/5  train 0.5638 / 93.1%  val 1.1351 / 89.4%    17s
2026-03-17 03:08:36,414 [INFO]   ★ best 89.38%
2026-03-17 03:08:48,188 [INFO]   S1 Ep  2/5  train 0.5740 / 92.9%  val 1.1344 / 89.5%    12s
2026-03-17 03:08:48,326 [INFO]   ★ best 89.52%
2026-03-17 03:09:00,080 [INFO]   S1 Ep  3/5  train 0.5623 / 93.3%  val 1.1358 / 89.7%    12s
2026-03-17 03:09:00,212 [INFO]   ★ best 89.69%
2026-03-17 03:09:12,002 [INFO]   S1 Ep  4/5  train 0.5648 / 93.1%  val 1.1307 / 89.6%    12s
2026-03-17 03:09:23,739 [INFO]   S1 Ep  5/5  train 0.5605 / 93.1%  val 1.1308 / 89.6%    12s
2026-03-17 03:09:23,739 [INFO] Stage 1 done — best val: 89.69%
2026-03-17 03:09:23,739 [INFO] ── Stage 2: full fine-tune + LLRD (150 epochs, patience 40) ──
2026-03-17 03:09:23,740 [INFO] LLRD: 12 groups, LR [1.19e-05 … 5.00e-05]
2026-03-17 03:10:05,331 [INFO]   S2 Ep   1/150  train 1.2040 / 67.2%  val 1.1339 / 89.5%  lr 4.08e-06  GeM_p=2.00    42s
2026-03-17 03:10:46,889 [INFO]   S2 Ep   2/150  train 1.1779 / 67.9%  val 1.1330 / 89.4%  lr 9.95e-06  GeM_p=2.00    42s
2026-03-17 03:11:28,507 [INFO]   S2 Ep   3/150  train 1.2090 / 66.3%  val 1.1431 / 89.2%  lr 1.86e-05  GeM_p=2.00    42s
2026-03-17 03:12:10,089 [INFO]   S2 Ep   4/150  train 1.2181 / 66.4%  val 1.1430 / 88.9%  lr 2.85e-05  GeM_p=2.00    42s
2026-03-17 03:12:51,641 [INFO]   S2 Ep   5/150  train 1.2110 / 66.6%  val 1.1514 / 88.8%  lr 3.80e-05  GeM_p=2.00    42s
2026-03-17 03:13:33,206 [INFO]   S2 Ep   6/150  train 1.2227 / 65.9%  val 1.1589 / 88.5%  lr 4.54e-05  GeM_p=2.00    42s
2026-03-17 03:14:14,757 [INFO]   S2 Ep   7/150  train 1.1981 / 66.5%  val 1.1543 / 88.9%  lr 4.95e-05  GeM_p=2.00    42s
2026-03-17 03:14:56,310 [INFO]   S2 Ep   8/150  train 1.1898 / 67.4%  val 1.1627 / 88.9%  lr 5.00e-05  GeM_p=1.99    42s
2026-03-17 03:15:37,852 [INFO]   S2 Ep   9/150  train 1.2097 / 66.4%  val 1.1688 / 88.3%  lr 5.00e-05  GeM_p=1.99    42s
2026-03-17 03:16:19,410 [INFO]   S2 Ep  10/150  train 1.2383 / 65.4%  val 1.1673 / 88.3%  lr 5.00e-05  GeM_p=1.99    42s
2026-03-17 03:17:00,996 [INFO]   S2 Ep  11/150  train 1.1912 / 67.6%  val 1.1523 / 88.9%  lr 4.99e-05  GeM_p=1.99    42s
2026-03-17 03:17:42,601 [INFO]   S2 Ep  12/150  train 1.1624 / 68.5%  val 1.1647 / 88.4%  lr 4.99e-05  GeM_p=1.99    42s
2026-03-17 03:18:24,140 [INFO]   S2 Ep  13/150  train 1.2191 / 65.8%  val 1.1726 / 88.3%  lr 4.98e-05  GeM_p=1.99    42s
2026-03-17 03:19:05,692 [INFO]   S2 Ep  14/150  train 1.2196 / 65.7%  val 1.1510 / 88.9%  lr 4.97e-05  GeM_p=1.99    42s
2026-03-17 03:19:47,299 [INFO]   S2 Ep  15/150  train 1.2050 / 67.1%  val 1.1657 / 88.1%  lr 4.97e-05  GeM_p=1.98    42s
2026-03-17 03:20:28,831 [INFO]   S2 Ep  16/150  train 1.1462 / 69.6%  val 1.1783 / 88.1%  lr 4.96e-05  GeM_p=1.98    42s
2026-03-17 03:21:10,429 [INFO]   S2 Ep  17/150  train 1.1530 / 69.3%  val 1.1603 / 88.9%  lr 4.95e-05  GeM_p=1.98    42s
2026-03-17 03:21:52,032 [INFO]   S2 Ep  18/150  train 1.1684 / 68.4%  val 1.1543 / 88.6%  lr 4.93e-05  GeM_p=1.98    42s
2026-03-17 03:22:33,585 [INFO]   S2 Ep  19/150  train 1.1777 / 68.3%  val 1.1593 / 88.2%  lr 4.92e-05  GeM_p=1.97    42s
2026-03-17 03:23:15,186 [INFO]   S2 Ep  20/150  train 1.1899 / 67.6%  val 1.1445 / 89.3%  lr 4.91e-05  GeM_p=1.97    42s
2026-03-17 03:23:56,771 [INFO]   S2 Ep  21/150  train 1.1703 / 68.2%  val 1.1550 / 89.1%  lr 4.89e-05  GeM_p=1.97    42s
2026-03-17 03:24:38,385 [INFO]   S2 Ep  22/150  train 1.1741 / 68.0%  val 1.1534 / 88.9%  lr 4.87e-05  GeM_p=1.97    42s
2026-03-17 03:25:19,934 [INFO]   S2 Ep  23/150  train 1.1828 / 67.6%  val 1.1594 / 88.9%  lr 4.86e-05  GeM_p=1.97    42s
2026-03-17 03:26:01,557 [INFO]   S2 Ep  24/150  train 1.1942 / 67.2%  val 1.1323 / 89.1%  lr 4.84e-05  GeM_p=1.96    42s
2026-03-17 03:26:43,111 [INFO]   S2 Ep  25/150  train 1.1815 / 67.6%  val 1.1353 / 89.3%  lr 4.82e-05  GeM_p=1.96    42s
2026-03-17 03:27:24,745 [INFO]   S2 Ep  26/150  train 1.1727 / 67.7%  val 1.1497 / 88.9%  lr 4.79e-05  GeM_p=1.96    42s
2026-03-17 03:28:06,298 [INFO]   S2 Ep  27/150  train 1.1779 / 67.9%  val 1.1334 / 89.5%  lr 4.77e-05  GeM_p=1.96    42s
2026-03-17 03:28:47,916 [INFO]   S2 Ep  28/150  train 1.1821 / 67.8%  val 1.1376 / 89.8%  lr 4.75e-05  GeM_p=1.96    42s
2026-03-17 03:28:48,054 [INFO]   ★ best 89.82% → /data/slr/checkpoints_v11/best_fold2.pt
2026-03-17 03:29:29,680 [INFO]   S2 Ep  29/150  train 1.1437 / 69.2%  val 1.1630 / 89.0%  lr 4.72e-05  GeM_p=1.96    42s
2026-03-17 03:30:11,298 [INFO]   S2 Ep  30/150  train 1.1841 / 67.2%  val 1.1468 / 88.9%  lr 4.70e-05  GeM_p=1.96    42s
2026-03-17 03:30:52,850 [INFO]   S2 Ep  31/150  train 1.1578 / 69.0%  val 1.1520 / 88.5%  lr 4.67e-05  GeM_p=1.95    42s
2026-03-17 03:31:34,428 [INFO]   S2 Ep  32/150  train 1.1559 / 69.0%  val 1.1447 / 88.8%  lr 4.64e-05  GeM_p=1.95    42s
2026-03-17 03:32:16,020 [INFO]   S2 Ep  33/150  train 1.1467 / 69.4%  val 1.1499 / 89.5%  lr 4.62e-05  GeM_p=1.95    42s
2026-03-17 03:32:57,606 [INFO]   S2 Ep  34/150  train 1.1560 / 68.4%  val 1.1424 / 89.3%  lr 4.59e-05  GeM_p=1.95    42s
2026-03-17 03:33:39,242 [INFO]   S2 Ep  35/150  train 1.1832 / 67.6%  val 1.1469 / 89.2%  lr 4.55e-05  GeM_p=1.95    42s
2026-03-17 03:34:20,882 [INFO]   S2 Ep  36/150  train 1.1531 / 68.9%  val 1.1466 / 88.8%  lr 4.52e-05  GeM_p=1.95    42s
2026-03-17 03:35:02,505 [INFO]   S2 Ep  37/150  train 1.1725 / 67.8%  val 1.1391 / 89.6%  lr 4.49e-05  GeM_p=1.94    42s
2026-03-17 03:35:44,114 [INFO]   S2 Ep  38/150  train 1.1128 / 70.8%  val 1.1448 / 89.7%  lr 4.46e-05  GeM_p=1.94    42s
2026-03-17 03:36:25,745 [INFO]   S2 Ep  39/150  train 1.1370 / 69.6%  val 1.1294 / 89.4%  lr 4.42e-05  GeM_p=1.94    42s
2026-03-17 03:37:07,283 [INFO]   S2 Ep  40/150  train 1.1429 / 69.7%  val 1.1509 / 89.2%  lr 4.39e-05  GeM_p=1.94    42s
2026-03-17 03:37:48,867 [INFO]   S2 Ep  41/150  train 1.1540 / 68.8%  val 1.1428 / 89.5%  lr 4.35e-05  GeM_p=1.94    42s
2026-03-17 03:38:30,509 [INFO]   S2 Ep  42/150  train 1.1800 / 67.2%  val 1.1384 / 89.4%  lr 4.31e-05  GeM_p=1.93    42s
2026-03-17 03:39:12,062 [INFO]   S2 Ep  43/150  train 1.1312 / 69.6%  val 1.1425 / 89.7%  lr 4.27e-05  GeM_p=1.93    42s
2026-03-17 03:39:53,607 [INFO]   S2 Ep  44/150  train 1.1864 / 67.2%  val 1.1401 / 90.1%  lr 4.23e-05  GeM_p=1.93    42s
2026-03-17 03:39:53,750 [INFO]   ★ best 90.06% → /data/slr/checkpoints_v11/best_fold2.pt
2026-03-17 03:40:35,312 [INFO]   S2 Ep  45/150  train 1.1350 / 69.8%  val 1.1424 / 89.7%  lr 4.19e-05  GeM_p=1.93    42s
2026-03-17 03:41:16,813 [INFO]   S2 Ep  46/150  train 1.1719 / 67.3%  val 1.1385 / 89.7%  lr 4.15e-05  GeM_p=1.93    42s
2026-03-17 03:41:58,435 [INFO]   S2 Ep  47/150  train 1.0841 / 71.8%  val 1.1414 / 89.5%  lr 4.11e-05  GeM_p=1.93    42s
2026-03-17 03:42:39,969 [INFO]   S2 Ep  48/150  train 1.1240 / 70.1%  val 1.1381 / 89.7%  lr 4.07e-05  GeM_p=1.93    42s
2026-03-17 03:43:21,480 [INFO]   S2 Ep  49/150  train 1.1045 / 71.0%  val 1.1466 / 89.6%  lr 4.02e-05  GeM_p=1.93    42s
2026-03-17 03:44:02,977 [INFO]   S2 Ep  50/150  train 1.1511 / 68.8%  val 1.1396 / 89.5%  lr 3.98e-05  GeM_p=1.92    41s
2026-03-17 03:44:44,491 [INFO]   S2 Ep  51/150  train 1.1046 / 71.3%  val 1.1366 / 89.8%  lr 3.94e-05  GeM_p=1.92    42s
2026-03-17 03:45:26,067 [INFO]   S2 Ep  52/150  train 1.1125 / 70.8%  val 1.1473 / 89.7%  lr 3.89e-05  GeM_p=1.92    42s
2026-03-17 03:46:07,638 [INFO]   S2 Ep  53/150  train 1.1245 / 70.2%  val 1.1489 / 89.2%  lr 3.84e-05  GeM_p=1.92    42s
2026-03-17 03:46:49,288 [INFO]   S2 Ep  54/150  train 1.1365 / 69.5%  val 1.1275 / 89.8%  lr 3.80e-05  GeM_p=1.92    42s
2026-03-17 03:47:30,861 [INFO]   S2 Ep  55/150  train 1.1407 / 69.7%  val 1.1341 / 89.7%  lr 3.75e-05  GeM_p=1.92    42s
2026-03-17 03:48:12,427 [INFO]   S2 Ep  56/150  train 1.1035 / 71.0%  val 1.1319 / 90.1%  lr 3.70e-05  GeM_p=1.92    42s
2026-03-17 03:48:53,934 [INFO]   S2 Ep  57/150  train 1.1192 / 69.9%  val 1.1286 / 90.2%  lr 3.65e-05  GeM_p=1.92    42s
2026-03-17 03:48:54,072 [INFO]   ★ best 90.16% → /data/slr/checkpoints_v11/best_fold2.pt
2026-03-17 03:49:35,605 [INFO]   S2 Ep  58/150  train 1.1172 / 70.5%  val 1.1386 / 89.6%  lr 3.60e-05  GeM_p=1.91    42s
2026-03-17 03:50:17,146 [INFO]   S2 Ep  59/150  train 1.1273 / 69.5%  val 1.1173 / 90.2%  lr 3.55e-05  GeM_p=1.91    42s
2026-03-17 03:50:58,698 [INFO]   S2 Ep  60/150  train 1.1238 / 70.8%  val 1.1328 / 89.8%  lr 3.50e-05  GeM_p=1.91    42s
2026-03-17 03:51:40,237 [INFO]   S2 Ep  61/150  train 1.1214 / 69.9%  val 1.1423 / 89.6%  lr 3.45e-05  GeM_p=1.91    42s
2026-03-17 03:52:21,754 [INFO]   S2 Ep  62/150  train 1.1301 / 69.7%  val 1.1232 / 90.1%  lr 3.40e-05  GeM_p=1.91    42s
2026-03-17 03:53:03,252 [INFO]   S2 Ep  63/150  train 1.1185 / 69.7%  val 1.1189 / 90.3%  lr 3.35e-05  GeM_p=1.91    41s
2026-03-17 03:53:03,399 [INFO]   ★ best 90.33% → /data/slr/checkpoints_v11/best_fold2.pt
2026-03-17 03:53:44,945 [INFO]   S2 Ep  64/150  train 1.1128 / 70.4%  val 1.1139 / 90.4%  lr 3.30e-05  GeM_p=1.91    42s
2026-03-17 03:53:45,085 [INFO]   ★ best 90.43% → /data/slr/checkpoints_v11/best_fold2.pt
2026-03-17 03:54:26,646 [INFO]   S2 Ep  65/150  train 1.1115 / 70.6%  val 1.1263 / 90.0%  lr 3.25e-05  GeM_p=1.91    42s
2026-03-17 03:55:08,174 [INFO]   S2 Ep  66/150  train 1.0717 / 72.3%  val 1.1232 / 90.2%  lr 3.19e-05  GeM_p=1.91    42s
2026-03-17 03:55:49,756 [INFO]   S2 Ep  67/150  train 1.1147 / 70.1%  val 1.1253 / 90.3%  lr 3.14e-05  GeM_p=1.91    42s
2026-03-17 03:56:31,338 [INFO]   S2 Ep  68/150  train 1.1188 / 70.1%  val 1.1230 / 90.4%  lr 3.09e-05  GeM_p=1.91    42s
2026-03-17 03:57:12,962 [INFO]   S2 Ep  69/150  train 1.1172 / 69.9%  val 1.1312 / 89.7%  lr 3.03e-05  GeM_p=1.90    42s
2026-03-17 03:57:54,497 [INFO]   S2 Ep  70/150  train 1.1117 / 70.3%  val 1.1281 / 90.1%  lr 2.98e-05  GeM_p=1.90    42s
2026-03-17 03:58:36,009 [INFO]   S2 Ep  71/150  train 1.1056 / 70.7%  val 1.1228 / 89.9%  lr 2.93e-05  GeM_p=1.90    42s
2026-03-17 03:59:17,609 [INFO]   S2 Ep  72/150  train 1.0592 / 73.0%  val 1.1214 / 90.0%  lr 2.87e-05  GeM_p=1.90    42s
2026-03-17 03:59:59,178 [INFO]   S2 Ep  73/150  train 1.0927 / 71.6%  val 1.1207 / 90.0%  lr 2.82e-05  GeM_p=1.90    42s
2026-03-17 04:00:40,747 [INFO]   S2 Ep  74/150  train 1.1070 / 70.7%  val 1.1270 / 90.2%  lr 2.76e-05  GeM_p=1.90    42s
2026-03-17 04:01:22,351 [INFO]   S2 Ep  75/150  train 1.1061 / 70.8%  val 1.1113 / 90.5%  lr 2.71e-05  GeM_p=1.90    42s
2026-03-17 04:01:22,499 [INFO]   ★ best 90.47% → /data/slr/checkpoints_v11/best_fold2.pt
2026-03-17 04:02:04,078 [INFO]   S2 Ep  76/150  train 1.1055 / 70.2%  val 1.1227 / 89.9%  lr 2.65e-05  GeM_p=1.90    42s
2026-03-17 04:02:45,687 [INFO]   S2 Ep  77/150  train 1.0873 / 71.4%  val 1.1317 / 90.2%  lr 2.60e-05  GeM_p=1.90    42s
2026-03-17 04:03:27,266 [INFO]   S2 Ep  78/150  train 1.0859 / 71.4%  val 1.1088 / 90.8%  lr 2.54e-05  GeM_p=1.90    42s
2026-03-17 04:03:27,407 [INFO]   ★ best 90.77% → /data/slr/checkpoints_v11/best_fold2.pt
2026-03-17 04:04:08,949 [INFO]   S2 Ep  79/150  train 1.0780 / 72.3%  val 1.1058 / 90.4%  lr 2.49e-05  GeM_p=1.90    42s
2026-03-17 04:04:50,493 [INFO]   S2 Ep  80/150  train 1.0654 / 72.6%  val 1.1176 / 90.5%  lr 2.43e-05  GeM_p=1.90    42s
2026-03-17 04:05:32,099 [INFO]   S2 Ep  81/150  train 1.0889 / 70.8%  val 1.1134 / 90.7%  lr 2.38e-05  GeM_p=1.90    42s
2026-03-17 04:06:13,724 [INFO]   S2 Ep  82/150  train 1.1045 / 70.6%  val 1.1125 / 90.5%  lr 2.32e-05  GeM_p=1.90    42s
2026-03-17 04:06:55,325 [INFO]   S2 Ep  83/150  train 1.0507 / 73.4%  val 1.1151 / 90.2%  lr 2.27e-05  GeM_p=1.89    42s
2026-03-17 04:07:36,969 [INFO]   S2 Ep  84/150  train 1.0496 / 73.4%  val 1.1152 / 90.4%  lr 2.21e-05  GeM_p=1.89    42s
2026-03-17 04:08:18,539 [INFO]   S2 Ep  85/150  train 1.1096 / 69.9%  val 1.1140 / 90.8%  lr 2.16e-05  GeM_p=1.89    42s
2026-03-17 04:09:00,222 [INFO]   S2 Ep  86/150  train 1.0768 / 71.8%  val 1.1077 / 90.7%  lr 2.10e-05  GeM_p=1.89    42s
2026-03-17 04:09:41,802 [INFO]   S2 Ep  87/150  train 1.0865 / 71.2%  val 1.1178 / 90.5%  lr 2.05e-05  GeM_p=1.89    42s
2026-03-17 04:10:23,428 [INFO]   S2 Ep  88/150  train 1.0554 / 73.1%  val 1.1199 / 90.8%  lr 1.99e-05  GeM_p=1.89    42s
2026-03-17 04:10:23,573 [INFO]   ★ best 90.81% → /data/slr/checkpoints_v11/best_fold2.pt
2026-03-17 04:11:05,157 [INFO]   S2 Ep  89/150  train 1.0756 / 71.9%  val 1.1270 / 90.1%  lr 1.94e-05  GeM_p=1.89    42s
2026-03-17 04:11:46,777 [INFO]   S2 Ep  90/150  train 1.0760 / 71.7%  val 1.1156 / 90.5%  lr 1.89e-05  GeM_p=1.89    42s
2026-03-17 04:12:28,398 [INFO]   S2 Ep  91/150  train 1.0824 / 71.7%  val 1.1077 / 91.1%  lr 1.83e-05  GeM_p=1.89    42s
2026-03-17 04:12:28,535 [INFO]   ★ best 91.08% → /data/slr/checkpoints_v11/best_fold2.pt
2026-03-17 04:13:10,054 [INFO]   S2 Ep  92/150  train 1.0735 / 71.6%  val 1.1073 / 90.8%  lr 1.78e-05  GeM_p=1.89    42s
2026-03-17 04:13:51,660 [INFO]   S2 Ep  93/150  train 1.0867 / 71.3%  val 1.1061 / 90.8%  lr 1.73e-05  GeM_p=1.89    42s
2026-03-17 04:14:33,196 [INFO]   S2 Ep  94/150  train 1.0545 / 72.9%  val 1.1024 / 90.9%  lr 1.68e-05  GeM_p=1.89    42s
2026-03-17 04:15:14,745 [INFO]   S2 Ep  95/150  train 1.0667 / 72.3%  val 1.1031 / 90.5%  lr 1.62e-05  GeM_p=1.89    42s
2026-03-17 04:15:56,311 [INFO]   S2 Ep  96/150  train 1.0613 / 72.8%  val 1.1026 / 90.6%  lr 1.57e-05  GeM_p=1.89    42s
2026-03-17 04:16:37,889 [INFO]   S2 Ep  97/150  train 1.1238 / 69.4%  val 1.1011 / 90.9%  lr 1.52e-05  GeM_p=1.89    42s
2026-03-17 04:17:19,457 [INFO]   S2 Ep  98/150  train 1.0918 / 70.6%  val 1.1081 / 90.9%  lr 1.47e-05  GeM_p=1.89    42s
2026-03-17 04:18:00,989 [INFO]   S2 Ep  99/150  train 1.0850 / 71.3%  val 1.1031 / 91.0%  lr 1.42e-05  GeM_p=1.89    42s
2026-03-17 04:18:42,558 [INFO]   S2 Ep 100/150  train 1.0575 / 72.6%  val 1.1036 / 90.6%  lr 1.37e-05  GeM_p=1.89    42s
2026-03-17 04:19:24,193 [INFO]   S2 Ep 101/150  train 1.0928 / 71.3%  val 1.1086 / 90.7%  lr 1.32e-05  GeM_p=1.89    42s
2026-03-17 04:20:05,772 [INFO]   S2 Ep 102/150  train 1.0837 / 70.9%  val 1.1045 / 90.7%  lr 1.27e-05  GeM_p=1.89    42s
2026-03-17 04:20:47,358 [INFO]   S2 Ep 103/150  train 1.0979 / 70.8%  val 1.0953 / 90.8%  lr 1.23e-05  GeM_p=1.89    42s
2026-03-17 04:21:28,938 [INFO]   S2 Ep 104/150  train 1.0722 / 71.9%  val 1.1040 / 90.7%  lr 1.18e-05  GeM_p=1.89    42s
2026-03-17 04:22:10,591 [INFO]   S2 Ep 105/150  train 1.0733 / 72.2%  val 1.0976 / 90.9%  lr 1.13e-05  GeM_p=1.89    42s
2026-03-17 04:22:52,322 [INFO]   S2 Ep 106/150  train 1.0426 / 73.5%  val 1.0903 / 91.2%  lr 1.09e-05  GeM_p=1.89    42s
2026-03-17 04:22:52,463 [INFO]   ★ best 91.25% → /data/slr/checkpoints_v11/best_fold2.pt
2026-03-17 04:23:34,068 [INFO]   S2 Ep 107/150  train 1.0247 / 74.4%  val 1.0934 / 91.0%  lr 1.04e-05  GeM_p=1.89    42s
2026-03-17 04:24:15,692 [INFO]   S2 Ep 108/150  train 1.1064 / 70.3%  val 1.0931 / 90.9%  lr 9.97e-06  GeM_p=1.89    42s
2026-03-17 04:24:57,279 [INFO]   S2 Ep 109/150  train 1.1094 / 70.8%  val 1.0981 / 91.0%  lr 9.54e-06  GeM_p=1.89    42s
2026-03-17 04:25:38,792 [INFO]   S2 Ep 110/150  train 1.0772 / 71.5%  val 1.0953 / 90.9%  lr 9.11e-06  GeM_p=1.89    42s
2026-03-17 04:26:20,355 [INFO]   S2 Ep 111/150  train 1.0321 / 73.8%  val 1.0959 / 91.0%  lr 8.69e-06  GeM_p=1.89    42s
2026-03-17 04:27:02,019 [INFO]   S2 Ep 112/150  train 1.0301 / 73.8%  val 1.1006 / 90.8%  lr 8.27e-06  GeM_p=1.89    42s
2026-03-17 04:27:43,603 [INFO]   S2 Ep 113/150  train 1.0411 / 73.2%  val 1.1052 / 90.6%  lr 7.87e-06  GeM_p=1.88    42s
2026-03-17 04:28:25,138 [INFO]   S2 Ep 114/150  train 1.0519 / 72.3%  val 1.1051 / 90.9%  lr 7.47e-06  GeM_p=1.88    42s
2026-03-17 04:29:06,727 [INFO]   S2 Ep 115/150  train 1.0713 / 71.8%  val 1.1004 / 90.5%  lr 7.08e-06  GeM_p=1.88    42s
2026-03-17 04:29:48,291 [INFO]   S2 Ep 116/150  train 1.0404 / 73.5%  val 1.0986 / 91.0%  lr 6.70e-06  GeM_p=1.88    42s
2026-03-17 04:30:29,898 [INFO]   S2 Ep 117/150  train 1.0573 / 72.1%  val 1.1026 / 90.9%  lr 6.33e-06  GeM_p=1.88    42s
2026-03-17 04:31:11,532 [INFO]   S2 Ep 118/150  train 1.0506 / 73.1%  val 1.0997 / 91.0%  lr 5.97e-06  GeM_p=1.88    42s
2026-03-17 04:31:53,137 [INFO]   S2 Ep 119/150  train 1.0206 / 74.5%  val 1.0974 / 90.8%  lr 5.62e-06  GeM_p=1.88    42s
2026-03-17 04:32:34,768 [INFO]   S2 Ep 120/150  train 1.0665 / 71.7%  val 1.0955 / 91.0%  lr 5.27e-06  GeM_p=1.88    42s
2026-03-17 04:33:16,338 [INFO]   S2 Ep 121/150  train 1.0370 / 73.5%  val 1.0947 / 91.0%  lr 4.94e-06  GeM_p=1.88    42s
2026-03-17 04:33:57,887 [INFO]   S2 Ep 122/150  train 1.0326 / 73.6%  val 1.0946 / 91.2%  lr 4.61e-06  GeM_p=1.88    42s
2026-03-17 04:34:39,450 [INFO]   S2 Ep 123/150  train 1.1109 / 69.8%  val 1.0946 / 91.0%  lr 4.30e-06  GeM_p=1.88    42s
2026-03-17 04:35:21,008 [INFO]   S2 Ep 124/150  train 1.0866 / 71.0%  val 1.0955 / 90.7%  lr 4.00e-06  GeM_p=1.88    42s
2026-03-17 04:36:02,607 [INFO]   S2 Ep 125/150  train 1.0422 / 73.4%  val 1.0984 / 90.6%  lr 3.70e-06  GeM_p=1.88    42s
2026-03-17 04:36:44,156 [INFO]   S2 Ep 126/150  train 1.0540 / 72.5%  val 1.0984 / 90.9%  lr 3.42e-06  GeM_p=1.88    42s
2026-03-17 04:37:25,681 [INFO]   S2 Ep 127/150  train 1.0557 / 72.3%  val 1.0935 / 90.9%  lr 3.15e-06  GeM_p=1.88    42s
2026-03-17 04:38:07,300 [INFO]   S2 Ep 128/150  train 1.0415 / 73.3%  val 1.0932 / 91.2%  lr 2.88e-06  GeM_p=1.88    42s
2026-03-17 04:38:48,963 [INFO]   S2 Ep 129/150  train 1.0350 / 73.1%  val 1.0937 / 91.1%  lr 2.63e-06  GeM_p=1.88    42s
2026-03-17 04:39:30,538 [INFO]   S2 Ep 130/150  train 1.0627 / 72.0%  val 1.0947 / 91.0%  lr 2.39e-06  GeM_p=1.88    42s
2026-03-17 04:40:12,100 [INFO]   S2 Ep 131/150  train 1.0917 / 71.0%  val 1.0954 / 91.0%  lr 2.16e-06  GeM_p=1.88    42s
2026-03-17 04:40:53,704 [INFO]   S2 Ep 132/150  train 1.0701 / 71.5%  val 1.0938 / 91.0%  lr 1.94e-06  GeM_p=1.88    42s
2026-03-17 04:41:35,314 [INFO]   S2 Ep 133/150  train 1.0508 / 72.6%  val 1.0941 / 91.1%  lr 1.74e-06  GeM_p=1.88    42s
2026-03-17 04:42:16,876 [INFO]   S2 Ep 134/150  train 1.0678 / 71.9%  val 1.0943 / 91.0%  lr 1.54e-06  GeM_p=1.88    42s
2026-03-17 04:42:58,529 [INFO]   S2 Ep 135/150  train 1.0715 / 71.6%  val 1.0929 / 90.9%  lr 1.36e-06  GeM_p=1.88    42s
2026-03-17 04:43:40,121 [INFO]   S2 Ep 136/150  train 1.0535 / 72.5%  val 1.0936 / 91.0%  lr 1.18e-06  GeM_p=1.88    42s
2026-03-17 04:44:21,654 [INFO]   S2 Ep 137/150  train 1.1018 / 70.7%  val 1.0934 / 90.9%  lr 1.02e-06  GeM_p=1.88    42s
2026-03-17 04:45:03,266 [INFO]   S2 Ep 138/150  train 1.0427 / 73.1%  val 1.0924 / 90.9%  lr 8.71e-07  GeM_p=1.88    42s
2026-03-17 04:45:44,842 [INFO]   S2 Ep 139/150  train 1.0174 / 74.7%  val 1.0928 / 90.8%  lr 7.33e-07  GeM_p=1.88    42s
2026-03-17 04:46:26,485 [INFO]   S2 Ep 140/150  train 1.0638 / 72.5%  val 1.0914 / 90.9%  lr 6.07e-07  GeM_p=1.88    42s
2026-03-17 04:47:08,066 [INFO]   S2 Ep 141/150  train 1.0469 / 72.5%  val 1.0921 / 91.0%  lr 4.92e-07  GeM_p=1.88    42s
2026-03-17 04:47:49,656 [INFO]   S2 Ep 142/150  train 1.0503 / 72.5%  val 1.0913 / 90.9%  lr 3.90e-07  GeM_p=1.88    42s
2026-03-17 04:48:31,238 [INFO]   S2 Ep 143/150  train 1.0449 / 73.0%  val 1.0914 / 90.9%  lr 2.99e-07  GeM_p=1.88    42s
2026-03-17 04:49:12,817 [INFO]   S2 Ep 144/150  train 1.0573 / 72.3%  val 1.0918 / 91.0%  lr 2.20e-07  GeM_p=1.88    42s
2026-03-17 04:49:54,413 [INFO]   S2 Ep 145/150  train 1.0977 / 70.6%  val 1.0918 / 91.0%  lr 1.54e-07  GeM_p=1.88    42s
2026-03-17 04:50:36,012 [INFO]   S2 Ep 146/150  train 1.0526 / 72.4%  val 1.0915 / 91.0%  lr 9.90e-08  GeM_p=1.88    42s
2026-03-17 04:50:36,012 [INFO]   Early stopping at S2 epoch 146
2026-03-17 04:50:36,012 [INFO]   Fold 3 best val acc: 91.25%
2026-03-17 04:50:36,272 [INFO] ================================================================
2026-03-17 04:50:36,272 [INFO] FOLD 4 / 5
2026-03-17 04:50:36,272 [INFO] ================================================================
2026-03-17 04:50:36,275 [INFO]   Train: 20150 (orig 11794 + PL 8356)  |  Val: 2948
2026-03-17 04:50:36,522 [INFO] Loading pretrained weights from Hugging Face hub (timm/convnextv2_tiny.fcmae_ft_in22k_in1k)
2026-03-17 04:50:36,663 [INFO] HTTP Request: HEAD https://huggingface.co/timm/convnextv2_tiny.fcmae_ft_in22k_in1k/resolve/main/model.safetensors "HTTP/1.1 302 Found"
2026-03-17 04:50:36,664 [INFO] [timm/convnextv2_tiny.fcmae_ft_in22k_in1k] Safe alternative available for 'pytorch_model.bin' (as 'model.safetensors'). Loading weights using safetensors.
2026-03-17 04:50:36,682 [INFO] Missing keys (head.fc.weight, head.fc.bias) discovered while loading pretrained weights. This is expected if model is being adapted.
2026-03-17 04:50:36,784 [INFO]   Born-again ← best_fold3.pt (val 89.38%)
2026-03-17 04:50:36,784 [INFO] ── Stage 1: head-only warmup (5 epochs, no mix) ──
2026-03-17 04:50:48,968 [INFO]   S1 Ep  1/5  train 0.5598 / 93.5%  val 1.1389 / 89.1%    12s
2026-03-17 04:50:49,075 [INFO]   ★ best 89.11%
2026-03-17 04:51:01,076 [INFO]   S1 Ep  2/5  train 0.5674 / 93.4%  val 1.1397 / 89.2%    12s
2026-03-17 04:51:01,219 [INFO]   ★ best 89.25%
2026-03-17 04:51:12,966 [INFO]   S1 Ep  3/5  train 0.5687 / 93.0%  val 1.1354 / 89.0%    12s
2026-03-17 04:51:24,762 [INFO]   S1 Ep  4/5  train 0.5600 / 93.5%  val 1.1339 / 89.2%    12s
2026-03-17 04:51:36,494 [INFO]   S1 Ep  5/5  train 0.5546 / 93.7%  val 1.1339 / 89.3%    12s
2026-03-17 04:51:36,627 [INFO]   ★ best 89.31%
2026-03-17 04:51:36,628 [INFO] Stage 1 done — best val: 89.31%
2026-03-17 04:51:36,628 [INFO] ── Stage 2: full fine-tune + LLRD (150 epochs, patience 40) ──
2026-03-17 04:51:36,629 [INFO] LLRD: 12 groups, LR [1.19e-05 … 5.00e-05]
2026-03-17 04:52:18,173 [INFO]   S2 Ep   1/150  train 1.2102 / 66.9%  val 1.1340 / 89.2%  lr 4.08e-06  GeM_p=2.01    42s
2026-03-17 04:52:59,696 [INFO]   S2 Ep   2/150  train 1.1858 / 68.0%  val 1.1319 / 89.0%  lr 9.95e-06  GeM_p=2.01    42s
2026-03-17 04:53:41,257 [INFO]   S2 Ep   3/150  train 1.1625 / 68.8%  val 1.1407 / 89.0%  lr 1.86e-05  GeM_p=2.01    42s
2026-03-17 04:54:22,868 [INFO]   S2 Ep   4/150  train 1.1866 / 67.3%  val 1.1459 / 88.9%  lr 2.85e-05  GeM_p=2.01    42s
2026-03-17 04:55:04,427 [INFO]   S2 Ep   5/150  train 1.2337 / 65.8%  val 1.1460 / 88.7%  lr 3.80e-05  GeM_p=2.01    42s
2026-03-17 04:55:45,959 [INFO]   S2 Ep   6/150  train 1.1853 / 67.6%  val 1.1617 / 88.4%  lr 4.54e-05  GeM_p=2.00    42s
2026-03-17 04:56:27,503 [INFO]   S2 Ep   7/150  train 1.1996 / 67.4%  val 1.1611 / 87.9%  lr 4.95e-05  GeM_p=2.00    42s
2026-03-17 04:57:08,999 [INFO]   S2 Ep   8/150  train 1.2189 / 66.6%  val 1.1726 / 88.0%  lr 5.00e-05  GeM_p=2.00    41s
2026-03-17 04:57:50,577 [INFO]   S2 Ep   9/150  train 1.1891 / 67.8%  val 1.1514 / 88.6%  lr 5.00e-05  GeM_p=2.00    42s
2026-03-17 04:58:32,112 [INFO]   S2 Ep  10/150  train 1.2282 / 66.0%  val 1.1495 / 88.9%  lr 5.00e-05  GeM_p=2.00    42s
2026-03-17 04:59:13,732 [INFO]   S2 Ep  11/150  train 1.2285 / 65.6%  val 1.1835 / 87.9%  lr 4.99e-05  GeM_p=2.00    42s
2026-03-17 04:59:55,320 [INFO]   S2 Ep  12/150  train 1.1949 / 67.1%  val 1.1669 / 88.3%  lr 4.99e-05  GeM_p=2.00    42s
2026-03-17 05:00:36,867 [INFO]   S2 Ep  13/150  train 1.2120 / 66.3%  val 1.1486 / 88.6%  lr 4.98e-05  GeM_p=1.99    42s
2026-03-17 05:01:18,493 [INFO]   S2 Ep  14/150  train 1.1694 / 68.0%  val 1.1572 / 88.3%  lr 4.97e-05  GeM_p=1.99    42s
2026-03-17 05:02:00,033 [INFO]   S2 Ep  15/150  train 1.2199 / 66.3%  val 1.1653 / 88.4%  lr 4.97e-05  GeM_p=1.99    42s
2026-03-17 05:02:41,578 [INFO]   S2 Ep  16/150  train 1.1973 / 67.1%  val 1.1705 / 87.9%  lr 4.96e-05  GeM_p=1.99    42s
2026-03-17 05:03:23,145 [INFO]   S2 Ep  17/150  train 1.1772 / 67.6%  val 1.1717 / 87.8%  lr 4.95e-05  GeM_p=1.99    42s
2026-03-17 05:04:04,761 [INFO]   S2 Ep  18/150  train 1.2061 / 66.7%  val 1.1548 / 88.6%  lr 4.93e-05  GeM_p=1.98    42s
2026-03-17 05:04:46,348 [INFO]   S2 Ep  19/150  train 1.1791 / 68.5%  val 1.1707 / 88.5%  lr 4.92e-05  GeM_p=1.98    42s
2026-03-17 05:05:27,872 [INFO]   S2 Ep  20/150  train 1.1682 / 68.3%  val 1.1570 / 88.8%  lr 4.91e-05  GeM_p=1.98    42s
2026-03-17 05:06:09,385 [INFO]   S2 Ep  21/150  train 1.1727 / 68.1%  val 1.1526 / 88.7%  lr 4.89e-05  GeM_p=1.98    42s
2026-03-17 05:06:50,985 [INFO]   S2 Ep  22/150  train 1.2037 / 67.0%  val 1.1565 / 88.9%  lr 4.87e-05  GeM_p=1.97    42s
2026-03-17 05:07:32,583 [INFO]   S2 Ep  23/150  train 1.2170 / 66.0%  val 1.1547 / 88.7%  lr 4.86e-05  GeM_p=1.97    42s
2026-03-17 05:08:14,180 [INFO]   S2 Ep  24/150  train 1.2042 / 66.6%  val 1.1690 / 88.2%  lr 4.84e-05  GeM_p=1.97    42s
2026-03-17 05:08:55,763 [INFO]   S2 Ep  25/150  train 1.1791 / 68.0%  val 1.1511 / 89.0%  lr 4.82e-05  GeM_p=1.97    42s
2026-03-17 05:09:37,302 [INFO]   S2 Ep  26/150  train 1.1645 / 68.6%  val 1.1761 / 88.2%  lr 4.79e-05  GeM_p=1.97    42s
2026-03-17 05:10:18,855 [INFO]   S2 Ep  27/150  train 1.1926 / 67.4%  val 1.1496 / 89.0%  lr 4.77e-05  GeM_p=1.96    42s
2026-03-17 05:11:00,392 [INFO]   S2 Ep  28/150  train 1.1654 / 67.7%  val 1.1550 / 88.8%  lr 4.75e-05  GeM_p=1.96    42s
2026-03-17 05:11:41,954 [INFO]   S2 Ep  29/150  train 1.1640 / 68.9%  val 1.1399 / 89.0%  lr 4.72e-05  GeM_p=1.96    42s
2026-03-17 05:12:23,572 [INFO]   S2 Ep  30/150  train 1.1535 / 69.2%  val 1.1518 / 89.1%  lr 4.70e-05  GeM_p=1.96    42s
2026-03-17 05:13:05,131 [INFO]   S2 Ep  31/150  train 1.1843 / 67.7%  val 1.1445 / 89.0%  lr 4.67e-05  GeM_p=1.96    42s
2026-03-17 05:13:46,752 [INFO]   S2 Ep  32/150  train 1.1387 / 69.3%  val 1.1350 / 89.3%  lr 4.64e-05  GeM_p=1.96    42s
2026-03-17 05:14:28,340 [INFO]   S2 Ep  33/150  train 1.1580 / 68.9%  val 1.1361 / 89.2%  lr 4.62e-05  GeM_p=1.96    42s
2026-03-17 05:15:09,905 [INFO]   S2 Ep  34/150  train 1.1841 / 67.1%  val 1.1466 / 89.1%  lr 4.59e-05  GeM_p=1.95    42s
2026-03-17 05:15:51,490 [INFO]   S2 Ep  35/150  train 1.1663 / 68.5%  val 1.1643 / 88.5%  lr 4.55e-05  GeM_p=1.95    42s
2026-03-17 05:16:33,022 [INFO]   S2 Ep  36/150  train 1.0799 / 73.0%  val 1.1529 / 89.1%  lr 4.52e-05  GeM_p=1.95    42s
2026-03-17 05:17:14,594 [INFO]   S2 Ep  37/150  train 1.1201 / 70.7%  val 1.1426 / 89.4%  lr 4.49e-05  GeM_p=1.95    42s
2026-03-17 05:17:14,742 [INFO]   ★ best 89.38% → /data/slr/checkpoints_v11/best_fold3.pt
2026-03-17 05:17:56,271 [INFO]   S2 Ep  38/150  train 1.1350 / 69.3%  val 1.1424 / 89.1%  lr 4.46e-05  GeM_p=1.95    42s
2026-03-17 05:18:37,773 [INFO]   S2 Ep  39/150  train 1.1581 / 69.1%  val 1.1404 / 89.7%  lr 4.42e-05  GeM_p=1.94    42s
2026-03-17 05:18:37,922 [INFO]   ★ best 89.65% → /data/slr/checkpoints_v11/best_fold3.pt
2026-03-17 05:19:19,415 [INFO]   S2 Ep  40/150  train 1.1364 / 69.9%  val 1.1427 / 89.2%  lr 4.39e-05  GeM_p=1.94    41s
2026-03-17 05:20:00,955 [INFO]   S2 Ep  41/150  train 1.1497 / 69.1%  val 1.1379 / 89.6%  lr 4.35e-05  GeM_p=1.94    42s
2026-03-17 05:20:42,539 [INFO]   S2 Ep  42/150  train 1.1509 / 68.9%  val 1.1462 / 89.0%  lr 4.31e-05  GeM_p=1.94    42s
2026-03-17 05:21:24,072 [INFO]   S2 Ep  43/150  train 1.1610 / 68.8%  val 1.1459 / 89.4%  lr 4.27e-05  GeM_p=1.94    42s
2026-03-17 05:22:05,614 [INFO]   S2 Ep  44/150  train 1.1783 / 67.6%  val 1.1355 / 89.7%  lr 4.23e-05  GeM_p=1.94    42s
2026-03-17 05:22:47,130 [INFO]   S2 Ep  45/150  train 1.1428 / 69.4%  val 1.1462 / 88.8%  lr 4.19e-05  GeM_p=1.94    42s
2026-03-17 05:23:28,697 [INFO]   S2 Ep  46/150  train 1.1210 / 70.5%  val 1.1500 / 88.9%  lr 4.15e-05  GeM_p=1.94    42s
2026-03-17 05:24:10,274 [INFO]   S2 Ep  47/150  train 1.1201 / 70.1%  val 1.1476 / 89.5%  lr 4.11e-05  GeM_p=1.94    42s
2026-03-17 05:24:51,836 [INFO]   S2 Ep  48/150  train 1.1783 / 67.7%  val 1.1553 / 89.3%  lr 4.07e-05  GeM_p=1.94    42s
2026-03-17 05:25:33,438 [INFO]   S2 Ep  49/150  train 1.1290 / 70.2%  val 1.1365 / 89.2%  lr 4.02e-05  GeM_p=1.93    42s
2026-03-17 05:26:15,040 [INFO]   S2 Ep  50/150  train 1.1262 / 69.9%  val 1.1404 / 89.6%  lr 3.98e-05  GeM_p=1.93    42s
2026-03-17 05:26:56,594 [INFO]   S2 Ep  51/150  train 1.1260 / 70.2%  val 1.1482 / 89.4%  lr 3.94e-05  GeM_p=1.93    42s
2026-03-17 05:27:38,162 [INFO]   S2 Ep  52/150  train 1.1460 / 69.0%  val 1.1559 / 89.2%  lr 3.89e-05  GeM_p=1.93    42s
2026-03-17 05:28:19,719 [INFO]   S2 Ep  53/150  train 1.0999 / 71.3%  val 1.1398 / 89.3%  lr 3.84e-05  GeM_p=1.93    42s
2026-03-17 05:29:01,262 [INFO]   S2 Ep  54/150  train 1.1252 / 70.3%  val 1.1368 / 89.5%  lr 3.80e-05  GeM_p=1.93    42s
2026-03-17 05:29:42,816 [INFO]   S2 Ep  55/150  train 1.1297 / 69.5%  val 1.1228 / 90.0%  lr 3.75e-05  GeM_p=1.92    42s
2026-03-17 05:29:42,963 [INFO]   ★ best 90.03% → /data/slr/checkpoints_v11/best_fold3.pt
2026-03-17 05:30:24,527 [INFO]   S2 Ep  56/150  train 1.1228 / 70.1%  val 1.1371 / 89.7%  lr 3.70e-05  GeM_p=1.92    42s
2026-03-17 05:31:06,181 [INFO]   S2 Ep  57/150  train 1.1007 / 70.8%  val 1.1383 / 89.5%  lr 3.65e-05  GeM_p=1.92    42s
2026-03-17 05:31:47,687 [INFO]   S2 Ep  58/150  train 1.1303 / 69.9%  val 1.1380 / 89.4%  lr 3.60e-05  GeM_p=1.92    42s
2026-03-17 05:32:29,269 [INFO]   S2 Ep  59/150  train 1.1295 / 70.1%  val 1.1320 / 89.6%  lr 3.55e-05  GeM_p=1.92    42s
2026-03-17 05:33:10,823 [INFO]   S2 Ep  60/150  train 1.1288 / 70.0%  val 1.1525 / 89.4%  lr 3.50e-05  GeM_p=1.92    42s
2026-03-17 05:33:52,374 [INFO]   S2 Ep  61/150  train 1.1390 / 69.1%  val 1.1405 / 89.5%  lr 3.45e-05  GeM_p=1.92    42s
2026-03-17 05:34:33,925 [INFO]   S2 Ep  62/150  train 1.0778 / 72.0%  val 1.1582 / 89.3%  lr 3.40e-05  GeM_p=1.92    42s
2026-03-17 05:35:15,450 [INFO]   S2 Ep  63/150  train 1.0981 / 71.0%  val 1.1385 / 90.0%  lr 3.35e-05  GeM_p=1.92    42s
2026-03-17 05:35:57,064 [INFO]   S2 Ep  64/150  train 1.1200 / 70.3%  val 1.1370 / 89.7%  lr 3.30e-05  GeM_p=1.92    42s
2026-03-17 05:36:38,679 [INFO]   S2 Ep  65/150  train 1.1461 / 69.3%  val 1.1381 / 89.3%  lr 3.25e-05  GeM_p=1.91    42s
2026-03-17 05:37:20,253 [INFO]   S2 Ep  66/150  train 1.0642 / 72.1%  val 1.1271 / 89.9%  lr 3.19e-05  GeM_p=1.91    42s
2026-03-17 05:38:01,837 [INFO]   S2 Ep  67/150  train 1.0881 / 71.4%  val 1.1503 / 89.3%  lr 3.14e-05  GeM_p=1.91    42s
2026-03-17 05:38:43,424 [INFO]   S2 Ep  68/150  train 1.1042 / 70.6%  val 1.1410 / 89.8%  lr 3.09e-05  GeM_p=1.91    42s
2026-03-17 05:39:25,018 [INFO]   S2 Ep  69/150  train 1.0861 / 71.7%  val 1.1367 / 89.6%  lr 3.03e-05  GeM_p=1.91    42s
2026-03-17 05:40:06,614 [INFO]   S2 Ep  70/150  train 1.0929 / 71.0%  val 1.1277 / 90.3%  lr 2.98e-05  GeM_p=1.91    42s
2026-03-17 05:40:06,757 [INFO]   ★ best 90.30% → /data/slr/checkpoints_v11/best_fold3.pt
2026-03-17 05:40:48,350 [INFO]   S2 Ep  71/150  train 1.0950 / 70.9%  val 1.1382 / 89.7%  lr 2.93e-05  GeM_p=1.91    42s
2026-03-17 05:41:29,906 [INFO]   S2 Ep  72/150  train 1.1093 / 70.6%  val 1.1332 / 89.7%  lr 2.87e-05  GeM_p=1.91    42s
2026-03-17 05:42:11,501 [INFO]   S2 Ep  73/150  train 1.1096 / 70.6%  val 1.1492 / 89.5%  lr 2.82e-05  GeM_p=1.91    42s
2026-03-17 05:42:53,066 [INFO]   S2 Ep  74/150  train 1.0969 / 71.5%  val 1.1310 / 89.8%  lr 2.76e-05  GeM_p=1.91    42s
2026-03-17 05:43:34,630 [INFO]   S2 Ep  75/150  train 1.0812 / 71.7%  val 1.1418 / 89.5%  lr 2.71e-05  GeM_p=1.91    42s
2026-03-17 05:44:16,195 [INFO]   S2 Ep  76/150  train 1.1074 / 70.5%  val 1.1318 / 90.1%  lr 2.65e-05  GeM_p=1.91    42s
2026-03-17 05:44:57,748 [INFO]   S2 Ep  77/150  train 1.0880 / 71.9%  val 1.1243 / 90.0%  lr 2.60e-05  GeM_p=1.90    42s
2026-03-17 05:45:39,318 [INFO]   S2 Ep  78/150  train 1.1051 / 70.6%  val 1.1416 / 89.4%  lr 2.54e-05  GeM_p=1.90    42s
2026-03-17 05:46:20,940 [INFO]   S2 Ep  79/150  train 1.1109 / 70.4%  val 1.1283 / 90.2%  lr 2.49e-05  GeM_p=1.90    42s
2026-03-17 05:47:02,551 [INFO]   S2 Ep  80/150  train 1.0893 / 71.3%  val 1.1392 / 89.5%  lr 2.43e-05  GeM_p=1.90    42s
2026-03-17 05:47:44,140 [INFO]   S2 Ep  81/150  train 1.0836 / 71.1%  val 1.1346 / 89.8%  lr 2.38e-05  GeM_p=1.90    42s
2026-03-17 05:48:25,687 [INFO]   S2 Ep  82/150  train 1.0849 / 71.4%  val 1.1360 / 89.8%  lr 2.32e-05  GeM_p=1.90    42s
2026-03-17 05:49:07,270 [INFO]   S2 Ep  83/150  train 1.0792 / 71.9%  val 1.1393 / 90.0%  lr 2.27e-05  GeM_p=1.90    42s
2026-03-17 05:49:48,839 [INFO]   S2 Ep  84/150  train 1.0794 / 71.4%  val 1.1269 / 90.0%  lr 2.21e-05  GeM_p=1.90    42s
2026-03-17 05:50:30,439 [INFO]   S2 Ep  85/150  train 1.0732 / 72.5%  val 1.1313 / 89.9%  lr 2.16e-05  GeM_p=1.90    42s
2026-03-17 05:51:12,047 [INFO]   S2 Ep  86/150  train 1.1164 / 69.6%  val 1.1213 / 90.4%  lr 2.10e-05  GeM_p=1.90    42s
2026-03-17 05:51:12,197 [INFO]   ★ best 90.37% → /data/slr/checkpoints_v11/best_fold3.pt
2026-03-17 05:51:53,752 [INFO]   S2 Ep  87/150  train 1.0733 / 71.9%  val 1.1315 / 89.9%  lr 2.05e-05  GeM_p=1.90    42s
2026-03-17 05:52:35,387 [INFO]   S2 Ep  88/150  train 1.0897 / 71.7%  val 1.1229 / 90.0%  lr 1.99e-05  GeM_p=1.90    42s
2026-03-17 05:53:16,944 [INFO]   S2 Ep  89/150  train 1.0866 / 71.4%  val 1.1276 / 90.2%  lr 1.94e-05  GeM_p=1.90    42s
2026-03-17 05:53:58,455 [INFO]   S2 Ep  90/150  train 1.0597 / 72.6%  val 1.1190 / 90.0%  lr 1.89e-05  GeM_p=1.90    42s
2026-03-17 05:54:40,031 [INFO]   S2 Ep  91/150  train 1.0969 / 71.4%  val 1.1199 / 90.3%  lr 1.83e-05  GeM_p=1.90    42s
2026-03-17 05:55:21,551 [INFO]   S2 Ep  92/150  train 1.0985 / 71.0%  val 1.1193 / 90.6%  lr 1.78e-05  GeM_p=1.90    42s
2026-03-17 05:55:21,694 [INFO]   ★ best 90.60% → /data/slr/checkpoints_v11/best_fold3.pt
2026-03-17 05:56:03,304 [INFO]   S2 Ep  93/150  train 1.0687 / 72.3%  val 1.1200 / 90.3%  lr 1.73e-05  GeM_p=1.90    42s
2026-03-17 05:56:44,886 [INFO]   S2 Ep  94/150  train 1.0815 / 70.8%  val 1.1128 / 90.6%  lr 1.68e-05  GeM_p=1.90    42s
2026-03-17 05:56:45,023 [INFO]   ★ best 90.64% → /data/slr/checkpoints_v11/best_fold3.pt
2026-03-17 05:57:26,590 [INFO]   S2 Ep  95/150  train 1.1114 / 70.8%  val 1.1158 / 90.7%  lr 1.62e-05  GeM_p=1.90    42s
2026-03-17 05:57:26,729 [INFO]   ★ best 90.71% → /data/slr/checkpoints_v11/best_fold3.pt
2026-03-17 05:58:08,400 [INFO]   S2 Ep  96/150  train 1.0613 / 72.5%  val 1.1193 / 90.5%  lr 1.57e-05  GeM_p=1.89    42s
2026-03-17 05:58:49,939 [INFO]   S2 Ep  97/150  train 1.0672 / 72.1%  val 1.1169 / 90.3%  lr 1.52e-05  GeM_p=1.89    42s
2026-03-17 05:59:31,468 [INFO]   S2 Ep  98/150  train 1.0383 / 73.7%  val 1.1140 / 90.3%  lr 1.47e-05  GeM_p=1.89    42s
2026-03-17 06:00:13,038 [INFO]   S2 Ep  99/150  train 1.1110 / 69.6%  val 1.1216 / 90.5%  lr 1.42e-05  GeM_p=1.89    42s
2026-03-17 06:00:54,560 [INFO]   S2 Ep 100/150  train 1.0812 / 71.5%  val 1.1227 / 90.2%  lr 1.37e-05  GeM_p=1.89    42s
2026-03-17 06:01:36,102 [INFO]   S2 Ep 101/150  train 1.0785 / 71.8%  val 1.1206 / 90.5%  lr 1.32e-05  GeM_p=1.89    42s
2026-03-17 06:02:17,649 [INFO]   S2 Ep 102/150  train 1.0848 / 71.5%  val 1.1189 / 90.3%  lr 1.27e-05  GeM_p=1.89    42s
2026-03-17 06:02:59,185 [INFO]   S2 Ep 103/150  train 1.0916 / 71.2%  val 1.1105 / 90.4%  lr 1.23e-05  GeM_p=1.89    42s
2026-03-17 06:03:40,734 [INFO]   S2 Ep 104/150  train 1.0711 / 71.5%  val 1.1174 / 90.3%  lr 1.18e-05  GeM_p=1.89    42s
2026-03-17 06:04:22,313 [INFO]   S2 Ep 105/150  train 1.0779 / 71.7%  val 1.1196 / 90.3%  lr 1.13e-05  GeM_p=1.89    42s
2026-03-17 06:05:03,865 [INFO]   S2 Ep 106/150  train 1.0584 / 73.0%  val 1.1181 / 90.5%  lr 1.09e-05  GeM_p=1.89    42s
2026-03-17 06:05:45,477 [INFO]   S2 Ep 107/150  train 1.0974 / 70.0%  val 1.1081 / 90.6%  lr 1.04e-05  GeM_p=1.89    42s
2026-03-17 06:06:27,059 [INFO]   S2 Ep 108/150  train 1.0456 / 73.4%  val 1.1148 / 90.5%  lr 9.97e-06  GeM_p=1.89    42s
2026-03-17 06:07:08,660 [INFO]   S2 Ep 109/150  train 1.0739 / 71.9%  val 1.1130 / 90.5%  lr 9.54e-06  GeM_p=1.89    42s
2026-03-17 06:07:50,300 [INFO]   S2 Ep 110/150  train 1.0444 / 73.0%  val 1.1146 / 90.5%  lr 9.11e-06  GeM_p=1.89    42s
2026-03-17 06:08:31,864 [INFO]   S2 Ep 111/150  train 1.0733 / 71.8%  val 1.1196 / 90.4%  lr 8.69e-06  GeM_p=1.89    42s
2026-03-17 06:09:13,443 [INFO]   S2 Ep 112/150  train 1.1022 / 70.6%  val 1.1154 / 90.3%  lr 8.27e-06  GeM_p=1.89    42s
2026-03-17 06:09:54,973 [INFO]   S2 Ep 113/150  train 1.0875 / 70.9%  val 1.1106 / 90.6%  lr 7.87e-06  GeM_p=1.89    42s
2026-03-17 06:10:36,545 [INFO]   S2 Ep 114/150  train 1.0691 / 72.0%  val 1.1115 / 90.7%  lr 7.47e-06  GeM_p=1.89    42s
2026-03-17 06:11:18,085 [INFO]   S2 Ep 115/150  train 1.0799 / 72.1%  val 1.1146 / 90.4%  lr 7.08e-06  GeM_p=1.89    42s
2026-03-17 06:11:59,667 [INFO]   S2 Ep 116/150  train 1.0442 / 73.1%  val 1.1121 / 90.4%  lr 6.70e-06  GeM_p=1.89    42s
2026-03-17 06:12:41,230 [INFO]   S2 Ep 117/150  train 1.0767 / 71.3%  val 1.1094 / 90.7%  lr 6.33e-06  GeM_p=1.89    42s
2026-03-17 06:13:22,867 [INFO]   S2 Ep 118/150  train 1.0718 / 71.7%  val 1.1149 / 90.3%  lr 5.97e-06  GeM_p=1.89    42s
2026-03-17 06:14:04,420 [INFO]   S2 Ep 119/150  train 1.0722 / 72.0%  val 1.1119 / 90.4%  lr 5.62e-06  GeM_p=1.89    42s
2026-03-17 06:14:46,027 [INFO]   S2 Ep 120/150  train 1.0690 / 71.5%  val 1.1094 / 90.6%  lr 5.27e-06  GeM_p=1.89    42s
2026-03-17 06:15:27,575 [INFO]   S2 Ep 121/150  train 1.0700 / 71.8%  val 1.1070 / 90.7%  lr 4.94e-06  GeM_p=1.89    42s
2026-03-17 06:15:27,721 [INFO]   ★ best 90.74% → /data/slr/checkpoints_v11/best_fold3.pt
2026-03-17 06:16:09,355 [INFO]   S2 Ep 122/150  train 1.0724 / 71.8%  val 1.1085 / 90.5%  lr 4.61e-06  GeM_p=1.89    42s
2026-03-17 06:16:50,918 [INFO]   S2 Ep 123/150  train 1.0541 / 72.5%  val 1.1119 / 90.4%  lr 4.30e-06  GeM_p=1.89    42s
2026-03-17 06:17:32,510 [INFO]   S2 Ep 124/150  train 1.0560 / 72.4%  val 1.1064 / 90.6%  lr 4.00e-06  GeM_p=1.89    42s
2026-03-17 06:18:14,079 [INFO]   S2 Ep 125/150  train 1.0406 / 73.4%  val 1.1068 / 90.7%  lr 3.70e-06  GeM_p=1.89    42s
2026-03-17 06:18:55,651 [INFO]   S2 Ep 126/150  train 1.0532 / 72.6%  val 1.1085 / 90.7%  lr 3.42e-06  GeM_p=1.89    42s
2026-03-17 06:19:37,232 [INFO]   S2 Ep 127/150  train 1.0399 / 72.6%  val 1.1077 / 90.6%  lr 3.15e-06  GeM_p=1.89    42s
2026-03-17 06:20:18,802 [INFO]   S2 Ep 128/150  train 1.0787 / 71.4%  val 1.1062 / 90.9%  lr 2.88e-06  GeM_p=1.89    42s
2026-03-17 06:20:18,947 [INFO]   ★ best 90.94% → /data/slr/checkpoints_v11/best_fold3.pt
2026-03-17 06:21:00,501 [INFO]   S2 Ep 129/150  train 1.0919 / 70.5%  val 1.1059 / 90.7%  lr 2.63e-06  GeM_p=1.89    42s
2026-03-17 06:21:42,021 [INFO]   S2 Ep 130/150  train 1.0644 / 72.5%  val 1.1047 / 90.7%  lr 2.39e-06  GeM_p=1.89    42s
2026-03-17 06:22:23,605 [INFO]   S2 Ep 131/150  train 1.0544 / 73.0%  val 1.1046 / 90.8%  lr 2.16e-06  GeM_p=1.89    42s
2026-03-17 06:23:05,133 [INFO]   S2 Ep 132/150  train 1.1145 / 69.7%  val 1.1053 / 90.8%  lr 1.94e-06  GeM_p=1.89    42s
2026-03-17 06:23:46,688 [INFO]   S2 Ep 133/150  train 1.0714 / 71.9%  val 1.1042 / 90.8%  lr 1.74e-06  GeM_p=1.89    42s
2026-03-17 06:24:28,222 [INFO]   S2 Ep 134/150  train 1.0619 / 71.8%  val 1.1027 / 90.7%  lr 1.54e-06  GeM_p=1.89    42s
2026-03-17 06:25:09,778 [INFO]   S2 Ep 135/150  train 1.0846 / 71.4%  val 1.1049 / 90.9%  lr 1.36e-06  GeM_p=1.89    42s
2026-03-17 06:25:51,327 [INFO]   S2 Ep 136/150  train 1.0882 / 71.4%  val 1.1030 / 90.9%  lr 1.18e-06  GeM_p=1.89    42s
2026-03-17 06:26:32,892 [INFO]   S2 Ep 137/150  train 1.0638 / 71.8%  val 1.1026 / 90.8%  lr 1.02e-06  GeM_p=1.89    42s
2026-03-17 06:27:14,406 [INFO]   S2 Ep 138/150  train 1.0694 / 71.5%  val 1.1020 / 90.8%  lr 8.71e-07  GeM_p=1.89    42s
2026-03-17 06:27:55,929 [INFO]   S2 Ep 139/150  train 1.0476 / 73.3%  val 1.1019 / 90.8%  lr 7.33e-07  GeM_p=1.89    42s
2026-03-17 06:28:37,446 [INFO]   S2 Ep 140/150  train 1.0616 / 71.9%  val 1.1026 / 90.9%  lr 6.07e-07  GeM_p=1.89    42s
2026-03-17 06:29:19,006 [INFO]   S2 Ep 141/150  train 1.0735 / 72.0%  val 1.1018 / 90.9%  lr 4.92e-07  GeM_p=1.89    42s
2026-03-17 06:30:00,545 [INFO]   S2 Ep 142/150  train 1.0624 / 72.4%  val 1.1018 / 91.0%  lr 3.90e-07  GeM_p=1.89    42s
2026-03-17 06:30:00,688 [INFO]   ★ best 90.98% → /data/slr/checkpoints_v11/best_fold3.pt
2026-03-17 06:30:42,302 [INFO]   S2 Ep 143/150  train 1.0520 / 72.5%  val 1.1017 / 90.9%  lr 2.99e-07  GeM_p=1.89    42s
2026-03-17 06:31:23,928 [INFO]   S2 Ep 144/150  train 1.0777 / 71.1%  val 1.1016 / 90.9%  lr 2.20e-07  GeM_p=1.89    42s
2026-03-17 06:32:05,537 [INFO]   S2 Ep 145/150  train 1.0442 / 72.7%  val 1.1017 / 90.9%  lr 1.54e-07  GeM_p=1.89    42s
2026-03-17 06:32:47,108 [INFO]   S2 Ep 146/150  train 1.0588 / 72.5%  val 1.1017 / 90.9%  lr 9.90e-08  GeM_p=1.89    42s
2026-03-17 06:33:28,670 [INFO]   S2 Ep 147/150  train 1.0503 / 72.7%  val 1.1017 / 90.9%  lr 5.66e-08  GeM_p=1.89    42s
2026-03-17 06:34:10,228 [INFO]   S2 Ep 148/150  train 1.0445 / 72.9%  val 1.1017 / 90.9%  lr 2.62e-08  GeM_p=1.89    42s
2026-03-17 06:34:51,750 [INFO]   S2 Ep 149/150  train 1.0530 / 72.2%  val 1.1017 / 90.9%  lr 8.05e-09  GeM_p=1.89    42s
2026-03-17 06:35:33,302 [INFO]   S2 Ep 150/150  train 1.0380 / 73.6%  val 1.1017 / 90.9%  lr 2.00e-09  GeM_p=1.89    42s
2026-03-17 06:35:33,302 [INFO]   Fold 4 best val acc: 90.98%
2026-03-17 06:35:33,583 [INFO] ================================================================
2026-03-17 06:35:33,583 [INFO] FOLD 5 / 5
2026-03-17 06:35:33,583 [INFO] ================================================================
2026-03-17 06:35:33,585 [INFO]   Train: 20150 (orig 11794 + PL 8356)  |  Val: 2948
2026-03-17 06:35:33,792 [INFO] Loading pretrained weights from Hugging Face hub (timm/convnextv2_tiny.fcmae_ft_in22k_in1k)
2026-03-17 06:35:33,903 [INFO] HTTP Request: HEAD https://huggingface.co/timm/convnextv2_tiny.fcmae_ft_in22k_in1k/resolve/main/model.safetensors "HTTP/1.1 302 Found"
2026-03-17 06:35:33,904 [INFO] [timm/convnextv2_tiny.fcmae_ft_in22k_in1k] Safe alternative available for 'pytorch_model.bin' (as 'model.safetensors'). Loading weights using safetensors.
2026-03-17 06:35:33,918 [INFO] Missing keys (head.fc.weight, head.fc.bias) discovered while loading pretrained weights. This is expected if model is being adapted.
2026-03-17 06:35:34,021 [INFO]   Born-again ← best_fold4.pt (val 88.98%)
2026-03-17 06:35:34,021 [INFO] ── Stage 1: head-only warmup (5 epochs, no mix) ──
2026-03-17 06:35:46,301 [INFO]   S1 Ep  1/5  train 0.5640 / 93.3%  val 1.1598 / 88.7%    12s
2026-03-17 06:35:46,416 [INFO]   ★ best 88.70%
2026-03-17 06:35:58,146 [INFO]   S1 Ep  2/5  train 0.5680 / 93.2%  val 1.1591 / 89.1%    12s
2026-03-17 06:35:58,279 [INFO]   ★ best 89.08%
2026-03-17 06:36:09,980 [INFO]   S1 Ep  3/5  train 0.5698 / 93.2%  val 1.1593 / 88.8%    12s
2026-03-17 06:36:21,727 [INFO]   S1 Ep  4/5  train 0.5618 / 93.2%  val 1.1567 / 89.0%    12s
2026-03-17 06:36:33,462 [INFO]   S1 Ep  5/5  train 0.5541 / 93.6%  val 1.1556 / 89.0%    12s
2026-03-17 06:36:33,463 [INFO] Stage 1 done — best val: 89.08%
2026-03-17 06:36:33,463 [INFO] ── Stage 2: full fine-tune + LLRD (150 epochs, patience 40) ──
2026-03-17 06:36:33,464 [INFO] LLRD: 12 groups, LR [1.19e-05 … 5.00e-05]
2026-03-17 06:37:15,035 [INFO]   S2 Ep   1/150  train 1.2047 / 66.7%  val 1.1557 / 89.0%  lr 4.08e-06  GeM_p=2.01    42s
2026-03-17 06:37:56,600 [INFO]   S2 Ep   2/150  train 1.1798 / 67.6%  val 1.1612 / 88.6%  lr 9.95e-06  GeM_p=2.01    42s
2026-03-17 06:38:38,102 [INFO]   S2 Ep   3/150  train 1.2340 / 65.2%  val 1.1607 / 88.5%  lr 1.86e-05  GeM_p=2.01    42s
2026-03-17 06:39:19,645 [INFO]   S2 Ep   4/150  train 1.1863 / 67.8%  val 1.1650 / 88.2%  lr 2.85e-05  GeM_p=2.01    42s
2026-03-17 06:40:01,221 [INFO]   S2 Ep   5/150  train 1.2041 / 66.7%  val 1.1739 / 88.0%  lr 3.80e-05  GeM_p=2.01    42s
2026-03-17 06:40:42,784 [INFO]   S2 Ep   6/150  train 1.1711 / 68.1%  val 1.1750 / 88.0%  lr 4.54e-05  GeM_p=2.00    42s
2026-03-17 06:41:24,347 [INFO]   S2 Ep   7/150  train 1.2356 / 64.9%  val 1.1753 / 87.7%  lr 4.95e-05  GeM_p=2.00    42s
2026-03-17 06:42:05,891 [INFO]   S2 Ep   8/150  train 1.2310 / 66.0%  val 1.1828 / 88.2%  lr 5.00e-05  GeM_p=2.00    42s
2026-03-17 06:42:47,428 [INFO]   S2 Ep   9/150  train 1.2442 / 65.4%  val 1.1702 / 88.0%  lr 5.00e-05  GeM_p=2.00    42s
2026-03-17 06:43:28,954 [INFO]   S2 Ep  10/150  train 1.1953 / 67.2%  val 1.1850 / 88.4%  lr 5.00e-05  GeM_p=2.00    42s
2026-03-17 06:44:10,540 [INFO]   S2 Ep  11/150  train 1.2098 / 66.4%  val 1.1839 / 87.8%  lr 4.99e-05  GeM_p=2.00    42s
2026-03-17 06:44:52,098 [INFO]   S2 Ep  12/150  train 1.2145 / 66.4%  val 1.1748 / 87.4%  lr 4.99e-05  GeM_p=1.99    42s
2026-03-17 06:45:33,676 [INFO]   S2 Ep  13/150  train 1.2119 / 66.5%  val 1.1875 / 87.9%  lr 4.98e-05  GeM_p=1.99    42s
2026-03-17 06:46:15,228 [INFO]   S2 Ep  14/150  train 1.1938 / 67.2%  val 1.1870 / 88.0%  lr 4.97e-05  GeM_p=1.99    42s
2026-03-17 06:46:56,772 [INFO]   S2 Ep  15/150  train 1.1959 / 67.6%  val 1.1781 / 87.9%  lr 4.97e-05  GeM_p=1.99    42s
2026-03-17 06:47:38,347 [INFO]   S2 Ep  16/150  train 1.2127 / 66.6%  val 1.1816 / 88.0%  lr 4.96e-05  GeM_p=1.99    42s
2026-03-17 06:48:19,891 [INFO]   S2 Ep  17/150  train 1.1636 / 68.7%  val 1.1762 / 87.9%  lr 4.95e-05  GeM_p=1.98    42s
2026-03-17 06:49:01,409 [INFO]   S2 Ep  18/150  train 1.2015 / 67.4%  val 1.2237 / 86.5%  lr 4.93e-05  GeM_p=1.98    42s
2026-03-17 06:49:42,992 [INFO]   S2 Ep  19/150  train 1.1973 / 67.4%  val 1.1750 / 88.5%  lr 4.92e-05  GeM_p=1.98    42s
2026-03-17 06:50:24,575 [INFO]   S2 Ep  20/150  train 1.1784 / 67.8%  val 1.1799 / 87.7%  lr 4.91e-05  GeM_p=1.98    42s
2026-03-17 06:51:06,138 [INFO]   S2 Ep  21/150  train 1.1948 / 66.8%  val 1.1747 / 87.9%  lr 4.89e-05  GeM_p=1.98    42s
2026-03-17 06:51:47,758 [INFO]   S2 Ep  22/150  train 1.1686 / 68.2%  val 1.1779 / 87.9%  lr 4.87e-05  GeM_p=1.97    42s
2026-03-17 06:52:29,335 [INFO]   S2 Ep  23/150  train 1.1676 / 68.5%  val 1.1756 / 88.1%  lr 4.86e-05  GeM_p=1.97    42s
2026-03-17 06:53:10,890 [INFO]   S2 Ep  24/150  train 1.1934 / 67.1%  val 1.1718 / 88.0%  lr 4.84e-05  GeM_p=1.97    42s
2026-03-17 06:53:52,442 [INFO]   S2 Ep  25/150  train 1.1903 / 67.3%  val 1.1680 / 88.3%  lr 4.82e-05  GeM_p=1.97    42s
2026-03-17 06:54:34,047 [INFO]   S2 Ep  26/150  train 1.1643 / 68.8%  val 1.1755 / 88.2%  lr 4.79e-05  GeM_p=1.97    42s
2026-03-17 06:55:15,621 [INFO]   S2 Ep  27/150  train 1.1868 / 67.2%  val 1.1712 / 88.3%  lr 4.77e-05  GeM_p=1.96    42s
2026-03-17 06:55:57,205 [INFO]   S2 Ep  28/150  train 1.2060 / 66.3%  val 1.1734 / 88.0%  lr 4.75e-05  GeM_p=1.96    42s
2026-03-17 06:56:38,777 [INFO]   S2 Ep  29/150  train 1.1697 / 68.5%  val 1.1815 / 87.9%  lr 4.72e-05  GeM_p=1.96    42s
2026-03-17 06:57:20,390 [INFO]   S2 Ep  30/150  train 1.1614 / 68.2%  val 1.1520 / 89.0%  lr 4.70e-05  GeM_p=1.96    42s
2026-03-17 06:58:01,997 [INFO]   S2 Ep  31/150  train 1.1844 / 67.5%  val 1.1661 / 88.3%  lr 4.67e-05  GeM_p=1.96    42s
2026-03-17 06:58:43,538 [INFO]   S2 Ep  32/150  train 1.1772 / 68.0%  val 1.1607 / 88.9%  lr 4.64e-05  GeM_p=1.96    42s
2026-03-17 06:59:25,173 [INFO]   S2 Ep  33/150  train 1.1620 / 68.6%  val 1.1707 / 88.5%  lr 4.62e-05  GeM_p=1.95    42s
2026-03-17 07:00:06,776 [INFO]   S2 Ep  34/150  train 1.1461 / 69.4%  val 1.1689 / 88.4%  lr 4.59e-05  GeM_p=1.95    42s
2026-03-17 07:00:48,397 [INFO]   S2 Ep  35/150  train 1.1732 / 68.0%  val 1.1704 / 88.2%  lr 4.55e-05  GeM_p=1.95    42s
2026-03-17 07:01:29,992 [INFO]   S2 Ep  36/150  train 1.1769 / 67.9%  val 1.1614 / 88.4%  lr 4.52e-05  GeM_p=1.95    42s
2026-03-17 07:02:11,527 [INFO]   S2 Ep  37/150  train 1.1278 / 69.7%  val 1.1692 / 88.6%  lr 4.49e-05  GeM_p=1.95    42s
2026-03-17 07:02:53,125 [INFO]   S2 Ep  38/150  train 1.1529 / 68.5%  val 1.1737 / 88.7%  lr 4.46e-05  GeM_p=1.94    42s
2026-03-17 07:03:34,695 [INFO]   S2 Ep  39/150  train 1.1308 / 69.7%  val 1.1641 / 89.0%  lr 4.42e-05  GeM_p=1.94    42s
2026-03-17 07:04:16,257 [INFO]   S2 Ep  40/150  train 1.1572 / 68.2%  val 1.1526 / 88.5%  lr 4.39e-05  GeM_p=1.94    42s
2026-03-17 07:04:16,257 [INFO]   Early stopping at S2 epoch 40
2026-03-17 07:04:16,257 [INFO]   Fold 5 best val acc: 89.08%
2026-03-17 07:04:16,552 [INFO] ================================================================
2026-03-17 07:04:16,553 [INFO] 5-FOLD CV RESULTS
2026-03-17 07:04:16,553 [INFO] ================================================================
2026-03-17 07:04:16,553 [INFO]   Fold 1 : 90.78%
2026-03-17 07:04:16,553 [INFO]   Fold 2 : 89.69%
2026-03-17 07:04:16,553 [INFO]   Fold 3 : 91.25%
2026-03-17 07:04:16,553 [INFO]   Fold 4 : 90.98%
2026-03-17 07:04:16,553 [INFO]   Fold 5 : 89.08%
2026-03-17 07:04:16,553 [INFO]   Mean  : 90.35% ± 0.83%
2026-03-17 07:04:16,554 [INFO] Loading v11 checkpoints for ensemble …
2026-03-17 07:04:40,266 [INFO] Submission (no TTA) → /data/slr/checkpoints_v11/submission_no_tta.csv  (9828 rows)
2026-03-17 07:04:40,267 [INFO] Running 10-way TTA × 5 folds …
2026-03-17 07:08:17,365 [INFO] Submission (TTA) → /data/slr/checkpoints_v11/submission_tta.csv
2026-03-17 07:08:17,365 [INFO] TTA changed 150 / 9828 (1.5%)
2026-03-17 07:08:17,373 [INFO] Saved v11 TTA probs → /data/slr/checkpoints_v11/eval_probs_tta.pt
2026-03-17 07:08:17,373 [INFO] Done.
