2026-03-17 14:25:21,940 [INFO] GPU : NVIDIA H200
2026-03-17 14:25:21,941 [INFO] Config : {
  "data_dir": "/data/slr/track2_",
  "output_dir": "/data/slr/checkpoints_vit_v10",
  "max_frames": 48,
  "n_classes": 126,
  "channel_means": [
    -64.3217,
    -62.9119,
    -63.9254
  ],
  "channel_stds": [
    12.5721,
    11.662,
    11.7259
  ],
  "n_folds": 5,
  "batch_size": 64,
  "num_workers": 4,
  "img_size": 224,
  "stage1_epochs": 5,
  "stage1_lr": 0.0002,
  "stage2_epochs": 150,
  "stage2_lr": 1.5e-05,
  "weight_decay": 0.05,
  "warmup_pct": 0.1,
  "label_smoothing": 0.1,
  "early_stopping_patience": 45,
  "grad_clip_norm": 1.0,
  "llrd_decay": 0.85,
  "kd_alpha": 0.5,
  "kd_tau": 4.0,
  "pseudo_label_threshold": 0.5,
  "mixup_alpha": 0.4,
  "cutmix_alpha": 1.0,
  "cutmix_prob": 0.5,
  "time_mask_max": 8,
  "range_mask_max": 30,
  "noise_std": 0.1,
  "time_warp_lo": 0.8,
  "time_warp_hi": 1.2,
  "time_reverse_prob": 0.5,
  "channel_shuffle_prob": 0.2,
  "channel_drop_prob": 0.1,
  "random_erase_prob": 0.2,
  "circ_shift_prob": 0.3,
  "circ_shift_max": 8,
  "amp_scale_prob": 0.5,
  "amp_scale_lo": 0.8,
  "amp_scale_hi": 1.2,
  "model_name": "caformer_s18.sail_in22k_ft_in1k",
  "drop_path_rate": 0.15,
  "proj_dim": 384,
  "drop_rate": 0.3,
  "ms_dropout_samples": 5,
  "seed": 42
}
2026-03-17 14:25:22,008 [INFO] Train: 14742  |  Eval: 9828  |  Classes: 126
2026-03-17 14:25:22,009 [INFO] Pre-loading training data …
2026-03-17 14:25:24,526 [INFO] Pre-loading eval data …
2026-03-17 14:25:26,213 [INFO] Generating pseudo-labels (threshold=0.50) …
2026-03-17 14:25:31,350 [INFO]   Loaded 15 teacher models
2026-03-17 14:26:58,767 [INFO]   Pseudo-labeled: 8973 / 9828 kept (91.3%); avg conf = 0.834
2026-03-17 14:26:58,798 [INFO] Pre-computing teacher soft labels …
2026-03-17 14:27:02,106 [INFO]   Loaded 10 teacher models
2026-03-17 14:28:00,368 [INFO]   Soft labels ready: 14742 samples
2026-03-17 14:28:00,372 [INFO] KD: α=0.50  τ=4.0  | PL: 8973 extra samples
2026-03-17 14:28:00,578 [INFO] MultiScaleCAFormer: 23.68M params
2026-03-17 14:28:00,584 [INFO] ================================================================
2026-03-17 14:28:00,584 [INFO] FOLD 1 / 5
2026-03-17 14:28:00,584 [INFO] ================================================================
2026-03-17 14:28:00,585 [INFO]   Train: 20766 (orig 11793 + PL 8973)  |  Val: 2949
2026-03-17 14:28:00,778 [INFO] Loading pretrained weights from Hugging Face hub (timm/caformer_s18.sail_in22k_ft_in1k)
2026-03-17 14:28:05,869 [INFO] HTTP Request: HEAD https://huggingface.co/timm/caformer_s18.sail_in22k_ft_in1k/resolve/main/model.safetensors "HTTP/1.1 302 Found"
2026-03-17 14:28:05,871 [INFO] [timm/caformer_s18.sail_in22k_ft_in1k] Safe alternative available for 'pytorch_model.bin' (as 'model.safetensors'). Loading weights using safetensors.
2026-03-17 14:28:05,887 [INFO] Missing keys (head.fc.fc2.weight, head.fc.fc2.bias) discovered while loading pretrained weights. This is expected if model is being adapted.
2026-03-17 14:28:05,982 [INFO]   Born-again ← best_fold0.pt (val 88.74%)
2026-03-17 14:28:05,982 [INFO] ── Stage 1: head-only warmup (5 epochs, no mix) ──
2026-03-17 14:28:40,279 [INFO]   S1 Ep  1/5  train 0.5413 / 93.7%  val 1.1758 / 88.7%    34s
2026-03-17 14:28:40,377 [INFO]   ★ best 88.74%
2026-03-17 14:28:52,158 [INFO]   S1 Ep  2/5  train 0.5428 / 93.7%  val 1.1756 / 88.9%    12s
2026-03-17 14:28:52,279 [INFO]   ★ best 88.95%
2026-03-17 14:29:04,182 [INFO]   S1 Ep  3/5  train 0.5370 / 94.2%  val 1.1731 / 88.7%    12s
2026-03-17 14:29:16,015 [INFO]   S1 Ep  4/5  train 0.5334 / 94.1%  val 1.1728 / 88.6%    12s
2026-03-17 14:29:27,942 [INFO]   S1 Ep  5/5  train 0.5314 / 94.2%  val 1.1721 / 88.7%    12s
2026-03-17 14:29:27,942 [INFO] Stage 1 done — best val: 88.95%
2026-03-17 14:29:27,942 [INFO] ── Stage 2: full fine-tune + LLRD (150 epochs, patience 45) ──
2026-03-17 14:29:27,943 [INFO] LLRD: 10 groups, LR [7.83e-06 … 1.50e-05]
2026-03-17 14:30:14,642 [INFO]   S2 Ep   1/150  train 1.1032 / 69.5%  val 1.1731 / 88.7%  lr 7.57e-07  GeM_p=2.12    47s
2026-03-17 14:30:50,724 [INFO]   S2 Ep   2/150  train 1.1096 / 68.9%  val 1.1733 / 88.7%  lr 1.22e-06  GeM_p=2.12    36s
2026-03-17 14:31:26,771 [INFO]   S2 Ep   3/150  train 1.1001 / 69.6%  val 1.1734 / 88.3%  lr 1.98e-06  GeM_p=2.12    36s
2026-03-17 14:32:02,843 [INFO]   S2 Ep   4/150  train 1.1373 / 67.2%  val 1.1700 / 88.6%  lr 2.98e-06  GeM_p=2.12    36s
2026-03-17 14:32:38,908 [INFO]   S2 Ep   5/150  train 1.0603 / 71.4%  val 1.1686 / 88.8%  lr 4.20e-06  GeM_p=2.12    36s
2026-03-17 14:33:15,004 [INFO]   S2 Ep   6/150  train 1.1090 / 69.2%  val 1.1693 / 89.1%  lr 5.58e-06  GeM_p=2.12    36s
2026-03-17 14:33:15,129 [INFO]   ★ best 89.08% → /data/slr/checkpoints_vit_v10/best_fold0.pt
2026-03-17 14:33:51,228 [INFO]   S2 Ep   7/150  train 1.1046 / 69.0%  val 1.1714 / 88.8%  lr 7.05e-06  GeM_p=2.12    36s
2026-03-17 14:34:27,310 [INFO]   S2 Ep   8/150  train 1.0985 / 69.6%  val 1.1717 / 88.6%  lr 8.56e-06  GeM_p=2.12    36s
2026-03-17 14:35:03,403 [INFO]   S2 Ep   9/150  train 1.1365 / 67.7%  val 1.1697 / 88.6%  lr 1.00e-05  GeM_p=2.12    36s
2026-03-17 14:35:39,473 [INFO]   S2 Ep  10/150  train 1.0979 / 69.7%  val 1.1718 / 88.9%  lr 1.14e-05  GeM_p=2.12    36s
2026-03-17 14:36:15,560 [INFO]   S2 Ep  11/150  train 1.0888 / 70.0%  val 1.1668 / 88.9%  lr 1.26e-05  GeM_p=2.12    36s
2026-03-17 14:36:51,637 [INFO]   S2 Ep  12/150  train 1.1576 / 67.1%  val 1.1659 / 88.9%  lr 1.36e-05  GeM_p=2.12    36s
2026-03-17 14:37:27,711 [INFO]   S2 Ep  13/150  train 1.1014 / 69.3%  val 1.1736 / 88.6%  lr 1.44e-05  GeM_p=2.12    36s
2026-03-17 14:38:03,755 [INFO]   S2 Ep  14/150  train 1.1088 / 68.8%  val 1.1729 / 88.7%  lr 1.48e-05  GeM_p=2.12    36s
2026-03-17 14:38:39,792 [INFO]   S2 Ep  15/150  train 1.1141 / 68.4%  val 1.1673 / 88.8%  lr 1.50e-05  GeM_p=2.12    36s
2026-03-17 14:39:15,883 [INFO]   S2 Ep  16/150  train 1.1108 / 69.3%  val 1.1660 / 88.4%  lr 1.50e-05  GeM_p=2.12    36s
2026-03-17 14:39:51,947 [INFO]   S2 Ep  17/150  train 1.0947 / 70.0%  val 1.1665 / 88.6%  lr 1.50e-05  GeM_p=2.12    36s
2026-03-17 14:40:28,051 [INFO]   S2 Ep  18/150  train 1.1070 / 69.1%  val 1.1813 / 88.2%  lr 1.50e-05  GeM_p=2.12    36s
2026-03-17 14:41:04,133 [INFO]   S2 Ep  19/150  train 1.1164 / 69.6%  val 1.1842 / 88.4%  lr 1.50e-05  GeM_p=2.12    36s
2026-03-17 14:41:40,166 [INFO]   S2 Ep  20/150  train 1.0839 / 70.0%  val 1.1774 / 88.5%  lr 1.49e-05  GeM_p=2.12    36s
2026-03-17 14:42:16,207 [INFO]   S2 Ep  21/150  train 1.0810 / 70.1%  val 1.1871 / 88.1%  lr 1.49e-05  GeM_p=2.12    36s
2026-03-17 14:42:52,300 [INFO]   S2 Ep  22/150  train 1.0950 / 69.3%  val 1.1710 / 88.6%  lr 1.49e-05  GeM_p=2.12    36s
2026-03-17 14:43:28,383 [INFO]   S2 Ep  23/150  train 1.0856 / 70.3%  val 1.1730 / 88.9%  lr 1.49e-05  GeM_p=2.12    36s
2026-03-17 14:44:04,435 [INFO]   S2 Ep  24/150  train 1.0691 / 70.8%  val 1.1680 / 89.1%  lr 1.48e-05  GeM_p=2.12    36s
2026-03-17 14:44:04,565 [INFO]   ★ best 89.15% → /data/slr/checkpoints_vit_v10/best_fold0.pt
2026-03-17 14:44:40,636 [INFO]   S2 Ep  25/150  train 1.1036 / 69.3%  val 1.1668 / 89.0%  lr 1.48e-05  GeM_p=2.12    36s
2026-03-17 14:45:16,727 [INFO]   S2 Ep  26/150  train 1.1115 / 69.3%  val 1.1824 / 88.5%  lr 1.48e-05  GeM_p=2.12    36s
2026-03-17 14:45:52,808 [INFO]   S2 Ep  27/150  train 1.1150 / 68.5%  val 1.1761 / 88.9%  lr 1.47e-05  GeM_p=2.12    36s
2026-03-17 14:46:28,913 [INFO]   S2 Ep  28/150  train 1.0617 / 71.6%  val 1.1767 / 88.6%  lr 1.47e-05  GeM_p=2.12    36s
2026-03-17 14:47:04,991 [INFO]   S2 Ep  29/150  train 1.0699 / 71.6%  val 1.1757 / 88.9%  lr 1.46e-05  GeM_p=2.12    36s
2026-03-17 14:47:41,113 [INFO]   S2 Ep  30/150  train 1.0581 / 71.5%  val 1.1665 / 89.1%  lr 1.45e-05  GeM_p=2.12    36s
2026-03-17 14:48:17,229 [INFO]   S2 Ep  31/150  train 1.0894 / 69.8%  val 1.1655 / 88.9%  lr 1.45e-05  GeM_p=2.12    36s
2026-03-17 14:48:53,365 [INFO]   S2 Ep  32/150  train 1.0665 / 70.4%  val 1.1751 / 88.4%  lr 1.44e-05  GeM_p=2.12    36s
2026-03-17 14:49:29,422 [INFO]   S2 Ep  33/150  train 1.0690 / 71.2%  val 1.1685 / 88.8%  lr 1.44e-05  GeM_p=2.12    36s
2026-03-17 14:50:05,549 [INFO]   S2 Ep  34/150  train 1.1071 / 69.1%  val 1.1619 / 89.2%  lr 1.43e-05  GeM_p=2.12    36s
2026-03-17 14:50:05,667 [INFO]   ★ best 89.22% → /data/slr/checkpoints_vit_v10/best_fold0.pt
2026-03-17 14:50:41,715 [INFO]   S2 Ep  35/150  train 1.0568 / 71.5%  val 1.1631 / 89.1%  lr 1.42e-05  GeM_p=2.12    36s
2026-03-17 14:51:17,813 [INFO]   S2 Ep  36/150  train 1.0551 / 71.7%  val 1.1721 / 88.3%  lr 1.41e-05  GeM_p=2.11    36s
2026-03-17 14:51:53,856 [INFO]   S2 Ep  37/150  train 1.0851 / 70.0%  val 1.1681 / 88.9%  lr 1.40e-05  GeM_p=2.11    36s
2026-03-17 14:52:29,946 [INFO]   S2 Ep  38/150  train 1.1205 / 68.2%  val 1.1611 / 88.5%  lr 1.40e-05  GeM_p=2.11    36s
2026-03-17 14:53:06,028 [INFO]   S2 Ep  39/150  train 1.0413 / 72.8%  val 1.1718 / 89.1%  lr 1.39e-05  GeM_p=2.11    36s
2026-03-17 14:53:42,079 [INFO]   S2 Ep  40/150  train 1.0787 / 70.2%  val 1.1589 / 89.1%  lr 1.38e-05  GeM_p=2.11    36s
2026-03-17 14:54:18,141 [INFO]   S2 Ep  41/150  train 1.0980 / 69.7%  val 1.1736 / 88.9%  lr 1.37e-05  GeM_p=2.11    36s
2026-03-17 14:54:54,273 [INFO]   S2 Ep  42/150  train 1.0629 / 71.2%  val 1.1746 / 89.1%  lr 1.36e-05  GeM_p=2.11    36s
2026-03-17 14:55:30,318 [INFO]   S2 Ep  43/150  train 1.0498 / 72.1%  val 1.1692 / 88.9%  lr 1.35e-05  GeM_p=2.11    36s
2026-03-17 14:56:06,460 [INFO]   S2 Ep  44/150  train 1.0540 / 71.9%  val 1.1765 / 88.9%  lr 1.34e-05  GeM_p=2.11    36s
2026-03-17 14:56:42,584 [INFO]   S2 Ep  45/150  train 1.0692 / 70.9%  val 1.1795 / 88.7%  lr 1.32e-05  GeM_p=2.11    36s
2026-03-17 14:57:18,714 [INFO]   S2 Ep  46/150  train 1.0625 / 71.3%  val 1.1730 / 88.9%  lr 1.31e-05  GeM_p=2.11    36s
2026-03-17 14:57:54,797 [INFO]   S2 Ep  47/150  train 1.0771 / 70.2%  val 1.1707 / 89.0%  lr 1.30e-05  GeM_p=2.11    36s
2026-03-17 14:58:30,868 [INFO]   S2 Ep  48/150  train 1.0747 / 70.8%  val 1.1658 / 89.1%  lr 1.29e-05  GeM_p=2.11    36s
2026-03-17 14:59:07,009 [INFO]   S2 Ep  49/150  train 1.0481 / 72.4%  val 1.1714 / 88.9%  lr 1.28e-05  GeM_p=2.11    36s
2026-03-17 14:59:43,155 [INFO]   S2 Ep  50/150  train 1.0634 / 71.2%  val 1.1687 / 88.7%  lr 1.26e-05  GeM_p=2.11    36s
2026-03-17 15:00:19,329 [INFO]   S2 Ep  51/150  train 1.0918 / 69.2%  val 1.1776 / 88.8%  lr 1.25e-05  GeM_p=2.11    36s
2026-03-17 15:00:55,375 [INFO]   S2 Ep  52/150  train 1.0534 / 71.7%  val 1.1753 / 88.9%  lr 1.24e-05  GeM_p=2.11    36s
2026-03-17 15:01:31,418 [INFO]   S2 Ep  53/150  train 1.0550 / 72.0%  val 1.1763 / 88.9%  lr 1.23e-05  GeM_p=2.11    36s
2026-03-17 15:02:07,448 [INFO]   S2 Ep  54/150  train 1.0732 / 71.0%  val 1.1737 / 88.8%  lr 1.21e-05  GeM_p=2.11    36s
2026-03-17 15:02:43,534 [INFO]   S2 Ep  55/150  train 1.0625 / 71.3%  val 1.1744 / 89.1%  lr 1.20e-05  GeM_p=2.11    36s
2026-03-17 15:03:19,644 [INFO]   S2 Ep  56/150  train 1.0508 / 71.9%  val 1.1730 / 88.8%  lr 1.18e-05  GeM_p=2.11    36s
2026-03-17 15:03:55,677 [INFO]   S2 Ep  57/150  train 1.0461 / 71.8%  val 1.1759 / 89.0%  lr 1.17e-05  GeM_p=2.11    36s
2026-03-17 15:04:31,767 [INFO]   S2 Ep  58/150  train 1.0532 / 71.4%  val 1.1691 / 89.2%  lr 1.15e-05  GeM_p=2.11    36s
2026-03-17 15:05:07,843 [INFO]   S2 Ep  59/150  train 1.0694 / 71.0%  val 1.1704 / 89.4%  lr 1.14e-05  GeM_p=2.11    36s
2026-03-17 15:05:07,964 [INFO]   ★ best 89.39% → /data/slr/checkpoints_vit_v10/best_fold0.pt
2026-03-17 15:05:44,029 [INFO]   S2 Ep  60/150  train 1.0560 / 71.5%  val 1.1795 / 88.7%  lr 1.12e-05  GeM_p=2.11    36s
2026-03-17 15:06:20,145 [INFO]   S2 Ep  61/150  train 1.0675 / 71.1%  val 1.1722 / 88.9%  lr 1.11e-05  GeM_p=2.11    36s
2026-03-17 15:06:56,207 [INFO]   S2 Ep  62/150  train 1.0791 / 70.3%  val 1.1801 / 88.7%  lr 1.09e-05  GeM_p=2.11    36s
2026-03-17 15:07:32,279 [INFO]   S2 Ep  63/150  train 1.0155 / 73.3%  val 1.1742 / 89.0%  lr 1.08e-05  GeM_p=2.11    36s
2026-03-17 15:08:08,386 [INFO]   S2 Ep  64/150  train 1.0611 / 70.9%  val 1.1685 / 89.2%  lr 1.06e-05  GeM_p=2.11    36s
2026-03-17 15:08:44,490 [INFO]   S2 Ep  65/150  train 1.0485 / 72.0%  val 1.1760 / 88.8%  lr 1.05e-05  GeM_p=2.11    36s
2026-03-17 15:09:20,621 [INFO]   S2 Ep  66/150  train 1.0781 / 70.1%  val 1.1722 / 88.9%  lr 1.03e-05  GeM_p=2.11    36s
2026-03-17 15:09:56,821 [INFO]   S2 Ep  67/150  train 1.0824 / 69.8%  val 1.1687 / 89.5%  lr 1.01e-05  GeM_p=2.11    36s
2026-03-17 15:09:56,937 [INFO]   ★ best 89.45% → /data/slr/checkpoints_vit_v10/best_fold0.pt
2026-03-17 15:10:33,005 [INFO]   S2 Ep  68/150  train 1.0418 / 71.7%  val 1.1721 / 89.3%  lr 9.98e-06  GeM_p=2.11    36s
2026-03-17 15:11:09,017 [INFO]   S2 Ep  69/150  train 1.0664 / 71.0%  val 1.1548 / 89.6%  lr 9.82e-06  GeM_p=2.11    36s
2026-03-17 15:11:09,141 [INFO]   ★ best 89.62% → /data/slr/checkpoints_vit_v10/best_fold0.pt
2026-03-17 15:11:45,206 [INFO]   S2 Ep  70/150  train 1.0609 / 71.2%  val 1.1690 / 89.1%  lr 9.65e-06  GeM_p=2.11    36s
2026-03-17 15:12:21,291 [INFO]   S2 Ep  71/150  train 1.0634 / 71.2%  val 1.1555 / 89.5%  lr 9.48e-06  GeM_p=2.11    36s
2026-03-17 15:12:57,380 [INFO]   S2 Ep  72/150  train 1.0761 / 70.4%  val 1.1626 / 89.2%  lr 9.31e-06  GeM_p=2.11    36s
2026-03-17 15:13:33,500 [INFO]   S2 Ep  73/150  train 1.0255 / 72.2%  val 1.1552 / 89.4%  lr 9.14e-06  GeM_p=2.10    36s
2026-03-17 15:14:09,626 [INFO]   S2 Ep  74/150  train 1.0838 / 69.7%  val 1.1582 / 89.6%  lr 8.97e-06  GeM_p=2.10    36s
2026-03-17 15:14:45,748 [INFO]   S2 Ep  75/150  train 1.0570 / 70.9%  val 1.1575 / 89.6%  lr 8.80e-06  GeM_p=2.10    36s
2026-03-17 15:15:21,854 [INFO]   S2 Ep  76/150  train 1.0477 / 72.0%  val 1.1565 / 89.3%  lr 8.63e-06  GeM_p=2.10    36s
2026-03-17 15:15:58,013 [INFO]   S2 Ep  77/150  train 1.0091 / 73.2%  val 1.1615 / 89.3%  lr 8.46e-06  GeM_p=2.10    36s
2026-03-17 15:16:34,065 [INFO]   S2 Ep  78/150  train 1.0487 / 72.1%  val 1.1654 / 89.2%  lr 8.28e-06  GeM_p=2.10    36s
2026-03-17 15:17:10,163 [INFO]   S2 Ep  79/150  train 1.0332 / 71.9%  val 1.1642 / 89.1%  lr 8.11e-06  GeM_p=2.10    36s
2026-03-17 15:17:46,286 [INFO]   S2 Ep  80/150  train 1.0399 / 72.3%  val 1.1682 / 89.2%  lr 7.94e-06  GeM_p=2.10    36s
2026-03-17 15:18:22,342 [INFO]   S2 Ep  81/150  train 0.9982 / 74.0%  val 1.1593 / 89.6%  lr 7.76e-06  GeM_p=2.10    36s
2026-03-17 15:18:58,448 [INFO]   S2 Ep  82/150  train 1.0153 / 73.5%  val 1.1594 / 89.2%  lr 7.59e-06  GeM_p=2.10    36s
2026-03-17 15:19:34,614 [INFO]   S2 Ep  83/150  train 1.0095 / 73.1%  val 1.1600 / 89.4%  lr 7.41e-06  GeM_p=2.10    36s
2026-03-17 15:20:10,747 [INFO]   S2 Ep  84/150  train 0.9923 / 73.8%  val 1.1612 / 89.5%  lr 7.24e-06  GeM_p=2.10    36s
2026-03-17 15:20:46,828 [INFO]   S2 Ep  85/150  train 1.0649 / 70.5%  val 1.1541 / 89.5%  lr 7.06e-06  GeM_p=2.10    36s
2026-03-17 15:21:22,897 [INFO]   S2 Ep  86/150  train 1.0419 / 71.8%  val 1.1606 / 89.4%  lr 6.89e-06  GeM_p=2.10    36s
2026-03-17 15:21:58,980 [INFO]   S2 Ep  87/150  train 1.0584 / 71.1%  val 1.1593 / 89.1%  lr 6.72e-06  GeM_p=2.10    36s
2026-03-17 15:22:35,099 [INFO]   S2 Ep  88/150  train 1.0260 / 72.6%  val 1.1556 / 89.7%  lr 6.54e-06  GeM_p=2.10    36s
2026-03-17 15:22:35,221 [INFO]   ★ best 89.66% → /data/slr/checkpoints_vit_v10/best_fold0.pt
2026-03-17 15:23:11,324 [INFO]   S2 Ep  89/150  train 1.0600 / 70.6%  val 1.1599 / 89.1%  lr 6.37e-06  GeM_p=2.10    36s
2026-03-17 15:23:47,427 [INFO]   S2 Ep  90/150  train 1.0461 / 71.4%  val 1.1608 / 89.4%  lr 6.20e-06  GeM_p=2.10    36s
2026-03-17 15:24:23,508 [INFO]   S2 Ep  91/150  train 1.0798 / 69.5%  val 1.1554 / 89.5%  lr 6.03e-06  GeM_p=2.10    36s
2026-03-17 15:24:59,584 [INFO]   S2 Ep  92/150  train 1.0412 / 71.7%  val 1.1645 / 89.1%  lr 5.86e-06  GeM_p=2.10    36s
2026-03-17 15:25:35,690 [INFO]   S2 Ep  93/150  train 1.0364 / 72.1%  val 1.1583 / 89.1%  lr 5.69e-06  GeM_p=2.10    36s
2026-03-17 15:26:11,774 [INFO]   S2 Ep  94/150  train 1.0318 / 72.9%  val 1.1637 / 88.9%  lr 5.52e-06  GeM_p=2.10    36s
2026-03-17 15:26:47,870 [INFO]   S2 Ep  95/150  train 1.0500 / 71.7%  val 1.1645 / 89.2%  lr 5.35e-06  GeM_p=2.10    36s
2026-03-17 15:27:23,944 [INFO]   S2 Ep  96/150  train 1.0224 / 72.5%  val 1.1612 / 89.3%  lr 5.18e-06  GeM_p=2.10    36s
2026-03-17 15:28:00,239 [INFO]   S2 Ep  97/150  train 1.0119 / 73.0%  val 1.1577 / 89.3%  lr 5.02e-06  GeM_p=2.10    36s
2026-03-17 15:28:36,320 [INFO]   S2 Ep  98/150  train 1.0362 / 72.5%  val 1.1635 / 89.1%  lr 4.85e-06  GeM_p=2.10    36s
2026-03-17 15:29:12,425 [INFO]   S2 Ep  99/150  train 1.0234 / 72.7%  val 1.1629 / 89.3%  lr 4.69e-06  GeM_p=2.10    36s
2026-03-17 15:29:48,523 [INFO]   S2 Ep 100/150  train 1.0656 / 70.8%  val 1.1584 / 89.4%  lr 4.53e-06  GeM_p=2.10    36s
2026-03-17 15:30:24,653 [INFO]   S2 Ep 101/150  train 1.0376 / 71.8%  val 1.1570 / 89.2%  lr 4.37e-06  GeM_p=2.10    36s
2026-03-17 15:31:00,702 [INFO]   S2 Ep 102/150  train 1.0600 / 71.1%  val 1.1597 / 89.0%  lr 4.21e-06  GeM_p=2.10    36s
2026-03-17 15:31:36,729 [INFO]   S2 Ep 103/150  train 1.0415 / 71.2%  val 1.1593 / 89.5%  lr 4.06e-06  GeM_p=2.10    36s
2026-03-17 15:32:12,868 [INFO]   S2 Ep 104/150  train 1.0308 / 72.4%  val 1.1639 / 89.1%  lr 3.90e-06  GeM_p=2.10    36s
2026-03-17 15:32:48,932 [INFO]   S2 Ep 105/150  train 0.9873 / 74.6%  val 1.1569 / 89.4%  lr 3.75e-06  GeM_p=2.10    36s
2026-03-17 15:33:24,977 [INFO]   S2 Ep 106/150  train 1.0428 / 71.9%  val 1.1578 / 89.4%  lr 3.60e-06  GeM_p=2.10    36s
2026-03-17 15:34:00,983 [INFO]   S2 Ep 107/150  train 1.0647 / 70.9%  val 1.1546 / 89.5%  lr 3.45e-06  GeM_p=2.10    36s
2026-03-17 15:34:37,073 [INFO]   S2 Ep 108/150  train 1.0374 / 71.6%  val 1.1595 / 89.6%  lr 3.31e-06  GeM_p=2.10    36s
2026-03-17 15:35:13,232 [INFO]   S2 Ep 109/150  train 1.0484 / 70.7%  val 1.1588 / 89.3%  lr 3.16e-06  GeM_p=2.10    36s
2026-03-17 15:35:49,296 [INFO]   S2 Ep 110/150  train 1.0178 / 73.6%  val 1.1534 / 89.2%  lr 3.02e-06  GeM_p=2.10    36s
2026-03-17 15:36:25,422 [INFO]   S2 Ep 111/150  train 1.0346 / 71.8%  val 1.1539 / 89.3%  lr 2.88e-06  GeM_p=2.10    36s
2026-03-17 15:37:01,528 [INFO]   S2 Ep 112/150  train 1.0208 / 72.8%  val 1.1541 / 89.4%  lr 2.75e-06  GeM_p=2.10    36s
2026-03-17 15:37:37,667 [INFO]   S2 Ep 113/150  train 0.9939 / 74.3%  val 1.1559 / 89.3%  lr 2.61e-06  GeM_p=2.10    36s
2026-03-17 15:38:13,725 [INFO]   S2 Ep 114/150  train 1.0114 / 73.3%  val 1.1516 / 89.2%  lr 2.48e-06  GeM_p=2.10    36s
2026-03-17 15:38:49,779 [INFO]   S2 Ep 115/150  train 1.0314 / 72.4%  val 1.1515 / 89.4%  lr 2.35e-06  GeM_p=2.10    36s
2026-03-17 15:39:25,864 [INFO]   S2 Ep 116/150  train 1.0740 / 70.3%  val 1.1512 / 89.4%  lr 2.23e-06  GeM_p=2.10    36s
2026-03-17 15:40:01,948 [INFO]   S2 Ep 117/150  train 1.0401 / 71.8%  val 1.1471 / 89.4%  lr 2.11e-06  GeM_p=2.10    36s
2026-03-17 15:40:38,027 [INFO]   S2 Ep 118/150  train 1.0071 / 73.5%  val 1.1500 / 89.8%  lr 1.99e-06  GeM_p=2.10    36s
2026-03-17 15:40:38,153 [INFO]   ★ best 89.83% → /data/slr/checkpoints_vit_v10/best_fold0.pt
2026-03-17 15:41:14,242 [INFO]   S2 Ep 119/150  train 1.0583 / 71.2%  val 1.1494 / 89.7%  lr 1.87e-06  GeM_p=2.10    36s
2026-03-17 15:41:50,344 [INFO]   S2 Ep 120/150  train 1.0202 / 73.0%  val 1.1494 / 89.4%  lr 1.75e-06  GeM_p=2.10    36s
2026-03-17 15:42:26,443 [INFO]   S2 Ep 121/150  train 1.0473 / 72.1%  val 1.1510 / 89.5%  lr 1.64e-06  GeM_p=2.10    36s
2026-03-17 15:43:02,541 [INFO]   S2 Ep 122/150  train 1.0288 / 72.5%  val 1.1509 / 89.5%  lr 1.54e-06  GeM_p=2.10    36s
2026-03-17 15:43:38,680 [INFO]   S2 Ep 123/150  train 1.0057 / 73.7%  val 1.1483 / 89.6%  lr 1.43e-06  GeM_p=2.10    36s
2026-03-17 15:44:14,876 [INFO]   S2 Ep 124/150  train 0.9934 / 74.0%  val 1.1474 / 89.6%  lr 1.33e-06  GeM_p=2.10    36s
2026-03-17 15:44:50,953 [INFO]   S2 Ep 125/150  train 1.0307 / 72.0%  val 1.1468 / 89.5%  lr 1.23e-06  GeM_p=2.10    36s
2026-03-17 15:45:27,038 [INFO]   S2 Ep 126/150  train 1.0129 / 73.1%  val 1.1476 / 89.5%  lr 1.14e-06  GeM_p=2.10    36s
2026-03-17 15:46:03,158 [INFO]   S2 Ep 127/150  train 1.0346 / 71.8%  val 1.1471 / 89.6%  lr 1.05e-06  GeM_p=2.10    36s
2026-03-17 15:46:39,155 [INFO]   S2 Ep 128/150  train 1.0157 / 72.8%  val 1.1474 / 89.7%  lr 9.62e-07  GeM_p=2.10    36s
2026-03-17 15:47:15,255 [INFO]   S2 Ep 129/150  train 1.0139 / 72.9%  val 1.1465 / 89.6%  lr 8.78e-07  GeM_p=2.10    36s
2026-03-17 15:47:51,400 [INFO]   S2 Ep 130/150  train 1.0271 / 73.1%  val 1.1465 / 89.4%  lr 7.98e-07  GeM_p=2.10    36s
2026-03-17 15:48:27,481 [INFO]   S2 Ep 131/150  train 1.0256 / 72.6%  val 1.1450 / 89.7%  lr 7.22e-07  GeM_p=2.10    36s
2026-03-17 15:49:03,575 [INFO]   S2 Ep 132/150  train 1.0036 / 73.9%  val 1.1465 / 89.6%  lr 6.49e-07  GeM_p=2.10    36s
2026-03-17 15:49:39,666 [INFO]   S2 Ep 133/150  train 1.0054 / 73.5%  val 1.1455 / 89.6%  lr 5.80e-07  GeM_p=2.10    36s
2026-03-17 15:50:15,753 [INFO]   S2 Ep 134/150  train 1.0584 / 71.2%  val 1.1470 / 89.6%  lr 5.14e-07  GeM_p=2.10    36s
2026-03-17 15:50:51,796 [INFO]   S2 Ep 135/150  train 1.0188 / 73.6%  val 1.1459 / 89.4%  lr 4.53e-07  GeM_p=2.10    36s
2026-03-17 15:51:27,920 [INFO]   S2 Ep 136/150  train 1.0564 / 70.6%  val 1.1463 / 89.5%  lr 3.95e-07  GeM_p=2.10    36s
2026-03-17 15:52:04,011 [INFO]   S2 Ep 137/150  train 1.0531 / 71.1%  val 1.1464 / 89.6%  lr 3.41e-07  GeM_p=2.10    36s
2026-03-17 15:52:40,109 [INFO]   S2 Ep 138/150  train 1.0113 / 73.1%  val 1.1468 / 89.5%  lr 2.91e-07  GeM_p=2.10    36s
2026-03-17 15:53:16,227 [INFO]   S2 Ep 139/150  train 1.0275 / 72.7%  val 1.1468 / 89.4%  lr 2.45e-07  GeM_p=2.10    36s
2026-03-17 15:53:52,332 [INFO]   S2 Ep 140/150  train 1.0447 / 71.6%  val 1.1473 / 89.5%  lr 2.03e-07  GeM_p=2.10    36s
2026-03-17 15:54:28,434 [INFO]   S2 Ep 141/150  train 1.0325 / 71.5%  val 1.1463 / 89.6%  lr 1.64e-07  GeM_p=2.10    36s
2026-03-17 15:55:04,557 [INFO]   S2 Ep 142/150  train 1.0560 / 71.0%  val 1.1465 / 89.6%  lr 1.30e-07  GeM_p=2.10    36s
2026-03-17 15:55:40,704 [INFO]   S2 Ep 143/150  train 1.0176 / 72.9%  val 1.1461 / 89.5%  lr 9.98e-08  GeM_p=2.10    36s
2026-03-17 15:56:16,809 [INFO]   S2 Ep 144/150  train 1.0274 / 72.5%  val 1.1461 / 89.6%  lr 7.35e-08  GeM_p=2.10    36s
2026-03-17 15:56:52,909 [INFO]   S2 Ep 145/150  train 1.0236 / 72.4%  val 1.1463 / 89.5%  lr 5.12e-08  GeM_p=2.10    36s
2026-03-17 15:57:29,017 [INFO]   S2 Ep 146/150  train 1.0151 / 73.1%  val 1.1463 / 89.5%  lr 3.30e-08  GeM_p=2.10    36s
2026-03-17 15:58:05,097 [INFO]   S2 Ep 147/150  train 1.0144 / 73.1%  val 1.1463 / 89.6%  lr 1.88e-08  GeM_p=2.10    36s
2026-03-17 15:58:41,187 [INFO]   S2 Ep 148/150  train 1.0141 / 73.3%  val 1.1463 / 89.6%  lr 8.70e-09  GeM_p=2.10    36s
2026-03-17 15:59:17,272 [INFO]   S2 Ep 149/150  train 1.0428 / 71.9%  val 1.1463 / 89.6%  lr 2.62e-09  GeM_p=2.10    36s
2026-03-17 15:59:53,352 [INFO]   S2 Ep 150/150  train 1.0072 / 73.4%  val 1.1463 / 89.6%  lr 6.00e-10  GeM_p=2.10    36s
2026-03-17 15:59:53,356 [INFO]   Fold 1 best val acc: 89.83%
2026-03-17 15:59:53,616 [INFO] ================================================================
2026-03-17 15:59:53,616 [INFO] FOLD 2 / 5
2026-03-17 15:59:53,616 [INFO] ================================================================
2026-03-17 15:59:53,618 [INFO]   Train: 20766 (orig 11793 + PL 8973)  |  Val: 2949
2026-03-17 15:59:53,821 [INFO] Loading pretrained weights from Hugging Face hub (timm/caformer_s18.sail_in22k_ft_in1k)
2026-03-17 15:59:54,081 [INFO] HTTP Request: HEAD https://huggingface.co/timm/caformer_s18.sail_in22k_ft_in1k/resolve/main/model.safetensors "HTTP/1.1 302 Found"
2026-03-17 15:59:54,083 [INFO] [timm/caformer_s18.sail_in22k_ft_in1k] Safe alternative available for 'pytorch_model.bin' (as 'model.safetensors'). Loading weights using safetensors.
2026-03-17 15:59:54,097 [INFO] Missing keys (head.fc.fc2.weight, head.fc.fc2.bias) discovered while loading pretrained weights. This is expected if model is being adapted.
2026-03-17 15:59:54,185 [INFO]   Born-again ← best_fold1.pt (val 89.15%)
2026-03-17 15:59:54,186 [INFO] ── Stage 1: head-only warmup (5 epochs, no mix) ──
2026-03-17 16:00:06,017 [INFO]   S1 Ep  1/5  train 0.4913 / 96.4%  val 1.1741 / 88.9%    12s
2026-03-17 16:00:06,119 [INFO]   ★ best 88.91%
2026-03-17 16:00:17,599 [INFO]   S1 Ep  2/5  train 0.4923 / 96.4%  val 1.1717 / 89.0%    11s
2026-03-17 16:00:17,726 [INFO]   ★ best 88.98%
2026-03-17 16:00:29,130 [INFO]   S1 Ep  3/5  train 0.4915 / 96.6%  val 1.1702 / 89.1%    11s
2026-03-17 16:00:29,261 [INFO]   ★ best 89.15%
2026-03-17 16:00:40,796 [INFO]   S1 Ep  4/5  train 0.4910 / 96.4%  val 1.1694 / 89.1%    12s
2026-03-17 16:00:52,209 [INFO]   S1 Ep  5/5  train 0.4873 / 96.5%  val 1.1690 / 89.1%    11s
2026-03-17 16:00:52,209 [INFO] Stage 1 done — best val: 89.15%
2026-03-17 16:00:52,209 [INFO] ── Stage 2: full fine-tune + LLRD (150 epochs, patience 45) ──
2026-03-17 16:00:52,210 [INFO] LLRD: 10 groups, LR [7.83e-06 … 1.50e-05]
2026-03-17 16:01:28,305 [INFO]   S2 Ep   1/150  train 1.0636 / 70.8%  val 1.1688 / 89.1%  lr 7.57e-07  GeM_p=2.11    36s
2026-03-17 16:02:04,380 [INFO]   S2 Ep   2/150  train 1.0280 / 72.0%  val 1.1684 / 89.1%  lr 1.22e-06  GeM_p=2.11    36s
2026-03-17 16:02:40,379 [INFO]   S2 Ep   3/150  train 1.0577 / 71.7%  val 1.1700 / 88.8%  lr 1.98e-06  GeM_p=2.11    36s
2026-03-17 16:03:16,369 [INFO]   S2 Ep   4/150  train 1.0392 / 72.0%  val 1.1705 / 88.8%  lr 2.98e-06  GeM_p=2.11    36s
2026-03-17 16:03:52,404 [INFO]   S2 Ep   5/150  train 1.0285 / 72.0%  val 1.1696 / 89.0%  lr 4.20e-06  GeM_p=2.11    36s
2026-03-17 16:04:28,459 [INFO]   S2 Ep   6/150  train 1.0318 / 71.9%  val 1.1740 / 88.9%  lr 5.58e-06  GeM_p=2.11    36s
2026-03-17 16:05:04,476 [INFO]   S2 Ep   7/150  train 1.0367 / 72.0%  val 1.1716 / 89.1%  lr 7.05e-06  GeM_p=2.11    36s
2026-03-17 16:05:40,505 [INFO]   S2 Ep   8/150  train 1.0222 / 72.6%  val 1.1802 / 88.7%  lr 8.56e-06  GeM_p=2.11    36s
2026-03-17 16:06:16,477 [INFO]   S2 Ep   9/150  train 1.0403 / 71.7%  val 1.1745 / 89.0%  lr 1.00e-05  GeM_p=2.11    36s
2026-03-17 16:06:52,538 [INFO]   S2 Ep  10/150  train 1.0777 / 70.0%  val 1.1847 / 88.4%  lr 1.14e-05  GeM_p=2.11    36s
2026-03-17 16:07:28,532 [INFO]   S2 Ep  11/150  train 1.0397 / 71.9%  val 1.1935 / 88.3%  lr 1.26e-05  GeM_p=2.11    36s
2026-03-17 16:08:04,554 [INFO]   S2 Ep  12/150  train 1.0471 / 71.1%  val 1.1831 / 88.5%  lr 1.36e-05  GeM_p=2.11    36s
2026-03-17 16:08:40,546 [INFO]   S2 Ep  13/150  train 1.0821 / 69.6%  val 1.1860 / 88.7%  lr 1.44e-05  GeM_p=2.11    36s
2026-03-17 16:09:16,597 [INFO]   S2 Ep  14/150  train 1.0736 / 70.3%  val 1.1828 / 88.9%  lr 1.48e-05  GeM_p=2.11    36s
2026-03-17 16:09:52,665 [INFO]   S2 Ep  15/150  train 1.0358 / 71.8%  val 1.1871 / 88.2%  lr 1.50e-05  GeM_p=2.11    36s
2026-03-17 16:10:28,738 [INFO]   S2 Ep  16/150  train 1.0319 / 72.0%  val 1.1955 / 88.0%  lr 1.50e-05  GeM_p=2.11    36s
2026-03-17 16:11:04,765 [INFO]   S2 Ep  17/150  train 1.0476 / 71.2%  val 1.1899 / 88.7%  lr 1.50e-05  GeM_p=2.11    36s
2026-03-17 16:11:40,847 [INFO]   S2 Ep  18/150  train 1.0993 / 68.7%  val 1.1892 / 88.3%  lr 1.50e-05  GeM_p=2.11    36s
2026-03-17 16:12:16,891 [INFO]   S2 Ep  19/150  train 1.0186 / 73.2%  val 1.1869 / 88.8%  lr 1.50e-05  GeM_p=2.11    36s
2026-03-17 16:12:52,947 [INFO]   S2 Ep  20/150  train 1.0671 / 70.2%  val 1.1847 / 88.8%  lr 1.49e-05  GeM_p=2.11    36s
2026-03-17 16:13:28,997 [INFO]   S2 Ep  21/150  train 1.0400 / 72.0%  val 1.2066 / 88.0%  lr 1.49e-05  GeM_p=2.11    36s
2026-03-17 16:14:05,022 [INFO]   S2 Ep  22/150  train 1.0348 / 71.8%  val 1.1825 / 88.6%  lr 1.49e-05  GeM_p=2.11    36s
2026-03-17 16:14:41,045 [INFO]   S2 Ep  23/150  train 1.0394 / 71.1%  val 1.2001 / 88.7%  lr 1.49e-05  GeM_p=2.11    36s
2026-03-17 16:15:17,048 [INFO]   S2 Ep  24/150  train 1.0152 / 73.2%  val 1.1977 / 88.3%  lr 1.48e-05  GeM_p=2.11    36s
2026-03-17 16:15:53,080 [INFO]   S2 Ep  25/150  train 1.0303 / 72.4%  val 1.1861 / 88.3%  lr 1.48e-05  GeM_p=2.11    36s
2026-03-17 16:16:29,176 [INFO]   S2 Ep  26/150  train 1.0489 / 71.2%  val 1.1906 / 88.8%  lr 1.48e-05  GeM_p=2.11    36s
2026-03-17 16:17:05,233 [INFO]   S2 Ep  27/150  train 1.0141 / 72.7%  val 1.1821 / 88.9%  lr 1.47e-05  GeM_p=2.11    36s
2026-03-17 16:17:41,410 [INFO]   S2 Ep  28/150  train 1.0537 / 71.2%  val 1.2054 / 87.9%  lr 1.47e-05  GeM_p=2.11    36s
2026-03-17 16:18:17,500 [INFO]   S2 Ep  29/150  train 1.0246 / 72.2%  val 1.1959 / 87.9%  lr 1.46e-05  GeM_p=2.11    36s
2026-03-17 16:18:53,514 [INFO]   S2 Ep  30/150  train 1.0218 / 72.7%  val 1.2011 / 88.1%  lr 1.45e-05  GeM_p=2.11    36s
2026-03-17 16:19:29,598 [INFO]   S2 Ep  31/150  train 1.0024 / 73.2%  val 1.1969 / 88.2%  lr 1.45e-05  GeM_p=2.11    36s
2026-03-17 16:20:05,626 [INFO]   S2 Ep  32/150  train 1.0143 / 73.2%  val 1.1856 / 88.9%  lr 1.44e-05  GeM_p=2.11    36s
2026-03-17 16:20:41,725 [INFO]   S2 Ep  33/150  train 1.0522 / 70.7%  val 1.1951 / 88.5%  lr 1.44e-05  GeM_p=2.11    36s
2026-03-17 16:21:17,797 [INFO]   S2 Ep  34/150  train 1.0330 / 72.3%  val 1.1929 / 88.8%  lr 1.43e-05  GeM_p=2.11    36s
2026-03-17 16:21:53,890 [INFO]   S2 Ep  35/150  train 1.0261 / 73.1%  val 1.1933 / 88.5%  lr 1.42e-05  GeM_p=2.11    36s
2026-03-17 16:22:29,959 [INFO]   S2 Ep  36/150  train 1.0639 / 70.1%  val 1.1899 / 88.7%  lr 1.41e-05  GeM_p=2.11    36s
2026-03-17 16:23:06,036 [INFO]   S2 Ep  37/150  train 1.0328 / 72.0%  val 1.1853 / 88.6%  lr 1.40e-05  GeM_p=2.11    36s
2026-03-17 16:23:42,101 [INFO]   S2 Ep  38/150  train 1.0086 / 73.2%  val 1.1858 / 88.8%  lr 1.40e-05  GeM_p=2.11    36s
2026-03-17 16:24:18,143 [INFO]   S2 Ep  39/150  train 1.0362 / 72.0%  val 1.2010 / 88.4%  lr 1.39e-05  GeM_p=2.11    36s
2026-03-17 16:24:54,200 [INFO]   S2 Ep  40/150  train 1.0192 / 73.3%  val 1.1964 / 88.1%  lr 1.38e-05  GeM_p=2.11    36s
2026-03-17 16:25:30,322 [INFO]   S2 Ep  41/150  train 1.0472 / 71.0%  val 1.2063 / 88.2%  lr 1.37e-05  GeM_p=2.10    36s
2026-03-17 16:26:06,354 [INFO]   S2 Ep  42/150  train 1.0182 / 72.8%  val 1.1938 / 88.7%  lr 1.36e-05  GeM_p=2.10    36s
2026-03-17 16:26:42,370 [INFO]   S2 Ep  43/150  train 1.0230 / 72.3%  val 1.1956 / 88.6%  lr 1.35e-05  GeM_p=2.10    36s
2026-03-17 16:27:18,411 [INFO]   S2 Ep  44/150  train 1.0051 / 73.2%  val 1.1923 / 88.7%  lr 1.34e-05  GeM_p=2.10    36s
2026-03-17 16:27:54,419 [INFO]   S2 Ep  45/150  train 1.0041 / 73.2%  val 1.2036 / 88.3%  lr 1.32e-05  GeM_p=2.10    36s
2026-03-17 16:27:54,419 [INFO]   Early stopping at S2 epoch 45
2026-03-17 16:27:54,419 [INFO]   Fold 2 best val acc: 89.15%
2026-03-17 16:27:54,678 [INFO] ================================================================
2026-03-17 16:27:54,679 [INFO] FOLD 3 / 5
2026-03-17 16:27:54,679 [INFO] ================================================================
2026-03-17 16:27:54,681 [INFO]   Train: 20767 (orig 11794 + PL 8973)  |  Val: 2948
2026-03-17 16:27:54,886 [INFO] Loading pretrained weights from Hugging Face hub (timm/caformer_s18.sail_in22k_ft_in1k)
2026-03-17 16:27:54,962 [INFO] HTTP Request: HEAD https://huggingface.co/timm/caformer_s18.sail_in22k_ft_in1k/resolve/main/model.safetensors "HTTP/1.1 302 Found"
2026-03-17 16:27:54,964 [INFO] [timm/caformer_s18.sail_in22k_ft_in1k] Safe alternative available for 'pytorch_model.bin' (as 'model.safetensors'). Loading weights using safetensors.
2026-03-17 16:27:54,980 [INFO] Missing keys (head.fc.fc2.weight, head.fc.fc2.bias) discovered while loading pretrained weights. This is expected if model is being adapted.
2026-03-17 16:27:55,074 [INFO]   Born-again ← best_fold2.pt (val 90.50%)
2026-03-17 16:27:55,074 [INFO] ── Stage 1: head-only warmup (5 epochs, no mix) ──
2026-03-17 16:28:13,976 [INFO]   S1 Ep  1/5  train 0.4878 / 96.7%  val 1.1233 / 90.5%    19s
2026-03-17 16:28:14,074 [INFO]   ★ best 90.47%
2026-03-17 16:28:25,612 [INFO]   S1 Ep  2/5  train 0.4879 / 96.7%  val 1.1227 / 90.5%    12s
2026-03-17 16:28:25,728 [INFO]   ★ best 90.54%
2026-03-17 16:28:37,195 [INFO]   S1 Ep  3/5  train 0.4892 / 96.6%  val 1.1259 / 90.5%    11s
2026-03-17 16:28:48,546 [INFO]   S1 Ep  4/5  train 0.4862 / 96.8%  val 1.1231 / 90.6%    11s
2026-03-17 16:28:48,674 [INFO]   ★ best 90.57%
2026-03-17 16:29:00,087 [INFO]   S1 Ep  5/5  train 0.4866 / 96.6%  val 1.1216 / 90.6%    11s
2026-03-17 16:29:00,206 [INFO]   ★ best 90.60%
2026-03-17 16:29:00,206 [INFO] Stage 1 done — best val: 90.60%
2026-03-17 16:29:00,206 [INFO] ── Stage 2: full fine-tune + LLRD (150 epochs, patience 45) ──
2026-03-17 16:29:00,207 [INFO] LLRD: 10 groups, LR [7.83e-06 … 1.50e-05]
2026-03-17 16:29:36,260 [INFO]   S2 Ep   1/150  train 1.0377 / 71.6%  val 1.1219 / 90.6%  lr 7.57e-07  GeM_p=2.08    36s
2026-03-17 16:30:12,305 [INFO]   S2 Ep   2/150  train 1.0271 / 72.1%  val 1.1206 / 90.4%  lr 1.22e-06  GeM_p=2.08    36s
2026-03-17 16:30:48,346 [INFO]   S2 Ep   3/150  train 1.0164 / 72.8%  val 1.1221 / 90.2%  lr 1.98e-06  GeM_p=2.08    36s
2026-03-17 16:31:24,424 [INFO]   S2 Ep   4/150  train 1.0298 / 72.7%  val 1.1255 / 90.0%  lr 2.98e-06  GeM_p=2.08    36s
2026-03-17 16:32:00,509 [INFO]   S2 Ep   5/150  train 1.0491 / 71.7%  val 1.1206 / 90.4%  lr 4.20e-06  GeM_p=2.08    36s
2026-03-17 16:32:36,613 [INFO]   S2 Ep   6/150  train 1.0464 / 71.8%  val 1.1223 / 90.4%  lr 5.58e-06  GeM_p=2.08    36s
2026-03-17 16:33:12,612 [INFO]   S2 Ep   7/150  train 1.0306 / 71.8%  val 1.1173 / 90.6%  lr 7.05e-06  GeM_p=2.08    36s
2026-03-17 16:33:48,691 [INFO]   S2 Ep   8/150  train 1.0759 / 70.3%  val 1.1232 / 90.3%  lr 8.56e-06  GeM_p=2.08    36s
2026-03-17 16:34:24,754 [INFO]   S2 Ep   9/150  train 1.0276 / 71.9%  val 1.1319 / 90.3%  lr 1.00e-05  GeM_p=2.08    36s
2026-03-17 16:35:00,779 [INFO]   S2 Ep  10/150  train 1.0798 / 70.2%  val 1.1317 / 90.4%  lr 1.14e-05  GeM_p=2.08    36s
2026-03-17 16:35:36,784 [INFO]   S2 Ep  11/150  train 1.0413 / 71.2%  val 1.1421 / 90.0%  lr 1.26e-05  GeM_p=2.08    36s
2026-03-17 16:36:12,851 [INFO]   S2 Ep  12/150  train 1.0547 / 70.8%  val 1.1361 / 90.3%  lr 1.36e-05  GeM_p=2.08    36s
2026-03-17 16:36:48,898 [INFO]   S2 Ep  13/150  train 1.0486 / 70.8%  val 1.1341 / 90.1%  lr 1.44e-05  GeM_p=2.08    36s
2026-03-17 16:37:24,929 [INFO]   S2 Ep  14/150  train 1.0137 / 73.2%  val 1.1369 / 89.6%  lr 1.48e-05  GeM_p=2.08    36s
2026-03-17 16:38:01,039 [INFO]   S2 Ep  15/150  train 1.0534 / 70.9%  val 1.1315 / 90.2%  lr 1.50e-05  GeM_p=2.08    36s
2026-03-17 16:38:37,106 [INFO]   S2 Ep  16/150  train 1.0358 / 71.8%  val 1.1469 / 89.3%  lr 1.50e-05  GeM_p=2.08    36s
2026-03-17 16:39:13,153 [INFO]   S2 Ep  17/150  train 1.0176 / 72.9%  val 1.1429 / 89.5%  lr 1.50e-05  GeM_p=2.08    36s
2026-03-17 16:39:49,163 [INFO]   S2 Ep  18/150  train 1.0288 / 72.3%  val 1.1434 / 89.5%  lr 1.50e-05  GeM_p=2.08    36s
2026-03-17 16:40:25,191 [INFO]   S2 Ep  19/150  train 1.0412 / 72.6%  val 1.1387 / 89.8%  lr 1.50e-05  GeM_p=2.08    36s
2026-03-17 16:41:01,229 [INFO]   S2 Ep  20/150  train 1.0519 / 71.6%  val 1.1291 / 90.4%  lr 1.49e-05  GeM_p=2.08    36s
2026-03-17 16:41:37,315 [INFO]   S2 Ep  21/150  train 1.0208 / 72.8%  val 1.1389 / 90.1%  lr 1.49e-05  GeM_p=2.08    36s
2026-03-17 16:42:13,363 [INFO]   S2 Ep  22/150  train 1.0424 / 71.7%  val 1.1347 / 90.1%  lr 1.49e-05  GeM_p=2.08    36s
2026-03-17 16:42:49,388 [INFO]   S2 Ep  23/150  train 1.0298 / 72.9%  val 1.1372 / 90.1%  lr 1.49e-05  GeM_p=2.08    36s
2026-03-17 16:43:25,361 [INFO]   S2 Ep  24/150  train 1.0225 / 72.2%  val 1.1399 / 89.7%  lr 1.48e-05  GeM_p=2.08    36s
2026-03-17 16:44:01,389 [INFO]   S2 Ep  25/150  train 1.0271 / 72.3%  val 1.1390 / 89.6%  lr 1.48e-05  GeM_p=2.08    36s
2026-03-17 16:44:37,440 [INFO]   S2 Ep  26/150  train 1.0178 / 72.9%  val 1.1317 / 90.1%  lr 1.48e-05  GeM_p=2.08    36s
2026-03-17 16:45:13,486 [INFO]   S2 Ep  27/150  train 1.0247 / 72.5%  val 1.1437 / 89.9%  lr 1.47e-05  GeM_p=2.08    36s
2026-03-17 16:45:49,527 [INFO]   S2 Ep  28/150  train 1.0193 / 72.7%  val 1.1338 / 89.6%  lr 1.47e-05  GeM_p=2.08    36s
2026-03-17 16:46:25,579 [INFO]   S2 Ep  29/150  train 1.0252 / 72.7%  val 1.1309 / 89.7%  lr 1.46e-05  GeM_p=2.08    36s
2026-03-17 16:47:01,659 [INFO]   S2 Ep  30/150  train 0.9984 / 73.7%  val 1.1361 / 89.8%  lr 1.45e-05  GeM_p=2.08    36s
2026-03-17 16:47:37,710 [INFO]   S2 Ep  31/150  train 1.0281 / 72.2%  val 1.1251 / 90.3%  lr 1.45e-05  GeM_p=2.08    36s
2026-03-17 16:48:13,768 [INFO]   S2 Ep  32/150  train 1.0470 / 71.3%  val 1.1368 / 89.6%  lr 1.44e-05  GeM_p=2.08    36s
2026-03-17 16:48:49,822 [INFO]   S2 Ep  33/150  train 1.0293 / 71.5%  val 1.1285 / 90.1%  lr 1.44e-05  GeM_p=2.08    36s
2026-03-17 16:49:25,798 [INFO]   S2 Ep  34/150  train 1.0227 / 72.2%  val 1.1410 / 90.0%  lr 1.43e-05  GeM_p=2.08    36s
2026-03-17 16:50:01,805 [INFO]   S2 Ep  35/150  train 1.0033 / 73.8%  val 1.1533 / 89.8%  lr 1.42e-05  GeM_p=2.08    36s
2026-03-17 16:50:37,887 [INFO]   S2 Ep  36/150  train 1.0022 / 73.1%  val 1.1391 / 89.8%  lr 1.41e-05  GeM_p=2.08    36s
2026-03-17 16:51:13,891 [INFO]   S2 Ep  37/150  train 1.0311 / 72.4%  val 1.1428 / 89.7%  lr 1.40e-05  GeM_p=2.08    36s
2026-03-17 16:51:49,907 [INFO]   S2 Ep  38/150  train 1.0259 / 72.5%  val 1.1369 / 90.0%  lr 1.40e-05  GeM_p=2.08    36s
2026-03-17 16:52:25,980 [INFO]   S2 Ep  39/150  train 1.0363 / 71.8%  val 1.1389 / 89.6%  lr 1.39e-05  GeM_p=2.08    36s
2026-03-17 16:53:02,036 [INFO]   S2 Ep  40/150  train 1.0475 / 70.8%  val 1.1510 / 89.6%  lr 1.38e-05  GeM_p=2.08    36s
2026-03-17 16:53:38,144 [INFO]   S2 Ep  41/150  train 1.0098 / 73.2%  val 1.1326 / 89.4%  lr 1.37e-05  GeM_p=2.08    36s
2026-03-17 16:54:14,234 [INFO]   S2 Ep  42/150  train 1.0293 / 72.1%  val 1.1304 / 89.7%  lr 1.36e-05  GeM_p=2.08    36s
2026-03-17 16:54:50,361 [INFO]   S2 Ep  43/150  train 1.0267 / 72.2%  val 1.1363 / 89.7%  lr 1.35e-05  GeM_p=2.08    36s
2026-03-17 16:55:26,408 [INFO]   S2 Ep  44/150  train 1.0201 / 72.7%  val 1.1353 / 90.0%  lr 1.34e-05  GeM_p=2.08    36s
2026-03-17 16:56:02,438 [INFO]   S2 Ep  45/150  train 0.9854 / 74.5%  val 1.1427 / 89.8%  lr 1.32e-05  GeM_p=2.07    36s
2026-03-17 16:56:02,438 [INFO]   Early stopping at S2 epoch 45
2026-03-17 16:56:02,438 [INFO]   Fold 3 best val acc: 90.60%
2026-03-17 16:56:02,704 [INFO] ================================================================
2026-03-17 16:56:02,704 [INFO] FOLD 4 / 5
2026-03-17 16:56:02,704 [INFO] ================================================================
2026-03-17 16:56:02,707 [INFO]   Train: 20767 (orig 11794 + PL 8973)  |  Val: 2948
2026-03-17 16:56:02,910 [INFO] Loading pretrained weights from Hugging Face hub (timm/caformer_s18.sail_in22k_ft_in1k)
2026-03-17 16:56:03,117 [INFO] HTTP Request: HEAD https://huggingface.co/timm/caformer_s18.sail_in22k_ft_in1k/resolve/main/model.safetensors "HTTP/1.1 302 Found"
2026-03-17 16:56:03,118 [INFO] [timm/caformer_s18.sail_in22k_ft_in1k] Safe alternative available for 'pytorch_model.bin' (as 'model.safetensors'). Loading weights using safetensors.
2026-03-17 16:56:03,133 [INFO] Missing keys (head.fc.fc2.weight, head.fc.fc2.bias) discovered while loading pretrained weights. This is expected if model is being adapted.
2026-03-17 16:56:03,233 [INFO]   Born-again ← best_fold3.pt (val 89.28%)
2026-03-17 16:56:03,234 [INFO] ── Stage 1: head-only warmup (5 epochs, no mix) ──
2026-03-17 16:56:16,465 [INFO]   S1 Ep  1/5  train 0.5383 / 94.0%  val 1.1506 / 89.1%    13s
2026-03-17 16:56:16,564 [INFO]   ★ best 89.08%
2026-03-17 16:56:28,390 [INFO]   S1 Ep  2/5  train 0.5392 / 94.2%  val 1.1528 / 89.1%    12s
2026-03-17 16:56:40,602 [INFO]   S1 Ep  3/5  train 0.5423 / 94.0%  val 1.1544 / 89.0%    12s
2026-03-17 16:56:52,145 [INFO]   S1 Ep  4/5  train 0.5346 / 94.2%  val 1.1506 / 89.0%    12s
2026-03-17 16:57:03,655 [INFO]   S1 Ep  5/5  train 0.5316 / 94.3%  val 1.1507 / 88.9%    12s
2026-03-17 16:57:03,655 [INFO] Stage 1 done — best val: 89.08%
2026-03-17 16:57:03,655 [INFO] ── Stage 2: full fine-tune + LLRD (150 epochs, patience 45) ──
2026-03-17 16:57:03,657 [INFO] LLRD: 10 groups, LR [7.83e-06 … 1.50e-05]
2026-03-17 16:57:39,755 [INFO]   S2 Ep   1/150  train 1.0650 / 71.0%  val 1.1516 / 88.9%  lr 7.57e-07  GeM_p=2.10    36s
2026-03-17 16:58:15,856 [INFO]   S2 Ep   2/150  train 1.1025 / 69.2%  val 1.1510 / 89.0%  lr 1.22e-06  GeM_p=2.10    36s
2026-03-17 16:58:51,896 [INFO]   S2 Ep   3/150  train 1.1178 / 68.2%  val 1.1492 / 88.9%  lr 1.98e-06  GeM_p=2.10    36s
2026-03-17 16:59:28,030 [INFO]   S2 Ep   4/150  train 1.0802 / 70.1%  val 1.1543 / 88.8%  lr 2.98e-06  GeM_p=2.10    36s
2026-03-17 17:00:04,115 [INFO]   S2 Ep   5/150  train 1.0947 / 69.7%  val 1.1491 / 89.0%  lr 4.20e-06  GeM_p=2.10    36s
2026-03-17 17:00:40,161 [INFO]   S2 Ep   6/150  train 1.0865 / 70.4%  val 1.1472 / 89.1%  lr 5.58e-06  GeM_p=2.10    36s
2026-03-17 17:01:16,186 [INFO]   S2 Ep   7/150  train 1.1325 / 68.1%  val 1.1530 / 88.8%  lr 7.05e-06  GeM_p=2.10    36s
2026-03-17 17:01:52,258 [INFO]   S2 Ep   8/150  train 1.0883 / 69.8%  val 1.1533 / 88.7%  lr 8.56e-06  GeM_p=2.10    36s
2026-03-17 17:02:28,339 [INFO]   S2 Ep   9/150  train 1.0822 / 70.7%  val 1.1601 / 88.4%  lr 1.00e-05  GeM_p=2.10    36s
2026-03-17 17:03:04,390 [INFO]   S2 Ep  10/150  train 1.0952 / 69.3%  val 1.1556 / 89.3%  lr 1.14e-05  GeM_p=2.10    36s
2026-03-17 17:03:04,519 [INFO]   ★ best 89.31% → /data/slr/checkpoints_vit_v10/best_fold3.pt
2026-03-17 17:03:40,592 [INFO]   S2 Ep  11/150  train 1.1199 / 68.0%  val 1.1552 / 88.4%  lr 1.26e-05  GeM_p=2.10    36s
2026-03-17 17:04:16,835 [INFO]   S2 Ep  12/150  train 1.0961 / 69.5%  val 1.1450 / 88.8%  lr 1.36e-05  GeM_p=2.10    36s
2026-03-17 17:04:52,939 [INFO]   S2 Ep  13/150  train 1.1045 / 69.6%  val 1.1630 / 88.8%  lr 1.44e-05  GeM_p=2.10    36s
2026-03-17 17:05:29,022 [INFO]   S2 Ep  14/150  train 1.1088 / 69.1%  val 1.1600 / 88.4%  lr 1.48e-05  GeM_p=2.10    36s
2026-03-17 17:06:05,140 [INFO]   S2 Ep  15/150  train 1.1024 / 69.1%  val 1.1583 / 88.9%  lr 1.50e-05  GeM_p=2.10    36s
2026-03-17 17:06:41,157 [INFO]   S2 Ep  16/150  train 1.1002 / 69.6%  val 1.1598 / 89.2%  lr 1.50e-05  GeM_p=2.10    36s
2026-03-17 17:07:17,203 [INFO]   S2 Ep  17/150  train 1.1061 / 68.9%  val 1.1594 / 88.6%  lr 1.50e-05  GeM_p=2.10    36s
2026-03-17 17:07:53,345 [INFO]   S2 Ep  18/150  train 1.1306 / 67.9%  val 1.1561 / 88.9%  lr 1.50e-05  GeM_p=2.10    36s
2026-03-17 17:08:29,467 [INFO]   S2 Ep  19/150  train 1.0430 / 72.2%  val 1.1602 / 88.5%  lr 1.50e-05  GeM_p=2.10    36s
2026-03-17 17:09:05,573 [INFO]   S2 Ep  20/150  train 1.0792 / 70.5%  val 1.1516 / 89.0%  lr 1.49e-05  GeM_p=2.10    36s
2026-03-17 17:09:41,671 [INFO]   S2 Ep  21/150  train 1.1027 / 69.8%  val 1.1634 / 88.8%  lr 1.49e-05  GeM_p=2.10    36s
2026-03-17 17:10:17,764 [INFO]   S2 Ep  22/150  train 1.0697 / 70.9%  val 1.1508 / 89.0%  lr 1.49e-05  GeM_p=2.10    36s
2026-03-17 17:10:53,807 [INFO]   S2 Ep  23/150  train 1.0856 / 70.6%  val 1.1598 / 88.8%  lr 1.49e-05  GeM_p=2.10    36s
2026-03-17 17:11:29,872 [INFO]   S2 Ep  24/150  train 1.0857 / 70.7%  val 1.1675 / 88.6%  lr 1.48e-05  GeM_p=2.10    36s
2026-03-17 17:12:05,924 [INFO]   S2 Ep  25/150  train 1.0697 / 71.0%  val 1.1617 / 88.9%  lr 1.48e-05  GeM_p=2.10    36s
2026-03-17 17:12:42,010 [INFO]   S2 Ep  26/150  train 1.0846 / 70.3%  val 1.1570 / 88.8%  lr 1.48e-05  GeM_p=2.10    36s
2026-03-17 17:13:18,089 [INFO]   S2 Ep  27/150  train 1.0860 / 70.7%  val 1.1597 / 88.9%  lr 1.47e-05  GeM_p=2.10    36s
2026-03-17 17:13:54,115 [INFO]   S2 Ep  28/150  train 1.0967 / 69.7%  val 1.1570 / 88.9%  lr 1.47e-05  GeM_p=2.10    36s
2026-03-17 17:14:30,212 [INFO]   S2 Ep  29/150  train 1.0860 / 70.1%  val 1.1541 / 89.2%  lr 1.46e-05  GeM_p=2.10    36s
2026-03-17 17:15:06,291 [INFO]   S2 Ep  30/150  train 1.0524 / 72.0%  val 1.1578 / 88.8%  lr 1.45e-05  GeM_p=2.10    36s
2026-03-17 17:15:42,354 [INFO]   S2 Ep  31/150  train 1.0842 / 70.3%  val 1.1640 / 88.7%  lr 1.45e-05  GeM_p=2.10    36s
2026-03-17 17:16:18,408 [INFO]   S2 Ep  32/150  train 1.0917 / 69.6%  val 1.1591 / 88.7%  lr 1.44e-05  GeM_p=2.10    36s
2026-03-17 17:16:54,518 [INFO]   S2 Ep  33/150  train 1.0827 / 69.6%  val 1.1573 / 88.8%  lr 1.44e-05  GeM_p=2.10    36s
2026-03-17 17:17:30,572 [INFO]   S2 Ep  34/150  train 1.0665 / 71.5%  val 1.1549 / 89.1%  lr 1.43e-05  GeM_p=2.10    36s
2026-03-17 17:18:06,686 [INFO]   S2 Ep  35/150  train 1.0953 / 69.6%  val 1.1510 / 89.1%  lr 1.42e-05  GeM_p=2.10    36s
2026-03-17 17:18:42,764 [INFO]   S2 Ep  36/150  train 1.0964 / 69.3%  val 1.1575 / 89.0%  lr 1.41e-05  GeM_p=2.10    36s
2026-03-17 17:19:18,841 [INFO]   S2 Ep  37/150  train 1.0534 / 71.8%  val 1.1590 / 88.7%  lr 1.40e-05  GeM_p=2.10    36s
2026-03-17 17:19:54,931 [INFO]   S2 Ep  38/150  train 1.0542 / 71.4%  val 1.1551 / 88.8%  lr 1.40e-05  GeM_p=2.10    36s
2026-03-17 17:20:30,989 [INFO]   S2 Ep  39/150  train 1.1063 / 68.6%  val 1.1583 / 89.0%  lr 1.39e-05  GeM_p=2.10    36s
2026-03-17 17:21:07,085 [INFO]   S2 Ep  40/150  train 1.0739 / 69.8%  val 1.1618 / 88.6%  lr 1.38e-05  GeM_p=2.10    36s
2026-03-17 17:21:43,143 [INFO]   S2 Ep  41/150  train 1.0762 / 70.4%  val 1.1620 / 88.6%  lr 1.37e-05  GeM_p=2.10    36s
2026-03-17 17:22:19,214 [INFO]   S2 Ep  42/150  train 1.0453 / 72.0%  val 1.1531 / 89.1%  lr 1.36e-05  GeM_p=2.10    36s
2026-03-17 17:22:55,339 [INFO]   S2 Ep  43/150  train 1.0940 / 69.7%  val 1.1494 / 89.0%  lr 1.35e-05  GeM_p=2.10    36s
2026-03-17 17:23:31,431 [INFO]   S2 Ep  44/150  train 1.0619 / 71.4%  val 1.1576 / 89.1%  lr 1.34e-05  GeM_p=2.10    36s
2026-03-17 17:24:07,459 [INFO]   S2 Ep  45/150  train 1.0696 / 70.6%  val 1.1618 / 88.8%  lr 1.32e-05  GeM_p=2.10    36s
2026-03-17 17:24:43,555 [INFO]   S2 Ep  46/150  train 1.0819 / 70.3%  val 1.1573 / 88.9%  lr 1.31e-05  GeM_p=2.10    36s
2026-03-17 17:25:19,638 [INFO]   S2 Ep  47/150  train 1.0370 / 72.7%  val 1.1618 / 89.0%  lr 1.30e-05  GeM_p=2.10    36s
2026-03-17 17:25:55,722 [INFO]   S2 Ep  48/150  train 1.0872 / 70.2%  val 1.1484 / 89.4%  lr 1.29e-05  GeM_p=2.09    36s
2026-03-17 17:25:55,848 [INFO]   ★ best 89.42% → /data/slr/checkpoints_vit_v10/best_fold3.pt
2026-03-17 17:26:31,970 [INFO]   S2 Ep  49/150  train 1.0599 / 71.3%  val 1.1541 / 89.3%  lr 1.28e-05  GeM_p=2.09    36s
2026-03-17 17:27:08,061 [INFO]   S2 Ep  50/150  train 1.0664 / 71.4%  val 1.1591 / 89.3%  lr 1.26e-05  GeM_p=2.09    36s
2026-03-17 17:27:44,176 [INFO]   S2 Ep  51/150  train 1.0789 / 70.6%  val 1.1739 / 88.8%  lr 1.25e-05  GeM_p=2.09    36s
2026-03-17 17:28:20,225 [INFO]   S2 Ep  52/150  train 1.0792 / 70.8%  val 1.1608 / 89.1%  lr 1.24e-05  GeM_p=2.09    36s
2026-03-17 17:28:56,307 [INFO]   S2 Ep  53/150  train 1.0839 / 69.5%  val 1.1533 / 89.3%  lr 1.23e-05  GeM_p=2.09    36s
2026-03-17 17:29:32,386 [INFO]   S2 Ep  54/150  train 1.1160 / 68.9%  val 1.1503 / 89.1%  lr 1.21e-05  GeM_p=2.09    36s
2026-03-17 17:30:08,464 [INFO]   S2 Ep  55/150  train 1.0525 / 72.0%  val 1.1603 / 89.5%  lr 1.20e-05  GeM_p=2.09    36s
2026-03-17 17:30:08,589 [INFO]   ★ best 89.45% → /data/slr/checkpoints_vit_v10/best_fold3.pt
2026-03-17 17:30:44,697 [INFO]   S2 Ep  56/150  train 1.0388 / 72.7%  val 1.1521 / 89.6%  lr 1.18e-05  GeM_p=2.09    36s
2026-03-17 17:30:44,819 [INFO]   ★ best 89.55% → /data/slr/checkpoints_vit_v10/best_fold3.pt
2026-03-17 17:31:20,922 [INFO]   S2 Ep  57/150  train 1.0449 / 71.9%  val 1.1539 / 89.3%  lr 1.17e-05  GeM_p=2.09    36s
2026-03-17 17:31:57,001 [INFO]   S2 Ep  58/150  train 1.0793 / 70.4%  val 1.1461 / 89.5%  lr 1.15e-05  GeM_p=2.09    36s
2026-03-17 17:32:33,156 [INFO]   S2 Ep  59/150  train 1.0760 / 70.6%  val 1.1444 / 89.6%  lr 1.14e-05  GeM_p=2.09    36s
2026-03-17 17:33:09,207 [INFO]   S2 Ep  60/150  train 1.0334 / 72.2%  val 1.1545 / 89.5%  lr 1.12e-05  GeM_p=2.09    36s
2026-03-17 17:33:45,289 [INFO]   S2 Ep  61/150  train 1.0564 / 71.9%  val 1.1537 / 89.7%  lr 1.11e-05  GeM_p=2.09    36s
2026-03-17 17:33:45,415 [INFO]   ★ best 89.69% → /data/slr/checkpoints_vit_v10/best_fold3.pt
2026-03-17 17:34:21,504 [INFO]   S2 Ep  62/150  train 1.0762 / 70.7%  val 1.1417 / 90.1%  lr 1.09e-05  GeM_p=2.09    36s
2026-03-17 17:34:21,629 [INFO]   ★ best 90.09% → /data/slr/checkpoints_vit_v10/best_fold3.pt
2026-03-17 17:34:57,666 [INFO]   S2 Ep  63/150  train 1.0449 / 71.7%  val 1.1542 / 89.3%  lr 1.08e-05  GeM_p=2.09    36s
2026-03-17 17:35:33,705 [INFO]   S2 Ep  64/150  train 1.0214 / 73.3%  val 1.1643 / 89.1%  lr 1.06e-05  GeM_p=2.09    36s
2026-03-17 17:36:09,838 [INFO]   S2 Ep  65/150  train 1.0084 / 73.5%  val 1.1464 / 89.3%  lr 1.05e-05  GeM_p=2.09    36s
2026-03-17 17:36:45,941 [INFO]   S2 Ep  66/150  train 1.0853 / 69.6%  val 1.1580 / 89.2%  lr 1.03e-05  GeM_p=2.09    36s
2026-03-17 17:37:21,956 [INFO]   S2 Ep  67/150  train 1.0172 / 73.1%  val 1.1533 / 89.0%  lr 1.01e-05  GeM_p=2.09    36s
2026-03-17 17:37:58,074 [INFO]   S2 Ep  68/150  train 1.0599 / 71.2%  val 1.1416 / 89.6%  lr 9.98e-06  GeM_p=2.09    36s
2026-03-17 17:38:34,223 [INFO]   S2 Ep  69/150  train 1.0434 / 71.7%  val 1.1529 / 89.7%  lr 9.82e-06  GeM_p=2.09    36s
2026-03-17 17:39:10,324 [INFO]   S2 Ep  70/150  train 1.0608 / 71.6%  val 1.1464 / 89.4%  lr 9.65e-06  GeM_p=2.09    36s
2026-03-17 17:39:46,407 [INFO]   S2 Ep  71/150  train 1.0545 / 71.9%  val 1.1486 / 89.6%  lr 9.48e-06  GeM_p=2.09    36s
2026-03-17 17:40:22,498 [INFO]   S2 Ep  72/150  train 1.0767 / 70.6%  val 1.1462 / 89.7%  lr 9.31e-06  GeM_p=2.09    36s
2026-03-17 17:40:58,563 [INFO]   S2 Ep  73/150  train 1.0332 / 72.1%  val 1.1465 / 89.7%  lr 9.14e-06  GeM_p=2.09    36s
2026-03-17 17:41:34,615 [INFO]   S2 Ep  74/150  train 1.0718 / 70.3%  val 1.1414 / 89.8%  lr 8.97e-06  GeM_p=2.09    36s
2026-03-17 17:42:10,656 [INFO]   S2 Ep  75/150  train 1.0653 / 71.1%  val 1.1575 / 89.5%  lr 8.80e-06  GeM_p=2.09    36s
2026-03-17 17:42:46,777 [INFO]   S2 Ep  76/150  train 1.0576 / 70.7%  val 1.1409 / 89.5%  lr 8.63e-06  GeM_p=2.09    36s
2026-03-17 17:43:22,933 [INFO]   S2 Ep  77/150  train 1.0475 / 71.7%  val 1.1448 / 89.6%  lr 8.46e-06  GeM_p=2.09    36s
2026-03-17 17:43:59,015 [INFO]   S2 Ep  78/150  train 1.0509 / 71.5%  val 1.1502 / 89.5%  lr 8.28e-06  GeM_p=2.09    36s
2026-03-17 17:44:35,156 [INFO]   S2 Ep  79/150  train 1.0457 / 72.4%  val 1.1422 / 89.8%  lr 8.11e-06  GeM_p=2.09    36s
2026-03-17 17:45:11,291 [INFO]   S2 Ep  80/150  train 1.0125 / 73.5%  val 1.1504 / 89.6%  lr 7.94e-06  GeM_p=2.09    36s
2026-03-17 17:45:47,378 [INFO]   S2 Ep  81/150  train 1.0546 / 71.6%  val 1.1458 / 89.6%  lr 7.76e-06  GeM_p=2.09    36s
2026-03-17 17:46:23,482 [INFO]   S2 Ep  82/150  train 1.0643 / 71.3%  val 1.1419 / 89.7%  lr 7.59e-06  GeM_p=2.09    36s
2026-03-17 17:46:59,527 [INFO]   S2 Ep  83/150  train 1.0509 / 71.3%  val 1.1341 / 89.5%  lr 7.41e-06  GeM_p=2.09    36s
2026-03-17 17:47:35,608 [INFO]   S2 Ep  84/150  train 1.0272 / 72.2%  val 1.1406 / 89.8%  lr 7.24e-06  GeM_p=2.09    36s
2026-03-17 17:48:11,736 [INFO]   S2 Ep  85/150  train 1.0524 / 71.9%  val 1.1356 / 89.9%  lr 7.06e-06  GeM_p=2.09    36s
2026-03-17 17:48:47,757 [INFO]   S2 Ep  86/150  train 1.0241 / 73.0%  val 1.1405 / 89.5%  lr 6.89e-06  GeM_p=2.09    36s
2026-03-17 17:49:23,859 [INFO]   S2 Ep  87/150  train 1.0132 / 73.2%  val 1.1391 / 89.7%  lr 6.72e-06  GeM_p=2.09    36s
2026-03-17 17:49:59,953 [INFO]   S2 Ep  88/150  train 1.0837 / 69.6%  val 1.1302 / 90.1%  lr 6.54e-06  GeM_p=2.09    36s
2026-03-17 17:50:36,058 [INFO]   S2 Ep  89/150  train 1.0545 / 71.2%  val 1.1322 / 90.2%  lr 6.37e-06  GeM_p=2.09    36s
2026-03-17 17:50:36,187 [INFO]   ★ best 90.23% → /data/slr/checkpoints_vit_v10/best_fold3.pt
2026-03-17 17:51:12,261 [INFO]   S2 Ep  90/150  train 1.0546 / 71.1%  val 1.1448 / 89.8%  lr 6.20e-06  GeM_p=2.09    36s
2026-03-17 17:51:48,333 [INFO]   S2 Ep  91/150  train 1.0466 / 71.5%  val 1.1344 / 90.1%  lr 6.03e-06  GeM_p=2.09    36s
2026-03-17 17:52:24,432 [INFO]   S2 Ep  92/150  train 1.0608 / 71.4%  val 1.1357 / 89.8%  lr 5.86e-06  GeM_p=2.09    36s
2026-03-17 17:53:00,590 [INFO]   S2 Ep  93/150  train 1.0387 / 72.2%  val 1.1347 / 89.8%  lr 5.69e-06  GeM_p=2.09    36s
2026-03-17 17:53:36,711 [INFO]   S2 Ep  94/150  train 1.0108 / 73.6%  val 1.1348 / 90.1%  lr 5.52e-06  GeM_p=2.09    36s
2026-03-17 17:54:12,746 [INFO]   S2 Ep  95/150  train 1.0279 / 72.2%  val 1.1338 / 89.7%  lr 5.35e-06  GeM_p=2.09    36s
2026-03-17 17:54:48,883 [INFO]   S2 Ep  96/150  train 1.0274 / 73.2%  val 1.1323 / 90.3%  lr 5.18e-06  GeM_p=2.09    36s
2026-03-17 17:54:49,000 [INFO]   ★ best 90.26% → /data/slr/checkpoints_vit_v10/best_fold3.pt
2026-03-17 17:55:25,138 [INFO]   S2 Ep  97/150  train 1.0310 / 72.8%  val 1.1300 / 90.3%  lr 5.02e-06  GeM_p=2.09    36s
2026-03-17 17:55:25,262 [INFO]   ★ best 90.33% → /data/slr/checkpoints_vit_v10/best_fold3.pt
2026-03-17 17:56:01,285 [INFO]   S2 Ep  98/150  train 1.0468 / 71.8%  val 1.1305 / 89.7%  lr 4.85e-06  GeM_p=2.09    36s
2026-03-17 17:56:37,358 [INFO]   S2 Ep  99/150  train 1.0333 / 71.9%  val 1.1290 / 90.0%  lr 4.69e-06  GeM_p=2.09    36s
2026-03-17 17:57:13,434 [INFO]   S2 Ep 100/150  train 1.0442 / 71.7%  val 1.1357 / 89.9%  lr 4.53e-06  GeM_p=2.09    36s
2026-03-17 17:57:49,526 [INFO]   S2 Ep 101/150  train 1.0646 / 70.8%  val 1.1344 / 90.1%  lr 4.37e-06  GeM_p=2.09    36s
2026-03-17 17:58:25,578 [INFO]   S2 Ep 102/150  train 1.0281 / 72.7%  val 1.1356 / 90.0%  lr 4.21e-06  GeM_p=2.09    36s
2026-03-17 17:59:01,864 [INFO]   S2 Ep 103/150  train 1.0470 / 71.0%  val 1.1354 / 90.1%  lr 4.06e-06  GeM_p=2.09    36s
2026-03-17 17:59:37,967 [INFO]   S2 Ep 104/150  train 1.0402 / 71.5%  val 1.1314 / 89.9%  lr 3.90e-06  GeM_p=2.09    36s
2026-03-17 18:00:14,029 [INFO]   S2 Ep 105/150  train 1.0221 / 72.6%  val 1.1359 / 90.1%  lr 3.75e-06  GeM_p=2.09    36s
2026-03-17 18:00:50,046 [INFO]   S2 Ep 106/150  train 1.0280 / 72.2%  val 1.1313 / 90.3%  lr 3.60e-06  GeM_p=2.09    36s
2026-03-17 18:01:26,155 [INFO]   S2 Ep 107/150  train 1.0227 / 73.1%  val 1.1311 / 90.0%  lr 3.45e-06  GeM_p=2.09    36s
2026-03-17 18:02:02,237 [INFO]   S2 Ep 108/150  train 1.0368 / 71.6%  val 1.1285 / 90.0%  lr 3.31e-06  GeM_p=2.09    36s
2026-03-17 18:02:38,308 [INFO]   S2 Ep 109/150  train 1.0605 / 70.7%  val 1.1293 / 90.1%  lr 3.16e-06  GeM_p=2.09    36s
2026-03-17 18:03:14,348 [INFO]   S2 Ep 110/150  train 1.0550 / 70.6%  val 1.1313 / 89.9%  lr 3.02e-06  GeM_p=2.09    36s
2026-03-17 18:03:50,380 [INFO]   S2 Ep 111/150  train 1.0252 / 73.2%  val 1.1285 / 90.1%  lr 2.88e-06  GeM_p=2.09    36s
2026-03-17 18:04:26,472 [INFO]   S2 Ep 112/150  train 1.0409 / 71.9%  val 1.1308 / 90.0%  lr 2.75e-06  GeM_p=2.09    36s
2026-03-17 18:05:02,516 [INFO]   S2 Ep 113/150  train 1.0279 / 72.0%  val 1.1281 / 90.2%  lr 2.61e-06  GeM_p=2.09    36s
2026-03-17 18:05:38,601 [INFO]   S2 Ep 114/150  train 1.0569 / 71.3%  val 1.1292 / 90.3%  lr 2.48e-06  GeM_p=2.09    36s
2026-03-17 18:06:14,688 [INFO]   S2 Ep 115/150  train 1.0181 / 73.0%  val 1.1299 / 90.5%  lr 2.35e-06  GeM_p=2.09    36s
2026-03-17 18:06:14,816 [INFO]   ★ best 90.47% → /data/slr/checkpoints_vit_v10/best_fold3.pt
2026-03-17 18:06:50,938 [INFO]   S2 Ep 116/150  train 1.0191 / 72.9%  val 1.1292 / 90.3%  lr 2.23e-06  GeM_p=2.09    36s
2026-03-17 18:07:27,026 [INFO]   S2 Ep 117/150  train 1.0448 / 70.9%  val 1.1293 / 90.3%  lr 2.11e-06  GeM_p=2.08    36s
2026-03-17 18:08:03,104 [INFO]   S2 Ep 118/150  train 1.0044 / 73.7%  val 1.1301 / 90.3%  lr 1.99e-06  GeM_p=2.08    36s
2026-03-17 18:08:39,182 [INFO]   S2 Ep 119/150  train 1.0273 / 72.4%  val 1.1292 / 90.2%  lr 1.87e-06  GeM_p=2.08    36s
2026-03-17 18:09:15,269 [INFO]   S2 Ep 120/150  train 1.0394 / 71.5%  val 1.1283 / 90.3%  lr 1.75e-06  GeM_p=2.08    36s
2026-03-17 18:09:51,376 [INFO]   S2 Ep 121/150  train 1.0231 / 72.4%  val 1.1297 / 90.1%  lr 1.64e-06  GeM_p=2.08    36s
2026-03-17 18:10:27,453 [INFO]   S2 Ep 122/150  train 1.0024 / 73.7%  val 1.1268 / 90.1%  lr 1.54e-06  GeM_p=2.08    36s
2026-03-17 18:11:03,526 [INFO]   S2 Ep 123/150  train 1.0028 / 73.6%  val 1.1292 / 90.0%  lr 1.43e-06  GeM_p=2.08    36s
2026-03-17 18:11:39,648 [INFO]   S2 Ep 124/150  train 1.0210 / 72.7%  val 1.1313 / 89.9%  lr 1.33e-06  GeM_p=2.08    36s
2026-03-17 18:12:15,734 [INFO]   S2 Ep 125/150  train 1.0136 / 72.6%  val 1.1310 / 90.0%  lr 1.23e-06  GeM_p=2.08    36s
2026-03-17 18:12:51,836 [INFO]   S2 Ep 126/150  train 1.0476 / 71.9%  val 1.1301 / 90.3%  lr 1.14e-06  GeM_p=2.08    36s
2026-03-17 18:13:27,903 [INFO]   S2 Ep 127/150  train 1.0180 / 73.0%  val 1.1299 / 90.2%  lr 1.05e-06  GeM_p=2.08    36s
2026-03-17 18:14:04,014 [INFO]   S2 Ep 128/150  train 1.0452 / 71.6%  val 1.1282 / 90.3%  lr 9.62e-07  GeM_p=2.08    36s
2026-03-17 18:14:40,059 [INFO]   S2 Ep 129/150  train 1.0400 / 71.7%  val 1.1280 / 90.1%  lr 8.78e-07  GeM_p=2.08    36s
2026-03-17 18:15:16,130 [INFO]   S2 Ep 130/150  train 0.9899 / 73.7%  val 1.1270 / 90.2%  lr 7.98e-07  GeM_p=2.08    36s
2026-03-17 18:15:52,184 [INFO]   S2 Ep 131/150  train 1.0138 / 72.3%  val 1.1265 / 90.2%  lr 7.22e-07  GeM_p=2.08    36s
2026-03-17 18:16:28,258 [INFO]   S2 Ep 132/150  train 1.0288 / 72.6%  val 1.1266 / 90.1%  lr 6.49e-07  GeM_p=2.08    36s
2026-03-17 18:17:04,375 [INFO]   S2 Ep 133/150  train 1.0174 / 72.4%  val 1.1274 / 90.1%  lr 5.80e-07  GeM_p=2.08    36s
2026-03-17 18:17:40,497 [INFO]   S2 Ep 134/150  train 1.0543 / 70.9%  val 1.1274 / 90.3%  lr 5.14e-07  GeM_p=2.08    36s
2026-03-17 18:18:16,570 [INFO]   S2 Ep 135/150  train 1.0196 / 72.6%  val 1.1274 / 90.2%  lr 4.53e-07  GeM_p=2.08    36s
2026-03-17 18:18:52,673 [INFO]   S2 Ep 136/150  train 0.9906 / 74.3%  val 1.1267 / 90.3%  lr 3.95e-07  GeM_p=2.08    36s
2026-03-17 18:19:28,764 [INFO]   S2 Ep 137/150  train 1.0182 / 72.7%  val 1.1272 / 90.3%  lr 3.41e-07  GeM_p=2.08    36s
2026-03-17 18:20:04,828 [INFO]   S2 Ep 138/150  train 1.0443 / 71.6%  val 1.1262 / 90.3%  lr 2.91e-07  GeM_p=2.08    36s
2026-03-17 18:20:40,907 [INFO]   S2 Ep 139/150  train 1.0347 / 72.5%  val 1.1263 / 90.3%  lr 2.45e-07  GeM_p=2.08    36s
2026-03-17 18:21:16,993 [INFO]   S2 Ep 140/150  train 0.9927 / 74.1%  val 1.1269 / 90.2%  lr 2.03e-07  GeM_p=2.08    36s
2026-03-17 18:21:53,107 [INFO]   S2 Ep 141/150  train 1.0381 / 71.3%  val 1.1267 / 90.3%  lr 1.64e-07  GeM_p=2.08    36s
2026-03-17 18:22:29,255 [INFO]   S2 Ep 142/150  train 1.0347 / 72.2%  val 1.1269 / 90.3%  lr 1.30e-07  GeM_p=2.08    36s
2026-03-17 18:23:05,397 [INFO]   S2 Ep 143/150  train 1.0300 / 73.1%  val 1.1265 / 90.3%  lr 9.98e-08  GeM_p=2.08    36s
2026-03-17 18:23:41,449 [INFO]   S2 Ep 144/150  train 1.0344 / 72.2%  val 1.1264 / 90.3%  lr 7.35e-08  GeM_p=2.08    36s
2026-03-17 18:24:17,481 [INFO]   S2 Ep 145/150  train 0.9710 / 75.1%  val 1.1265 / 90.3%  lr 5.12e-08  GeM_p=2.08    36s
2026-03-17 18:24:53,579 [INFO]   S2 Ep 146/150  train 1.0131 / 73.1%  val 1.1266 / 90.3%  lr 3.30e-08  GeM_p=2.08    36s
2026-03-17 18:25:29,679 [INFO]   S2 Ep 147/150  train 1.0488 / 71.7%  val 1.1266 / 90.3%  lr 1.88e-08  GeM_p=2.08    36s
2026-03-17 18:26:05,769 [INFO]   S2 Ep 148/150  train 1.0464 / 71.5%  val 1.1266 / 90.3%  lr 8.70e-09  GeM_p=2.08    36s
2026-03-17 18:26:41,869 [INFO]   S2 Ep 149/150  train 1.0456 / 72.0%  val 1.1266 / 90.3%  lr 2.62e-09  GeM_p=2.08    36s
2026-03-17 18:27:18,014 [INFO]   S2 Ep 150/150  train 1.0234 / 72.2%  val 1.1266 / 90.3%  lr 6.00e-10  GeM_p=2.08    36s
2026-03-17 18:27:18,014 [INFO]   Fold 4 best val acc: 90.47%
2026-03-17 18:27:18,281 [INFO] ================================================================
2026-03-17 18:27:18,281 [INFO] FOLD 5 / 5
2026-03-17 18:27:18,281 [INFO] ================================================================
2026-03-17 18:27:18,284 [INFO]   Train: 20767 (orig 11794 + PL 8973)  |  Val: 2948
2026-03-17 18:27:18,486 [INFO] Loading pretrained weights from Hugging Face hub (timm/caformer_s18.sail_in22k_ft_in1k)
2026-03-17 18:27:18,765 [INFO] HTTP Request: HEAD https://huggingface.co/timm/caformer_s18.sail_in22k_ft_in1k/resolve/main/model.safetensors "HTTP/1.1 302 Found"
2026-03-17 18:27:18,766 [WARNING] Warning: You are sending unauthenticated requests to the HF Hub. Please set a HF_TOKEN to enable higher rate limits and faster downloads.
2026-03-17 18:27:18,767 [INFO] [timm/caformer_s18.sail_in22k_ft_in1k] Safe alternative available for 'pytorch_model.bin' (as 'model.safetensors'). Loading weights using safetensors.
2026-03-17 18:27:18,781 [INFO] Missing keys (head.fc.fc2.weight, head.fc.fc2.bias) discovered while loading pretrained weights. This is expected if model is being adapted.
2026-03-17 18:27:18,890 [INFO]   Born-again ← best_fold4.pt (val 89.99%)
2026-03-17 18:27:18,890 [INFO] ── Stage 1: head-only warmup (5 epochs, no mix) ──
2026-03-17 18:27:31,223 [INFO]   S1 Ep  1/5  train 0.4866 / 96.7%  val 1.1478 / 89.8%    12s
2026-03-17 18:27:31,319 [INFO]   ★ best 89.82%
2026-03-17 18:27:43,055 [INFO]   S1 Ep  2/5  train 0.4836 / 96.9%  val 1.1490 / 89.7%    12s
2026-03-17 18:27:55,408 [INFO]   S1 Ep  3/5  train 0.4875 / 96.7%  val 1.1454 / 89.7%    12s
2026-03-17 18:28:06,913 [INFO]   S1 Ep  4/5  train 0.4846 / 96.7%  val 1.1461 / 89.7%    12s
2026-03-17 18:28:18,537 [INFO]   S1 Ep  5/5  train 0.4849 / 96.7%  val 1.1450 / 89.7%    12s
2026-03-17 18:28:18,537 [INFO] Stage 1 done — best val: 89.82%
2026-03-17 18:28:18,538 [INFO] ── Stage 2: full fine-tune + LLRD (150 epochs, patience 45) ──
2026-03-17 18:28:18,539 [INFO] LLRD: 10 groups, LR [7.83e-06 … 1.50e-05]
2026-03-17 18:28:54,694 [INFO]   S2 Ep   1/150  train 1.0341 / 71.9%  val 1.1460 / 89.8%  lr 7.57e-07  GeM_p=2.11    36s
2026-03-17 18:29:30,844 [INFO]   S2 Ep   2/150  train 1.0471 / 71.1%  val 1.1431 / 89.8%  lr 1.22e-06  GeM_p=2.11    36s
2026-03-17 18:30:07,000 [INFO]   S2 Ep   3/150  train 1.0385 / 71.9%  val 1.1427 / 90.1%  lr 1.98e-06  GeM_p=2.11    36s
2026-03-17 18:30:07,130 [INFO]   ★ best 90.06% → /data/slr/checkpoints_vit_v10/best_fold4.pt
2026-03-17 18:30:43,268 [INFO]   S2 Ep   4/150  train 1.0466 / 71.0%  val 1.1432 / 89.9%  lr 2.98e-06  GeM_p=2.11    36s
2026-03-17 18:31:19,301 [INFO]   S2 Ep   5/150  train 1.0645 / 70.8%  val 1.1458 / 89.9%  lr 4.20e-06  GeM_p=2.11    36s
2026-03-17 18:31:55,329 [INFO]   S2 Ep   6/150  train 1.0178 / 72.3%  val 1.1489 / 89.8%  lr 5.58e-06  GeM_p=2.11    36s
2026-03-17 18:32:31,428 [INFO]   S2 Ep   7/150  train 1.0074 / 72.6%  val 1.1520 / 89.8%  lr 7.05e-06  GeM_p=2.11    36s
2026-03-17 18:33:07,491 [INFO]   S2 Ep   8/150  train 1.0188 / 72.7%  val 1.1512 / 89.8%  lr 8.56e-06  GeM_p=2.11    36s
2026-03-17 18:33:43,519 [INFO]   S2 Ep   9/150  train 1.0489 / 71.2%  val 1.1589 / 89.2%  lr 1.00e-05  GeM_p=2.11    36s
2026-03-17 18:34:19,606 [INFO]   S2 Ep  10/150  train 1.0544 / 70.5%  val 1.1578 / 89.7%  lr 1.14e-05  GeM_p=2.11    36s
2026-03-17 18:34:55,703 [INFO]   S2 Ep  11/150  train 1.0421 / 71.9%  val 1.1539 / 89.4%  lr 1.26e-05  GeM_p=2.11    36s
2026-03-17 18:35:31,768 [INFO]   S2 Ep  12/150  train 1.0242 / 72.9%  val 1.1650 / 89.4%  lr 1.36e-05  GeM_p=2.11    36s
2026-03-17 18:36:07,891 [INFO]   S2 Ep  13/150  train 1.0002 / 73.7%  val 1.1625 / 89.1%  lr 1.44e-05  GeM_p=2.11    36s
2026-03-17 18:36:43,975 [INFO]   S2 Ep  14/150  train 1.0357 / 71.4%  val 1.1610 / 89.5%  lr 1.48e-05  GeM_p=2.11    36s
2026-03-17 18:37:20,091 [INFO]   S2 Ep  15/150  train 1.0500 / 70.7%  val 1.1581 / 89.3%  lr 1.50e-05  GeM_p=2.11    36s
2026-03-17 18:37:56,176 [INFO]   S2 Ep  16/150  train 1.0519 / 70.7%  val 1.1684 / 89.3%  lr 1.50e-05  GeM_p=2.11    36s
2026-03-17 18:38:32,264 [INFO]   S2 Ep  17/150  train 1.0411 / 71.9%  val 1.1538 / 89.6%  lr 1.50e-05  GeM_p=2.11    36s
2026-03-17 18:39:08,310 [INFO]   S2 Ep  18/150  train 1.0210 / 72.7%  val 1.1722 / 89.3%  lr 1.50e-05  GeM_p=2.11    36s
2026-03-17 18:39:44,388 [INFO]   S2 Ep  19/150  train 0.9878 / 74.7%  val 1.1606 / 89.6%  lr 1.50e-05  GeM_p=2.11    36s
2026-03-17 18:40:20,440 [INFO]   S2 Ep  20/150  train 1.0181 / 73.3%  val 1.1792 / 89.1%  lr 1.49e-05  GeM_p=2.11    36s
2026-03-17 18:40:56,552 [INFO]   S2 Ep  21/150  train 1.0127 / 73.0%  val 1.1612 / 89.2%  lr 1.49e-05  GeM_p=2.11    36s
2026-03-17 18:41:32,688 [INFO]   S2 Ep  22/150  train 1.0291 / 72.2%  val 1.1603 / 89.5%  lr 1.49e-05  GeM_p=2.11    36s
2026-03-17 18:42:08,797 [INFO]   S2 Ep  23/150  train 1.0335 / 72.8%  val 1.1635 / 89.7%  lr 1.49e-05  GeM_p=2.11    36s
2026-03-17 18:42:44,865 [INFO]   S2 Ep  24/150  train 1.0362 / 71.6%  val 1.1537 / 89.5%  lr 1.48e-05  GeM_p=2.11    36s
2026-03-17 18:43:20,936 [INFO]   S2 Ep  25/150  train 1.0188 / 72.7%  val 1.1603 / 89.1%  lr 1.48e-05  GeM_p=2.11    36s
2026-03-17 18:43:56,977 [INFO]   S2 Ep  26/150  train 1.0360 / 72.2%  val 1.1692 / 89.7%  lr 1.48e-05  GeM_p=2.11    36s
2026-03-17 18:44:33,090 [INFO]   S2 Ep  27/150  train 1.0287 / 71.8%  val 1.1771 / 88.8%  lr 1.47e-05  GeM_p=2.11    36s
2026-03-17 18:45:09,136 [INFO]   S2 Ep  28/150  train 1.0193 / 72.8%  val 1.1576 / 89.7%  lr 1.47e-05  GeM_p=2.11    36s
2026-03-17 18:45:45,187 [INFO]   S2 Ep  29/150  train 1.0530 / 70.8%  val 1.1699 / 89.2%  lr 1.46e-05  GeM_p=2.11    36s
2026-03-17 18:46:21,221 [INFO]   S2 Ep  30/150  train 1.0398 / 71.8%  val 1.1678 / 89.4%  lr 1.45e-05  GeM_p=2.11    36s
2026-03-17 18:46:57,266 [INFO]   S2 Ep  31/150  train 1.0335 / 71.3%  val 1.1630 / 89.5%  lr 1.45e-05  GeM_p=2.11    36s
2026-03-17 18:47:33,344 [INFO]   S2 Ep  32/150  train 1.0306 / 72.1%  val 1.1498 / 89.7%  lr 1.44e-05  GeM_p=2.11    36s
2026-03-17 18:48:09,437 [INFO]   S2 Ep  33/150  train 1.0318 / 71.8%  val 1.1541 / 89.5%  lr 1.44e-05  GeM_p=2.11    36s
2026-03-17 18:48:45,517 [INFO]   S2 Ep  34/150  train 1.0438 / 71.6%  val 1.1531 / 89.2%  lr 1.43e-05  GeM_p=2.11    36s
2026-03-17 18:49:21,568 [INFO]   S2 Ep  35/150  train 1.0262 / 72.0%  val 1.1611 / 89.4%  lr 1.42e-05  GeM_p=2.11    36s
2026-03-17 18:49:57,818 [INFO]   S2 Ep  36/150  train 1.0259 / 71.9%  val 1.1499 / 89.4%  lr 1.41e-05  GeM_p=2.11    36s
2026-03-17 18:50:33,921 [INFO]   S2 Ep  37/150  train 1.0290 / 71.7%  val 1.1601 / 89.8%  lr 1.40e-05  GeM_p=2.11    36s
2026-03-17 18:51:09,940 [INFO]   S2 Ep  38/150  train 1.0186 / 73.0%  val 1.1613 / 89.8%  lr 1.40e-05  GeM_p=2.11    36s
2026-03-17 18:51:45,993 [INFO]   S2 Ep  39/150  train 1.0178 / 72.8%  val 1.1605 / 89.6%  lr 1.39e-05  GeM_p=2.11    36s
2026-03-17 18:52:22,078 [INFO]   S2 Ep  40/150  train 0.9908 / 74.0%  val 1.1511 / 89.9%  lr 1.38e-05  GeM_p=2.11    36s
2026-03-17 18:52:58,098 [INFO]   S2 Ep  41/150  train 1.0477 / 71.2%  val 1.1563 / 89.6%  lr 1.37e-05  GeM_p=2.11    36s
2026-03-17 18:53:34,160 [INFO]   S2 Ep  42/150  train 1.0164 / 72.6%  val 1.1511 / 89.8%  lr 1.36e-05  GeM_p=2.11    36s
2026-03-17 18:54:10,203 [INFO]   S2 Ep  43/150  train 1.0500 / 70.7%  val 1.1542 / 89.8%  lr 1.35e-05  GeM_p=2.11    36s
2026-03-17 18:54:46,276 [INFO]   S2 Ep  44/150  train 1.0227 / 72.3%  val 1.1618 / 89.6%  lr 1.34e-05  GeM_p=2.11    36s
2026-03-17 18:55:22,344 [INFO]   S2 Ep  45/150  train 1.0086 / 73.2%  val 1.1682 / 89.3%  lr 1.32e-05  GeM_p=2.11    36s
2026-03-17 18:55:58,423 [INFO]   S2 Ep  46/150  train 1.0461 / 71.0%  val 1.1549 / 90.0%  lr 1.31e-05  GeM_p=2.11    36s
2026-03-17 18:56:34,466 [INFO]   S2 Ep  47/150  train 0.9971 / 74.0%  val 1.1597 / 89.7%  lr 1.30e-05  GeM_p=2.11    36s
2026-03-17 18:57:10,531 [INFO]   S2 Ep  48/150  train 0.9879 / 73.9%  val 1.1728 / 89.3%  lr 1.29e-05  GeM_p=2.11    36s
2026-03-17 18:57:10,531 [INFO]   Early stopping at S2 epoch 48
2026-03-17 18:57:10,531 [INFO]   Fold 5 best val acc: 90.06%
2026-03-17 18:57:10,786 [INFO] ================================================================
2026-03-17 18:57:10,786 [INFO] 5-FOLD CV RESULTS
2026-03-17 18:57:10,786 [INFO] ================================================================
2026-03-17 18:57:10,786 [INFO]   Fold 1 : 89.83%
2026-03-17 18:57:10,786 [INFO]   Fold 2 : 89.15%
2026-03-17 18:57:10,787 [INFO]   Fold 3 : 90.60%
2026-03-17 18:57:10,787 [INFO]   Fold 4 : 90.47%
2026-03-17 18:57:10,787 [INFO]   Fold 5 : 90.06%
2026-03-17 18:57:10,787 [INFO]   Mean  : 90.02% ± 0.52%
2026-03-17 18:57:10,787 [INFO] Loading vit_v10 checkpoints for ensemble …
2026-03-17 18:57:32,236 [INFO] Submission (no TTA) → /data/slr/checkpoints_vit_v10/submission_no_tta.csv  (9828 rows)
2026-03-17 18:57:32,236 [INFO] Running 10-way TTA × 5 folds …
2026-03-17 19:00:46,730 [INFO] Submission (TTA) → /data/slr/checkpoints_vit_v10/submission_tta.csv
2026-03-17 19:00:46,731 [INFO] TTA changed 122 / 9828 (1.2%)
2026-03-17 19:00:46,737 [INFO] Saved vit_v10 TTA probs → /data/slr/checkpoints_vit_v10/eval_probs_tta.pt
2026-03-17 19:00:46,738 [INFO] Done.
