2026-03-18 17:46:38,216 [INFO] GPU: NVIDIA H200
2026-03-18 17:46:38,217 [INFO] Config: {
  "data_dir": "/data/slr/track2_",
  "output_dir": "/data/slr/checkpoints_vit_v14",
  "max_frames": 48,
  "img_size": 384,
  "n_classes": 126,
  "teacher_img_size": 224,
  "teacher_max_frames": 48,
  "channel_means": [
    -64.3217,
    -62.9119,
    -63.9254
  ],
  "channel_stds": [
    12.5721,
    11.662,
    11.7259
  ],
  "n_folds": 5,
  "batch_size": 24,
  "num_workers": 4,
  "stage1_epochs": 5,
  "stage1_lr": 0.0002,
  "stage2_epochs": 80,
  "stage2_lr": 3e-05,
  "swa_epochs": 15,
  "swa_lr": 3e-06,
  "weight_decay": 0.05,
  "warmup_pct": 0.08,
  "label_smoothing": 0.1,
  "early_stopping_patience": 30,
  "grad_clip_norm": 1.0,
  "llrd_decay": 0.85,
  "kd_alpha": 0.5,
  "kd_tau": 4.0,
  "mixup_alpha": 0.4,
  "cutmix_alpha": 1.0,
  "cutmix_prob": 0.5,
  "time_mask_max": 8,
  "range_mask_max": 30,
  "noise_std": 0.1,
  "time_warp_lo": 0.8,
  "time_warp_hi": 1.2,
  "time_reverse_prob": 0.5,
  "channel_shuffle_prob": 0.2,
  "channel_drop_prob": 0.1,
  "random_erase_prob": 0.2,
  "circ_shift_prob": 0.3,
  "circ_shift_max": 8,
  "amp_scale_prob": 0.5,
  "amp_scale_lo": 0.8,
  "amp_scale_hi": 1.2,
  "model_name": "caformer_s18.sail_in22k_ft_in1k",
  "drop_path_rate": 0.15,
  "proj_dim": 384,
  "drop_rate": 0.3,
  "ms_dropout_samples": 5,
  "seed": 42
}
2026-03-18 17:46:38,217 [INFO] ★★★ CAFormer @ HIGH RESOLUTION: 384×384 ★★★
2026-03-18 17:46:38,289 [INFO] Train: 14742 | Eval: 9828
2026-03-18 17:46:42,512 [INFO] Pre-computing teacher soft labels (at 224×224) …
2026-03-18 17:46:44,254 [INFO]   Loaded 5 teachers
2026-03-18 17:47:56,154 [INFO]   Soft labels: 14742
2026-03-18 17:47:56,155 [INFO] KD α=0.50 τ=4.0 | SWA 15 ep @ lr=3.0e-06 | NO PL | NATIVE RES
2026-03-18 17:47:56,158 [INFO] ================================================================
2026-03-18 17:47:56,158 [INFO] FOLD 1 / 5
2026-03-18 17:47:56,158 [INFO] ================================================================
2026-03-18 17:47:56,160 [INFO]   Train: 11793 | Val: 2949
2026-03-18 17:47:56,362 [INFO] Loading pretrained weights from Hugging Face hub (timm/caformer_s18.sail_in22k_ft_in1k)
2026-03-18 17:47:56,509 [INFO] HTTP Request: HEAD https://huggingface.co/timm/caformer_s18.sail_in22k_ft_in1k/resolve/main/model.safetensors "HTTP/1.1 302 Found"
2026-03-18 17:47:56,510 [INFO] [timm/caformer_s18.sail_in22k_ft_in1k] Safe alternative available for 'pytorch_model.bin' (as 'model.safetensors'). Loading weights using safetensors.
2026-03-18 17:47:56,526 [INFO] Missing keys (head.fc.fc2.weight, head.fc.fc2.bias) discovered while loading pretrained weights. This is expected if model is being adapted.
2026-03-18 17:47:56,607 [INFO]   Born-again ← best_fold0.pt (val 88.74%)
2026-03-18 17:47:56,608 [INFO] ── Stage 1: head warmup (5 ep) ──
2026-03-18 17:48:43,075 [INFO]   S1 Ep 1/5  loss=2.1916 acc=22.2%  val=32.6%  46s
2026-03-18 17:48:43,169 [INFO]   ★ best 32.62%
2026-03-18 17:49:04,600 [INFO]   S1 Ep 2/5  loss=2.0140 acc=26.8%  val=38.0%  21s
2026-03-18 17:49:04,720 [INFO]   ★ best 38.01%
2026-03-18 17:49:26,283 [INFO]   S1 Ep 3/5  loss=1.9588 acc=29.4%  val=40.6%  22s
2026-03-18 17:49:26,401 [INFO]   ★ best 40.59%
2026-03-18 17:49:47,862 [INFO]   S1 Ep 4/5  loss=1.9186 acc=30.5%  val=41.0%  21s
2026-03-18 17:49:47,981 [INFO]   ★ best 40.96%
2026-03-18 17:50:09,388 [INFO]   S1 Ep 5/5  loss=1.8941 acc=31.2%  val=41.3%  21s
2026-03-18 17:50:09,521 [INFO]   ★ best 41.27%
2026-03-18 17:50:09,522 [INFO] ── Stage 2: full fine-tune (80 ep, patience 30) ──
2026-03-18 17:50:09,523 [INFO] LLRD: 10 groups, LR [1.57e-05 … 3.00e-05]
2026-03-18 17:51:26,152 [INFO]   S2 Ep   1/80  loss=2.0496 acc=29.2%  val=64.9%  lr=2.90e-06    77s
2026-03-18 17:51:26,295 [INFO]   ★ best 64.94%
2026-03-18 17:52:32,116 [INFO]   S2 Ep   2/80  loss=1.6902 acc=45.6%  val=78.0%  lr=7.60e-06    66s
2026-03-18 17:52:32,261 [INFO]   ★ best 78.03%
2026-03-18 17:53:38,117 [INFO]   S2 Ep   3/80  loss=1.5168 acc=53.6%  val=82.0%  lr=1.42e-05    66s
2026-03-18 17:53:38,269 [INFO]   ★ best 82.03%
2026-03-18 17:54:44,106 [INFO]   S2 Ep   4/80  loss=1.4243 acc=57.3%  val=83.5%  lr=2.11e-05    66s
2026-03-18 17:54:44,231 [INFO]   ★ best 83.49%
2026-03-18 17:55:50,071 [INFO]   S2 Ep   5/80  loss=1.3882 acc=58.4%  val=83.4%  lr=2.67e-05    66s
2026-03-18 17:56:55,950 [INFO]   S2 Ep   6/80  loss=1.3257 acc=60.9%  val=84.0%  lr=2.97e-05    66s
2026-03-18 17:56:56,102 [INFO]   ★ best 83.96%
2026-03-18 17:58:01,970 [INFO]   S2 Ep   7/80  loss=1.2890 acc=62.4%  val=83.5%  lr=3.00e-05    66s
2026-03-18 17:59:07,750 [INFO]   S2 Ep   8/80  loss=1.2813 acc=62.8%  val=84.9%  lr=3.00e-05    66s
2026-03-18 17:59:07,902 [INFO]   ★ best 84.91%
2026-03-18 18:00:13,732 [INFO]   S2 Ep   9/80  loss=1.2498 acc=64.2%  val=83.7%  lr=2.99e-05    66s
2026-03-18 18:01:19,638 [INFO]   S2 Ep  10/80  loss=1.2624 acc=63.8%  val=85.7%  lr=2.98e-05    66s
2026-03-18 18:01:19,763 [INFO]   ★ best 85.66%
2026-03-18 18:02:25,644 [INFO]   S2 Ep  11/80  loss=1.2393 acc=64.4%  val=84.9%  lr=2.97e-05    66s
2026-03-18 18:03:31,513 [INFO]   S2 Ep  12/80  loss=1.2355 acc=64.7%  val=84.8%  lr=2.96e-05    66s
2026-03-18 18:04:37,333 [INFO]   S2 Ep  13/80  loss=1.2229 acc=65.2%  val=85.5%  lr=2.94e-05    66s
2026-03-18 18:05:43,146 [INFO]   S2 Ep  14/80  loss=1.2272 acc=65.2%  val=86.1%  lr=2.92e-05    66s
2026-03-18 18:05:43,295 [INFO]   ★ best 86.10%
2026-03-18 18:06:49,143 [INFO]   S2 Ep  15/80  loss=1.2034 acc=66.3%  val=85.1%  lr=2.90e-05    66s
2026-03-18 18:07:54,924 [INFO]   S2 Ep  16/80  loss=1.1795 acc=67.7%  val=85.4%  lr=2.88e-05    66s
2026-03-18 18:09:00,712 [INFO]   S2 Ep  17/80  loss=1.2135 acc=65.8%  val=85.8%  lr=2.85e-05    66s
2026-03-18 18:10:06,537 [INFO]   S2 Ep  18/80  loss=1.1708 acc=67.5%  val=85.7%  lr=2.82e-05    66s
2026-03-18 18:11:12,419 [INFO]   S2 Ep  19/80  loss=1.1993 acc=66.2%  val=85.3%  lr=2.79e-05    66s
2026-03-18 18:12:18,205 [INFO]   S2 Ep  20/80  loss=1.1960 acc=66.5%  val=84.9%  lr=2.75e-05    66s
2026-03-18 18:13:24,048 [INFO]   S2 Ep  21/80  loss=1.1639 acc=67.8%  val=85.0%  lr=2.72e-05    66s
2026-03-18 18:14:29,826 [INFO]   S2 Ep  22/80  loss=1.1618 acc=68.2%  val=85.6%  lr=2.68e-05    66s
2026-03-18 18:15:35,666 [INFO]   S2 Ep  23/80  loss=1.1686 acc=67.1%  val=85.6%  lr=2.64e-05    66s
2026-03-18 18:16:41,500 [INFO]   S2 Ep  24/80  loss=1.1762 acc=67.2%  val=86.0%  lr=2.60e-05    66s
2026-03-18 18:17:47,339 [INFO]   S2 Ep  25/80  loss=1.1507 acc=68.4%  val=86.0%  lr=2.55e-05    66s
2026-03-18 18:18:53,197 [INFO]   S2 Ep  26/80  loss=1.1731 acc=67.3%  val=85.7%  lr=2.50e-05    66s
2026-03-18 18:19:59,038 [INFO]   S2 Ep  27/80  loss=1.1426 acc=68.5%  val=86.0%  lr=2.46e-05    66s
2026-03-18 18:21:04,843 [INFO]   S2 Ep  28/80  loss=1.1154 acc=70.2%  val=85.5%  lr=2.41e-05    66s
2026-03-18 18:22:10,754 [INFO]   S2 Ep  29/80  loss=1.1270 acc=69.3%  val=85.8%  lr=2.35e-05    66s
2026-03-18 18:23:16,614 [INFO]   S2 Ep  30/80  loss=1.1337 acc=69.6%  val=85.0%  lr=2.30e-05    66s
2026-03-18 18:24:22,590 [INFO]   S2 Ep  31/80  loss=1.1441 acc=68.4%  val=86.3%  lr=2.25e-05    66s
2026-03-18 18:24:22,714 [INFO]   ★ best 86.30%
2026-03-18 18:25:28,540 [INFO]   S2 Ep  32/80  loss=1.1485 acc=68.5%  val=86.0%  lr=2.19e-05    66s
2026-03-18 18:26:34,386 [INFO]   S2 Ep  33/80  loss=1.1336 acc=69.0%  val=86.5%  lr=2.13e-05    66s
2026-03-18 18:26:34,540 [INFO]   ★ best 86.47%
2026-03-18 18:27:40,488 [INFO]   S2 Ep  34/80  loss=1.1090 acc=70.1%  val=85.9%  lr=2.07e-05    66s
2026-03-18 18:28:46,319 [INFO]   S2 Ep  35/80  loss=1.1347 acc=68.3%  val=86.2%  lr=2.01e-05    66s
2026-03-18 18:29:52,133 [INFO]   S2 Ep  36/80  loss=1.1077 acc=70.1%  val=87.2%  lr=1.95e-05    66s
2026-03-18 18:29:52,261 [INFO]   ★ best 87.22%
2026-03-18 18:30:58,124 [INFO]   S2 Ep  37/80  loss=1.1049 acc=69.6%  val=86.5%  lr=1.89e-05    66s
2026-03-18 18:32:03,933 [INFO]   S2 Ep  38/80  loss=1.1151 acc=69.6%  val=86.8%  lr=1.83e-05    66s
2026-03-18 18:33:09,786 [INFO]   S2 Ep  39/80  loss=1.1132 acc=69.9%  val=87.0%  lr=1.77e-05    66s
2026-03-18 18:34:15,580 [INFO]   S2 Ep  40/80  loss=1.1091 acc=70.1%  val=86.7%  lr=1.70e-05    66s
2026-03-18 18:35:21,523 [INFO]   S2 Ep  41/80  loss=1.0675 acc=71.7%  val=86.7%  lr=1.64e-05    66s
2026-03-18 18:36:27,340 [INFO]   S2 Ep  42/80  loss=1.0850 acc=71.2%  val=87.0%  lr=1.58e-05    66s
2026-03-18 18:37:33,172 [INFO]   S2 Ep  43/80  loss=1.0856 acc=70.9%  val=87.5%  lr=1.51e-05    66s
2026-03-18 18:37:33,316 [INFO]   ★ best 87.52%
2026-03-18 18:38:39,132 [INFO]   S2 Ep  44/80  loss=1.0705 acc=71.7%  val=87.1%  lr=1.45e-05    66s
2026-03-18 18:39:44,957 [INFO]   S2 Ep  45/80  loss=1.1037 acc=70.3%  val=86.6%  lr=1.38e-05    66s
2026-03-18 18:40:50,840 [INFO]   S2 Ep  46/80  loss=1.0634 acc=72.0%  val=86.8%  lr=1.32e-05    66s
2026-03-18 18:41:56,631 [INFO]   S2 Ep  47/80  loss=1.0706 acc=71.6%  val=87.5%  lr=1.26e-05    66s
2026-03-18 18:43:02,477 [INFO]   S2 Ep  48/80  loss=1.0393 acc=73.6%  val=87.5%  lr=1.19e-05    66s
2026-03-18 18:44:08,278 [INFO]   S2 Ep  49/80  loss=1.0939 acc=70.7%  val=86.7%  lr=1.13e-05    66s
2026-03-18 18:45:14,108 [INFO]   S2 Ep  50/80  loss=1.0805 acc=70.4%  val=87.5%  lr=1.07e-05    66s
2026-03-18 18:46:19,965 [INFO]   S2 Ep  51/80  loss=1.0690 acc=71.5%  val=87.2%  lr=1.01e-05    66s
2026-03-18 18:47:25,916 [INFO]   S2 Ep  52/80  loss=1.0700 acc=71.2%  val=87.4%  lr=9.50e-06    66s
2026-03-18 18:48:31,717 [INFO]   S2 Ep  53/80  loss=1.0607 acc=72.2%  val=87.3%  lr=8.91e-06    66s
2026-03-18 18:49:37,537 [INFO]   S2 Ep  54/80  loss=1.0402 acc=72.8%  val=87.6%  lr=8.33e-06    66s
2026-03-18 18:49:37,662 [INFO]   ★ best 87.62%
2026-03-18 18:50:43,459 [INFO]   S2 Ep  55/80  loss=1.0580 acc=72.7%  val=88.0%  lr=7.76e-06    66s
2026-03-18 18:50:43,606 [INFO]   ★ best 88.00%
2026-03-18 18:51:49,399 [INFO]   S2 Ep  56/80  loss=1.0514 acc=72.5%  val=87.6%  lr=7.21e-06    66s
2026-03-18 18:52:55,214 [INFO]   S2 Ep  57/80  loss=1.0790 acc=70.9%  val=87.7%  lr=6.67e-06    66s
2026-03-18 18:54:01,057 [INFO]   S2 Ep  58/80  loss=1.0440 acc=72.6%  val=87.4%  lr=6.14e-06    66s
2026-03-18 18:55:06,900 [INFO]   S2 Ep  59/80  loss=1.0913 acc=70.1%  val=87.2%  lr=5.63e-06    66s
2026-03-18 18:56:12,703 [INFO]   S2 Ep  60/80  loss=1.0562 acc=72.2%  val=87.7%  lr=5.14e-06    66s
2026-03-18 18:57:18,534 [INFO]   S2 Ep  61/80  loss=1.0359 acc=72.8%  val=87.7%  lr=4.67e-06    66s
2026-03-18 18:58:24,349 [INFO]   S2 Ep  62/80  loss=1.0633 acc=71.9%  val=87.9%  lr=4.21e-06    66s
2026-03-18 18:59:30,142 [INFO]   S2 Ep  63/80  loss=1.0480 acc=72.0%  val=87.7%  lr=3.78e-06    66s
2026-03-18 19:00:35,921 [INFO]   S2 Ep  64/80  loss=1.0372 acc=73.2%  val=87.8%  lr=3.36e-06    66s
2026-03-18 19:01:41,737 [INFO]   S2 Ep  65/80  loss=1.0632 acc=72.1%  val=87.9%  lr=2.97e-06    66s
2026-03-18 19:02:47,631 [INFO]   S2 Ep  66/80  loss=1.0603 acc=71.4%  val=87.9%  lr=2.60e-06    66s
2026-03-18 19:03:53,442 [INFO]   S2 Ep  67/80  loss=1.0443 acc=72.4%  val=88.4%  lr=2.25e-06    66s
2026-03-18 19:03:53,568 [INFO]   ★ best 88.44%
2026-03-18 19:04:59,428 [INFO]   S2 Ep  68/80  loss=0.9954 acc=74.6%  val=87.9%  lr=1.93e-06    66s
2026-03-18 19:06:05,240 [INFO]   S2 Ep  69/80  loss=1.0435 acc=72.2%  val=88.2%  lr=1.62e-06    66s
2026-03-18 19:07:11,078 [INFO]   S2 Ep  70/80  loss=1.0662 acc=71.6%  val=87.9%  lr=1.35e-06    66s
2026-03-18 19:08:16,942 [INFO]   S2 Ep  71/80  loss=1.0611 acc=71.9%  val=88.0%  lr=1.09e-06    66s
2026-03-18 19:09:22,789 [INFO]   S2 Ep  72/80  loss=1.0414 acc=72.1%  val=88.0%  lr=8.67e-07    66s
2026-03-18 19:10:28,627 [INFO]   S2 Ep  73/80  loss=1.0251 acc=73.3%  val=88.0%  lr=6.65e-07    66s
2026-03-18 19:11:34,432 [INFO]   S2 Ep  74/80  loss=1.0266 acc=73.3%  val=88.0%  lr=4.90e-07    66s
2026-03-18 19:12:40,337 [INFO]   S2 Ep  75/80  loss=1.0463 acc=72.2%  val=87.9%  lr=3.41e-07    66s
2026-03-18 19:13:46,221 [INFO]   S2 Ep  76/80  loss=1.0649 acc=71.9%  val=88.0%  lr=2.19e-07    66s
2026-03-18 19:14:52,127 [INFO]   S2 Ep  77/80  loss=1.0279 acc=73.1%  val=88.1%  lr=1.24e-07    66s
2026-03-18 19:15:57,903 [INFO]   S2 Ep  78/80  loss=1.0199 acc=73.6%  val=88.0%  lr=5.57e-08    66s
2026-03-18 19:17:03,793 [INFO]   S2 Ep  79/80  loss=1.0278 acc=73.7%  val=88.0%  lr=1.48e-08    66s
2026-03-18 19:18:09,680 [INFO]   S2 Ep  80/80  loss=1.0237 acc=73.7%  val=88.0%  lr=1.20e-09    66s
2026-03-18 19:18:09,681 [INFO] ── Stage 3: SWA (15 ep, lr=3.0e-06) ──
2026-03-18 19:19:15,710 [INFO]   SWA Ep  1/15  loss=1.0330  swa_val=88.1%  66s
2026-03-18 19:20:21,665 [INFO]   SWA Ep  2/15  loss=1.0381  swa_val=87.9%  66s
2026-03-18 19:21:27,628 [INFO]   SWA Ep  3/15  loss=1.0528  swa_val=88.0%  66s
2026-03-18 19:22:33,529 [INFO]   SWA Ep  4/15  loss=1.0364  swa_val=88.0%  66s
2026-03-18 19:23:39,356 [INFO]   SWA Ep  5/15  loss=1.0366  swa_val=87.9%  66s
2026-03-18 19:24:45,111 [INFO]   SWA Ep  6/15  loss=1.0412  swa_val=88.0%  66s
2026-03-18 19:25:50,905 [INFO]   SWA Ep  7/15  loss=1.0250  swa_val=88.0%  66s
2026-03-18 19:26:56,704 [INFO]   SWA Ep  8/15  loss=1.0579  swa_val=87.9%  66s
2026-03-18 19:28:02,470 [INFO]   SWA Ep  9/15  loss=1.0411  swa_val=88.0%  66s
2026-03-18 19:29:08,261 [INFO]   SWA Ep 10/15  loss=1.0430  swa_val=88.0%  66s
2026-03-18 19:30:14,018 [INFO]   SWA Ep 11/15  loss=1.0654  swa_val=88.0%  66s
2026-03-18 19:31:19,863 [INFO]   SWA Ep 12/15  loss=1.0537  swa_val=88.1%  66s
2026-03-18 19:32:25,645 [INFO]   SWA Ep 13/15  loss=1.0263  swa_val=88.1%  66s
2026-03-18 19:33:31,426 [INFO]   SWA Ep 14/15  loss=1.0236  swa_val=88.0%  66s
2026-03-18 19:34:37,228 [INFO]   SWA Ep 15/15  loss=1.0356  swa_val=88.0%  66s
2026-03-18 19:34:37,228 [INFO]   Updating BN stats for SWA model …
2026-03-18 19:34:41,169 [INFO]   SWA final: 88.03% (regular best: 88.44%)
2026-03-18 19:34:41,170 [INFO]   Fold 1 best: 88.44%
2026-03-18 19:34:42,454 [INFO] ================================================================
2026-03-18 19:34:42,454 [INFO] FOLD 2 / 5
2026-03-18 19:34:42,454 [INFO] ================================================================
2026-03-18 19:34:42,456 [INFO]   Train: 11793 | Val: 2949
2026-03-18 19:34:42,788 [INFO] Loading pretrained weights from Hugging Face hub (timm/caformer_s18.sail_in22k_ft_in1k)
2026-03-18 19:34:42,906 [INFO] HTTP Request: HEAD https://huggingface.co/timm/caformer_s18.sail_in22k_ft_in1k/resolve/main/model.safetensors "HTTP/1.1 302 Found"
2026-03-18 19:34:42,907 [INFO] [timm/caformer_s18.sail_in22k_ft_in1k] Safe alternative available for 'pytorch_model.bin' (as 'model.safetensors'). Loading weights using safetensors.
2026-03-18 19:34:42,922 [INFO] Missing keys (head.fc.fc2.weight, head.fc.fc2.bias) discovered while loading pretrained weights. This is expected if model is being adapted.
2026-03-18 19:34:43,010 [INFO]   Born-again ← best_fold1.pt (val 89.15%)
2026-03-18 19:34:43,011 [INFO] ── Stage 1: head warmup (5 ep) ──
2026-03-18 19:35:06,842 [INFO]   S1 Ep 1/5  loss=2.2366 acc=20.7%  val=29.8%  24s
2026-03-18 19:35:06,943 [INFO]   ★ best 29.81%
2026-03-18 19:35:28,515 [INFO]   S1 Ep 2/5  loss=2.0554 acc=25.6%  val=35.3%  22s
2026-03-18 19:35:28,632 [INFO]   ★ best 35.27%
2026-03-18 19:35:50,213 [INFO]   S1 Ep 3/5  loss=1.9944 acc=28.0%  val=37.0%  22s
2026-03-18 19:35:50,350 [INFO]   ★ best 37.00%
2026-03-18 19:36:11,838 [INFO]   S1 Ep 4/5  loss=1.9520 acc=29.9%  val=36.9%  21s
2026-03-18 19:36:33,314 [INFO]   S1 Ep 5/5  loss=1.9200 acc=30.8%  val=37.4%  21s
2026-03-18 19:36:33,443 [INFO]   ★ best 37.44%
2026-03-18 19:36:33,443 [INFO] ── Stage 2: full fine-tune (80 ep, patience 30) ──
2026-03-18 19:36:33,444 [INFO] LLRD: 10 groups, LR [1.57e-05 … 3.00e-05]
2026-03-18 19:37:39,273 [INFO]   S2 Ep   1/80  loss=2.0566 acc=28.8%  val=64.0%  lr=2.90e-06    66s
2026-03-18 19:37:39,408 [INFO]   ★ best 64.02%
2026-03-18 19:38:45,282 [INFO]   S2 Ep   2/80  loss=1.6756 acc=46.2%  val=78.6%  lr=7.60e-06    66s
2026-03-18 19:38:45,420 [INFO]   ★ best 78.60%
2026-03-18 19:39:51,309 [INFO]   S2 Ep   3/80  loss=1.4230 acc=57.6%  val=83.4%  lr=1.42e-05    66s
2026-03-18 19:39:51,445 [INFO]   ★ best 83.35%
2026-03-18 19:40:57,297 [INFO]   S2 Ep   4/80  loss=1.3511 acc=60.5%  val=83.8%  lr=2.11e-05    66s
2026-03-18 19:40:57,432 [INFO]   ★ best 83.76%
2026-03-18 19:42:03,221 [INFO]   S2 Ep   5/80  loss=1.3184 acc=61.5%  val=83.8%  lr=2.67e-05    66s
2026-03-18 19:43:09,091 [INFO]   S2 Ep   6/80  loss=1.2464 acc=64.4%  val=84.3%  lr=2.97e-05    66s
2026-03-18 19:43:09,222 [INFO]   ★ best 84.27%
2026-03-18 19:44:15,035 [INFO]   S2 Ep   7/80  loss=1.2259 acc=65.2%  val=84.3%  lr=3.00e-05    66s
2026-03-18 19:44:15,167 [INFO]   ★ best 84.33%
2026-03-18 19:45:20,916 [INFO]   S2 Ep   8/80  loss=1.2449 acc=64.2%  val=85.0%  lr=3.00e-05    66s
2026-03-18 19:45:21,053 [INFO]   ★ best 84.98%
2026-03-18 19:46:26,864 [INFO]   S2 Ep   9/80  loss=1.2272 acc=65.0%  val=84.1%  lr=2.99e-05    66s
2026-03-18 19:47:32,645 [INFO]   S2 Ep  10/80  loss=1.2043 acc=66.1%  val=85.2%  lr=2.98e-05    66s
2026-03-18 19:47:32,777 [INFO]   ★ best 85.25%
2026-03-18 19:48:38,610 [INFO]   S2 Ep  11/80  loss=1.2049 acc=65.7%  val=84.9%  lr=2.97e-05    66s
2026-03-18 19:49:44,473 [INFO]   S2 Ep  12/80  loss=1.2052 acc=65.5%  val=85.5%  lr=2.96e-05    66s
2026-03-18 19:49:44,599 [INFO]   ★ best 85.49%
2026-03-18 19:50:50,436 [INFO]   S2 Ep  13/80  loss=1.1894 acc=66.3%  val=85.2%  lr=2.94e-05    66s
2026-03-18 19:51:56,320 [INFO]   S2 Ep  14/80  loss=1.1832 acc=66.7%  val=84.5%  lr=2.92e-05    66s
2026-03-18 19:53:02,151 [INFO]   S2 Ep  15/80  loss=1.1904 acc=66.2%  val=85.3%  lr=2.90e-05    66s
2026-03-18 19:54:07,936 [INFO]   S2 Ep  16/80  loss=1.1625 acc=67.3%  val=84.4%  lr=2.88e-05    66s
2026-03-18 19:55:13,727 [INFO]   S2 Ep  17/80  loss=1.1603 acc=67.6%  val=85.3%  lr=2.85e-05    66s
2026-03-18 19:56:19,612 [INFO]   S2 Ep  18/80  loss=1.1528 acc=67.7%  val=85.8%  lr=2.82e-05    66s
2026-03-18 19:56:19,743 [INFO]   ★ best 85.79%
2026-03-18 19:57:25,514 [INFO]   S2 Ep  19/80  loss=1.1323 acc=68.9%  val=84.8%  lr=2.79e-05    66s
2026-03-18 19:58:31,362 [INFO]   S2 Ep  20/80  loss=1.1357 acc=68.7%  val=85.2%  lr=2.75e-05    66s
2026-03-18 19:59:37,258 [INFO]   S2 Ep  21/80  loss=1.1350 acc=69.0%  val=85.4%  lr=2.72e-05    66s
2026-03-18 20:00:43,072 [INFO]   S2 Ep  22/80  loss=1.1305 acc=69.3%  val=85.4%  lr=2.68e-05    66s
2026-03-18 20:01:48,872 [INFO]   S2 Ep  23/80  loss=1.1050 acc=70.3%  val=86.0%  lr=2.64e-05    66s
2026-03-18 20:01:49,005 [INFO]   ★ best 86.03%
2026-03-18 20:02:54,814 [INFO]   S2 Ep  24/80  loss=1.1190 acc=69.3%  val=85.3%  lr=2.60e-05    66s
2026-03-18 20:04:00,584 [INFO]   S2 Ep  25/80  loss=1.1269 acc=69.1%  val=85.8%  lr=2.55e-05    66s
2026-03-18 20:05:06,484 [INFO]   S2 Ep  26/80  loss=1.1129 acc=70.1%  val=85.6%  lr=2.50e-05    66s
2026-03-18 20:06:12,351 [INFO]   S2 Ep  27/80  loss=1.1016 acc=69.7%  val=85.4%  lr=2.46e-05    66s
2026-03-18 20:07:18,098 [INFO]   S2 Ep  28/80  loss=1.1068 acc=69.7%  val=85.2%  lr=2.41e-05    66s
2026-03-18 20:08:23,906 [INFO]   S2 Ep  29/80  loss=1.0933 acc=70.1%  val=86.2%  lr=2.35e-05    66s
2026-03-18 20:08:24,032 [INFO]   ★ best 86.16%
2026-03-18 20:09:29,829 [INFO]   S2 Ep  30/80  loss=1.0854 acc=70.9%  val=85.5%  lr=2.30e-05    66s
2026-03-18 20:10:35,641 [INFO]   S2 Ep  31/80  loss=1.0752 acc=71.1%  val=86.2%  lr=2.25e-05    66s
2026-03-18 20:11:41,402 [INFO]   S2 Ep  32/80  loss=1.1002 acc=69.9%  val=86.2%  lr=2.19e-05    66s
2026-03-18 20:12:47,146 [INFO]   S2 Ep  33/80  loss=1.0942 acc=70.2%  val=86.3%  lr=2.13e-05    66s
2026-03-18 20:12:47,285 [INFO]   ★ best 86.27%
2026-03-18 20:13:53,048 [INFO]   S2 Ep  34/80  loss=1.0842 acc=70.8%  val=86.6%  lr=2.07e-05    66s
2026-03-18 20:13:53,181 [INFO]   ★ best 86.61%
2026-03-18 20:14:58,935 [INFO]   S2 Ep  35/80  loss=1.1055 acc=69.9%  val=86.4%  lr=2.01e-05    66s
2026-03-18 20:16:04,715 [INFO]   S2 Ep  36/80  loss=1.0827 acc=70.5%  val=86.3%  lr=1.95e-05    66s
2026-03-18 20:17:10,474 [INFO]   S2 Ep  37/80  loss=1.0953 acc=70.4%  val=86.5%  lr=1.89e-05    66s
2026-03-18 20:18:16,272 [INFO]   S2 Ep  38/80  loss=1.1057 acc=69.7%  val=86.6%  lr=1.83e-05    66s
2026-03-18 20:18:16,403 [INFO]   ★ best 86.64%
2026-03-18 20:19:22,192 [INFO]   S2 Ep  39/80  loss=1.0753 acc=71.0%  val=86.7%  lr=1.77e-05    66s
2026-03-18 20:19:22,314 [INFO]   ★ best 86.67%
2026-03-18 20:20:28,120 [INFO]   S2 Ep  40/80  loss=1.0629 acc=72.0%  val=86.3%  lr=1.70e-05    66s
2026-03-18 20:21:33,961 [INFO]   S2 Ep  41/80  loss=1.0633 acc=72.0%  val=86.3%  lr=1.64e-05    66s
2026-03-18 20:22:39,728 [INFO]   S2 Ep  42/80  loss=1.1036 acc=69.4%  val=86.7%  lr=1.58e-05    66s
2026-03-18 20:23:45,525 [INFO]   S2 Ep  43/80  loss=1.0831 acc=70.1%  val=86.6%  lr=1.51e-05    66s
2026-03-18 20:24:51,355 [INFO]   S2 Ep  44/80  loss=1.0377 acc=72.7%  val=86.4%  lr=1.45e-05    66s
2026-03-18 20:25:57,174 [INFO]   S2 Ep  45/80  loss=1.0387 acc=72.3%  val=86.7%  lr=1.38e-05    66s
2026-03-18 20:25:57,301 [INFO]   ★ best 86.74%
2026-03-18 20:27:03,076 [INFO]   S2 Ep  46/80  loss=1.0479 acc=72.3%  val=86.2%  lr=1.32e-05    66s
2026-03-18 20:28:08,882 [INFO]   S2 Ep  47/80  loss=1.0386 acc=72.6%  val=86.9%  lr=1.26e-05    66s
2026-03-18 20:28:09,007 [INFO]   ★ best 86.88%
2026-03-18 20:29:14,797 [INFO]   S2 Ep  48/80  loss=1.0320 acc=73.0%  val=86.8%  lr=1.19e-05    66s
2026-03-18 20:30:20,564 [INFO]   S2 Ep  49/80  loss=1.0176 acc=73.7%  val=86.9%  lr=1.13e-05    66s
2026-03-18 20:30:20,688 [INFO]   ★ best 86.91%
2026-03-18 20:31:26,477 [INFO]   S2 Ep  50/80  loss=1.0456 acc=72.2%  val=87.5%  lr=1.07e-05    66s
2026-03-18 20:31:26,606 [INFO]   ★ best 87.49%
2026-03-18 20:32:32,363 [INFO]   S2 Ep  51/80  loss=1.0059 acc=74.4%  val=87.2%  lr=1.01e-05    66s
2026-03-18 20:33:38,143 [INFO]   S2 Ep  52/80  loss=1.0329 acc=72.9%  val=86.7%  lr=9.50e-06    66s
2026-03-18 20:34:43,952 [INFO]   S2 Ep  53/80  loss=1.0377 acc=72.5%  val=87.4%  lr=8.91e-06    66s
2026-03-18 20:35:49,833 [INFO]   S2 Ep  54/80  loss=1.0363 acc=72.3%  val=87.6%  lr=8.33e-06    66s
2026-03-18 20:35:49,961 [INFO]   ★ best 87.56%
2026-03-18 20:36:55,832 [INFO]   S2 Ep  55/80  loss=1.0581 acc=71.9%  val=86.7%  lr=7.76e-06    66s
2026-03-18 20:38:01,618 [INFO]   S2 Ep  56/80  loss=1.0327 acc=72.9%  val=87.2%  lr=7.21e-06    66s
2026-03-18 20:39:07,500 [INFO]   S2 Ep  57/80  loss=1.0163 acc=73.7%  val=87.1%  lr=6.67e-06    66s
2026-03-18 20:40:13,456 [INFO]   S2 Ep  58/80  loss=1.0491 acc=71.6%  val=87.9%  lr=6.14e-06    66s
2026-03-18 20:40:13,584 [INFO]   ★ best 87.93%
2026-03-18 20:41:19,358 [INFO]   S2 Ep  59/80  loss=1.0235 acc=73.0%  val=87.6%  lr=5.63e-06    66s
2026-03-18 20:42:25,203 [INFO]   S2 Ep  60/80  loss=1.0224 acc=73.4%  val=87.5%  lr=5.14e-06    66s
2026-03-18 20:43:31,072 [INFO]   S2 Ep  61/80  loss=1.0169 acc=72.9%  val=87.9%  lr=4.67e-06    66s
2026-03-18 20:44:36,879 [INFO]   S2 Ep  62/80  loss=1.0217 acc=73.0%  val=87.7%  lr=4.21e-06    66s
2026-03-18 20:45:42,726 [INFO]   S2 Ep  63/80  loss=1.0216 acc=73.3%  val=87.7%  lr=3.78e-06    66s
2026-03-18 20:46:48,538 [INFO]   S2 Ep  64/80  loss=1.0205 acc=72.9%  val=87.7%  lr=3.36e-06    66s
2026-03-18 20:47:54,378 [INFO]   S2 Ep  65/80  loss=1.0097 acc=73.6%  val=87.5%  lr=2.97e-06    66s
2026-03-18 20:49:00,138 [INFO]   S2 Ep  66/80  loss=1.0051 acc=73.9%  val=87.9%  lr=2.60e-06    66s
2026-03-18 20:50:05,906 [INFO]   S2 Ep  67/80  loss=1.0160 acc=73.2%  val=87.8%  lr=2.25e-06    66s
2026-03-18 20:51:11,817 [INFO]   S2 Ep  68/80  loss=1.0242 acc=73.2%  val=87.6%  lr=1.93e-06    66s
2026-03-18 20:52:17,576 [INFO]   S2 Ep  69/80  loss=1.0139 acc=73.7%  val=87.7%  lr=1.62e-06    66s
2026-03-18 20:53:23,434 [INFO]   S2 Ep  70/80  loss=1.0020 acc=73.5%  val=87.6%  lr=1.35e-06    66s
2026-03-18 20:54:29,249 [INFO]   S2 Ep  71/80  loss=1.0103 acc=73.7%  val=87.9%  lr=1.09e-06    66s
2026-03-18 20:55:35,024 [INFO]   S2 Ep  72/80  loss=1.0246 acc=72.3%  val=87.8%  lr=8.67e-07    66s
2026-03-18 20:56:40,892 [INFO]   S2 Ep  73/80  loss=1.0171 acc=73.4%  val=87.7%  lr=6.65e-07    66s
2026-03-18 20:57:46,736 [INFO]   S2 Ep  74/80  loss=1.0203 acc=73.3%  val=87.8%  lr=4.90e-07    66s
2026-03-18 20:58:52,520 [INFO]   S2 Ep  75/80  loss=1.0156 acc=73.4%  val=87.7%  lr=3.41e-07    66s
2026-03-18 20:59:58,332 [INFO]   S2 Ep  76/80  loss=0.9800 acc=75.4%  val=87.7%  lr=2.19e-07    66s
2026-03-18 21:01:04,055 [INFO]   S2 Ep  77/80  loss=1.0059 acc=73.7%  val=87.8%  lr=1.24e-07    66s
2026-03-18 21:02:09,892 [INFO]   S2 Ep  78/80  loss=0.9931 acc=74.6%  val=87.7%  lr=5.57e-08    66s
2026-03-18 21:03:15,694 [INFO]   S2 Ep  79/80  loss=1.0180 acc=73.3%  val=87.8%  lr=1.48e-08    66s
2026-03-18 21:04:21,536 [INFO]   S2 Ep  80/80  loss=0.9910 acc=74.5%  val=87.8%  lr=1.20e-09    66s
2026-03-18 21:04:21,538 [INFO] ── Stage 3: SWA (15 ep, lr=3.0e-06) ──
2026-03-18 21:05:27,451 [INFO]   SWA Ep  1/15  loss=1.0294  swa_val=87.8%  66s
2026-03-18 21:06:33,249 [INFO]   SWA Ep  2/15  loss=1.0010  swa_val=88.1%  66s
2026-03-18 21:07:38,971 [INFO]   SWA Ep  3/15  loss=1.0348  swa_val=88.1%  66s
2026-03-18 21:08:44,821 [INFO]   SWA Ep  4/15  loss=1.0164  swa_val=88.1%  66s
2026-03-18 21:09:50,648 [INFO]   SWA Ep  5/15  loss=1.0155  swa_val=88.0%  66s
2026-03-18 21:10:56,498 [INFO]   SWA Ep  6/15  loss=1.0172  swa_val=88.0%  66s
2026-03-18 21:12:02,295 [INFO]   SWA Ep  7/15  loss=1.0231  swa_val=88.1%  66s
2026-03-18 21:13:08,231 [INFO]   SWA Ep  8/15  loss=1.0458  swa_val=88.1%  66s
2026-03-18 21:14:14,075 [INFO]   SWA Ep  9/15  loss=0.9950  swa_val=88.0%  66s
2026-03-18 21:15:19,913 [INFO]   SWA Ep 10/15  loss=1.0338  swa_val=87.9%  66s
2026-03-18 21:16:25,771 [INFO]   SWA Ep 11/15  loss=1.0215  swa_val=88.0%  66s
2026-03-18 21:17:31,551 [INFO]   SWA Ep 12/15  loss=1.0358  swa_val=87.9%  66s
2026-03-18 21:18:37,327 [INFO]   SWA Ep 13/15  loss=1.0342  swa_val=87.9%  66s
2026-03-18 21:19:43,078 [INFO]   SWA Ep 14/15  loss=1.0413  swa_val=87.8%  66s
2026-03-18 21:20:48,928 [INFO]   SWA Ep 15/15  loss=1.0023  swa_val=87.8%  66s
2026-03-18 21:20:48,928 [INFO]   Updating BN stats for SWA model …
2026-03-18 21:20:52,956 [INFO]   SWA final: 87.76% (regular best: 87.93%)
2026-03-18 21:20:52,956 [INFO]   Fold 2 best: 87.93%
2026-03-18 21:20:54,381 [INFO] ================================================================
2026-03-18 21:20:54,381 [INFO] FOLD 3 / 5
2026-03-18 21:20:54,381 [INFO] ================================================================
2026-03-18 21:20:54,383 [INFO]   Train: 11794 | Val: 2948
2026-03-18 21:20:54,585 [INFO] Loading pretrained weights from Hugging Face hub (timm/caformer_s18.sail_in22k_ft_in1k)
2026-03-18 21:20:54,841 [INFO] HTTP Request: HEAD https://huggingface.co/timm/caformer_s18.sail_in22k_ft_in1k/resolve/main/model.safetensors "HTTP/1.1 302 Found"
2026-03-18 21:20:54,842 [INFO] [timm/caformer_s18.sail_in22k_ft_in1k] Safe alternative available for 'pytorch_model.bin' (as 'model.safetensors'). Loading weights using safetensors.
2026-03-18 21:20:54,856 [INFO] Missing keys (head.fc.fc2.weight, head.fc.fc2.bias) discovered while loading pretrained weights. This is expected if model is being adapted.
2026-03-18 21:20:54,948 [INFO]   Born-again ← best_fold2.pt (val 90.50%)
2026-03-18 21:20:54,949 [INFO] ── Stage 1: head warmup (5 ep) ──
2026-03-18 21:21:25,891 [INFO]   S1 Ep 1/5  loss=2.2716 acc=19.3%  val=28.5%  31s
2026-03-18 21:21:25,981 [INFO]   ★ best 28.46%
2026-03-18 21:21:47,524 [INFO]   S1 Ep 2/5  loss=2.0988 acc=23.6%  val=33.4%  22s
2026-03-18 21:21:47,651 [INFO]   ★ best 33.38%
2026-03-18 21:22:09,172 [INFO]   S1 Ep 3/5  loss=2.0420 acc=25.9%  val=35.4%  22s
2026-03-18 21:22:09,295 [INFO]   ★ best 35.38%
2026-03-18 21:22:30,761 [INFO]   S1 Ep 4/5  loss=2.0038 acc=27.4%  val=36.6%  21s
2026-03-18 21:22:30,888 [INFO]   ★ best 36.60%
2026-03-18 21:22:52,409 [INFO]   S1 Ep 5/5  loss=1.9766 acc=28.3%  val=36.8%  22s
2026-03-18 21:22:52,532 [INFO]   ★ best 36.84%
2026-03-18 21:22:52,533 [INFO] ── Stage 2: full fine-tune (80 ep, patience 30) ──
2026-03-18 21:22:52,534 [INFO] LLRD: 10 groups, LR [1.57e-05 … 3.00e-05]
2026-03-18 21:23:58,374 [INFO]   S2 Ep   1/80  loss=2.0511 acc=29.7%  val=67.4%  lr=2.90e-06    66s
2026-03-18 21:23:58,496 [INFO]   ★ best 67.40%
2026-03-18 21:25:04,312 [INFO]   S2 Ep   2/80  loss=1.6833 acc=46.6%  val=82.3%  lr=7.60e-06    66s
2026-03-18 21:25:04,439 [INFO]   ★ best 82.33%
2026-03-18 21:26:10,267 [INFO]   S2 Ep   3/80  loss=1.4587 acc=56.7%  val=85.0%  lr=1.42e-05    66s
2026-03-18 21:26:10,394 [INFO]   ★ best 85.01%
2026-03-18 21:27:16,193 [INFO]   S2 Ep   4/80  loss=1.3122 acc=61.7%  val=85.7%  lr=2.11e-05    66s
2026-03-18 21:27:16,324 [INFO]   ★ best 85.65%
2026-03-18 21:28:22,175 [INFO]   S2 Ep   5/80  loss=1.2780 acc=63.2%  val=86.4%  lr=2.67e-05    66s
2026-03-18 21:28:22,301 [INFO]   ★ best 86.36%
2026-03-18 21:29:28,077 [INFO]   S2 Ep   6/80  loss=1.2522 acc=64.2%  val=86.3%  lr=2.97e-05    66s
2026-03-18 21:30:33,814 [INFO]   S2 Ep   7/80  loss=1.2337 acc=64.8%  val=86.0%  lr=3.00e-05    66s
2026-03-18 21:31:39,544 [INFO]   S2 Ep   8/80  loss=1.2175 acc=65.3%  val=86.5%  lr=3.00e-05    66s
2026-03-18 21:31:39,679 [INFO]   ★ best 86.53%
2026-03-18 21:32:45,502 [INFO]   S2 Ep   9/80  loss=1.1880 acc=66.6%  val=87.7%  lr=2.99e-05    66s
2026-03-18 21:32:45,634 [INFO]   ★ best 87.72%
2026-03-18 21:33:51,520 [INFO]   S2 Ep  10/80  loss=1.2077 acc=65.8%  val=87.2%  lr=2.98e-05    66s
2026-03-18 21:34:57,299 [INFO]   S2 Ep  11/80  loss=1.1710 acc=67.5%  val=87.2%  lr=2.97e-05    66s
2026-03-18 21:36:03,059 [INFO]   S2 Ep  12/80  loss=1.1988 acc=66.0%  val=87.0%  lr=2.96e-05    66s
2026-03-18 21:37:08,969 [INFO]   S2 Ep  13/80  loss=1.1432 acc=68.7%  val=87.3%  lr=2.94e-05    66s
2026-03-18 21:38:14,850 [INFO]   S2 Ep  14/80  loss=1.1569 acc=67.6%  val=87.1%  lr=2.92e-05    66s
2026-03-18 21:39:20,689 [INFO]   S2 Ep  15/80  loss=1.1708 acc=66.9%  val=86.6%  lr=2.90e-05    66s
2026-03-18 21:40:26,462 [INFO]   S2 Ep  16/80  loss=1.1991 acc=65.5%  val=87.2%  lr=2.88e-05    66s
2026-03-18 21:41:32,255 [INFO]   S2 Ep  17/80  loss=1.1239 acc=69.1%  val=87.9%  lr=2.85e-05    66s
2026-03-18 21:41:32,385 [INFO]   ★ best 87.86%
2026-03-18 21:42:38,176 [INFO]   S2 Ep  18/80  loss=1.1414 acc=68.4%  val=87.8%  lr=2.82e-05    66s
2026-03-18 21:43:43,936 [INFO]   S2 Ep  19/80  loss=1.1442 acc=68.3%  val=87.0%  lr=2.79e-05    66s
2026-03-18 21:44:49,738 [INFO]   S2 Ep  20/80  loss=1.1306 acc=69.0%  val=87.5%  lr=2.75e-05    66s
2026-03-18 21:45:55,552 [INFO]   S2 Ep  21/80  loss=1.1284 acc=68.9%  val=87.7%  lr=2.72e-05    66s
2026-03-18 21:47:01,327 [INFO]   S2 Ep  22/80  loss=1.1223 acc=69.4%  val=87.4%  lr=2.68e-05    66s
2026-03-18 21:48:07,154 [INFO]   S2 Ep  23/80  loss=1.1192 acc=69.4%  val=87.5%  lr=2.64e-05    66s
2026-03-18 21:49:12,966 [INFO]   S2 Ep  24/80  loss=1.1213 acc=69.4%  val=87.7%  lr=2.60e-05    66s
2026-03-18 21:50:18,692 [INFO]   S2 Ep  25/80  loss=1.1074 acc=70.2%  val=87.2%  lr=2.55e-05    66s
2026-03-18 21:51:24,464 [INFO]   S2 Ep  26/80  loss=1.0821 acc=70.7%  val=87.0%  lr=2.50e-05    66s
2026-03-18 21:52:30,192 [INFO]   S2 Ep  27/80  loss=1.1093 acc=70.2%  val=87.8%  lr=2.46e-05    66s
2026-03-18 21:53:36,117 [INFO]   S2 Ep  28/80  loss=1.0900 acc=70.9%  val=87.9%  lr=2.41e-05    66s
2026-03-18 21:53:36,239 [INFO]   ★ best 87.92%
2026-03-18 21:54:42,109 [INFO]   S2 Ep  29/80  loss=1.1147 acc=69.2%  val=87.9%  lr=2.35e-05    66s
2026-03-18 21:55:47,934 [INFO]   S2 Ep  30/80  loss=1.0980 acc=70.2%  val=88.0%  lr=2.30e-05    66s
2026-03-18 21:55:48,062 [INFO]   ★ best 87.96%
2026-03-18 21:56:53,859 [INFO]   S2 Ep  31/80  loss=1.1137 acc=69.4%  val=88.2%  lr=2.25e-05    66s
2026-03-18 21:56:53,981 [INFO]   ★ best 88.16%
2026-03-18 21:57:59,794 [INFO]   S2 Ep  32/80  loss=1.1257 acc=69.1%  val=88.1%  lr=2.19e-05    66s
2026-03-18 21:59:05,514 [INFO]   S2 Ep  33/80  loss=1.0743 acc=71.7%  val=88.2%  lr=2.13e-05    66s
2026-03-18 21:59:05,642 [INFO]   ★ best 88.23%
2026-03-18 22:00:11,508 [INFO]   S2 Ep  34/80  loss=1.1032 acc=70.1%  val=88.4%  lr=2.07e-05    66s
2026-03-18 22:00:11,634 [INFO]   ★ best 88.40%
2026-03-18 22:01:17,497 [INFO]   S2 Ep  35/80  loss=1.0778 acc=71.0%  val=87.6%  lr=2.01e-05    66s
2026-03-18 22:02:23,285 [INFO]   S2 Ep  36/80  loss=1.1031 acc=69.7%  val=88.3%  lr=1.95e-05    66s
2026-03-18 22:03:29,088 [INFO]   S2 Ep  37/80  loss=1.0855 acc=70.3%  val=88.0%  lr=1.89e-05    66s
2026-03-18 22:04:34,890 [INFO]   S2 Ep  38/80  loss=1.0917 acc=70.0%  val=88.6%  lr=1.83e-05    66s
2026-03-18 22:04:35,016 [INFO]   ★ best 88.64%
2026-03-18 22:05:40,828 [INFO]   S2 Ep  39/80  loss=1.0851 acc=70.6%  val=89.1%  lr=1.77e-05    66s
2026-03-18 22:05:40,954 [INFO]   ★ best 89.08%
2026-03-18 22:06:46,730 [INFO]   S2 Ep  40/80  loss=1.0462 acc=72.1%  val=88.4%  lr=1.70e-05    66s
2026-03-18 22:07:52,482 [INFO]   S2 Ep  41/80  loss=1.0667 acc=71.7%  val=88.5%  lr=1.64e-05    66s
2026-03-18 22:08:58,278 [INFO]   S2 Ep  42/80  loss=1.0438 acc=72.4%  val=88.5%  lr=1.58e-05    66s
2026-03-18 22:10:04,125 [INFO]   S2 Ep  43/80  loss=1.0575 acc=72.2%  val=88.6%  lr=1.51e-05    66s
2026-03-18 22:11:10,006 [INFO]   S2 Ep  44/80  loss=1.0717 acc=70.9%  val=88.8%  lr=1.45e-05    66s
2026-03-18 22:12:15,912 [INFO]   S2 Ep  45/80  loss=1.0084 acc=74.2%  val=88.3%  lr=1.38e-05    66s
2026-03-18 22:13:21,683 [INFO]   S2 Ep  46/80  loss=1.0330 acc=73.1%  val=89.2%  lr=1.32e-05    66s
2026-03-18 22:13:21,805 [INFO]   ★ best 89.18%
2026-03-18 22:14:27,652 [INFO]   S2 Ep  47/80  loss=1.0608 acc=71.9%  val=89.1%  lr=1.26e-05    66s
2026-03-18 22:15:33,505 [INFO]   S2 Ep  48/80  loss=1.0275 acc=73.1%  val=89.0%  lr=1.19e-05    66s
2026-03-18 22:16:39,329 [INFO]   S2 Ep  49/80  loss=1.0147 acc=73.3%  val=89.2%  lr=1.13e-05    66s
2026-03-18 22:16:39,460 [INFO]   ★ best 89.21%
2026-03-18 22:17:45,298 [INFO]   S2 Ep  50/80  loss=1.0309 acc=72.9%  val=89.2%  lr=1.07e-05    66s
2026-03-18 22:18:51,096 [INFO]   S2 Ep  51/80  loss=1.0519 acc=72.0%  val=89.1%  lr=1.01e-05    66s
2026-03-18 22:19:56,889 [INFO]   S2 Ep  52/80  loss=1.0430 acc=72.0%  val=89.1%  lr=9.50e-06    66s
2026-03-18 22:21:02,700 [INFO]   S2 Ep  53/80  loss=1.0245 acc=73.0%  val=88.9%  lr=8.91e-06    66s
2026-03-18 22:22:08,505 [INFO]   S2 Ep  54/80  loss=1.0547 acc=72.0%  val=89.1%  lr=8.33e-06    66s
2026-03-18 22:23:14,341 [INFO]   S2 Ep  55/80  loss=1.0137 acc=73.4%  val=89.6%  lr=7.76e-06    66s
2026-03-18 22:23:14,467 [INFO]   ★ best 89.55%
2026-03-18 22:24:20,432 [INFO]   S2 Ep  56/80  loss=1.0093 acc=73.0%  val=89.1%  lr=7.21e-06    66s
2026-03-18 22:25:26,310 [INFO]   S2 Ep  57/80  loss=1.0543 acc=71.6%  val=89.5%  lr=6.67e-06    66s
2026-03-18 22:26:32,145 [INFO]   S2 Ep  58/80  loss=1.0237 acc=73.6%  val=89.8%  lr=6.14e-06    66s
2026-03-18 22:26:32,299 [INFO]   ★ best 89.82%
2026-03-18 22:27:38,186 [INFO]   S2 Ep  59/80  loss=0.9967 acc=74.5%  val=89.6%  lr=5.63e-06    66s
2026-03-18 22:28:44,130 [INFO]   S2 Ep  60/80  loss=1.0126 acc=73.8%  val=89.7%  lr=5.14e-06    66s
2026-03-18 22:29:49,986 [INFO]   S2 Ep  61/80  loss=1.0159 acc=73.5%  val=89.5%  lr=4.67e-06    66s
2026-03-18 22:30:55,833 [INFO]   S2 Ep  62/80  loss=1.0034 acc=73.9%  val=89.6%  lr=4.21e-06    66s
2026-03-18 22:32:01,705 [INFO]   S2 Ep  63/80  loss=0.9985 acc=74.3%  val=89.6%  lr=3.78e-06    66s
2026-03-18 22:33:07,531 [INFO]   S2 Ep  64/80  loss=1.0130 acc=73.4%  val=89.9%  lr=3.36e-06    66s
2026-03-18 22:33:07,661 [INFO]   ★ best 89.86%
2026-03-18 22:34:13,515 [INFO]   S2 Ep  65/80  loss=1.0284 acc=73.2%  val=89.7%  lr=2.97e-06    66s
2026-03-18 22:35:19,369 [INFO]   S2 Ep  66/80  loss=0.9978 acc=74.3%  val=89.7%  lr=2.60e-06    66s
2026-03-18 22:36:25,218 [INFO]   S2 Ep  67/80  loss=1.0076 acc=73.8%  val=89.8%  lr=2.25e-06    66s
2026-03-18 22:37:31,077 [INFO]   S2 Ep  68/80  loss=1.0194 acc=73.2%  val=89.7%  lr=1.93e-06    66s
2026-03-18 22:38:36,973 [INFO]   S2 Ep  69/80  loss=0.9919 acc=74.5%  val=89.8%  lr=1.62e-06    66s
2026-03-18 22:39:42,799 [INFO]   S2 Ep  70/80  loss=0.9992 acc=73.7%  val=89.7%  lr=1.35e-06    66s
2026-03-18 22:40:48,688 [INFO]   S2 Ep  71/80  loss=1.0018 acc=74.3%  val=89.9%  lr=1.09e-06    66s
2026-03-18 22:40:48,814 [INFO]   ★ best 89.93%
2026-03-18 22:41:54,727 [INFO]   S2 Ep  72/80  loss=1.0124 acc=72.8%  val=89.7%  lr=8.67e-07    66s
2026-03-18 22:43:00,567 [INFO]   S2 Ep  73/80  loss=1.0027 acc=74.0%  val=90.0%  lr=6.65e-07    66s
2026-03-18 22:43:00,697 [INFO]   ★ best 89.96%
2026-03-18 22:44:06,494 [INFO]   S2 Ep  74/80  loss=1.0249 acc=72.3%  val=90.0%  lr=4.90e-07    66s
2026-03-18 22:45:12,391 [INFO]   S2 Ep  75/80  loss=0.9731 acc=75.0%  val=90.0%  lr=3.41e-07    66s
2026-03-18 22:45:12,518 [INFO]   ★ best 89.99%
2026-03-18 22:46:18,310 [INFO]   S2 Ep  76/80  loss=1.0090 acc=73.8%  val=89.9%  lr=2.19e-07    66s
2026-03-18 22:47:24,105 [INFO]   S2 Ep  77/80  loss=0.9961 acc=74.6%  val=90.0%  lr=1.24e-07    66s
2026-03-18 22:48:29,914 [INFO]   S2 Ep  78/80  loss=0.9975 acc=74.3%  val=90.0%  lr=5.57e-08    66s
2026-03-18 22:49:35,731 [INFO]   S2 Ep  79/80  loss=1.0321 acc=71.9%  val=90.0%  lr=1.48e-08    66s
2026-03-18 22:50:41,583 [INFO]   S2 Ep  80/80  loss=0.9975 acc=74.2%  val=89.9%  lr=1.20e-09    66s
2026-03-18 22:50:41,584 [INFO] ── Stage 3: SWA (15 ep, lr=3.0e-06) ──
2026-03-18 22:51:47,478 [INFO]   SWA Ep  1/15  loss=1.0122  swa_val=89.6%  66s
2026-03-18 22:52:53,332 [INFO]   SWA Ep  2/15  loss=1.0119  swa_val=89.7%  66s
2026-03-18 22:53:59,134 [INFO]   SWA Ep  3/15  loss=1.0165  swa_val=89.8%  66s
2026-03-18 22:55:04,897 [INFO]   SWA Ep  4/15  loss=1.0363  swa_val=89.7%  66s
2026-03-18 22:56:10,656 [INFO]   SWA Ep  5/15  loss=0.9906  swa_val=89.8%  66s
2026-03-18 22:57:16,463 [INFO]   SWA Ep  6/15  loss=1.0365  swa_val=89.9%  66s
2026-03-18 22:58:22,300 [INFO]   SWA Ep  7/15  loss=0.9941  swa_val=89.8%  66s
2026-03-18 22:59:28,100 [INFO]   SWA Ep  8/15  loss=0.9794  swa_val=89.8%  66s
2026-03-18 23:00:33,809 [INFO]   SWA Ep  9/15  loss=1.0267  swa_val=89.9%  66s
2026-03-18 23:01:39,652 [INFO]   SWA Ep 10/15  loss=1.0139  swa_val=89.9%  66s
2026-03-18 23:02:45,531 [INFO]   SWA Ep 11/15  loss=0.9975  swa_val=89.9%  66s
2026-03-18 23:03:51,370 [INFO]   SWA Ep 12/15  loss=0.9959  swa_val=89.9%  66s
2026-03-18 23:04:57,159 [INFO]   SWA Ep 13/15  loss=0.9930  swa_val=90.0%  66s
2026-03-18 23:06:02,937 [INFO]   SWA Ep 14/15  loss=1.0388  swa_val=90.1%  66s
2026-03-18 23:07:08,675 [INFO]   SWA Ep 15/15  loss=0.9894  swa_val=90.1%  66s
2026-03-18 23:07:08,675 [INFO]   Updating BN stats for SWA model …
2026-03-18 23:07:12,639 [INFO]   SWA final: 90.06% (regular best: 89.99%)
2026-03-18 23:07:12,766 [INFO]   ★ SWA beats regular! 90.06%
2026-03-18 23:07:12,766 [INFO]   Fold 3 best: 90.06%
2026-03-18 23:07:13,898 [INFO] ================================================================
2026-03-18 23:07:13,898 [INFO] FOLD 4 / 5
2026-03-18 23:07:13,898 [INFO] ================================================================
2026-03-18 23:07:13,900 [INFO]   Train: 11794 | Val: 2948
2026-03-18 23:07:14,102 [INFO] Loading pretrained weights from Hugging Face hub (timm/caformer_s18.sail_in22k_ft_in1k)
2026-03-18 23:07:14,362 [INFO] HTTP Request: HEAD https://huggingface.co/timm/caformer_s18.sail_in22k_ft_in1k/resolve/main/model.safetensors "HTTP/1.1 302 Found"
2026-03-18 23:07:14,363 [WARNING] Warning: You are sending unauthenticated requests to the HF Hub. Please set a HF_TOKEN to enable higher rate limits and faster downloads.
2026-03-18 23:07:14,363 [INFO] [timm/caformer_s18.sail_in22k_ft_in1k] Safe alternative available for 'pytorch_model.bin' (as 'model.safetensors'). Loading weights using safetensors.
2026-03-18 23:07:14,378 [INFO] Missing keys (head.fc.fc2.weight, head.fc.fc2.bias) discovered while loading pretrained weights. This is expected if model is being adapted.
2026-03-18 23:07:14,469 [INFO]   Born-again ← best_fold3.pt (val 89.28%)
2026-03-18 23:07:14,470 [INFO] ── Stage 1: head warmup (5 ep) ──
2026-03-18 23:07:38,426 [INFO]   S1 Ep 1/5  loss=2.1725 acc=22.0%  val=32.7%  24s
2026-03-18 23:07:38,527 [INFO]   ★ best 32.73%
2026-03-18 23:08:00,147 [INFO]   S1 Ep 2/5  loss=2.0144 acc=26.6%  val=35.9%  22s
2026-03-18 23:08:00,271 [INFO]   ★ best 35.89%
2026-03-18 23:08:21,820 [INFO]   S1 Ep 3/5  loss=1.9479 acc=29.4%  val=38.8%  22s
2026-03-18 23:08:21,944 [INFO]   ★ best 38.77%
2026-03-18 23:08:43,514 [INFO]   S1 Ep 4/5  loss=1.9107 acc=31.1%  val=39.3%  22s
2026-03-18 23:08:43,636 [INFO]   ★ best 39.35%
2026-03-18 23:09:05,160 [INFO]   S1 Ep 5/5  loss=1.8887 acc=31.2%  val=39.1%  22s
2026-03-18 23:09:05,161 [INFO] ── Stage 2: full fine-tune (80 ep, patience 30) ──
2026-03-18 23:09:05,162 [INFO] LLRD: 10 groups, LR [1.57e-05 … 3.00e-05]
2026-03-18 23:10:10,949 [INFO]   S2 Ep   1/80  loss=2.0500 acc=29.0%  val=65.3%  lr=2.90e-06    66s
2026-03-18 23:10:11,090 [INFO]   ★ best 65.26%
2026-03-18 23:11:16,868 [INFO]   S2 Ep   2/80  loss=1.7104 acc=45.1%  val=78.1%  lr=7.60e-06    66s
2026-03-18 23:11:16,997 [INFO]   ★ best 78.05%
2026-03-18 23:12:22,854 [INFO]   S2 Ep   3/80  loss=1.4640 acc=56.0%  val=82.3%  lr=1.42e-05    66s
2026-03-18 23:12:22,986 [INFO]   ★ best 82.33%
2026-03-18 23:13:28,841 [INFO]   S2 Ep   4/80  loss=1.4313 acc=57.0%  val=83.9%  lr=2.11e-05    66s
2026-03-18 23:13:28,977 [INFO]   ★ best 83.85%
2026-03-18 23:14:34,767 [INFO]   S2 Ep   5/80  loss=1.3709 acc=59.4%  val=84.3%  lr=2.67e-05    66s
2026-03-18 23:14:34,902 [INFO]   ★ best 84.33%
2026-03-18 23:15:40,739 [INFO]   S2 Ep   6/80  loss=1.2938 acc=62.5%  val=85.6%  lr=2.97e-05    66s
2026-03-18 23:15:40,879 [INFO]   ★ best 85.62%
2026-03-18 23:16:46,685 [INFO]   S2 Ep   7/80  loss=1.2845 acc=63.0%  val=85.1%  lr=3.00e-05    66s
2026-03-18 23:17:52,527 [INFO]   S2 Ep   8/80  loss=1.2897 acc=62.6%  val=85.1%  lr=3.00e-05    66s
2026-03-18 23:18:58,391 [INFO]   S2 Ep   9/80  loss=1.2633 acc=64.1%  val=84.0%  lr=2.99e-05    66s
2026-03-18 23:20:04,244 [INFO]   S2 Ep  10/80  loss=1.2806 acc=62.5%  val=84.8%  lr=2.98e-05    66s
2026-03-18 23:21:10,126 [INFO]   S2 Ep  11/80  loss=1.2428 acc=64.4%  val=85.1%  lr=2.97e-05    66s
2026-03-18 23:22:16,002 [INFO]   S2 Ep  12/80  loss=1.2581 acc=63.8%  val=86.0%  lr=2.96e-05    66s
2026-03-18 23:22:16,139 [INFO]   ★ best 85.99%
2026-03-18 23:23:21,968 [INFO]   S2 Ep  13/80  loss=1.1964 acc=66.2%  val=85.3%  lr=2.94e-05    66s
2026-03-18 23:24:27,855 [INFO]   S2 Ep  14/80  loss=1.1948 acc=66.4%  val=85.2%  lr=2.92e-05    66s
2026-03-18 23:25:33,760 [INFO]   S2 Ep  15/80  loss=1.1685 acc=67.4%  val=86.1%  lr=2.90e-05    66s
2026-03-18 23:25:33,892 [INFO]   ★ best 86.13%
2026-03-18 23:26:39,725 [INFO]   S2 Ep  16/80  loss=1.2330 acc=65.0%  val=85.5%  lr=2.88e-05    66s
2026-03-18 23:27:45,572 [INFO]   S2 Ep  17/80  loss=1.2083 acc=65.5%  val=86.0%  lr=2.85e-05    66s
2026-03-18 23:28:51,440 [INFO]   S2 Ep  18/80  loss=1.2178 acc=65.4%  val=86.3%  lr=2.82e-05    66s
2026-03-18 23:28:51,575 [INFO]   ★ best 86.30%
2026-03-18 23:29:57,396 [INFO]   S2 Ep  19/80  loss=1.1818 acc=66.9%  val=86.4%  lr=2.79e-05    66s
2026-03-18 23:29:57,573 [INFO]   ★ best 86.40%
2026-03-18 23:31:03,503 [INFO]   S2 Ep  20/80  loss=1.1916 acc=66.5%  val=85.1%  lr=2.75e-05    66s
2026-03-18 23:32:09,388 [INFO]   S2 Ep  21/80  loss=1.1611 acc=67.9%  val=86.6%  lr=2.72e-05    66s
2026-03-18 23:32:09,528 [INFO]   ★ best 86.57%
2026-03-18 23:33:15,385 [INFO]   S2 Ep  22/80  loss=1.1602 acc=68.0%  val=86.1%  lr=2.68e-05    66s
2026-03-18 23:34:21,248 [INFO]   S2 Ep  23/80  loss=1.2153 acc=66.1%  val=86.7%  lr=2.64e-05    66s
2026-03-18 23:34:21,392 [INFO]   ★ best 86.70%
2026-03-18 23:35:27,362 [INFO]   S2 Ep  24/80  loss=1.1722 acc=67.7%  val=86.8%  lr=2.60e-05    66s
2026-03-18 23:35:27,505 [INFO]   ★ best 86.84%
2026-03-18 23:36:33,513 [INFO]   S2 Ep  25/80  loss=1.1756 acc=67.2%  val=86.9%  lr=2.55e-05    66s
2026-03-18 23:36:33,656 [INFO]   ★ best 86.87%
2026-03-18 23:37:39,573 [INFO]   S2 Ep  26/80  loss=1.1398 acc=69.1%  val=86.7%  lr=2.50e-05    66s
2026-03-18 23:38:45,580 [INFO]   S2 Ep  27/80  loss=1.1601 acc=67.7%  val=87.2%  lr=2.46e-05    66s
2026-03-18 23:38:45,718 [INFO]   ★ best 87.18%
2026-03-18 23:39:51,702 [INFO]   S2 Ep  28/80  loss=1.1425 acc=68.9%  val=87.4%  lr=2.41e-05    66s
2026-03-18 23:39:51,843 [INFO]   ★ best 87.45%
2026-03-18 23:40:57,976 [INFO]   S2 Ep  29/80  loss=1.1199 acc=69.8%  val=86.6%  lr=2.35e-05    66s
2026-03-18 23:42:03,856 [INFO]   S2 Ep  30/80  loss=1.1496 acc=68.3%  val=86.9%  lr=2.30e-05    66s
2026-03-18 23:43:09,718 [INFO]   S2 Ep  31/80  loss=1.1459 acc=68.5%  val=86.3%  lr=2.25e-05    66s
2026-03-18 23:44:15,635 [INFO]   S2 Ep  32/80  loss=1.1091 acc=70.9%  val=86.5%  lr=2.19e-05    66s
2026-03-18 23:45:21,525 [INFO]   S2 Ep  33/80  loss=1.1296 acc=68.7%  val=86.8%  lr=2.13e-05    66s
2026-03-18 23:46:27,420 [INFO]   S2 Ep  34/80  loss=1.1215 acc=69.2%  val=86.7%  lr=2.07e-05    66s
2026-03-18 23:47:33,326 [INFO]   S2 Ep  35/80  loss=1.0939 acc=71.0%  val=87.6%  lr=2.01e-05    66s
2026-03-18 23:47:33,462 [INFO]   ★ best 87.55%
2026-03-18 23:48:39,359 [INFO]   S2 Ep  36/80  loss=1.1072 acc=70.4%  val=86.8%  lr=1.95e-05    66s
2026-03-18 23:49:45,221 [INFO]   S2 Ep  37/80  loss=1.1172 acc=70.2%  val=88.2%  lr=1.89e-05    66s
2026-03-18 23:49:45,354 [INFO]   ★ best 88.23%
2026-03-18 23:50:51,247 [INFO]   S2 Ep  38/80  loss=1.1232 acc=69.6%  val=87.4%  lr=1.83e-05    66s
2026-03-18 23:51:57,200 [INFO]   S2 Ep  39/80  loss=1.1313 acc=69.2%  val=87.3%  lr=1.77e-05    66s
2026-03-18 23:53:03,098 [INFO]   S2 Ep  40/80  loss=1.1022 acc=70.5%  val=87.4%  lr=1.70e-05    66s
2026-03-18 23:54:08,915 [INFO]   S2 Ep  41/80  loss=1.0890 acc=71.0%  val=87.2%  lr=1.64e-05    66s
2026-03-18 23:55:14,795 [INFO]   S2 Ep  42/80  loss=1.1177 acc=69.8%  val=88.0%  lr=1.58e-05    66s
2026-03-18 23:56:20,585 [INFO]   S2 Ep  43/80  loss=1.1105 acc=69.8%  val=87.5%  lr=1.51e-05    66s
2026-03-18 23:57:26,445 [INFO]   S2 Ep  44/80  loss=1.0810 acc=71.0%  val=87.1%  lr=1.45e-05    66s
2026-03-18 23:58:32,323 [INFO]   S2 Ep  45/80  loss=1.0920 acc=70.8%  val=87.6%  lr=1.38e-05    66s
2026-03-18 23:59:38,189 [INFO]   S2 Ep  46/80  loss=1.1177 acc=69.3%  val=87.7%  lr=1.32e-05    66s
2026-03-19 00:00:44,066 [INFO]   S2 Ep  47/80  loss=1.0844 acc=71.7%  val=87.9%  lr=1.26e-05    66s
2026-03-19 00:01:49,995 [INFO]   S2 Ep  48/80  loss=1.0754 acc=71.2%  val=88.0%  lr=1.19e-05    66s
2026-03-19 00:02:55,947 [INFO]   S2 Ep  49/80  loss=1.1057 acc=69.5%  val=88.0%  lr=1.13e-05    66s
2026-03-19 00:04:01,837 [INFO]   S2 Ep  50/80  loss=1.0587 acc=72.2%  val=88.0%  lr=1.07e-05    66s
2026-03-19 00:05:07,717 [INFO]   S2 Ep  51/80  loss=1.0939 acc=70.4%  val=87.7%  lr=1.01e-05    66s
2026-03-19 00:06:13,609 [INFO]   S2 Ep  52/80  loss=1.0781 acc=71.3%  val=88.0%  lr=9.50e-06    66s
2026-03-19 00:07:19,599 [INFO]   S2 Ep  53/80  loss=1.0569 acc=72.1%  val=88.4%  lr=8.91e-06    66s
2026-03-19 00:07:19,735 [INFO]   ★ best 88.36%
2026-03-19 00:08:25,729 [INFO]   S2 Ep  54/80  loss=1.0704 acc=71.9%  val=88.0%  lr=8.33e-06    66s
2026-03-19 00:09:31,578 [INFO]   S2 Ep  55/80  loss=1.0552 acc=72.3%  val=88.4%  lr=7.76e-06    66s
2026-03-19 00:09:31,715 [INFO]   ★ best 88.43%
2026-03-19 00:10:37,626 [INFO]   S2 Ep  56/80  loss=1.0537 acc=72.2%  val=88.3%  lr=7.21e-06    66s
2026-03-19 00:11:43,545 [INFO]   S2 Ep  57/80  loss=1.0666 acc=71.9%  val=88.0%  lr=6.67e-06    66s
2026-03-19 00:12:49,428 [INFO]   S2 Ep  58/80  loss=1.0684 acc=71.6%  val=88.3%  lr=6.14e-06    66s
2026-03-19 00:13:55,345 [INFO]   S2 Ep  59/80  loss=1.0677 acc=71.4%  val=88.5%  lr=5.63e-06    66s
2026-03-19 00:13:55,478 [INFO]   ★ best 88.50%
2026-03-19 00:15:01,335 [INFO]   S2 Ep  60/80  loss=1.0439 acc=73.1%  val=88.2%  lr=5.14e-06    66s
2026-03-19 00:16:07,225 [INFO]   S2 Ep  61/80  loss=1.0496 acc=72.6%  val=88.5%  lr=4.67e-06    66s
2026-03-19 00:17:13,159 [INFO]   S2 Ep  62/80  loss=1.0224 acc=73.8%  val=88.4%  lr=4.21e-06    66s
2026-03-19 00:18:19,049 [INFO]   S2 Ep  63/80  loss=1.0485 acc=72.2%  val=88.5%  lr=3.78e-06    66s
2026-03-19 00:18:19,183 [INFO]   ★ best 88.53%
2026-03-19 00:19:25,112 [INFO]   S2 Ep  64/80  loss=1.0525 acc=72.5%  val=88.7%  lr=3.36e-06    66s
2026-03-19 00:19:25,247 [INFO]   ★ best 88.70%
2026-03-19 00:20:31,220 [INFO]   S2 Ep  65/80  loss=0.9976 acc=74.6%  val=88.5%  lr=2.97e-06    66s
2026-03-19 00:21:37,110 [INFO]   S2 Ep  66/80  loss=1.0439 acc=72.6%  val=88.5%  lr=2.60e-06    66s
2026-03-19 00:22:43,086 [INFO]   S2 Ep  67/80  loss=1.0434 acc=72.8%  val=88.7%  lr=2.25e-06    66s
2026-03-19 00:23:49,033 [INFO]   S2 Ep  68/80  loss=1.0705 acc=71.8%  val=88.7%  lr=1.93e-06    66s
2026-03-19 00:23:49,168 [INFO]   ★ best 88.74%
2026-03-19 00:24:55,018 [INFO]   S2 Ep  69/80  loss=1.0465 acc=72.5%  val=88.5%  lr=1.62e-06    66s
2026-03-19 00:26:00,984 [INFO]   S2 Ep  70/80  loss=1.0360 acc=73.5%  val=88.7%  lr=1.35e-06    66s
2026-03-19 00:27:06,878 [INFO]   S2 Ep  71/80  loss=1.0314 acc=72.9%  val=88.5%  lr=1.09e-06    66s
2026-03-19 00:28:12,749 [INFO]   S2 Ep  72/80  loss=1.0135 acc=73.8%  val=88.5%  lr=8.67e-07    66s
2026-03-19 00:29:18,632 [INFO]   S2 Ep  73/80  loss=1.0356 acc=73.6%  val=88.8%  lr=6.65e-07    66s
2026-03-19 00:29:18,767 [INFO]   ★ best 88.77%
2026-03-19 00:30:24,656 [INFO]   S2 Ep  74/80  loss=1.0245 acc=73.5%  val=88.6%  lr=4.90e-07    66s
2026-03-19 00:31:30,539 [INFO]   S2 Ep  75/80  loss=1.0573 acc=72.1%  val=88.5%  lr=3.41e-07    66s
2026-03-19 00:32:36,448 [INFO]   S2 Ep  76/80  loss=1.0382 acc=73.0%  val=88.5%  lr=2.19e-07    66s
2026-03-19 00:33:42,252 [INFO]   S2 Ep  77/80  loss=1.0408 acc=72.4%  val=88.7%  lr=1.24e-07    66s
2026-03-19 00:34:48,126 [INFO]   S2 Ep  78/80  loss=1.0431 acc=72.5%  val=88.6%  lr=5.57e-08    66s
2026-03-19 00:35:53,948 [INFO]   S2 Ep  79/80  loss=1.0315 acc=73.4%  val=88.7%  lr=1.48e-08    66s
2026-03-19 00:36:59,801 [INFO]   S2 Ep  80/80  loss=1.0431 acc=72.4%  val=88.7%  lr=1.20e-09    66s
2026-03-19 00:36:59,802 [INFO] ── Stage 3: SWA (15 ep, lr=3.0e-06) ──
2026-03-19 00:38:05,763 [INFO]   SWA Ep  1/15  loss=1.0280  swa_val=88.4%  66s
2026-03-19 00:39:11,620 [INFO]   SWA Ep  2/15  loss=1.0344  swa_val=88.7%  66s
2026-03-19 00:40:17,483 [INFO]   SWA Ep  3/15  loss=1.0552  swa_val=88.8%  66s
2026-03-19 00:41:23,476 [INFO]   SWA Ep  4/15  loss=1.0421  swa_val=88.7%  66s
2026-03-19 00:42:29,316 [INFO]   SWA Ep  5/15  loss=1.0277  swa_val=88.8%  66s
2026-03-19 00:43:35,154 [INFO]   SWA Ep  6/15  loss=1.0534  swa_val=88.8%  66s
2026-03-19 00:44:40,965 [INFO]   SWA Ep  7/15  loss=1.0795  swa_val=88.7%  66s
2026-03-19 00:45:46,822 [INFO]   SWA Ep  8/15  loss=1.0297  swa_val=88.7%  66s
2026-03-19 00:46:52,663 [INFO]   SWA Ep  9/15  loss=1.0619  swa_val=88.7%  66s
2026-03-19 00:47:58,488 [INFO]   SWA Ep 10/15  loss=1.0349  swa_val=88.8%  66s
2026-03-19 00:49:04,359 [INFO]   SWA Ep 11/15  loss=1.0230  swa_val=88.6%  66s
2026-03-19 00:50:10,217 [INFO]   SWA Ep 12/15  loss=1.0284  swa_val=88.7%  66s
2026-03-19 00:51:16,092 [INFO]   SWA Ep 13/15  loss=1.0399  swa_val=88.7%  66s
2026-03-19 00:52:21,903 [INFO]   SWA Ep 14/15  loss=1.0320  swa_val=88.7%  66s
2026-03-19 00:53:27,764 [INFO]   SWA Ep 15/15  loss=1.0434  swa_val=88.7%  66s
2026-03-19 00:53:27,764 [INFO]   Updating BN stats for SWA model …
2026-03-19 00:53:31,769 [INFO]   SWA final: 88.70% (regular best: 88.77%)
2026-03-19 00:53:31,769 [INFO]   Fold 4 best: 88.77%
2026-03-19 00:53:33,660 [INFO] ================================================================
2026-03-19 00:53:33,661 [INFO] FOLD 5 / 5
2026-03-19 00:53:33,661 [INFO] ================================================================
2026-03-19 00:53:33,663 [INFO]   Train: 11794 | Val: 2948
2026-03-19 00:53:33,876 [INFO] Loading pretrained weights from Hugging Face hub (timm/caformer_s18.sail_in22k_ft_in1k)
2026-03-19 00:53:33,920 [INFO] HTTP Request: HEAD https://huggingface.co/timm/caformer_s18.sail_in22k_ft_in1k/resolve/main/model.safetensors "HTTP/1.1 302 Found"
2026-03-19 00:53:33,921 [INFO] [timm/caformer_s18.sail_in22k_ft_in1k] Safe alternative available for 'pytorch_model.bin' (as 'model.safetensors'). Loading weights using safetensors.
2026-03-19 00:53:33,937 [INFO] Missing keys (head.fc.fc2.weight, head.fc.fc2.bias) discovered while loading pretrained weights. This is expected if model is being adapted.
2026-03-19 00:53:34,034 [INFO]   Born-again ← best_fold4.pt (val 89.99%)
2026-03-19 00:53:34,034 [INFO] ── Stage 1: head warmup (5 ep) ──
2026-03-19 00:53:58,376 [INFO]   S1 Ep 1/5  loss=2.1793 acc=22.4%  val=33.7%  24s
2026-03-19 00:53:58,479 [INFO]   ★ best 33.68%
2026-03-19 00:54:20,070 [INFO]   S1 Ep 2/5  loss=2.0254 acc=26.8%  val=38.0%  22s
2026-03-19 00:54:20,197 [INFO]   ★ best 37.99%
2026-03-19 00:54:41,702 [INFO]   S1 Ep 3/5  loss=1.9683 acc=28.9%  val=40.2%  22s
2026-03-19 00:54:41,830 [INFO]   ★ best 40.23%
2026-03-19 00:55:03,324 [INFO]   S1 Ep 4/5  loss=1.9312 acc=30.0%  val=40.7%  21s
2026-03-19 00:55:03,447 [INFO]   ★ best 40.74%
2026-03-19 00:55:24,974 [INFO]   S1 Ep 5/5  loss=1.9082 acc=30.7%  val=40.7%  22s
2026-03-19 00:55:24,974 [INFO] ── Stage 2: full fine-tune (80 ep, patience 30) ──
2026-03-19 00:55:24,976 [INFO] LLRD: 10 groups, LR [1.57e-05 … 3.00e-05]
2026-03-19 00:56:30,915 [INFO]   S2 Ep   1/80  loss=2.0290 acc=29.9%  val=66.9%  lr=2.90e-06    66s
2026-03-19 00:56:31,059 [INFO]   ★ best 66.86%
2026-03-19 00:57:36,926 [INFO]   S2 Ep   2/80  loss=1.6651 acc=46.5%  val=79.5%  lr=7.60e-06    66s
2026-03-19 00:57:37,061 [INFO]   ★ best 79.55%
2026-03-19 00:58:43,017 [INFO]   S2 Ep   3/80  loss=1.4402 acc=56.7%  val=83.2%  lr=1.42e-05    66s
2026-03-19 00:58:43,146 [INFO]   ★ best 83.18%
2026-03-19 00:59:49,095 [INFO]   S2 Ep   4/80  loss=1.3501 acc=60.1%  val=84.3%  lr=2.11e-05    66s
2026-03-19 00:59:49,228 [INFO]   ★ best 84.33%
2026-03-19 01:00:55,117 [INFO]   S2 Ep   5/80  loss=1.3177 acc=61.4%  val=85.4%  lr=2.67e-05    66s
2026-03-19 01:00:55,246 [INFO]   ★ best 85.41%
2026-03-19 01:02:01,206 [INFO]   S2 Ep   6/80  loss=1.3002 acc=62.0%  val=84.8%  lr=2.97e-05    66s
2026-03-19 01:03:07,127 [INFO]   S2 Ep   7/80  loss=1.2681 acc=63.3%  val=85.3%  lr=3.00e-05    66s
2026-03-19 01:04:13,061 [INFO]   S2 Ep   8/80  loss=1.2197 acc=64.9%  val=85.9%  lr=3.00e-05    66s
2026-03-19 01:04:13,196 [INFO]   ★ best 85.85%
2026-03-19 01:05:19,155 [INFO]   S2 Ep   9/80  loss=1.2007 acc=66.3%  val=85.6%  lr=2.99e-05    66s
2026-03-19 01:06:25,028 [INFO]   S2 Ep  10/80  loss=1.1760 acc=67.1%  val=85.6%  lr=2.98e-05    66s
2026-03-19 01:07:31,002 [INFO]   S2 Ep  11/80  loss=1.2180 acc=65.1%  val=85.8%  lr=2.97e-05    66s
2026-03-19 01:08:36,922 [INFO]   S2 Ep  12/80  loss=1.1875 acc=67.0%  val=85.8%  lr=2.96e-05    66s
2026-03-19 01:09:42,850 [INFO]   S2 Ep  13/80  loss=1.1612 acc=67.9%  val=86.5%  lr=2.94e-05    66s
2026-03-19 01:09:42,984 [INFO]   ★ best 86.50%
2026-03-19 01:10:48,963 [INFO]   S2 Ep  14/80  loss=1.1870 acc=66.8%  val=86.8%  lr=2.92e-05    66s
2026-03-19 01:10:49,104 [INFO]   ★ best 86.77%
2026-03-19 01:11:54,990 [INFO]   S2 Ep  15/80  loss=1.1741 acc=67.3%  val=86.6%  lr=2.90e-05    66s
2026-03-19 01:13:00,904 [INFO]   S2 Ep  16/80  loss=1.1927 acc=65.9%  val=85.5%  lr=2.88e-05    66s
2026-03-19 01:14:06,830 [INFO]   S2 Ep  17/80  loss=1.1626 acc=67.1%  val=86.3%  lr=2.85e-05    66s
2026-03-19 01:15:12,787 [INFO]   S2 Ep  18/80  loss=1.1585 acc=67.5%  val=86.6%  lr=2.82e-05    66s
2026-03-19 01:16:18,773 [INFO]   S2 Ep  19/80  loss=1.1299 acc=69.1%  val=86.5%  lr=2.79e-05    66s
2026-03-19 01:17:24,691 [INFO]   S2 Ep  20/80  loss=1.1071 acc=69.8%  val=86.3%  lr=2.75e-05    66s
2026-03-19 01:18:30,650 [INFO]   S2 Ep  21/80  loss=1.1568 acc=67.8%  val=86.6%  lr=2.72e-05    66s
2026-03-19 01:19:36,556 [INFO]   S2 Ep  22/80  loss=1.1259 acc=69.1%  val=86.8%  lr=2.68e-05    66s
2026-03-19 01:19:36,689 [INFO]   ★ best 86.84%
2026-03-19 01:20:42,709 [INFO]   S2 Ep  23/80  loss=1.1135 acc=69.7%  val=87.1%  lr=2.64e-05    66s
2026-03-19 01:20:42,845 [INFO]   ★ best 87.11%
2026-03-19 01:21:48,794 [INFO]   S2 Ep  24/80  loss=1.0966 acc=70.0%  val=86.3%  lr=2.60e-05    66s
2026-03-19 01:22:54,805 [INFO]   S2 Ep  25/80  loss=1.0852 acc=71.1%  val=86.7%  lr=2.55e-05    66s
2026-03-19 01:24:00,832 [INFO]   S2 Ep  26/80  loss=1.1117 acc=69.4%  val=86.7%  lr=2.50e-05    66s
2026-03-19 01:25:06,765 [INFO]   S2 Ep  27/80  loss=1.1340 acc=68.8%  val=86.8%  lr=2.46e-05    66s
2026-03-19 01:26:12,748 [INFO]   S2 Ep  28/80  loss=1.1230 acc=69.0%  val=87.2%  lr=2.41e-05    66s
2026-03-19 01:26:12,878 [INFO]   ★ best 87.25%
2026-03-19 01:27:18,793 [INFO]   S2 Ep  29/80  loss=1.0915 acc=70.3%  val=87.3%  lr=2.35e-05    66s
2026-03-19 01:27:18,925 [INFO]   ★ best 87.31%
2026-03-19 01:28:24,920 [INFO]   S2 Ep  30/80  loss=1.1006 acc=70.2%  val=87.6%  lr=2.30e-05    66s
2026-03-19 01:28:25,053 [INFO]   ★ best 87.55%
2026-03-19 01:29:31,004 [INFO]   S2 Ep  31/80  loss=1.0956 acc=70.7%  val=86.6%  lr=2.25e-05    66s
2026-03-19 01:30:36,935 [INFO]   S2 Ep  32/80  loss=1.0677 acc=71.8%  val=87.7%  lr=2.19e-05    66s
2026-03-19 01:30:37,069 [INFO]   ★ best 87.69%
2026-03-19 01:31:43,069 [INFO]   S2 Ep  33/80  loss=1.1041 acc=69.7%  val=87.4%  lr=2.13e-05    66s
2026-03-19 01:32:49,072 [INFO]   S2 Ep  34/80  loss=1.1200 acc=69.2%  val=87.3%  lr=2.07e-05    66s
2026-03-19 01:33:55,018 [INFO]   S2 Ep  35/80  loss=1.1038 acc=69.5%  val=87.4%  lr=2.01e-05    66s
2026-03-19 01:35:00,994 [INFO]   S2 Ep  36/80  loss=1.0786 acc=71.1%  val=87.3%  lr=1.95e-05    66s
2026-03-19 01:36:06,889 [INFO]   S2 Ep  37/80  loss=1.0660 acc=71.6%  val=87.6%  lr=1.89e-05    66s
2026-03-19 01:37:12,851 [INFO]   S2 Ep  38/80  loss=1.0547 acc=72.6%  val=87.0%  lr=1.83e-05    66s
2026-03-19 01:38:18,837 [INFO]   S2 Ep  39/80  loss=1.0675 acc=71.8%  val=87.7%  lr=1.77e-05    66s
2026-03-19 01:38:18,972 [INFO]   ★ best 87.72%
2026-03-19 01:39:24,930 [INFO]   S2 Ep  40/80  loss=1.0556 acc=72.1%  val=87.7%  lr=1.70e-05    66s
2026-03-19 01:40:30,904 [INFO]   S2 Ep  41/80  loss=1.0549 acc=72.1%  val=88.0%  lr=1.64e-05    66s
2026-03-19 01:40:31,041 [INFO]   ★ best 88.03%
2026-03-19 01:41:36,977 [INFO]   S2 Ep  42/80  loss=1.0674 acc=71.7%  val=87.9%  lr=1.58e-05    66s
2026-03-19 01:42:42,939 [INFO]   S2 Ep  43/80  loss=1.0824 acc=71.1%  val=87.9%  lr=1.51e-05    66s
2026-03-19 01:43:49,016 [INFO]   S2 Ep  44/80  loss=1.0039 acc=74.5%  val=88.1%  lr=1.45e-05    66s
2026-03-19 01:43:49,153 [INFO]   ★ best 88.13%
2026-03-19 01:44:55,141 [INFO]   S2 Ep  45/80  loss=1.0327 acc=73.1%  val=87.9%  lr=1.38e-05    66s
2026-03-19 01:46:01,052 [INFO]   S2 Ep  46/80  loss=1.0334 acc=73.3%  val=88.3%  lr=1.32e-05    66s
2026-03-19 01:46:01,184 [INFO]   ★ best 88.30%
2026-03-19 01:47:07,090 [INFO]   S2 Ep  47/80  loss=1.0597 acc=71.3%  val=88.0%  lr=1.26e-05    66s
2026-03-19 01:48:13,015 [INFO]   S2 Ep  48/80  loss=1.0044 acc=74.2%  val=88.6%  lr=1.19e-05    66s
2026-03-19 01:48:13,149 [INFO]   ★ best 88.57%
2026-03-19 01:49:19,071 [INFO]   S2 Ep  49/80  loss=1.0244 acc=73.1%  val=88.3%  lr=1.13e-05    66s
2026-03-19 01:50:25,052 [INFO]   S2 Ep  50/80  loss=1.0529 acc=72.0%  val=88.4%  lr=1.07e-05    66s
2026-03-19 01:51:30,988 [INFO]   S2 Ep  51/80  loss=1.0437 acc=72.3%  val=88.9%  lr=1.01e-05    66s
2026-03-19 01:51:31,129 [INFO]   ★ best 88.91%
2026-03-19 01:52:37,061 [INFO]   S2 Ep  52/80  loss=1.0517 acc=71.8%  val=88.5%  lr=9.50e-06    66s
2026-03-19 01:53:42,986 [INFO]   S2 Ep  53/80  loss=1.0503 acc=71.4%  val=88.8%  lr=8.91e-06    66s
2026-03-19 01:54:48,981 [INFO]   S2 Ep  54/80  loss=1.0207 acc=72.9%  val=88.7%  lr=8.33e-06    66s
2026-03-19 01:55:54,956 [INFO]   S2 Ep  55/80  loss=1.0389 acc=72.2%  val=88.6%  lr=7.76e-06    66s
2026-03-19 01:57:00,890 [INFO]   S2 Ep  56/80  loss=1.0112 acc=73.8%  val=88.9%  lr=7.21e-06    66s
2026-03-19 01:57:01,027 [INFO]   ★ best 88.94%
2026-03-19 01:58:07,000 [INFO]   S2 Ep  57/80  loss=1.0177 acc=73.5%  val=88.7%  lr=6.67e-06    66s
2026-03-19 01:59:12,897 [INFO]   S2 Ep  58/80  loss=1.0273 acc=72.8%  val=89.1%  lr=6.14e-06    66s
2026-03-19 01:59:13,032 [INFO]   ★ best 89.08%
2026-03-19 02:00:18,981 [INFO]   S2 Ep  59/80  loss=1.0312 acc=72.3%  val=88.7%  lr=5.63e-06    66s
2026-03-19 02:01:24,927 [INFO]   S2 Ep  60/80  loss=1.0027 acc=73.6%  val=88.7%  lr=5.14e-06    66s
2026-03-19 02:02:30,894 [INFO]   S2 Ep  61/80  loss=1.0133 acc=73.2%  val=89.1%  lr=4.67e-06    66s
2026-03-19 02:03:36,861 [INFO]   S2 Ep  62/80  loss=1.0209 acc=73.1%  val=89.1%  lr=4.21e-06    66s
2026-03-19 02:03:36,993 [INFO]   ★ best 89.11%
2026-03-19 02:04:43,013 [INFO]   S2 Ep  63/80  loss=1.0134 acc=73.9%  val=88.8%  lr=3.78e-06    66s
2026-03-19 02:05:48,982 [INFO]   S2 Ep  64/80  loss=1.0136 acc=73.3%  val=88.8%  lr=3.36e-06    66s
2026-03-19 02:06:54,933 [INFO]   S2 Ep  65/80  loss=1.0484 acc=72.0%  val=89.2%  lr=2.97e-06    66s
2026-03-19 02:06:55,072 [INFO]   ★ best 89.21%
2026-03-19 02:08:01,003 [INFO]   S2 Ep  66/80  loss=1.0397 acc=72.0%  val=89.1%  lr=2.60e-06    66s
2026-03-19 02:09:06,929 [INFO]   S2 Ep  67/80  loss=1.0181 acc=73.4%  val=89.3%  lr=2.25e-06    66s
2026-03-19 02:09:07,060 [INFO]   ★ best 89.35%
2026-03-19 02:10:12,981 [INFO]   S2 Ep  68/80  loss=1.0012 acc=73.6%  val=89.5%  lr=1.93e-06    66s
2026-03-19 02:10:13,108 [INFO]   ★ best 89.52%
2026-03-19 02:11:19,058 [INFO]   S2 Ep  69/80  loss=1.0216 acc=72.6%  val=89.6%  lr=1.62e-06    66s
2026-03-19 02:11:19,189 [INFO]   ★ best 89.62%
2026-03-19 02:12:25,124 [INFO]   S2 Ep  70/80  loss=1.0190 acc=73.2%  val=89.6%  lr=1.35e-06    66s
2026-03-19 02:13:31,111 [INFO]   S2 Ep  71/80  loss=0.9998 acc=74.0%  val=89.3%  lr=1.09e-06    66s
2026-03-19 02:14:37,031 [INFO]   S2 Ep  72/80  loss=1.0084 acc=73.7%  val=89.4%  lr=8.67e-07    66s
2026-03-19 02:15:42,968 [INFO]   S2 Ep  73/80  loss=1.0142 acc=73.4%  val=89.7%  lr=6.65e-07    66s
2026-03-19 02:15:43,138 [INFO]   ★ best 89.65%
2026-03-19 02:16:49,115 [INFO]   S2 Ep  74/80  loss=0.9957 acc=73.8%  val=89.7%  lr=4.90e-07    66s
2026-03-19 02:16:49,255 [INFO]   ★ best 89.69%
2026-03-19 02:17:55,187 [INFO]   S2 Ep  75/80  loss=0.9962 acc=74.0%  val=89.8%  lr=3.41e-07    66s
2026-03-19 02:17:55,321 [INFO]   ★ best 89.76%
2026-03-19 02:19:01,272 [INFO]   S2 Ep  76/80  loss=1.0090 acc=73.2%  val=89.7%  lr=2.19e-07    66s
2026-03-19 02:20:07,165 [INFO]   S2 Ep  77/80  loss=1.0180 acc=72.8%  val=89.6%  lr=1.24e-07    66s
2026-03-19 02:21:13,216 [INFO]   S2 Ep  78/80  loss=1.0010 acc=73.9%  val=89.6%  lr=5.57e-08    66s
2026-03-19 02:22:19,162 [INFO]   S2 Ep  79/80  loss=1.0102 acc=73.8%  val=89.6%  lr=1.48e-08    66s
2026-03-19 02:23:25,118 [INFO]   S2 Ep  80/80  loss=1.0199 acc=73.2%  val=89.6%  lr=1.20e-09    66s
2026-03-19 02:23:25,119 [INFO] ── Stage 3: SWA (15 ep, lr=3.0e-06) ──
2026-03-19 02:24:31,162 [INFO]   SWA Ep  1/15  loss=1.0046  swa_val=89.0%  66s
2026-03-19 02:25:37,025 [INFO]   SWA Ep  2/15  loss=1.0138  swa_val=89.6%  66s
2026-03-19 02:26:42,908 [INFO]   SWA Ep  3/15  loss=0.9961  swa_val=90.0%  66s
2026-03-19 02:27:48,826 [INFO]   SWA Ep  4/15  loss=1.0377  swa_val=89.6%  66s
2026-03-19 02:28:54,775 [INFO]   SWA Ep  5/15  loss=1.0073  swa_val=89.5%  66s
2026-03-19 02:30:00,703 [INFO]   SWA Ep  6/15  loss=1.0253  swa_val=89.5%  66s
2026-03-19 02:31:06,591 [INFO]   SWA Ep  7/15  loss=1.0096  swa_val=89.6%  66s
2026-03-19 02:32:12,606 [INFO]   SWA Ep  8/15  loss=1.0158  swa_val=89.6%  66s
2026-03-19 02:33:18,566 [INFO]   SWA Ep  9/15  loss=1.0070  swa_val=89.7%  66s
2026-03-19 02:34:24,504 [INFO]   SWA Ep 10/15  loss=0.9989  swa_val=89.7%  66s
2026-03-19 02:35:30,419 [INFO]   SWA Ep 11/15  loss=1.0185  swa_val=89.7%  66s
2026-03-19 02:36:36,412 [INFO]   SWA Ep 12/15  loss=1.0072  swa_val=89.8%  66s
2026-03-19 02:37:42,321 [INFO]   SWA Ep 13/15  loss=1.0038  swa_val=89.8%  66s
2026-03-19 02:38:48,263 [INFO]   SWA Ep 14/15  loss=1.0013  swa_val=89.8%  66s
2026-03-19 02:39:54,249 [INFO]   SWA Ep 15/15  loss=1.0195  swa_val=89.8%  66s
2026-03-19 02:39:54,249 [INFO]   Updating BN stats for SWA model …
2026-03-19 02:39:58,270 [INFO]   SWA final: 89.82% (regular best: 89.76%)
2026-03-19 02:39:58,398 [INFO]   ★ SWA beats regular! 89.82%
2026-03-19 02:39:58,398 [INFO]   Fold 5 best: 89.82%
2026-03-19 02:40:00,118 [INFO] ================================================================
2026-03-19 02:40:00,118 [INFO] 5-FOLD CV
2026-03-19 02:40:00,118 [INFO] ================================================================
2026-03-19 02:40:00,118 [INFO]   Fold 1 : 88.44%
2026-03-19 02:40:00,118 [INFO]   Fold 2 : 87.93%
2026-03-19 02:40:00,118 [INFO]   Fold 3 : 90.06%
2026-03-19 02:40:00,118 [INFO]   Fold 4 : 88.77%
2026-03-19 02:40:00,118 [INFO]   Fold 5 : 89.82%
2026-03-19 02:40:00,118 [INFO]   Mean: 89.00% ± 0.82%
2026-03-19 02:51:50,973 [INFO] TTA changed 152 / 9828 (1.5%)
2026-03-19 02:51:50,981 [INFO] Done.
