2026-03-23 11:36:30,308 [INFO] GPU: NVIDIA H200
2026-03-23 11:36:30,309 [INFO] Config: {
  "data_dir": "/data/slr/track2_",
  "output_dir": "/data/slr/checkpoints_v76",
  "max_frames": 48,
  "img_size": 224,
  "n_classes": 126,
  "channel_means": [
    -64.3217,
    -62.9119,
    -63.9254
  ],
  "channel_stds": [
    12.5721,
    11.662,
    11.7259
  ],
  "n_folds": 5,
  "batch_size": 48,
  "num_workers": 2,
  "stage1_epochs": 5,
  "stage1_lr": 0.0002,
  "stage2_epochs": 150,
  "stage2_lr": 4e-05,
  "swa_epochs": 20,
  "swa_lr": 4e-06,
  "weight_decay": 0.05,
  "warmup_pct": 0.05,
  "label_smoothing": 0.1,
  "early_stopping_patience": 30,
  "grad_clip_norm": 1.0,
  "llrd_decay": 0.75,
  "mixup_alpha": 0.4,
  "cutmix_alpha": 1.0,
  "cutmix_prob": 0.5,
  "time_mask_max": 8,
  "range_mask_max": 30,
  "noise_std": 0.1,
  "time_warp_lo": 0.8,
  "time_warp_hi": 1.2,
  "time_reverse_prob": 0.5,
  "channel_shuffle_prob": 0.2,
  "channel_drop_prob": 0.1,
  "random_erase_prob": 0.2,
  "circ_shift_prob": 0.3,
  "circ_shift_max": 8,
  "amp_scale_prob": 0.5,
  "amp_scale_lo": 0.8,
  "amp_scale_hi": 1.2,
  "model_name": "convnextv2_tiny.fcmae_ft_in22k_in1k",
  "drop_path_rate": 0.2,
  "proj_dim": 512,
  "drop_rate": 0.3,
  "ms_dropout_samples": 5,
  "seed": 42
}
2026-03-23 11:36:30,309 [INFO] SELF-TRAINING pseudo-labels | Born-again v66 | Fold 0
2026-03-23 11:36:30,389 [INFO] Train: 14742 | Eval: 9828
2026-03-23 11:36:35,170 [INFO] ================================================================
2026-03-23 11:36:35,170 [INFO] FOLD 0 — SELF-TRAINING, born-again v66
2026-03-23 11:36:35,170 [INFO] ================================================================
2026-03-23 11:36:35,172 [INFO]   Train (labeled): 11793 | Val: 2949
2026-03-23 11:36:35,206 [INFO]   Pseudo-labels (>0.85): 8406 / 9828 eval samples added
2026-03-23 11:36:35,207 [INFO]   Total train: 20199
2026-03-23 11:36:35,436 [INFO] Loading pretrained weights from Hugging Face hub (timm/convnextv2_tiny.fcmae_ft_in22k_in1k)
2026-03-23 11:36:40,497 [INFO] HTTP Request: HEAD https://huggingface.co/timm/convnextv2_tiny.fcmae_ft_in22k_in1k/resolve/main/model.safetensors "HTTP/1.1 302 Found"
2026-03-23 11:36:40,498 [INFO] [timm/convnextv2_tiny.fcmae_ft_in22k_in1k] Safe alternative available for 'pytorch_model.bin' (as 'model.safetensors'). Loading weights using safetensors.
2026-03-23 11:36:40,515 [INFO] Missing keys (head.fc.weight, head.fc.bias) discovered while loading pretrained weights. This is expected if model is being adapted.
2026-03-23 11:36:40,917 [INFO]   Born-again ← best_fold0.pt (val 90.84%)
2026-03-23 11:36:40,918 [INFO] ── Stage 1: head warmup (5 ep) ──
2026-03-23 11:37:22,107 [INFO]   S1 Ep 1/5  loss=0.8959 acc=97.4%  val=90.6%  41s
2026-03-23 11:37:22,243 [INFO]   ★ best 90.64%
2026-03-23 11:37:45,500 [INFO]   S1 Ep 2/5  loss=0.9001 acc=97.3%  val=90.5%  23s
2026-03-23 11:38:08,283 [INFO]   S1 Ep 3/5  loss=0.8996 acc=97.3%  val=90.7%  23s
2026-03-23 11:38:08,461 [INFO]   ★ best 90.67%
2026-03-23 11:38:31,428 [INFO]   S1 Ep 4/5  loss=0.8915 acc=97.5%  val=90.7%  23s
2026-03-23 11:38:54,588 [INFO]   S1 Ep 5/5  loss=0.8857 acc=97.7%  val=90.6%  23s
2026-03-23 11:38:54,588 [INFO] ── Stage 2: full fine-tune (150 ep, patience 30) ──
2026-03-23 11:38:54,589 [INFO] LLRD: 12 groups, LR [9.49e-06 … 4.00e-05]
2026-03-23 11:39:30,165 [INFO]   S2 Ep   1/150  loss=1.8764 acc=71.8%  val=90.6%  lr=3.26e-06    36s
2026-03-23 11:39:55,323 [INFO]   S2 Ep   2/150  loss=1.8698 acc=71.1%  val=90.2%  lr=7.96e-06    25s
2026-03-23 11:40:20,175 [INFO]   S2 Ep   3/150  loss=1.8977 acc=70.7%  val=90.2%  lr=1.49e-05    25s
2026-03-23 11:40:45,453 [INFO]   S2 Ep   4/150  loss=1.8046 acc=73.3%  val=90.4%  lr=2.28e-05    25s
2026-03-23 11:41:10,484 [INFO]   S2 Ep   5/150  loss=1.8805 acc=71.2%  val=90.1%  lr=3.04e-05    25s
2026-03-23 11:41:35,411 [INFO]   S2 Ep   6/150  loss=1.8923 acc=70.2%  val=89.2%  lr=3.63e-05    25s
2026-03-23 11:42:00,337 [INFO]   S2 Ep   7/150  loss=1.9188 acc=70.0%  val=89.1%  lr=3.96e-05    25s
2026-03-23 11:42:25,045 [INFO]   S2 Ep   8/150  loss=1.8676 acc=71.6%  val=89.0%  lr=4.00e-05    25s
2026-03-23 11:42:49,940 [INFO]   S2 Ep   9/150  loss=1.9259 acc=70.0%  val=88.9%  lr=4.00e-05    25s
2026-03-23 11:43:14,691 [INFO]   S2 Ep  10/150  loss=1.8858 acc=70.4%  val=88.8%  lr=4.00e-05    25s
2026-03-23 11:43:39,524 [INFO]   S2 Ep  11/150  loss=1.9161 acc=69.3%  val=89.4%  lr=3.99e-05    25s
2026-03-23 11:44:04,585 [INFO]   S2 Ep  12/150  loss=1.9038 acc=70.2%  val=89.8%  lr=3.99e-05    25s
2026-03-23 11:44:29,383 [INFO]   S2 Ep  13/150  loss=1.8826 acc=71.3%  val=89.0%  lr=3.99e-05    25s
2026-03-23 11:44:54,240 [INFO]   S2 Ep  14/150  loss=1.8889 acc=70.3%  val=89.5%  lr=3.98e-05    25s
2026-03-23 11:45:19,146 [INFO]   S2 Ep  15/150  loss=1.8826 acc=71.5%  val=89.1%  lr=3.97e-05    25s
2026-03-23 11:45:43,980 [INFO]   S2 Ep  16/150  loss=1.8359 acc=71.9%  val=89.8%  lr=3.96e-05    25s
2026-03-23 11:46:08,825 [INFO]   S2 Ep  17/150  loss=1.8958 acc=69.8%  val=89.6%  lr=3.96e-05    25s
2026-03-23 11:46:33,766 [INFO]   S2 Ep  18/150  loss=1.8594 acc=71.3%  val=89.3%  lr=3.95e-05    25s
2026-03-23 11:46:58,563 [INFO]   S2 Ep  19/150  loss=1.8364 acc=72.4%  val=88.9%  lr=3.94e-05    25s
2026-03-23 11:47:23,450 [INFO]   S2 Ep  20/150  loss=1.9132 acc=69.7%  val=88.8%  lr=3.92e-05    25s
2026-03-23 11:47:48,242 [INFO]   S2 Ep  21/150  loss=1.8888 acc=70.7%  val=89.3%  lr=3.91e-05    25s
2026-03-23 11:48:13,327 [INFO]   S2 Ep  22/150  loss=1.8581 acc=72.0%  val=89.4%  lr=3.90e-05    25s
2026-03-23 11:48:38,263 [INFO]   S2 Ep  23/150  loss=1.8321 acc=72.1%  val=88.9%  lr=3.88e-05    25s
2026-03-23 11:49:03,102 [INFO]   S2 Ep  24/150  loss=1.8574 acc=71.3%  val=88.9%  lr=3.87e-05    25s
2026-03-23 11:49:28,174 [INFO]   S2 Ep  25/150  loss=1.8350 acc=71.2%  val=88.6%  lr=3.85e-05    25s
2026-03-23 11:49:53,143 [INFO]   S2 Ep  26/150  loss=1.8577 acc=71.8%  val=89.6%  lr=3.84e-05    25s
2026-03-23 11:50:18,354 [INFO]   S2 Ep  27/150  loss=1.8468 acc=71.3%  val=89.7%  lr=3.82e-05    25s
2026-03-23 11:50:43,759 [INFO]   S2 Ep  28/150  loss=1.8247 acc=72.5%  val=88.8%  lr=3.80e-05    25s
2026-03-23 11:51:08,579 [INFO]   S2 Ep  29/150  loss=1.9323 acc=68.7%  val=89.1%  lr=3.78e-05    25s
2026-03-23 11:51:33,325 [INFO]   S2 Ep  30/150  loss=1.8094 acc=73.4%  val=88.9%  lr=3.76e-05    25s
2026-03-23 11:51:33,338 [INFO]   Early stop at ep 30
2026-03-23 11:51:33,339 [INFO] ── Stage 3: SWA (20 ep, lr=4.0e-06) ──
2026-03-23 11:51:58,711 [INFO]   SWA Ep  1/20  loss=1.8748  swa_val=90.5%  25s
2026-03-23 11:52:23,478 [INFO]   SWA Ep  2/20  loss=1.8624  swa_val=90.5%  25s
2026-03-23 11:52:47,791 [INFO]   SWA Ep  3/20  loss=1.8256  swa_val=90.6%  24s
2026-03-23 11:53:12,107 [INFO]   SWA Ep  4/20  loss=1.8259  swa_val=90.7%  24s
2026-03-23 11:53:36,408 [INFO]   SWA Ep  5/20  loss=1.8544  swa_val=90.7%  24s
2026-03-23 11:54:00,554 [INFO]   SWA Ep  6/20  loss=1.8625  swa_val=90.7%  24s
2026-03-23 11:54:24,956 [INFO]   SWA Ep  7/20  loss=1.8681  swa_val=90.7%  24s
2026-03-23 11:54:49,361 [INFO]   SWA Ep  8/20  loss=1.8218  swa_val=90.5%  24s
2026-03-23 11:55:13,807 [INFO]   SWA Ep  9/20  loss=1.8879  swa_val=90.5%  24s
2026-03-23 11:55:38,311 [INFO]   SWA Ep 10/20  loss=1.8193  swa_val=90.6%  25s
2026-03-23 11:56:02,665 [INFO]   SWA Ep 11/20  loss=1.8353  swa_val=90.5%  24s
2026-03-23 11:56:27,888 [INFO]   SWA Ep 12/20  loss=1.8651  swa_val=90.5%  25s
2026-03-23 11:56:52,260 [INFO]   SWA Ep 13/20  loss=1.8257  swa_val=90.4%  24s
2026-03-23 11:57:16,530 [INFO]   SWA Ep 14/20  loss=1.8333  swa_val=90.6%  24s
2026-03-23 11:57:40,665 [INFO]   SWA Ep 15/20  loss=1.8442  swa_val=90.6%  24s
2026-03-23 11:58:04,871 [INFO]   SWA Ep 16/20  loss=1.8776  swa_val=90.6%  24s
2026-03-23 11:58:29,348 [INFO]   SWA Ep 17/20  loss=1.8369  swa_val=90.6%  24s
2026-03-23 11:58:53,991 [INFO]   SWA Ep 18/20  loss=1.8426  swa_val=90.6%  25s
2026-03-23 11:59:18,326 [INFO]   SWA Ep 19/20  loss=1.8308  swa_val=90.6%  24s
2026-03-23 11:59:42,744 [INFO]   SWA Ep 20/20  loss=1.8442  swa_val=90.6%  24s
2026-03-23 11:59:44,661 [INFO]   SWA final: 90.61% (regular best: 90.67%)
2026-03-23 11:59:44,662 [INFO]   Fold 0 best: 90.67%
2026-03-23 12:00:22,914 [INFO] TTA changed 132 / 9828 (1.3%)
2026-03-23 12:00:22,930 [INFO] Done.
